Namespace(batch_size=64, beta_moco=0.1, gamma_moco=0.1, gamma_modo=0.005, lr=0.1, moo_method='MoDo', num_epochs=1000, rho_moco=0.0, rho_modo=0.0, seed=8)

==================================================
Model parameter count per layer
==================================================
fc1.weight 	: 401408
fc1.bias 	: 512
fc2.weight 	: 5120
fc2.bias 	: 10
Total number of parametrs : 407050
--------------------------------------------------

======================================================================
LOG FORMAT: Epoch: EPOCH | Train: LOSS1 LOSS2 LOSS3
======================================================================
Epoch:      0 | Train: 2.3867 0.0917 0.0459
Epoch:    100 | Train: 0.4733 0.0201 0.01
Epoch:    200 | Train: 0.5759 0.0232 0.0116
Epoch:    300 | Train: 0.2814 0.0122 0.0061
Epoch:    400 | Train: 0.7037 0.026 0.013
Epoch:    500 | Train: 0.4479 0.0191 0.0095
Epoch:    600 | Train: 0.3217 0.0138 0.0069
Epoch:    700 | Train: 0.2105 0.0114 0.0057
Epoch:    800 | Train: 0.2201 0.0089 0.0044
Epoch:    900 | Train: 0.4009 0.0183 0.0092
Epoch:    999 | Train: 0.4799 0.0179 0.009

======================================================================
PERF FORMAT: DATASET | Acuracy: ACC | Loss: LOSS1 LOSS2 LOSS3 | PS: PS
======================================================================
Train | Acuracy:  91.00% | Loss: 0.32299 0.01382 0.00691 | PS: 0.0037 
Val   | Acuracy:  90.69% | Loss: 0.34459 0.01451 0.00725 | PS: 0.0039 
Test  | Acuracy:  91.45% | Loss: 0.31475 0.01331 0.00665 | PS: 0.00583 
----------------------------------------------------------------------
Optimization error  : 0.0037
Population error    : 0.00583
Generalization error: 0.00213
