Namespace(batch_size=64, beta_moco=0.1, gamma_moco=0.1, gamma_modo=0.005, lr=0.1, moo_method='MoDo', num_epochs=1000, rho_moco=0.0, rho_modo=0.0, seed=5)

==================================================
Model parameter count per layer
==================================================
fc1.weight 	: 401408
fc1.bias 	: 512
fc2.weight 	: 5120
fc2.bias 	: 10
Total number of parametrs : 407050
--------------------------------------------------

======================================================================
LOG FORMAT: Epoch: EPOCH | Train: LOSS1 LOSS2 LOSS3
======================================================================
Epoch:      0 | Train: 2.2981 0.09 0.045
Epoch:    100 | Train: 0.6408 0.0281 0.0141
Epoch:    200 | Train: 0.5153 0.0233 0.0116
Epoch:    300 | Train: 0.5046 0.0212 0.0106
Epoch:    400 | Train: 0.3011 0.0137 0.0068
Epoch:    500 | Train: 0.2246 0.0111 0.0055
Epoch:    600 | Train: 0.3339 0.015 0.0075
Epoch:    700 | Train: 0.3043 0.0142 0.0071
Epoch:    800 | Train: 0.2049 0.0097 0.0049
Epoch:    900 | Train: 0.3604 0.0148 0.0074
Epoch:    999 | Train: 0.3665 0.019 0.0095

======================================================================
PERF FORMAT: DATASET | Acuracy: ACC | Loss: LOSS1 LOSS2 LOSS3 | PS: PS
======================================================================
Train | Acuracy:  90.92% | Loss: 0.32165 0.01382 0.00691 | PS: 0.00432 
Val   | Acuracy:  90.18% | Loss: 0.35028 0.01509 0.00755 | PS: 0.0047 
Test  | Acuracy:  91.21% | Loss: 0.31266 0.01336 0.00668 | PS: 0.00484 
----------------------------------------------------------------------
Optimization error  : 0.00432
Population error    : 0.00484
Generalization error: 0.00052
