Namespace(batch_size=64, beta_moco=0.1, gamma_moco=0.1, gamma_modo=0.1, lr=0.1, moo_method='MoDo', num_epochs=1000, rho_moco=0.0, rho_modo=0.0, seed=7)

==================================================
Model parameter count per layer
==================================================
fc1.weight 	: 401408
fc1.bias 	: 512
fc2.weight 	: 5120
fc2.bias 	: 10
Total number of parametrs : 407050
--------------------------------------------------

======================================================================
LOG FORMAT: Epoch: EPOCH | Train: LOSS1 LOSS2 LOSS3
======================================================================
Epoch:      0 | Train: 2.3284 0.0905 0.0453
Epoch:    100 | Train: 1.6534 0.0709 0.0355
Epoch:    200 | Train: 1.3796 0.0598 0.0299
Epoch:    300 | Train: 1.1557 0.0497 0.0249
Epoch:    400 | Train: 1.0646 0.0471 0.0235
Epoch:    500 | Train: 0.6095 0.0256 0.0128
Epoch:    600 | Train: 0.7197 0.0303 0.0151
Epoch:    700 | Train: 0.6202 0.0263 0.0131
Epoch:    800 | Train: 0.6394 0.0275 0.0137
Epoch:    900 | Train: 0.4869 0.0199 0.01
Epoch:    999 | Train: 0.6512 0.0291 0.0146

======================================================================
PERF FORMAT: DATASET | Acuracy: ACC | Loss: LOSS1 LOSS2 LOSS3 | PS: PS
======================================================================
Train | Acuracy:  86.62% | Loss: 0.57192 0.02433 0.01217 | PS: 0.0072 
Val   | Acuracy:  86.92% | Loss: 0.56606 0.02405 0.01203 | PS: 0.00808 
Test  | Acuracy:  87.75% | Loss: 0.5451 0.02307 0.01154 | PS: 0.00858 
----------------------------------------------------------------------
Optimization error  : 0.0072
Population error    : 0.00858
Generalization error: 0.00138
