Namespace(batch_size=64, beta_moco=0.1, gamma_moco=0.1, gamma_modo=0.005, lr=0.1, moo_method='MoDo', num_epochs=1000, rho_moco=0.0, rho_modo=0.0, seed=6)

==================================================
Model parameter count per layer
==================================================
fc1.weight 	: 401408
fc1.bias 	: 512
fc2.weight 	: 5120
fc2.bias 	: 10
Total number of parametrs : 407050
--------------------------------------------------

======================================================================
LOG FORMAT: Epoch: EPOCH | Train: LOSS1 LOSS2 LOSS3
======================================================================
Epoch:      0 | Train: 2.3515 0.091 0.0455
Epoch:    100 | Train: 0.5926 0.0251 0.0126
Epoch:    200 | Train: 0.3552 0.0155 0.0078
Epoch:    300 | Train: 0.4624 0.0232 0.0116
Epoch:    400 | Train: 0.6038 0.0212 0.0106
Epoch:    500 | Train: 0.3619 0.0148 0.0074
Epoch:    600 | Train: 0.3852 0.0169 0.0084
Epoch:    700 | Train: 0.3634 0.017 0.0085
Epoch:    800 | Train: 0.1777 0.0086 0.0043
Epoch:    900 | Train: 0.5559 0.0213 0.0106
Epoch:    999 | Train: 0.6507 0.0278 0.0139

======================================================================
PERF FORMAT: DATASET | Acuracy: ACC | Loss: LOSS1 LOSS2 LOSS3 | PS: PS
======================================================================
Train | Acuracy:  90.90% | Loss: 0.32732 0.01405 0.00703 | PS: 0.00562 
Val   | Acuracy:  90.37% | Loss: 0.33346 0.01449 0.00725 | PS: 0.00661 
Test  | Acuracy:  91.29% | Loss: 0.31499 0.01348 0.00674 | PS: 0.00666 
----------------------------------------------------------------------
Optimization error  : 0.00562
Population error    : 0.00666
Generalization error: 0.00104
