Namespace(batch_size=64, beta_moco=0.1, gamma_moco=0.1, gamma_modo=1.0, lr=0.1, moo_method='MoDo', num_epochs=1000, rho_moco=0.0, rho_modo=0.0, seed=1)

==================================================
Model parameter count per layer
==================================================
fc1.weight 	: 401408
fc1.bias 	: 512
fc2.weight 	: 5120
fc2.bias 	: 10
Total number of parametrs : 407050
--------------------------------------------------

======================================================================
LOG FORMAT: Epoch: EPOCH | Train: LOSS1 LOSS2 LOSS3
======================================================================
Epoch:      0 | Train: 2.3314 0.0906 0.0453
Epoch:    100 | Train: 1.9734 0.0819 0.0409
Epoch:    200 | Train: 1.4582 0.0633 0.0317
Epoch:    300 | Train: 1.388 0.0593 0.0296
Epoch:    400 | Train: 1.1836 0.0507 0.0253
Epoch:    500 | Train: 1.0112 0.0439 0.022
Epoch:    600 | Train: 0.9809 0.0434 0.0217
Epoch:    700 | Train: 0.8205 0.0353 0.0176
Epoch:    800 | Train: 0.6707 0.0276 0.0138
Epoch:    900 | Train: 0.549 0.0241 0.0121
Epoch:    999 | Train: 0.5852 0.0254 0.0127

======================================================================
PERF FORMAT: DATASET | Acuracy: ACC | Loss: LOSS1 LOSS2 LOSS3 | PS: PS
======================================================================
Train | Acuracy:  85.89% | Loss: 0.60033 0.02581 0.0129 | PS: 0.00741 
Val   | Acuracy:  85.75% | Loss: 0.59982 0.02586 0.01293 | PS: 0.00783 
Test  | Acuracy:  86.90% | Loss: 0.57612 0.02468 0.01234 | PS: 0.00812 
----------------------------------------------------------------------
Optimization error  : 0.00741
Population error    : 0.00812
Generalization error: 0.00072
