Namespace(batch_size=64, beta_moco=0.1, gamma_moco=0.1, gamma_modo=1.0, lr=0.1, moo_method='MoDo', num_epochs=1000, rho_moco=0.0, rho_modo=0.0, seed=5)

==================================================
Model parameter count per layer
==================================================
fc1.weight 	: 401408
fc1.bias 	: 512
fc2.weight 	: 5120
fc2.bias 	: 10
Total number of parametrs : 407050
--------------------------------------------------

======================================================================
LOG FORMAT: Epoch: EPOCH | Train: LOSS1 LOSS2 LOSS3
======================================================================
Epoch:      0 | Train: 2.2981 0.09 0.045
Epoch:    100 | Train: 1.9636 0.081 0.0405
Epoch:    200 | Train: 1.71 0.0716 0.0358
Epoch:    300 | Train: 1.3708 0.0592 0.0296
Epoch:    400 | Train: 1.0651 0.0463 0.0232
Epoch:    500 | Train: 0.8432 0.0369 0.0184
Epoch:    600 | Train: 0.8248 0.0368 0.0184
Epoch:    700 | Train: 0.6259 0.0269 0.0135
Epoch:    800 | Train: 0.5953 0.0261 0.013
Epoch:    900 | Train: 0.6275 0.0256 0.0128
Epoch:    999 | Train: 0.614 0.0274 0.0137

======================================================================
PERF FORMAT: DATASET | Acuracy: ACC | Loss: LOSS1 LOSS2 LOSS3 | PS: PS
======================================================================
Train | Acuracy:  86.29% | Loss: 0.58179 0.0249 0.01245 | PS: 0.00721 
Val   | Acuracy:  85.77% | Loss: 0.59449 0.02553 0.01277 | PS: 0.00719 
Test  | Acuracy:  87.40% | Loss: 0.55902 0.02383 0.01191 | PS: 0.00759 
----------------------------------------------------------------------
Optimization error  : 0.00721
Population error    : 0.00759
Generalization error: 0.00038
