Namespace(batch_size=64, beta_moco=0.1, gamma_moco=0.1, gamma_modo=0.1, lr=0.1, moo_method='MoDo', num_epochs=1000, rho_moco=0.0, rho_modo=0.0, seed=2)

==================================================
Model parameter count per layer
==================================================
fc1.weight 	: 401408
fc1.bias 	: 512
fc2.weight 	: 5120
fc2.bias 	: 10
Total number of parametrs : 407050
--------------------------------------------------

======================================================================
LOG FORMAT: Epoch: EPOCH | Train: LOSS1 LOSS2 LOSS3
======================================================================
Epoch:      0 | Train: 2.2467 0.0888 0.0444
Epoch:    100 | Train: 1.6174 0.0699 0.0349
Epoch:    200 | Train: 1.3191 0.0571 0.0286
Epoch:    300 | Train: 1.1641 0.0496 0.0248
Epoch:    400 | Train: 1.0722 0.0463 0.0232
Epoch:    500 | Train: 0.8549 0.0372 0.0186
Epoch:    600 | Train: 0.7266 0.0307 0.0153
Epoch:    700 | Train: 0.6245 0.0273 0.0137
Epoch:    800 | Train: 0.6617 0.0277 0.0138
Epoch:    900 | Train: 0.5271 0.0199 0.0099
Epoch:    999 | Train: 0.5328 0.0225 0.0112

======================================================================
PERF FORMAT: DATASET | Acuracy: ACC | Loss: LOSS1 LOSS2 LOSS3 | PS: PS
======================================================================
Train | Acuracy:  86.53% | Loss: 0.56609 0.02414 0.01207 | PS: 0.00683 
Val   | Acuracy:  86.17% | Loss: 0.56899 0.02425 0.01212 | PS: 0.00737 
Test  | Acuracy:  87.68% | Loss: 0.54277 0.02302 0.01151 | PS: 0.00807 
----------------------------------------------------------------------
Optimization error  : 0.00683
Population error    : 0.00807
Generalization error: 0.00124
