Namespace(batch_size=64, beta_moco=0.1, gamma_moco=0.1, gamma_modo=0.5, lr=0.1, moo_method='MoDo', num_epochs=1000, rho_moco=0.0, rho_modo=0.0, seed=2)

==================================================
Model parameter count per layer
==================================================
fc1.weight 	: 401408
fc1.bias 	: 512
fc2.weight 	: 5120
fc2.bias 	: 10
Total number of parametrs : 407050
--------------------------------------------------

======================================================================
LOG FORMAT: Epoch: EPOCH | Train: LOSS1 LOSS2 LOSS3
======================================================================
Epoch:      0 | Train: 2.2467 0.0888 0.0444
Epoch:    100 | Train: 1.941 0.0809 0.0404
Epoch:    200 | Train: 1.5507 0.0667 0.0334
Epoch:    300 | Train: 1.3199 0.0561 0.0281
Epoch:    400 | Train: 1.2346 0.0513 0.0257
Epoch:    500 | Train: 0.9664 0.0415 0.0208
Epoch:    600 | Train: 0.7824 0.0331 0.0165
Epoch:    700 | Train: 0.6781 0.0298 0.0149
Epoch:    800 | Train: 0.6994 0.0297 0.0148
Epoch:    900 | Train: 0.5389 0.0206 0.0103
Epoch:    999 | Train: 0.5421 0.023 0.0115

======================================================================
PERF FORMAT: DATASET | Acuracy: ACC | Loss: LOSS1 LOSS2 LOSS3 | PS: PS
======================================================================
Train | Acuracy:  86.34% | Loss: 0.57401 0.02461 0.01231 | PS: 0.00714 
Val   | Acuracy:  85.97% | Loss: 0.57739 0.02473 0.01237 | PS: 0.00765 
Test  | Acuracy:  87.39% | Loss: 0.55089 0.0235 0.01175 | PS: 0.0084 
----------------------------------------------------------------------
Optimization error  : 0.00714
Population error    : 0.0084
Generalization error: 0.00126
