Namespace(batch_size=64, beta_moco=0.1, gamma_moco=0.1, gamma_modo=0.01, lr=1.25, moo_method='MoDo', num_epochs=1000, rho_moco=0.0, rho_modo=0.0, seed=4)

==================================================
Model parameter count per layer
==================================================
fc1.weight 	: 401408
fc1.bias 	: 512
fc2.weight 	: 5120
fc2.bias 	: 10
Total number of parametrs : 407050
--------------------------------------------------

==================================================
LOG FORMAT: Epoch: EPOCH | Descent Error: DESC ERROR
==================================================
Epoch:      0 | Descent Error: 0.5313479304
Epoch:     50 | Descent Error: 0.3045484014
Epoch:    100 | Descent Error: 0.2156939184
Epoch:    150 | Descent Error: 0.1681175493
Epoch:    200 | Descent Error: 0.1381518967
Epoch:    250 | Descent Error: 0.1182296866
Epoch:    300 | Descent Error: 0.1051392859
Epoch:    350 | Descent Error: 0.0947212917
Epoch:    400 | Descent Error: 0.0868377371
Epoch:    450 | Descent Error: 0.0801877603
Epoch:    500 | Descent Error: 0.074846172
Epoch:    550 | Descent Error: 0.069570974
Epoch:    600 | Descent Error: 0.0653017468
Epoch:    650 | Descent Error: 0.0616150087
Epoch:    700 | Descent Error: 0.0590459182
Epoch:    750 | Descent Error: 0.0561241285
Epoch:    800 | Descent Error: 0.0532517359
Epoch:    850 | Descent Error: 0.0510036964
Epoch:    900 | Descent Error: 0.0488008328
Epoch:    950 | Descent Error: 0.0468009749
Epoch:  1,000 | Descent Error: 0.04484

====================================================================================================
PERF FORMAT: DATASET | Acuracy: ACC | Loss: LOSS1 LOSS2 LOSS3 | PS: PS
====================================================================================================
Train | Acuracy:  92.14% | Loss: 0.3001 0.01218 0.00194 | PS: 0.00147 
Val   | Acuracy:  91.26% | Loss: 0.32713 0.01336 0.00207 | PS: 0.00139 
Test  | Acuracy:  92.08% | Loss: 0.30207 0.01219 0.00192 | PS: 0.00181 
----------------------------------------------------------------------------------------------------
Optimization error  : 0.00147
Population error    : 0.00181
Generalization error: 0.00034
