Namespace(batch_size=64, beta_moco=0.1, gamma_moco=0.1, gamma_modo=0.01, lr=1.0, moo_method='MoDo', num_epochs=1000, rho_moco=0.0, rho_modo=0.0, seed=7)

==================================================
Model parameter count per layer
==================================================
fc1.weight 	: 401408
fc1.bias 	: 512
fc2.weight 	: 5120
fc2.bias 	: 10
Total number of parametrs : 407050
--------------------------------------------------

==================================================
LOG FORMAT: Epoch: EPOCH | Descent Error: DESC ERROR
==================================================
Epoch:      0 | Descent Error: 0.5504383445
Epoch:     50 | Descent Error: 0.3242080882
Epoch:    100 | Descent Error: 0.2370957757
Epoch:    150 | Descent Error: 0.1897248253
Epoch:    200 | Descent Error: 0.1616599813
Epoch:    250 | Descent Error: 0.1412287969
Epoch:    300 | Descent Error: 0.126049467
Epoch:    350 | Descent Error: 0.1159321265
Epoch:    400 | Descent Error: 0.1051858419
Epoch:    450 | Descent Error: 0.0981049478
Epoch:    500 | Descent Error: 0.091314893
Epoch:    550 | Descent Error: 0.084905986
Epoch:    600 | Descent Error: 0.081169937
Epoch:    650 | Descent Error: 0.0775850395
Epoch:    700 | Descent Error: 0.0740225531
Epoch:    750 | Descent Error: 0.0704611905
Epoch:    800 | Descent Error: 0.0672007141
Epoch:    850 | Descent Error: 0.0642727648
Epoch:    900 | Descent Error: 0.0615079169
Epoch:    950 | Descent Error: 0.0591289371
Epoch:  1,000 | Descent Error: 0.05705

====================================================================================================
PERF FORMAT: DATASET | Acuracy: ACC | Loss: LOSS1 LOSS2 LOSS3 | PS: PS
====================================================================================================
Train | Acuracy:  91.69% | Loss: 0.3041 0.01274 0.00204 | PS: 0.00235 
Val   | Acuracy:  91.34% | Loss: 0.31642 0.01322 0.0021 | PS: 0.00239 
Test  | Acuracy:  92.04% | Loss: 0.29865 0.01236 0.00197 | PS: 0.00197 
----------------------------------------------------------------------------------------------------
Optimization error  : 0.00235
Population error    : 0.00197
Generalization error: -0.00038
