Namespace(batch_size=64, beta_moco=0.1, gamma_moco=0.1, gamma_modo=0.01, lr=0.5, moo_method='MoDo', num_epochs=1000, rho_moco=0.0, rho_modo=0.0, seed=4)

==================================================
Model parameter count per layer
==================================================
fc1.weight 	: 401408
fc1.bias 	: 512
fc2.weight 	: 5120
fc2.bias 	: 10
Total number of parametrs : 407050
--------------------------------------------------

==================================================
LOG FORMAT: Epoch: EPOCH | Descent Error: DESC ERROR
==================================================
Epoch:      0 | Descent Error: 0.5313479304
Epoch:     50 | Descent Error: 0.3931479454
Epoch:    100 | Descent Error: 0.3015453095
Epoch:    150 | Descent Error: 0.2480497826
Epoch:    200 | Descent Error: 0.2110324278
Epoch:    250 | Descent Error: 0.1849666865
Epoch:    300 | Descent Error: 0.1693586393
Epoch:    350 | Descent Error: 0.1568689062
Epoch:    400 | Descent Error: 0.1471316148
Epoch:    450 | Descent Error: 0.1376051273
Epoch:    500 | Descent Error: 0.1314566173
Epoch:    550 | Descent Error: 0.1241989331
Epoch:    600 | Descent Error: 0.117515905
Epoch:    650 | Descent Error: 0.111787077
Epoch:    700 | Descent Error: 0.1085625003
Epoch:    750 | Descent Error: 0.1038301217
Epoch:    800 | Descent Error: 0.0989457129
Epoch:    850 | Descent Error: 0.095434406
Epoch:    900 | Descent Error: 0.0918796964
Epoch:    950 | Descent Error: 0.0885619429
Epoch:  1,000 | Descent Error: 0.08525

====================================================================================================
PERF FORMAT: DATASET | Acuracy: ACC | Loss: LOSS1 LOSS2 LOSS3 | PS: PS
====================================================================================================
Train | Acuracy:  92.08% | Loss: 0.29311 0.01234 0.002 | PS: 0.00154 
Val   | Acuracy:  91.15% | Loss: 0.32157 0.01349 0.00213 | PS: 0.00147 
Test  | Acuracy:  91.94% | Loss: 0.29698 0.0124 0.00199 | PS: 0.0019 
----------------------------------------------------------------------------------------------------
Optimization error  : 0.00154
Population error    : 0.0019
Generalization error: 0.00036
