Namespace(batch_size=64, beta_moco=0.1, gamma_moco=0.1, gamma_modo=0.01, lr=0.0075, moo_method='MoDo', num_epochs=1000, rho_moco=0.0, rho_modo=0.0, seed=5)

==================================================
Model parameter count per layer
==================================================
fc1.weight 	: 401408
fc1.bias 	: 512
fc2.weight 	: 5120
fc2.bias 	: 10
Total number of parametrs : 407050
--------------------------------------------------

==================================================
LOG FORMAT: Epoch: EPOCH | Descent Error: DESC ERROR
==================================================
Epoch:      0 | Descent Error: 0.525231719
Epoch:     50 | Descent Error: 0.3781775385
Epoch:    100 | Descent Error: 0.2903508271
Epoch:    150 | Descent Error: 0.232491808
Epoch:    200 | Descent Error: 0.1923397802
Epoch:    250 | Descent Error: 0.1633168897
Epoch:    300 | Descent Error: 0.1426010872
Epoch:    350 | Descent Error: 0.1270814282
Epoch:    400 | Descent Error: 0.1150137236
Epoch:    450 | Descent Error: 0.1053674297
Epoch:    500 | Descent Error: 0.0974808239
Epoch:    550 | Descent Error: 0.0909128934
Epoch:    600 | Descent Error: 0.0853580337
Epoch:    650 | Descent Error: 0.0805996196
Epoch:    700 | Descent Error: 0.0764774113
Epoch:    750 | Descent Error: 0.0728734966
Epoch:    800 | Descent Error: 0.0696953759
Epoch:    850 | Descent Error: 0.0668714065
Epoch:    900 | Descent Error: 0.0643451899
Epoch:    950 | Descent Error: 0.0620722109
Epoch:  1,000 | Descent Error: 0.06002

====================================================================================================
PERF FORMAT: DATASET | Acuracy: ACC | Loss: LOSS1 LOSS2 LOSS3 | PS: PS
====================================================================================================
Train | Acuracy:  61.90% | Loss: 1.78121 0.07556 0.01159 | PS: 0.00473 
Val   | Acuracy:  61.80% | Loss: 1.785 0.07568 0.0116 | PS: 0.00467 
Test  | Acuracy:  62.86% | Loss: 1.77477 0.07541 0.01158 | PS: 0.0048 
----------------------------------------------------------------------------------------------------
Optimization error  : 0.00473
Population error    : 0.0048
Generalization error: 6e-05
