Namespace(batch_size=64, beta_moco=0.1, gamma_moco=0.1, gamma_modo=0.01, lr=0.025, moo_method='MoDo', num_epochs=1000, rho_moco=0.0, rho_modo=0.0, seed=7)

==================================================
Model parameter count per layer
==================================================
fc1.weight 	: 401408
fc1.bias 	: 512
fc2.weight 	: 5120
fc2.bias 	: 10
Total number of parametrs : 407050
--------------------------------------------------

==================================================
LOG FORMAT: Epoch: EPOCH | Descent Error: DESC ERROR
==================================================
Epoch:      0 | Descent Error: 0.5504383445
Epoch:     50 | Descent Error: 0.3848296031
Epoch:    100 | Descent Error: 0.2986151526
Epoch:    150 | Descent Error: 0.2453255262
Epoch:    200 | Descent Error: 0.2082804196
Epoch:    250 | Descent Error: 0.1805398998
Epoch:    300 | Descent Error: 0.1589738647
Epoch:    350 | Descent Error: 0.1420470353
Epoch:    400 | Descent Error: 0.1282316459
Epoch:    450 | Descent Error: 0.1169058238
Epoch:    500 | Descent Error: 0.1076090564
Epoch:    550 | Descent Error: 0.09984279
Epoch:    600 | Descent Error: 0.0932487297
Epoch:    650 | Descent Error: 0.0875807796
Epoch:    700 | Descent Error: 0.0826507186
Epoch:    750 | Descent Error: 0.0783234584
Epoch:    800 | Descent Error: 0.0744937087
Epoch:    850 | Descent Error: 0.0710780273
Epoch:    900 | Descent Error: 0.0680134342
Epoch:    950 | Descent Error: 0.0652396923
Epoch:  1,000 | Descent Error: 0.06272

====================================================================================================
PERF FORMAT: DATASET | Acuracy: ACC | Loss: LOSS1 LOSS2 LOSS3 | PS: PS
====================================================================================================
Train | Acuracy:  80.70% | Loss: 0.92177 0.04045 0.00743 | PS: 0.00484 
Val   | Acuracy:  81.40% | Loss: 0.91498 0.04004 0.00737 | PS: 0.00503 
Test  | Acuracy:  82.14% | Loss: 0.89317 0.03917 0.00727 | PS: 0.00494 
----------------------------------------------------------------------------------------------------
Optimization error  : 0.00484
Population error    : 0.00494
Generalization error: 0.0001
