Namespace(batch_size=64, beta_moco=0.1, gamma_moco=0.1, gamma_modo=0.01, lr=1.0, moo_method='MoDo', num_epochs=1000, rho_moco=0.0, rho_modo=0.0, seed=4)

==================================================
Model parameter count per layer
==================================================
fc1.weight 	: 401408
fc1.bias 	: 512
fc2.weight 	: 5120
fc2.bias 	: 10
Total number of parametrs : 407050
--------------------------------------------------

==================================================
LOG FORMAT: Epoch: EPOCH | Descent Error: DESC ERROR
==================================================
Epoch:      0 | Descent Error: 0.5313479304
Epoch:     50 | Descent Error: 0.3740936667
Epoch:    100 | Descent Error: 0.2811960975
Epoch:    150 | Descent Error: 0.2264313158
Epoch:    200 | Descent Error: 0.1905818149
Epoch:    250 | Descent Error: 0.1655304916
Epoch:    300 | Descent Error: 0.1496804676
Epoch:    350 | Descent Error: 0.1363944816
Epoch:    400 | Descent Error: 0.1261966365
Epoch:    450 | Descent Error: 0.1168072265
Epoch:    500 | Descent Error: 0.1098215793
Epoch:    550 | Descent Error: 0.1031473367
Epoch:    600 | Descent Error: 0.0972608581
Epoch:    650 | Descent Error: 0.092016907
Epoch:    700 | Descent Error: 0.0885024295
Epoch:    750 | Descent Error: 0.0842971427
Epoch:    800 | Descent Error: 0.0800797385
Epoch:    850 | Descent Error: 0.0768662032
Epoch:    900 | Descent Error: 0.0736555697
Epoch:    950 | Descent Error: 0.0707299952
Epoch:  1,000 | Descent Error: 0.06787

====================================================================================================
PERF FORMAT: DATASET | Acuracy: ACC | Loss: LOSS1 LOSS2 LOSS3 | PS: PS
====================================================================================================
Train | Acuracy:  92.19% | Loss: 0.29187 0.0121 0.00194 | PS: 0.00154 
Val   | Acuracy:  91.34% | Loss: 0.32234 0.01333 0.00207 | PS: 0.00145 
Test  | Acuracy:  92.05% | Loss: 0.29635 0.01221 0.00193 | PS: 0.00185 
----------------------------------------------------------------------------------------------------
Optimization error  : 0.00154
Population error    : 0.00185
Generalization error: 0.00031
