Namespace(batch_size=64, beta_moco=0.1, gamma_moco=0.1, gamma_modo=0.01, lr=0.075, moo_method='MoDo', num_epochs=1000, rho_moco=0.0, rho_modo=0.0, seed=2)

==================================================
Model parameter count per layer
==================================================
fc1.weight 	: 401408
fc1.bias 	: 512
fc2.weight 	: 5120
fc2.bias 	: 10
Total number of parametrs : 407050
--------------------------------------------------

==================================================
LOG FORMAT: Epoch: EPOCH | Descent Error: DESC ERROR
==================================================
Epoch:      0 | Descent Error: 0.5282406211
Epoch:     50 | Descent Error: 0.354624778
Epoch:    100 | Descent Error: 0.272941644
Epoch:    150 | Descent Error: 0.223497523
Epoch:    200 | Descent Error: 0.1916592702
Epoch:    250 | Descent Error: 0.1681599269
Epoch:    300 | Descent Error: 0.1521952583
Epoch:    350 | Descent Error: 0.1392723629
Epoch:    400 | Descent Error: 0.1280079699
Epoch:    450 | Descent Error: 0.1184970558
Epoch:    500 | Descent Error: 0.1114774638
Epoch:    550 | Descent Error: 0.1054120498
Epoch:    600 | Descent Error: 0.1002143025
Epoch:    650 | Descent Error: 0.0955236456
Epoch:    700 | Descent Error: 0.0910195955
Epoch:    750 | Descent Error: 0.0871744305
Epoch:    800 | Descent Error: 0.083945236
Epoch:    850 | Descent Error: 0.0804471817
Epoch:    900 | Descent Error: 0.0775643907
Epoch:    950 | Descent Error: 0.0747849641
Epoch:  1,000 | Descent Error: 0.07218

====================================================================================================
PERF FORMAT: DATASET | Acuracy: ACC | Loss: LOSS1 LOSS2 LOSS3 | PS: PS
====================================================================================================
Train | Acuracy:  90.01% | Loss: 0.35811 0.01554 0.00274 | PS: 0.00171 
Val   | Acuracy:  89.67% | Loss: 0.36632 0.01576 0.00274 | PS: 0.00182 
Test  | Acuracy:  90.46% | Loss: 0.34363 0.01476 0.00262 | PS: 0.00205 
----------------------------------------------------------------------------------------------------
Optimization error  : 0.00171
Population error    : 0.00205
Generalization error: 0.00035
