Namespace(batch_size=64, beta_moco=0.1, gamma_moco=0.1, gamma_modo=0.01, lr=1.0, moo_method='MoDo', num_epochs=1000, rho_moco=0.0, rho_modo=0.0, seed=2)

==================================================
Model parameter count per layer
==================================================
fc1.weight 	: 401408
fc1.bias 	: 512
fc2.weight 	: 5120
fc2.bias 	: 10
Total number of parametrs : 407050
--------------------------------------------------

==================================================
LOG FORMAT: Epoch: EPOCH | Descent Error: DESC ERROR
==================================================
Epoch:      0 | Descent Error: 0.5282406211
Epoch:     50 | Descent Error: 0.3056069687
Epoch:    100 | Descent Error: 0.2400213877
Epoch:    150 | Descent Error: 0.194877374
Epoch:    200 | Descent Error: 0.1714197077
Epoch:    250 | Descent Error: 0.1477664988
Epoch:    300 | Descent Error: 0.136053055
Epoch:    350 | Descent Error: 0.1248600888
Epoch:    400 | Descent Error: 0.1135911811
Epoch:    450 | Descent Error: 0.1067848129
Epoch:    500 | Descent Error: 0.1006359571
Epoch:    550 | Descent Error: 0.094378424
Epoch:    600 | Descent Error: 0.0890394294
Epoch:    650 | Descent Error: 0.0848904096
Epoch:    700 | Descent Error: 0.0814290813
Epoch:    750 | Descent Error: 0.077463959
Epoch:    800 | Descent Error: 0.0735563952
Epoch:    850 | Descent Error: 0.07047427
Epoch:    900 | Descent Error: 0.0681941256
Epoch:    950 | Descent Error: 0.0654511193
Epoch:  1,000 | Descent Error: 0.06299

====================================================================================================
PERF FORMAT: DATASET | Acuracy: ACC | Loss: LOSS1 LOSS2 LOSS3 | PS: PS
====================================================================================================
Train | Acuracy:  91.99% | Loss: 0.29311 0.01229 0.00196 | PS: 0.00181 
Val   | Acuracy:  91.20% | Loss: 0.31735 0.01312 0.00204 | PS: 0.00166 
Test  | Acuracy:  91.93% | Loss: 0.29512 0.01238 0.00195 | PS: 0.00215 
----------------------------------------------------------------------------------------------------
Optimization error  : 0.00181
Population error    : 0.00215
Generalization error: 0.00034
