Namespace(batch_size=64, beta_moco=0.1, gamma_moco=0.1, gamma_modo=0.01, lr=0.025, moo_method='MoDo', num_epochs=1000, rho_moco=0.0, rho_modo=0.0, seed=9)

==================================================
Model parameter count per layer
==================================================
fc1.weight 	: 401408
fc1.bias 	: 512
fc2.weight 	: 5120
fc2.bias 	: 10
Total number of parametrs : 407050
--------------------------------------------------

==================================================
LOG FORMAT: Epoch: EPOCH | Descent Error: DESC ERROR
==================================================
Epoch:      0 | Descent Error: 0.529230535
Epoch:     50 | Descent Error: 0.3787369132
Epoch:    100 | Descent Error: 0.2965079546
Epoch:    150 | Descent Error: 0.2434098776
Epoch:    200 | Descent Error: 0.2060422875
Epoch:    250 | Descent Error: 0.1783891891
Epoch:    300 | Descent Error: 0.1573006497
Epoch:    350 | Descent Error: 0.1403679464
Epoch:    400 | Descent Error: 0.1265742117
Epoch:    450 | Descent Error: 0.1154400378
Epoch:    500 | Descent Error: 0.106301664
Epoch:    550 | Descent Error: 0.0986635696
Epoch:    600 | Descent Error: 0.0921814166
Epoch:    650 | Descent Error: 0.0866101771
Epoch:    700 | Descent Error: 0.0817592973
Epoch:    750 | Descent Error: 0.0775005603
Epoch:    800 | Descent Error: 0.0737251335
Epoch:    850 | Descent Error: 0.0703547288
Epoch:    900 | Descent Error: 0.0673297748
Epoch:    950 | Descent Error: 0.0645987166
Epoch:  1,000 | Descent Error: 0.06213

====================================================================================================
PERF FORMAT: DATASET | Acuracy: ACC | Loss: LOSS1 LOSS2 LOSS3 | PS: PS
====================================================================================================
Train | Acuracy:  80.77% | Loss: 0.92378 0.04034 0.0074 | PS: 0.00495 
Val   | Acuracy:  80.67% | Loss: 0.91898 0.04018 0.00737 | PS: 0.00504 
Test  | Acuracy:  82.23% | Loss: 0.89829 0.0393 0.00728 | PS: 0.00504 
----------------------------------------------------------------------------------------------------
Optimization error  : 0.00495
Population error    : 0.00504
Generalization error: 9e-05
