Namespace(batch_size=64, beta_moco=0.1, gamma_moco=0.1, gamma_modo=0.01, lr=1.25, moo_method='MoDo', num_epochs=1000, rho_moco=0.0, rho_modo=0.0, seed=9)

==================================================
Model parameter count per layer
==================================================
fc1.weight 	: 401408
fc1.bias 	: 512
fc2.weight 	: 5120
fc2.bias 	: 10
Total number of parametrs : 407050
--------------------------------------------------

==================================================
LOG FORMAT: Epoch: EPOCH | Descent Error: DESC ERROR
==================================================
Epoch:      0 | Descent Error: 0.529230535
Epoch:     50 | Descent Error: 0.2725929692
Epoch:    100 | Descent Error: 0.1857432369
Epoch:    150 | Descent Error: 0.1407812081
Epoch:    200 | Descent Error: 0.114493825
Epoch:    250 | Descent Error: 0.0968599614
Epoch:    300 | Descent Error: 0.0846409265
Epoch:    350 | Descent Error: 0.0756592051
Epoch:    400 | Descent Error: 0.0681437688
Epoch:    450 | Descent Error: 0.061997822
Epoch:    500 | Descent Error: 0.0567807572
Epoch:    550 | Descent Error: 0.0524969565
Epoch:    600 | Descent Error: 0.0491102713
Epoch:    650 | Descent Error: 0.0460892511
Epoch:    700 | Descent Error: 0.0431835405
Epoch:    750 | Descent Error: 0.040770122
Epoch:    800 | Descent Error: 0.0386440316
Epoch:    850 | Descent Error: 0.0367643674
Epoch:    900 | Descent Error: 0.0351239239
Epoch:    950 | Descent Error: 0.0337564901
Epoch:  1,000 | Descent Error: 0.0326

====================================================================================================
PERF FORMAT: DATASET | Acuracy: ACC | Loss: LOSS1 LOSS2 LOSS3 | PS: PS
====================================================================================================
Train | Acuracy:  85.24% | Loss: 0.5495 0.02125 0.00326 | PS: 0.00256 
Val   | Acuracy:  85.19% | Loss: 0.55799 0.02158 0.00328 | PS: 0.00263 
Test  | Acuracy:  85.70% | Loss: 0.54048 0.02071 0.00317 | PS: 0.00263 
----------------------------------------------------------------------------------------------------
Optimization error  : 0.00256
Population error    : 0.00263
Generalization error: 6e-05
