Namespace(batch_size=64, beta_moco=0.1, gamma_moco=0.1, gamma_modo=0.01, lr=0.25, moo_method='MoDo', num_epochs=1000, rho_moco=0.0, rho_modo=0.0, seed=5)

==================================================
Model parameter count per layer
==================================================
fc1.weight 	: 401408
fc1.bias 	: 512
fc2.weight 	: 5120
fc2.bias 	: 10
Total number of parametrs : 407050
--------------------------------------------------

==================================================
LOG FORMAT: Epoch: EPOCH | Descent Error: DESC ERROR
==================================================
Epoch:      0 | Descent Error: 0.525231719
Epoch:     50 | Descent Error: 0.351651594
Epoch:    100 | Descent Error: 0.2693429018
Epoch:    150 | Descent Error: 0.2192435227
Epoch:    200 | Descent Error: 0.1834176213
Epoch:    250 | Descent Error: 0.160736156
Epoch:    300 | Descent Error: 0.1485796071
Epoch:    350 | Descent Error: 0.1362602785
Epoch:    400 | Descent Error: 0.1252875974
Epoch:    450 | Descent Error: 0.1194340378
Epoch:    500 | Descent Error: 0.1137729558
Epoch:    550 | Descent Error: 0.1110175674
Epoch:    600 | Descent Error: 0.1062876462
Epoch:    650 | Descent Error: 0.1034458732
Epoch:    700 | Descent Error: 0.1000916359
Epoch:    750 | Descent Error: 0.0962909861
Epoch:    800 | Descent Error: 0.0934551095
Epoch:    850 | Descent Error: 0.0907600607
Epoch:    900 | Descent Error: 0.0875134602
Epoch:    950 | Descent Error: 0.084970189
Epoch:  1,000 | Descent Error: 0.08207

====================================================================================================
PERF FORMAT: DATASET | Acuracy: ACC | Loss: LOSS1 LOSS2 LOSS3 | PS: PS
====================================================================================================
Train | Acuracy:  91.69% | Loss: 0.30419 0.01292 0.00213 | PS: 0.00144 
Val   | Acuracy:  90.50% | Loss: 0.33706 0.01441 0.00229 | PS: 0.00166 
Test  | Acuracy:  91.82% | Loss: 0.30247 0.01271 0.00209 | PS: 0.00166 
----------------------------------------------------------------------------------------------------
Optimization error  : 0.00144
Population error    : 0.00166
Generalization error: 0.00022
