Namespace(batch_size=64, beta_moco=0.1, gamma_moco=0.1, gamma_modo=0.01, lr=0.075, moo_method='MoDo', num_epochs=1000, rho_moco=0.0, rho_modo=0.0, seed=6)

==================================================
Model parameter count per layer
==================================================
fc1.weight 	: 401408
fc1.bias 	: 512
fc2.weight 	: 5120
fc2.bias 	: 10
Total number of parametrs : 407050
--------------------------------------------------

==================================================
LOG FORMAT: Epoch: EPOCH | Descent Error: DESC ERROR
==================================================
Epoch:      0 | Descent Error: 0.5292872787
Epoch:     50 | Descent Error: 0.3536586314
Epoch:    100 | Descent Error: 0.2685915654
Epoch:    150 | Descent Error: 0.2183853928
Epoch:    200 | Descent Error: 0.1857476398
Epoch:    250 | Descent Error: 0.1627458241
Epoch:    300 | Descent Error: 0.14537032
Epoch:    350 | Descent Error: 0.1321631069
Epoch:    400 | Descent Error: 0.1209363594
Epoch:    450 | Descent Error: 0.1120782405
Epoch:    500 | Descent Error: 0.1044060637
Epoch:    550 | Descent Error: 0.0980590057
Epoch:    600 | Descent Error: 0.0925677647
Epoch:    650 | Descent Error: 0.0882598629
Epoch:    700 | Descent Error: 0.0838947116
Epoch:    750 | Descent Error: 0.0798325588
Epoch:    800 | Descent Error: 0.0763653
Epoch:    850 | Descent Error: 0.0732344556
Epoch:    900 | Descent Error: 0.070513357
Epoch:    950 | Descent Error: 0.0681241304
Epoch:  1,000 | Descent Error: 0.06576

====================================================================================================
PERF FORMAT: DATASET | Acuracy: ACC | Loss: LOSS1 LOSS2 LOSS3 | PS: PS
====================================================================================================
Train | Acuracy:  89.72% | Loss: 0.37039 0.01601 0.00283 | PS: 0.00148 
Val   | Acuracy:  89.60% | Loss: 0.37392 0.01625 0.00288 | PS: 0.00153 
Test  | Acuracy:  90.27% | Loss: 0.35335 0.01525 0.00272 | PS: 0.00182 
----------------------------------------------------------------------------------------------------
Optimization error  : 0.00148
Population error    : 0.00182
Generalization error: 0.00034
