Namespace(batch_size=64, beta_moco=0.1, gamma_moco=0.1, gamma_modo=0.01, lr=0.1, moo_method='MoDo', num_epochs=1000, rho_moco=0.0, rho_modo=0.0, seed=8)

==================================================
Model parameter count per layer
==================================================
fc1.weight 	: 401408
fc1.bias 	: 512
fc2.weight 	: 5120
fc2.bias 	: 10
Total number of parametrs : 407050
--------------------------------------------------

==================================================
LOG FORMAT: Epoch: EPOCH | Descent Error: DESC ERROR
==================================================
Epoch:      0 | Descent Error: 0.5186539292
Epoch:     50 | Descent Error: 0.3432935774
Epoch:    100 | Descent Error: 0.2665887947
Epoch:    150 | Descent Error: 0.2183215786
Epoch:    200 | Descent Error: 0.1856982924
Epoch:    250 | Descent Error: 0.163683764
Epoch:    300 | Descent Error: 0.1467321116
Epoch:    350 | Descent Error: 0.1352115162
Epoch:    400 | Descent Error: 0.1265996086
Epoch:    450 | Descent Error: 0.118998576
Epoch:    500 | Descent Error: 0.114123129
Epoch:    550 | Descent Error: 0.1089500471
Epoch:    600 | Descent Error: 0.1026264704
Epoch:    650 | Descent Error: 0.0983975538
Epoch:    700 | Descent Error: 0.0939675217
Epoch:    750 | Descent Error: 0.089643772
Epoch:    800 | Descent Error: 0.0862715558
Epoch:    850 | Descent Error: 0.084161977
Epoch:    900 | Descent Error: 0.0809688389
Epoch:    950 | Descent Error: 0.079234141
Epoch:  1,000 | Descent Error: 0.07713

====================================================================================================
PERF FORMAT: DATASET | Acuracy: ACC | Loss: LOSS1 LOSS2 LOSS3 | PS: PS
====================================================================================================
Train | Acuracy:  90.58% | Loss: 0.33659 0.01461 0.00252 | PS: 0.00185 
Val   | Acuracy:  90.15% | Loss: 0.35739 0.01524 0.00258 | PS: 0.00189 
Test  | Acuracy:  90.81% | Loss: 0.32686 0.01415 0.00245 | PS: 0.00238 
----------------------------------------------------------------------------------------------------
Optimization error  : 0.00185
Population error    : 0.00238
Generalization error: 0.00054
