Namespace(batch_size=64, beta_moco=0.1, gamma_moco=0.1, gamma_modo=0.01, lr=0.75, moo_method='MoDo', num_epochs=1000, rho_moco=0.0, rho_modo=0.0, seed=6)

==================================================
Model parameter count per layer
==================================================
fc1.weight 	: 401408
fc1.bias 	: 512
fc2.weight 	: 5120
fc2.bias 	: 10
Total number of parametrs : 407050
--------------------------------------------------

==================================================
LOG FORMAT: Epoch: EPOCH | Descent Error: DESC ERROR
==================================================
Epoch:      0 | Descent Error: 0.5292872787
Epoch:     50 | Descent Error: 0.4149021506
Epoch:    100 | Descent Error: 0.3220230987
Epoch:    150 | Descent Error: 0.2670185268
Epoch:    200 | Descent Error: 0.2265357077
Epoch:    250 | Descent Error: 0.1983597272
Epoch:    300 | Descent Error: 0.1799912916
Epoch:    350 | Descent Error: 0.1628665668
Epoch:    400 | Descent Error: 0.1479438699
Epoch:    450 | Descent Error: 0.1365002254
Epoch:    500 | Descent Error: 0.1269519283
Epoch:    550 | Descent Error: 0.1199672252
Epoch:    600 | Descent Error: 0.1139163603
Epoch:    650 | Descent Error: 0.1080975678
Epoch:    700 | Descent Error: 0.1033659616
Epoch:    750 | Descent Error: 0.098898023
Epoch:    800 | Descent Error: 0.094759264
Epoch:    850 | Descent Error: 0.0910828435
Epoch:    900 | Descent Error: 0.0874119621
Epoch:    950 | Descent Error: 0.0836030207
Epoch:  1,000 | Descent Error: 0.08069

====================================================================================================
PERF FORMAT: DATASET | Acuracy: ACC | Loss: LOSS1 LOSS2 LOSS3 | PS: PS
====================================================================================================
Train | Acuracy:  91.79% | Loss: 0.29708 0.0125 0.00199 | PS: 0.00214 
Val   | Acuracy:  91.15% | Loss: 0.3088 0.0132 0.00209 | PS: 0.00196 
Test  | Acuracy:  91.94% | Loss: 0.29273 0.01235 0.00195 | PS: 0.00217 
----------------------------------------------------------------------------------------------------
Optimization error  : 0.00214
Population error    : 0.00217
Generalization error: 3e-05
