Namespace(batch_size=64, beta_moco=0.1, gamma_moco=0.1, gamma_modo=0.01, lr=0.5, moo_method='MoDo', num_epochs=1000, rho_moco=0.0, rho_modo=0.0, seed=9)

==================================================
Model parameter count per layer
==================================================
fc1.weight 	: 401408
fc1.bias 	: 512
fc2.weight 	: 5120
fc2.bias 	: 10
Total number of parametrs : 407050
--------------------------------------------------

==================================================
LOG FORMAT: Epoch: EPOCH | Descent Error: DESC ERROR
==================================================
Epoch:      0 | Descent Error: 0.529230535
Epoch:     50 | Descent Error: 0.3107453585
Epoch:    100 | Descent Error: 0.2498695602
Epoch:    150 | Descent Error: 0.1998577435
Epoch:    200 | Descent Error: 0.1745953798
Epoch:    250 | Descent Error: 0.1527541435
Epoch:    300 | Descent Error: 0.1458579094
Epoch:    350 | Descent Error: 0.1390832602
Epoch:    400 | Descent Error: 0.1293202978
Epoch:    450 | Descent Error: 0.1197681077
Epoch:    500 | Descent Error: 0.11339811
Epoch:    550 | Descent Error: 0.1068799089
Epoch:    600 | Descent Error: 0.1020637888
Epoch:    650 | Descent Error: 0.0970909337
Epoch:    700 | Descent Error: 0.0916976359
Epoch:    750 | Descent Error: 0.0876645389
Epoch:    800 | Descent Error: 0.0839587538
Epoch:    850 | Descent Error: 0.0814748555
Epoch:    900 | Descent Error: 0.0784471009
Epoch:    950 | Descent Error: 0.0762015094
Epoch:  1,000 | Descent Error: 0.07364

====================================================================================================
PERF FORMAT: DATASET | Acuracy: ACC | Loss: LOSS1 LOSS2 LOSS3 | PS: PS
====================================================================================================
Train | Acuracy:  91.74% | Loss: 0.29934 0.01269 0.00205 | PS: 0.00169 
Val   | Acuracy:  91.14% | Loss: 0.31718 0.01345 0.00212 | PS: 0.00178 
Test  | Acuracy:  91.96% | Loss: 0.29234 0.01231 0.00198 | PS: 0.0016 
----------------------------------------------------------------------------------------------------
Optimization error  : 0.00169
Population error    : 0.0016
Generalization error: -9e-05
