Namespace(batch_size=64, beta_moco=0.1, gamma_moco=0.1, gamma_modo=0.01, lr=0.75, moo_method='MoDo', num_epochs=1000, rho_moco=0.0, rho_modo=0.0, seed=1)

==================================================
Model parameter count per layer
==================================================
fc1.weight 	: 401408
fc1.bias 	: 512
fc2.weight 	: 5120
fc2.bias 	: 10
Total number of parametrs : 407050
--------------------------------------------------

==================================================
LOG FORMAT: Epoch: EPOCH | Descent Error: DESC ERROR
==================================================
Epoch:      0 | Descent Error: 0.5336256027
Epoch:     50 | Descent Error: 0.3460709825
Epoch:    100 | Descent Error: 0.2577543979
Epoch:    150 | Descent Error: 0.2084938139
Epoch:    200 | Descent Error: 0.1756126583
Epoch:    250 | Descent Error: 0.1543654123
Epoch:    300 | Descent Error: 0.1378981934
Epoch:    350 | Descent Error: 0.1267019436
Epoch:    400 | Descent Error: 0.1186005635
Epoch:    450 | Descent Error: 0.1123544998
Epoch:    500 | Descent Error: 0.1051121266
Epoch:    550 | Descent Error: 0.0989055281
Epoch:    600 | Descent Error: 0.0935264685
Epoch:    650 | Descent Error: 0.0889768517
Epoch:    700 | Descent Error: 0.0861878034
Epoch:    750 | Descent Error: 0.083960754
Epoch:    800 | Descent Error: 0.0809894955
Epoch:    850 | Descent Error: 0.0789840382
Epoch:    900 | Descent Error: 0.0763139457
Epoch:    950 | Descent Error: 0.0734315317
Epoch:  1,000 | Descent Error: 0.07082

====================================================================================================
PERF FORMAT: DATASET | Acuracy: ACC | Loss: LOSS1 LOSS2 LOSS3 | PS: PS
====================================================================================================
Train | Acuracy:  91.79% | Loss: 0.29946 0.01257 0.00201 | PS: 0.00187 
Val   | Acuracy:  91.43% | Loss: 0.31189 0.01321 0.00209 | PS: 0.00205 
Test  | Acuracy:  91.72% | Loss: 0.30243 0.01265 0.00201 | PS: 0.00189 
----------------------------------------------------------------------------------------------------
Optimization error  : 0.00187
Population error    : 0.00189
Generalization error: 2e-05
