Namespace(batch_size=64, beta_moco=0.1, gamma_moco=0.1, gamma_modo=0.01, lr=1.25, moo_method='MoDo', num_epochs=1000, rho_moco=0.0, rho_modo=0.0, seed=7)

==================================================
Model parameter count per layer
==================================================
fc1.weight 	: 401408
fc1.bias 	: 512
fc2.weight 	: 5120
fc2.bias 	: 10
Total number of parametrs : 407050
--------------------------------------------------

==================================================
LOG FORMAT: Epoch: EPOCH | Descent Error: DESC ERROR
==================================================
Epoch:      0 | Descent Error: 0.5504383445
Epoch:     50 | Descent Error: 0.2824898525
Epoch:    100 | Descent Error: 0.191968798
Epoch:    150 | Descent Error: 0.1460668507
Epoch:    200 | Descent Error: 0.1189504741
Epoch:    250 | Descent Error: 0.1003996126
Epoch:    300 | Descent Error: 0.0875192823
Epoch:    350 | Descent Error: 0.0773543622
Epoch:    400 | Descent Error: 0.0696595131
Epoch:    450 | Descent Error: 0.0632224346
Epoch:    500 | Descent Error: 0.0581487985
Epoch:    550 | Descent Error: 0.0536838415
Epoch:    600 | Descent Error: 0.0506975871
Epoch:    650 | Descent Error: 0.0476455707
Epoch:    700 | Descent Error: 0.0448868188
Epoch:    750 | Descent Error: 0.0426321989
Epoch:    800 | Descent Error: 0.0406458705
Epoch:    850 | Descent Error: 0.0388156796
Epoch:    900 | Descent Error: 0.0370970809
Epoch:    950 | Descent Error: 0.0355946421
Epoch:  1,000 | Descent Error: 0.03415

====================================================================================================
PERF FORMAT: DATASET | Acuracy: ACC | Loss: LOSS1 LOSS2 LOSS3 | PS: PS
====================================================================================================
Train | Acuracy:  91.18% | Loss: 0.34697 0.01354 0.00219 | PS: 0.00196 
Val   | Acuracy:  91.11% | Loss: 0.34482 0.01372 0.00221 | PS: 0.00207 
Test  | Acuracy:  91.64% | Loss: 0.32947 0.01283 0.00208 | PS: 0.00188 
----------------------------------------------------------------------------------------------------
Optimization error  : 0.00196
Population error    : 0.00188
Generalization error: -9e-05
