Namespace(batch_size=64, beta_moco=0.1, gamma_moco=0.1, gamma_modo=0.01, lr=0.1, moo_method='MoDo', num_epochs=1000, rho_moco=0.0, rho_modo=0.0, seed=3)

==================================================
Model parameter count per layer
==================================================
fc1.weight 	: 401408
fc1.bias 	: 512
fc2.weight 	: 5120
fc2.bias 	: 10
Total number of parametrs : 407050
--------------------------------------------------

==================================================
LOG FORMAT: Epoch: EPOCH | Descent Error: DESC ERROR
==================================================
Epoch:      0 | Descent Error: 0.5322921276
Epoch:     50 | Descent Error: 0.3432225585
Epoch:    100 | Descent Error: 0.2607860565
Epoch:    150 | Descent Error: 0.2123782188
Epoch:    200 | Descent Error: 0.1852477267
Epoch:    250 | Descent Error: 0.1640757713
Epoch:    300 | Descent Error: 0.1478428777
Epoch:    350 | Descent Error: 0.1344945645
Epoch:    400 | Descent Error: 0.123159397
Epoch:    450 | Descent Error: 0.115127847
Epoch:    500 | Descent Error: 0.1066974562
Epoch:    550 | Descent Error: 0.1013094011
Epoch:    600 | Descent Error: 0.0958522925
Epoch:    650 | Descent Error: 0.0913392784
Epoch:    700 | Descent Error: 0.0882302381
Epoch:    750 | Descent Error: 0.0840367923
Epoch:    800 | Descent Error: 0.0807448984
Epoch:    850 | Descent Error: 0.0788546363
Epoch:    900 | Descent Error: 0.0772710198
Epoch:    950 | Descent Error: 0.0745316882
Epoch:  1,000 | Descent Error: 0.07241

====================================================================================================
PERF FORMAT: DATASET | Acuracy: ACC | Loss: LOSS1 LOSS2 LOSS3 | PS: PS
====================================================================================================
Train | Acuracy:  90.63% | Loss: 0.33693 0.01451 0.00248 | PS: 0.00147 
Val   | Acuracy:  90.16% | Loss: 0.3522 0.01521 0.00258 | PS: 0.0015 
Test  | Acuracy:  91.11% | Loss: 0.32449 0.01379 0.00237 | PS: 0.00151 
----------------------------------------------------------------------------------------------------
Optimization error  : 0.00147
Population error    : 0.00151
Generalization error: 4e-05
