Namespace(batch_size=64, beta_moco=0.1, gamma_moco=0.1, gamma_modo=0.01, lr=1.0, moo_method='MoDo', num_epochs=1000, rho_moco=0.0, rho_modo=0.0, seed=0)

==================================================
Model parameter count per layer
==================================================
fc1.weight 	: 401408
fc1.bias 	: 512
fc2.weight 	: 5120
fc2.bias 	: 10
Total number of parametrs : 407050
--------------------------------------------------

==================================================
LOG FORMAT: Epoch: EPOCH | Descent Error: DESC ERROR
==================================================
Epoch:      0 | Descent Error: 0.5053946972
Epoch:     50 | Descent Error: 0.2765818555
Epoch:    100 | Descent Error: 0.2077219971
Epoch:    150 | Descent Error: 0.1641684901
Epoch:    200 | Descent Error: 0.1357430018
Epoch:    250 | Descent Error: 0.1162691787
Epoch:    300 | Descent Error: 0.1059204782
Epoch:    350 | Descent Error: 0.096061642
Epoch:    400 | Descent Error: 0.0873028791
Epoch:    450 | Descent Error: 0.0810479071
Epoch:    500 | Descent Error: 0.0756884256
Epoch:    550 | Descent Error: 0.0710913267
Epoch:    600 | Descent Error: 0.0664666703
Epoch:    650 | Descent Error: 0.0628102878
Epoch:    700 | Descent Error: 0.0596085869
Epoch:    750 | Descent Error: 0.0568557759
Epoch:    800 | Descent Error: 0.0546062095
Epoch:    850 | Descent Error: 0.0524509203
Epoch:    900 | Descent Error: 0.0503819617
Epoch:    950 | Descent Error: 0.048483379
Epoch:  1,000 | Descent Error: 0.04673

====================================================================================================
PERF FORMAT: DATASET | Acuracy: ACC | Loss: LOSS1 LOSS2 LOSS3 | PS: PS
====================================================================================================
Train | Acuracy:  91.79% | Loss: 0.30773 0.01268 0.00202 | PS: 0.00218 
Val   | Acuracy:  91.09% | Loss: 0.32581 0.01363 0.00213 | PS: 0.00224 
Test  | Acuracy:  91.99% | Loss: 0.30501 0.01251 0.00199 | PS: 0.00238 
----------------------------------------------------------------------------------------------------
Optimization error  : 0.00218
Population error    : 0.00238
Generalization error: 0.0002
