Namespace(batch_size=64, beta_moco=0.1, gamma_moco=0.1, gamma_modo=0.01, lr=0.0075, moo_method='MoDo', num_epochs=1000, rho_moco=0.0, rho_modo=0.0, seed=7)

==================================================
Model parameter count per layer
==================================================
fc1.weight 	: 401408
fc1.bias 	: 512
fc2.weight 	: 5120
fc2.bias 	: 10
Total number of parametrs : 407050
--------------------------------------------------

==================================================
LOG FORMAT: Epoch: EPOCH | Descent Error: DESC ERROR
==================================================
Epoch:      0 | Descent Error: 0.5504383445
Epoch:     50 | Descent Error: 0.3832533583
Epoch:    100 | Descent Error: 0.2914243812
Epoch:    150 | Descent Error: 0.2332053166
Epoch:    200 | Descent Error: 0.1928419076
Epoch:    250 | Descent Error: 0.1636881071
Epoch:    300 | Descent Error: 0.1428668994
Epoch:    350 | Descent Error: 0.1272535878
Epoch:    400 | Descent Error: 0.115110624
Epoch:    450 | Descent Error: 0.1053964462
Epoch:    500 | Descent Error: 0.0974490439
Epoch:    550 | Descent Error: 0.0908255327
Epoch:    600 | Descent Error: 0.0852200713
Epoch:    650 | Descent Error: 0.080412208
Epoch:    700 | Descent Error: 0.0762448539
Epoch:    750 | Descent Error: 0.0725985952
Epoch:    800 | Descent Error: 0.069381964
Epoch:    850 | Descent Error: 0.0665192224
Epoch:    900 | Descent Error: 0.0639576803
Epoch:    950 | Descent Error: 0.0616538245
Epoch:  1,000 | Descent Error: 0.05957

====================================================================================================
PERF FORMAT: DATASET | Acuracy: ACC | Loss: LOSS1 LOSS2 LOSS3 | PS: PS
====================================================================================================
Train | Acuracy:  56.13% | Loss: 1.81592 0.0764 0.01165 | PS: 0.00453 
Val   | Acuracy:  56.70% | Loss: 1.81451 0.07635 0.01165 | PS: 0.00459 
Test  | Acuracy:  57.96% | Loss: 1.80054 0.076 0.01161 | PS: 0.00461 
----------------------------------------------------------------------------------------------------
Optimization error  : 0.00453
Population error    : 0.00461
Generalization error: 7e-05
