Namespace(batch_size=64, beta_moco=0.1, gamma_moco=0.1, gamma_modo=0.01, lr=0.05, moo_method='MoDo', num_epochs=1000, rho_moco=0.0, rho_modo=0.0, seed=1)

==================================================
Model parameter count per layer
==================================================
fc1.weight 	: 401408
fc1.bias 	: 512
fc2.weight 	: 5120
fc2.bias 	: 10
Total number of parametrs : 407050
--------------------------------------------------

==================================================
LOG FORMAT: Epoch: EPOCH | Descent Error: DESC ERROR
==================================================
Epoch:      0 | Descent Error: 0.5336256027
Epoch:     50 | Descent Error: 0.3662723824
Epoch:    100 | Descent Error: 0.2823513647
Epoch:    150 | Descent Error: 0.2314583827
Epoch:    200 | Descent Error: 0.1965707012
Epoch:    250 | Descent Error: 0.1713859706
Epoch:    300 | Descent Error: 0.1521711392
Epoch:    350 | Descent Error: 0.1371013965
Epoch:    400 | Descent Error: 0.1248639315
Epoch:    450 | Descent Error: 0.1148525121
Epoch:    500 | Descent Error: 0.1065176255
Epoch:    550 | Descent Error: 0.0992834346
Epoch:    600 | Descent Error: 0.0930277675
Epoch:    650 | Descent Error: 0.0876637615
Epoch:    700 | Descent Error: 0.0828461175
Epoch:    750 | Descent Error: 0.0786522001
Epoch:    800 | Descent Error: 0.0748688604
Epoch:    850 | Descent Error: 0.0715077053
Epoch:    900 | Descent Error: 0.0684720823
Epoch:    950 | Descent Error: 0.0656976333
Epoch:  1,000 | Descent Error: 0.06315

====================================================================================================
PERF FORMAT: DATASET | Acuracy: ACC | Loss: LOSS1 LOSS2 LOSS3 | PS: PS
====================================================================================================
Train | Acuracy:  87.70% | Loss: 0.48142 0.02074 0.00396 | PS: 0.00244 
Val   | Acuracy:  87.91% | Loss: 0.48139 0.02087 0.00397 | PS: 0.00259 
Test  | Acuracy:  88.67% | Loss: 0.4602 0.01973 0.00381 | PS: 0.00266 
----------------------------------------------------------------------------------------------------
Optimization error  : 0.00244
Population error    : 0.00266
Generalization error: 0.00022
