Namespace(batch_size=64, beta_moco=0.1, gamma_moco=0.1, gamma_modo=0.01, lr=0.01, moo_method='MoDo', num_epochs=1000, rho_moco=0.0, rho_modo=0.0, seed=1)

==================================================
Model parameter count per layer
==================================================
fc1.weight 	: 401408
fc1.bias 	: 512
fc2.weight 	: 5120
fc2.bias 	: 10
Total number of parametrs : 407050
--------------------------------------------------

==================================================
LOG FORMAT: Epoch: EPOCH | Descent Error: DESC ERROR
==================================================
Epoch:      0 | Descent Error: 0.5336256027
Epoch:     50 | Descent Error: 0.3685661405
Epoch:    100 | Descent Error: 0.2802750816
Epoch:    150 | Descent Error: 0.2233754126
Epoch:    200 | Descent Error: 0.1840390168
Epoch:    250 | Descent Error: 0.156484584
Epoch:    300 | Descent Error: 0.1368124179
Epoch:    350 | Descent Error: 0.1220585594
Epoch:    400 | Descent Error: 0.1105861484
Epoch:    450 | Descent Error: 0.1014094606
Epoch:    500 | Descent Error: 0.093901566
Epoch:    550 | Descent Error: 0.0876451656
Epoch:    600 | Descent Error: 0.0823533052
Epoch:    650 | Descent Error: 0.0778187125
Epoch:    700 | Descent Error: 0.0738912965
Epoch:    750 | Descent Error: 0.0704569973
Epoch:    800 | Descent Error: 0.0674281355
Epoch:    850 | Descent Error: 0.0647375623
Epoch:    900 | Descent Error: 0.0623316207
Epoch:    950 | Descent Error: 0.0601674421
Epoch:  1,000 | Descent Error: 0.05821

====================================================================================================
PERF FORMAT: DATASET | Acuracy: ACC | Loss: LOSS1 LOSS2 LOSS3 | PS: PS
====================================================================================================
Train | Acuracy:  65.27% | Loss: 1.68994 0.07195 0.01119 | PS: 0.00492 
Val   | Acuracy:  65.18% | Loss: 1.68869 0.07186 0.01118 | PS: 0.00504 
Test  | Acuracy:  65.49% | Loss: 1.68064 0.07165 0.01116 | PS: 0.00504 
----------------------------------------------------------------------------------------------------
Optimization error  : 0.00492
Population error    : 0.00504
Generalization error: 0.00011
