Namespace(batch_size=64, beta_moco=0.1, gamma_moco=0.1, gamma_modo=0.01, lr=1.0, moo_method='MoDo', num_epochs=1000, rho_moco=0.0, rho_modo=0.0, seed=3)

==================================================
Model parameter count per layer
==================================================
fc1.weight 	: 401408
fc1.bias 	: 512
fc2.weight 	: 5120
fc2.bias 	: 10
Total number of parametrs : 407050
--------------------------------------------------

==================================================
LOG FORMAT: Epoch: EPOCH | Descent Error: DESC ERROR
==================================================
Epoch:      0 | Descent Error: 0.5322921276
Epoch:     50 | Descent Error: 0.3245815746
Epoch:    100 | Descent Error: 0.2310097478
Epoch:    150 | Descent Error: 0.1902230894
Epoch:    200 | Descent Error: 0.1625172809
Epoch:    250 | Descent Error: 0.1410729618
Epoch:    300 | Descent Error: 0.1262371418
Epoch:    350 | Descent Error: 0.1135503647
Epoch:    400 | Descent Error: 0.1038012927
Epoch:    450 | Descent Error: 0.0970254801
Epoch:    500 | Descent Error: 0.0900164944
Epoch:    550 | Descent Error: 0.0840089618
Epoch:    600 | Descent Error: 0.0785869333
Epoch:    650 | Descent Error: 0.074354031
Epoch:    700 | Descent Error: 0.0707225317
Epoch:    750 | Descent Error: 0.0671161013
Epoch:    800 | Descent Error: 0.0640093276
Epoch:    850 | Descent Error: 0.0612203226
Epoch:    900 | Descent Error: 0.0594253292
Epoch:    950 | Descent Error: 0.0570325165
Epoch:  1,000 | Descent Error: 0.05514

====================================================================================================
PERF FORMAT: DATASET | Acuracy: ACC | Loss: LOSS1 LOSS2 LOSS3 | PS: PS
====================================================================================================
Train | Acuracy:  91.85% | Loss: 0.30314 0.01256 0.00199 | PS: 0.00233 
Val   | Acuracy:  90.84% | Loss: 0.3316 0.01384 0.00213 | PS: 0.00224 
Test  | Acuracy:  92.09% | Loss: 0.30187 0.01226 0.00192 | PS: 0.00209 
----------------------------------------------------------------------------------------------------
Optimization error  : 0.00233
Population error    : 0.00209
Generalization error: -0.00024
