Namespace(batch_size=64, beta_moco=0.1, gamma_moco=0.1, gamma_modo=0.01, lr=1.0, moo_method='MoDo', num_epochs=1000, rho_moco=0.0, rho_modo=0.0, seed=5)

==================================================
Model parameter count per layer
==================================================
fc1.weight 	: 401408
fc1.bias 	: 512
fc2.weight 	: 5120
fc2.bias 	: 10
Total number of parametrs : 407050
--------------------------------------------------

==================================================
LOG FORMAT: Epoch: EPOCH | Descent Error: DESC ERROR
==================================================
Epoch:      0 | Descent Error: 0.525231719
Epoch:     50 | Descent Error: 0.3192989677
Epoch:    100 | Descent Error: 0.2346197267
Epoch:    150 | Descent Error: 0.1894845553
Epoch:    200 | Descent Error: 0.1579857096
Epoch:    250 | Descent Error: 0.1374643743
Epoch:    300 | Descent Error: 0.1241578332
Epoch:    350 | Descent Error: 0.1114765662
Epoch:    400 | Descent Error: 0.1011846241
Epoch:    450 | Descent Error: 0.0946631407
Epoch:    500 | Descent Error: 0.08857248
Epoch:    550 | Descent Error: 0.0845910905
Epoch:    600 | Descent Error: 0.0796837694
Epoch:    650 | Descent Error: 0.0764079148
Epoch:    700 | Descent Error: 0.072986038
Epoch:    750 | Descent Error: 0.0694714427
Epoch:    800 | Descent Error: 0.0665859659
Epoch:    850 | Descent Error: 0.0639019279
Epoch:    900 | Descent Error: 0.0613054
Epoch:    950 | Descent Error: 0.0591051336
Epoch:  1,000 | Descent Error: 0.05676

====================================================================================================
PERF FORMAT: DATASET | Acuracy: ACC | Loss: LOSS1 LOSS2 LOSS3 | PS: PS
====================================================================================================
Train | Acuracy:  92.18% | Loss: 0.29595 0.01218 0.00195 | PS: 0.00159 
Val   | Acuracy:  90.97% | Loss: 0.3317 0.01377 0.00212 | PS: 0.00171 
Test  | Acuracy:  92.02% | Loss: 0.30012 0.01224 0.00194 | PS: 0.00172 
----------------------------------------------------------------------------------------------------
Optimization error  : 0.00159
Population error    : 0.00172
Generalization error: 0.00013
