Namespace(batch_size=64, beta_moco=0.1, gamma_moco=0.1, gamma_modo=0.01, lr=0.01, moo_method='MoDo', num_epochs=1000, rho_moco=0.0, rho_modo=0.0, seed=8)

==================================================
Model parameter count per layer
==================================================
fc1.weight 	: 401408
fc1.bias 	: 512
fc2.weight 	: 5120
fc2.bias 	: 10
Total number of parametrs : 407050
--------------------------------------------------

==================================================
LOG FORMAT: Epoch: EPOCH | Descent Error: DESC ERROR
==================================================
Epoch:      0 | Descent Error: 0.5186539292
Epoch:     50 | Descent Error: 0.3778563514
Epoch:    100 | Descent Error: 0.2943479766
Epoch:    150 | Descent Error: 0.2374859191
Epoch:    200 | Descent Error: 0.1972538404
Epoch:    250 | Descent Error: 0.1678855888
Epoch:    300 | Descent Error: 0.1466059131
Epoch:    350 | Descent Error: 0.1306507168
Epoch:    400 | Descent Error: 0.1182345129
Epoch:    450 | Descent Error: 0.1082976155
Epoch:    500 | Descent Error: 0.1001703443
Epoch:    550 | Descent Error: 0.0933995599
Epoch:    600 | Descent Error: 0.0876684888
Epoch:    650 | Descent Error: 0.0827566522
Epoch:    700 | Descent Error: 0.0785012625
Epoch:    750 | Descent Error: 0.0747788767
Epoch:    800 | Descent Error: 0.0714957728
Epoch:    850 | Descent Error: 0.0685783453
Epoch:    900 | Descent Error: 0.0659704642
Epoch:    950 | Descent Error: 0.0636221973
Epoch:  1,000 | Descent Error: 0.0615

====================================================================================================
PERF FORMAT: DATASET | Acuracy: ACC | Loss: LOSS1 LOSS2 LOSS3 | PS: PS
====================================================================================================
Train | Acuracy:  66.89% | Loss: 1.64717 0.0705 0.01104 | PS: 0.00499 
Val   | Acuracy:  66.67% | Loss: 1.64756 0.07049 0.01104 | PS: 0.00511 
Test  | Acuracy:  66.67% | Loss: 1.63741 0.07025 0.01102 | PS: 0.00507 
----------------------------------------------------------------------------------------------------
Optimization error  : 0.00499
Population error    : 0.00507
Generalization error: 8e-05
