Namespace(batch_size=64, beta_moco=0.1, gamma_moco=0.1, gamma_modo=0.01, lr=0.01, moo_method='MoDo', num_epochs=1000, rho_moco=0.0, rho_modo=0.0, seed=6)

==================================================
Model parameter count per layer
==================================================
fc1.weight 	: 401408
fc1.bias 	: 512
fc2.weight 	: 5120
fc2.bias 	: 10
Total number of parametrs : 407050
--------------------------------------------------

==================================================
LOG FORMAT: Epoch: EPOCH | Descent Error: DESC ERROR
==================================================
Epoch:      0 | Descent Error: 0.5292872787
Epoch:     50 | Descent Error: 0.3799083233
Epoch:    100 | Descent Error: 0.2912789534
Epoch:    150 | Descent Error: 0.2328326134
Epoch:    200 | Descent Error: 0.192538625
Epoch:    250 | Descent Error: 0.1635900146
Epoch:    300 | Descent Error: 0.1429316684
Epoch:    350 | Descent Error: 0.1274316611
Epoch:    400 | Descent Error: 0.1153762833
Epoch:    450 | Descent Error: 0.1057471523
Epoch:    500 | Descent Error: 0.0978602957
Epoch:    550 | Descent Error: 0.0912901762
Epoch:    600 | Descent Error: 0.0857326977
Epoch:    650 | Descent Error: 0.0809714698
Epoch:    700 | Descent Error: 0.0768462427
Epoch:    750 | Descent Error: 0.0732365946
Epoch:    800 | Descent Error: 0.0700510803
Epoch:    850 | Descent Error: 0.0672199137
Epoch:    900 | Descent Error: 0.0646866603
Epoch:    950 | Descent Error: 0.06240701
Epoch:  1,000 | Descent Error: 0.06034

====================================================================================================
PERF FORMAT: DATASET | Acuracy: ACC | Loss: LOSS1 LOSS2 LOSS3 | PS: PS
====================================================================================================
Train | Acuracy:  63.72% | Loss: 1.67085 0.07123 0.01113 | PS: 0.00503 
Val   | Acuracy:  62.77% | Loss: 1.67505 0.07141 0.01115 | PS: 0.00494 
Test  | Acuracy:  64.51% | Loss: 1.66077 0.07095 0.0111 | PS: 0.00509 
----------------------------------------------------------------------------------------------------
Optimization error  : 0.00503
Population error    : 0.00509
Generalization error: 7e-05
