Namespace(batch_size=64, beta_moco=0.1, gamma_moco=0.1, gamma_modo=0.01, lr=0.025, moo_method='MoDo', num_epochs=1000, rho_moco=0.0, rho_modo=0.0, seed=0)

==================================================
Model parameter count per layer
==================================================
fc1.weight 	: 401408
fc1.bias 	: 512
fc2.weight 	: 5120
fc2.bias 	: 10
Total number of parametrs : 407050
--------------------------------------------------

==================================================
LOG FORMAT: Epoch: EPOCH | Descent Error: DESC ERROR
==================================================
Epoch:      0 | Descent Error: 0.5053946972
Epoch:     50 | Descent Error: 0.3688882589
Epoch:    100 | Descent Error: 0.2932964464
Epoch:    150 | Descent Error: 0.2423114982
Epoch:    200 | Descent Error: 0.2062182449
Epoch:    250 | Descent Error: 0.178974038
Epoch:    300 | Descent Error: 0.1581024762
Epoch:    350 | Descent Error: 0.1414767755
Epoch:    400 | Descent Error: 0.1279233483
Epoch:    450 | Descent Error: 0.1166478763
Epoch:    500 | Descent Error: 0.1073113967
Epoch:    550 | Descent Error: 0.0995074365
Epoch:    600 | Descent Error: 0.0928812958
Epoch:    650 | Descent Error: 0.0871860594
Epoch:    700 | Descent Error: 0.0822350943
Epoch:    750 | Descent Error: 0.0778940229
Epoch:    800 | Descent Error: 0.0740497153
Epoch:    850 | Descent Error: 0.0706168355
Epoch:    900 | Descent Error: 0.067534287
Epoch:    950 | Descent Error: 0.0647504601
Epoch:  1,000 | Descent Error: 0.06222

====================================================================================================
PERF FORMAT: DATASET | Acuracy: ACC | Loss: LOSS1 LOSS2 LOSS3 | PS: PS
====================================================================================================
Train | Acuracy:  81.59% | Loss: 0.88868 0.0388 0.00717 | PS: 0.00485 
Val   | Acuracy:  81.07% | Loss: 0.89391 0.03902 0.00718 | PS: 0.0049 
Test  | Acuracy:  82.67% | Loss: 0.86457 0.03777 0.00705 | PS: 0.00492 
----------------------------------------------------------------------------------------------------
Optimization error  : 0.00485
Population error    : 0.00492
Generalization error: 8e-05
