Namespace(batch_size=64, beta_moco=0.1, gamma_moco=0.1, gamma_modo=0.01, lr=0.0075, moo_method='MoDo', num_epochs=1000, rho_moco=0.0, rho_modo=0.0, seed=0)

==================================================
Model parameter count per layer
==================================================
fc1.weight 	: 401408
fc1.bias 	: 512
fc2.weight 	: 5120
fc2.bias 	: 10
Total number of parametrs : 407050
--------------------------------------------------

==================================================
LOG FORMAT: Epoch: EPOCH | Descent Error: DESC ERROR
==================================================
Epoch:      0 | Descent Error: 0.5053946972
Epoch:     50 | Descent Error: 0.3713325113
Epoch:    100 | Descent Error: 0.2891003763
Epoch:    150 | Descent Error: 0.2331563327
Epoch:    200 | Descent Error: 0.1937450401
Epoch:    250 | Descent Error: 0.1644732626
Epoch:    300 | Descent Error: 0.1435639132
Epoch:    350 | Descent Error: 0.1278814045
Epoch:    400 | Descent Error: 0.1156821588
Epoch:    450 | Descent Error: 0.1059203109
Epoch:    500 | Descent Error: 0.0979320647
Epoch:    550 | Descent Error: 0.0912744931
Epoch:    600 | Descent Error: 0.0856421809
Epoch:    650 | Descent Error: 0.0808122076
Epoch:    700 | Descent Error: 0.0766263844
Epoch:    750 | Descent Error: 0.0729638084
Epoch:    800 | Descent Error: 0.0697320736
Epoch:    850 | Descent Error: 0.066861005
Epoch:    900 | Descent Error: 0.0642934096
Epoch:    950 | Descent Error: 0.0619842676
Epoch:  1,000 | Descent Error: 0.0599

====================================================================================================
PERF FORMAT: DATASET | Acuracy: ACC | Loss: LOSS1 LOSS2 LOSS3 | PS: PS
====================================================================================================
Train | Acuracy:  61.02% | Loss: 1.79077 0.07543 0.01155 | PS: 0.00468 
Val   | Acuracy:  60.57% | Loss: 1.78622 0.07518 0.01152 | PS: 0.00491 
Test  | Acuracy:  61.02% | Loss: 1.78196 0.07518 0.01152 | PS: 0.00476 
----------------------------------------------------------------------------------------------------
Optimization error  : 0.00468
Population error    : 0.00476
Generalization error: 8e-05
