Namespace(batch_size=64, beta_moco=0.1, gamma_moco=0.1, gamma_modo=0.01, lr=0.05, moo_method='MoDo', num_epochs=1000, rho_moco=0.0, rho_modo=0.0, seed=2)

==================================================
Model parameter count per layer
==================================================
fc1.weight 	: 401408
fc1.bias 	: 512
fc2.weight 	: 5120
fc2.bias 	: 10
Total number of parametrs : 407050
--------------------------------------------------

==================================================
LOG FORMAT: Epoch: EPOCH | Descent Error: DESC ERROR
==================================================
Epoch:      0 | Descent Error: 0.5282406211
Epoch:     50 | Descent Error: 0.3679538965
Epoch:    100 | Descent Error: 0.2855606849
Epoch:    150 | Descent Error: 0.2353822216
Epoch:    200 | Descent Error: 0.2014998153
Epoch:    250 | Descent Error: 0.1770465672
Epoch:    300 | Descent Error: 0.1591810951
Epoch:    350 | Descent Error: 0.1450556084
Epoch:    400 | Descent Error: 0.1331100853
Epoch:    450 | Descent Error: 0.1232159685
Epoch:    500 | Descent Error: 0.1149611331
Epoch:    550 | Descent Error: 0.1080522696
Epoch:    600 | Descent Error: 0.1019295728
Epoch:    650 | Descent Error: 0.0964567422
Epoch:    700 | Descent Error: 0.0915404605
Epoch:    750 | Descent Error: 0.0871943114
Epoch:    800 | Descent Error: 0.0834170113
Epoch:    850 | Descent Error: 0.0798407418
Epoch:    900 | Descent Error: 0.0766707147
Epoch:    950 | Descent Error: 0.073719927
Epoch:  1,000 | Descent Error: 0.07092

====================================================================================================
PERF FORMAT: DATASET | Acuracy: ACC | Loss: LOSS1 LOSS2 LOSS3 | PS: PS
====================================================================================================
Train | Acuracy:  88.61% | Loss: 0.42417 0.01839 0.00341 | PS: 0.00205 
Val   | Acuracy:  88.45% | Loss: 0.4291 0.01851 0.00341 | PS: 0.0021 
Test  | Acuracy:  89.37% | Loss: 0.40521 0.01739 0.00326 | PS: 0.00231 
----------------------------------------------------------------------------------------------------
Optimization error  : 0.00205
Population error    : 0.00231
Generalization error: 0.00026
