Namespace(batch_size=64, beta_moco=0.1, gamma_moco=0.1, gamma_modo=0.01, lr=0.025, moo_method='MoDo', num_epochs=1000, rho_moco=0.0, rho_modo=0.0, seed=4)

==================================================
Model parameter count per layer
==================================================
fc1.weight 	: 401408
fc1.bias 	: 512
fc2.weight 	: 5120
fc2.bias 	: 10
Total number of parametrs : 407050
--------------------------------------------------

==================================================
LOG FORMAT: Epoch: EPOCH | Descent Error: DESC ERROR
==================================================
Epoch:      0 | Descent Error: 0.5313479304
Epoch:     50 | Descent Error: 0.3762075454
Epoch:    100 | Descent Error: 0.29416807
Epoch:    150 | Descent Error: 0.2411264461
Epoch:    200 | Descent Error: 0.2042296112
Epoch:    250 | Descent Error: 0.1767121584
Epoch:    300 | Descent Error: 0.1555084344
Epoch:    350 | Descent Error: 0.1387218011
Epoch:    400 | Descent Error: 0.1250624117
Epoch:    450 | Descent Error: 0.1140366431
Epoch:    500 | Descent Error: 0.1049905548
Epoch:    550 | Descent Error: 0.0974304099
Epoch:    600 | Descent Error: 0.0910172367
Epoch:    650 | Descent Error: 0.0855053418
Epoch:    700 | Descent Error: 0.0807244948
Epoch:    750 | Descent Error: 0.0765200315
Epoch:    800 | Descent Error: 0.0727943075
Epoch:    850 | Descent Error: 0.0694677918
Epoch:    900 | Descent Error: 0.0664840694
Epoch:    950 | Descent Error: 0.0637852123
Epoch:  1,000 | Descent Error: 0.06133

====================================================================================================
PERF FORMAT: DATASET | Acuracy: ACC | Loss: LOSS1 LOSS2 LOSS3 | PS: PS
====================================================================================================
Train | Acuracy:  81.54% | Loss: 0.91119 0.03985 0.00733 | PS: 0.00484 
Val   | Acuracy:  81.46% | Loss: 0.91765 0.04015 0.00737 | PS: 0.00485 
Test  | Acuracy:  82.53% | Loss: 0.89105 0.03899 0.00723 | PS: 0.00493 
----------------------------------------------------------------------------------------------------
Optimization error  : 0.00484
Population error    : 0.00493
Generalization error: 9e-05
