Namespace(batch_size=64, beta_moco=0.1, gamma_moco=0.1, gamma_modo=0.01, lr=0.075, moo_method='MoDo', num_epochs=1000, rho_moco=0.0, rho_modo=0.0, seed=7)

==================================================
Model parameter count per layer
==================================================
fc1.weight 	: 401408
fc1.bias 	: 512
fc2.weight 	: 5120
fc2.bias 	: 10
Total number of parametrs : 407050
--------------------------------------------------

==================================================
LOG FORMAT: Epoch: EPOCH | Descent Error: DESC ERROR
==================================================
Epoch:      0 | Descent Error: 0.5504383445
Epoch:     50 | Descent Error: 0.3638198376
Epoch:    100 | Descent Error: 0.2768728187
Epoch:    150 | Descent Error: 0.2257506978
Epoch:    200 | Descent Error: 0.1919794068
Epoch:    250 | Descent Error: 0.1678794858
Epoch:    300 | Descent Error: 0.1503518006
Epoch:    350 | Descent Error: 0.1367786848
Epoch:    400 | Descent Error: 0.1250882538
Epoch:    450 | Descent Error: 0.1159271609
Epoch:    500 | Descent Error: 0.1081272985
Epoch:    550 | Descent Error: 0.1013209042
Epoch:    600 | Descent Error: 0.0963067867
Epoch:    650 | Descent Error: 0.0914009441
Epoch:    700 | Descent Error: 0.0871934486
Epoch:    750 | Descent Error: 0.0834234623
Epoch:    800 | Descent Error: 0.080059355
Epoch:    850 | Descent Error: 0.0768541249
Epoch:    900 | Descent Error: 0.0736444306
Epoch:    950 | Descent Error: 0.0712072643
Epoch:  1,000 | Descent Error: 0.06891

====================================================================================================
PERF FORMAT: DATASET | Acuracy: ACC | Loss: LOSS1 LOSS2 LOSS3 | PS: PS
====================================================================================================
Train | Acuracy:  89.74% | Loss: 0.36886 0.01601 0.00284 | PS: 0.00168 
Val   | Acuracy:  89.84% | Loss: 0.36893 0.01593 0.00282 | PS: 0.00209 
Test  | Acuracy:  90.33% | Loss: 0.34976 0.015 0.00269 | PS: 0.00176 
----------------------------------------------------------------------------------------------------
Optimization error  : 0.00168
Population error    : 0.00176
Generalization error: 8e-05
