Namespace(batch_size=64, beta_moco=0.1, gamma_moco=0.1, gamma_modo=0.01, lr=0.075, moo_method='MoDo', num_epochs=1000, rho_moco=0.0, rho_modo=0.0, seed=1)

==================================================
Model parameter count per layer
==================================================
fc1.weight 	: 401408
fc1.bias 	: 512
fc2.weight 	: 5120
fc2.bias 	: 10
Total number of parametrs : 407050
--------------------------------------------------

==================================================
LOG FORMAT: Epoch: EPOCH | Descent Error: DESC ERROR
==================================================
Epoch:      0 | Descent Error: 0.5336256027
Epoch:     50 | Descent Error: 0.3545951098
Epoch:    100 | Descent Error: 0.2695764974
Epoch:    150 | Descent Error: 0.2233957183
Epoch:    200 | Descent Error: 0.190173889
Epoch:    250 | Descent Error: 0.1662248503
Epoch:    300 | Descent Error: 0.147961774
Epoch:    350 | Descent Error: 0.1336129373
Epoch:    400 | Descent Error: 0.1220858445
Epoch:    450 | Descent Error: 0.1126594961
Epoch:    500 | Descent Error: 0.1046502231
Epoch:    550 | Descent Error: 0.0978873991
Epoch:    600 | Descent Error: 0.0918106825
Epoch:    650 | Descent Error: 0.087187589
Epoch:    700 | Descent Error: 0.0827491866
Epoch:    750 | Descent Error: 0.0791554599
Epoch:    800 | Descent Error: 0.075556368
Epoch:    850 | Descent Error: 0.0726678489
Epoch:    900 | Descent Error: 0.0699978682
Epoch:    950 | Descent Error: 0.0673343951
Epoch:  1,000 | Descent Error: 0.06485

====================================================================================================
PERF FORMAT: DATASET | Acuracy: ACC | Loss: LOSS1 LOSS2 LOSS3 | PS: PS
====================================================================================================
Train | Acuracy:  89.69% | Loss: 0.38023 0.01637 0.00294 | PS: 0.00162 
Val   | Acuracy:  89.70% | Loss: 0.38204 0.01662 0.00297 | PS: 0.00165 
Test  | Acuracy:  90.29% | Loss: 0.36367 0.01555 0.00282 | PS: 0.00183 
----------------------------------------------------------------------------------------------------
Optimization error  : 0.00162
Population error    : 0.00183
Generalization error: 0.00021
