Namespace(batch_size=64, beta_moco=0.1, gamma_moco=0.1, gamma_modo=0.01, lr=0.0075, moo_method='MoDo', num_epochs=1000, rho_moco=0.0, rho_modo=0.0, seed=4)

==================================================
Model parameter count per layer
==================================================
fc1.weight 	: 401408
fc1.bias 	: 512
fc2.weight 	: 5120
fc2.bias 	: 10
Total number of parametrs : 407050
--------------------------------------------------

==================================================
LOG FORMAT: Epoch: EPOCH | Descent Error: DESC ERROR
==================================================
Epoch:      0 | Descent Error: 0.5313479304
Epoch:     50 | Descent Error: 0.3779402822
Epoch:    100 | Descent Error: 0.2909206202
Epoch:    150 | Descent Error: 0.232569267
Epoch:    200 | Descent Error: 0.1922296282
Epoch:    250 | Descent Error: 0.1632167868
Epoch:    300 | Descent Error: 0.1424986018
Epoch:    350 | Descent Error: 0.1269819897
Epoch:    400 | Descent Error: 0.1149008527
Epoch:    450 | Descent Error: 0.1052391404
Epoch:    500 | Descent Error: 0.0973376935
Epoch:    550 | Descent Error: 0.0907544772
Epoch:    600 | Descent Error: 0.085184013
Epoch:    650 | Descent Error: 0.080409931
Epoch:    700 | Descent Error: 0.0762715254
Epoch:    750 | Descent Error: 0.0726529104
Epoch:    800 | Descent Error: 0.0694609175
Epoch:    850 | Descent Error: 0.0666259639
Epoch:    900 | Descent Error: 0.0640896122
Epoch:    950 | Descent Error: 0.061807709
Epoch:  1,000 | Descent Error: 0.05974

====================================================================================================
PERF FORMAT: DATASET | Acuracy: ACC | Loss: LOSS1 LOSS2 LOSS3 | PS: PS
====================================================================================================
Train | Acuracy:  59.43% | Loss: 1.78786 0.07549 0.01156 | PS: 0.0047 
Val   | Acuracy:  58.60% | Loss: 1.78818 0.07554 0.01156 | PS: 0.00469 
Test  | Acuracy:  59.79% | Loss: 1.78535 0.07546 0.01156 | PS: 0.00473 
----------------------------------------------------------------------------------------------------
Optimization error  : 0.0047
Population error    : 0.00473
Generalization error: 3e-05
