Namespace(batch_size=64, beta_moco=0.1, gamma_moco=0.1, gamma_modo=0.01, lr=0.25, moo_method='MoDo', num_epochs=1000, rho_moco=0.0, rho_modo=0.0, seed=1)

==================================================
Model parameter count per layer
==================================================
fc1.weight 	: 401408
fc1.bias 	: 512
fc2.weight 	: 5120
fc2.bias 	: 10
Total number of parametrs : 407050
--------------------------------------------------

==================================================
LOG FORMAT: Epoch: EPOCH | Descent Error: DESC ERROR
==================================================
Epoch:      0 | Descent Error: 0.5336256027
Epoch:     50 | Descent Error: 0.319339782
Epoch:    100 | Descent Error: 0.2404936552
Epoch:    150 | Descent Error: 0.2038624492
Epoch:    200 | Descent Error: 0.1746863976
Epoch:    250 | Descent Error: 0.1543050775
Epoch:    300 | Descent Error: 0.1389222874
Epoch:    350 | Descent Error: 0.128752402
Epoch:    400 | Descent Error: 0.1225097668
Epoch:    450 | Descent Error: 0.1167308718
Epoch:    500 | Descent Error: 0.1096364754
Epoch:    550 | Descent Error: 0.1040936538
Epoch:    600 | Descent Error: 0.0985926493
Epoch:    650 | Descent Error: 0.0947863915
Epoch:    700 | Descent Error: 0.0933434593
Epoch:    750 | Descent Error: 0.0920896784
Epoch:    800 | Descent Error: 0.0892361012
Epoch:    850 | Descent Error: 0.0879104175
Epoch:    900 | Descent Error: 0.0858068141
Epoch:    950 | Descent Error: 0.0830252009
Epoch:  1,000 | Descent Error: 0.08052

====================================================================================================
PERF FORMAT: DATASET | Acuracy: ACC | Loss: LOSS1 LOSS2 LOSS3 | PS: PS
====================================================================================================
Train | Acuracy:  91.42% | Loss: 0.3086 0.01316 0.00217 | PS: 0.00184 
Val   | Acuracy:  91.19% | Loss: 0.31823 0.01371 0.00224 | PS: 0.002 
Test  | Acuracy:  91.59% | Loss: 0.3052 0.01293 0.00213 | PS: 0.00186 
----------------------------------------------------------------------------------------------------
Optimization error  : 0.00184
Population error    : 0.00186
Generalization error: 2e-05
