Namespace(batch_size=64, beta_moco=0.1, gamma_moco=0.1, gamma_modo=0.01, lr=0.1, moo_method='MoDo', num_epochs=10000, rho_moco=0.0, rho_modo=0.0, seed=7)

==================================================
Model parameter count per layer
==================================================
fc1.weight 	: 401408
fc1.bias 	: 512
fc2.weight 	: 5120
fc2.bias 	: 10
Total number of parametrs : 407050
--------------------------------------------------

====================================================================================================
LOG FORMAT: Epoch: EPOCH | Train: LOSS1 LOSS2 LOSS3 | Test: LOSS1 LOSS2 LOSS3 | Error: POP OPT GEN
====================================================================================================
Epoch:        0
Epoch:       10 | Train: 1.752 0.0749 0.0115 | Test: 1.7357 0.0744 0.0115 | Error: 0.00504 0.00496 8e-05
Epoch:       25 | Train: 1.2736 0.0567 0.0096 | Test: 1.2468 0.0556 0.0095 | Error: 0.00631 0.00617 0.00015
Epoch:       50 | Train: 0.9058 0.0401 0.0074 | Test: 0.8766 0.0388 0.0073 | Error: 0.00555 0.0055 5e-05
Epoch:       75 | Train: 0.7398 0.0325 0.0062 | Test: 0.7135 0.0312 0.006 | Error: 0.00436 0.00421 0.00015
Epoch:      100 | Train: 0.6466 0.0283 0.0055 | Test: 0.6205 0.0271 0.0053 | Error: 0.00407 0.00391 0.00016
Epoch:      250 | Train: 0.4622 0.0201 0.0038 | Test: 0.4377 0.019 0.0036 | Error: 0.00322 0.00264 0.00058
Epoch:      500 | Train: 0.3831 0.0168 0.003 | Test: 0.3626 0.0158 0.0028 | Error: 0.00205 0.00181 0.00024
Epoch:      750 | Train: 0.3548 0.0154 0.0027 | Test: 0.3362 0.0145 0.0026 | Error: 0.00169 0.0015 0.00019
Epoch:    1,000 | Train: 0.3399 0.0147 0.0025 | Test: 0.3248 0.014 0.0024 | Error: 0.0017 0.00171 -0.0
Epoch:    2,000
Epoch:    2,500 | Train: 0.304 0.0131 0.0022 | Test: 0.2967 0.0127 0.0021 | Error: 0.00158 0.00117 0.00042
Epoch:    3,000
Epoch:    4,000
Epoch:    5,000 | Train: 0.2874 0.0121 0.002 | Test: 0.2846 0.0119 0.0019 | Error: 0.00154 0.00112 0.00042
Epoch:    6,000
Epoch:    7,000
Epoch:    7,500 | Train: 0.2794 0.0117 0.0019 | Test: 0.2823 0.0118 0.0019 | Error: 0.00183 0.00138 0.00046
Epoch:    8,000
Epoch:    9,000
Epoch:  10,000 | Train: 0.2744 0.0114 0.0019 | Test: 0.2793 0.0116 0.0019 | Error: 0.00123 0.0008 0.00043

====================================================================================================
PERF FORMAT: DATASET | Acuracy: ACC | Loss: LOSS1 LOSS2 LOSS3 | PS: PS
====================================================================================================
Train | Acuracy:  92.67% | Loss: 0.27445 0.01139 0.00186 | PS: 0.0008 
Val   | Acuracy:  92.33% | Loss: 0.29041 0.01199 0.00192 | PS: 0.00126 
Test  | Acuracy:  92.54% | Loss: 0.27928 0.01155 0.00185 | PS: 0.00123 
----------------------------------------------------------------------------------------------------
Optimization error  : 0.0008
Population error    : 0.00123
Generalization error: 0.00043
Script time: 4458.327258825302
