Namespace(batch_size=64, beta_moco=0.1, gamma_moco=0.1, gamma_modo=0.01, lr=0.1, moo_method='MoDo', num_epochs=10000, rho_moco=0.0, rho_modo=0.0, seed=5)

==================================================
Model parameter count per layer
==================================================
fc1.weight 	: 401408
fc1.bias 	: 512
fc2.weight 	: 5120
fc2.bias 	: 10
Total number of parametrs : 407050
--------------------------------------------------

====================================================================================================
LOG FORMAT: Epoch: EPOCH | Train: LOSS1 LOSS2 LOSS3 | Test: LOSS1 LOSS2 LOSS3 | Error: POP OPT GEN
====================================================================================================
Epoch:        0
Epoch:       10 | Train: 1.7122 0.073 0.0113 | Test: 1.7044 0.0728 0.0113 | Error: 0.00524 0.00516 8e-05
Epoch:       25 | Train: 1.2415 0.055 0.0094 | Test: 1.2225 0.0542 0.0093 | Error: 0.00623 0.00613 0.0001
Epoch:       50 | Train: 0.8954 0.0395 0.0073 | Test: 0.8727 0.0385 0.0072 | Error: 0.00539 0.00534 6e-05
Epoch:       75 | Train: 0.7436 0.0328 0.0063 | Test: 0.7209 0.0317 0.0061 | Error: 0.00495 0.00478 0.00017
Epoch:      100 | Train: 0.6527 0.0285 0.0055 | Test: 0.6318 0.0275 0.0054 | Error: 0.00435 0.00411 0.00024
Epoch:      250 | Train: 0.4675 0.0203 0.0038 | Test: 0.4487 0.0194 0.0037 | Error: 0.00266 0.00245 0.00021
Epoch:      500 | Train: 0.3943 0.0171 0.0031 | Test: 0.3802 0.0165 0.003 | Error: 0.00251 0.00214 0.00037
Epoch:      750 | Train: 0.3614 0.0157 0.0027 | Test: 0.3493 0.0151 0.0027 | Error: 0.00226 0.00181 0.00045
Epoch:    1,000 | Train: 0.3435 0.0148 0.0026 | Test: 0.333 0.0143 0.0025 | Error: 0.00188 0.00148 0.0004
Epoch:    2,000
Epoch:    2,500 | Train: 0.3093 0.0132 0.0022 | Test: 0.3019 0.0128 0.0021 | Error: 0.00138 0.00147 -9e-05
Epoch:    3,000
Epoch:    4,000
Epoch:    5,000 | Train: 0.29 0.0122 0.002 | Test: 0.2919 0.0122 0.002 | Error: 0.00178 0.00128 0.0005
Epoch:    6,000
Epoch:    7,000
Epoch:    7,500 | Train: 0.2818 0.0117 0.0019 | Test: 0.2865 0.0119 0.0019 | Error: 0.00138 0.00103 0.00035
Epoch:    8,000
Epoch:    9,000
Epoch:  10,000 | Train: 0.2754 0.0114 0.0019 | Test: 0.281 0.0116 0.0019 | Error: 0.0015 0.00133 0.00018

====================================================================================================
PERF FORMAT: DATASET | Acuracy: ACC | Loss: LOSS1 LOSS2 LOSS3 | PS: PS
====================================================================================================
Train | Acuracy:  92.71% | Loss: 0.27543 0.01145 0.00187 | PS: 0.00133 
Val   | Acuracy:  91.47% | Loss: 0.31295 0.01306 0.00205 | PS: 0.00148 
Test  | Acuracy:  92.39% | Loss: 0.28096 0.01164 0.00186 | PS: 0.0015 
----------------------------------------------------------------------------------------------------
Optimization error  : 0.00133
Population error    : 0.0015
Generalization error: 0.00018
Script time: 5969.863426208496
