Namespace(batch_size=64, beta_moco=0.1, gamma_moco=0.1, gamma_modo=0.01, lr=0.1, moo_method='MoDo', num_epochs=10000, rho_moco=0.0, rho_modo=0.0, seed=8)

==================================================
Model parameter count per layer
==================================================
fc1.weight 	: 401408
fc1.bias 	: 512
fc2.weight 	: 5120
fc2.bias 	: 10
Total number of parametrs : 407050
--------------------------------------------------

====================================================================================================
LOG FORMAT: Epoch: EPOCH | Train: LOSS1 LOSS2 LOSS3 | Test: LOSS1 LOSS2 LOSS3 | Error: POP OPT GEN
====================================================================================================
Epoch:        0
Epoch:       10 | Train: 1.7604 0.075 0.0116 | Test: 1.7503 0.0748 0.0115 | Error: 0.00548 0.00544 3e-05
Epoch:       25 | Train: 1.2523 0.0556 0.0095 | Test: 1.233 0.0549 0.0095 | Error: 0.00696 0.00686 9e-05
Epoch:       50 | Train: 0.8866 0.039 0.0073 | Test: 0.8627 0.038 0.0072 | Error: 0.00597 0.00592 5e-05
Epoch:       75 | Train: 0.7291 0.0318 0.0061 | Test: 0.706 0.0309 0.006 | Error: 0.00542 0.00526 0.00016
Epoch:      100 | Train: 0.6346 0.0277 0.0053 | Test: 0.6118 0.0266 0.0052 | Error: 0.0038 0.00373 8e-05
Epoch:      250 | Train: 0.4525 0.0197 0.0037 | Test: 0.4334 0.0187 0.0035 | Error: 0.00294 0.00258 0.00036
Epoch:      500 | Train: 0.381 0.0166 0.003 | Test: 0.3662 0.0158 0.0028 | Error: 0.00258 0.00212 0.00046
Epoch:      750 | Train: 0.3551 0.0155 0.0027 | Test: 0.3419 0.0148 0.0026 | Error: 0.00253 0.00223 0.0003
Epoch:    1,000 | Train: 0.3359 0.0146 0.0025 | Test: 0.3255 0.014 0.0024 | Error: 0.00205 0.00155 0.0005
Epoch:    2,000
Epoch:    2,500 | Train: 0.3014 0.0129 0.0022 | Test: 0.2982 0.0127 0.0021 | Error: 0.002 0.00166 0.00034
Epoch:    3,000
Epoch:    4,000
Epoch:    5,000 | Train: 0.2815 0.012 0.002 | Test: 0.2841 0.012 0.002 | Error: 0.00172 0.00131 0.00042
Epoch:    6,000
Epoch:    7,000
Epoch:    7,500 | Train: 0.2733 0.0114 0.0019 | Test: 0.2794 0.0117 0.0019 | Error: 0.00107 0.00083 0.00024
Epoch:    8,000
Epoch:    9,000
Epoch:  10,000 | Train: 0.2694 0.0112 0.0018 | Test: 0.2785 0.0116 0.0018 | Error: 0.00146 0.0014 6e-05

====================================================================================================
PERF FORMAT: DATASET | Acuracy: ACC | Loss: LOSS1 LOSS2 LOSS3 | PS: PS
====================================================================================================
Train | Acuracy:  92.80% | Loss: 0.26944 0.01118 0.00183 | PS: 0.0014 
Val   | Acuracy:  91.60% | Loss: 0.31017 0.01258 0.00197 | PS: 0.00137 
Test  | Acuracy:  92.50% | Loss: 0.27852 0.01156 0.00184 | PS: 0.00146 
----------------------------------------------------------------------------------------------------
Optimization error  : 0.0014
Population error    : 0.00146
Generalization error: 6e-05
Script time: 3918.0178260803223
