Namespace(batch_size=64, beta_moco=0.1, gamma_moco=0.1, gamma_modo=0.01, lr=0.1, moo_method='MoDo', num_epochs=10000, rho_moco=0.0, rho_modo=0.0, seed=2)

==================================================
Model parameter count per layer
==================================================
fc1.weight 	: 401408
fc1.bias 	: 512
fc2.weight 	: 5120
fc2.bias 	: 10
Total number of parametrs : 407050
--------------------------------------------------

====================================================================================================
LOG FORMAT: Epoch: EPOCH | Train: LOSS1 LOSS2 LOSS3 | Test: LOSS1 LOSS2 LOSS3 | Error: POP OPT GEN
====================================================================================================
Epoch:        0
Epoch:       10 | Train: 1.6929 0.0731 0.0114 | Test: 1.6839 0.0728 0.0114 | Error: 0.00509 0.00507 2e-05
Epoch:       25 | Train: 1.2238 0.0541 0.0093 | Test: 1.2075 0.0535 0.0092 | Error: 0.00589 0.0058 9e-05
Epoch:       50 | Train: 0.88 0.0388 0.0072 | Test: 0.8576 0.0379 0.0071 | Error: 0.00615 0.00614 1e-05
Epoch:       75 | Train: 0.7198 0.0315 0.006 | Test: 0.6976 0.0305 0.0059 | Error: 0.00472 0.00458 0.00013
Epoch:      100 | Train: 0.6377 0.0278 0.0054 | Test: 0.6139 0.0267 0.0052 | Error: 0.00436 0.00427 9e-05
Epoch:      250 | Train: 0.4618 0.0201 0.0038 | Test: 0.4398 0.0191 0.0036 | Error: 0.00306 0.00285 0.00022
Epoch:      500 | Train: 0.3854 0.0168 0.003 | Test: 0.3658 0.0158 0.0029 | Error: 0.00195 0.00165 0.0003
Epoch:      750 | Train: 0.3571 0.0155 0.0027 | Test: 0.3411 0.0147 0.0026 | Error: 0.00183 0.0015 0.00033
Epoch:    1,000 | Train: 0.3413 0.0148 0.0025 | Test: 0.3273 0.014 0.0024 | Error: 0.00149 0.00131 0.00018
Epoch:    2,000
Epoch:    2,500 | Train: 0.3044 0.0131 0.0022 | Test: 0.2979 0.0127 0.0021 | Error: 0.0018 0.00168 0.00012
Epoch:    3,000
Epoch:    4,000
Epoch:    5,000 | Train: 0.2861 0.0121 0.002 | Test: 0.285 0.012 0.002 | Error: 0.00122 0.00113 0.0001
Epoch:    6,000
Epoch:    7,000
Epoch:    7,500 | Train: 0.2792 0.0116 0.0019 | Test: 0.2821 0.0117 0.0019 | Error: 0.00129 0.00103 0.00027
Epoch:    8,000
Epoch:    9,000
Epoch:  10,000 | Train: 0.2751 0.0113 0.0018 | Test: 0.2795 0.0115 0.0018 | Error: 0.00139 0.00097 0.00042

====================================================================================================
PERF FORMAT: DATASET | Acuracy: ACC | Loss: LOSS1 LOSS2 LOSS3 | PS: PS
====================================================================================================
Train | Acuracy:  92.80% | Loss: 0.27514 0.01129 0.00185 | PS: 0.00097 
Val   | Acuracy:  91.81% | Loss: 0.30146 0.01238 0.00196 | PS: 0.00121 
Test  | Acuracy:  92.55% | Loss: 0.27954 0.01151 0.00184 | PS: 0.00139 
----------------------------------------------------------------------------------------------------
Optimization error  : 0.00097
Population error    : 0.00139
Generalization error: 0.00042
Script time: 3879.349996805191
