Namespace(batch_size=64, beta_moco=0.1, gamma_moco=0.1, gamma_modo=0.01, lr=0.1, moo_method='MoDo', num_epochs=10000, rho_moco=0.0, rho_modo=0.0, seed=1)

==================================================
Model parameter count per layer
==================================================
fc1.weight 	: 401408
fc1.bias 	: 512
fc2.weight 	: 5120
fc2.bias 	: 10
Total number of parametrs : 407050
--------------------------------------------------

====================================================================================================
LOG FORMAT: Epoch: EPOCH | Train: LOSS1 LOSS2 LOSS3 | Test: LOSS1 LOSS2 LOSS3 | Error: POP OPT GEN
====================================================================================================
Epoch:        0
Epoch:       10 | Train: 1.7607 0.0753 0.0116 | Test: 1.7488 0.075 0.0116 | Error: 0.00516 0.00504 0.00011
Epoch:       25 | Train: 1.2612 0.0557 0.0095 | Test: 1.2389 0.0548 0.0094 | Error: 0.00613 0.00602 0.00011
Epoch:       50 | Train: 0.902 0.0398 0.0074 | Test: 0.8796 0.0388 0.0073 | Error: 0.00558 0.00553 5e-05
Epoch:       75 | Train: 0.7462 0.0327 0.0063 | Test: 0.7237 0.0317 0.0061 | Error: 0.00508 0.00495 0.00013
Epoch:      100 | Train: 0.6604 0.0289 0.0055 | Test: 0.6365 0.0278 0.0054 | Error: 0.00381 0.00374 7e-05
Epoch:      250 | Train: 0.4739 0.0206 0.0039 | Test: 0.4534 0.0197 0.0038 | Error: 0.00386 0.00346 0.0004
Epoch:      500 | Train: 0.392 0.017 0.0031 | Test: 0.3736 0.0161 0.0029 | Error: 0.0023 0.00183 0.00047
Epoch:      750 | Train: 0.3615 0.0156 0.0027 | Test: 0.3454 0.0148 0.0026 | Error: 0.0017 0.00153 0.00017
Epoch:    1,000 | Train: 0.3458 0.015 0.0026 | Test: 0.3301 0.0142 0.0025 | Error: 0.002 0.00189 0.00011
Epoch:    2,000
Epoch:    2,500 | Train: 0.3096 0.0132 0.0022 | Test: 0.3023 0.0128 0.0021 | Error: 0.00172 0.00139 0.00033
Epoch:    3,000
Epoch:    4,000
Epoch:    5,000 | Train: 0.2954 0.0123 0.002 | Test: 0.29 0.0121 0.002 | Error: 0.00119 0.00112 6e-05
Epoch:    6,000
Epoch:    7,000
Epoch:    7,500 | Train: 0.2893 0.0119 0.002 | Test: 0.2871 0.0118 0.0019 | Error: 0.00119 0.00087 0.00032
Epoch:    8,000
Epoch:    9,000
Epoch:  10,000 | Train: 0.2845 0.0117 0.0019 | Test: 0.2864 0.0118 0.0019 | Error: 0.00155 0.00107 0.00047

====================================================================================================
PERF FORMAT: DATASET | Acuracy: ACC | Loss: LOSS1 LOSS2 LOSS3 | PS: PS
====================================================================================================
Train | Acuracy:  92.47% | Loss: 0.28453 0.01169 0.00191 | PS: 0.00107 
Val   | Acuracy:  92.01% | Loss: 0.29661 0.0124 0.00199 | PS: 0.00117 
Test  | Acuracy:  92.49% | Loss: 0.28642 0.01178 0.0019 | PS: 0.00155 
----------------------------------------------------------------------------------------------------
Optimization error  : 0.00107
Population error    : 0.00155
Generalization error: 0.00047
Script time: 3893.3687756061554
