Namespace(batch_size=64, beta_moco=0.1, gamma_moco=0.1, gamma_modo=0.5, lr=0.1, moo_method='MoDo', num_epochs=1000, rho_moco=0.1, rho_modo=0.1, seed=4)

==================================================
Model parameter count per layer
==================================================
fc1.weight 	: 401408
fc1.bias 	: 512
fc2.weight 	: 5120
fc2.bias 	: 10
Total number of parametrs : 407050
--------------------------------------------------

======================================================================
LOG FORMAT: Epoch: EPOCH | Train: LOSS1 LOSS2 LOSS3
======================================================================
Epoch:      0 | Train: 2.389 0.1812 0.9669
Epoch:    100 | Train: 1.04 0.121 0.0914
Epoch:    200 | Train: 0.5729 0.0752 0.0513
Epoch:    300 | Train: 0.4106 0.0556 0.0366
Epoch:    400 | Train: 0.3678 0.045 0.0486
Epoch:    500 | Train: 0.4675 0.049 0.0765
Epoch:    600 | Train: 0.2788 0.0377 0.0217
Epoch:    700 | Train: 0.3892 0.0379 0.0621
Epoch:    800 | Train: 0.3054 0.032 0.0659
Epoch:    900 | Train: 0.1953 0.0286 0.0155
Epoch:    999 | Train: 0.3391 0.0406 0.0355

======================================================================
PERF FORMAT: DATASET | Acuracy: ACC | Loss: LOSS1 LOSS2 LOSS3 | PS: PS
======================================================================
Train | Acuracy:  89.93% | Loss: 0.34614 0.0349 0.0566 | PS: 0.04735 
Val   | Acuracy:  89.57% | Loss: 0.36273 0.03575 0.06006 | PS: 0.04557 
Test  | Acuracy:  90.29% | Loss: 0.34014 0.03369 0.05731 | PS: 0.04461 
----------------------------------------------------------------------
Optimization error  : 0.04735
Population error    : 0.04461
Generalization error: -0.00275
