Namespace(batch_size=64, beta_moco=0.1, gamma_moco=0.1, gamma_modo=0.001, lr=0.1, moo_method='MoDo', num_epochs=1000, rho_moco=0.1, rho_modo=0.1, seed=7)

==================================================
Model parameter count per layer
==================================================
fc1.weight 	: 401408
fc1.bias 	: 512
fc2.weight 	: 5120
fc2.bias 	: 10
Total number of parametrs : 407050
--------------------------------------------------

======================================================================
LOG FORMAT: Epoch: EPOCH | Train: LOSS1 LOSS2 LOSS3
======================================================================
Epoch:      0 | Train: 2.3284 0.18 0.9007
Epoch:    100 | Train: 0.4489 0.058 0.055
Epoch:    200 | Train: 0.4886 0.0476 0.0772
Epoch:    300 | Train: 0.508 0.0441 0.0884
Epoch:    400 | Train: 0.7189 0.0476 0.188
Epoch:    500 | Train: 0.1035 0.0176 0.0025
Epoch:    600 | Train: 0.187 0.0267 0.0155
Epoch:    700 | Train: 0.2965 0.03 0.0393
Epoch:    800 | Train: 0.3527 0.0352 0.0557
Epoch:    900 | Train: 0.176 0.0221 0.0209
Epoch:    999 | Train: 0.3699 0.0401 0.0548

======================================================================
PERF FORMAT: DATASET | Acuracy: ACC | Loss: LOSS1 LOSS2 LOSS3 | PS: PS
======================================================================
Train | Acuracy:  90.72% | Loss: 0.31932 0.03119 0.05347 | PS: 0.03364 
Val   | Acuracy:  90.82% | Loss: 0.32598 0.03136 0.05556 | PS: 0.03622 
Test  | Acuracy:  90.72% | Loss: 0.31561 0.03056 0.05387 | PS: 0.04042 
----------------------------------------------------------------------
Optimization error  : 0.03364
Population error    : 0.04042
Generalization error: 0.00678
