Namespace(batch_size=64, beta_moco=0.1, gamma_moco=0.1, gamma_modo=0.01, lr=0.1, moo_method='MoDo', num_epochs=1000, rho_moco=0.1, rho_modo=0.1, seed=6)

==================================================
Model parameter count per layer
==================================================
fc1.weight 	: 401408
fc1.bias 	: 512
fc2.weight 	: 5120
fc2.bias 	: 10
Total number of parametrs : 407050
--------------------------------------------------

======================================================================
LOG FORMAT: Epoch: EPOCH | Train: LOSS1 LOSS2 LOSS3
======================================================================
Epoch:      0 | Train: 2.3515 0.1806 0.9289
Epoch:    100 | Train: 0.5657 0.0624 0.09
Epoch:    200 | Train: 0.3287 0.0442 0.0362
Epoch:    300 | Train: 0.4514 0.0537 0.0569
Epoch:    400 | Train: 0.5646 0.0405 0.109
Epoch:    500 | Train: 0.3456 0.0381 0.0491
Epoch:    600 | Train: 0.3662 0.0364 0.0639
Epoch:    700 | Train: 0.365 0.0359 0.063
Epoch:    800 | Train: 0.1747 0.0245 0.0141
Epoch:    900 | Train: 0.5432 0.0393 0.0879
Epoch:    999 | Train: 0.6303 0.0513 0.1506

======================================================================
PERF FORMAT: DATASET | Acuracy: ACC | Loss: LOSS1 LOSS2 LOSS3 | PS: PS
======================================================================
Train | Acuracy:  90.96% | Loss: 0.31951 0.03244 0.05236 | PS: 0.02692 
Val   | Acuracy:  90.32% | Loss: 0.32799 0.03322 0.05563 | PS: 0.02732 
Test  | Acuracy:  91.32% | Loss: 0.30988 0.03154 0.05106 | PS: 0.03031 
----------------------------------------------------------------------
Optimization error  : 0.02692
Population error    : 0.03031
Generalization error: 0.00338
