Namespace(batch_size=64, beta_moco=0.1, gamma_moco=0.1, gamma_modo=0.5, lr=0.1, moo_method='MoDo', num_epochs=1000, rho_moco=0.1, rho_modo=0.1, seed=6)

==================================================
Model parameter count per layer
==================================================
fc1.weight 	: 401408
fc1.bias 	: 512
fc2.weight 	: 5120
fc2.bias 	: 10
Total number of parametrs : 407050
--------------------------------------------------

======================================================================
LOG FORMAT: Epoch: EPOCH | Train: LOSS1 LOSS2 LOSS3
======================================================================
Epoch:      0 | Train: 2.3515 0.1806 0.9289
Epoch:    100 | Train: 1.0807 0.123 0.1261
Epoch:    200 | Train: 0.596 0.0777 0.0501
Epoch:    300 | Train: 0.5559 0.0703 0.0562
Epoch:    400 | Train: 0.5794 0.0497 0.1105
Epoch:    500 | Train: 0.3944 0.0453 0.0534
Epoch:    600 | Train: 0.3979 0.0409 0.067
Epoch:    700 | Train: 0.3712 0.0383 0.0618
Epoch:    800 | Train: 0.1879 0.0264 0.0148
Epoch:    900 | Train: 0.5465 0.0413 0.0886
Epoch:    999 | Train: 0.6382 0.0536 0.1504

======================================================================
PERF FORMAT: DATASET | Acuracy: ACC | Loss: LOSS1 LOSS2 LOSS3 | PS: PS
======================================================================
Train | Acuracy:  90.67% | Loss: 0.33043 0.03445 0.05292 | PS: 0.02915 
Val   | Acuracy:  90.10% | Loss: 0.33789 0.03513 0.05585 | PS: 0.02954 
Test  | Acuracy:  91.04% | Loss: 0.31945 0.03346 0.05135 | PS: 0.0326 
----------------------------------------------------------------------
Optimization error  : 0.02915
Population error    : 0.0326
Generalization error: 0.00345
