Namespace(batch_size=64, beta_moco=0.1, gamma_moco=0.1, gamma_modo=0.05, lr=0.1, moo_method='MoDo', num_epochs=1000, rho_moco=0.1, rho_modo=0.1, seed=5)

==================================================
Model parameter count per layer
==================================================
fc1.weight 	: 401408
fc1.bias 	: 512
fc2.weight 	: 5120
fc2.bias 	: 10
Total number of parametrs : 407050
--------------------------------------------------

======================================================================
LOG FORMAT: Epoch: EPOCH | Train: LOSS1 LOSS2 LOSS3
======================================================================
Epoch:      0 | Train: 2.2981 0.1796 0.8762
Epoch:    100 | Train: 0.7757 0.0915 0.092
Epoch:    200 | Train: 0.6215 0.0752 0.0794
Epoch:    300 | Train: 0.5431 0.0616 0.0875
Epoch:    400 | Train: 0.3445 0.0454 0.0342
Epoch:    500 | Train: 0.2517 0.0357 0.021
Epoch:    600 | Train: 0.3506 0.0428 0.0475
Epoch:    700 | Train: 0.3252 0.0292 0.0514
Epoch:    800 | Train: 0.2154 0.0292 0.0203
Epoch:    900 | Train: 0.3499 0.0356 0.0702
Epoch:    999 | Train: 0.3715 0.0416 0.0559

======================================================================
PERF FORMAT: DATASET | Acuracy: ACC | Loss: LOSS1 LOSS2 LOSS3 | PS: PS
======================================================================
Train | Acuracy:  90.89% | Loss: 0.32135 0.03288 0.05245 | PS: 0.01853 
Val   | Acuracy:  90.04% | Loss: 0.34956 0.03413 0.06028 | PS: 0.02046 
Test  | Acuracy:  91.08% | Loss: 0.31274 0.03178 0.05168 | PS: 0.01971 
----------------------------------------------------------------------
Optimization error  : 0.01853
Population error    : 0.01971
Generalization error: 0.00119
