Namespace(batch_size=64, beta_moco=0.1, gamma_moco=0.1, gamma_modo=0.005, lr=0.1, moo_method='MoDo', num_epochs=1000, rho_moco=0.1, rho_modo=0.1, seed=5)

==================================================
Model parameter count per layer
==================================================
fc1.weight 	: 401408
fc1.bias 	: 512
fc2.weight 	: 5120
fc2.bias 	: 10
Total number of parametrs : 407050
--------------------------------------------------

======================================================================
LOG FORMAT: Epoch: EPOCH | Train: LOSS1 LOSS2 LOSS3
======================================================================
Epoch:      0 | Train: 2.2981 0.1796 0.8762
Epoch:    100 | Train: 0.5762 0.0657 0.0818
Epoch:    200 | Train: 0.4717 0.0567 0.06
Epoch:    300 | Train: 0.4698 0.0497 0.0843
Epoch:    400 | Train: 0.2839 0.0371 0.0281
Epoch:    500 | Train: 0.2117 0.0295 0.0194
Epoch:    600 | Train: 0.3322 0.0382 0.0506
Epoch:    700 | Train: 0.3068 0.0265 0.048
Epoch:    800 | Train: 0.1916 0.026 0.0192
Epoch:    900 | Train: 0.3324 0.0334 0.0656
Epoch:    999 | Train: 0.3547 0.0399 0.0535

======================================================================
PERF FORMAT: DATASET | Acuracy: ACC | Loss: LOSS1 LOSS2 LOSS3 | PS: PS
======================================================================
Train | Acuracy:  91.22% | Loss: 0.30994 0.03084 0.05174 | PS: 0.01894 
Val   | Acuracy:  90.21% | Loss: 0.34073 0.0322 0.06034 | PS: 0.02051 
Test  | Acuracy:  91.22% | Loss: 0.30394 0.02993 0.05147 | PS: 0.0202 
----------------------------------------------------------------------
Optimization error  : 0.01894
Population error    : 0.0202
Generalization error: 0.00126
