Namespace(batch_size=64, beta_moco=0.1, gamma_moco=0.1, gamma_modo=0.05, lr=0.1, moo_method='MoDo', num_epochs=1000, rho_moco=0.1, rho_modo=0.1, seed=8)

==================================================
Model parameter count per layer
==================================================
fc1.weight 	: 401408
fc1.bias 	: 512
fc2.weight 	: 5120
fc2.bias 	: 10
Total number of parametrs : 407050
--------------------------------------------------

======================================================================
LOG FORMAT: Epoch: EPOCH | Train: LOSS1 LOSS2 LOSS3
======================================================================
Epoch:      0 | Train: 2.3867 0.1813 0.961
Epoch:    100 | Train: 0.7087 0.0894 0.0644
Epoch:    200 | Train: 0.6634 0.0731 0.1017
Epoch:    300 | Train: 0.3529 0.0495 0.0276
Epoch:    400 | Train: 0.704 0.062 0.1588
Epoch:    500 | Train: 0.4626 0.0474 0.078
Epoch:    600 | Train: 0.3266 0.0361 0.0528
Epoch:    700 | Train: 0.2213 0.0281 0.023
Epoch:    800 | Train: 0.2238 0.0252 0.0294
Epoch:    900 | Train: 0.4128 0.0398 0.0614
Epoch:    999 | Train: 0.481 0.0378 0.1194

======================================================================
PERF FORMAT: DATASET | Acuracy: ACC | Loss: LOSS1 LOSS2 LOSS3 | PS: PS
======================================================================
Train | Acuracy:  90.98% | Loss: 0.32066 0.03254 0.05254 | PS: 0.022 
Val   | Acuracy:  90.57% | Loss: 0.34189 0.03331 0.05972 | PS: 0.02211 
Test  | Acuracy:  91.30% | Loss: 0.3126 0.03137 0.05264 | PS: 0.02551 
----------------------------------------------------------------------
Optimization error  : 0.022
Population error    : 0.02551
Generalization error: 0.00351
