Namespace(batch_size=64, beta_moco=0.1, gamma_moco=0.1, gamma_modo=0.05, lr=0.1, moo_method='MoDo', num_epochs=1000, rho_moco=0.1, rho_modo=0.1, seed=7)

==================================================
Model parameter count per layer
==================================================
fc1.weight 	: 401408
fc1.bias 	: 512
fc2.weight 	: 5120
fc2.bias 	: 10
Total number of parametrs : 407050
--------------------------------------------------

======================================================================
LOG FORMAT: Epoch: EPOCH | Train: LOSS1 LOSS2 LOSS3
======================================================================
Epoch:      0 | Train: 2.3284 0.18 0.9007
Epoch:    100 | Train: 0.7037 0.0893 0.0665
Epoch:    200 | Train: 0.5944 0.0663 0.0853
Epoch:    300 | Train: 0.5657 0.0535 0.0951
Epoch:    400 | Train: 0.6934 0.0544 0.1679
Epoch:    500 | Train: 0.1244 0.021 0.0034
Epoch:    600 | Train: 0.2219 0.0312 0.0199
Epoch:    700 | Train: 0.3115 0.0322 0.045
Epoch:    800 | Train: 0.3714 0.0372 0.0594
Epoch:    900 | Train: 0.1887 0.0239 0.022
Epoch:    999 | Train: 0.3868 0.0423 0.0575

======================================================================
PERF FORMAT: DATASET | Acuracy: ACC | Loss: LOSS1 LOSS2 LOSS3 | PS: PS
======================================================================
Train | Acuracy:  90.56% | Loss: 0.32728 0.0329 0.05376 | PS: 0.03104 
Val   | Acuracy:  90.76% | Loss: 0.33075 0.03298 0.05518 | PS: 0.03355 
Test  | Acuracy:  90.67% | Loss: 0.31967 0.032 0.05339 | PS: 0.03752 
----------------------------------------------------------------------
Optimization error  : 0.03104
Population error    : 0.03752
Generalization error: 0.00648
