Namespace(batch_size=64, beta_moco=0.1, gamma_moco=0.1, gamma_modo=0.005, lr=0.1, moo_method='MoDo', num_epochs=1000, rho_moco=0.1, rho_modo=0.1, seed=9)

==================================================
Model parameter count per layer
==================================================
fc1.weight 	: 401408
fc1.bias 	: 512
fc2.weight 	: 5120
fc2.bias 	: 10
Total number of parametrs : 407050
--------------------------------------------------

======================================================================
LOG FORMAT: Epoch: EPOCH | Train: LOSS1 LOSS2 LOSS3
======================================================================
Epoch:      0 | Train: 2.3852 0.1812 0.9629
Epoch:    100 | Train: 0.5181 0.0613 0.0772
Epoch:    200 | Train: 0.4741 0.0494 0.067
Epoch:    300 | Train: 0.3029 0.0379 0.0473
Epoch:    400 | Train: 0.4109 0.035 0.0662
Epoch:    500 | Train: 0.2504 0.0314 0.0199
Epoch:    600 | Train: 0.4459 0.0415 0.0892
Epoch:    700 | Train: 0.3536 0.0348 0.0545
Epoch:    800 | Train: 0.3861 0.0391 0.073
Epoch:    900 | Train: 0.2433 0.0285 0.0285
Epoch:    999 | Train: 0.6188 0.0383 0.1639

======================================================================
PERF FORMAT: DATASET | Acuracy: ACC | Loss: LOSS1 LOSS2 LOSS3 | PS: PS
======================================================================
Train | Acuracy:  91.19% | Loss: 0.31456 0.03156 0.05183 | PS: 0.01905 
Val   | Acuracy:  90.96% | Loss: 0.32379 0.03188 0.0547 | PS: 0.02088 
Test  | Acuracy:  91.38% | Loss: 0.30663 0.03049 0.05151 | PS: 0.02412 
----------------------------------------------------------------------
Optimization error  : 0.01905
Population error    : 0.02412
Generalization error: 0.00506
