Namespace(batch_size=64, beta_moco=0.1, gamma_moco=0.1, gamma_modo=0.1, lr=0.1, moo_method='MoDo', num_epochs=1000, rho_moco=0.1, rho_modo=0.1, seed=5)

==================================================
Model parameter count per layer
==================================================
fc1.weight 	: 401408
fc1.bias 	: 512
fc2.weight 	: 5120
fc2.bias 	: 10
Total number of parametrs : 407050
--------------------------------------------------

======================================================================
LOG FORMAT: Epoch: EPOCH | Train: LOSS1 LOSS2 LOSS3
======================================================================
Epoch:      0 | Train: 2.2981 0.1796 0.8762
Epoch:    100 | Train: 0.9777 0.1124 0.1115
Epoch:    200 | Train: 0.7232 0.0873 0.0884
Epoch:    300 | Train: 0.5816 0.0678 0.0882
Epoch:    400 | Train: 0.3721 0.0492 0.0374
Epoch:    500 | Train: 0.2656 0.0378 0.0216
Epoch:    600 | Train: 0.3583 0.0443 0.0474
Epoch:    700 | Train: 0.3284 0.0299 0.0518
Epoch:    800 | Train: 0.2197 0.0299 0.0203
Epoch:    900 | Train: 0.3534 0.0361 0.0699
Epoch:    999 | Train: 0.3717 0.0418 0.0556

======================================================================
PERF FORMAT: DATASET | Acuracy: ACC | Loss: LOSS1 LOSS2 LOSS3 | PS: PS
======================================================================
Train | Acuracy:  90.90% | Loss: 0.32224 0.03311 0.05237 | PS: 0.01756 
Val   | Acuracy:  90.04% | Loss: 0.35008 0.03436 0.06008 | PS: 0.01982 
Test  | Acuracy:  91.10% | Loss: 0.31352 0.032 0.0516 | PS: 0.01904 
----------------------------------------------------------------------
Optimization error  : 0.01756
Population error    : 0.01904
Generalization error: 0.00149
