Namespace(batch_size=64, beta_moco=0.1, gamma_moco=0.1, gamma_modo=0.1, lr=0.1, moo_method='MoDo', num_epochs=1000, rho_moco=0.1, rho_modo=0.1, seed=2)

==================================================
Model parameter count per layer
==================================================
fc1.weight 	: 401408
fc1.bias 	: 512
fc2.weight 	: 5120
fc2.bias 	: 10
Total number of parametrs : 407050
--------------------------------------------------

======================================================================
LOG FORMAT: Epoch: EPOCH | Train: LOSS1 LOSS2 LOSS3
======================================================================
Epoch:      0 | Train: 2.2467 0.1783 0.8182
Epoch:    100 | Train: 0.9345 0.111 0.0926
Epoch:    200 | Train: 0.6082 0.0738 0.0787
Epoch:    300 | Train: 0.5642 0.0616 0.0894
Epoch:    400 | Train: 0.5461 0.0545 0.0981
Epoch:    500 | Train: 0.4797 0.0466 0.0825
Epoch:    600 | Train: 0.4013 0.0398 0.0737
Epoch:    700 | Train: 0.3238 0.0404 0.0331
Epoch:    800 | Train: 0.4116 0.0323 0.0979
Epoch:    900 | Train: 0.3491 0.027 0.0893
Epoch:    999 | Train: 0.3121 0.0313 0.0572

======================================================================
PERF FORMAT: DATASET | Acuracy: ACC | Loss: LOSS1 LOSS2 LOSS3 | PS: PS
======================================================================
Train | Acuracy:  90.66% | Loss: 0.32747 0.0336 0.0522 | PS: 0.03284 
Val   | Acuracy:  90.37% | Loss: 0.34024 0.03379 0.0566 | PS: 0.0336 
Test  | Acuracy:  91.00% | Loss: 0.3216 0.03258 0.05266 | PS: 0.03609 
----------------------------------------------------------------------
Optimization error  : 0.03284
Population error    : 0.03609
Generalization error: 0.00325
