Namespace(batch_size=64, beta_moco=0.1, gamma_moco=0.1, gamma_modo=0.001, lr=0.1, moo_method='MoDo', num_epochs=1000, rho_moco=0.1, rho_modo=0.1, seed=8)

==================================================
Model parameter count per layer
==================================================
fc1.weight 	: 401408
fc1.bias 	: 512
fc2.weight 	: 5120
fc2.bias 	: 10
Total number of parametrs : 407050
--------------------------------------------------

======================================================================
LOG FORMAT: Epoch: EPOCH | Train: LOSS1 LOSS2 LOSS3
======================================================================
Epoch:      0 | Train: 2.3867 0.1813 0.961
Epoch:    100 | Train: 0.3862 0.0506 0.0396
Epoch:    200 | Train: 0.545 0.0496 0.1032
Epoch:    300 | Train: 0.2601 0.0348 0.0252
Epoch:    400 | Train: 0.7095 0.0532 0.1735
Epoch:    500 | Train: 0.4235 0.0405 0.0759
Epoch:    600 | Train: 0.3127 0.0322 0.0548
Epoch:    700 | Train: 0.2062 0.0253 0.0209
Epoch:    800 | Train: 0.2066 0.022 0.0281
Epoch:    900 | Train: 0.3985 0.0371 0.0608
Epoch:    999 | Train: 0.4777 0.0358 0.1231

======================================================================
PERF FORMAT: DATASET | Acuracy: ACC | Loss: LOSS1 LOSS2 LOSS3 | PS: PS
======================================================================
Train | Acuracy:  91.32% | Loss: 0.30875 0.03031 0.05191 | PS: 0.02305 
Val   | Acuracy:  90.87% | Loss: 0.33344 0.03122 0.0599 | PS: 0.02355 
Test  | Acuracy:  91.61% | Loss: 0.30369 0.02931 0.05256 | PS: 0.02488 
----------------------------------------------------------------------
Optimization error  : 0.02305
Population error    : 0.02488
Generalization error: 0.00183
