Namespace(batch_size=64, beta_moco=0.1, gamma_moco=0.1, gamma_modo=0.01, lr=0.1, moo_method='MoDo', num_epochs=1000, num_samples_modo=3, rho_moco=0.1, rho_modo=0.0, seed=9)

==================================================
Model parameter count per layer
==================================================
fc1.weight 	: 401408
fc1.bias 	: 512
fc2.weight 	: 5120
fc2.bias 	: 10
Total number of parametrs : 407050
--------------------------------------------------

======================================================================
LOG FORMAT: Epoch: EPOCH | Train: LOSS1 LOSS2 LOSS3
======================================================================
Epoch:      0 | Train: 2.3684 0.1809 0.9444
Epoch:    100 | Train: 0.6534 0.0762 0.0838
Epoch:    200 | Train: 0.3257 0.0455 0.0292
Epoch:    300 | Train: 0.3474 0.0418 0.0479
Epoch:    400 | Train: 0.4363 0.0454 0.074
Epoch:    500 | Train: 0.364 0.04 0.0533
Epoch:    600 | Train: 0.3879 0.0404 0.0529
Epoch:    700 | Train: 0.5578 0.0429 0.1472
Epoch:    800 | Train: 0.42 0.0375 0.0822
Epoch:    900 | Train: 0.5577 0.0408 0.1276
Epoch:    999 | Train: 0.372 0.0355 0.0637

======================================================================
PERF FORMAT: DATASET | Acuracy: ACC | Loss: LOSS1 LOSS2 LOSS3 | PS: PS
======================================================================
Train | Acuracy:  90.26% | Loss: 0.33675 0.03418 0.05501 | PS: 0.02832 
Val   | Acuracy:  89.98% | Loss: 0.34264 0.03423 0.05782 | PS: 0.02956 
Test  | Acuracy:  90.61% | Loss: 0.32542 0.03293 0.05381 | PS: 0.03004 
----------------------------------------------------------------------
Optimization error  : 0.02832
Population error    : 0.03004
Generalization error: 0.00172
Script time: 333.53093361854553
