Namespace(batch_size=64, beta_moco=0.1, gamma_moco=0.1, gamma_modo=0.01, lr=0.1, moo_method='MoDo', num_epochs=1000, num_samples_modo=3, rho_moco=0.1, rho_modo=0.0, seed=2)

==================================================
Model parameter count per layer
==================================================
fc1.weight 	: 401408
fc1.bias 	: 512
fc2.weight 	: 5120
fc2.bias 	: 10
Total number of parametrs : 407050
--------------------------------------------------

======================================================================
LOG FORMAT: Epoch: EPOCH | Train: LOSS1 LOSS2 LOSS3
======================================================================
Epoch:      0 | Train: 2.2638 0.1786 0.8356
Epoch:    100 | Train: 0.596 0.0714 0.0816
Epoch:    200 | Train: 0.6222 0.058 0.1409
Epoch:    300 | Train: 0.3728 0.0435 0.0441
Epoch:    400 | Train: 0.428 0.0428 0.0733
Epoch:    500 | Train: 0.4435 0.0432 0.0831
Epoch:    600 | Train: 0.3621 0.0318 0.0838
Epoch:    700 | Train: 0.3179 0.0297 0.0437
Epoch:    800 | Train: 0.2728 0.0327 0.0417
Epoch:    900 | Train: 0.3654 0.036 0.0599
Epoch:    999 | Train: 0.3971 0.0368 0.073

======================================================================
PERF FORMAT: DATASET | Acuracy: ACC | Loss: LOSS1 LOSS2 LOSS3 | PS: PS
======================================================================
Train | Acuracy:  90.61% | Loss: 0.33359 0.03374 0.0546 | PS: 0.02869 
Val   | Acuracy:  90.10% | Loss: 0.34685 0.03409 0.05917 | PS: 0.031 
Test  | Acuracy:  91.02% | Loss: 0.32033 0.03226 0.05318 | PS: 0.02874 
----------------------------------------------------------------------
Optimization error  : 0.02869
Population error    : 0.02874
Generalization error: 5e-05
Script time: 332.95795822143555
