Namespace(batch_size=64, beta_moco=0.1, gamma_moco=0.1, gamma_modo=0.01, lr=0.05, moo_method='MoDo', num_epochs=1000, num_samples_modo=3, rho_moco=0.1, rho_modo=0.0, seed=3)

==================================================
Model parameter count per layer
==================================================
fc1.weight 	: 401408
fc1.bias 	: 512
fc2.weight 	: 5120
fc2.bias 	: 10
Total number of parametrs : 407050
--------------------------------------------------

======================================================================
LOG FORMAT: Epoch: EPOCH | Train: LOSS1 LOSS2 LOSS3
======================================================================
Epoch:      0 | Train: 2.3537 0.1803 0.9227
Epoch:    100 | Train: 0.8725 0.1002 0.1175
Epoch:    200 | Train: 0.5346 0.0685 0.0534
Epoch:    300 | Train: 0.4741 0.0591 0.0487
Epoch:    400 | Train: 0.4527 0.0602 0.0398
Epoch:    500 | Train: 0.5017 0.0518 0.0954
Epoch:    600 | Train: 0.3518 0.0417 0.0451
Epoch:    700 | Train: 0.3642 0.0429 0.048
Epoch:    800 | Train: 0.4357 0.0488 0.054
Epoch:    900 | Train: 0.3644 0.0419 0.0534
Epoch:    999 | Train: 0.4175 0.0467 0.0629

======================================================================
PERF FORMAT: DATASET | Acuracy: ACC | Loss: LOSS1 LOSS2 LOSS3 | PS: PS
======================================================================
Train | Acuracy:  89.48% | Loss: 0.38105 0.04212 0.05754 | PS: 0.02457 
Val   | Acuracy:  88.90% | Loss: 0.39266 0.04293 0.06084 | PS: 0.02761 
Test  | Acuracy:  90.04% | Loss: 0.36545 0.04082 0.05441 | PS: 0.02782 
----------------------------------------------------------------------
Optimization error  : 0.02457
Population error    : 0.02782
Generalization error: 0.00325
Script time: 329.2512626647949
