Namespace(batch_size=64, beta_moco=0.1, gamma_moco=0.1, gamma_modo=0.01, lr=1.0, moo_method='MoDo', num_epochs=1000, num_samples_modo=3, rho_moco=0.0, rho_modo=0.0, seed=6)

==================================================
Model parameter count per layer
==================================================
fc1.weight 	: 401408
fc1.bias 	: 512
fc2.weight 	: 5120
fc2.bias 	: 10
Total number of parametrs : 407050
--------------------------------------------------

======================================================================
LOG FORMAT: Epoch: EPOCH | Train: LOSS1 LOSS2 LOSS3
======================================================================
Epoch:      0 | Train: 2.3443 0.1804 0.9214
Epoch:    100 | Train: 0.8475 0.0642 0.1596
Epoch:    200 | Train: 0.5382 0.0437 0.0955
Epoch:    300 | Train: 0.3983 0.0343 0.0619
Epoch:    400 | Train: 0.4467 0.0316 0.1035
Epoch:    500 | Train: 0.4165 0.0258 0.1027
Epoch:    600 | Train: 0.7639 0.0306 0.1396
Epoch:    700 | Train: 0.9081 0.0281 0.2094
Epoch:    800 | Train: 0.4152 0.0286 0.0716
Epoch:    900 | Train: 0.3169 0.0303 0.0505
Epoch:    999 | Train: 0.7187 0.0394 0.1661

======================================================================
PERF FORMAT: DATASET | Acuracy: ACC | Loss: LOSS1 LOSS2 LOSS3 | PS: PS
======================================================================
Train | Acuracy:  88.24% | Loss: 0.43436 0.02903 0.07682 | PS: 0.06058 
Val   | Acuracy:  87.83% | Loss: 0.4498 0.03024 0.08141 | PS: 0.06265 
Test  | Acuracy:  88.23% | Loss: 0.43827 0.02906 0.0785 | PS: 0.06518 
----------------------------------------------------------------------
Optimization error  : 0.06058
Population error    : 0.06518
Generalization error: 0.00459
Script time: 336.23814034461975
