Namespace(batch_size=64, beta_moco=0.1, gamma_moco=0.1, gamma_modo=0.01, lr=0.01, moo_method='MoDo', num_epochs=1000, num_samples_modo=3, rho_moco=0.1, rho_modo=0.0, seed=8)

==================================================
Model parameter count per layer
==================================================
fc1.weight 	: 401408
fc1.bias 	: 512
fc2.weight 	: 5120
fc2.bias 	: 10
Total number of parametrs : 407050
--------------------------------------------------

======================================================================
LOG FORMAT: Epoch: EPOCH | Train: LOSS1 LOSS2 LOSS3
======================================================================
Epoch:      0 | Train: 2.3609 0.1808 0.9356
Epoch:    100 | Train: 1.6499 0.1595 0.2776
Epoch:    200 | Train: 1.4177 0.1471 0.1799
Epoch:    300 | Train: 1.4199 0.1469 0.1981
Epoch:    400 | Train: 1.3293 0.1414 0.1618
Epoch:    500 | Train: 1.2824 0.1382 0.1515
Epoch:    600 | Train: 1.1652 0.129 0.1375
Epoch:    700 | Train: 1.1611 0.1274 0.1441
Epoch:    800 | Train: 0.9085 0.1108 0.0719
Epoch:    900 | Train: 0.99 0.1138 0.1131
Epoch:    999 | Train: 0.9382 0.1091 0.1021

======================================================================
PERF FORMAT: DATASET | Acuracy: ACC | Loss: LOSS1 LOSS2 LOSS3 | PS: PS
======================================================================
Train | Acuracy:  82.77% | Loss: 0.93196 0.10899 0.10246 | PS: 0.06475 
Val   | Acuracy:  82.09% | Loss: 0.93517 0.10892 0.10541 | PS: 0.06573 
Test  | Acuracy:  83.46% | Loss: 0.90947 0.10745 0.09648 | PS: 0.06645 
----------------------------------------------------------------------
Optimization error  : 0.06475
Population error    : 0.06645
Generalization error: 0.0017
Script time: 459.4222345352173
