Namespace(batch_size=64, beta_moco=0.1, gamma_moco=0.1, gamma_modo=0.01, lr=1.0, moo_method='MoDo', num_epochs=1000, num_samples_modo=3, rho_moco=0.0, rho_modo=0.0, seed=2)

==================================================
Model parameter count per layer
==================================================
fc1.weight 	: 401408
fc1.bias 	: 512
fc2.weight 	: 5120
fc2.bias 	: 10
Total number of parametrs : 407050
--------------------------------------------------

======================================================================
LOG FORMAT: Epoch: EPOCH | Train: LOSS1 LOSS2 LOSS3
======================================================================
Epoch:      0 | Train: 2.2638 0.1786 0.8356
Epoch:    100 | Train: 0.4789 0.0463 0.0784
Epoch:    200 | Train: 0.7571 0.0459 0.2037
Epoch:    300 | Train: 0.484 0.0336 0.0891
Epoch:    400 | Train: 0.4827 0.0354 0.0834
Epoch:    500 | Train: 0.5415 0.0357 0.1422
Epoch:    600 | Train: 0.4051 0.0231 0.0953
Epoch:    700 | Train: 0.4595 0.0242 0.0767
Epoch:    800 | Train: 0.3545 0.0321 0.067
Epoch:    900 | Train: 0.4382 0.0293 0.0755
Epoch:    999 | Train: 0.4713 0.0304 0.0949

======================================================================
PERF FORMAT: DATASET | Acuracy: ACC | Loss: LOSS1 LOSS2 LOSS3 | PS: PS
======================================================================
Train | Acuracy:  90.07% | Loss: 0.38287 0.0269 0.06924 | PS: 0.0425 
Val   | Acuracy:  89.14% | Loss: 0.41455 0.02815 0.07934 | PS: 0.04451 
Test  | Acuracy:  90.37% | Loss: 0.3689 0.02576 0.06819 | PS: 0.04015 
----------------------------------------------------------------------
Optimization error  : 0.0425
Population error    : 0.04015
Generalization error: -0.00235
Script time: 849.7690258026123
