Namespace(batch_size=64, beta_moco=0.1, gamma_moco=0.1, gamma_modo=0.01, lr=0.05, moo_method='MoDo', num_epochs=1000, num_samples_modo=3, rho_moco=0.1, rho_modo=0.0, seed=0)

==================================================
Model parameter count per layer
==================================================
fc1.weight 	: 401408
fc1.bias 	: 512
fc2.weight 	: 5120
fc2.bias 	: 10
Total number of parametrs : 407050
--------------------------------------------------

======================================================================
LOG FORMAT: Epoch: EPOCH | Train: LOSS1 LOSS2 LOSS3
======================================================================
Epoch:      0 | Train: 2.319 0.1801 0.902
Epoch:    100 | Train: 0.9039 0.1013 0.1299
Epoch:    200 | Train: 0.62 0.0733 0.0801
Epoch:    300 | Train: 0.5778 0.0678 0.0711
Epoch:    400 | Train: 0.5352 0.0636 0.0747
Epoch:    500 | Train: 0.3344 0.0434 0.0379
Epoch:    600 | Train: 0.433 0.0476 0.0604
Epoch:    700 | Train: 0.3638 0.0423 0.0461
Epoch:    800 | Train: 0.4807 0.0538 0.077
Epoch:    900 | Train: 0.4552 0.0423 0.1073
Epoch:    999 | Train: 0.2742 0.0367 0.0231

======================================================================
PERF FORMAT: DATASET | Acuracy: ACC | Loss: LOSS1 LOSS2 LOSS3 | PS: PS
======================================================================
Train | Acuracy:  89.32% | Loss: 0.38462 0.04245 0.05829 | PS: 0.02309 
Val   | Acuracy:  89.40% | Loss: 0.39019 0.0429 0.05928 | PS: 0.02385 
Test  | Acuracy:  89.86% | Loss: 0.36837 0.04099 0.05508 | PS: 0.02755 
----------------------------------------------------------------------
Optimization error  : 0.02309
Population error    : 0.02755
Generalization error: 0.00446
Script time: 487.02040576934814
