Namespace(batch_size=64, beta_moco=0.1, gamma_moco=0.1, gamma_modo=0.01, lr=0.005, moo_method='MoDo', num_epochs=1000, num_samples_modo=3, rho_moco=0.1, rho_modo=0.0, seed=4)

==================================================
Model parameter count per layer
==================================================
fc1.weight 	: 401408
fc1.bias 	: 512
fc2.weight 	: 5120
fc2.bias 	: 10
Total number of parametrs : 407050
--------------------------------------------------

======================================================================
LOG FORMAT: Epoch: EPOCH | Train: LOSS1 LOSS2 LOSS3
======================================================================
Epoch:      0 | Train: 2.3545 0.1806 0.9327
Epoch:    100 | Train: 1.9369 0.1701 0.51
Epoch:    200 | Train: 1.878 0.1682 0.452
Epoch:    300 | Train: 1.7543 0.163 0.3674
Epoch:    400 | Train: 1.7954 0.1635 0.4139
Epoch:    500 | Train: 1.8092 0.1645 0.4192
Epoch:    600 | Train: 1.7336 0.1607 0.3662
Epoch:    700 | Train: 1.7549 0.1599 0.4086
Epoch:    800 | Train: 1.6021 0.1516 0.3248
Epoch:    900 | Train: 1.5511 0.1477 0.3268
Epoch:    999 | Train: 1.5769 0.1506 0.3178

======================================================================
PERF FORMAT: DATASET | Acuracy: ACC | Loss: LOSS1 LOSS2 LOSS3 | PS: PS
======================================================================
Train | Acuracy:  57.15% | Loss: 1.6021 0.15077 0.34188 | PS: 0.06374 
Val   | Acuracy:  56.48% | Loss: 1.60462 0.15087 0.34283 | PS: 0.06363 
Test  | Acuracy:  57.37% | Loss: 1.59907 0.15064 0.33958 | PS: 0.06471 
----------------------------------------------------------------------
Optimization error  : 0.06374
Population error    : 0.06471
Generalization error: 0.00097
Script time: 323.26090025901794
