Namespace(batch_size=64, beta_moco=0.1, gamma_moco=0.1, gamma_modo=0.01, lr=0.001, moo_method='MoDo', num_epochs=1000, num_samples_modo=3, rho_moco=0.1, rho_modo=0.0, seed=5)

==================================================
Model parameter count per layer
==================================================
fc1.weight 	: 401408
fc1.bias 	: 512
fc2.weight 	: 5120
fc2.bias 	: 10
Total number of parametrs : 407050
--------------------------------------------------

======================================================================
LOG FORMAT: Epoch: EPOCH | Train: LOSS1 LOSS2 LOSS3
======================================================================
Epoch:      0 | Train: 2.2998 0.1797 0.8762
Epoch:    100 | Train: 2.1993 0.1775 0.7772
Epoch:    200 | Train: 2.2125 0.1777 0.7899
Epoch:    300 | Train: 2.2085 0.1777 0.7872
Epoch:    400 | Train: 2.1893 0.1772 0.766
Epoch:    500 | Train: 2.2152 0.1777 0.7917
Epoch:    600 | Train: 2.2004 0.1774 0.7777
Epoch:    700 | Train: 2.1817 0.177 0.7581
Epoch:    800 | Train: 2.2022 0.1774 0.7782
Epoch:    900 | Train: 2.1977 0.1774 0.7747
Epoch:    999 | Train: 2.1843 0.177 0.7585

======================================================================
PERF FORMAT: DATASET | Acuracy: ACC | Loss: LOSS1 LOSS2 LOSS3 | PS: PS
======================================================================
Train | Acuracy:  26.73% | Loss: 2.16848 0.17659 0.74367 | PS: 0.03785 
Val   | Acuracy:  25.95% | Loss: 2.16953 0.17662 0.74502 | PS: 0.03765 
Test  | Acuracy:  25.79% | Loss: 2.169 0.17661 0.74369 | PS: 0.03855 
----------------------------------------------------------------------
Optimization error  : 0.03785
Population error    : 0.03855
Generalization error: 0.0007
Script time: 317.92088055610657
