Namespace(batch_size=64, beta_moco=0.1, gamma_moco=0.1, gamma_modo=0.01, lr=0.001, moo_method='MoDo', num_epochs=1000, num_samples_modo=3, rho_moco=0.1, rho_modo=0.0, seed=0)

==================================================
Model parameter count per layer
==================================================
fc1.weight 	: 401408
fc1.bias 	: 512
fc2.weight 	: 5120
fc2.bias 	: 10
Total number of parametrs : 407050
--------------------------------------------------

======================================================================
LOG FORMAT: Epoch: EPOCH | Train: LOSS1 LOSS2 LOSS3
======================================================================
Epoch:      0 | Train: 2.319 0.1801 0.902
Epoch:    100 | Train: 2.2267 0.1781 0.8089
Epoch:    200 | Train: 2.2098 0.1778 0.7906
Epoch:    300 | Train: 2.2314 0.1783 0.8141
Epoch:    400 | Train: 2.2225 0.1781 0.8051
Epoch:    500 | Train: 2.1996 0.1776 0.7807
Epoch:    600 | Train: 2.2042 0.1776 0.7836
Epoch:    700 | Train: 2.1799 0.1771 0.7619
Epoch:    800 | Train: 2.2302 0.1781 0.8117
Epoch:    900 | Train: 2.195 0.1774 0.776
Epoch:    999 | Train: 2.2013 0.1775 0.7826

======================================================================
PERF FORMAT: DATASET | Acuracy: ACC | Loss: LOSS1 LOSS2 LOSS3 | PS: PS
======================================================================
Train | Acuracy:  28.79% | Loss: 2.18585 0.17711 0.76631 | PS: 0.037 
Val   | Acuracy:  28.91% | Loss: 2.18604 0.17711 0.76645 | PS: 0.03827 
Test  | Acuracy:  29.05% | Loss: 2.18444 0.17708 0.76465 | PS: 0.03778 
----------------------------------------------------------------------
Optimization error  : 0.037
Population error    : 0.03778
Generalization error: 0.00079
Script time: 310.9332242012024
