Namespace(batch_size=64, beta_moco=0.1, gamma_moco=0.1, gamma_modo=0.01, lr=0.1, moo_method='MoDo', num_epochs=1000, num_samples_modo=3, rho_moco=0.1, rho_modo=0.0, seed=1)

==================================================
Model parameter count per layer
==================================================
fc1.weight 	: 401408
fc1.bias 	: 512
fc2.weight 	: 5120
fc2.bias 	: 10
Total number of parametrs : 407050
--------------------------------------------------

======================================================================
LOG FORMAT: Epoch: EPOCH | Train: LOSS1 LOSS2 LOSS3
======================================================================
Epoch:      0 | Train: 2.3322 0.1803 0.9085
Epoch:    100 | Train: 0.6534 0.0735 0.1025
Epoch:    200 | Train: 0.4707 0.0572 0.0639
Epoch:    300 | Train: 0.5331 0.0517 0.1127
Epoch:    400 | Train: 0.582 0.0577 0.0983
Epoch:    500 | Train: 0.2693 0.0367 0.0252
Epoch:    600 | Train: 0.2309 0.0294 0.0254
Epoch:    700 | Train: 0.3341 0.0319 0.0472
Epoch:    800 | Train: 0.1516 0.0224 0.0098
Epoch:    900 | Train: 0.3464 0.0344 0.0567
Epoch:    999 | Train: 0.2757 0.03 0.0422

======================================================================
PERF FORMAT: DATASET | Acuracy: ACC | Loss: LOSS1 LOSS2 LOSS3 | PS: PS
======================================================================
Train | Acuracy:  90.43% | Loss: 0.33372 0.03348 0.05528 | PS: 0.02148 
Val   | Acuracy:  90.41% | Loss: 0.33582 0.03389 0.05498 | PS: 0.02081 
Test  | Acuracy:  91.07% | Loss: 0.31855 0.03233 0.0523 | PS: 0.02519 
----------------------------------------------------------------------
Optimization error  : 0.02148
Population error    : 0.02519
Generalization error: 0.00372
Script time: 332.5945813655853
