Namespace(batch_size=64, beta_moco=0.1, gamma_moco=0.1, gamma_modo=0.01, lr=0.05, moo_method='MoDo', num_epochs=1000, num_samples_modo=3, rho_moco=0.1, rho_modo=0.0, seed=5)

==================================================
Model parameter count per layer
==================================================
fc1.weight 	: 401408
fc1.bias 	: 512
fc2.weight 	: 5120
fc2.bias 	: 10
Total number of parametrs : 407050
--------------------------------------------------

======================================================================
LOG FORMAT: Epoch: EPOCH | Train: LOSS1 LOSS2 LOSS3
======================================================================
Epoch:      0 | Train: 2.2998 0.1797 0.8762
Epoch:    100 | Train: 0.7254 0.0902 0.0776
Epoch:    200 | Train: 0.7301 0.0834 0.1122
Epoch:    300 | Train: 0.4602 0.056 0.0753
Epoch:    400 | Train: 0.4563 0.0599 0.0448
Epoch:    500 | Train: 0.3995 0.0473 0.0423
Epoch:    600 | Train: 0.399 0.0453 0.0699
Epoch:    700 | Train: 0.4538 0.0458 0.0853
Epoch:    800 | Train: 0.5538 0.0525 0.0987
Epoch:    900 | Train: 0.4085 0.0405 0.0619
Epoch:    999 | Train: 0.4048 0.042 0.0575

======================================================================
PERF FORMAT: DATASET | Acuracy: ACC | Loss: LOSS1 LOSS2 LOSS3 | PS: PS
======================================================================
Train | Acuracy:  89.53% | Loss: 0.3744 0.0409 0.05768 | PS: 0.02081 
Val   | Acuracy:  89.02% | Loss: 0.39591 0.04184 0.06358 | PS: 0.01965 
Test  | Acuracy:  90.24% | Loss: 0.35761 0.03932 0.05486 | PS: 0.02299 
----------------------------------------------------------------------
Optimization error  : 0.02081
Population error    : 0.02299
Generalization error: 0.00218
Script time: 441.28785514831543
