Namespace(batch_size=64, beta_moco=0.1, gamma_moco=0.1, gamma_modo=0.01, lr=0.05, moo_method='MoDo', num_epochs=1000, num_samples_modo=3, rho_moco=0.1, rho_modo=0.0, seed=4)

==================================================
Model parameter count per layer
==================================================
fc1.weight 	: 401408
fc1.bias 	: 512
fc2.weight 	: 5120
fc2.bias 	: 10
Total number of parametrs : 407050
--------------------------------------------------

======================================================================
LOG FORMAT: Epoch: EPOCH | Train: LOSS1 LOSS2 LOSS3
======================================================================
Epoch:      0 | Train: 2.3545 0.1806 0.9327
Epoch:    100 | Train: 0.8808 0.1022 0.1092
Epoch:    200 | Train: 0.5972 0.0776 0.0551
Epoch:    300 | Train: 0.5635 0.0649 0.085
Epoch:    400 | Train: 0.487 0.0622 0.0492
Epoch:    500 | Train: 0.5728 0.063 0.0902
Epoch:    600 | Train: 0.3975 0.0498 0.0474
Epoch:    700 | Train: 0.4043 0.0475 0.0591
Epoch:    800 | Train: 0.3896 0.0427 0.0713
Epoch:    900 | Train: 0.3427 0.0395 0.0447
Epoch:    999 | Train: 0.3309 0.0388 0.0402

======================================================================
PERF FORMAT: DATASET | Acuracy: ACC | Loss: LOSS1 LOSS2 LOSS3 | PS: PS
======================================================================
Train | Acuracy:  89.42% | Loss: 0.38418 0.04261 0.05751 | PS: 0.02396 
Val   | Acuracy:  89.04% | Loss: 0.39582 0.04336 0.05965 | PS: 0.02512 
Test  | Acuracy:  89.89% | Loss: 0.37036 0.04117 0.05548 | PS: 0.03018 
----------------------------------------------------------------------
Optimization error  : 0.02396
Population error    : 0.03018
Generalization error: 0.00622
Script time: 331.0011441707611
