Namespace(batch_size=64, beta_moco=0.1, gamma_moco=0.1, gamma_modo=0.01, lr=0.001, moo_method='MoDo', num_epochs=1000, num_samples_modo=3, rho_moco=0.1, rho_modo=0.0, seed=1)

==================================================
Model parameter count per layer
==================================================
fc1.weight 	: 401408
fc1.bias 	: 512
fc2.weight 	: 5120
fc2.bias 	: 10
Total number of parametrs : 407050
--------------------------------------------------

======================================================================
LOG FORMAT: Epoch: EPOCH | Train: LOSS1 LOSS2 LOSS3
======================================================================
Epoch:      0 | Train: 2.3322 0.1803 0.9085
Epoch:    100 | Train: 2.275 0.179 0.8514
Epoch:    200 | Train: 2.2252 0.1779 0.8022
Epoch:    300 | Train: 2.2412 0.1783 0.8153
Epoch:    400 | Train: 2.2309 0.1781 0.8065
Epoch:    500 | Train: 2.2629 0.1788 0.8367
Epoch:    600 | Train: 2.1954 0.1773 0.7696
Epoch:    700 | Train: 2.2491 0.1785 0.823
Epoch:    800 | Train: 2.1981 0.1773 0.7737
Epoch:    900 | Train: 2.204 0.1775 0.7781
Epoch:    999 | Train: 2.2211 0.1778 0.7947

======================================================================
PERF FORMAT: DATASET | Acuracy: ACC | Loss: LOSS1 LOSS2 LOSS3 | PS: PS
======================================================================
Train | Acuracy:  18.52% | Loss: 2.21362 0.17766 0.7882 | PS: 0.03508 
Val   | Acuracy:  18.53% | Loss: 2.21615 0.17773 0.79092 | PS: 0.03511 
Test  | Acuracy:  18.00% | Loss: 2.21307 0.17765 0.78721 | PS: 0.03604 
----------------------------------------------------------------------
Optimization error  : 0.03508
Population error    : 0.03604
Generalization error: 0.00097
Script time: 314.6599178314209
