Namespace(batch_size=64, beta_moco=0.1, gamma_moco=0.1, gamma_modo=0.01, lr=1.0, moo_method='MoDo', num_epochs=1000, num_samples_modo=3, rho_moco=0.0, rho_modo=0.0, seed=0)

==================================================
Model parameter count per layer
==================================================
fc1.weight 	: 401408
fc1.bias 	: 512
fc2.weight 	: 5120
fc2.bias 	: 10
Total number of parametrs : 407050
--------------------------------------------------

======================================================================
LOG FORMAT: Epoch: EPOCH | Train: LOSS1 LOSS2 LOSS3
======================================================================
Epoch:      0 | Train: 2.319 0.1801 0.902
Epoch:    100 | Train: 0.5841 0.0483 0.1249
Epoch:    200 | Train: 0.3608 0.0298 0.0494
Epoch:    300 | Train: 0.5561 0.0362 0.111
Epoch:    400 | Train: 0.5143 0.0405 0.0853
Epoch:    500 | Train: 0.2435 0.0224 0.0402
Epoch:    600 | Train: 0.4666 0.0261 0.0858
Epoch:    700 | Train: 0.3246 0.0213 0.0486
Epoch:    800 | Train: 0.3485 0.0308 0.0586
Epoch:    900 | Train: 0.5486 0.029 0.1393
Epoch:    999 | Train: 0.229 0.0205 0.0434

======================================================================
PERF FORMAT: DATASET | Acuracy: ACC | Loss: LOSS1 LOSS2 LOSS3 | PS: PS
======================================================================
Train | Acuracy:  90.30% | Loss: 0.36346 0.02579 0.0676 | PS: 0.02451 
Val   | Acuracy:  90.20% | Loss: 0.37697 0.02611 0.07061 | PS: 0.02367 
Test  | Acuracy:  90.36% | Loss: 0.36896 0.02564 0.06943 | PS: 0.02697 
----------------------------------------------------------------------
Optimization error  : 0.02451
Population error    : 0.02697
Generalization error: 0.00247
Script time: 417.48236751556396
