Namespace(batch_size=64, beta_moco=0.1, gamma_moco=0.1, gamma_modo=0.01, lr=0.05, moo_method='MoDo', num_epochs=1000, num_samples_modo=3, rho_moco=0.1, rho_modo=0.0, seed=1)

==================================================
Model parameter count per layer
==================================================
fc1.weight 	: 401408
fc1.bias 	: 512
fc2.weight 	: 5120
fc2.bias 	: 10
Total number of parametrs : 407050
--------------------------------------------------

======================================================================
LOG FORMAT: Epoch: EPOCH | Train: LOSS1 LOSS2 LOSS3
======================================================================
Epoch:      0 | Train: 2.3322 0.1803 0.9085
Epoch:    100 | Train: 0.8497 0.0983 0.1131
Epoch:    200 | Train: 0.6319 0.0776 0.0769
Epoch:    300 | Train: 0.6184 0.067 0.1151
Epoch:    400 | Train: 0.651 0.0686 0.1034
Epoch:    500 | Train: 0.3769 0.051 0.0355
Epoch:    600 | Train: 0.3152 0.0408 0.0329
Epoch:    700 | Train: 0.3533 0.0386 0.0466
Epoch:    800 | Train: 0.2247 0.0334 0.0109
Epoch:    900 | Train: 0.381 0.0409 0.059
Epoch:    999 | Train: 0.3167 0.0367 0.0455

======================================================================
PERF FORMAT: DATASET | Acuracy: ACC | Loss: LOSS1 LOSS2 LOSS3 | PS: PS
======================================================================
Train | Acuracy:  89.55% | Loss: 0.37769 0.04122 0.05824 | PS: 0.0229 
Val   | Acuracy:  89.62% | Loss: 0.37791 0.04157 0.05697 | PS: 0.02271 
Test  | Acuracy:  89.97% | Loss: 0.35917 0.03977 0.05418 | PS: 0.02825 
----------------------------------------------------------------------
Optimization error  : 0.0229
Population error    : 0.02825
Generalization error: 0.00535
Script time: 429.22811007499695
