Namespace(batch_size=64, beta_moco=0.1, gamma_moco=0.1, gamma_modo=0.01, lr=0.5, moo_method='MoDo', num_epochs=1000, num_samples_modo=3, rho_moco=0.1, rho_modo=0.0, seed=0)

==================================================
Model parameter count per layer
==================================================
fc1.weight 	: 401408
fc1.bias 	: 512
fc2.weight 	: 5120
fc2.bias 	: 10
Total number of parametrs : 407050
--------------------------------------------------

======================================================================
LOG FORMAT: Epoch: EPOCH | Train: LOSS1 LOSS2 LOSS3
======================================================================
Epoch:      0 | Train: 2.319 0.1801 0.902
Epoch:    100 | Train: 0.5521 0.0478 0.1202
Epoch:    200 | Train: 0.3188 0.0309 0.0435
Epoch:    300 | Train: 0.4682 0.0365 0.0874
Epoch:    400 | Train: 0.4485 0.0406 0.0692
Epoch:    500 | Train: 0.2078 0.0236 0.0306
Epoch:    600 | Train: 0.3811 0.0273 0.0651
Epoch:    700 | Train: 0.2973 0.0239 0.0431
Epoch:    800 | Train: 0.3404 0.035 0.0536
Epoch:    900 | Train: 0.4697 0.0293 0.1182
Epoch:    999 | Train: 0.21 0.0229 0.0316

======================================================================
PERF FORMAT: DATASET | Acuracy: ACC | Loss: LOSS1 LOSS2 LOSS3 | PS: PS
======================================================================
Train | Acuracy:  90.43% | Loss: 0.33491 0.02864 0.05868 | PS: 0.02649 
Val   | Acuracy:  90.31% | Loss: 0.34639 0.02898 0.06119 | PS: 0.02546 
Test  | Acuracy:  90.34% | Loss: 0.33498 0.02822 0.05911 | PS: 0.02864 
----------------------------------------------------------------------
Optimization error  : 0.02649
Population error    : 0.02864
Generalization error: 0.00215
Script time: 334.1579167842865
