Namespace(batch_size=64, beta_moco=0.1, gamma_moco=0.1, gamma_modo=0.01, lr=0.001, moo_method='MoDo', num_epochs=1000, num_samples_modo=3, rho_moco=0.1, rho_modo=0.0, seed=3)

==================================================
Model parameter count per layer
==================================================
fc1.weight 	: 401408
fc1.bias 	: 512
fc2.weight 	: 5120
fc2.bias 	: 10
Total number of parametrs : 407050
--------------------------------------------------

======================================================================
LOG FORMAT: Epoch: EPOCH | Train: LOSS1 LOSS2 LOSS3
======================================================================
Epoch:      0 | Train: 2.3537 0.1803 0.9227
Epoch:    100 | Train: 2.2452 0.1783 0.8174
Epoch:    200 | Train: 2.2249 0.1776 0.7985
Epoch:    300 | Train: 2.1512 0.1759 0.7252
Epoch:    400 | Train: 2.1855 0.1766 0.7597
Epoch:    500 | Train: 2.1902 0.1767 0.7604
Epoch:    600 | Train: 2.2192 0.1774 0.7908
Epoch:    700 | Train: 2.1599 0.1757 0.738
Epoch:    800 | Train: 2.1703 0.1759 0.7503
Epoch:    900 | Train: 2.2063 0.1768 0.7785
Epoch:    999 | Train: 2.1926 0.1769 0.7667

======================================================================
PERF FORMAT: DATASET | Acuracy: ACC | Loss: LOSS1 LOSS2 LOSS3 | PS: PS
======================================================================
Train | Acuracy:  23.09% | Loss: 2.17579 0.17623 0.74993 | PS: 0.04137 
Val   | Acuracy:  22.43% | Loss: 2.18115 0.17637 0.75488 | PS: 0.04014 
Test  | Acuracy:  22.96% | Loss: 2.17674 0.17624 0.74935 | PS: 0.04166 
----------------------------------------------------------------------
Optimization error  : 0.04137
Population error    : 0.04166
Generalization error: 0.00029
Script time: 318.5955185890198
