Namespace(batch_size=64, beta_moco=0.1, gamma_moco=0.1, gamma_modo=0.01, lr=0.005, moo_method='MoDo', num_epochs=1000, num_samples_modo=3, rho_moco=0.1, rho_modo=0.0, seed=9)

==================================================
Model parameter count per layer
==================================================
fc1.weight 	: 401408
fc1.bias 	: 512
fc2.weight 	: 5120
fc2.bias 	: 10
Total number of parametrs : 407050
--------------------------------------------------

======================================================================
LOG FORMAT: Epoch: EPOCH | Train: LOSS1 LOSS2 LOSS3
======================================================================
Epoch:      0 | Train: 2.3684 0.1809 0.9444
Epoch:    100 | Train: 1.9947 0.1716 0.5665
Epoch:    200 | Train: 1.8593 0.1673 0.4462
Epoch:    300 | Train: 1.8527 0.1663 0.4506
Epoch:    400 | Train: 1.8595 0.1665 0.4573
Epoch:    500 | Train: 1.7543 0.1615 0.3889
Epoch:    600 | Train: 1.7288 0.1582 0.4104
Epoch:    700 | Train: 1.7624 0.1604 0.4058
Epoch:    800 | Train: 1.8062 0.1622 0.4344
Epoch:    900 | Train: 1.7809 0.159 0.4295
Epoch:    999 | Train: 1.6729 0.1545 0.3575

======================================================================
PERF FORMAT: DATASET | Acuracy: ACC | Loss: LOSS1 LOSS2 LOSS3 | PS: PS
======================================================================
Train | Acuracy:  58.42% | Loss: 1.69459 0.15593 0.37399 | PS: 0.05709 
Val   | Acuracy:  58.82% | Loss: 1.6884 0.15569 0.3693 | PS: 0.0579 
Test  | Acuracy:  59.56% | Loss: 1.68923 0.15592 0.36651 | PS: 0.05795 
----------------------------------------------------------------------
Optimization error  : 0.05709
Population error    : 0.05795
Generalization error: 0.00085
Script time: 368.35330724716187
