Namespace(batch_size=64, beta_moco=0.1, gamma_moco=0.1, gamma_modo=0.01, lr=0.005, moo_method='MoDo', num_epochs=1000, num_samples_modo=3, rho_moco=0.1, rho_modo=0.0, seed=6)

==================================================
Model parameter count per layer
==================================================
fc1.weight 	: 401408
fc1.bias 	: 512
fc2.weight 	: 5120
fc2.bias 	: 10
Total number of parametrs : 407050
--------------------------------------------------

======================================================================
LOG FORMAT: Epoch: EPOCH | Train: LOSS1 LOSS2 LOSS3
======================================================================
Epoch:      0 | Train: 2.3443 0.1804 0.9214
Epoch:    100 | Train: 1.9533 0.1706 0.5236
Epoch:    200 | Train: 1.9291 0.1694 0.4979
Epoch:    300 | Train: 1.793 0.1642 0.3978
Epoch:    400 | Train: 1.7752 0.1629 0.394
Epoch:    500 | Train: 1.8179 0.1644 0.4129
Epoch:    600 | Train: 1.7042 0.1594 0.3441
Epoch:    700 | Train: 1.7358 0.1598 0.378
Epoch:    800 | Train: 1.6244 0.1555 0.3061
Epoch:    900 | Train: 1.7683 0.1593 0.4202
Epoch:    999 | Train: 1.7094 0.1562 0.402

======================================================================
PERF FORMAT: DATASET | Acuracy: ACC | Loss: LOSS1 LOSS2 LOSS3 | PS: PS
======================================================================
Train | Acuracy:  58.59% | Loss: 1.63054 0.15259 0.34741 | PS: 0.06327 
Val   | Acuracy:  57.76% | Loss: 1.6352 0.15294 0.34818 | PS: 0.06258 
Test  | Acuracy:  59.09% | Loss: 1.62172 0.15227 0.3412 | PS: 0.06445 
----------------------------------------------------------------------
Optimization error  : 0.06327
Population error    : 0.06445
Generalization error: 0.00119
Script time: 328.823251247406
