Namespace(batch_size=64, beta_moco=0.1, gamma_moco=0.1, gamma_modo=0.01, lr=0.1, moo_method='MoDo', num_epochs=1000, num_samples_modo=3, rho_moco=0.1, rho_modo=0.0, seed=6)

==================================================
Model parameter count per layer
==================================================
fc1.weight 	: 401408
fc1.bias 	: 512
fc2.weight 	: 5120
fc2.bias 	: 10
Total number of parametrs : 407050
--------------------------------------------------

======================================================================
LOG FORMAT: Epoch: EPOCH | Train: LOSS1 LOSS2 LOSS3
======================================================================
Epoch:      0 | Train: 2.3443 0.1804 0.9214
Epoch:    100 | Train: 0.6284 0.0688 0.1
Epoch:    200 | Train: 0.5376 0.0618 0.0726
Epoch:    300 | Train: 0.3848 0.0461 0.0504
Epoch:    400 | Train: 0.3986 0.04 0.0742
Epoch:    500 | Train: 0.3751 0.0349 0.0756
Epoch:    600 | Train: 0.5778 0.0429 0.1089
Epoch:    700 | Train: 0.6422 0.0394 0.1427
Epoch:    800 | Train: 0.3592 0.0353 0.0546
Epoch:    900 | Train: 0.3462 0.0405 0.0482
Epoch:    999 | Train: 0.5012 0.0398 0.1191

======================================================================
PERF FORMAT: DATASET | Acuracy: ACC | Loss: LOSS1 LOSS2 LOSS3 | PS: PS
======================================================================
Train | Acuracy:  90.24% | Loss: 0.33816 0.03379 0.05536 | PS: 0.03514 
Val   | Acuracy:  90.09% | Loss: 0.34277 0.03455 0.05696 | PS: 0.03701 
Test  | Acuracy:  90.45% | Loss: 0.32698 0.03282 0.05379 | PS: 0.04029 
----------------------------------------------------------------------
Optimization error  : 0.03514
Population error    : 0.04029
Generalization error: 0.00515
Script time: 335.3994052410126
