Namespace(batch_size=64, beta_moco=0.1, gamma_moco=0.1, gamma_modo=0.01, lr=0.01, moo_method='MoDo', num_epochs=1000, num_samples_modo=3, rho_moco=0.1, rho_modo=0.0, seed=4)

==================================================
Model parameter count per layer
==================================================
fc1.weight 	: 401408
fc1.bias 	: 512
fc2.weight 	: 5120
fc2.bias 	: 10
Total number of parametrs : 407050
--------------------------------------------------

======================================================================
LOG FORMAT: Epoch: EPOCH | Train: LOSS1 LOSS2 LOSS3
======================================================================
Epoch:      0 | Train: 2.3545 0.1806 0.9327
Epoch:    100 | Train: 1.6541 0.159 0.2875
Epoch:    200 | Train: 1.4984 0.1519 0.2097
Epoch:    300 | Train: 1.33 0.1416 0.1605
Epoch:    400 | Train: 1.302 0.1394 0.1559
Epoch:    500 | Train: 1.3036 0.1386 0.173
Epoch:    600 | Train: 1.1514 0.129 0.1228
Epoch:    700 | Train: 1.1142 0.1241 0.1389
Epoch:    800 | Train: 1.0128 0.1154 0.1182
Epoch:    900 | Train: 0.907 0.1061 0.1029
Epoch:    999 | Train: 0.8958 0.1069 0.0885

======================================================================
PERF FORMAT: DATASET | Acuracy: ACC | Loss: LOSS1 LOSS2 LOSS3 | PS: PS
======================================================================
Train | Acuracy:  81.80% | Loss: 0.93218 0.10832 0.10537 | PS: 0.06399 
Val   | Acuracy:  81.50% | Loss: 0.93944 0.10883 0.10649 | PS: 0.06427 
Test  | Acuracy:  82.74% | Loss: 0.91302 0.10701 0.10008 | PS: 0.06638 
----------------------------------------------------------------------
Optimization error  : 0.06399
Population error    : 0.06638
Generalization error: 0.00239
Script time: 366.0387511253357
