Namespace(batch_size=64, beta_moco=0.1, gamma_moco=0.1, gamma_modo=0.01, lr=0.05, moo_method='MoDo', num_epochs=1000, num_samples_modo=3, rho_moco=0.1, rho_modo=0.0, seed=7)

==================================================
Model parameter count per layer
==================================================
fc1.weight 	: 401408
fc1.bias 	: 512
fc2.weight 	: 5120
fc2.bias 	: 10
Total number of parametrs : 407050
--------------------------------------------------

======================================================================
LOG FORMAT: Epoch: EPOCH | Train: LOSS1 LOSS2 LOSS3
======================================================================
Epoch:      0 | Train: 2.3212 0.1799 0.8945
Epoch:    100 | Train: 0.6589 0.0841 0.0585
Epoch:    200 | Train: 0.6167 0.0709 0.077
Epoch:    300 | Train: 0.594 0.067 0.0912
Epoch:    400 | Train: 0.3849 0.0494 0.0458
Epoch:    500 | Train: 0.3436 0.0469 0.0354
Epoch:    600 | Train: 0.3702 0.0451 0.0421
Epoch:    700 | Train: 0.3433 0.0396 0.0374
Epoch:    800 | Train: 0.3407 0.0422 0.035
Epoch:    900 | Train: 0.2313 0.0305 0.0227
Epoch:    999 | Train: 0.2387 0.0311 0.0258

======================================================================
PERF FORMAT: DATASET | Acuracy: ACC | Loss: LOSS1 LOSS2 LOSS3 | PS: PS
======================================================================
Train | Acuracy:  89.56% | Loss: 0.37378 0.04087 0.05717 | PS: 0.02759 
Val   | Acuracy:  89.72% | Loss: 0.3711 0.04066 0.05703 | PS: 0.0293 
Test  | Acuracy:  89.96% | Loss: 0.35513 0.03928 0.05398 | PS: 0.03278 
----------------------------------------------------------------------
Optimization error  : 0.02759
Population error    : 0.03278
Generalization error: 0.00519
Script time: 486.045578956604
