Namespace(batch_size=64, beta_moco=0.1, gamma_moco=0.1, gamma_modo=0.01, lr=0.1, moo_method='MoDo', num_epochs=1000, num_samples_modo=3, rho_moco=0.1, rho_modo=0.0, seed=0)

==================================================
Model parameter count per layer
==================================================
fc1.weight 	: 401408
fc1.bias 	: 512
fc2.weight 	: 5120
fc2.bias 	: 10
Total number of parametrs : 407050
--------------------------------------------------

======================================================================
LOG FORMAT: Epoch: EPOCH | Train: LOSS1 LOSS2 LOSS3
======================================================================
Epoch:      0 | Train: 2.319 0.1801 0.902
Epoch:    100 | Train: 0.703 0.0739 0.1213
Epoch:    200 | Train: 0.4537 0.0499 0.0678
Epoch:    300 | Train: 0.4693 0.0496 0.0687
Epoch:    400 | Train: 0.4274 0.047 0.0664
Epoch:    500 | Train: 0.2537 0.0311 0.034
Epoch:    600 | Train: 0.3668 0.0356 0.058
Epoch:    700 | Train: 0.2931 0.031 0.0394
Epoch:    800 | Train: 0.4063 0.0431 0.0666
Epoch:    900 | Train: 0.4186 0.0327 0.1093
Epoch:    999 | Train: 0.2004 0.027 0.0187

======================================================================
PERF FORMAT: DATASET | Acuracy: ACC | Loss: LOSS1 LOSS2 LOSS3 | PS: PS
======================================================================
Train | Acuracy:  90.43% | Loss: 0.33487 0.03379 0.05508 | PS: 0.02274 
Val   | Acuracy:  90.30% | Loss: 0.34238 0.03422 0.05657 | PS: 0.0224 
Test  | Acuracy:  90.76% | Loss: 0.32429 0.03275 0.05323 | PS: 0.02679 
----------------------------------------------------------------------
Optimization error  : 0.02274
Population error    : 0.02679
Generalization error: 0.00405
Script time: 331.23334193229675
