Namespace(batch_size=64, beta_moco=0.1, gamma_moco=0.1, gamma_modo=0.01, lr=0.1, moo_method='MoDo', num_epochs=1000, num_samples_modo=3, rho_moco=0.1, rho_modo=0.0, seed=7)

==================================================
Model parameter count per layer
==================================================
fc1.weight 	: 401408
fc1.bias 	: 512
fc2.weight 	: 5120
fc2.bias 	: 10
Total number of parametrs : 407050
--------------------------------------------------

======================================================================
LOG FORMAT: Epoch: EPOCH | Train: LOSS1 LOSS2 LOSS3
======================================================================
Epoch:      0 | Train: 2.3212 0.1799 0.8945
Epoch:    100 | Train: 0.4403 0.0557 0.0509
Epoch:    200 | Train: 0.465 0.049 0.0661
Epoch:    300 | Train: 0.5111 0.0524 0.0926
Epoch:    400 | Train: 0.2709 0.0348 0.0308
Epoch:    500 | Train: 0.2506 0.0326 0.0356
Epoch:    600 | Train: 0.3027 0.0342 0.0385
Epoch:    700 | Train: 0.286 0.0307 0.0346
Epoch:    800 | Train: 0.2708 0.0312 0.0285
Epoch:    900 | Train: 0.1784 0.0218 0.0177
Epoch:    999 | Train: 0.1818 0.0247 0.0177

======================================================================
PERF FORMAT: DATASET | Acuracy: ACC | Loss: LOSS1 LOSS2 LOSS3 | PS: PS
======================================================================
Train | Acuracy:  90.30% | Loss: 0.33578 0.03377 0.05534 | PS: 0.03268 
Val   | Acuracy:  90.42% | Loss: 0.33778 0.03377 0.05628 | PS: 0.03503 
Test  | Acuracy:  90.46% | Loss: 0.32439 0.03272 0.05432 | PS: 0.03824 
----------------------------------------------------------------------
Optimization error  : 0.03268
Population error    : 0.03824
Generalization error: 0.00556
Script time: 332.44782161712646
