Namespace(batch_size=64, beta_moco=0.1, gamma_moco=0.1, gamma_modo=0.01, lr=0.05, moo_method='MoDo', num_epochs=1000, num_samples_modo=3, rho_moco=0.1, rho_modo=0.0, seed=8)

==================================================
Model parameter count per layer
==================================================
fc1.weight 	: 401408
fc1.bias 	: 512
fc2.weight 	: 5120
fc2.bias 	: 10
Total number of parametrs : 407050
--------------------------------------------------

======================================================================
LOG FORMAT: Epoch: EPOCH | Train: LOSS1 LOSS2 LOSS3
======================================================================
Epoch:      0 | Train: 2.3609 0.1808 0.9356
Epoch:    100 | Train: 0.789 0.0962 0.0774
Epoch:    200 | Train: 0.5573 0.07 0.058
Epoch:    300 | Train: 0.5859 0.0705 0.0743
Epoch:    400 | Train: 0.5102 0.0603 0.0726
Epoch:    500 | Train: 0.499 0.0622 0.0598
Epoch:    600 | Train: 0.4278 0.0505 0.0527
Epoch:    700 | Train: 0.5361 0.0588 0.0758
Epoch:    800 | Train: 0.2582 0.0347 0.0221
Epoch:    900 | Train: 0.4084 0.0471 0.0559
Epoch:    999 | Train: 0.3149 0.0375 0.0375

======================================================================
PERF FORMAT: DATASET | Acuracy: ACC | Loss: LOSS1 LOSS2 LOSS3 | PS: PS
======================================================================
Train | Acuracy:  89.42% | Loss: 0.37545 0.04103 0.05754 | PS: 0.02397 
Val   | Acuracy:  89.00% | Loss: 0.39178 0.04161 0.06399 | PS: 0.02554 
Test  | Acuracy:  90.06% | Loss: 0.35956 0.03947 0.05543 | PS: 0.02476 
----------------------------------------------------------------------
Optimization error  : 0.02397
Population error    : 0.02476
Generalization error: 0.00079
Script time: 445.39175176620483
