Namespace(batch_size=64, beta_moco=0.1, gamma_moco=0.1, gamma_modo=0.01, lr=0.5, moo_method='MoDo', num_epochs=1000, num_samples_modo=3, rho_moco=0.1, rho_modo=0.0, seed=2)

==================================================
Model parameter count per layer
==================================================
fc1.weight 	: 401408
fc1.bias 	: 512
fc2.weight 	: 5120
fc2.bias 	: 10
Total number of parametrs : 407050
--------------------------------------------------

======================================================================
LOG FORMAT: Epoch: EPOCH | Train: LOSS1 LOSS2 LOSS3
======================================================================
Epoch:      0 | Train: 2.2638 0.1786 0.8356
Epoch:    100 | Train: 0.4597 0.0486 0.0698
Epoch:    200 | Train: 0.6877 0.0464 0.1863
Epoch:    300 | Train: 0.4098 0.0341 0.0682
Epoch:    400 | Train: 0.4004 0.0351 0.069
Epoch:    500 | Train: 0.4232 0.0343 0.0993
Epoch:    600 | Train: 0.38 0.0253 0.0874
Epoch:    700 | Train: 0.3389 0.0236 0.0524
Epoch:    800 | Train: 0.2776 0.0281 0.0509
Epoch:    900 | Train: 0.3894 0.0314 0.066
Epoch:    999 | Train: 0.4441 0.0341 0.0891

======================================================================
PERF FORMAT: DATASET | Acuracy: ACC | Loss: LOSS1 LOSS2 LOSS3 | PS: PS
======================================================================
Train | Acuracy:  90.68% | Loss: 0.33615 0.0285 0.0584 | PS: 0.0339 
Val   | Acuracy:  90.12% | Loss: 0.36109 0.02945 0.06596 | PS: 0.03614 
Test  | Acuracy:  90.73% | Loss: 0.32557 0.02741 0.05784 | PS: 0.03344 
----------------------------------------------------------------------
Optimization error  : 0.0339
Population error    : 0.03344
Generalization error: -0.00046
Script time: 334.1861922740936
