Namespace(batch_size=64, beta_moco=0.1, gamma_moco=0.1, gamma_modo=0.01, lr=1.0, moo_method='MoDo', num_epochs=1000, num_samples_modo=3, rho_moco=0.0, rho_modo=0.0, seed=1)

==================================================
Model parameter count per layer
==================================================
fc1.weight 	: 401408
fc1.bias 	: 512
fc2.weight 	: 5120
fc2.bias 	: 10
Total number of parametrs : 407050
--------------------------------------------------

======================================================================
LOG FORMAT: Epoch: EPOCH | Train: LOSS1 LOSS2 LOSS3
======================================================================
Epoch:      0 | Train: 2.3322 0.1803 0.9085
Epoch:    100 | Train: 0.5067 0.046 0.0984
Epoch:    200 | Train: 0.4038 0.0397 0.0666
Epoch:    300 | Train: 0.602 0.0413 0.1284
Epoch:    400 | Train: 0.6139 0.049 0.0985
Epoch:    500 | Train: 0.2679 0.0275 0.0376
Epoch:    600 | Train: 0.1955 0.0195 0.0296
Epoch:    700 | Train: 0.4874 0.0258 0.0707
Epoch:    800 | Train: 0.1828 0.0177 0.0229
Epoch:    900 | Train: 0.4361 0.0302 0.0801
Epoch:    999 | Train: 0.2958 0.027 0.0435

======================================================================
PERF FORMAT: DATASET | Acuracy: ACC | Loss: LOSS1 LOSS2 LOSS3 | PS: PS
======================================================================
Train | Acuracy:  89.48% | Loss: 0.3802 0.02776 0.06908 | PS: 0.03285 
Val   | Acuracy:  89.32% | Loss: 0.38092 0.0282 0.06959 | PS: 0.03257 
Test  | Acuracy:  89.62% | Loss: 0.36731 0.02721 0.0657 | PS: 0.03377 
----------------------------------------------------------------------
Optimization error  : 0.03285
Population error    : 0.03377
Generalization error: 0.00093
Script time: 711.6435947418213
