Namespace(batch_size=64, beta_moco=0.1, gamma_moco=0.1, gamma_modo=0.01, lr=1.0, moo_method='MoDo', num_epochs=1000, num_samples_modo=3, rho_moco=0.0, rho_modo=0.0, seed=4)

==================================================
Model parameter count per layer
==================================================
fc1.weight 	: 401408
fc1.bias 	: 512
fc2.weight 	: 5120
fc2.bias 	: 10
Total number of parametrs : 407050
--------------------------------------------------

======================================================================
LOG FORMAT: Epoch: EPOCH | Train: LOSS1 LOSS2 LOSS3
======================================================================
Epoch:      0 | Train: 2.3545 0.1806 0.9327
Epoch:    100 | Train: 0.7418 0.0595 0.1384
Epoch:    200 | Train: 0.2817 0.033 0.0477
Epoch:    300 | Train: 0.4965 0.0347 0.0912
Epoch:    400 | Train: 0.6286 0.0477 0.0908
Epoch:    500 | Train: 0.5047 0.035 0.1134
Epoch:    600 | Train: 0.2662 0.0294 0.0348
Epoch:    700 | Train: 0.362 0.0305 0.0673
Epoch:    800 | Train: 0.394 0.0258 0.1204
Epoch:    900 | Train: 0.3337 0.028 0.0541
Epoch:    999 | Train: 0.2456 0.0232 0.0301

======================================================================
PERF FORMAT: DATASET | Acuracy: ACC | Loss: LOSS1 LOSS2 LOSS3 | PS: PS
======================================================================
Train | Acuracy:  89.21% | Loss: 0.40007 0.02858 0.07122 | PS: 0.04599 
Val   | Acuracy:  88.75% | Loss: 0.42262 0.02936 0.07633 | PS: 0.04327 
Test  | Acuracy:  89.44% | Loss: 0.40073 0.02808 0.07359 | PS: 0.04741 
----------------------------------------------------------------------
Optimization error  : 0.04599
Population error    : 0.04741
Generalization error: 0.00142
Script time: 335.73570489883423
