Namespace(batch_size=64, beta_moco=0.1, gamma_moco=0.1, gamma_modo=1.25, lr=0.1, moo_method='MoDo', num_epochs=1000, rho_moco=0.0, rho_modo=0.0, seed=6)

==================================================
Model parameter count per layer
==================================================
fc1.weight 	: 401408
fc1.bias 	: 512
fc2.weight 	: 5120
fc2.bias 	: 10
Total number of parametrs : 407050
--------------------------------------------------

==================================================
LOG FORMAT: Epoch: EPOCH | Descent Error: DESC ERROR
==================================================
Epoch:      0 | Descent Error: 0.1622225791
Epoch:     50 | Descent Error: 0.0886790059
Epoch:    100 | Descent Error: 0.0643990347
Epoch:    150 | Descent Error: 0.0522144164
Epoch:    200 | Descent Error: 0.0448328942
Epoch:    250 | Descent Error: 0.0398258499
Epoch:    300 | Descent Error: 0.0375230924
Epoch:    350 | Descent Error: 0.0344457309
Epoch:    400 | Descent Error: 0.0319253974
Epoch:    450 | Descent Error: 0.0304034689
Epoch:    500 | Descent Error: 0.0285136919
Epoch:    550 | Descent Error: 0.0268580484
Epoch:    600 | Descent Error: 0.0253982573
Epoch:    650 | Descent Error: 0.024109498
Epoch:    700 | Descent Error: 0.022950251
Epoch:    750 | Descent Error: 0.0219002643
Epoch:    800 | Descent Error: 0.0209748433
Epoch:    850 | Descent Error: 0.0201062533
Epoch:    900 | Descent Error: 0.0193133586
Epoch:    950 | Descent Error: 0.01859646
Epoch:  1,000 | Descent Error: 0.0181

====================================================================================================
PERF FORMAT: DATASET | Acuracy: ACC | Loss: LOSS1 LOSS2 LOSS3 | PS: PS
====================================================================================================
Train | Acuracy:  77.96% | Loss: 0.87151 0.03771 0.00682 | PS: 0.00421 
Val   | Acuracy:  77.64% | Loss: 0.87427 0.03793 0.00685 | PS: 0.00418 
Test  | Acuracy:  79.38% | Loss: 0.84789 0.03674 0.00671 | PS: 0.00429 
----------------------------------------------------------------------------------------------------
Optimization error  : 0.00421
Population error    : 0.00429
Generalization error: 8e-05
