Namespace(batch_size=64, beta_moco=0.1, gamma_moco=0.1, gamma_modo=1.25, lr=0.1, moo_method='MoDo', num_epochs=1000, rho_moco=0.0, rho_modo=0.0, seed=3)

==================================================
Model parameter count per layer
==================================================
fc1.weight 	: 401408
fc1.bias 	: 512
fc2.weight 	: 5120
fc2.bias 	: 10
Total number of parametrs : 407050
--------------------------------------------------

==================================================
LOG FORMAT: Epoch: EPOCH | Descent Error: DESC ERROR
==================================================
Epoch:      0 | Descent Error: 0.0148281977
Epoch:     50 | Descent Error: 0.01506902
Epoch:    100 | Descent Error: 0.0150191057
Epoch:    150 | Descent Error: 0.0149541763
Epoch:    200 | Descent Error: 0.0148834286
Epoch:    250 | Descent Error: 0.0166152944
Epoch:    300 | Descent Error: 0.0163832329
Epoch:    350 | Descent Error: 0.0158877547
Epoch:    400 | Descent Error: 0.015396105
Epoch:    450 | Descent Error: 0.0148991195
Epoch:    500 | Descent Error: 0.0144054168
Epoch:    550 | Descent Error: 0.0139309517
Epoch:    600 | Descent Error: 0.013709609
Epoch:    650 | Descent Error: 0.0132576608
Epoch:    700 | Descent Error: 0.0128228021
Epoch:    750 | Descent Error: 0.0124122961
Epoch:    800 | Descent Error: 0.0120291872
Epoch:    850 | Descent Error: 0.0116594661
Epoch:    900 | Descent Error: 0.0113138782
Epoch:    950 | Descent Error: 0.011059049
Epoch:  1,000 | Descent Error: 0.01079

====================================================================================================
PERF FORMAT: DATASET | Acuracy: ACC | Loss: LOSS1 LOSS2 LOSS3 | PS: PS
====================================================================================================
Train | Acuracy:  80.90% | Loss: 0.84157 0.03671 0.00678 | PS: 0.00424 
Val   | Acuracy:  80.68% | Loss: 0.84471 0.0369 0.00681 | PS: 0.00434 
Test  | Acuracy:  82.10% | Loss: 0.81689 0.03568 0.00665 | PS: 0.0044 
----------------------------------------------------------------------------------------------------
Optimization error  : 0.00424
Population error    : 0.0044
Generalization error: 0.00016
