Namespace(batch_size=64, beta_moco=0.1, gamma_moco=0.1, gamma_modo=1.0, lr=0.1, moo_method='MoDo', num_epochs=1000, rho_moco=0.0, rho_modo=0.0, seed=8)

==================================================
Model parameter count per layer
==================================================
fc1.weight 	: 401408
fc1.bias 	: 512
fc2.weight 	: 5120
fc2.bias 	: 10
Total number of parametrs : 407050
--------------------------------------------------

==================================================
LOG FORMAT: Epoch: EPOCH | Descent Error: DESC ERROR
==================================================
Epoch:      0 | Descent Error: 0.0134511404
Epoch:     50 | Descent Error: 0.0139222597
Epoch:    100 | Descent Error: 0.0144646028
Epoch:    150 | Descent Error: 0.0147802623
Epoch:    200 | Descent Error: 0.0149205321
Epoch:    250 | Descent Error: 0.0149679085
Epoch:    300 | Descent Error: 0.0149224013
Epoch:    350 | Descent Error: 0.0149768748
Epoch:    400 | Descent Error: 0.0147506222
Epoch:    450 | Descent Error: 0.0144790339
Epoch:    500 | Descent Error: 0.0141468686
Epoch:    550 | Descent Error: 0.0138008792
Epoch:    600 | Descent Error: 0.013453839
Epoch:    650 | Descent Error: 0.0131057185
Epoch:    700 | Descent Error: 0.0138338206
Epoch:    750 | Descent Error: 0.0134343433
Epoch:    800 | Descent Error: 0.0130632993
Epoch:    850 | Descent Error: 0.0126968758
Epoch:    900 | Descent Error: 0.0126500483
Epoch:    950 | Descent Error: 0.0123046041
Epoch:  1,000 | Descent Error: 0.01208

====================================================================================================
PERF FORMAT: DATASET | Acuracy: ACC | Loss: LOSS1 LOSS2 LOSS3 | PS: PS
====================================================================================================
Train | Acuracy:  81.09% | Loss: 0.82768 0.03594 0.00665 | PS: 0.00428 
Val   | Acuracy:  80.92% | Loss: 0.83164 0.03606 0.00665 | PS: 0.00437 
Test  | Acuracy:  82.19% | Loss: 0.80449 0.03493 0.00652 | PS: 0.00441 
----------------------------------------------------------------------------------------------------
Optimization error  : 0.00428
Population error    : 0.00441
Generalization error: 0.00012
