Namespace(batch_size=64, beta_moco=0.1, gamma_moco=0.1, gamma_modo=0.05, lr=0.1, moo_method='MoDo', num_epochs=1000, rho_moco=0.0, rho_modo=0.0, seed=5)

==================================================
Model parameter count per layer
==================================================
fc1.weight 	: 401408
fc1.bias 	: 512
fc2.weight 	: 5120
fc2.bias 	: 10
Total number of parametrs : 407050
--------------------------------------------------

==================================================
LOG FORMAT: Epoch: EPOCH | Descent Error: DESC ERROR
==================================================
Epoch:      0 | Descent Error: 0.489813745
Epoch:     50 | Descent Error: 0.257307752
Epoch:    100 | Descent Error: 0.1776988649
Epoch:    150 | Descent Error: 0.1376045556
Epoch:    200 | Descent Error: 0.1132940572
Epoch:    250 | Descent Error: 0.0969114029
Epoch:    300 | Descent Error: 0.0850505959
Epoch:    350 | Descent Error: 0.0761122809
Epoch:    400 | Descent Error: 0.069026323
Epoch:    450 | Descent Error: 0.0632808235
Epoch:    500 | Descent Error: 0.0585136498
Epoch:    550 | Descent Error: 0.054505531
Epoch:    600 | Descent Error: 0.0510260497
Epoch:    650 | Descent Error: 0.0480095901
Epoch:    700 | Descent Error: 0.0453555012
Epoch:    750 | Descent Error: 0.043029641
Epoch:    800 | Descent Error: 0.0409358545
Epoch:    850 | Descent Error: 0.0391398567
Epoch:    900 | Descent Error: 0.0374255542
Epoch:    950 | Descent Error: 0.03591848
Epoch:  1,000 | Descent Error: 0.0345

====================================================================================================
PERF FORMAT: DATASET | Acuracy: ACC | Loss: LOSS1 LOSS2 LOSS3 | PS: PS
====================================================================================================
Train | Acuracy:  86.02% | Loss: 0.60494 0.02585 0.005 | PS: 0.00341 
Val   | Acuracy:  85.35% | Loss: 0.6174 0.02646 0.00506 | PS: 0.00337 
Test  | Acuracy:  86.84% | Loss: 0.5829 0.02486 0.00487 | PS: 0.00365 
----------------------------------------------------------------------------------------------------
Optimization error  : 0.00341
Population error    : 0.00365
Generalization error: 0.00024
