Namespace(batch_size=64, beta_moco=0.1, gamma_moco=0.1, gamma_modo=0.25, lr=0.1, moo_method='MoDo', num_epochs=1000, rho_moco=0.0, rho_modo=0.0, seed=3)

==================================================
Model parameter count per layer
==================================================
fc1.weight 	: 401408
fc1.bias 	: 512
fc2.weight 	: 5120
fc2.bias 	: 10
Total number of parametrs : 407050
--------------------------------------------------

==================================================
LOG FORMAT: Epoch: EPOCH | Descent Error: DESC ERROR
==================================================
Epoch:      0 | Descent Error: 0.2525893748
Epoch:     50 | Descent Error: 0.1345708193
Epoch:    100 | Descent Error: 0.0953028581
Epoch:    150 | Descent Error: 0.0758244786
Epoch:    200 | Descent Error: 0.064220915
Epoch:    250 | Descent Error: 0.0569750477
Epoch:    300 | Descent Error: 0.0513591551
Epoch:    350 | Descent Error: 0.0469661898
Epoch:    400 | Descent Error: 0.0434485161
Epoch:    450 | Descent Error: 0.0405232083
Epoch:    500 | Descent Error: 0.0380379253
Epoch:    550 | Descent Error: 0.0359008645
Epoch:    600 | Descent Error: 0.0342216476
Epoch:    650 | Descent Error: 0.0325703514
Epoch:    700 | Descent Error: 0.0310893075
Epoch:    750 | Descent Error: 0.0299212313
Epoch:    800 | Descent Error: 0.0287054623
Epoch:    850 | Descent Error: 0.0275912802
Epoch:    900 | Descent Error: 0.0265657096
Epoch:    950 | Descent Error: 0.0256538245
Epoch:  1,000 | Descent Error: 0.02488

====================================================================================================
PERF FORMAT: DATASET | Acuracy: ACC | Loss: LOSS1 LOSS2 LOSS3 | PS: PS
====================================================================================================
Train | Acuracy:  84.53% | Loss: 0.69274 0.02988 0.00572 | PS: 0.00387 
Val   | Acuracy:  84.09% | Loss: 0.69697 0.0301 0.00575 | PS: 0.00398 
Test  | Acuracy:  85.50% | Loss: 0.66769 0.02878 0.00557 | PS: 0.00405 
----------------------------------------------------------------------------------------------------
Optimization error  : 0.00387
Population error    : 0.00405
Generalization error: 0.00019
