Namespace(batch_size=64, beta_moco=0.1, gamma_moco=0.1, gamma_modo=0.1, lr=0.1, moo_method='MoDo', num_epochs=1000, rho_moco=0.0, rho_modo=0.0, seed=3)

==================================================
Model parameter count per layer
==================================================
fc1.weight 	: 401408
fc1.bias 	: 512
fc2.weight 	: 5120
fc2.bias 	: 10
Total number of parametrs : 407050
--------------------------------------------------

==================================================
LOG FORMAT: Epoch: EPOCH | Descent Error: DESC ERROR
==================================================
Epoch:      0 | Descent Error: 0.4274013042
Epoch:     50 | Descent Error: 0.2228129506
Epoch:    100 | Descent Error: 0.1547910372
Epoch:    150 | Descent Error: 0.1207498675
Epoch:    200 | Descent Error: 0.1001691673
Epoch:    250 | Descent Error: 0.0864293386
Epoch:    300 | Descent Error: 0.0764192689
Epoch:    350 | Descent Error: 0.068757374
Epoch:    400 | Descent Error: 0.0626827785
Epoch:    450 | Descent Error: 0.0577157382
Epoch:    500 | Descent Error: 0.0535834672
Epoch:    550 | Descent Error: 0.0500811974
Epoch:    600 | Descent Error: 0.0471318532
Epoch:    650 | Descent Error: 0.04448148
Epoch:    700 | Descent Error: 0.0421306342
Epoch:    750 | Descent Error: 0.0401463832
Epoch:    800 | Descent Error: 0.0382825875
Epoch:    850 | Descent Error: 0.0366000269
Epoch:    900 | Descent Error: 0.035065176
Epoch:    950 | Descent Error: 0.0336731665
Epoch:  1,000 | Descent Error: 0.03245

====================================================================================================
PERF FORMAT: DATASET | Acuracy: ACC | Loss: LOSS1 LOSS2 LOSS3 | PS: PS
====================================================================================================
Train | Acuracy:  85.43% | Loss: 0.63982 0.02745 0.00529 | PS: 0.00358 
Val   | Acuracy:  85.04% | Loss: 0.64463 0.0277 0.00532 | PS: 0.00371 
Test  | Acuracy:  86.31% | Loss: 0.61525 0.02636 0.00514 | PS: 0.00379 
----------------------------------------------------------------------------------------------------
Optimization error  : 0.00358
Population error    : 0.00379
Generalization error: 0.00021
