Namespace(batch_size=64, beta_moco=0.1, gamma_moco=0.1, gamma_modo=0.5, lr=0.1, moo_method='MoDo', num_epochs=1000, rho_moco=0.0, rho_modo=0.0, seed=7)

==================================================
Model parameter count per layer
==================================================
fc1.weight 	: 401408
fc1.bias 	: 512
fc2.weight 	: 5120
fc2.bias 	: 10
Total number of parametrs : 407050
--------------------------------------------------

==================================================
LOG FORMAT: Epoch: EPOCH | Descent Error: DESC ERROR
==================================================
Epoch:      0 | Descent Error: 0.0153084872
Epoch:     50 | Descent Error: 0.0153526701
Epoch:    100 | Descent Error: 0.0158020239
Epoch:    150 | Descent Error: 0.0160082872
Epoch:    200 | Descent Error: 0.0161226887
Epoch:    250 | Descent Error: 0.0161833319
Epoch:    300 | Descent Error: 0.0161798463
Epoch:    350 | Descent Error: 0.0160914519
Epoch:    400 | Descent Error: 0.0159241649
Epoch:    450 | Descent Error: 0.0157069755
Epoch:    500 | Descent Error: 0.0154365965
Epoch:    550 | Descent Error: 0.015158578
Epoch:    600 | Descent Error: 0.0148605169
Epoch:    650 | Descent Error: 0.014563703
Epoch:    700 | Descent Error: 0.0142670743
Epoch:    750 | Descent Error: 0.0139691799
Epoch:    800 | Descent Error: 0.0137073347
Epoch:    850 | Descent Error: 0.0134281943
Epoch:    900 | Descent Error: 0.0132170502
Epoch:    950 | Descent Error: 0.0129963905
Epoch:  1,000 | Descent Error: 0.01272

====================================================================================================
PERF FORMAT: DATASET | Acuracy: ACC | Loss: LOSS1 LOSS2 LOSS3 | PS: PS
====================================================================================================
Train | Acuracy:  83.23% | Loss: 0.75484 0.03277 0.0062 | PS: 0.00414 
Val   | Acuracy:  83.60% | Loss: 0.74849 0.03241 0.00615 | PS: 0.00438 
Test  | Acuracy:  84.53% | Loss: 0.72625 0.03144 0.00603 | PS: 0.00425 
----------------------------------------------------------------------------------------------------
Optimization error  : 0.00414
Population error    : 0.00425
Generalization error: 0.00011
