Namespace(batch_size=64, beta_moco=0.1, gamma_moco=0.1, gamma_modo=0.0075, lr=0.1, moo_method='MoDo', num_epochs=1000, rho_moco=0.0, rho_modo=0.0, seed=5)

==================================================
Model parameter count per layer
==================================================
fc1.weight 	: 401408
fc1.bias 	: 512
fc2.weight 	: 5120
fc2.bias 	: 10
Total number of parametrs : 407050
--------------------------------------------------

==================================================
LOG FORMAT: Epoch: EPOCH | Descent Error: DESC ERROR
==================================================
Epoch:      0 | Descent Error: 0.5274454951
Epoch:     50 | Descent Error: 0.3437218145
Epoch:    100 | Descent Error: 0.2633565441
Epoch:    150 | Descent Error: 0.2134144083
Epoch:    200 | Descent Error: 0.1804832689
Epoch:    250 | Descent Error: 0.1576733397
Epoch:    300 | Descent Error: 0.141574006
Epoch:    350 | Descent Error: 0.1300772894
Epoch:    400 | Descent Error: 0.1208172345
Epoch:    450 | Descent Error: 0.1138261665
Epoch:    500 | Descent Error: 0.1085745059
Epoch:    550 | Descent Error: 0.1048080055
Epoch:    600 | Descent Error: 0.1003313469
Epoch:    650 | Descent Error: 0.0973190665
Epoch:    700 | Descent Error: 0.0938242714
Epoch:    750 | Descent Error: 0.0902336279
Epoch:    800 | Descent Error: 0.0874358615
Epoch:    850 | Descent Error: 0.0851056706
Epoch:    900 | Descent Error: 0.0823344978
Epoch:    950 | Descent Error: 0.079812783
Epoch:  1,000 | Descent Error: 0.07721

====================================================================================================
PERF FORMAT: DATASET | Acuracy: ACC | Loss: LOSS1 LOSS2 LOSS3 | PS: PS
====================================================================================================
Train | Acuracy:  90.83% | Loss: 0.33326 0.01433 0.00245 | PS: 0.00137 
Val   | Acuracy:  89.82% | Loss: 0.36057 0.01562 0.00258 | PS: 0.00157 
Test  | Acuracy:  90.98% | Loss: 0.32406 0.01381 0.00237 | PS: 0.0018 
----------------------------------------------------------------------------------------------------
Optimization error  : 0.00137
Population error    : 0.0018
Generalization error: 0.00043
