Namespace(batch_size=64, beta_moco=0.1, gamma_moco=0.1, gamma_modo=0.0075, lr=0.1, moo_method='MoDo', num_epochs=1000, rho_moco=0.0, rho_modo=0.0, seed=3)

==================================================
Model parameter count per layer
==================================================
fc1.weight 	: 401408
fc1.bias 	: 512
fc2.weight 	: 5120
fc2.bias 	: 10
Total number of parametrs : 407050
--------------------------------------------------

==================================================
LOG FORMAT: Epoch: EPOCH | Descent Error: DESC ERROR
==================================================
Epoch:      0 | Descent Error: 0.5352057815
Epoch:     50 | Descent Error: 0.350152418
Epoch:    100 | Descent Error: 0.2688128501
Epoch:    150 | Descent Error: 0.2200256009
Epoch:    200 | Descent Error: 0.1932813689
Epoch:    250 | Descent Error: 0.1719488874
Epoch:    300 | Descent Error: 0.1557482694
Epoch:    350 | Descent Error: 0.1421898473
Epoch:    400 | Descent Error: 0.130550524
Epoch:    450 | Descent Error: 0.1227131587
Epoch:    500 | Descent Error: 0.1138724756
Epoch:    550 | Descent Error: 0.108515917
Epoch:    600 | Descent Error: 0.1030119305
Epoch:    650 | Descent Error: 0.0986432486
Epoch:    700 | Descent Error: 0.095873592
Epoch:    750 | Descent Error: 0.091515064
Epoch:    800 | Descent Error: 0.0883221195
Epoch:    850 | Descent Error: 0.0865897449
Epoch:    900 | Descent Error: 0.0853612176
Epoch:    950 | Descent Error: 0.0825264079
Epoch:  1,000 | Descent Error: 0.08048

====================================================================================================
PERF FORMAT: DATASET | Acuracy: ACC | Loss: LOSS1 LOSS2 LOSS3 | PS: PS
====================================================================================================
Train | Acuracy:  90.76% | Loss: 0.33045 0.01422 0.00242 | PS: 0.00156 
Val   | Acuracy:  90.27% | Loss: 0.34682 0.01497 0.00251 | PS: 0.00156 
Test  | Acuracy:  91.29% | Loss: 0.3191 0.01354 0.00231 | PS: 0.00152 
----------------------------------------------------------------------------------------------------
Optimization error  : 0.00156
Population error    : 0.00152
Generalization error: -4e-05
