Namespace(batch_size=64, beta_moco=0.1, gamma_moco=0.1, gamma_modo=0.05, lr=0.1, moo_method='MoDo', num_epochs=1000, rho_moco=0.0, rho_modo=0.0, seed=3)

==================================================
Model parameter count per layer
==================================================
fc1.weight 	: 401408
fc1.bias 	: 512
fc2.weight 	: 5120
fc2.bias 	: 10
Total number of parametrs : 407050
--------------------------------------------------

==================================================
LOG FORMAT: Epoch: EPOCH | Descent Error: DESC ERROR
==================================================
Epoch:      0 | Descent Error: 0.485673815
Epoch:     50 | Descent Error: 0.2579459008
Epoch:    100 | Descent Error: 0.177868103
Epoch:    150 | Descent Error: 0.1375059867
Epoch:    200 | Descent Error: 0.1130526802
Epoch:    250 | Descent Error: 0.0966304662
Epoch:    300 | Descent Error: 0.084757978
Epoch:    350 | Descent Error: 0.0757468218
Epoch:    400 | Descent Error: 0.0686160844
Epoch:    450 | Descent Error: 0.0628285269
Epoch:    500 | Descent Error: 0.0580160118
Epoch:    550 | Descent Error: 0.0539771384
Epoch:    600 | Descent Error: 0.0505242914
Epoch:    650 | Descent Error: 0.0474983798
Epoch:    700 | Descent Error: 0.0448348886
Epoch:    750 | Descent Error: 0.0425369776
Epoch:    800 | Descent Error: 0.0404572661
Epoch:    850 | Descent Error: 0.0385913686
Epoch:    900 | Descent Error: 0.0369097001
Epoch:    950 | Descent Error: 0.0353658595
Epoch:  1,000 | Descent Error: 0.034

====================================================================================================
PERF FORMAT: DATASET | Acuracy: ACC | Loss: LOSS1 LOSS2 LOSS3 | PS: PS
====================================================================================================
Train | Acuracy:  86.23% | Loss: 0.58992 0.02519 0.00487 | PS: 0.00326 
Val   | Acuracy:  85.84% | Loss: 0.59558 0.02548 0.0049 | PS: 0.00339 
Test  | Acuracy:  87.02% | Loss: 0.56574 0.02411 0.00472 | PS: 0.0035 
----------------------------------------------------------------------------------------------------
Optimization error  : 0.00326
Population error    : 0.0035
Generalization error: 0.00024
