Namespace(batch_size=64, beta_moco=0.1, gamma_moco=0.1, gamma_modo=0.5, lr=0.1, moo_method='MoDo', num_epochs=1000, rho_moco=0.0, rho_modo=0.0, seed=0)

==================================================
Model parameter count per layer
==================================================
fc1.weight 	: 401408
fc1.bias 	: 512
fc2.weight 	: 5120
fc2.bias 	: 10
Total number of parametrs : 407050
--------------------------------------------------

==================================================
LOG FORMAT: Epoch: EPOCH | Descent Error: DESC ERROR
==================================================
Epoch:      0 | Descent Error: 0.0138479723
Epoch:     50 | Descent Error: 0.0146762254
Epoch:    100 | Descent Error: 0.0152072155
Epoch:    150 | Descent Error: 0.0154848504
Epoch:    200 | Descent Error: 0.0157118466
Epoch:    250 | Descent Error: 0.0158570306
Epoch:    300 | Descent Error: 0.0158934133
Epoch:    350 | Descent Error: 0.0158350146
Epoch:    400 | Descent Error: 0.0156835736
Epoch:    450 | Descent Error: 0.0155284863
Epoch:    500 | Descent Error: 0.0152518543
Epoch:    550 | Descent Error: 0.0149369703
Epoch:    600 | Descent Error: 0.0146063435
Epoch:    650 | Descent Error: 0.0142873026
Epoch:    700 | Descent Error: 0.0139691684
Epoch:    750 | Descent Error: 0.0136704936
Epoch:    800 | Descent Error: 0.0133705205
Epoch:    850 | Descent Error: 0.0130779989
Epoch:    900 | Descent Error: 0.0128417586
Epoch:    950 | Descent Error: 0.0125888372
Epoch:  1,000 | Descent Error: 0.01236

====================================================================================================
PERF FORMAT: DATASET | Acuracy: ACC | Loss: LOSS1 LOSS2 LOSS3 | PS: PS
====================================================================================================
Train | Acuracy:  82.18% | Loss: 0.7702 0.03344 0.00625 | PS: 0.00427 
Val   | Acuracy:  81.83% | Loss: 0.77742 0.03379 0.00628 | PS: 0.00428 
Test  | Acuracy:  83.29% | Loss: 0.74691 0.03242 0.00613 | PS: 0.0044 
----------------------------------------------------------------------------------------------------
Optimization error  : 0.00427
Population error    : 0.0044
Generalization error: 0.00012
