Namespace(batch_size=64, beta_moco=0.1, gamma_moco=0.1, gamma_modo=0.25, lr=0.1, moo_method='MoDo', num_epochs=1000, rho_moco=0.0, rho_modo=0.0, seed=7)

==================================================
Model parameter count per layer
==================================================
fc1.weight 	: 401408
fc1.bias 	: 512
fc2.weight 	: 5120
fc2.bias 	: 10
Total number of parametrs : 407050
--------------------------------------------------

==================================================
LOG FORMAT: Epoch: EPOCH | Descent Error: DESC ERROR
==================================================
Epoch:      0 | Descent Error: 0.2091350406
Epoch:     50 | Descent Error: 0.1127907308
Epoch:    100 | Descent Error: 0.0808880137
Epoch:    150 | Descent Error: 0.064945207
Epoch:    200 | Descent Error: 0.0554265376
Epoch:    250 | Descent Error: 0.049087725
Epoch:    300 | Descent Error: 0.0445059362
Epoch:    350 | Descent Error: 0.0409698971
Epoch:    400 | Descent Error: 0.0381085471
Epoch:    450 | Descent Error: 0.0357433756
Epoch:    500 | Descent Error: 0.0337215643
Epoch:    550 | Descent Error: 0.0319896326
Epoch:    600 | Descent Error: 0.0304598564
Epoch:    650 | Descent Error: 0.0291090528
Epoch:    700 | Descent Error: 0.0278947406
Epoch:    750 | Descent Error: 0.0267837561
Epoch:    800 | Descent Error: 0.0257928388
Epoch:    850 | Descent Error: 0.0248798294
Epoch:    900 | Descent Error: 0.0240753112
Epoch:    950 | Descent Error: 0.0233084613
Epoch:  1,000 | Descent Error: 0.02256

====================================================================================================
PERF FORMAT: DATASET | Acuracy: ACC | Loss: LOSS1 LOSS2 LOSS3 | PS: PS
====================================================================================================
Train | Acuracy:  83.98% | Loss: 0.71812 0.03107 0.00592 | PS: 0.00401 
Val   | Acuracy:  84.21% | Loss: 0.71209 0.03073 0.00588 | PS: 0.00427 
Test  | Acuracy:  85.27% | Loss: 0.68978 0.02974 0.00575 | PS: 0.00414 
----------------------------------------------------------------------------------------------------
Optimization error  : 0.00401
Population error    : 0.00414
Generalization error: 0.00013
