Namespace(batch_size=64, beta_moco=0.1, gamma_moco=0.1, gamma_modo=0.05, lr=0.1, moo_method='MoDo', num_epochs=1000, rho_moco=0.0, rho_modo=0.0, seed=0)

==================================================
Model parameter count per layer
==================================================
fc1.weight 	: 401408
fc1.bias 	: 512
fc2.weight 	: 5120
fc2.bias 	: 10
Total number of parametrs : 407050
--------------------------------------------------

==================================================
LOG FORMAT: Epoch: EPOCH | Descent Error: DESC ERROR
==================================================
Epoch:      0 | Descent Error: 0.4349133372
Epoch:     50 | Descent Error: 0.2330027772
Epoch:    100 | Descent Error: 0.1612380755
Epoch:    150 | Descent Error: 0.1250541043
Epoch:    200 | Descent Error: 0.1031470723
Epoch:    250 | Descent Error: 0.0883699247
Epoch:    300 | Descent Error: 0.0777049985
Epoch:    350 | Descent Error: 0.0695550775
Epoch:    400 | Descent Error: 0.0631472726
Epoch:    450 | Descent Error: 0.0579848044
Epoch:    500 | Descent Error: 0.0537051858
Epoch:    550 | Descent Error: 0.0500870061
Epoch:    600 | Descent Error: 0.0469419681
Epoch:    650 | Descent Error: 0.0442180726
Epoch:    700 | Descent Error: 0.0418607272
Epoch:    750 | Descent Error: 0.0397711766
Epoch:    800 | Descent Error: 0.0378627214
Epoch:    850 | Descent Error: 0.0361623603
Epoch:    900 | Descent Error: 0.0346272016
Epoch:    950 | Descent Error: 0.0332317498
Epoch:  1,000 | Descent Error: 0.03196

====================================================================================================
PERF FORMAT: DATASET | Acuracy: ACC | Loss: LOSS1 LOSS2 LOSS3 | PS: PS
====================================================================================================
Train | Acuracy:  85.78% | Loss: 0.60425 0.02583 0.00498 | PS: 0.00344 
Val   | Acuracy:  85.40% | Loss: 0.61174 0.02619 0.00502 | PS: 0.0035 
Test  | Acuracy:  86.63% | Loss: 0.581 0.02476 0.00483 | PS: 0.00366 
----------------------------------------------------------------------------------------------------
Optimization error  : 0.00344
Population error    : 0.00366
Generalization error: 0.00022
