Namespace(batch_size=64, beta_moco=0.1, gamma_moco=0.1, gamma_modo=0.75, lr=0.1, moo_method='MoDo', num_epochs=1000, rho_moco=0.0, rho_modo=0.0, seed=0)

==================================================
Model parameter count per layer
==================================================
fc1.weight 	: 401408
fc1.bias 	: 512
fc2.weight 	: 5120
fc2.bias 	: 10
Total number of parametrs : 407050
--------------------------------------------------

==================================================
LOG FORMAT: Epoch: EPOCH | Descent Error: DESC ERROR
==================================================
Epoch:      0 | Descent Error: 0.0137435216
Epoch:     50 | Descent Error: 0.0145078618
Epoch:    100 | Descent Error: 0.0149667369
Epoch:    150 | Descent Error: 0.0151640275
Epoch:    200 | Descent Error: 0.0153063282
Epoch:    250 | Descent Error: 0.0153657148
Epoch:    300 | Descent Error: 0.0153276052
Epoch:    350 | Descent Error: 0.0152068353
Epoch:    400 | Descent Error: 0.0150048548
Epoch:    450 | Descent Error: 0.0148312801
Epoch:    500 | Descent Error: 0.0145208057
Epoch:    550 | Descent Error: 0.0141812842
Epoch:    600 | Descent Error: 0.0138326061
Epoch:    650 | Descent Error: 0.0134970801
Epoch:    700 | Descent Error: 0.0131680189
Epoch:    750 | Descent Error: 0.012858435
Epoch:    800 | Descent Error: 0.012550405
Epoch:    850 | Descent Error: 0.012246244
Epoch:    900 | Descent Error: 0.0119914836
Epoch:    950 | Descent Error: 0.0117339717
Epoch:  1,000 | Descent Error: 0.01151

====================================================================================================
PERF FORMAT: DATASET | Acuracy: ACC | Loss: LOSS1 LOSS2 LOSS3 | PS: PS
====================================================================================================
Train | Acuracy:  80.99% | Loss: 0.80699 0.03507 0.00648 | PS: 0.00425 
Val   | Acuracy:  80.57% | Loss: 0.81417 0.0354 0.0065 | PS: 0.00427 
Test  | Acuracy:  82.08% | Loss: 0.78392 0.03407 0.00636 | PS: 0.00437 
----------------------------------------------------------------------------------------------------
Optimization error  : 0.00425
Population error    : 0.00437
Generalization error: 0.00012
