Namespace(batch_size=64, beta_moco=0.1, gamma_moco=0.1, gamma_modo=0.0075, lr=0.1, moo_method='MoDo', num_epochs=1000, rho_moco=0.0, rho_modo=0.0, seed=8)

==================================================
Model parameter count per layer
==================================================
fc1.weight 	: 401408
fc1.bias 	: 512
fc2.weight 	: 5120
fc2.bias 	: 10
Total number of parametrs : 407050
--------------------------------------------------

==================================================
LOG FORMAT: Epoch: EPOCH | Descent Error: DESC ERROR
==================================================
Epoch:      0 | Descent Error: 0.5222538114
Epoch:     50 | Descent Error: 0.3511640504
Epoch:    100 | Descent Error: 0.2773136546
Epoch:    150 | Descent Error: 0.2287342865
Epoch:    200 | Descent Error: 0.1956128806
Epoch:    250 | Descent Error: 0.1731856167
Epoch:    300 | Descent Error: 0.1560891393
Epoch:    350 | Descent Error: 0.1450943896
Epoch:    400 | Descent Error: 0.136675215
Epoch:    450 | Descent Error: 0.1290821034
Epoch:    500 | Descent Error: 0.1246476556
Epoch:    550 | Descent Error: 0.1198338559
Epoch:    600 | Descent Error: 0.1131440372
Epoch:    650 | Descent Error: 0.1089866704
Epoch:    700 | Descent Error: 0.1043056915
Epoch:    750 | Descent Error: 0.0998407537
Epoch:    800 | Descent Error: 0.0962529724
Epoch:    850 | Descent Error: 0.0943081218
Epoch:    900 | Descent Error: 0.0909353626
Epoch:    950 | Descent Error: 0.0891944155
Epoch:  1,000 | Descent Error: 0.087

====================================================================================================
PERF FORMAT: DATASET | Acuracy: ACC | Loss: LOSS1 LOSS2 LOSS3 | PS: PS
====================================================================================================
Train | Acuracy:  90.77% | Loss: 0.32939 0.0143 0.00245 | PS: 0.00188 
Val   | Acuracy:  90.38% | Loss: 0.35172 0.01498 0.00252 | PS: 0.00191 
Test  | Acuracy:  90.93% | Loss: 0.32096 0.01391 0.00238 | PS: 0.00241 
----------------------------------------------------------------------------------------------------
Optimization error  : 0.00188
Population error    : 0.00241
Generalization error: 0.00053
