Namespace(batch_size=64, beta_moco=0.1, gamma_moco=0.1, gamma_modo=0.5, lr=0.1, moo_method='MoDo', num_epochs=1000, rho_moco=0.0, rho_modo=0.0, seed=5)

==================================================
Model parameter count per layer
==================================================
fc1.weight 	: 401408
fc1.bias 	: 512
fc2.weight 	: 5120
fc2.bias 	: 10
Total number of parametrs : 407050
--------------------------------------------------

==================================================
LOG FORMAT: Epoch: EPOCH | Descent Error: DESC ERROR
==================================================
Epoch:      0 | Descent Error: 0.0913799405
Epoch:     50 | Descent Error: 0.0534668393
Epoch:    100 | Descent Error: 0.0413041081
Epoch:    150 | Descent Error: 0.0353740093
Epoch:    200 | Descent Error: 0.0317843305
Epoch:    250 | Descent Error: 0.0293276414
Epoch:    300 | Descent Error: 0.0274791469
Epoch:    350 | Descent Error: 0.0260964668
Epoch:    400 | Descent Error: 0.0248091961
Epoch:    450 | Descent Error: 0.0236744408
Epoch:    500 | Descent Error: 0.0229201047
Epoch:    550 | Descent Error: 0.0219693605
Epoch:    600 | Descent Error: 0.021112669
Epoch:    650 | Descent Error: 0.020329714
Epoch:    700 | Descent Error: 0.0196697318
Epoch:    750 | Descent Error: 0.0191607681
Epoch:    800 | Descent Error: 0.018716419
Epoch:    850 | Descent Error: 0.0185159549
Epoch:    900 | Descent Error: 0.0180204261
Epoch:    950 | Descent Error: 0.0175386369
Epoch:  1,000 | Descent Error: 0.01703

====================================================================================================
PERF FORMAT: DATASET | Acuracy: ACC | Loss: LOSS1 LOSS2 LOSS3 | PS: PS
====================================================================================================
Train | Acuracy:  84.03% | Loss: 0.72567 0.03148 0.00599 | PS: 0.0041 
Val   | Acuracy:  83.31% | Loss: 0.73521 0.03193 0.00602 | PS: 0.00407 
Test  | Acuracy:  84.84% | Loss: 0.70282 0.03044 0.00586 | PS: 0.00425 
----------------------------------------------------------------------------------------------------
Optimization error  : 0.0041
Population error    : 0.00425
Generalization error: 0.00015
