Namespace(batch_size=64, beta_moco=0.1, gamma_moco=0.1, gamma_modo=0.75, lr=0.1, moo_method='MoDo', num_epochs=1000, rho_moco=0.0, rho_modo=0.0, seed=5)

==================================================
Model parameter count per layer
==================================================
fc1.weight 	: 401408
fc1.bias 	: 512
fc2.weight 	: 5120
fc2.bias 	: 10
Total number of parametrs : 407050
--------------------------------------------------

==================================================
LOG FORMAT: Epoch: EPOCH | Descent Error: DESC ERROR
==================================================
Epoch:      0 | Descent Error: 0.0146842962
Epoch:     50 | Descent Error: 0.0149805187
Epoch:    100 | Descent Error: 0.0154966429
Epoch:    150 | Descent Error: 0.0158909245
Epoch:    200 | Descent Error: 0.0160637459
Epoch:    250 | Descent Error: 0.0160969817
Epoch:    300 | Descent Error: 0.0160134497
Epoch:    350 | Descent Error: 0.0159413551
Epoch:    400 | Descent Error: 0.0156794858
Epoch:    450 | Descent Error: 0.0153674054
Epoch:    500 | Descent Error: 0.0153913357
Epoch:    550 | Descent Error: 0.0149914736
Epoch:    600 | Descent Error: 0.014604491
Epoch:    650 | Descent Error: 0.0142222302
Epoch:    700 | Descent Error: 0.0139461308
Epoch:    750 | Descent Error: 0.0137790515
Epoch:    800 | Descent Error: 0.0136949021
Epoch:    850 | Descent Error: 0.0138665585
Epoch:    900 | Descent Error: 0.01361242
Epoch:    950 | Descent Error: 0.0133445372
Epoch:  1,000 | Descent Error: 0.01301

====================================================================================================
PERF FORMAT: DATASET | Acuracy: ACC | Loss: LOSS1 LOSS2 LOSS3 | PS: PS
====================================================================================================
Train | Acuracy:  83.38% | Loss: 0.754 0.03279 0.00619 | PS: 0.00413 
Val   | Acuracy:  82.72% | Loss: 0.76313 0.03321 0.00622 | PS: 0.0041 
Test  | Acuracy:  84.05% | Loss: 0.73105 0.03175 0.00606 | PS: 0.00426 
----------------------------------------------------------------------------------------------------
Optimization error  : 0.00413
Population error    : 0.00426
Generalization error: 0.00013
