Namespace(batch_size=64, beta_moco=0.1, gamma_moco=0.1, gamma_modo=0.25, lr=0.1, moo_method='MoDo', num_epochs=1000, rho_moco=0.0, rho_modo=0.0, seed=8)

==================================================
Model parameter count per layer
==================================================
fc1.weight 	: 401408
fc1.bias 	: 512
fc2.weight 	: 5120
fc2.bias 	: 10
Total number of parametrs : 407050
--------------------------------------------------

==================================================
LOG FORMAT: Epoch: EPOCH | Descent Error: DESC ERROR
==================================================
Epoch:      0 | Descent Error: 0.1730781049
Epoch:     50 | Descent Error: 0.0944484565
Epoch:    100 | Descent Error: 0.0686476498
Epoch:    150 | Descent Error: 0.0558177345
Epoch:    200 | Descent Error: 0.0481978871
Epoch:    250 | Descent Error: 0.0431391671
Epoch:    300 | Descent Error: 0.0394731161
Epoch:    350 | Descent Error: 0.0367036809
Epoch:    400 | Descent Error: 0.0343774983
Epoch:    450 | Descent Error: 0.03241602
Epoch:    500 | Descent Error: 0.0307087893
Epoch:    550 | Descent Error: 0.0292188899
Epoch:    600 | Descent Error: 0.02790473
Epoch:    650 | Descent Error: 0.0267333727
Epoch:    700 | Descent Error: 0.0260434184
Epoch:    750 | Descent Error: 0.0250649751
Epoch:    800 | Descent Error: 0.0242028391
Epoch:    850 | Descent Error: 0.0233736889
Epoch:    900 | Descent Error: 0.0227451166
Epoch:    950 | Descent Error: 0.0221355546
Epoch:  1,000 | Descent Error: 0.02156

====================================================================================================
PERF FORMAT: DATASET | Acuracy: ACC | Loss: LOSS1 LOSS2 LOSS3 | PS: PS
====================================================================================================
Train | Acuracy:  84.14% | Loss: 0.71462 0.0309 0.0059 | PS: 0.00418 
Val   | Acuracy:  83.75% | Loss: 0.7204 0.0311 0.00591 | PS: 0.00426 
Test  | Acuracy:  84.66% | Loss: 0.69144 0.02984 0.00576 | PS: 0.00433 
----------------------------------------------------------------------------------------------------
Optimization error  : 0.00418
Population error    : 0.00433
Generalization error: 0.00015
