Namespace(batch_size=64, beta_moco=0.1, gamma_moco=0.1, gamma_modo=0.5, lr=0.1, moo_method='MoDo', num_epochs=1000, rho_moco=0.0, rho_modo=0.0, seed=8)

==================================================
Model parameter count per layer
==================================================
fc1.weight 	: 401408
fc1.bias 	: 512
fc2.weight 	: 5120
fc2.bias 	: 10
Total number of parametrs : 407050
--------------------------------------------------

==================================================
LOG FORMAT: Epoch: EPOCH | Descent Error: DESC ERROR
==================================================
Epoch:      0 | Descent Error: 0.0136315776
Epoch:     50 | Descent Error: 0.014210484
Epoch:    100 | Descent Error: 0.014885443
Epoch:    150 | Descent Error: 0.0153482733
Epoch:    200 | Descent Error: 0.0156544931
Epoch:    250 | Descent Error: 0.0158676285
Epoch:    300 | Descent Error: 0.0159772046
Epoch:    350 | Descent Error: 0.0161106437
Epoch:    400 | Descent Error: 0.0159994269
Epoch:    450 | Descent Error: 0.0158117597
Epoch:    500 | Descent Error: 0.0155505536
Epoch:    550 | Descent Error: 0.0152627223
Epoch:    600 | Descent Error: 0.0149634705
Epoch:    650 | Descent Error: 0.0146536346
Epoch:    700 | Descent Error: 0.015046858
Epoch:    750 | Descent Error: 0.0146957651
Epoch:    800 | Descent Error: 0.0143915023
Epoch:    850 | Descent Error: 0.0140607986
Epoch:    900 | Descent Error: 0.0140074072
Epoch:    950 | Descent Error: 0.0138153289
Epoch:  1,000 | Descent Error: 0.01354

====================================================================================================
PERF FORMAT: DATASET | Acuracy: ACC | Loss: LOSS1 LOSS2 LOSS3 | PS: PS
====================================================================================================
Train | Acuracy:  83.29% | Loss: 0.7517 0.03259 0.00616 | PS: 0.00426 
Val   | Acuracy:  82.93% | Loss: 0.75694 0.03277 0.00617 | PS: 0.00434 
Test  | Acuracy:  83.89% | Loss: 0.72841 0.03153 0.00603 | PS: 0.00439 
----------------------------------------------------------------------------------------------------
Optimization error  : 0.00426
Population error    : 0.00439
Generalization error: 0.00013
