Namespace(batch_size=64, beta_moco=0.1, gamma_moco=0.1, gamma_modo=0.0075, lr=0.1, moo_method='MoDo', num_epochs=1000, rho_moco=0.0, rho_modo=0.0, seed=0)

==================================================
Model parameter count per layer
==================================================
fc1.weight 	: 401408
fc1.bias 	: 512
fc2.weight 	: 5120
fc2.bias 	: 10
Total number of parametrs : 407050
--------------------------------------------------

==================================================
LOG FORMAT: Epoch: EPOCH | Descent Error: DESC ERROR
==================================================
Epoch:      0 | Descent Error: 0.5097995996
Epoch:     50 | Descent Error: 0.341415897
Epoch:    100 | Descent Error: 0.2656646743
Epoch:    150 | Descent Error: 0.2182796355
Epoch:    200 | Descent Error: 0.1869565658
Epoch:    250 | Descent Error: 0.1651064406
Epoch:    300 | Descent Error: 0.1502805831
Epoch:    350 | Descent Error: 0.1381698549
Epoch:    400 | Descent Error: 0.1283769678
Epoch:    450 | Descent Error: 0.1224381026
Epoch:    500 | Descent Error: 0.1170101427
Epoch:    550 | Descent Error: 0.1117353728
Epoch:    600 | Descent Error: 0.1054326147
Epoch:    650 | Descent Error: 0.1006151065
Epoch:    700 | Descent Error: 0.0966251679
Epoch:    750 | Descent Error: 0.0931904158
Epoch:    800 | Descent Error: 0.0900879068
Epoch:    850 | Descent Error: 0.088131085
Epoch:    900 | Descent Error: 0.0857854931
Epoch:    950 | Descent Error: 0.0839078581
Epoch:  1,000 | Descent Error: 0.08157

====================================================================================================
PERF FORMAT: DATASET | Acuracy: ACC | Loss: LOSS1 LOSS2 LOSS3 | PS: PS
====================================================================================================
Train | Acuracy:  90.63% | Loss: 0.33375 0.01439 0.00243 | PS: 0.00157 
Val   | Acuracy:  90.28% | Loss: 0.34432 0.01491 0.00249 | PS: 0.00182 
Test  | Acuracy:  91.21% | Loss: 0.32048 0.01367 0.00233 | PS: 0.00182 
----------------------------------------------------------------------------------------------------
Optimization error  : 0.00157
Population error    : 0.00182
Generalization error: 0.00025
