Namespace(batch_size=64, beta_moco=0.1, gamma_moco=0.1, gamma_modo=0.1, lr=0.1, moo_method='MoDo', num_epochs=1000, rho_moco=0.0, rho_modo=0.0, seed=2)

==================================================
Model parameter count per layer
==================================================
fc1.weight 	: 401408
fc1.bias 	: 512
fc2.weight 	: 5120
fc2.bias 	: 10
Total number of parametrs : 407050
--------------------------------------------------

==================================================
LOG FORMAT: Epoch: EPOCH | Descent Error: DESC ERROR
==================================================
Epoch:      0 | Descent Error: 0.417042315
Epoch:     50 | Descent Error: 0.2182662217
Epoch:    100 | Descent Error: 0.1519131251
Epoch:    150 | Descent Error: 0.1186561938
Epoch:    200 | Descent Error: 0.0986302298
Epoch:    250 | Descent Error: 0.0849820587
Epoch:    300 | Descent Error: 0.0750730412
Epoch:    350 | Descent Error: 0.0674810755
Epoch:    400 | Descent Error: 0.0614655149
Epoch:    450 | Descent Error: 0.0566015334
Epoch:    500 | Descent Error: 0.0524982733
Epoch:    550 | Descent Error: 0.0490160238
Epoch:    600 | Descent Error: 0.0460416257
Epoch:    650 | Descent Error: 0.0434730861
Epoch:    700 | Descent Error: 0.0412962928
Epoch:    750 | Descent Error: 0.0393022706
Epoch:    800 | Descent Error: 0.0375360209
Epoch:    850 | Descent Error: 0.0359711258
Epoch:    900 | Descent Error: 0.0345676065
Epoch:    950 | Descent Error: 0.0332762527
Epoch:  1,000 | Descent Error: 0.03202

====================================================================================================
PERF FORMAT: DATASET | Acuracy: ACC | Loss: LOSS1 LOSS2 LOSS3 | PS: PS
====================================================================================================
Train | Acuracy:  84.63% | Loss: 0.65677 0.02835 0.00544 | PS: 0.00383 
Val   | Acuracy:  84.44% | Loss: 0.66031 0.02851 0.00546 | PS: 0.00381 
Test  | Acuracy:  85.76% | Loss: 0.63317 0.02721 0.00529 | PS: 0.00396 
----------------------------------------------------------------------------------------------------
Optimization error  : 0.00383
Population error    : 0.00396
Generalization error: 0.00012
