Namespace(batch_size=64, beta_moco=0.1, gamma_moco=0.1, gamma_modo=0.25, lr=0.1, moo_method='MoDo', num_epochs=1000, rho_moco=0.0, rho_modo=0.0, seed=1)

==================================================
Model parameter count per layer
==================================================
fc1.weight 	: 401408
fc1.bias 	: 512
fc2.weight 	: 5120
fc2.bias 	: 10
Total number of parametrs : 407050
--------------------------------------------------

==================================================
LOG FORMAT: Epoch: EPOCH | Descent Error: DESC ERROR
==================================================
Epoch:      0 | Descent Error: 0.284884125
Epoch:     50 | Descent Error: 0.1505242381
Epoch:    100 | Descent Error: 0.1060785993
Epoch:    150 | Descent Error: 0.08394951
Epoch:    200 | Descent Error: 0.0707771447
Epoch:    250 | Descent Error: 0.0619934546
Epoch:    300 | Descent Error: 0.0556144225
Epoch:    350 | Descent Error: 0.0507179801
Epoch:    400 | Descent Error: 0.0467846171
Epoch:    450 | Descent Error: 0.0435262278
Epoch:    500 | Descent Error: 0.0407816294
Epoch:    550 | Descent Error: 0.0384959672
Epoch:    600 | Descent Error: 0.0364258963
Epoch:    650 | Descent Error: 0.0345890029
Epoch:    700 | Descent Error: 0.0329879565
Epoch:    750 | Descent Error: 0.031549547
Epoch:    800 | Descent Error: 0.0302535919
Epoch:    850 | Descent Error: 0.0290714999
Epoch:    900 | Descent Error: 0.0280011136
Epoch:    950 | Descent Error: 0.027008904
Epoch:  1,000 | Descent Error: 0.02615

====================================================================================================
PERF FORMAT: DATASET | Acuracy: ACC | Loss: LOSS1 LOSS2 LOSS3 | PS: PS
====================================================================================================
Train | Acuracy:  83.75% | Loss: 0.72585 0.03147 0.00597 | PS: 0.00425 
Val   | Acuracy:  83.63% | Loss: 0.72597 0.03151 0.00599 | PS: 0.00437 
Test  | Acuracy:  84.64% | Loss: 0.70155 0.03037 0.00584 | PS: 0.00432 
----------------------------------------------------------------------------------------------------
Optimization error  : 0.00425
Population error    : 0.00432
Generalization error: 8e-05
