Namespace(batch_size=64, beta_moco=0.1, gamma_moco=0.1, gamma_modo=0.25, lr=0.1, moo_method='MoDo', num_epochs=1000, rho_moco=0.0, rho_modo=0.0, seed=6)

==================================================
Model parameter count per layer
==================================================
fc1.weight 	: 401408
fc1.bias 	: 512
fc2.weight 	: 5120
fc2.bias 	: 10
Total number of parametrs : 407050
--------------------------------------------------

==================================================
LOG FORMAT: Epoch: EPOCH | Descent Error: DESC ERROR
==================================================
Epoch:      0 | Descent Error: 0.4582416713
Epoch:     50 | Descent Error: 0.2376257004
Epoch:    100 | Descent Error: 0.1643181543
Epoch:    150 | Descent Error: 0.1277341549
Epoch:    200 | Descent Error: 0.1057910703
Epoch:    250 | Descent Error: 0.0910954019
Epoch:    300 | Descent Error: 0.0808762711
Epoch:    350 | Descent Error: 0.0727291964
Epoch:    400 | Descent Error: 0.0662767338
Epoch:    450 | Descent Error: 0.0610346137
Epoch:    500 | Descent Error: 0.0566199562
Epoch:    550 | Descent Error: 0.0528587039
Epoch:    600 | Descent Error: 0.0496312641
Epoch:    650 | Descent Error: 0.0468531744
Epoch:    700 | Descent Error: 0.044416122
Epoch:    750 | Descent Error: 0.0424636985
Epoch:    800 | Descent Error: 0.0405596391
Epoch:    850 | Descent Error: 0.0387957235
Epoch:    900 | Descent Error: 0.0371934892
Epoch:    950 | Descent Error: 0.03574661
Epoch:  1,000 | Descent Error: 0.03446

====================================================================================================
PERF FORMAT: DATASET | Acuracy: ACC | Loss: LOSS1 LOSS2 LOSS3 | PS: PS
====================================================================================================
Train | Acuracy:  83.85% | Loss: 0.71184 0.03067 0.00583 | PS: 0.00411 
Val   | Acuracy:  83.40% | Loss: 0.71476 0.03092 0.00586 | PS: 0.0041 
Test  | Acuracy:  84.78% | Loss: 0.68682 0.02959 0.0057 | PS: 0.00421 
----------------------------------------------------------------------------------------------------
Optimization error  : 0.00411
Population error    : 0.00421
Generalization error: 0.0001
