Namespace(batch_size=64, beta_moco=0.1, gamma_moco=0.1, gamma_modo=0.25, lr=0.1, moo_method='MoDo', num_epochs=1000, rho_moco=0.0, rho_modo=0.0, seed=5)

==================================================
Model parameter count per layer
==================================================
fc1.weight 	: 401408
fc1.bias 	: 512
fc2.weight 	: 5120
fc2.bias 	: 10
Total number of parametrs : 407050
--------------------------------------------------

==================================================
LOG FORMAT: Epoch: EPOCH | Descent Error: DESC ERROR
==================================================
Epoch:      0 | Descent Error: 0.3127251267
Epoch:     50 | Descent Error: 0.1646438027
Epoch:    100 | Descent Error: 0.1156958522
Epoch:    150 | Descent Error: 0.0912858723
Epoch:    200 | Descent Error: 0.0766441595
Epoch:    250 | Descent Error: 0.0668163113
Epoch:    300 | Descent Error: 0.0597018144
Epoch:    350 | Descent Error: 0.0543482976
Epoch:    400 | Descent Error: 0.0499754159
Epoch:    450 | Descent Error: 0.0463690679
Epoch:    500 | Descent Error: 0.0434690849
Epoch:    550 | Descent Error: 0.0408599738
Epoch:    600 | Descent Error: 0.0385944805
Epoch:    650 | Descent Error: 0.0366114619
Epoch:    700 | Descent Error: 0.0348827021
Epoch:    750 | Descent Error: 0.0334001759
Epoch:    800 | Descent Error: 0.0320513669
Epoch:    850 | Descent Error: 0.0309734597
Epoch:    900 | Descent Error: 0.0298055981
Epoch:    950 | Descent Error: 0.0287371473
Epoch:  1,000 | Descent Error: 0.02771

====================================================================================================
PERF FORMAT: DATASET | Acuracy: ACC | Loss: LOSS1 LOSS2 LOSS3 | PS: PS
====================================================================================================
Train | Acuracy:  84.65% | Loss: 0.69375 0.02999 0.00575 | PS: 0.00401 
Val   | Acuracy:  83.93% | Loss: 0.70389 0.03048 0.00579 | PS: 0.00398 
Test  | Acuracy:  85.43% | Loss: 0.67103 0.02896 0.00561 | PS: 0.00418 
----------------------------------------------------------------------------------------------------
Optimization error  : 0.00401
Population error    : 0.00418
Generalization error: 0.00017
