Namespace(batch_size=64, beta_moco=0.1, gamma_moco=0.1, gamma_modo=0.75, lr=0.1, moo_method='MoDo', num_epochs=1000, rho_moco=0.0, rho_modo=0.0, seed=6)

==================================================
Model parameter count per layer
==================================================
fc1.weight 	: 401408
fc1.bias 	: 512
fc2.weight 	: 5120
fc2.bias 	: 10
Total number of parametrs : 407050
--------------------------------------------------

==================================================
LOG FORMAT: Epoch: EPOCH | Descent Error: DESC ERROR
==================================================
Epoch:      0 | Descent Error: 0.3102299869
Epoch:     50 | Descent Error: 0.1629632991
Epoch:    100 | Descent Error: 0.1141807406
Epoch:    150 | Descent Error: 0.0898111342
Epoch:    200 | Descent Error: 0.075175016
Epoch:    250 | Descent Error: 0.0653637008
Epoch:    300 | Descent Error: 0.0592657538
Epoch:    350 | Descent Error: 0.0536740206
Epoch:    400 | Descent Error: 0.0492003873
Epoch:    450 | Descent Error: 0.0457884883
Epoch:    500 | Descent Error: 0.0426506638
Epoch:    550 | Descent Error: 0.0399508905
Epoch:    600 | Descent Error: 0.0376087711
Epoch:    650 | Descent Error: 0.035570622
Epoch:    700 | Descent Error: 0.0337598054
Epoch:    750 | Descent Error: 0.032254906
Epoch:    800 | Descent Error: 0.0308735066
Epoch:    850 | Descent Error: 0.029554967
Epoch:    900 | Descent Error: 0.028363372
Epoch:    950 | Descent Error: 0.0272952933
Epoch:  1,000 | Descent Error: 0.02644

====================================================================================================
PERF FORMAT: DATASET | Acuracy: ACC | Loss: LOSS1 LOSS2 LOSS3 | PS: PS
====================================================================================================
Train | Acuracy:  81.09% | Loss: 0.7918 0.03432 0.00636 | PS: 0.00418 
Val   | Acuracy:  80.81% | Loss: 0.79453 0.03455 0.00639 | PS: 0.00415 
Test  | Acuracy:  82.47% | Loss: 0.76723 0.03329 0.00623 | PS: 0.00426 
----------------------------------------------------------------------------------------------------
Optimization error  : 0.00418
Population error    : 0.00426
Generalization error: 8e-05
