Namespace(batch_size=64, beta_moco=0.1, gamma_moco=0.1, gamma_modo=0.1, lr=0.1, moo_method='MoDo', num_epochs=1000, rho_moco=0.0, rho_modo=0.0, seed=1)

==================================================
Model parameter count per layer
==================================================
fc1.weight 	: 401408
fc1.bias 	: 512
fc2.weight 	: 5120
fc2.bias 	: 10
Total number of parametrs : 407050
--------------------------------------------------

==================================================
LOG FORMAT: Epoch: EPOCH | Descent Error: DESC ERROR
==================================================
Epoch:      0 | Descent Error: 0.4403467178
Epoch:     50 | Descent Error: 0.2289899439
Epoch:    100 | Descent Error: 0.1587561003
Epoch:    150 | Descent Error: 0.1237483774
Epoch:    200 | Descent Error: 0.1027537517
Epoch:    250 | Descent Error: 0.0885899672
Epoch:    300 | Descent Error: 0.0783166968
Epoch:    350 | Descent Error: 0.0704791488
Epoch:    400 | Descent Error: 0.0642555358
Epoch:    450 | Descent Error: 0.0591759989
Epoch:    500 | Descent Error: 0.0549614461
Epoch:    550 | Descent Error: 0.0514264532
Epoch:    600 | Descent Error: 0.0483415455
Epoch:    650 | Descent Error: 0.045653605
Epoch:    700 | Descent Error: 0.0433233133
Epoch:    750 | Descent Error: 0.0412617945
Epoch:    800 | Descent Error: 0.0393921148
Epoch:    850 | Descent Error: 0.0376776563
Epoch:    900 | Descent Error: 0.0361348071
Epoch:    950 | Descent Error: 0.0347166633
Epoch:  1,000 | Descent Error: 0.03345

====================================================================================================
PERF FORMAT: DATASET | Acuracy: ACC | Loss: LOSS1 LOSS2 LOSS3 | PS: PS
====================================================================================================
Train | Acuracy:  84.73% | Loss: 0.67764 0.02923 0.00561 | PS: 0.00404 
Val   | Acuracy:  84.72% | Loss: 0.67724 0.02926 0.00562 | PS: 0.00418 
Test  | Acuracy:  85.62% | Loss: 0.65329 0.02812 0.00547 | PS: 0.00415 
----------------------------------------------------------------------------------------------------
Optimization error  : 0.00404
Population error    : 0.00415
Generalization error: 0.00011
