Namespace(batch_size=64, beta_moco=0.1, gamma_moco=0.1, gamma_modo=0.75, lr=0.1, moo_method='MoDo', num_epochs=1000, rho_moco=0.0, rho_modo=0.0, seed=3)

==================================================
Model parameter count per layer
==================================================
fc1.weight 	: 401408
fc1.bias 	: 512
fc2.weight 	: 5120
fc2.bias 	: 10
Total number of parametrs : 407050
--------------------------------------------------

==================================================
LOG FORMAT: Epoch: EPOCH | Descent Error: DESC ERROR
==================================================
Epoch:      0 | Descent Error: 0.0149788
Epoch:     50 | Descent Error: 0.0153467329
Epoch:    100 | Descent Error: 0.0154298814
Epoch:    150 | Descent Error: 0.0155053188
Epoch:    200 | Descent Error: 0.0155875223
Epoch:    250 | Descent Error: 0.0168838055
Epoch:    300 | Descent Error: 0.0168407143
Epoch:    350 | Descent Error: 0.0165410697
Epoch:    400 | Descent Error: 0.0162119741
Epoch:    450 | Descent Error: 0.0158488623
Epoch:    500 | Descent Error: 0.0154632418
Epoch:    550 | Descent Error: 0.015075989
Epoch:    600 | Descent Error: 0.0150196907
Epoch:    650 | Descent Error: 0.0146215064
Epoch:    700 | Descent Error: 0.014233441
Epoch:    750 | Descent Error: 0.0140721078
Epoch:    800 | Descent Error: 0.0137102089
Epoch:    850 | Descent Error: 0.0133546765
Epoch:    900 | Descent Error: 0.0130169822
Epoch:    950 | Descent Error: 0.0127784487
Epoch:  1,000 | Descent Error: 0.01248

====================================================================================================
PERF FORMAT: DATASET | Acuracy: ACC | Loss: LOSS1 LOSS2 LOSS3 | PS: PS
====================================================================================================
Train | Acuracy:  83.03% | Loss: 0.76627 0.03328 0.00627 | PS: 0.00411 
Val   | Acuracy:  82.77% | Loss: 0.76997 0.03348 0.0063 | PS: 0.00421 
Test  | Acuracy:  83.91% | Loss: 0.74114 0.0322 0.00613 | PS: 0.00427 
----------------------------------------------------------------------------------------------------
Optimization error  : 0.00411
Population error    : 0.00427
Generalization error: 0.00017
