Namespace(batch_size=64, beta_moco=0.1, gamma_moco=0.1, gamma_modo=0.1, lr=0.1, moo_method='MoDo', num_epochs=1000, rho_moco=0.0, rho_modo=0.0, seed=8)

==================================================
Model parameter count per layer
==================================================
fc1.weight 	: 401408
fc1.bias 	: 512
fc2.weight 	: 5120
fc2.bias 	: 10
Total number of parametrs : 407050
--------------------------------------------------

==================================================
LOG FORMAT: Epoch: EPOCH | Descent Error: DESC ERROR
==================================================
Epoch:      0 | Descent Error: 0.3890604973
Epoch:     50 | Descent Error: 0.2035438828
Epoch:    100 | Descent Error: 0.141814112
Epoch:    150 | Descent Error: 0.1110262489
Epoch:    200 | Descent Error: 0.0924868505
Epoch:    250 | Descent Error: 0.0799919708
Epoch:    300 | Descent Error: 0.0709142014
Epoch:    350 | Descent Error: 0.063993551
Epoch:    400 | Descent Error: 0.0585067662
Epoch:    450 | Descent Error: 0.0540257201
Epoch:    500 | Descent Error: 0.0502727078
Epoch:    550 | Descent Error: 0.0470935524
Epoch:    600 | Descent Error: 0.0443662881
Epoch:    650 | Descent Error: 0.0420121896
Epoch:    700 | Descent Error: 0.040037509
Epoch:    750 | Descent Error: 0.0381426316
Epoch:    800 | Descent Error: 0.0364589436
Epoch:    850 | Descent Error: 0.0349075254
Epoch:    900 | Descent Error: 0.033538162
Epoch:    950 | Descent Error: 0.0322939885
Epoch:  1,000 | Descent Error: 0.03119

====================================================================================================
PERF FORMAT: DATASET | Acuracy: ACC | Loss: LOSS1 LOSS2 LOSS3 | PS: PS
====================================================================================================
Train | Acuracy:  85.11% | Loss: 0.6593 0.02834 0.00546 | PS: 0.00385 
Val   | Acuracy:  84.65% | Loss: 0.66578 0.02858 0.00548 | PS: 0.00393 
Test  | Acuracy:  85.77% | Loss: 0.63624 0.02729 0.00532 | PS: 0.00403 
----------------------------------------------------------------------------------------------------
Optimization error  : 0.00385
Population error    : 0.00403
Generalization error: 0.00018
