Namespace(batch_size=64, beta_moco=0.1, gamma_moco=0.1, gamma_modo=0.1, lr=0.1, moo_method='MoDo', num_epochs=1000, rho_moco=0.0, rho_modo=0.0, seed=7)

==================================================
Model parameter count per layer
==================================================
fc1.weight 	: 401408
fc1.bias 	: 512
fc2.weight 	: 5120
fc2.bias 	: 10
Total number of parametrs : 407050
--------------------------------------------------

==================================================
LOG FORMAT: Epoch: EPOCH | Descent Error: DESC ERROR
==================================================
Epoch:      0 | Descent Error: 0.4224452972
Epoch:     50 | Descent Error: 0.2199928658
Epoch:    100 | Descent Error: 0.152643462
Epoch:    150 | Descent Error: 0.1190582621
Epoch:    200 | Descent Error: 0.0988459937
Epoch:    250 | Descent Error: 0.0852419579
Epoch:    300 | Descent Error: 0.075381569
Epoch:    350 | Descent Error: 0.0678771543
Epoch:    400 | Descent Error: 0.0619339675
Epoch:    450 | Descent Error: 0.0571085482
Epoch:    500 | Descent Error: 0.0530753374
Epoch:    550 | Descent Error: 0.0496727206
Epoch:    600 | Descent Error: 0.0467193586
Epoch:    650 | Descent Error: 0.0441436341
Epoch:    700 | Descent Error: 0.0418722749
Epoch:    750 | Descent Error: 0.0398334533
Epoch:    800 | Descent Error: 0.0380284196
Epoch:    850 | Descent Error: 0.0364013697
Epoch:    900 | Descent Error: 0.0349206043
Epoch:    950 | Descent Error: 0.03356495
Epoch:  1,000 | Descent Error: 0.03231

====================================================================================================
PERF FORMAT: DATASET | Acuracy: ACC | Loss: LOSS1 LOSS2 LOSS3 | PS: PS
====================================================================================================
Train | Acuracy:  84.90% | Loss: 0.66467 0.0286 0.0055 | PS: 0.0037 
Val   | Acuracy:  85.09% | Loss: 0.65903 0.02829 0.00546 | PS: 0.00397 
Test  | Acuracy:  86.06% | Loss: 0.6366 0.02727 0.00533 | PS: 0.00386 
----------------------------------------------------------------------------------------------------
Optimization error  : 0.0037
Population error    : 0.00386
Generalization error: 0.00016
