Namespace(batch_size=64, beta_moco=0.1, gamma_moco=0.1, gamma_modo=0.025, lr=0.1, moo_method='MoDo', num_epochs=1000, rho_moco=0.0, rho_modo=0.0, seed=5)

==================================================
Model parameter count per layer
==================================================
fc1.weight 	: 401408
fc1.bias 	: 512
fc2.weight 	: 5120
fc2.bias 	: 10
Total number of parametrs : 407050
--------------------------------------------------

==================================================
LOG FORMAT: Epoch: EPOCH | Descent Error: DESC ERROR
==================================================
Epoch:      0 | Descent Error: 0.5119502544
Epoch:     50 | Descent Error: 0.3013986945
Epoch:    100 | Descent Error: 0.2151078582
Epoch:    150 | Descent Error: 0.1675990857
Epoch:    200 | Descent Error: 0.1376650948
Epoch:    250 | Descent Error: 0.11711612
Epoch:    300 | Descent Error: 0.1019652338
Epoch:    350 | Descent Error: 0.090451694
Epoch:    400 | Descent Error: 0.0813013494
Epoch:    450 | Descent Error: 0.0738525925
Epoch:    500 | Descent Error: 0.0676936487
Epoch:    550 | Descent Error: 0.062643214
Epoch:    600 | Descent Error: 0.0582798273
Epoch:    650 | Descent Error: 0.0545011039
Epoch:    700 | Descent Error: 0.0512051085
Epoch:    750 | Descent Error: 0.0483343859
Epoch:    800 | Descent Error: 0.0457671309
Epoch:    850 | Descent Error: 0.0435446202
Epoch:    900 | Descent Error: 0.0414858705
Epoch:    950 | Descent Error: 0.0396779176
Epoch:  1,000 | Descent Error: 0.03799

====================================================================================================
PERF FORMAT: DATASET | Acuracy: ACC | Loss: LOSS1 LOSS2 LOSS3 | PS: PS
====================================================================================================
Train | Acuracy:  87.61% | Loss: 0.50589 0.02151 0.00414 | PS: 0.00266 
Val   | Acuracy:  87.04% | Loss: 0.52104 0.02227 0.00421 | PS: 0.00262 
Test  | Acuracy:  88.37% | Loss: 0.48584 0.02059 0.004 | PS: 0.00298 
----------------------------------------------------------------------------------------------------
Optimization error  : 0.00266
Population error    : 0.00298
Generalization error: 0.00032
