Namespace(batch_size=64, beta_moco=0.1, gamma_moco=0.1, gamma_modo=0.075, lr=0.1, moo_method='MoDo', num_epochs=1000, rho_moco=0.0, rho_modo=0.0, seed=7)

==================================================
Model parameter count per layer
==================================================
fc1.weight 	: 401408
fc1.bias 	: 512
fc2.weight 	: 5120
fc2.bias 	: 10
Total number of parametrs : 407050
--------------------------------------------------

==================================================
LOG FORMAT: Epoch: EPOCH | Descent Error: DESC ERROR
==================================================
Epoch:      0 | Descent Error: 0.4579984844
Epoch:     50 | Descent Error: 0.2380711753
Epoch:    100 | Descent Error: 0.1648629811
Epoch:    150 | Descent Error: 0.1282142056
Epoch:    200 | Descent Error: 0.1060554255
Epoch:    250 | Descent Error: 0.0911326576
Epoch:    300 | Descent Error: 0.0803264302
Epoch:    350 | Descent Error: 0.072117408
Epoch:    400 | Descent Error: 0.0656234818
Epoch:    450 | Descent Error: 0.0603587522
Epoch:    500 | Descent Error: 0.0559651529
Epoch:    550 | Descent Error: 0.0522702728
Epoch:    600 | Descent Error: 0.0490602562
Epoch:    650 | Descent Error: 0.046266019
Epoch:    700 | Descent Error: 0.0438117482
Epoch:    750 | Descent Error: 0.04161563
Epoch:    800 | Descent Error: 0.0396768616
Epoch:    850 | Descent Error: 0.0379330295
Epoch:    900 | Descent Error: 0.0363421851
Epoch:    950 | Descent Error: 0.0348941759
Epoch:  1,000 | Descent Error: 0.03356

====================================================================================================
PERF FORMAT: DATASET | Acuracy: ACC | Loss: LOSS1 LOSS2 LOSS3 | PS: PS
====================================================================================================
Train | Acuracy:  85.23% | Loss: 0.64423 0.02766 0.00533 | PS: 0.00356 
Val   | Acuracy:  85.49% | Loss: 0.63872 0.02736 0.00529 | PS: 0.00384 
Test  | Acuracy:  86.29% | Loss: 0.6163 0.02633 0.00516 | PS: 0.00374 
----------------------------------------------------------------------------------------------------
Optimization error  : 0.00356
Population error    : 0.00374
Generalization error: 0.00018
