Namespace(batch_size=64, beta_moco=0.1, gamma_moco=0.1, gamma_modo=0.5, lr=0.1, moo_method='MoDo', num_epochs=1000, rho_moco=0.0, rho_modo=0.0, seed=4)

==================================================
Model parameter count per layer
==================================================
fc1.weight 	: 401408
fc1.bias 	: 512
fc2.weight 	: 5120
fc2.bias 	: 10
Total number of parametrs : 407050
--------------------------------------------------

==================================================
LOG FORMAT: Epoch: EPOCH | Descent Error: DESC ERROR
==================================================
Epoch:      0 | Descent Error: 0.1599546671
Epoch:     50 | Descent Error: 0.0879050205
Epoch:    100 | Descent Error: 0.0642021863
Epoch:    150 | Descent Error: 0.0523607619
Epoch:    200 | Descent Error: 0.0452836528
Epoch:    250 | Descent Error: 0.0405350703
Epoch:    300 | Descent Error: 0.0370605109
Epoch:    350 | Descent Error: 0.0343796241
Epoch:    400 | Descent Error: 0.0321210126
Epoch:    450 | Descent Error: 0.0302150323
Epoch:    500 | Descent Error: 0.0285859473
Epoch:    550 | Descent Error: 0.0271637839
Epoch:    600 | Descent Error: 0.0259241119
Epoch:    650 | Descent Error: 0.0248295019
Epoch:    700 | Descent Error: 0.0242675378
Epoch:    750 | Descent Error: 0.0233464746
Epoch:    800 | Descent Error: 0.0224893868
Epoch:    850 | Descent Error: 0.021701215
Epoch:    900 | Descent Error: 0.020985844
Epoch:    950 | Descent Error: 0.0203972441
Epoch:  1,000 | Descent Error: 0.01982

====================================================================================================
PERF FORMAT: DATASET | Acuracy: ACC | Loss: LOSS1 LOSS2 LOSS3 | PS: PS
====================================================================================================
Train | Acuracy:  83.70% | Loss: 0.74367 0.03224 0.00611 | PS: 0.00417 
Val   | Acuracy:  83.54% | Loss: 0.7503 0.03254 0.00615 | PS: 0.0042 
Test  | Acuracy:  84.78% | Loss: 0.72239 0.03127 0.00599 | PS: 0.00429 
----------------------------------------------------------------------------------------------------
Optimization error  : 0.00417
Population error    : 0.00429
Generalization error: 0.00012
