Namespace(batch_size=64, beta_moco=0.1, gamma_moco=0.1, gamma_modo=1.0, lr=0.1, moo_method='MoDo', num_epochs=1000, rho_moco=0.0, rho_modo=0.0, seed=1)

==================================================
Model parameter count per layer
==================================================
fc1.weight 	: 401408
fc1.bias 	: 512
fc2.weight 	: 5120
fc2.bias 	: 10
Total number of parametrs : 407050
--------------------------------------------------

==================================================
LOG FORMAT: Epoch: EPOCH | Descent Error: DESC ERROR
==================================================
Epoch:      0 | Descent Error: 0.0136748189
Epoch:     50 | Descent Error: 0.0141341845
Epoch:    100 | Descent Error: 0.0151191875
Epoch:    150 | Descent Error: 0.0153724747
Epoch:    200 | Descent Error: 0.0154509768
Epoch:    250 | Descent Error: 0.0154537951
Epoch:    300 | Descent Error: 0.0153449336
Epoch:    350 | Descent Error: 0.0151473251
Epoch:    400 | Descent Error: 0.0148707157
Epoch:    450 | Descent Error: 0.0145264946
Epoch:    500 | Descent Error: 0.0141593639
Epoch:    550 | Descent Error: 0.0138190245
Epoch:    600 | Descent Error: 0.0134400531
Epoch:    650 | Descent Error: 0.0130587733
Epoch:    700 | Descent Error: 0.0126880138
Epoch:    750 | Descent Error: 0.0123331136
Epoch:    800 | Descent Error: 0.0119968032
Epoch:    850 | Descent Error: 0.011674609
Epoch:    900 | Descent Error: 0.0113682377
Epoch:    950 | Descent Error: 0.011082829
Epoch:  1,000 | Descent Error: 0.01081

====================================================================================================
PERF FORMAT: DATASET | Acuracy: ACC | Loss: LOSS1 LOSS2 LOSS3 | PS: PS
====================================================================================================
Train | Acuracy:  78.85% | Loss: 0.857 0.03713 0.00675 | PS: 0.00421 
Val   | Acuracy:  78.82% | Loss: 0.85786 0.03719 0.00676 | PS: 0.0043 
Test  | Acuracy:  80.11% | Loss: 0.83417 0.03616 0.00664 | PS: 0.00427 
----------------------------------------------------------------------------------------------------
Optimization error  : 0.00421
Population error    : 0.00427
Generalization error: 6e-05
