Namespace(batch_size=64, beta_moco=0.1, gamma_moco=0.1, gamma_modo=1.0, lr=0.1, moo_method='MoDo', num_epochs=1000, rho_moco=0.0, rho_modo=0.0, seed=3)

==================================================
Model parameter count per layer
==================================================
fc1.weight 	: 401408
fc1.bias 	: 512
fc2.weight 	: 5120
fc2.bias 	: 10
Total number of parametrs : 407050
--------------------------------------------------

==================================================
LOG FORMAT: Epoch: EPOCH | Descent Error: DESC ERROR
==================================================
Epoch:      0 | Descent Error: 0.0149035007
Epoch:     50 | Descent Error: 0.0152074071
Epoch:    100 | Descent Error: 0.0152231539
Epoch:    150 | Descent Error: 0.0152272605
Epoch:    200 | Descent Error: 0.015231213
Epoch:    250 | Descent Error: 0.0167653697
Epoch:    300 | Descent Error: 0.0166301371
Epoch:    350 | Descent Error: 0.0162272366
Epoch:    400 | Descent Error: 0.0158124804
Epoch:    450 | Descent Error: 0.015379208
Epoch:    500 | Descent Error: 0.0149375183
Epoch:    550 | Descent Error: 0.0145051958
Epoch:    600 | Descent Error: 0.0143997072
Epoch:    650 | Descent Error: 0.0139710533
Epoch:    700 | Descent Error: 0.0135563196
Epoch:    750 | Descent Error: 0.013281281
Epoch:    800 | Descent Error: 0.012907398
Epoch:    850 | Descent Error: 0.0125435679
Epoch:    900 | Descent Error: 0.0122015493
Epoch:    950 | Descent Error: 0.0119637412
Epoch:  1,000 | Descent Error: 0.01168

====================================================================================================
PERF FORMAT: DATASET | Acuracy: ACC | Loss: LOSS1 LOSS2 LOSS3 | PS: PS
====================================================================================================
Train | Acuracy:  82.08% | Loss: 0.80151 0.03489 0.00651 | PS: 0.00418 
Val   | Acuracy:  81.93% | Loss: 0.80494 0.03509 0.00655 | PS: 0.00428 
Test  | Acuracy:  83.24% | Loss: 0.77653 0.03383 0.00638 | PS: 0.00434 
----------------------------------------------------------------------------------------------------
Optimization error  : 0.00418
Population error    : 0.00434
Generalization error: 0.00016
