Namespace(batch_size=64, beta_moco=0.1, gamma_moco=0.1, gamma_modo=0.25, lr=0.1, moo_method='MoDo', num_epochs=1000, rho_moco=0.0, rho_modo=0.0, seed=4)

==================================================
Model parameter count per layer
==================================================
fc1.weight 	: 401408
fc1.bias 	: 512
fc2.weight 	: 5120
fc2.bias 	: 10
Total number of parametrs : 407050
--------------------------------------------------

==================================================
LOG FORMAT: Epoch: EPOCH | Descent Error: DESC ERROR
==================================================
Epoch:      0 | Descent Error: 0.3494344056
Epoch:     50 | Descent Error: 0.1831199657
Epoch:    100 | Descent Error: 0.1279273207
Epoch:    150 | Descent Error: 0.1003824491
Epoch:    200 | Descent Error: 0.0838843465
Epoch:    250 | Descent Error: 0.0728156976
Epoch:    300 | Descent Error: 0.064799164
Epoch:    350 | Descent Error: 0.0586605119
Epoch:    400 | Descent Error: 0.053760853
Epoch:    450 | Descent Error: 0.0497525801
Epoch:    500 | Descent Error: 0.0464142484
Epoch:    550 | Descent Error: 0.0435735206
Epoch:    600 | Descent Error: 0.0411337828
Epoch:    650 | Descent Error: 0.0390118998
Epoch:    700 | Descent Error: 0.03742473
Epoch:    750 | Descent Error: 0.0357193121
Epoch:    800 | Descent Error: 0.0341615529
Epoch:    850 | Descent Error: 0.0327679303
Epoch:    900 | Descent Error: 0.0314951939
Epoch:    950 | Descent Error: 0.0303896816
Epoch:  1,000 | Descent Error: 0.02935

====================================================================================================
PERF FORMAT: DATASET | Acuracy: ACC | Loss: LOSS1 LOSS2 LOSS3 | PS: PS
====================================================================================================
Train | Acuracy:  84.41% | Loss: 0.70199 0.03032 0.0058 | PS: 0.004 
Val   | Acuracy:  84.20% | Loss: 0.70873 0.03062 0.00584 | PS: 0.00404 
Test  | Acuracy:  85.47% | Loss: 0.68017 0.02931 0.00567 | PS: 0.00414 
----------------------------------------------------------------------------------------------------
Optimization error  : 0.004
Population error    : 0.00414
Generalization error: 0.00014
