Namespace(batch_size=64, beta_moco=0.1, gamma_moco=0.1, gamma_modo=0.1, lr=0.1, moo_method='EW', num_epochs=1000, rho_moco=0.0, rho_modo=0.0, seed=3)

==================================================
Model parameter count per layer
==================================================
fc1.weight 	: 401408
fc1.bias 	: 512
fc2.weight 	: 5120
fc2.bias 	: 10
Total number of parametrs : 407050
--------------------------------------------------

==================================================
LOG FORMAT: Epoch: EPOCH | Descent Error: DESC ERROR
==================================================
Epoch:      0 | Descent Error: 0.5439471006
Epoch:     50 | Descent Error: 0.2098168731
Epoch:    100 | Descent Error: 0.1350799948
Epoch:    150 | Descent Error: 0.0882323459
Epoch:    200 | Descent Error: 0.1072835997
Epoch:    250 | Descent Error: 0.076994136
Epoch:    300 | Descent Error: 0.1155235097
Epoch:    350 | Descent Error: 0.0980649516
Epoch:    400 | Descent Error: 0.1018750519
Epoch:    450 | Descent Error: 0.065402694
Epoch:    500 | Descent Error: 0.0881944448
Epoch:    550 | Descent Error: 0.0831795782
Epoch:    600 | Descent Error: 0.0445429645
Epoch:    650 | Descent Error: 0.0656958818
Epoch:    700 | Descent Error: 0.1512844861
Epoch:    750 | Descent Error: 0.0727952421
Epoch:    800 | Descent Error: 0.0970881656
Epoch:    850 | Descent Error: 0.0845896751
Epoch:    900 | Descent Error: 0.0538536645
Epoch:    950 | Descent Error: 0.0950219706
Epoch:  1,000 | Descent Error: 0.08703

====================================================================================================
PERF FORMAT: DATASET | Acuracy: ACC | Loss: LOSS1 LOSS2 LOSS3 | PS: PS
====================================================================================================
Train | Acuracy:  91.07% | Loss: 0.3165 0.0137 0.00229 | PS: 0.00214 
Val   | Acuracy:  90.64% | Loss: 0.33398 0.01445 0.00238 | PS: 0.00208 
Test  | Acuracy:  91.28% | Loss: 0.306 0.01316 0.0022 | PS: 0.00233 
----------------------------------------------------------------------------------------------------
Optimization error  : 0.00214
Population error    : 0.00233
Generalization error: 0.00019
