Namespace(batch_size=64, beta_moco=0.1, gamma_moco=0.1, gamma_modo=0.1, lr=5.0, moo_method='MGDA', num_epochs=1000, rho_moco=0.0, rho_modo=0.0, seed=7)

==================================================
Model parameter count per layer
==================================================
fc1.weight 	: 401408
fc1.bias 	: 512
fc2.weight 	: 5120
fc2.bias 	: 10
Total number of parametrs : 407050
--------------------------------------------------

==================================================
LOG FORMAT: Epoch: EPOCH | Descent Error: DESC ERROR
==================================================
Epoch:      0 | Descent Error: 2.01e-08
Epoch:     50 | Descent Error: 1.126e-07
Epoch:    100 | Descent Error: 1.372e-07
Epoch:    150 | Descent Error: 1.6e-09
Epoch:    200 | Descent Error: 1.277e-07
Epoch:    250 | Descent Error: 1.821e-07
Epoch:    300 | Descent Error: 1.135e-07
Epoch:    350 | Descent Error: 1.281e-07
Epoch:    400 | Descent Error: 7.61e-08
Epoch:    450 | Descent Error: 1.104e-07
Epoch:    500 | Descent Error: 2.64e-08
Epoch:    550 | Descent Error: 8.27e-08
Epoch:    600 | Descent Error: 2.592e-07
Epoch:    650 | Descent Error: 1.009e-07
Epoch:    700 | Descent Error: 9.65e-08
Epoch:    750 | Descent Error: 1.626e-07
Epoch:    800 | Descent Error: 1.259e-07
Epoch:    850 | Descent Error: 2.33e-08
Epoch:    900 | Descent Error: 1.649e-07
Epoch:    950 | Descent Error: 9.71e-08
Epoch:  1,000 | Descent Error: 0.0

====================================================================================================
PERF FORMAT: DATASET | Acuracy: ACC | Loss: LOSS1 LOSS2 LOSS3 | PS: PS
====================================================================================================
Train | Acuracy:  90.60% | Loss: 0.39016 0.01436 0.002 | PS: 0.0016 
Val   | Acuracy:  90.68% | Loss: 0.38398 0.01421 0.002 | PS: 0.0015 
Test  | Acuracy:  90.93% | Loss: 0.36851 0.01372 0.00192 | PS: 0.00197 
----------------------------------------------------------------------------------------------------
Optimization error  : 0.0016
Population error    : 0.00197
Generalization error: 0.00036
