Namespace(batch_size=64, beta_moco=0.1, gamma_moco=0.1, gamma_modo=1.0, lr=1.0, moo_method='MoDo', num_epochs=1000, rho_moco=0.0, rho_modo=0.0, seed=7)

==================================================
Model parameter count per layer
==================================================
fc1.weight 	: 401408
fc1.bias 	: 512
fc2.weight 	: 5120
fc2.bias 	: 10
Total number of parametrs : 407050
--------------------------------------------------

==================================================
LOG FORMAT: Epoch: EPOCH | Descent Error: DESC ERROR
==================================================
Epoch:      0 | Descent Error: 0.0151274195
Epoch:     50 | Descent Error: 0.0151346307
Epoch:    100 | Descent Error: 0.0097553264
Epoch:    150 | Descent Error: 0.011290499
Epoch:    200 | Descent Error: 0.0184287094
Epoch:    250 | Descent Error: 0.0071774377
Epoch:    300 | Descent Error: 0.0107480409
Epoch:    350 | Descent Error: 0.0155654373
Epoch:    400 | Descent Error: 0.0219948702
Epoch:    450 | Descent Error: 0.0063793301
Epoch:    500 | Descent Error: 0.0140891308
Epoch:    550 | Descent Error: 0.0051455963
Epoch:    600 | Descent Error: 0.0143085727
Epoch:    650 | Descent Error: 0.0043186662
Epoch:    700 | Descent Error: 0.0043841777
Epoch:    750 | Descent Error: 0.0052672136
Epoch:    800 | Descent Error: 0.005011946
Epoch:    850 | Descent Error: 0.0052595176
Epoch:    900 | Descent Error: 0.0043999343
Epoch:    950 | Descent Error: 0.0077763433
Epoch:  1,000 | Descent Error: 0.00347

====================================================================================================
PERF FORMAT: DATASET | Acuracy: ACC | Loss: LOSS1 LOSS2 LOSS3 | PS: PS
====================================================================================================
Train | Acuracy:  91.23% | Loss: 0.32939 0.01347 0.00222 | PS: 0.00139 
Val   | Acuracy:  91.17% | Loss: 0.3305 0.01359 0.00224 | PS: 0.00166 
Test  | Acuracy:  91.63% | Loss: 0.31415 0.01272 0.00211 | PS: 0.00134 
----------------------------------------------------------------------------------------------------
Optimization error  : 0.00139
Population error    : 0.00134
Generalization error: -5e-05
