Namespace(batch_size=64, beta_moco=0.1, gamma_moco=0.1, gamma_modo=0.01, lr=0.005, moo_method='MoDo', num_epochs=1000, rho_moco=0.0, rho_modo=0.0, seed=5)

==================================================
Model parameter count per layer
==================================================
fc1.weight 	: 401408
fc1.bias 	: 512
fc2.weight 	: 5120
fc2.bias 	: 10
Total number of parametrs : 407050
--------------------------------------------------

======================================================================
LOG FORMAT: Epoch: EPOCH | Train: LOSS1 LOSS2 LOSS3
======================================================================
Epoch:      0 | Train: 2.2981 0.09 0.045
Epoch:    100 | Train: 2.1527 0.0867 0.0434
Epoch:    200 | Train: 2.092 0.0851 0.0426
Epoch:    300 | Train: 2.0563 0.0843 0.0422
Epoch:    400 | Train: 2.0166 0.0833 0.0416
Epoch:    500 | Train: 1.9964 0.0824 0.0412
Epoch:    600 | Train: 1.9999 0.0826 0.0413
Epoch:    700 | Train: 1.907 0.0798 0.0399
Epoch:    800 | Train: 1.9641 0.0816 0.0408
Epoch:    900 | Train: 1.9269 0.08 0.04
Epoch:    999 | Train: 1.8643 0.0783 0.0391

======================================================================
PERF FORMAT: DATASET | Acuracy: ACC | Loss: LOSS1 LOSS2 LOSS3 | PS: PS
======================================================================
Train | Acuracy:  56.59% | Loss: 1.89854 0.07943 0.03971 | PS: 0.02095 
Val   | Acuracy:  56.24% | Loss: 1.90186 0.07952 0.03976 | PS: 0.02077 
Test  | Acuracy:  57.15% | Loss: 1.89419 0.07934 0.03967 | PS: 0.02138 
----------------------------------------------------------------------
Optimization error  : 0.02095
Population error    : 0.02138
Generalization error: 0.00043
