Namespace(batch_size=64, beta_moco=0.1, gamma_moco=0.1, gamma_modo=0.01, lr=1.0, moo_method='MoDo', num_epochs=1000, rho_moco=0.0, rho_modo=0.0, seed=2)

==================================================
Model parameter count per layer
==================================================
fc1.weight 	: 401408
fc1.bias 	: 512
fc2.weight 	: 5120
fc2.bias 	: 10
Total number of parametrs : 407050
--------------------------------------------------

======================================================================
LOG FORMAT: Epoch: EPOCH | Train: LOSS1 LOSS2 LOSS3
======================================================================
Epoch:      0 | Train: 2.2467 0.0888 0.0444
Epoch:    100 | Train: 0.3872 0.0201 0.01
Epoch:    200 | Train: 0.3881 0.0173 0.0086
Epoch:    300 | Train: 0.4707 0.0179 0.009
Epoch:    400 | Train: 0.5394 0.0228 0.0114
Epoch:    500 | Train: 0.431 0.0166 0.0083
Epoch:    600 | Train: 0.3538 0.0158 0.0079
Epoch:    700 | Train: 0.299 0.0162 0.0081
Epoch:    800 | Train: 0.474 0.0154 0.0077
Epoch:    900 | Train: 0.3633 0.0119 0.006
Epoch:    999 | Train: 0.2728 0.0114 0.0057

======================================================================
PERF FORMAT: DATASET | Acuracy: ACC | Loss: LOSS1 LOSS2 LOSS3 | PS: PS
======================================================================
Train | Acuracy:  91.70% | Loss: 0.30912 0.01294 0.00647 | PS: 0.01178 
Val   | Acuracy:  91.07% | Loss: 0.33339 0.01389 0.00695 | PS: 0.01255 
Test  | Acuracy:  91.53% | Loss: 0.31549 0.01311 0.00656 | PS: 0.0128 
----------------------------------------------------------------------
Optimization error  : 0.01178
Population error    : 0.0128
Generalization error: 0.00102
