Namespace(batch_size=64, beta_moco=0.1, gamma_moco=0.1, gamma_modo=0.01, lr=0.005, moo_method='MoDo', num_epochs=1000, rho_moco=0.0, rho_modo=0.0, seed=6)

==================================================
Model parameter count per layer
==================================================
fc1.weight 	: 401408
fc1.bias 	: 512
fc2.weight 	: 5120
fc2.bias 	: 10
Total number of parametrs : 407050
--------------------------------------------------

======================================================================
LOG FORMAT: Epoch: EPOCH | Train: LOSS1 LOSS2 LOSS3
======================================================================
Epoch:      0 | Train: 2.3515 0.091 0.0455
Epoch:    100 | Train: 2.1749 0.0872 0.0436
Epoch:    200 | Train: 2.0409 0.084 0.042
Epoch:    300 | Train: 2.0939 0.0852 0.0426
Epoch:    400 | Train: 2.0343 0.0833 0.0416
Epoch:    500 | Train: 2.0335 0.0838 0.0419
Epoch:    600 | Train: 1.9991 0.0821 0.0411
Epoch:    700 | Train: 1.9912 0.0822 0.0411
Epoch:    800 | Train: 1.9761 0.0817 0.0408
Epoch:    900 | Train: 1.9391 0.0808 0.0404
Epoch:    999 | Train: 1.9785 0.0813 0.0406

======================================================================
PERF FORMAT: DATASET | Acuracy: ACC | Loss: LOSS1 LOSS2 LOSS3 | PS: PS
======================================================================
Train | Acuracy:  51.95% | Loss: 1.94776 0.08073 0.04037 | PS: 0.02032 
Val   | Acuracy:  51.57% | Loss: 1.95123 0.08085 0.04043 | PS: 0.02015 
Test  | Acuracy:  52.41% | Loss: 1.94299 0.08063 0.04032 | PS: 0.02068 
----------------------------------------------------------------------
Optimization error  : 0.02032
Population error    : 0.02068
Generalization error: 0.00037
