Namespace(batch_size=64, beta_moco=0.1, gamma_moco=0.1, gamma_modo=0.01, lr=1.0, moo_method='MoDo', num_epochs=1000, rho_moco=0.0, rho_modo=0.0, seed=9)

==================================================
Model parameter count per layer
==================================================
fc1.weight 	: 401408
fc1.bias 	: 512
fc2.weight 	: 5120
fc2.bias 	: 10
Total number of parametrs : 407050
--------------------------------------------------

======================================================================
LOG FORMAT: Epoch: EPOCH | Train: LOSS1 LOSS2 LOSS3
======================================================================
Epoch:      0 | Train: 2.3852 0.0916 0.0458
Epoch:    100 | Train: 0.3226 0.0133 0.0066
Epoch:    200 | Train: 0.4075 0.0162 0.0081
Epoch:    300 | Train: 0.2482 0.009 0.0045
Epoch:    400 | Train: 0.4198 0.0145 0.0072
Epoch:    500 | Train: 0.1978 0.009 0.0045
Epoch:    600 | Train: 0.4149 0.0145 0.0073
Epoch:    700 | Train: 0.3179 0.0145 0.0072
Epoch:    800 | Train: 0.353 0.0162 0.0081
Epoch:    900 | Train: 0.1925 0.0098 0.0049
Epoch:    999 | Train: 0.6416 0.0169 0.0084

======================================================================
PERF FORMAT: DATASET | Acuracy: ACC | Loss: LOSS1 LOSS2 LOSS3 | PS: PS
======================================================================
Train | Acuracy:  92.09% | Loss: 0.30179 0.01219 0.0061 | PS: 0.00325 
Val   | Acuracy:  91.52% | Loss: 0.31741 0.01285 0.00643 | PS: 0.00378 
Test  | Acuracy:  91.86% | Loss: 0.30137 0.01227 0.00614 | PS: 0.00461 
----------------------------------------------------------------------
Optimization error  : 0.00325
Population error    : 0.00461
Generalization error: 0.00137
