Namespace(batch_size=64, beta_moco=0.1, gamma_moco=0.1, gamma_modo=0.01, lr=1.0, moo_method='MoDo', num_epochs=1000, rho_moco=0.0, rho_modo=0.0, seed=7)

==================================================
Model parameter count per layer
==================================================
fc1.weight 	: 401408
fc1.bias 	: 512
fc2.weight 	: 5120
fc2.bias 	: 10
Total number of parametrs : 407050
--------------------------------------------------

======================================================================
LOG FORMAT: Epoch: EPOCH | Train: LOSS1 LOSS2 LOSS3
======================================================================
Epoch:      0 | Train: 2.3284 0.0905 0.0453
Epoch:    100 | Train: 0.3071 0.013 0.0065
Epoch:    200 | Train: 0.4277 0.0203 0.0101
Epoch:    300 | Train: 0.4604 0.0209 0.0104
Epoch:    400 | Train: 0.8306 0.0247 0.0123
Epoch:    500 | Train: 0.0776 0.0029 0.0014
Epoch:    600 | Train: 0.1335 0.0049 0.0024
Epoch:    700 | Train: 0.2941 0.0135 0.0068
Epoch:    800 | Train: 0.3402 0.018 0.009
Epoch:    900 | Train: 0.1471 0.0068 0.0034
Epoch:    999 | Train: 0.3112 0.0151 0.0076

======================================================================
PERF FORMAT: DATASET | Acuracy: ACC | Loss: LOSS1 LOSS2 LOSS3 | PS: PS
======================================================================
Train | Acuracy:  91.50% | Loss: 0.30582 0.01288 0.00644 | PS: 0.0104 
Val   | Acuracy:  91.32% | Loss: 0.32011 0.01335 0.00667 | PS: 0.01154 
Test  | Acuracy:  91.30% | Loss: 0.30859 0.01309 0.00654 | PS: 0.01242 
----------------------------------------------------------------------
Optimization error  : 0.0104
Population error    : 0.01242
Generalization error: 0.00202
