Namespace(batch_size=64, beta_moco=0.1, gamma_moco=0.1, gamma_modo=0.01, lr=1.0, moo_method='MoDo', num_epochs=1000, rho_moco=0.0, rho_modo=0.0, seed=4)

==================================================
Model parameter count per layer
==================================================
fc1.weight 	: 401408
fc1.bias 	: 512
fc2.weight 	: 5120
fc2.bias 	: 10
Total number of parametrs : 407050
--------------------------------------------------

======================================================================
LOG FORMAT: Epoch: EPOCH | Train: LOSS1 LOSS2 LOSS3
======================================================================
Epoch:      0 | Train: 2.389 0.0916 0.0458
Epoch:    100 | Train: 0.3827 0.02 0.01
Epoch:    200 | Train: 0.2583 0.0115 0.0058
Epoch:    300 | Train: 0.2204 0.0078 0.0039
Epoch:    400 | Train: 0.3257 0.0123 0.0061
Epoch:    500 | Train: 0.4132 0.015 0.0075
Epoch:    600 | Train: 0.2407 0.0122 0.0061
Epoch:    700 | Train: 0.2817 0.013 0.0065
Epoch:    800 | Train: 0.2959 0.0102 0.0051
Epoch:    900 | Train: 0.1496 0.008 0.004
Epoch:    999 | Train: 0.2917 0.0157 0.0079

======================================================================
PERF FORMAT: DATASET | Acuracy: ACC | Loss: LOSS1 LOSS2 LOSS3 | PS: PS
======================================================================
Train | Acuracy:  90.98% | Loss: 0.32947 0.01379 0.00689 | PS: 0.017 
Val   | Acuracy:  90.26% | Loss: 0.35234 0.01477 0.00739 | PS: 0.01522 
Test  | Acuracy:  91.04% | Loss: 0.33154 0.01376 0.00688 | PS: 0.01678 
----------------------------------------------------------------------
Optimization error  : 0.017
Population error    : 0.01678
Generalization error: -0.00022
