Namespace(batch_size=64, beta_moco=0.1, gamma_moco=0.1, gamma_modo=0.01, lr=1.0, moo_method='MoDo', num_epochs=1000, rho_moco=0.0, rho_modo=0.0, seed=8)

==================================================
Model parameter count per layer
==================================================
fc1.weight 	: 401408
fc1.bias 	: 512
fc2.weight 	: 5120
fc2.bias 	: 10
Total number of parametrs : 407050
--------------------------------------------------

======================================================================
LOG FORMAT: Epoch: EPOCH | Train: LOSS1 LOSS2 LOSS3
======================================================================
Epoch:      0 | Train: 2.3867 0.0917 0.0459
Epoch:    100 | Train: 0.2138 0.0098 0.0049
Epoch:    200 | Train: 0.5639 0.0203 0.0102
Epoch:    300 | Train: 0.2045 0.0088 0.0044
Epoch:    400 | Train: 0.7799 0.0245 0.0123
Epoch:    500 | Train: 0.4047 0.0177 0.0088
Epoch:    600 | Train: 0.3024 0.0127 0.0064
Epoch:    700 | Train: 0.1802 0.0105 0.0053
Epoch:    800 | Train: 0.1909 0.0076 0.0038
Epoch:    900 | Train: 0.3776 0.0163 0.0082
Epoch:    999 | Train: 0.4736 0.0169 0.0084

======================================================================
PERF FORMAT: DATASET | Acuracy: ACC | Loss: LOSS1 LOSS2 LOSS3 | PS: PS
======================================================================
Train | Acuracy:  92.11% | Loss: 0.29563 0.0121 0.00605 | PS: 0.0034 
Val   | Acuracy:  91.25% | Loss: 0.32893 0.01329 0.00665 | PS: 0.0033 
Test  | Acuracy:  92.12% | Loss: 0.29676 0.01209 0.00604 | PS: 0.00439 
----------------------------------------------------------------------
Optimization error  : 0.0034
Population error    : 0.00439
Generalization error: 0.00099
