Namespace(batch_size=64, beta_moco=0.1, gamma_moco=0.1, gamma_modo=0.01, lr=0.01, moo_method='MoDo', num_epochs=1000, rho_moco=0.0, rho_modo=0.0, seed=5)

==================================================
Model parameter count per layer
==================================================
fc1.weight 	: 401408
fc1.bias 	: 512
fc2.weight 	: 5120
fc2.bias 	: 10
Total number of parametrs : 407050
--------------------------------------------------

======================================================================
LOG FORMAT: Epoch: EPOCH | Train: LOSS1 LOSS2 LOSS3
======================================================================
Epoch:      0 | Train: 2.2981 0.09 0.045
Epoch:    100 | Train: 1.9557 0.0814 0.0407
Epoch:    200 | Train: 1.8734 0.0786 0.0393
Epoch:    300 | Train: 1.8214 0.0772 0.0386
Epoch:    400 | Train: 1.7352 0.0744 0.0372
Epoch:    500 | Train: 1.6602 0.0712 0.0356
Epoch:    600 | Train: 1.6849 0.0722 0.0361
Epoch:    700 | Train: 1.5289 0.0661 0.0331
Epoch:    800 | Train: 1.6186 0.0699 0.0349
Epoch:    900 | Train: 1.5658 0.0666 0.0333
Epoch:    999 | Train: 1.5076 0.065 0.0325

======================================================================
PERF FORMAT: DATASET | Acuracy: ACC | Loss: LOSS1 LOSS2 LOSS3 | PS: PS
======================================================================
Train | Acuracy:  66.93% | Loss: 1.51765 0.06546 0.03273 | PS: 0.02156 
Val   | Acuracy:  66.14% | Loss: 1.52371 0.06567 0.03284 | PS: 0.02152 
Test  | Acuracy:  67.88% | Loss: 1.50632 0.06511 0.03255 | PS: 0.02231 
----------------------------------------------------------------------
Optimization error  : 0.02156
Population error    : 0.02231
Generalization error: 0.00075
