Namespace(batch_size=64, beta_moco=0.1, gamma_moco=0.1, gamma_modo=0.01, lr=0.001, moo_method='MoDo', num_epochs=1000, rho_moco=0.0, rho_modo=0.0, seed=0)

==================================================
Model parameter count per layer
==================================================
fc1.weight 	: 401408
fc1.bias 	: 512
fc2.weight 	: 5120
fc2.bias 	: 10
Total number of parametrs : 407050
--------------------------------------------------

======================================================================
LOG FORMAT: Epoch: EPOCH | Train: LOSS1 LOSS2 LOSS3
======================================================================
Epoch:      0 | Train: 2.3186 0.0904 0.0452
Epoch:    100 | Train: 2.2724 0.0894 0.0447
Epoch:    200 | Train: 2.2654 0.0893 0.0446
Epoch:    300 | Train: 2.248 0.0889 0.0445
Epoch:    400 | Train: 2.2389 0.0887 0.0443
Epoch:    500 | Train: 2.2905 0.0898 0.0449
Epoch:    600 | Train: 2.2735 0.0895 0.0447
Epoch:    700 | Train: 2.2712 0.0894 0.0447
Epoch:    800 | Train: 2.212 0.0882 0.0441
Epoch:    900 | Train: 2.2391 0.0888 0.0444
Epoch:    999 | Train: 2.2459 0.0888 0.0444

======================================================================
PERF FORMAT: DATASET | Acuracy: ACC | Loss: LOSS1 LOSS2 LOSS3 | PS: PS
======================================================================
Train | Acuracy:  18.57% | Loss: 2.24698 0.08887 0.04444 | PS: 0.01664 
Val   | Acuracy:  18.39% | Loss: 2.24766 0.08888 0.04444 | PS: 0.01714 
Test  | Acuracy:  18.42% | Loss: 2.24668 0.08887 0.04443 | PS: 0.01705 
----------------------------------------------------------------------
Optimization error  : 0.01664
Population error    : 0.01705
Generalization error: 0.00041
