Namespace(batch_size=64, beta_moco=0.1, gamma_moco=0.1, gamma_modo=0.01, lr=0.005, moo_method='MoDo', num_epochs=1000, rho_moco=0.0, rho_modo=0.0, seed=2)

==================================================
Model parameter count per layer
==================================================
fc1.weight 	: 401408
fc1.bias 	: 512
fc2.weight 	: 5120
fc2.bias 	: 10
Total number of parametrs : 407050
--------------------------------------------------

======================================================================
LOG FORMAT: Epoch: EPOCH | Train: LOSS1 LOSS2 LOSS3
======================================================================
Epoch:      0 | Train: 2.2467 0.0888 0.0444
Epoch:    100 | Train: 2.1288 0.0862 0.0431
Epoch:    200 | Train: 2.0302 0.0838 0.0419
Epoch:    300 | Train: 2.0227 0.0833 0.0417
Epoch:    400 | Train: 2.0573 0.0841 0.042
Epoch:    500 | Train: 1.9592 0.0812 0.0406
Epoch:    600 | Train: 1.9394 0.0812 0.0406
Epoch:    700 | Train: 1.9692 0.0819 0.0409
Epoch:    800 | Train: 1.914 0.08 0.04
Epoch:    900 | Train: 1.9181 0.0803 0.0402
Epoch:    999 | Train: 1.8638 0.0783 0.0392

======================================================================
PERF FORMAT: DATASET | Acuracy: ACC | Loss: LOSS1 LOSS2 LOSS3 | PS: PS
======================================================================
Train | Acuracy:  61.25% | Loss: 1.89109 0.07925 0.03963 | PS: 0.02093 
Val   | Acuracy:  60.96% | Loss: 1.89543 0.07943 0.03972 | PS: 0.0204 
Test  | Acuracy:  61.43% | Loss: 1.88806 0.07918 0.03959 | PS: 0.0212 
----------------------------------------------------------------------
Optimization error  : 0.02093
Population error    : 0.0212
Generalization error: 0.00027
