Namespace(batch_size=64, beta_moco=0.1, gamma_moco=0.1, gamma_modo=0.01, lr=1.0, moo_method='MoDo', num_epochs=1000, rho_moco=0.0, rho_modo=0.0, seed=1)

==================================================
Model parameter count per layer
==================================================
fc1.weight 	: 401408
fc1.bias 	: 512
fc2.weight 	: 5120
fc2.bias 	: 10
Total number of parametrs : 407050
--------------------------------------------------

======================================================================
LOG FORMAT: Epoch: EPOCH | Train: LOSS1 LOSS2 LOSS3
======================================================================
Epoch:      0 | Train: 2.3314 0.0906 0.0453
Epoch:    100 | Train: 0.4848 0.0199 0.0099
Epoch:    200 | Train: 0.4158 0.014 0.007
Epoch:    300 | Train: 0.3316 0.0183 0.0092
Epoch:    400 | Train: 0.2655 0.0143 0.0072
Epoch:    500 | Train: 0.3292 0.0162 0.0081
Epoch:    600 | Train: 0.537 0.0288 0.0144
Epoch:    700 | Train: 0.2762 0.0127 0.0063
Epoch:    800 | Train: 0.296 0.013 0.0065
Epoch:    900 | Train: 0.1698 0.0082 0.0041
Epoch:    999 | Train: 0.1434 0.0071 0.0035

======================================================================
PERF FORMAT: DATASET | Acuracy: ACC | Loss: LOSS1 LOSS2 LOSS3 | PS: PS
======================================================================
Train | Acuracy:  91.81% | Loss: 0.3046 0.01259 0.0063 | PS: 0.00793 
Val   | Acuracy:  91.46% | Loss: 0.31623 0.0132 0.0066 | PS: 0.00755 
Test  | Acuracy:  91.81% | Loss: 0.30645 0.01263 0.00632 | PS: 0.00828 
----------------------------------------------------------------------
Optimization error  : 0.00793
Population error    : 0.00828
Generalization error: 0.00036
