Namespace(batch_size=64, beta_moco=0.1, gamma_moco=0.1, gamma_modo=0.005, lr=1.0, moo_method='MoDo', num_epochs=1000, rho_moco=0.1, rho_modo=0.0, seed=9)

==================================================
Model parameter count per layer
==================================================
fc1.weight 	: 401408
fc1.bias 	: 512
fc2.weight 	: 5120
fc2.bias 	: 10
Total number of parametrs : 407050
--------------------------------------------------

======================================================================
LOG FORMAT: Epoch: EPOCH | Train: LOSS1 LOSS2 LOSS3
======================================================================
Epoch:      0 | Train: 2.3852 0.1812 0.9629
Epoch:    100 | Train: 0.3326 0.0359 0.0538
Epoch:    200 | Train: 0.4279 0.0355 0.0677
Epoch:    300 | Train: 0.2503 0.028 0.0532
Epoch:    400 | Train: 0.4369 0.0291 0.074
Epoch:    500 | Train: 0.2084 0.0227 0.0199
Epoch:    600 | Train: 0.4796 0.036 0.0922
Epoch:    700 | Train: 0.3724 0.0289 0.0637
Epoch:    800 | Train: 0.378 0.0325 0.0618
Epoch:    900 | Train: 0.2283 0.0242 0.0302
Epoch:    999 | Train: 0.6785 0.032 0.1753

======================================================================
PERF FORMAT: DATASET | Acuracy: ACC | Loss: LOSS1 LOSS2 LOSS3 | PS: PS
======================================================================
Train | Acuracy:  90.18% | Loss: 0.3449 0.02815 0.05913 | PS: 0.04284 
Val   | Acuracy:  89.58% | Loss: 0.36744 0.02893 0.06626 | PS: 0.04264 
Test  | Acuracy:  89.78% | Loss: 0.35165 0.02828 0.06221 | PS: 0.04632 
----------------------------------------------------------------------
Optimization error  : 0.04284
Population error    : 0.04632
Generalization error: 0.00348
