Namespace(batch_size=64, beta_moco=0.1, gamma_moco=0.1, gamma_modo=0.005, lr=1.0, moo_method='MoDo', num_epochs=1000, rho_moco=0.1, rho_modo=0.0, seed=2)

==================================================
Model parameter count per layer
==================================================
fc1.weight 	: 401408
fc1.bias 	: 512
fc2.weight 	: 5120
fc2.bias 	: 10
Total number of parametrs : 407050
--------------------------------------------------

======================================================================
LOG FORMAT: Epoch: EPOCH | Train: LOSS1 LOSS2 LOSS3
======================================================================
Epoch:      0 | Train: 2.2467 0.1783 0.8182
Epoch:    100 | Train: 0.3901 0.046 0.0543
Epoch:    200 | Train: 0.4605 0.0372 0.0772
Epoch:    300 | Train: 0.4454 0.0356 0.0825
Epoch:    400 | Train: 0.5328 0.0423 0.1138
Epoch:    500 | Train: 0.4638 0.0315 0.0904
Epoch:    600 | Train: 0.3724 0.0325 0.0646
Epoch:    700 | Train: 0.3219 0.0339 0.0379
Epoch:    800 | Train: 0.4678 0.0268 0.1218
Epoch:    900 | Train: 0.3495 0.0208 0.0819
Epoch:    999 | Train: 0.2396 0.0202 0.0366

======================================================================
PERF FORMAT: DATASET | Acuracy: ACC | Loss: LOSS1 LOSS2 LOSS3 | PS: PS
======================================================================
Train | Acuracy:  90.54% | Loss: 0.33283 0.02682 0.0571 | PS: 0.04035 
Val   | Acuracy:  89.72% | Loss: 0.36792 0.02781 0.06643 | PS: 0.04171 
Test  | Acuracy:  90.42% | Loss: 0.3412 0.02677 0.06106 | PS: 0.04279 
----------------------------------------------------------------------
Optimization error  : 0.04035
Population error    : 0.04279
Generalization error: 0.00243
