Namespace(batch_size=64, beta_moco=0.1, gamma_moco=0.1, gamma_modo=0.001, lr=1.0, moo_method='MoDo', num_epochs=1000, rho_moco=0.1, rho_modo=0.0, seed=3)

==================================================
Model parameter count per layer
==================================================
fc1.weight 	: 401408
fc1.bias 	: 512
fc2.weight 	: 5120
fc2.bias 	: 10
Total number of parametrs : 407050
--------------------------------------------------

======================================================================
LOG FORMAT: Epoch: EPOCH | Train: LOSS1 LOSS2 LOSS3
======================================================================
Epoch:      0 | Train: 2.363 0.1804 0.9304
Epoch:    100 | Train: 0.5521 0.0505 0.0995
Epoch:    200 | Train: 0.4696 0.0399 0.1085
Epoch:    300 | Train: 0.2055 0.0288 0.0212
Epoch:    400 | Train: 0.2031 0.0259 0.0267
Epoch:    500 | Train: 0.3866 0.0289 0.0729
Epoch:    600 | Train: 0.2278 0.0277 0.0341
Epoch:    700 | Train: 0.358 0.0327 0.051
Epoch:    800 | Train: 0.5204 0.0361 0.0828
Epoch:    900 | Train: 0.3438 0.0283 0.0714
Epoch:    999 | Train: 0.1925 0.0213 0.0246

======================================================================
PERF FORMAT: DATASET | Acuracy: ACC | Loss: LOSS1 LOSS2 LOSS3 | PS: PS
======================================================================
Train | Acuracy:  90.26% | Loss: 0.33734 0.02758 0.05821 | PS: 0.04382 
Val   | Acuracy:  89.43% | Loss: 0.37711 0.02911 0.06874 | PS: 0.04411 
Test  | Acuracy:  90.15% | Loss: 0.33915 0.02734 0.06008 | PS: 0.04362 
----------------------------------------------------------------------
Optimization error  : 0.04382
Population error    : 0.04362
Generalization error: -0.0002
