Namespace(batch_size=64, beta_moco=0.1, gamma_moco=0.1, gamma_modo=0.005, lr=1.0, moo_method='MoDo', num_epochs=1000, rho_moco=0.1, rho_modo=0.0, seed=1)

==================================================
Model parameter count per layer
==================================================
fc1.weight 	: 401408
fc1.bias 	: 512
fc2.weight 	: 5120
fc2.bias 	: 10
Total number of parametrs : 407050
--------------------------------------------------

======================================================================
LOG FORMAT: Epoch: EPOCH | Train: LOSS1 LOSS2 LOSS3
======================================================================
Epoch:      0 | Train: 2.3314 0.1802 0.9087
Epoch:    100 | Train: 0.5012 0.0445 0.0689
Epoch:    200 | Train: 0.4324 0.0311 0.1013
Epoch:    300 | Train: 0.3616 0.0371 0.0467
Epoch:    400 | Train: 0.2509 0.0317 0.0283
Epoch:    500 | Train: 0.345 0.0311 0.0464
Epoch:    600 | Train: 0.5619 0.0464 0.0848
Epoch:    700 | Train: 0.2663 0.0215 0.0389
Epoch:    800 | Train: 0.3231 0.0265 0.0494
Epoch:    900 | Train: 0.193 0.0213 0.0331
Epoch:    999 | Train: 0.1687 0.0206 0.0204

======================================================================
PERF FORMAT: DATASET | Acuracy: ACC | Loss: LOSS1 LOSS2 LOSS3 | PS: PS
======================================================================
Train | Acuracy:  90.76% | Loss: 0.32699 0.02655 0.05684 | PS: 0.03445 
Val   | Acuracy:  90.78% | Loss: 0.33729 0.02724 0.06011 | PS: 0.03332 
Test  | Acuracy:  90.79% | Loss: 0.32751 0.02608 0.05857 | PS: 0.03628 
----------------------------------------------------------------------
Optimization error  : 0.03445
Population error    : 0.03628
Generalization error: 0.00183
