Namespace(batch_size=64, beta_moco=0.1, gamma_moco=0.1, gamma_modo=0.5, lr=1.0, moo_method='MoDo', num_epochs=1000, rho_moco=0.1, rho_modo=0.0, seed=6)

==================================================
Model parameter count per layer
==================================================
fc1.weight 	: 401408
fc1.bias 	: 512
fc2.weight 	: 5120
fc2.bias 	: 10
Total number of parametrs : 407050
--------------------------------------------------

======================================================================
LOG FORMAT: Epoch: EPOCH | Train: LOSS1 LOSS2 LOSS3
======================================================================
Epoch:      0 | Train: 2.3515 0.1806 0.9289
Epoch:    100 | Train: 0.6204 0.0412 0.1334
Epoch:    200 | Train: 0.1823 0.0202 0.0344
Epoch:    300 | Train: 0.468 0.0375 0.077
Epoch:    400 | Train: 0.9821 0.0294 0.2397
Epoch:    500 | Train: 0.3562 0.0191 0.0734
Epoch:    600 | Train: 0.4198 0.0237 0.0925
Epoch:    700 | Train: 0.4723 0.0263 0.0935
Epoch:    800 | Train: 0.0971 0.0123 0.0102
Epoch:    900 | Train: 0.8363 0.0277 0.1492
Epoch:    999 | Train: 0.88 0.0406 0.2213

======================================================================
PERF FORMAT: DATASET | Acuracy: ACC | Loss: LOSS1 LOSS2 LOSS3 | PS: PS
======================================================================
Train | Acuracy:  91.40% | Loss: 0.40662 0.02055 0.08938 | PS: 0.02084 
Val   | Acuracy:  90.47% | Loss: 0.41589 0.022 0.09181 | PS: 0.02271 
Test  | Acuracy:  91.34% | Loss: 0.39267 0.02028 0.08604 | PS: 0.02247 
----------------------------------------------------------------------
Optimization error  : 0.02084
Population error    : 0.02247
Generalization error: 0.00163
