Namespace(batch_size=64, beta_moco=0.1, gamma_moco=0.1, gamma_modo=0.01, lr=1.0, moo_method='MoDo', num_epochs=1000, rho_moco=0.1, rho_modo=0.0, seed=6)

==================================================
Model parameter count per layer
==================================================
fc1.weight 	: 401408
fc1.bias 	: 512
fc2.weight 	: 5120
fc2.bias 	: 10
Total number of parametrs : 407050
--------------------------------------------------

======================================================================
LOG FORMAT: Epoch: EPOCH | Train: LOSS1 LOSS2 LOSS3
======================================================================
Epoch:      0 | Train: 2.3515 0.1806 0.9289
Epoch:    100 | Train: 0.5935 0.0441 0.1259
Epoch:    200 | Train: 0.1762 0.0234 0.0229
Epoch:    300 | Train: 0.3815 0.0379 0.06
Epoch:    400 | Train: 0.5151 0.0324 0.0902
Epoch:    500 | Train: 0.2998 0.0294 0.0458
Epoch:    600 | Train: 0.2892 0.0282 0.0512
Epoch:    700 | Train: 0.3988 0.0324 0.0636
Epoch:    800 | Train: 0.1991 0.0226 0.0244
Epoch:    900 | Train: 0.6378 0.0332 0.106
Epoch:    999 | Train: 0.6279 0.0418 0.1378

======================================================================
PERF FORMAT: DATASET | Acuracy: ACC | Loss: LOSS1 LOSS2 LOSS3 | PS: PS
======================================================================
Train | Acuracy:  90.20% | Loss: 0.34436 0.02907 0.06007 | PS: 0.05417 
Val   | Acuracy:  89.28% | Loss: 0.3736 0.03031 0.0692 | PS: 0.0539 
Test  | Acuracy:  89.80% | Loss: 0.35576 0.02898 0.0656 | PS: 0.05732 
----------------------------------------------------------------------
Optimization error  : 0.05417
Population error    : 0.05732
Generalization error: 0.00315
