Namespace(batch_size=64, beta_moco=0.1, gamma_moco=0.1, gamma_modo=0.005, lr=1.0, moo_method='MoDo', num_epochs=1000, rho_moco=0.1, rho_modo=0.0, seed=3)

==================================================
Model parameter count per layer
==================================================
fc1.weight 	: 401408
fc1.bias 	: 512
fc2.weight 	: 5120
fc2.bias 	: 10
Total number of parametrs : 407050
--------------------------------------------------

======================================================================
LOG FORMAT: Epoch: EPOCH | Train: LOSS1 LOSS2 LOSS3
======================================================================
Epoch:      0 | Train: 2.363 0.1804 0.9304
Epoch:    100 | Train: 0.5047 0.0497 0.0905
Epoch:    200 | Train: 0.4811 0.0408 0.1125
Epoch:    300 | Train: 0.1898 0.0269 0.0187
Epoch:    400 | Train: 0.2066 0.0262 0.0248
Epoch:    500 | Train: 0.3902 0.0285 0.0731
Epoch:    600 | Train: 0.226 0.0272 0.0342
Epoch:    700 | Train: 0.3517 0.0313 0.0493
Epoch:    800 | Train: 0.5485 0.0356 0.0901
Epoch:    900 | Train: 0.318 0.0255 0.0667
Epoch:    999 | Train: 0.1713 0.0196 0.021

======================================================================
PERF FORMAT: DATASET | Acuracy: ACC | Loss: LOSS1 LOSS2 LOSS3 | PS: PS
======================================================================
Train | Acuracy:  90.41% | Loss: 0.34068 0.02657 0.06004 | PS: 0.04097 
Val   | Acuracy:  89.45% | Loss: 0.38171 0.02818 0.07093 | PS: 0.04186 
Test  | Acuracy:  90.29% | Loss: 0.34147 0.02634 0.06172 | PS: 0.04145 
----------------------------------------------------------------------
Optimization error  : 0.04097
Population error    : 0.04145
Generalization error: 0.00048
