Namespace(batch_size=64, beta_moco=0.1, gamma_moco=0.1, gamma_modo=0.5, lr=1.0, moo_method='MoDo', num_epochs=1000, rho_moco=0.1, rho_modo=0.0, seed=1)

==================================================
Model parameter count per layer
==================================================
fc1.weight 	: 401408
fc1.bias 	: 512
fc2.weight 	: 5120
fc2.bias 	: 10
Total number of parametrs : 407050
--------------------------------------------------

======================================================================
LOG FORMAT: Epoch: EPOCH | Train: LOSS1 LOSS2 LOSS3
======================================================================
Epoch:      0 | Train: 2.3314 0.1802 0.9087
Epoch:    100 | Train: 0.7621 0.0533 0.1632
Epoch:    200 | Train: 0.5252 0.0294 0.1467
Epoch:    300 | Train: 0.364 0.0308 0.057
Epoch:    400 | Train: 0.2444 0.0245 0.0388
Epoch:    500 | Train: 0.4716 0.0253 0.0594
Epoch:    600 | Train: 0.8207 0.0461 0.1396
Epoch:    700 | Train: 0.4098 0.0188 0.0713
Epoch:    800 | Train: 0.4212 0.019 0.0856
Epoch:    900 | Train: 0.1723 0.016 0.0287
Epoch:    999 | Train: 0.0997 0.0111 0.0146

======================================================================
PERF FORMAT: DATASET | Acuracy: ACC | Loss: LOSS1 LOSS2 LOSS3 | PS: PS
======================================================================
Train | Acuracy:  91.24% | Loss: 0.41432 0.02105 0.09076 | PS: 0.02331 
Val   | Acuracy:  91.15% | Loss: 0.41625 0.02154 0.08902 | PS: 0.02135 
Test  | Acuracy:  91.57% | Loss: 0.40337 0.02039 0.08855 | PS: 0.02382 
----------------------------------------------------------------------
Optimization error  : 0.02331
Population error    : 0.02382
Generalization error: 0.0005
