Namespace(batch_size=64, beta_moco=0.1, gamma_moco=0.1, gamma_modo=0.1, lr=1.0, moo_method='MoDo', num_epochs=1000, rho_moco=0.1, rho_modo=0.0, seed=1)

==================================================
Model parameter count per layer
==================================================
fc1.weight 	: 401408
fc1.bias 	: 512
fc2.weight 	: 5120
fc2.bias 	: 10
Total number of parametrs : 407050
--------------------------------------------------

======================================================================
LOG FORMAT: Epoch: EPOCH | Train: LOSS1 LOSS2 LOSS3
======================================================================
Epoch:      0 | Train: 2.3314 0.1802 0.9087
Epoch:    100 | Train: 0.5188 0.0438 0.0731
Epoch:    200 | Train: 0.4342 0.0286 0.1094
Epoch:    300 | Train: 0.3271 0.0331 0.0455
Epoch:    400 | Train: 0.2123 0.0265 0.0233
Epoch:    500 | Train: 0.37 0.0282 0.0479
Epoch:    600 | Train: 0.6355 0.0448 0.1035
Epoch:    700 | Train: 0.3195 0.0195 0.0499
Epoch:    800 | Train: 0.3492 0.0229 0.0666
Epoch:    900 | Train: 0.1603 0.0163 0.0266
Epoch:    999 | Train: 0.1124 0.0143 0.0148

======================================================================
PERF FORMAT: DATASET | Acuracy: ACC | Loss: LOSS1 LOSS2 LOSS3 | PS: PS
======================================================================
Train | Acuracy:  91.20% | Loss: 0.34794 0.02282 0.06642 | PS: 0.02942 
Val   | Acuracy:  91.09% | Loss: 0.35651 0.02337 0.06882 | PS: 0.02797 
Test  | Acuracy:  91.37% | Loss: 0.34851 0.02241 0.0677 | PS: 0.03173 
----------------------------------------------------------------------
Optimization error  : 0.02942
Population error    : 0.03173
Generalization error: 0.00231
