Namespace(batch_size=64, beta_moco=0.1, gamma_moco=0.1, gamma_modo=0.01, lr=1.0, moo_method='MoDo', num_epochs=1000, rho_moco=0.1, rho_modo=0.0, seed=9)

==================================================
Model parameter count per layer
==================================================
fc1.weight 	: 401408
fc1.bias 	: 512
fc2.weight 	: 5120
fc2.bias 	: 10
Total number of parametrs : 407050
--------------------------------------------------

======================================================================
LOG FORMAT: Epoch: EPOCH | Train: LOSS1 LOSS2 LOSS3
======================================================================
Epoch:      0 | Train: 2.3852 0.1812 0.9629
Epoch:    100 | Train: 0.3279 0.0363 0.0502
Epoch:    200 | Train: 0.4092 0.0333 0.0672
Epoch:    300 | Train: 0.2415 0.0263 0.0534
Epoch:    400 | Train: 0.4358 0.0285 0.0737
Epoch:    500 | Train: 0.2067 0.0211 0.0206
Epoch:    600 | Train: 0.4128 0.0309 0.0831
Epoch:    700 | Train: 0.378 0.0289 0.063
Epoch:    800 | Train: 0.38 0.0322 0.0633
Epoch:    900 | Train: 0.2236 0.0226 0.0292
Epoch:    999 | Train: 0.6905 0.0307 0.1854

======================================================================
PERF FORMAT: DATASET | Acuracy: ACC | Loss: LOSS1 LOSS2 LOSS3 | PS: PS
======================================================================
Train | Acuracy:  90.52% | Loss: 0.33783 0.02665 0.05912 | PS: 0.03702 
Val   | Acuracy:  89.97% | Loss: 0.36054 0.02749 0.06617 | PS: 0.03719 
Test  | Acuracy:  90.22% | Loss: 0.34306 0.02672 0.06182 | PS: 0.04114 
----------------------------------------------------------------------
Optimization error  : 0.03702
Population error    : 0.04114
Generalization error: 0.00412
