Namespace(batch_size=64, beta_moco=0.1, gamma_moco=0.1, gamma_modo=0.01, lr=1.0, moo_method='MoDo', num_epochs=1000, rho_moco=0.1, rho_modo=0.0, seed=4)

==================================================
Model parameter count per layer
==================================================
fc1.weight 	: 401408
fc1.bias 	: 512
fc2.weight 	: 5120
fc2.bias 	: 10
Total number of parametrs : 407050
--------------------------------------------------

======================================================================
LOG FORMAT: Epoch: EPOCH | Train: LOSS1 LOSS2 LOSS3
======================================================================
Epoch:      0 | Train: 2.389 0.1812 0.9669
Epoch:    100 | Train: 0.3964 0.0395 0.0549
Epoch:    200 | Train: 0.3099 0.0311 0.0512
Epoch:    300 | Train: 0.2359 0.0245 0.0404
Epoch:    400 | Train: 0.3751 0.0332 0.0748
Epoch:    500 | Train: 0.4085 0.0304 0.0666
Epoch:    600 | Train: 0.2406 0.028 0.025
Epoch:    700 | Train: 0.2794 0.0261 0.0332
Epoch:    800 | Train: 0.2804 0.0246 0.0686
Epoch:    900 | Train: 0.1233 0.0186 0.01
Epoch:    999 | Train: 0.3469 0.033 0.0429

======================================================================
PERF FORMAT: DATASET | Acuracy: ACC | Loss: LOSS1 LOSS2 LOSS3 | PS: PS
======================================================================
Train | Acuracy:  90.28% | Loss: 0.34315 0.02739 0.0604 | PS: 0.04639 
Val   | Acuracy:  89.78% | Loss: 0.37698 0.02853 0.06809 | PS: 0.04427 
Test  | Acuracy:  90.36% | Loss: 0.34603 0.02655 0.06465 | PS: 0.04292 
----------------------------------------------------------------------
Optimization error  : 0.04639
Population error    : 0.04292
Generalization error: -0.00347
