Namespace(batch_size=64, beta_moco=0.1, gamma_moco=0.1, gamma_modo=0.001, lr=1.0, moo_method='MoDo', num_epochs=1000, rho_moco=0.1, rho_modo=0.0, seed=2)

==================================================
Model parameter count per layer
==================================================
fc1.weight 	: 401408
fc1.bias 	: 512
fc2.weight 	: 5120
fc2.bias 	: 10
Total number of parametrs : 407050
--------------------------------------------------

======================================================================
LOG FORMAT: Epoch: EPOCH | Train: LOSS1 LOSS2 LOSS3
======================================================================
Epoch:      0 | Train: 2.2467 0.1783 0.8182
Epoch:    100 | Train: 0.3668 0.0419 0.055
Epoch:    200 | Train: 0.4693 0.0375 0.0809
Epoch:    300 | Train: 0.4268 0.0357 0.0739
Epoch:    400 | Train: 0.5577 0.0444 0.1161
Epoch:    500 | Train: 0.456 0.0319 0.0875
Epoch:    600 | Train: 0.3579 0.0327 0.0602
Epoch:    700 | Train: 0.3257 0.0348 0.038
Epoch:    800 | Train: 0.4597 0.0286 0.1195
Epoch:    900 | Train: 0.346 0.0227 0.0784
Epoch:    999 | Train: 0.2196 0.0199 0.0312

======================================================================
PERF FORMAT: DATASET | Acuracy: ACC | Loss: LOSS1 LOSS2 LOSS3 | PS: PS
======================================================================
Train | Acuracy:  90.14% | Loss: 0.33935 0.02793 0.05761 | PS: 0.04239 
Val   | Acuracy:  89.38% | Loss: 0.37297 0.02886 0.0666 | PS: 0.04407 
Test  | Acuracy:  90.07% | Loss: 0.34671 0.0278 0.06117 | PS: 0.04397 
----------------------------------------------------------------------
Optimization error  : 0.04239
Population error    : 0.04397
Generalization error: 0.00158
