Namespace(batch_size=64, beta_moco=0.1, gamma_moco=0.1, gamma_modo=0.01, lr=1.0, moo_method='MoDo', num_epochs=1000, rho_moco=0.1, rho_modo=0.0, seed=2)

==================================================
Model parameter count per layer
==================================================
fc1.weight 	: 401408
fc1.bias 	: 512
fc2.weight 	: 5120
fc2.bias 	: 10
Total number of parametrs : 407050
--------------------------------------------------

======================================================================
LOG FORMAT: Epoch: EPOCH | Train: LOSS1 LOSS2 LOSS3
======================================================================
Epoch:      0 | Train: 2.2467 0.1783 0.8182
Epoch:    100 | Train: 0.3824 0.0452 0.0535
Epoch:    200 | Train: 0.4416 0.0362 0.0737
Epoch:    300 | Train: 0.4395 0.0353 0.0795
Epoch:    400 | Train: 0.532 0.042 0.1128
Epoch:    500 | Train: 0.476 0.0316 0.0913
Epoch:    600 | Train: 0.3724 0.0327 0.0659
Epoch:    700 | Train: 0.3388 0.0345 0.0396
Epoch:    800 | Train: 0.474 0.0266 0.1249
Epoch:    900 | Train: 0.353 0.0212 0.0822
Epoch:    999 | Train: 0.2491 0.0201 0.0385

======================================================================
PERF FORMAT: DATASET | Acuracy: ACC | Loss: LOSS1 LOSS2 LOSS3 | PS: PS
======================================================================
Train | Acuracy:  90.49% | Loss: 0.33264 0.02677 0.05719 | PS: 0.03965 
Val   | Acuracy:  89.70% | Loss: 0.36822 0.02775 0.06656 | PS: 0.04088 
Test  | Acuracy:  90.39% | Loss: 0.34187 0.02678 0.06119 | PS: 0.04243 
----------------------------------------------------------------------
Optimization error  : 0.03965
Population error    : 0.04243
Generalization error: 0.00277
