Namespace(batch_size=64, beta_moco=0.1, gamma_moco=0.1, gamma_modo=0.5, lr=1.0, moo_method='MoDo', num_epochs=1000, rho_moco=0.1, rho_modo=0.0, seed=9)

==================================================
Model parameter count per layer
==================================================
fc1.weight 	: 401408
fc1.bias 	: 512
fc2.weight 	: 5120
fc2.bias 	: 10
Total number of parametrs : 407050
--------------------------------------------------

======================================================================
LOG FORMAT: Epoch: EPOCH | Train: LOSS1 LOSS2 LOSS3
======================================================================
Epoch:      0 | Train: 2.3852 0.1812 0.9629
Epoch:    100 | Train: 0.4248 0.0437 0.078
Epoch:    200 | Train: 0.5765 0.0362 0.1174
Epoch:    300 | Train: 0.2701 0.0198 0.0829
Epoch:    400 | Train: 0.5607 0.0231 0.1202
Epoch:    500 | Train: 0.2006 0.0178 0.0252
Epoch:    600 | Train: 0.6664 0.0309 0.1737
Epoch:    700 | Train: 0.4366 0.0235 0.0789
Epoch:    800 | Train: 0.4728 0.0256 0.118
Epoch:    900 | Train: 0.222 0.015 0.0366
Epoch:    999 | Train: 0.9902 0.0262 0.2813

======================================================================
PERF FORMAT: DATASET | Acuracy: ACC | Loss: LOSS1 LOSS2 LOSS3 | PS: PS
======================================================================
Train | Acuracy:  91.50% | Loss: 0.40644 0.02038 0.09006 | PS: 0.016 
Val   | Acuracy:  91.00% | Loss: 0.42887 0.02119 0.09689 | PS: 0.01699 
Test  | Acuracy:  91.44% | Loss: 0.40024 0.02013 0.08931 | PS: 0.01953 
----------------------------------------------------------------------
Optimization error  : 0.016
Population error    : 0.01953
Generalization error: 0.00353
