Namespace(batch_size=64, beta_moco=0.1, gamma_moco=0.1, gamma_modo=0.1, lr=0.1, moo_method='MoDo', num_epochs=1000, rho_moco=0.1, rho_modo=0.01, seed=7)

==================================================
Model parameter count per layer
==================================================
fc1.weight 	: 401408
fc1.bias 	: 512
fc2.weight 	: 5120
fc2.bias 	: 10
Total number of parametrs : 407050
--------------------------------------------------

======================================================================
LOG FORMAT: Epoch: EPOCH | Train: LOSS1 LOSS2 LOSS3
======================================================================
Epoch:      0 | Train: 2.3284 0.18 0.9007
Epoch:    100 | Train: 1.0102 0.1163 0.1117
Epoch:    200 | Train: 0.7821 0.0878 0.1221
Epoch:    300 | Train: 0.6902 0.0679 0.1212
Epoch:    400 | Train: 0.7178 0.0675 0.1492
Epoch:    500 | Train: 0.1812 0.0292 0.0061
Epoch:    600 | Train: 0.322 0.042 0.0407
Epoch:    700 | Train: 0.3754 0.039 0.0607
Epoch:    800 | Train: 0.4284 0.042 0.0725
Epoch:    900 | Train: 0.227 0.029 0.0276
Epoch:    999 | Train: 0.4387 0.0468 0.0704

======================================================================
PERF FORMAT: DATASET | Acuracy: ACC | Loss: LOSS1 LOSS2 LOSS3 | PS: PS
======================================================================
Train | Acuracy:  89.52% | Loss: 0.36545 0.03763 0.05994 | PS: 0.02445 
Val   | Acuracy:  89.71% | Loss: 0.36261 0.03749 0.05969 | PS: 0.02531 
Test  | Acuracy:  89.98% | Loss: 0.34773 0.0361 0.05712 | PS: 0.02942 
----------------------------------------------------------------------
Optimization error  : 0.02445
Population error    : 0.02942
Generalization error: 0.00497
