Namespace(batch_size=64, beta_moco=0.1, gamma_moco=0.1, gamma_modo=0.1, lr=0.1, moo_method='MoDo', num_epochs=1000, rho_moco=0.1, rho_modo=1.0, seed=9)

==================================================
Model parameter count per layer
==================================================
fc1.weight 	: 401408
fc1.bias 	: 512
fc2.weight 	: 5120
fc2.bias 	: 10
Total number of parametrs : 407050
--------------------------------------------------

======================================================================
LOG FORMAT: Epoch: EPOCH | Train: LOSS1 LOSS2 LOSS3
======================================================================
Epoch:      0 | Train: 2.3852 0.1812 0.9629
Epoch:    100 | Train: 0.554 0.0662 0.0791
Epoch:    200 | Train: 0.4774 0.05 0.0672
Epoch:    300 | Train: 0.3025 0.0378 0.0474
Epoch:    400 | Train: 0.4104 0.0347 0.0658
Epoch:    500 | Train: 0.2469 0.0309 0.0198
Epoch:    600 | Train: 0.4411 0.0408 0.0878
Epoch:    700 | Train: 0.3511 0.034 0.0548
Epoch:    800 | Train: 0.3836 0.0386 0.0733
Epoch:    900 | Train: 0.2458 0.0282 0.0294
Epoch:    999 | Train: 0.6263 0.0381 0.1659

======================================================================
PERF FORMAT: DATASET | Acuracy: ACC | Loss: LOSS1 LOSS2 LOSS3 | PS: PS
======================================================================
Train | Acuracy:  91.29% | Loss: 0.31065 0.03083 0.05169 | PS: 0.01941 
Val   | Acuracy:  90.99% | Loss: 0.32098 0.03119 0.05479 | PS: 0.02077 
Test  | Acuracy:  91.33% | Loss: 0.30419 0.02987 0.05161 | PS: 0.02438 
----------------------------------------------------------------------
Optimization error  : 0.01941
Population error    : 0.02438
Generalization error: 0.00497
