Namespace(batch_size=64, beta_moco=0.1, gamma_moco=0.1, gamma_modo=0.1, lr=0.1, moo_method='MoDo', num_epochs=1000, rho_moco=0.1, rho_modo=0.1, seed=4)

==================================================
Model parameter count per layer
==================================================
fc1.weight 	: 401408
fc1.bias 	: 512
fc2.weight 	: 5120
fc2.bias 	: 10
Total number of parametrs : 407050
--------------------------------------------------

======================================================================
LOG FORMAT: Epoch: EPOCH | Train: LOSS1 LOSS2 LOSS3
======================================================================
Epoch:      0 | Train: 2.389 0.1812 0.9669
Epoch:    100 | Train: 0.7941 0.0985 0.0648
Epoch:    200 | Train: 0.5179 0.0687 0.0482
Epoch:    300 | Train: 0.4066 0.055 0.0365
Epoch:    400 | Train: 0.3644 0.0447 0.0487
Epoch:    500 | Train: 0.4719 0.0493 0.0767
Epoch:    600 | Train: 0.2747 0.0373 0.0215
Epoch:    700 | Train: 0.3837 0.0379 0.0606
Epoch:    800 | Train: 0.3022 0.0318 0.0652
Epoch:    900 | Train: 0.1964 0.0289 0.0156
Epoch:    999 | Train: 0.3393 0.0403 0.0352

======================================================================
PERF FORMAT: DATASET | Acuracy: ACC | Loss: LOSS1 LOSS2 LOSS3 | PS: PS
======================================================================
Train | Acuracy:  90.22% | Loss: 0.3386 0.03449 0.05508 | PS: 0.04051 
Val   | Acuracy:  89.78% | Loss: 0.35581 0.03538 0.05872 | PS: 0.039 
Test  | Acuracy:  90.61% | Loss: 0.33236 0.03328 0.05568 | PS: 0.03785 
----------------------------------------------------------------------
Optimization error  : 0.04051
Population error    : 0.03785
Generalization error: -0.00265
