Namespace(batch_size=64, beta_moco=0.1, gamma_moco=0.1, gamma_modo=0.1, lr=0.1, moo_method='MoDo', num_epochs=1000, rho_moco=0.1, rho_modo=0.05, seed=8)

==================================================
Model parameter count per layer
==================================================
fc1.weight 	: 401408
fc1.bias 	: 512
fc2.weight 	: 5120
fc2.bias 	: 10
Total number of parametrs : 407050
--------------------------------------------------

======================================================================
LOG FORMAT: Epoch: EPOCH | Train: LOSS1 LOSS2 LOSS3
======================================================================
Epoch:      0 | Train: 2.3867 0.1813 0.961
Epoch:    100 | Train: 0.9296 0.1098 0.0967
Epoch:    200 | Train: 0.7701 0.0869 0.1082
Epoch:    300 | Train: 0.4254 0.0592 0.0309
Epoch:    400 | Train: 0.7197 0.0682 0.1547
Epoch:    500 | Train: 0.4931 0.0529 0.0794
Epoch:    600 | Train: 0.3426 0.0395 0.0521
Epoch:    700 | Train: 0.2366 0.0305 0.025
Epoch:    800 | Train: 0.2377 0.0279 0.0294
Epoch:    900 | Train: 0.423 0.042 0.0617
Epoch:    999 | Train: 0.4835 0.0394 0.1166

======================================================================
PERF FORMAT: DATASET | Acuracy: ACC | Loss: LOSS1 LOSS2 LOSS3 | PS: PS
======================================================================
Train | Acuracy:  90.70% | Loss: 0.33069 0.0344 0.05294 | PS: 0.02323 
Val   | Acuracy:  90.36% | Loss: 0.35003 0.03509 0.05976 | PS: 0.02311 
Test  | Acuracy:  91.07% | Loss: 0.32145 0.03314 0.05286 | PS: 0.02727 
----------------------------------------------------------------------
Optimization error  : 0.02323
Population error    : 0.02727
Generalization error: 0.00404
