Namespace(batch_size=64, beta_moco=0.1, gamma_moco=0.1, gamma_modo=0.1, lr=0.1, moo_method='MoDo', num_epochs=1000, rho_moco=0.1, rho_modo=0.005, seed=4)

==================================================
Model parameter count per layer
==================================================
fc1.weight 	: 401408
fc1.bias 	: 512
fc2.weight 	: 5120
fc2.bias 	: 10
Total number of parametrs : 407050
--------------------------------------------------

======================================================================
LOG FORMAT: Epoch: EPOCH | Train: LOSS1 LOSS2 LOSS3
======================================================================
Epoch:      0 | Train: 2.389 0.1812 0.9669
Epoch:    100 | Train: 0.8281 0.0999 0.0751
Epoch:    200 | Train: 0.5463 0.0703 0.0552
Epoch:    300 | Train: 0.49 0.0635 0.0507
Epoch:    400 | Train: 0.4036 0.0502 0.0516
Epoch:    500 | Train: 0.5435 0.0592 0.0869
Epoch:    600 | Train: 0.335 0.0443 0.0308
Epoch:    700 | Train: 0.492 0.0454 0.0903
Epoch:    800 | Train: 0.3432 0.0352 0.0747
Epoch:    900 | Train: 0.2464 0.0329 0.0223
Epoch:    999 | Train: 0.3567 0.0433 0.0374

======================================================================
PERF FORMAT: DATASET | Acuracy: ACC | Loss: LOSS1 LOSS2 LOSS3 | PS: PS
======================================================================
Train | Acuracy:  89.26% | Loss: 0.37143 0.03721 0.06329 | PS: 0.02079 
Val   | Acuracy:  88.68% | Loss: 0.38406 0.03794 0.06589 | PS: 0.01993 
Test  | Acuracy:  89.78% | Loss: 0.35666 0.0357 0.06099 | PS: 0.02087 
----------------------------------------------------------------------
Optimization error  : 0.02079
Population error    : 0.02087
Generalization error: 8e-05
