Namespace(batch_size=64, beta_moco=0.1, gamma_moco=0.1, gamma_modo=0.1, lr=0.1, moo_method='MoDo', num_epochs=1000, rho_moco=0.1, rho_modo=0.01, seed=6)

==================================================
Model parameter count per layer
==================================================
fc1.weight 	: 401408
fc1.bias 	: 512
fc2.weight 	: 5120
fc2.bias 	: 10
Total number of parametrs : 407050
--------------------------------------------------

======================================================================
LOG FORMAT: Epoch: EPOCH | Train: LOSS1 LOSS2 LOSS3
======================================================================
Epoch:      0 | Train: 2.3515 0.1806 0.9289
Epoch:    100 | Train: 0.8614 0.1011 0.1068
Epoch:    200 | Train: 0.5933 0.0755 0.0573
Epoch:    300 | Train: 0.5958 0.0743 0.0621
Epoch:    400 | Train: 0.6409 0.0548 0.1343
Epoch:    500 | Train: 0.4805 0.054 0.0698
Epoch:    600 | Train: 0.4628 0.0467 0.08
Epoch:    700 | Train: 0.4041 0.0411 0.0681
Epoch:    800 | Train: 0.2236 0.03 0.0206
Epoch:    900 | Train: 0.563 0.0461 0.0925
Epoch:    999 | Train: 0.6893 0.0594 0.1589

======================================================================
PERF FORMAT: DATASET | Acuracy: ACC | Loss: LOSS1 LOSS2 LOSS3 | PS: PS
======================================================================
Train | Acuracy:  89.66% | Loss: 0.36453 0.03843 0.05813 | PS: 0.01934 
Val   | Acuracy:  89.28% | Loss: 0.36885 0.0389 0.0597 | PS: 0.02098 
Test  | Acuracy:  90.23% | Loss: 0.34756 0.03707 0.05469 | PS: 0.02342 
----------------------------------------------------------------------
Optimization error  : 0.01934
Population error    : 0.02342
Generalization error: 0.00408
