Namespace(batch_size=64, beta_moco=0.1, gamma_moco=0.1, gamma_modo=0.1, lr=0.1, moo_method='MoDo', num_epochs=1000, rho_moco=0.1, rho_modo=0.005, seed=2)

==================================================
Model parameter count per layer
==================================================
fc1.weight 	: 401408
fc1.bias 	: 512
fc2.weight 	: 5120
fc2.bias 	: 10
Total number of parametrs : 407050
--------------------------------------------------

======================================================================
LOG FORMAT: Epoch: EPOCH | Train: LOSS1 LOSS2 LOSS3
======================================================================
Epoch:      0 | Train: 2.2467 0.1783 0.8182
Epoch:    100 | Train: 1.0591 0.1165 0.1342
Epoch:    200 | Train: 0.7685 0.0859 0.1155
Epoch:    300 | Train: 0.681 0.0721 0.1095
Epoch:    400 | Train: 0.6175 0.0629 0.1059
Epoch:    500 | Train: 0.5479 0.0539 0.094
Epoch:    600 | Train: 0.4896 0.0462 0.094
Epoch:    700 | Train: 0.3534 0.0432 0.0406
Epoch:    800 | Train: 0.4317 0.0375 0.0974
Epoch:    900 | Train: 0.3833 0.0295 0.1143
Epoch:    999 | Train: 0.3714 0.0362 0.082

======================================================================
PERF FORMAT: DATASET | Acuracy: ACC | Loss: LOSS1 LOSS2 LOSS3 | PS: PS
======================================================================
Train | Acuracy:  89.18% | Loss: 0.37475 0.0368 0.06507 | PS: 0.01751 
Val   | Acuracy:  89.07% | Loss: 0.38284 0.03683 0.06822 | PS: 0.01972 
Test  | Acuracy:  89.83% | Loss: 0.35636 0.03513 0.06209 | PS: 0.02293 
----------------------------------------------------------------------
Optimization error  : 0.01751
Population error    : 0.02293
Generalization error: 0.00541
