Namespace(batch_size=64, beta_moco=0.1, gamma_moco=0.1, gamma_modo=0.1, lr=0.1, moo_method='MoDo', num_epochs=1000, rho_moco=0.1, rho_modo=0.005, seed=1)

==================================================
Model parameter count per layer
==================================================
fc1.weight 	: 401408
fc1.bias 	: 512
fc2.weight 	: 5120
fc2.bias 	: 10
Total number of parametrs : 407050
--------------------------------------------------

======================================================================
LOG FORMAT: Epoch: EPOCH | Train: LOSS1 LOSS2 LOSS3
======================================================================
Epoch:      0 | Train: 2.3314 0.1802 0.9087
Epoch:    100 | Train: 1.1717 0.1217 0.1944
Epoch:    200 | Train: 0.653 0.0748 0.0928
Epoch:    300 | Train: 0.7182 0.0803 0.1033
Epoch:    400 | Train: 0.4548 0.06 0.0431
Epoch:    500 | Train: 0.4941 0.0562 0.0579
Epoch:    600 | Train: 0.6915 0.0633 0.1193
Epoch:    700 | Train: 0.4926 0.0468 0.0886
Epoch:    800 | Train: 0.3908 0.0363 0.0812
Epoch:    900 | Train: 0.2766 0.0336 0.0309
Epoch:    999 | Train: 0.2569 0.0334 0.0304

======================================================================
PERF FORMAT: DATASET | Acuracy: ACC | Loss: LOSS1 LOSS2 LOSS3 | PS: PS
======================================================================
Train | Acuracy:  88.70% | Loss: 0.38961 0.03721 0.07069 | PS: 0.01366 
Val   | Acuracy:  88.83% | Loss: 0.38767 0.03754 0.06856 | PS: 0.0157 
Test  | Acuracy:  89.63% | Loss: 0.36716 0.03556 0.06547 | PS: 0.01845 
----------------------------------------------------------------------
Optimization error  : 0.01366
Population error    : 0.01845
Generalization error: 0.00478
