Namespace(batch_size=64, beta_moco=0.1, gamma_moco=0.1, gamma_modo=0.1, lr=0.1, moo_method='MoDo', num_epochs=1000, rho_moco=0.1, rho_modo=0.01, seed=1)

==================================================
Model parameter count per layer
==================================================
fc1.weight 	: 401408
fc1.bias 	: 512
fc2.weight 	: 5120
fc2.bias 	: 10
Total number of parametrs : 407050
--------------------------------------------------

======================================================================
LOG FORMAT: Epoch: EPOCH | Train: LOSS1 LOSS2 LOSS3
======================================================================
Epoch:      0 | Train: 2.3314 0.1802 0.9087
Epoch:    100 | Train: 1.1532 0.1216 0.1798
Epoch:    200 | Train: 0.6573 0.0757 0.0926
Epoch:    300 | Train: 0.6861 0.0786 0.0949
Epoch:    400 | Train: 0.442 0.0595 0.0388
Epoch:    500 | Train: 0.4723 0.0556 0.0508
Epoch:    600 | Train: 0.6719 0.0634 0.1119
Epoch:    700 | Train: 0.4553 0.0457 0.0758
Epoch:    800 | Train: 0.3751 0.0369 0.0732
Epoch:    900 | Train: 0.2655 0.0336 0.0278
Epoch:    999 | Train: 0.2455 0.033 0.0257

======================================================================
PERF FORMAT: DATASET | Acuracy: ACC | Loss: LOSS1 LOSS2 LOSS3 | PS: PS
======================================================================
Train | Acuracy:  89.29% | Loss: 0.37442 0.0377 0.06357 | PS: 0.01569 
Val   | Acuracy:  89.58% | Loss: 0.37407 0.03807 0.06206 | PS: 0.01663 
Test  | Acuracy:  89.84% | Loss: 0.35526 0.03618 0.05962 | PS: 0.02147 
----------------------------------------------------------------------
Optimization error  : 0.01569
Population error    : 0.02147
Generalization error: 0.00578
