Namespace(batch_size=64, beta_moco=0.1, gamma_moco=0.1, gamma_modo=0.1, lr=0.1, moo_method='MoDo', num_epochs=1000, rho_moco=0.1, rho_modo=0.5, seed=5)

==================================================
Model parameter count per layer
==================================================
fc1.weight 	: 401408
fc1.bias 	: 512
fc2.weight 	: 5120
fc2.bias 	: 10
Total number of parametrs : 407050
--------------------------------------------------

======================================================================
LOG FORMAT: Epoch: EPOCH | Train: LOSS1 LOSS2 LOSS3
======================================================================
Epoch:      0 | Train: 2.2981 0.1796 0.8762
Epoch:    100 | Train: 0.6586 0.0772 0.0852
Epoch:    200 | Train: 0.5056 0.0607 0.0666
Epoch:    300 | Train: 0.4805 0.0514 0.0848
Epoch:    400 | Train: 0.2907 0.0381 0.0285
Epoch:    500 | Train: 0.2161 0.0301 0.0198
Epoch:    600 | Train: 0.3313 0.0384 0.0503
Epoch:    700 | Train: 0.3069 0.0265 0.0479
Epoch:    800 | Train: 0.1928 0.0261 0.0197
Epoch:    900 | Train: 0.3339 0.0336 0.065
Epoch:    999 | Train: 0.3547 0.0398 0.0538

======================================================================
PERF FORMAT: DATASET | Acuracy: ACC | Loss: LOSS1 LOSS2 LOSS3 | PS: PS
======================================================================
Train | Acuracy:  91.23% | Loss: 0.30892 0.03066 0.05173 | PS: 0.02002 
Val   | Acuracy:  90.26% | Loss: 0.34 0.03202 0.06042 | PS: 0.02139 
Test  | Acuracy:  91.18% | Loss: 0.3038 0.02979 0.05164 | PS: 0.02123 
----------------------------------------------------------------------
Optimization error  : 0.02002
Population error    : 0.02123
Generalization error: 0.0012
