Namespace(batch_size=64, beta_moco=0.1, gamma_moco=0.1, gamma_modo=0.1, lr=0.1, moo_method='MoDo', num_epochs=1000, rho_moco=0.1, rho_modo=1.0, seed=8)

==================================================
Model parameter count per layer
==================================================
fc1.weight 	: 401408
fc1.bias 	: 512
fc2.weight 	: 5120
fc2.bias 	: 10
Total number of parametrs : 407050
--------------------------------------------------

======================================================================
LOG FORMAT: Epoch: EPOCH | Train: LOSS1 LOSS2 LOSS3
======================================================================
Epoch:      0 | Train: 2.3867 0.1813 0.961
Epoch:    100 | Train: 0.4499 0.0591 0.0423
Epoch:    200 | Train: 0.5543 0.0521 0.1037
Epoch:    300 | Train: 0.2687 0.0361 0.0258
Epoch:    400 | Train: 0.7096 0.054 0.1725
Epoch:    500 | Train: 0.4265 0.0409 0.076
Epoch:    600 | Train: 0.3123 0.0323 0.0552
Epoch:    700 | Train: 0.2073 0.0254 0.021
Epoch:    800 | Train: 0.209 0.0222 0.0287
Epoch:    900 | Train: 0.3983 0.0372 0.0608
Epoch:    999 | Train: 0.4789 0.0359 0.1234

======================================================================
PERF FORMAT: DATASET | Acuracy: ACC | Loss: LOSS1 LOSS2 LOSS3 | PS: PS
======================================================================
Train | Acuracy:  91.31% | Loss: 0.30915 0.03042 0.05189 | PS: 0.02323 
Val   | Acuracy:  90.91% | Loss: 0.33368 0.03132 0.05986 | PS: 0.02372 
Test  | Acuracy:  91.57% | Loss: 0.30399 0.0294 0.05255 | PS: 0.02493 
----------------------------------------------------------------------
Optimization error  : 0.02323
Population error    : 0.02493
Generalization error: 0.0017
