Namespace(batch_size=64, beta_moco=0.1, gamma_moco=0.1, gamma_modo=0.1, lr=0.1, moo_method='MoDo', num_epochs=1000, rho_moco=0.1, rho_modo=0.5, seed=2)

==================================================
Model parameter count per layer
==================================================
fc1.weight 	: 401408
fc1.bias 	: 512
fc2.weight 	: 5120
fc2.bias 	: 10
Total number of parametrs : 407050
--------------------------------------------------

======================================================================
LOG FORMAT: Epoch: EPOCH | Train: LOSS1 LOSS2 LOSS3
======================================================================
Epoch:      0 | Train: 2.2467 0.1783 0.8182
Epoch:    100 | Train: 0.6382 0.0794 0.065
Epoch:    200 | Train: 0.4514 0.0509 0.0743
Epoch:    300 | Train: 0.493 0.0478 0.0917
Epoch:    400 | Train: 0.5243 0.0477 0.1046
Epoch:    500 | Train: 0.4475 0.0409 0.0815
Epoch:    600 | Train: 0.381 0.0368 0.0736
Epoch:    700 | Train: 0.3117 0.0378 0.033
Epoch:    800 | Train: 0.416 0.03 0.1025
Epoch:    900 | Train: 0.3448 0.0253 0.0873
Epoch:    999 | Train: 0.2923 0.0287 0.0527

======================================================================
PERF FORMAT: DATASET | Acuracy: ACC | Loss: LOSS1 LOSS2 LOSS3 | PS: PS
======================================================================
Train | Acuracy:  90.86% | Loss: 0.31899 0.03174 0.05211 | PS: 0.03671 
Val   | Acuracy:  90.52% | Loss: 0.33492 0.03204 0.05708 | PS: 0.0374 
Test  | Acuracy:  91.07% | Loss: 0.31719 0.03097 0.0534 | PS: 0.04002 
----------------------------------------------------------------------
Optimization error  : 0.03671
Population error    : 0.04002
Generalization error: 0.00332
