Namespace(batch_size=64, beta_moco=0.1, gamma_moco=0.1, gamma_modo=0.1, lr=0.1, moo_method='MoDo', num_epochs=1000, rho_moco=0.1, rho_modo=0.001, seed=4)

==================================================
Model parameter count per layer
==================================================
fc1.weight 	: 401408
fc1.bias 	: 512
fc2.weight 	: 5120
fc2.bias 	: 10
Total number of parametrs : 407050
--------------------------------------------------

======================================================================
LOG FORMAT: Epoch: EPOCH | Train: LOSS1 LOSS2 LOSS3
======================================================================
Epoch:      0 | Train: 2.389 0.1812 0.9669
Epoch:    100 | Train: 0.8304 0.1 0.0763
Epoch:    200 | Train: 0.5463 0.07 0.0561
Epoch:    300 | Train: 0.4921 0.0634 0.0523
Epoch:    400 | Train: 0.4017 0.0495 0.0531
Epoch:    500 | Train: 0.5447 0.0587 0.0882
Epoch:    600 | Train: 0.3354 0.0435 0.0338
Epoch:    700 | Train: 0.511 0.045 0.0973
Epoch:    800 | Train: 0.3462 0.034 0.0792
Epoch:    900 | Train: 0.2562 0.0323 0.0279
Epoch:    999 | Train: 0.3504 0.0417 0.0394

======================================================================
PERF FORMAT: DATASET | Acuracy: ACC | Loss: LOSS1 LOSS2 LOSS3 | PS: PS
======================================================================
Train | Acuracy:  88.88% | Loss: 0.38045 0.03615 0.06901 | PS: 0.0179 
Val   | Acuracy:  88.45% | Loss: 0.39271 0.03687 0.0713 | PS: 0.01709 
Test  | Acuracy:  89.56% | Loss: 0.36354 0.03462 0.06573 | PS: 0.01871 
----------------------------------------------------------------------
Optimization error  : 0.0179
Population error    : 0.01871
Generalization error: 0.00081
