Namespace(batch_size=64, beta_moco=0.1, gamma_moco=0.1, gamma_modo=0.1, lr=0.1, moo_method='MoDo', num_epochs=1000, rho_moco=0.1, rho_modo=0.05, seed=0)

==================================================
Model parameter count per layer
==================================================
fc1.weight 	: 401408
fc1.bias 	: 512
fc2.weight 	: 5120
fc2.bias 	: 10
Total number of parametrs : 407050
--------------------------------------------------

======================================================================
LOG FORMAT: Epoch: EPOCH | Train: LOSS1 LOSS2 LOSS3
======================================================================
Epoch:      0 | Train: 2.3186 0.1801 0.9017
Epoch:    100 | Train: 1.0543 0.1191 0.1178
Epoch:    200 | Train: 0.7263 0.0879 0.0773
Epoch:    300 | Train: 0.5629 0.0667 0.0692
Epoch:    400 | Train: 0.4386 0.05 0.0623
Epoch:    500 | Train: 0.5075 0.0549 0.0824
Epoch:    600 | Train: 0.4548 0.0488 0.0773
Epoch:    700 | Train: 0.4386 0.0467 0.0757
Epoch:    800 | Train: 0.1902 0.0273 0.011
Epoch:    900 | Train: 0.2531 0.0302 0.0298
Epoch:    999 | Train: 0.4623 0.0332 0.1077

======================================================================
PERF FORMAT: DATASET | Acuracy: ACC | Loss: LOSS1 LOSS2 LOSS3 | PS: PS
======================================================================
Train | Acuracy:  90.35% | Loss: 0.34095 0.03578 0.05422 | PS: 0.02046 
Val   | Acuracy:  90.11% | Loss: 0.34879 0.03627 0.05606 | PS: 0.02182 
Test  | Acuracy:  90.85% | Loss: 0.32726 0.0345 0.05224 | PS: 0.02297 
----------------------------------------------------------------------
Optimization error  : 0.02046
Population error    : 0.02297
Generalization error: 0.00251
