Namespace(batch_size=64, beta_moco=0.1, gamma_moco=0.1, gamma_modo=0.1, lr=0.1, moo_method='MoDo', num_epochs=1000, rho_moco=0.1, rho_modo=0.001, seed=2)

==================================================
Model parameter count per layer
==================================================
fc1.weight 	: 401408
fc1.bias 	: 512
fc2.weight 	: 5120
fc2.bias 	: 10
Total number of parametrs : 407050
--------------------------------------------------

======================================================================
LOG FORMAT: Epoch: EPOCH | Train: LOSS1 LOSS2 LOSS3
======================================================================
Epoch:      0 | Train: 2.2467 0.1783 0.8182
Epoch:    100 | Train: 1.0743 0.1167 0.1447
Epoch:    200 | Train: 0.7963 0.0866 0.1278
Epoch:    300 | Train: 0.7101 0.0731 0.1174
Epoch:    400 | Train: 0.6314 0.0636 0.1119
Epoch:    500 | Train: 0.5607 0.0538 0.1021
Epoch:    600 | Train: 0.5115 0.0468 0.1032
Epoch:    700 | Train: 0.3701 0.0425 0.049
Epoch:    800 | Train: 0.4575 0.0387 0.1038
Epoch:    900 | Train: 0.4075 0.0292 0.1291
Epoch:    999 | Train: 0.3899 0.0357 0.0929

======================================================================
PERF FORMAT: DATASET | Acuracy: ACC | Loss: LOSS1 LOSS2 LOSS3 | PS: PS
======================================================================
Train | Acuracy:  88.38% | Loss: 0.40155 0.03663 0.07639 | PS: 0.01504 
Val   | Acuracy:  88.19% | Loss: 0.40957 0.03668 0.0796 | PS: 0.01709 
Test  | Acuracy:  89.13% | Loss: 0.37926 0.03485 0.07181 | PS: 0.019 
----------------------------------------------------------------------
Optimization error  : 0.01504
Population error    : 0.019
Generalization error: 0.00396
