Namespace(batch_size=64, beta_moco=0.1, gamma_moco=0.1, gamma_modo=0.1, lr=0.1, moo_method='MoDo', num_epochs=1000, rho_moco=0.1, rho_modo=0.05, seed=2)

==================================================
Model parameter count per layer
==================================================
fc1.weight 	: 401408
fc1.bias 	: 512
fc2.weight 	: 5120
fc2.bias 	: 10
Total number of parametrs : 407050
--------------------------------------------------

======================================================================
LOG FORMAT: Epoch: EPOCH | Train: LOSS1 LOSS2 LOSS3
======================================================================
Epoch:      0 | Train: 2.2467 0.1783 0.8182
Epoch:    100 | Train: 0.9775 0.1139 0.1026
Epoch:    200 | Train: 0.6818 0.0818 0.0861
Epoch:    300 | Train: 0.6207 0.0698 0.092
Epoch:    400 | Train: 0.5767 0.0604 0.0965
Epoch:    500 | Train: 0.5052 0.0514 0.0811
Epoch:    600 | Train: 0.42 0.0426 0.0742
Epoch:    700 | Train: 0.3388 0.0429 0.0346
Epoch:    800 | Train: 0.4108 0.0346 0.0935
Epoch:    900 | Train: 0.3548 0.0285 0.0916
Epoch:    999 | Train: 0.3264 0.0335 0.0601

======================================================================
PERF FORMAT: DATASET | Acuracy: ACC | Loss: LOSS1 LOSS2 LOSS3 | PS: PS
======================================================================
Train | Acuracy:  90.36% | Loss: 0.33776 0.03541 0.05285 | PS: 0.03161 
Val   | Acuracy:  90.16% | Loss: 0.34873 0.03553 0.05684 | PS: 0.03251 
Test  | Acuracy:  90.76% | Loss: 0.32918 0.03421 0.05276 | PS: 0.03475 
----------------------------------------------------------------------
Optimization error  : 0.03161
Population error    : 0.03475
Generalization error: 0.00314
