Namespace(batch_size=64, beta_moco=0.1, gamma_moco=0.1, gamma_modo=0.1, lr=0.1, moo_method='MoDo', num_epochs=1000, rho_moco=0.1, rho_modo=0.01, seed=3)

==================================================
Model parameter count per layer
==================================================
fc1.weight 	: 401408
fc1.bias 	: 512
fc2.weight 	: 5120
fc2.bias 	: 10
Total number of parametrs : 407050
--------------------------------------------------

======================================================================
LOG FORMAT: Epoch: EPOCH | Train: LOSS1 LOSS2 LOSS3
======================================================================
Epoch:      0 | Train: 2.363 0.1804 0.9304
Epoch:    100 | Train: 1.1563 0.1231 0.1882
Epoch:    200 | Train: 0.9278 0.0936 0.1833
Epoch:    300 | Train: 0.5647 0.0686 0.0667
Epoch:    400 | Train: 0.475 0.0566 0.0617
Epoch:    500 | Train: 0.5738 0.056 0.1184
Epoch:    600 | Train: 0.4221 0.0527 0.0513
Epoch:    700 | Train: 0.4054 0.0462 0.0587
Epoch:    800 | Train: 0.5267 0.0483 0.1093
Epoch:    900 | Train: 0.4087 0.0375 0.0717
Epoch:    999 | Train: 0.3594 0.0362 0.0535

======================================================================
PERF FORMAT: DATASET | Acuracy: ACC | Loss: LOSS1 LOSS2 LOSS3 | PS: PS
======================================================================
Train | Acuracy:  89.37% | Loss: 0.3745 0.03828 0.06223 | PS: 0.01846 
Val   | Acuracy:  88.82% | Loss: 0.38729 0.03912 0.06584 | PS: 0.02191 
Test  | Acuracy:  89.80% | Loss: 0.35715 0.03686 0.05868 | PS: 0.02478 
----------------------------------------------------------------------
Optimization error  : 0.01846
Population error    : 0.02478
Generalization error: 0.00632
