Namespace(batch_size=64, beta_moco=0.1, gamma_moco=0.1, gamma_modo=0.1, lr=0.1, moo_method='MoDo', num_epochs=1000, rho_moco=0.1, rho_modo=0.05, seed=3)

==================================================
Model parameter count per layer
==================================================
fc1.weight 	: 401408
fc1.bias 	: 512
fc2.weight 	: 5120
fc2.bias 	: 10
Total number of parametrs : 407050
--------------------------------------------------

======================================================================
LOG FORMAT: Epoch: EPOCH | Train: LOSS1 LOSS2 LOSS3
======================================================================
Epoch:      0 | Train: 2.363 0.1804 0.9304
Epoch:    100 | Train: 1.053 0.1206 0.1263
Epoch:    200 | Train: 0.83 0.0893 0.1443
Epoch:    300 | Train: 0.4988 0.0648 0.0466
Epoch:    400 | Train: 0.4244 0.0536 0.0448
Epoch:    500 | Train: 0.5103 0.0521 0.0976
Epoch:    600 | Train: 0.3733 0.0488 0.0413
Epoch:    700 | Train: 0.3448 0.0428 0.0419
Epoch:    800 | Train: 0.4993 0.0463 0.0939
Epoch:    900 | Train: 0.351 0.0348 0.061
Epoch:    999 | Train: 0.2944 0.033 0.0371

======================================================================
PERF FORMAT: DATASET | Acuracy: ACC | Loss: LOSS1 LOSS2 LOSS3 | PS: PS
======================================================================
Train | Acuracy:  90.47% | Loss: 0.34159 0.03626 0.05332 | PS: 0.02825 
Val   | Acuracy:  89.79% | Loss: 0.35827 0.03726 0.05804 | PS: 0.03033 
Test  | Acuracy:  90.68% | Loss: 0.32886 0.03508 0.05132 | PS: 0.03144 
----------------------------------------------------------------------
Optimization error  : 0.02825
Population error    : 0.03144
Generalization error: 0.00319
