Namespace(batch_size=64, beta_moco=0.1, gamma_moco=0.1, gamma_modo=0.1, lr=0.1, moo_method='MoDo', num_epochs=1000, rho_moco=0.1, rho_modo=0.001, seed=1)

==================================================
Model parameter count per layer
==================================================
fc1.weight 	: 401408
fc1.bias 	: 512
fc2.weight 	: 5120
fc2.bias 	: 10
Total number of parametrs : 407050
--------------------------------------------------

======================================================================
LOG FORMAT: Epoch: EPOCH | Train: LOSS1 LOSS2 LOSS3
======================================================================
Epoch:      0 | Train: 2.3314 0.1802 0.9087
Epoch:    100 | Train: 1.189 0.1218 0.2087
Epoch:    200 | Train: 0.646 0.0736 0.0925
Epoch:    300 | Train: 0.791 0.0826 0.1308
Epoch:    400 | Train: 0.5186 0.0647 0.0566
Epoch:    500 | Train: 0.5298 0.0577 0.0664
Epoch:    600 | Train: 0.713 0.0635 0.1262
Epoch:    700 | Train: 0.5497 0.0485 0.1055
Epoch:    800 | Train: 0.4094 0.0363 0.0902
Epoch:    900 | Train: 0.306 0.0345 0.0375
Epoch:    999 | Train: 0.3029 0.0361 0.043

======================================================================
PERF FORMAT: DATASET | Acuracy: ACC | Loss: LOSS1 LOSS2 LOSS3 | PS: PS
======================================================================
Train | Acuracy:  87.83% | Loss: 0.41902 0.03721 0.08309 | PS: 0.01339 
Val   | Acuracy:  87.90% | Loss: 0.41425 0.03743 0.07986 | PS: 0.01609 
Test  | Acuracy:  88.87% | Loss: 0.39294 0.03544 0.07627 | PS: 0.01624 
----------------------------------------------------------------------
Optimization error  : 0.01339
Population error    : 0.01624
Generalization error: 0.00284
