Namespace(batch_size=64, beta_moco=0.1, gamma_moco=0.1, gamma_modo=0.1, lr=0.1, moo_method='MoDo', num_epochs=1000, rho_moco=0.1, rho_modo=0.5, seed=8)

==================================================
Model parameter count per layer
==================================================
fc1.weight 	: 401408
fc1.bias 	: 512
fc2.weight 	: 5120
fc2.bias 	: 10
Total number of parametrs : 407050
--------------------------------------------------

======================================================================
LOG FORMAT: Epoch: EPOCH | Train: LOSS1 LOSS2 LOSS3
======================================================================
Epoch:      0 | Train: 2.3867 0.1813 0.961
Epoch:    100 | Train: 0.5335 0.0697 0.0496
Epoch:    200 | Train: 0.5686 0.0554 0.1034
Epoch:    300 | Train: 0.2785 0.0378 0.0261
Epoch:    400 | Train: 0.7078 0.0549 0.1708
Epoch:    500 | Train: 0.4301 0.0417 0.076
Epoch:    600 | Train: 0.3133 0.0327 0.0551
Epoch:    700 | Train: 0.2093 0.0258 0.0212
Epoch:    800 | Train: 0.2104 0.0225 0.0289
Epoch:    900 | Train: 0.4001 0.0375 0.0608
Epoch:    999 | Train: 0.4787 0.036 0.1228

======================================================================
PERF FORMAT: DATASET | Acuracy: ACC | Loss: LOSS1 LOSS2 LOSS3 | PS: PS
======================================================================
Train | Acuracy:  91.27% | Loss: 0.31038 0.03068 0.0519 | PS: 0.02268 
Val   | Acuracy:  90.85% | Loss: 0.33445 0.03156 0.05978 | PS: 0.0231 
Test  | Acuracy:  91.53% | Loss: 0.30484 0.02964 0.05252 | PS: 0.02485 
----------------------------------------------------------------------
Optimization error  : 0.02268
Population error    : 0.02485
Generalization error: 0.00218
