Namespace(batch_size=64, beta_moco=0.1, gamma_moco=0.1, gamma_modo=0.1, lr=0.1, moo_method='MoDo', num_epochs=1000, rho_moco=0.1, rho_modo=0.5, seed=3)

==================================================
Model parameter count per layer
==================================================
fc1.weight 	: 401408
fc1.bias 	: 512
fc2.weight 	: 5120
fc2.bias 	: 10
Total number of parametrs : 407050
--------------------------------------------------

======================================================================
LOG FORMAT: Epoch: EPOCH | Train: LOSS1 LOSS2 LOSS3
======================================================================
Epoch:      0 | Train: 2.363 0.1804 0.9304
Epoch:    100 | Train: 0.6812 0.0829 0.0875
Epoch:    200 | Train: 0.5981 0.0597 0.1227
Epoch:    300 | Train: 0.3067 0.0407 0.0295
Epoch:    400 | Train: 0.2908 0.0366 0.0323
Epoch:    500 | Train: 0.4234 0.0383 0.0856
Epoch:    600 | Train: 0.2861 0.0367 0.0355
Epoch:    700 | Train: 0.294 0.0355 0.0368
Epoch:    800 | Train: 0.4873 0.0398 0.0895
Epoch:    900 | Train: 0.3076 0.0285 0.0569
Epoch:    999 | Train: 0.2344 0.0273 0.0275

======================================================================
PERF FORMAT: DATASET | Acuracy: ACC | Loss: LOSS1 LOSS2 LOSS3 | PS: PS
======================================================================
Train | Acuracy:  91.00% | Loss: 0.31774 0.03141 0.053 | PS: 0.03425 
Val   | Acuracy:  90.29% | Loss: 0.34139 0.03265 0.05914 | PS: 0.03546 
Test  | Acuracy:  91.21% | Loss: 0.30954 0.03053 0.05217 | PS: 0.03576 
----------------------------------------------------------------------
Optimization error  : 0.03425
Population error    : 0.03576
Generalization error: 0.00151
