Namespace(batch_size=64, beta_moco=0.1, gamma_moco=0.1, gamma_modo=0.1, lr=0.1, moo_method='MoDo', num_epochs=1000, rho_moco=0.1, rho_modo=0.05, seed=6)

==================================================
Model parameter count per layer
==================================================
fc1.weight 	: 401408
fc1.bias 	: 512
fc2.weight 	: 5120
fc2.bias 	: 10
Total number of parametrs : 407050
--------------------------------------------------

======================================================================
LOG FORMAT: Epoch: EPOCH | Train: LOSS1 LOSS2 LOSS3
======================================================================
Epoch:      0 | Train: 2.3515 0.1806 0.9289
Epoch:    100 | Train: 0.8509 0.1009 0.1025
Epoch:    200 | Train: 0.5768 0.0748 0.0518
Epoch:    300 | Train: 0.5814 0.0737 0.0571
Epoch:    400 | Train: 0.5983 0.0539 0.1128
Epoch:    500 | Train: 0.4361 0.0512 0.0574
Epoch:    600 | Train: 0.4278 0.0447 0.0704
Epoch:    700 | Train: 0.3858 0.0403 0.0629
Epoch:    800 | Train: 0.2074 0.0291 0.0165
Epoch:    900 | Train: 0.5473 0.0438 0.0881
Epoch:    999 | Train: 0.6493 0.0563 0.1495

======================================================================
PERF FORMAT: DATASET | Acuracy: ACC | Loss: LOSS1 LOSS2 LOSS3 | PS: PS
======================================================================
Train | Acuracy:  90.45% | Loss: 0.34215 0.03672 0.05302 | PS: 0.02699 
Val   | Acuracy:  89.88% | Loss: 0.34847 0.03733 0.05554 | PS: 0.02781 
Test  | Acuracy:  90.84% | Loss: 0.32938 0.03561 0.05085 | PS: 0.03074 
----------------------------------------------------------------------
Optimization error  : 0.02699
Population error    : 0.03074
Generalization error: 0.00375
