========================================
General Configuration:
	Wighting: ITL
	Architecture: HPS
	Rep_Grad: False
	Multi_Input: True
	Seed: 0
	Device: cuda:0
ITL Configuration:
	weighting: ITL
	task_idx: 0
Optimizer Configuration:
	optim: adam
	lr: 0.01
	weight_decay: 1e-07
========================================
Total Params: 11487901
Trainable Params: 11487901
Non-trainable Params: 0
========================================
LOG FORMAT | amazon_LOSS Acc | dslr_LOSS Acc | webcam_LOSS Acc | TIME
Epoch: 0000 | TRAIN: 3.8252 0.0355 | 3.4800 0.0288 | 3.4497 0.0391 | Time: 28.4201 | VAL: 15.4304 0.0525 | 3.4302 0.0449 | 3.4446 0.0470 | Time: 2.4399 | TEST: 13.3770 0.0513 | 3.4182 0.0656 | 3.4528 0.0444 | Time: 2.8981
Epoch: 0001 | TRAIN: 3.7919 0.0439 | 3.4335 0.0421 | 3.4394 0.0331 | Time: 27.7000 | VAL: 77.1213 0.0344 | 3.5689 0.0449 | 3.4405 0.0134 | Time: 2.4236 | TEST: 84.8002 0.0239 | 3.5994 0.0656 | 3.4555 0.0111 | Time: 2.8870
Epoch: 0002 | TRAIN: 3.8057 0.0601 | 3.4341 0.0312 | 3.4342 0.0312 | Time: 27.4378 | VAL: 22.6787 0.0399 | 3.4344 0.0337 | 3.4343 0.0336 | Time: 2.4222 | TEST: 20.4908 0.0410 | 3.4344 0.0328 | 3.4334 0.0278 | Time: 2.9154
Epoch: 0003 | TRAIN: 3.8325 0.0883 | 3.4340 0.0319 | 3.4339 0.0331 | Time: 27.4345 | VAL: 12.2089 0.0344 | 3.4340 0.0337 | 3.4340 0.0537 | Time: 2.3745 | TEST: 12.6630 0.0410 | 3.4340 0.0328 | 3.4340 0.0611 | Time: 2.8949
Epoch: 0004 | TRAIN: 3.5115 0.0931 | 3.4339 0.0391 | 3.4340 0.0270 | Time: 27.5790 | VAL: 6.9009 0.0634 | 3.4340 0.0337 | 3.4340 0.0268 | Time: 2.3542 | TEST: 5.1368 0.0564 | 3.4340 0.0574 | 3.4340 0.0056 | Time: 2.8720
Epoch: 0005 | TRAIN: 3.5020 0.1220 | 3.4340 0.0343 | 3.4340 0.0433 | Time: 27.4590 | VAL: 8.9197 0.0362 | 3.4340 0.0225 | 3.4340 0.0537 | Time: 2.4113 | TEST: 8.1396 0.0359 | 3.4340 0.0164 | 3.4340 0.0333 | Time: 2.9028
Epoch: 0006 | TRAIN: 3.3181 0.1629 | 3.4340 0.0294 | 3.4340 0.0288 | Time: 27.5388 | VAL: 4.8274 0.0707 | 3.4340 0.0225 | 3.4340 0.0067 | Time: 2.3361 | TEST: 4.6528 0.0752 | 3.4340 0.0246 | 3.4340 0.0000 | Time: 2.8159
Epoch: 0007 | TRAIN: 3.1689 0.1833 | 3.4340 0.0391 | 3.4340 0.0192 | Time: 27.3146 | VAL: 15.5535 0.0435 | 3.4340 0.0337 | 3.4340 0.0268 | Time: 2.3528 | TEST: 13.4560 0.0222 | 3.4340 0.0820 | 3.4340 0.0389 | Time: 2.8435
Epoch: 0008 | TRAIN: 3.1138 0.1881 | 3.4340 0.0252 | 3.4340 0.0361 | Time: 27.6043 | VAL: 7.5976 0.0580 | 3.4340 0.0337 | 3.4340 0.0268 | Time: 2.3555 | TEST: 7.1430 0.0547 | 3.4340 0.0328 | 3.4340 0.0389 | Time: 2.8587
Epoch: 0009 | TRAIN: 2.9696 0.2206 | 3.4340 0.0150 | 3.4340 0.0222 | Time: 27.5286 | VAL: 9.1266 0.0308 | 3.4340 0.0225 | 3.4340 0.0201 | Time: 2.3878 | TEST: 8.4316 0.0325 | 3.4340 0.0328 | 3.4340 0.0167 | Time: 2.8917
Epoch: 0010 | TRAIN: 2.8875 0.2188 | 3.4340 0.0276 | 3.4340 0.0252 | Time: 27.4909 | VAL: 6.7293 0.0562 | 3.4340 0.0225 | 3.4340 0.0336 | Time: 2.4086 | TEST: 6.4571 0.0598 | 3.4340 0.0246 | 3.4340 0.0389 | Time: 2.8937
Epoch: 0011 | TRAIN: 2.8631 0.2392 | 3.4340 0.0264 | 3.4340 0.0433 | Time: 27.4753 | VAL: 7.4151 0.0598 | 3.4340 0.0225 | 3.4340 0.0336 | Time: 2.3484 | TEST: 7.7517 0.0615 | 3.4340 0.0246 | 3.4340 0.0389 | Time: 2.9207
Epoch: 0012 | TRAIN: 2.8098 0.2488 | 3.4340 0.0264 | 3.4340 0.0367 | Time: 27.4369 | VAL: 28.3670 0.0489 | 3.4340 0.0225 | 3.4340 0.0604 | Time: 2.3993 | TEST: 30.5728 0.0530 | 3.4340 0.0410 | 3.4340 0.0500 | Time: 2.8724
Epoch: 0013 | TRAIN: 2.7443 0.2446 | 3.4340 0.0234 | 3.4340 0.0385 | Time: 27.6003 | VAL: 10.0039 0.0924 | 3.4340 0.0225 | 3.4340 0.0336 | Time: 2.3829 | TEST: 9.5972 0.0735 | 3.4340 0.0246 | 3.4340 0.0389 | Time: 2.8661
Epoch: 0014 | TRAIN: 2.5397 0.2837 | 3.4340 0.0252 | 3.4340 0.0361 | Time: 27.5866 | VAL: 4.3194 0.1486 | 3.4340 0.0225 | 3.4340 0.0336 | Time: 2.3785 | TEST: 4.2400 0.1350 | 3.4340 0.0246 | 3.4340 0.0389 | Time: 2.8104
Epoch: 0015 | TRAIN: 2.3756 0.3341 | 3.4340 0.0228 | 3.4340 0.0367 | Time: 27.5191 | VAL: 6.1219 0.0906 | 3.4340 0.0225 | 3.4340 0.0336 | Time: 2.3515 | TEST: 5.8993 0.0940 | 3.4340 0.0246 | 3.4340 0.0389 | Time: 2.8485
Epoch: 0016 | TRAIN: 2.2866 0.3311 | 3.4340 0.0252 | 3.4340 0.0355 | Time: 27.5705 | VAL: 5.6581 0.1123 | 3.4340 0.0225 | 3.4340 0.0336 | Time: 2.3560 | TEST: 5.5755 0.1214 | 3.4340 0.0246 | 3.4340 0.0389 | Time: 2.8012
Epoch: 0017 | TRAIN: 2.1722 0.3750 | 3.4340 0.0234 | 3.4340 0.0337 | Time: 27.4586 | VAL: 6.8512 0.1341 | 3.4340 0.0225 | 3.4340 0.0336 | Time: 2.3509 | TEST: 6.6369 0.1316 | 3.4340 0.0246 | 3.4340 0.0389 | Time: 2.8244
Epoch: 0018 | TRAIN: 2.0579 0.3984 | 3.4340 0.0216 | 3.4340 0.0409 | Time: 27.5706 | VAL: 7.8934 0.0906 | 3.4340 0.0225 | 3.4340 0.0336 | Time: 2.3934 | TEST: 8.0200 0.0786 | 3.4340 0.0246 | 3.4340 0.0389 | Time: 2.8916
Epoch: 0019 | TRAIN: 1.9764 0.4219 | 3.4340 0.0258 | 3.4340 0.0367 | Time: 27.6065 | VAL: 5.1748 0.1957 | 3.4340 0.0225 | 3.4340 0.0336 | Time: 2.4149 | TEST: 4.8703 0.2530 | 3.4340 0.0246 | 3.4340 0.0389 | Time: 2.9157
Epoch: 0020 | TRAIN: 1.8685 0.4573 | 3.4340 0.0228 | 3.4340 0.0361 | Time: 27.4976 | VAL: 4.4429 0.2011 | 3.4340 0.0225 | 3.4340 0.0336 | Time: 2.3211 | TEST: 4.0848 0.2581 | 3.4340 0.0246 | 3.4340 0.0389 | Time: 2.7574
Epoch: 0021 | TRAIN: 1.7790 0.4790 | 3.4340 0.0252 | 3.4340 0.0379 | Time: 27.5348 | VAL: 5.3370 0.1721 | 3.4340 0.0225 | 3.4340 0.0336 | Time: 2.4169 | TEST: 5.1249 0.2017 | 3.4340 0.0246 | 3.4340 0.0389 | Time: 2.8890
Epoch: 0022 | TRAIN: 1.7128 0.4964 | 3.4340 0.0240 | 3.4340 0.0361 | Time: 27.4153 | VAL: 5.6180 0.1594 | 3.4340 0.0225 | 3.4340 0.0336 | Time: 2.3402 | TEST: 5.1894 0.2000 | 3.4340 0.0246 | 3.4340 0.0389 | Time: 2.8126
Epoch: 0023 | TRAIN: 1.6453 0.5120 | 3.4340 0.0228 | 3.4340 0.0379 | Time: 27.5111 | VAL: 10.7663 0.0851 | 3.4340 0.0225 | 3.4340 0.0336 | Time: 2.3390 | TEST: 10.8290 0.1094 | 3.4340 0.0246 | 3.4340 0.0389 | Time: 2.8216
Epoch: 0024 | TRAIN: 1.4992 0.5577 | 3.4340 0.0228 | 3.4340 0.0337 | Time: 27.7890 | VAL: 5.5007 0.2228 | 3.4340 0.0225 | 3.4340 0.0336 | Time: 2.4271 | TEST: 5.1385 0.2359 | 3.4340 0.0246 | 3.4340 0.0389 | Time: 2.8904
Epoch: 0025 | TRAIN: 1.4628 0.5619 | 3.4340 0.0264 | 3.4340 0.0367 | Time: 27.5306 | VAL: 8.0929 0.1105 | 3.4340 0.0225 | 3.4340 0.0336 | Time: 2.3926 | TEST: 8.0552 0.1556 | 3.4340 0.0246 | 3.4340 0.0389 | Time: 2.8490
Epoch: 0026 | TRAIN: 1.3505 0.5944 | 3.4340 0.0234 | 3.4340 0.0373 | Time: 27.6041 | VAL: 6.5247 0.1486 | 3.4340 0.0225 | 3.4340 0.0336 | Time: 2.4221 | TEST: 6.3363 0.1726 | 3.4340 0.0246 | 3.4340 0.0389 | Time: 2.8999
Epoch: 0027 | TRAIN: 1.3233 0.6088 | 3.4340 0.0270 | 3.4340 0.0355 | Time: 27.6161 | VAL: 5.8853 0.1957 | 3.4340 0.0225 | 3.4340 0.0336 | Time: 2.4460 | TEST: 5.5837 0.2188 | 3.4340 0.0246 | 3.4340 0.0389 | Time: 2.9110
Epoch: 0028 | TRAIN: 1.2305 0.6352 | 3.4340 0.0252 | 3.4340 0.0349 | Time: 27.7927 | VAL: 10.4020 0.1159 | 3.4340 0.0225 | 3.4340 0.0336 | Time: 2.4271 | TEST: 9.9486 0.1487 | 3.4340 0.0246 | 3.4340 0.0389 | Time: 2.8755
Epoch: 0029 | TRAIN: 1.1550 0.6550 | 3.4340 0.0228 | 3.4340 0.0379 | Time: 27.9291 | VAL: 8.5157 0.1576 | 3.4340 0.0225 | 3.4340 0.0336 | Time: 2.4147 | TEST: 8.3102 0.1744 | 3.4340 0.0246 | 3.4340 0.0389 | Time: 2.8811
Epoch: 0030 | TRAIN: 1.0987 0.6713 | 3.4340 0.0258 | 3.4340 0.0361 | Time: 27.8632 | VAL: 8.4667 0.1703 | 3.4340 0.0225 | 3.4340 0.0336 | Time: 2.4246 | TEST: 7.9338 0.2325 | 3.4340 0.0246 | 3.4340 0.0389 | Time: 2.8841
Epoch: 0031 | TRAIN: 1.0217 0.6893 | 3.4340 0.0252 | 3.4340 0.0355 | Time: 27.7815 | VAL: 9.1047 0.1558 | 3.4340 0.0225 | 3.4340 0.0336 | Time: 2.4187 | TEST: 8.7733 0.1897 | 3.4340 0.0246 | 3.4340 0.0389 | Time: 2.8759
Epoch: 0032 | TRAIN: 0.8876 0.7091 | 3.4340 0.0246 | 3.4340 0.0373 | Time: 27.4665 | VAL: 8.0222 0.2174 | 3.4340 0.0225 | 3.4340 0.0336 | Time: 2.4332 | TEST: 7.7202 0.2496 | 3.4340 0.0246 | 3.4340 0.0389 | Time: 2.9140
Epoch: 0033 | TRAIN: 0.8197 0.7392 | 3.4340 0.0234 | 3.4340 0.0349 | Time: 27.6681 | VAL: 11.3348 0.1359 | 3.4340 0.0225 | 3.4340 0.0336 | Time: 2.3868 | TEST: 10.9762 0.1573 | 3.4340 0.0246 | 3.4340 0.0389 | Time: 2.8270
Epoch: 0034 | TRAIN: 0.7806 0.7584 | 3.4340 0.0228 | 3.4340 0.0367 | Time: 27.5638 | VAL: 6.9619 0.2283 | 3.4340 0.0225 | 3.4340 0.0336 | Time: 2.3801 | TEST: 6.8236 0.2547 | 3.4340 0.0246 | 3.4340 0.0389 | Time: 2.8370
Epoch: 0035 | TRAIN: 0.7596 0.7638 | 3.4340 0.0228 | 3.4340 0.0385 | Time: 27.5468 | VAL: 12.3385 0.0996 | 3.4340 0.0225 | 3.4340 0.0336 | Time: 2.4180 | TEST: 12.3417 0.1350 | 3.4340 0.0246 | 3.4340 0.0389 | Time: 2.8917
Epoch: 0036 | TRAIN: 0.7794 0.7518 | 3.4340 0.0240 | 3.4340 0.0385 | Time: 27.5934 | VAL: 6.9958 0.2065 | 3.4340 0.0225 | 3.4340 0.0336 | Time: 2.4367 | TEST: 6.7086 0.2479 | 3.4340 0.0246 | 3.4340 0.0389 | Time: 2.9092
Epoch: 0037 | TRAIN: 0.6951 0.7758 | 3.4340 0.0240 | 3.4340 0.0331 | Time: 27.8997 | VAL: 12.0921 0.1087 | 3.4340 0.0225 | 3.4340 0.0336 | Time: 2.3808 | TEST: 12.1891 0.1299 | 3.4340 0.0246 | 3.4340 0.0389 | Time: 2.8333
Epoch: 0038 | TRAIN: 0.5653 0.8293 | 3.4340 0.0216 | 3.4340 0.0355 | Time: 27.7273 | VAL: 6.9108 0.2609 | 3.4340 0.0225 | 3.4340 0.0336 | Time: 2.4498 | TEST: 6.5416 0.3077 | 3.4340 0.0246 | 3.4340 0.0389 | Time: 2.9122
Epoch: 0039 | TRAIN: 0.5304 0.8311 | 3.4340 0.0276 | 3.4340 0.0331 | Time: 27.6217 | VAL: 7.7991 0.2083 | 3.4340 0.0225 | 3.4340 0.0336 | Time: 2.3960 | TEST: 7.3987 0.2444 | 3.4340 0.0246 | 3.4340 0.0389 | Time: 2.8754
Epoch: 0040 | TRAIN: 0.4690 0.8528 | 3.4340 0.0246 | 3.4340 0.0367 | Time: 27.4092 | VAL: 5.0928 0.2917 | 3.4340 0.0225 | 3.4340 0.0336 | Time: 2.3938 | TEST: 4.6870 0.3504 | 3.4340 0.0246 | 3.4340 0.0389 | Time: 2.8891
Epoch: 0041 | TRAIN: 0.4603 0.8576 | 3.4340 0.0264 | 3.4340 0.0373 | Time: 27.4051 | VAL: 6.1206 0.2953 | 3.4340 0.0225 | 3.4340 0.0336 | Time: 2.4230 | TEST: 6.0920 0.3385 | 3.4340 0.0246 | 3.4340 0.0389 | Time: 2.8814
Epoch: 0042 | TRAIN: 0.4427 0.8474 | 3.4340 0.0264 | 3.4340 0.0379 | Time: 27.4103 | VAL: 10.8590 0.2138 | 3.4340 0.0225 | 3.4340 0.0336 | Time: 2.4203 | TEST: 10.4790 0.2239 | 3.4340 0.0246 | 3.4340 0.0389 | Time: 2.8690
Epoch: 0043 | TRAIN: 0.3778 0.8810 | 3.4340 0.0228 | 3.4340 0.0343 | Time: 27.3381 | VAL: 6.5685 0.2083 | 3.4340 0.0225 | 3.4340 0.0336 | Time: 2.3744 | TEST: 6.3936 0.2308 | 3.4340 0.0246 | 3.4340 0.0389 | Time: 2.8685
Epoch: 0044 | TRAIN: 0.3615 0.8762 | 3.4340 0.0246 | 3.4340 0.0391 | Time: 27.3683 | VAL: 8.5221 0.2880 | 3.4340 0.0225 | 3.4340 0.0336 | Time: 2.3692 | TEST: 8.2253 0.3026 | 3.4340 0.0246 | 3.4340 0.0389 | Time: 2.8278
Epoch: 0045 | TRAIN: 0.3274 0.8912 | 3.4340 0.0240 | 3.4340 0.0373 | Time: 27.3484 | VAL: 5.6699 0.3170 | 3.4340 0.0225 | 3.4340 0.0336 | Time: 2.3987 | TEST: 5.5565 0.3436 | 3.4340 0.0246 | 3.4340 0.0389 | Time: 2.8884
Epoch: 0046 | TRAIN: 0.3321 0.8930 | 3.4340 0.0222 | 3.4340 0.0385 | Time: 27.4172 | VAL: 6.6824 0.2754 | 3.4340 0.0225 | 3.4340 0.0336 | Time: 2.3760 | TEST: 6.2905 0.3128 | 3.4340 0.0246 | 3.4340 0.0389 | Time: 2.8828
Epoch: 0047 | TRAIN: 0.2818 0.9044 | 3.4340 0.0240 | 3.4340 0.0373 | Time: 27.3643 | VAL: 6.5237 0.3207 | 3.4340 0.0225 | 3.4340 0.0336 | Time: 2.4384 | TEST: 6.1092 0.3556 | 3.4340 0.0246 | 3.4340 0.0389 | Time: 2.9205
Epoch: 0048 | TRAIN: 0.2651 0.9111 | 3.4340 0.0216 | 3.4340 0.0361 | Time: 27.7341 | VAL: 8.5200 0.2627 | 3.4340 0.0225 | 3.4340 0.0336 | Time: 2.4173 | TEST: 8.7319 0.2838 | 3.4340 0.0246 | 3.4340 0.0389 | Time: 2.8689
Epoch: 0049 | TRAIN: 0.2264 0.9303 | 3.4340 0.0240 | 3.4340 0.0355 | Time: 27.4435 | VAL: 9.2723 0.2156 | 3.4340 0.0225 | 3.4340 0.0336 | Time: 2.4410 | TEST: 8.8240 0.2581 | 3.4340 0.0246 | 3.4340 0.0389 | Time: 2.9284
Epoch: 0050 | TRAIN: 0.1858 0.9459 | 3.4340 0.0246 | 3.4340 0.0373 | Time: 27.3946 | VAL: 6.6508 0.3370 | 3.4340 0.0225 | 3.4340 0.0336 | Time: 2.4212 | TEST: 6.1807 0.3504 | 3.4340 0.0246 | 3.4340 0.0389 | Time: 2.8980
Epoch: 0051 | TRAIN: 0.1858 0.9387 | 3.4340 0.0228 | 3.4340 0.0367 | Time: 27.5420 | VAL: 7.0111 0.3116 | 3.4340 0.0225 | 3.4340 0.0336 | Time: 2.3817 | TEST: 7.1654 0.2991 | 3.4340 0.0246 | 3.4340 0.0389 | Time: 2.8626
Epoch: 0052 | TRAIN: 0.1608 0.9471 | 3.4340 0.0264 | 3.4340 0.0367 | Time: 27.4883 | VAL: 10.3719 0.2808 | 3.4340 0.0225 | 3.4340 0.0336 | Time: 2.3882 | TEST: 10.1497 0.2632 | 3.4340 0.0246 | 3.4340 0.0389 | Time: 2.8678
Epoch: 0053 | TRAIN: 0.1885 0.9453 | 3.4340 0.0264 | 3.4340 0.0343 | Time: 27.5365 | VAL: 11.7427 0.1957 | 3.4340 0.0225 | 3.4340 0.0336 | Time: 2.4354 | TEST: 11.5559 0.2393 | 3.4340 0.0246 | 3.4340 0.0389 | Time: 2.9105
Epoch: 0054 | TRAIN: 0.1663 0.9525 | 3.4340 0.0246 | 3.4340 0.0385 | Time: 27.4903 | VAL: 9.9189 0.2047 | 3.4340 0.0225 | 3.4340 0.0336 | Time: 2.3908 | TEST: 9.6442 0.2171 | 3.4340 0.0246 | 3.4340 0.0389 | Time: 2.8641
Epoch: 0055 | TRAIN: 0.1973 0.9381 | 3.4340 0.0258 | 3.4340 0.0361 | Time: 27.4366 | VAL: 7.1323 0.3388 | 3.4340 0.0225 | 3.4340 0.0336 | Time: 2.3797 | TEST: 7.0777 0.3402 | 3.4340 0.0246 | 3.4340 0.0389 | Time: 2.8736
Epoch: 0056 | TRAIN: 0.1940 0.9393 | 3.4340 0.0222 | 3.4340 0.0391 | Time: 27.4070 | VAL: 8.0181 0.2880 | 3.4340 0.0225 | 3.4340 0.0336 | Time: 2.4340 | TEST: 8.2124 0.2598 | 3.4340 0.0246 | 3.4340 0.0389 | Time: 2.9022
Epoch: 0057 | TRAIN: 0.1628 0.9531 | 3.4340 0.0258 | 3.4340 0.0349 | Time: 27.4418 | VAL: 8.8357 0.2699 | 3.4340 0.0225 | 3.4340 0.0336 | Time: 2.3714 | TEST: 8.7921 0.2821 | 3.4340 0.0246 | 3.4340 0.0389 | Time: 2.8324
Epoch: 0058 | TRAIN: 0.2569 0.9243 | 3.4340 0.0222 | 3.4340 0.0355 | Time: 27.6515 | VAL: 7.5773 0.3116 | 3.4340 0.0225 | 3.4340 0.0336 | Time: 2.3972 | TEST: 7.7553 0.3333 | 3.4340 0.0246 | 3.4340 0.0389 | Time: 2.8492
Epoch: 0059 | TRAIN: 0.2267 0.9273 | 3.4340 0.0234 | 3.4340 0.0373 | Time: 27.4605 | VAL: 9.0088 0.2554 | 3.4340 0.0225 | 3.4340 0.0336 | Time: 2.3691 | TEST: 8.6463 0.2838 | 3.4340 0.0246 | 3.4340 0.0389 | Time: 2.8688
Epoch: 0060 | TRAIN: 0.1825 0.9375 | 3.4340 0.0222 | 3.4340 0.0367 | Time: 27.4043 | VAL: 10.4784 0.2464 | 3.4340 0.0225 | 3.4340 0.0336 | Time: 2.4014 | TEST: 10.1023 0.2786 | 3.4340 0.0246 | 3.4340 0.0389 | Time: 2.8706
Epoch: 0061 | TRAIN: 0.1726 0.9513 | 3.4340 0.0240 | 3.4340 0.0349 | Time: 27.4862 | VAL: 9.4869 0.2645 | 3.4340 0.0225 | 3.4340 0.0336 | Time: 2.4020 | TEST: 9.4471 0.2615 | 3.4340 0.0246 | 3.4340 0.0389 | Time: 2.8747
Epoch: 0062 | TRAIN: 0.1574 0.9513 | 3.4340 0.0240 | 3.4340 0.0385 | Time: 27.4895 | VAL: 8.1750 0.3315 | 3.4340 0.0225 | 3.4340 0.0336 | Time: 2.3860 | TEST: 8.1610 0.3368 | 3.4340 0.0246 | 3.4340 0.0389 | Time: 2.8521
Epoch: 0063 | TRAIN: 0.1162 0.9633 | 3.4340 0.0240 | 3.4340 0.0361 | Time: 27.5043 | VAL: 8.4517 0.2736 | 3.4340 0.0225 | 3.4340 0.0336 | Time: 2.4073 | TEST: 8.6592 0.2786 | 3.4340 0.0246 | 3.4340 0.0389 | Time: 2.8675
Epoch: 0064 | TRAIN: 0.0783 0.9730 | 3.4340 0.0240 | 3.4340 0.0367 | Time: 27.4192 | VAL: 7.4451 0.3261 | 3.4340 0.0225 | 3.4340 0.0336 | Time: 2.3573 | TEST: 7.1425 0.3709 | 3.4340 0.0246 | 3.4340 0.0389 | Time: 2.8414
Epoch: 0065 | TRAIN: 0.0979 0.9675 | 3.4340 0.0246 | 3.4340 0.0373 | Time: 27.4805 | VAL: 9.4619 0.2717 | 3.4340 0.0225 | 3.4340 0.0336 | Time: 2.4383 | TEST: 9.5481 0.2838 | 3.4340 0.0246 | 3.4340 0.0389 | Time: 2.9261
Epoch: 0066 | TRAIN: 0.0823 0.9724 | 3.4340 0.0252 | 3.4340 0.0391 | Time: 27.6094 | VAL: 8.1022 0.3351 | 3.4340 0.0225 | 3.4340 0.0336 | Time: 2.3918 | TEST: 8.1114 0.3316 | 3.4340 0.0246 | 3.4340 0.0389 | Time: 2.9052
Epoch: 0067 | TRAIN: 0.0805 0.9820 | 3.4340 0.0252 | 3.4340 0.0355 | Time: 27.7212 | VAL: 8.3000 0.3207 | 3.4340 0.0225 | 3.4340 0.0336 | Time: 2.4269 | TEST: 8.0115 0.3368 | 3.4340 0.0246 | 3.4340 0.0389 | Time: 2.8960
Epoch: 0068 | TRAIN: 0.0799 0.9718 | 3.4340 0.0246 | 3.4340 0.0385 | Time: 27.5393 | VAL: 8.1009 0.3152 | 3.4340 0.0225 | 3.4340 0.0336 | Time: 2.3521 | TEST: 7.7831 0.3350 | 3.4340 0.0246 | 3.4340 0.0389 | Time: 2.8214
Epoch: 0069 | TRAIN: 0.0851 0.9718 | 3.4340 0.0240 | 3.4340 0.0355 | Time: 27.4473 | VAL: 8.4717 0.3243 | 3.4340 0.0225 | 3.4340 0.0336 | Time: 2.3681 | TEST: 8.1959 0.3299 | 3.4340 0.0246 | 3.4340 0.0389 | Time: 2.8149
Epoch: 0070 | TRAIN: 0.0672 0.9790 | 3.4340 0.0246 | 3.4340 0.0349 | Time: 27.5344 | VAL: 9.3415 0.2935 | 3.4340 0.0225 | 3.4340 0.0336 | Time: 2.4025 | TEST: 8.8021 0.3077 | 3.4340 0.0246 | 3.4340 0.0389 | Time: 2.8407
Epoch: 0071 | TRAIN: 0.0669 0.9742 | 3.4340 0.0264 | 3.4340 0.0385 | Time: 27.5342 | VAL: 8.1511 0.3315 | 3.4340 0.0225 | 3.4340 0.0336 | Time: 2.3578 | TEST: 8.2463 0.3248 | 3.4340 0.0246 | 3.4340 0.0389 | Time: 2.8592
Epoch: 0072 | TRAIN: 0.0840 0.9766 | 3.4340 0.0276 | 3.4340 0.0373 | Time: 27.5320 | VAL: 16.0668 0.1667 | 3.4340 0.0225 | 3.4340 0.0336 | Time: 2.3494 | TEST: 15.7948 0.1795 | 3.4340 0.0246 | 3.4340 0.0389 | Time: 2.8792
Epoch: 0073 | TRAIN: 0.1153 0.9603 | 3.4340 0.0192 | 3.4340 0.0343 | Time: 27.6383 | VAL: 8.0828 0.3225 | 3.4340 0.0225 | 3.4340 0.0336 | Time: 2.4408 | TEST: 8.0120 0.3197 | 3.4340 0.0246 | 3.4340 0.0389 | Time: 2.8591
Epoch: 0074 | TRAIN: 0.1351 0.9615 | 3.4340 0.0240 | 3.4340 0.0361 | Time: 27.3419 | VAL: 18.4224 0.1866 | 3.4340 0.0225 | 3.4340 0.0336 | Time: 2.3768 | TEST: 18.4982 0.1761 | 3.4340 0.0246 | 3.4340 0.0389 | Time: 2.8378
Epoch: 0075 | TRAIN: 0.1360 0.9621 | 3.4340 0.0234 | 3.4340 0.0367 | Time: 27.6907 | VAL: 9.1661 0.3025 | 3.4340 0.0225 | 3.4340 0.0336 | Time: 2.3732 | TEST: 8.4962 0.3026 | 3.4340 0.0246 | 3.4340 0.0389 | Time: 2.8448
Epoch: 0076 | TRAIN: 0.1359 0.9639 | 3.4340 0.0246 | 3.4340 0.0361 | Time: 27.5462 | VAL: 8.0759 0.3424 | 3.4340 0.0225 | 3.4340 0.0336 | Time: 2.3619 | TEST: 8.3601 0.3470 | 3.4340 0.0246 | 3.4340 0.0389 | Time: 2.8516
Epoch: 0077 | TRAIN: 0.1020 0.9651 | 3.4340 0.0234 | 3.4340 0.0367 | Time: 27.5872 | VAL: 13.0079 0.2210 | 3.4340 0.0225 | 3.4340 0.0336 | Time: 2.4189 | TEST: 13.1828 0.2068 | 3.4340 0.0246 | 3.4340 0.0389 | Time: 2.8764
Epoch: 0078 | TRAIN: 0.0745 0.9760 | 3.4340 0.0252 | 3.4340 0.0367 | Time: 27.8539 | VAL: 9.7476 0.2971 | 3.4340 0.0225 | 3.4340 0.0336 | Time: 2.3912 | TEST: 9.6698 0.3231 | 3.4340 0.0246 | 3.4340 0.0389 | Time: 2.8499
Epoch: 0079 | TRAIN: 0.0983 0.9730 | 3.4340 0.0258 | 3.4340 0.0355 | Time: 27.4204 | VAL: 8.5878 0.3225 | 3.4340 0.0225 | 3.4340 0.0336 | Time: 2.4218 | TEST: 8.6831 0.3214 | 3.4340 0.0246 | 3.4340 0.0389 | Time: 2.8790
Epoch: 0080 | TRAIN: 0.0723 0.9808 | 3.4340 0.0252 | 3.4340 0.0355 | Time: 27.3415 | VAL: 9.2639 0.3080 | 3.4340 0.0225 | 3.4340 0.0336 | Time: 2.3840 | TEST: 8.7971 0.3333 | 3.4340 0.0246 | 3.4340 0.0389 | Time: 2.8747
Epoch: 0081 | TRAIN: 0.0945 0.9706 | 3.4340 0.0258 | 3.4340 0.0373 | Time: 27.4194 | VAL: 8.5119 0.3116 | 3.4340 0.0225 | 3.4340 0.0336 | Time: 2.3950 | TEST: 8.8942 0.3094 | 3.4340 0.0246 | 3.4340 0.0389 | Time: 2.8643
Epoch: 0082 | TRAIN: 0.0753 0.9772 | 3.4340 0.0240 | 3.4340 0.0391 | Time: 27.5689 | VAL: 11.2999 0.2790 | 3.4340 0.0225 | 3.4340 0.0336 | Time: 2.4028 | TEST: 11.3243 0.3043 | 3.4340 0.0246 | 3.4340 0.0389 | Time: 2.8767
Epoch: 0083 | TRAIN: 0.1111 0.9669 | 3.4340 0.0240 | 3.4340 0.0367 | Time: 27.6909 | VAL: 7.7243 0.3478 | 3.4340 0.0225 | 3.4340 0.0336 | Time: 2.4107 | TEST: 7.2896 0.3897 | 3.4340 0.0246 | 3.4340 0.0389 | Time: 2.8827
Epoch: 0084 | TRAIN: 0.0747 0.9784 | 3.4340 0.0246 | 3.4340 0.0373 | Time: 27.4813 | VAL: 13.4410 0.2536 | 3.4340 0.0225 | 3.4340 0.0336 | Time: 2.3379 | TEST: 13.2901 0.2752 | 3.4340 0.0246 | 3.4340 0.0389 | Time: 2.8550
Epoch: 0085 | TRAIN: 0.0947 0.9663 | 3.4340 0.0246 | 3.4340 0.0367 | Time: 27.5485 | VAL: 8.4615 0.3297 | 3.4340 0.0225 | 3.4340 0.0336 | Time: 2.4002 | TEST: 8.4020 0.3162 | 3.4340 0.0246 | 3.4340 0.0389 | Time: 2.8556
Epoch: 0086 | TRAIN: 0.0546 0.9832 | 3.4340 0.0240 | 3.4340 0.0337 | Time: 27.6119 | VAL: 11.0590 0.2754 | 3.4340 0.0225 | 3.4340 0.0336 | Time: 2.4398 | TEST: 10.9193 0.3026 | 3.4340 0.0246 | 3.4340 0.0389 | Time: 2.9160
Epoch: 0087 | TRAIN: 0.0530 0.9874 | 3.4340 0.0246 | 3.4340 0.0373 | Time: 27.5105 | VAL: 9.0813 0.3188 | 3.4340 0.0225 | 3.4340 0.0336 | Time: 2.4565 | TEST: 9.4324 0.3265 | 3.4340 0.0246 | 3.4340 0.0389 | Time: 2.9138
Epoch: 0088 | TRAIN: 0.0633 0.9814 | 3.4340 0.0246 | 3.4340 0.0349 | Time: 27.4904 | VAL: 13.4318 0.2663 | 3.4340 0.0225 | 3.4340 0.0336 | Time: 2.4400 | TEST: 13.3935 0.2838 | 3.4340 0.0246 | 3.4340 0.0389 | Time: 2.9105
Epoch: 0089 | TRAIN: 0.0421 0.9838 | 3.4340 0.0264 | 3.4340 0.0373 | Time: 27.3831 | VAL: 11.6322 0.2681 | 3.4340 0.0225 | 3.4340 0.0336 | Time: 2.4076 | TEST: 11.6508 0.2974 | 3.4340 0.0246 | 3.4340 0.0389 | Time: 2.8565
Epoch: 0090 | TRAIN: 0.0316 0.9886 | 3.4340 0.0234 | 3.4340 0.0367 | Time: 27.5289 | VAL: 8.1231 0.3333 | 3.4340 0.0225 | 3.4340 0.0336 | Time: 2.4152 | TEST: 8.2518 0.3538 | 3.4340 0.0246 | 3.4340 0.0389 | Time: 2.8403
Epoch: 0091 | TRAIN: 0.0202 0.9946 | 3.4340 0.0264 | 3.4340 0.0367 | Time: 27.4044 | VAL: 10.3506 0.2917 | 3.4340 0.0225 | 3.4340 0.0336 | Time: 2.3987 | TEST: 10.4389 0.3026 | 3.4340 0.0246 | 3.4340 0.0389 | Time: 2.8481
Epoch: 0092 | TRAIN: 0.0358 0.9880 | 3.4340 0.0228 | 3.4340 0.0361 | Time: 27.6265 | VAL: 14.6600 0.2210 | 3.4340 0.0225 | 3.4340 0.0336 | Time: 2.4053 | TEST: 14.5514 0.2462 | 3.4340 0.0246 | 3.4340 0.0389 | Time: 2.8664
Epoch: 0093 | TRAIN: 0.0392 0.9868 | 3.4340 0.0252 | 3.4340 0.0367 | Time: 27.4663 | VAL: 13.5537 0.2645 | 3.4340 0.0225 | 3.4340 0.0336 | Time: 2.4262 | TEST: 13.2266 0.2735 | 3.4340 0.0246 | 3.4340 0.0389 | Time: 2.8961
Epoch: 0094 | TRAIN: 0.0581 0.9808 | 3.4340 0.0246 | 3.4340 0.0385 | Time: 27.5240 | VAL: 9.9949 0.2862 | 3.4340 0.0225 | 3.4340 0.0336 | Time: 2.3596 | TEST: 9.6624 0.3026 | 3.4340 0.0246 | 3.4340 0.0389 | Time: 2.8378
Epoch: 0095 | TRAIN: 0.0817 0.9814 | 3.4340 0.0252 | 3.4340 0.0373 | Time: 27.5747 | VAL: 8.4201 0.3043 | 3.4340 0.0225 | 3.4340 0.0336 | Time: 2.3555 | TEST: 8.4569 0.3368 | 3.4340 0.0246 | 3.4340 0.0389 | Time: 2.8706
Epoch: 0096 | TRAIN: 0.1018 0.9742 | 3.4340 0.0246 | 3.4340 0.0331 | Time: 27.4582 | VAL: 9.9086 0.2862 | 3.4340 0.0225 | 3.4340 0.0336 | Time: 2.4001 | TEST: 9.7959 0.3179 | 3.4340 0.0246 | 3.4340 0.0389 | Time: 2.8693
Epoch: 0097 | TRAIN: 0.0879 0.9724 | 3.4340 0.0234 | 3.4340 0.0373 | Time: 27.4506 | VAL: 9.6951 0.3098 | 3.4340 0.0225 | 3.4340 0.0336 | Time: 2.3976 | TEST: 9.9992 0.3385 | 3.4340 0.0246 | 3.4340 0.0389 | Time: 2.8773
Epoch: 0098 | TRAIN: 0.0880 0.9700 | 3.4340 0.0240 | 3.4340 0.0379 | Time: 27.4142 | VAL: 7.1086 0.3768 | 3.4340 0.0225 | 3.4340 0.0336 | Time: 2.4085 | TEST: 7.3408 0.3607 | 3.4340 0.0246 | 3.4340 0.0389 | Time: 2.8665
Epoch: 0099 | TRAIN: 0.0986 0.9688 | 3.4340 0.0264 | 3.4340 0.0361 | Time: 27.5945 | VAL: 8.0161 0.3877 | 3.4340 0.0225 | 3.4340 0.0336 | Time: 2.4287 | TEST: 8.2006 0.3590 | 3.4340 0.0246 | 3.4340 0.0389 | Time: 2.9147
========================================
Best Result: Epoch 99, result {'amazon': [0.358974358974359], 'dslr': [0.02459016393442623], 'webcam': [0.03888888888888889]}
========================================
