========================================
General Configuration:
	Wighting: ITL
	Architecture: HPS
	Rep_Grad: False
	Multi_Input: True
	Seed: 0
	Device: cuda:0
ITL Configuration:
	weighting: ITL
	task_idx: 0
Optimizer Configuration:
	optim: adam
	lr: 0.0001
	weight_decay: 1e-07
========================================
Total Params: 11487901
Trainable Params: 11487901
Non-trainable Params: 0
========================================
LOG FORMAT | amazon_LOSS Acc | dslr_LOSS Acc | webcam_LOSS Acc | TIME
Epoch: 0000 | TRAIN: 2.3321 0.4543 | 3.6190 0.0349 | 3.5773 0.0397 | Time: 28.2283 | VAL: 1.3452 0.7283 | 3.5966 0.0562 | 3.5064 0.0403 | Time: 2.3502 | TEST: 1.3397 0.7419 | 3.5523 0.0656 | 3.4889 0.0389 | Time: 2.8373
Epoch: 0001 | TRAIN: 1.0643 0.8071 | 3.6266 0.0355 | 3.5494 0.0469 | Time: 27.7722 | VAL: 0.8965 0.8134 | 3.5622 0.0225 | 3.4742 0.0268 | Time: 2.3879 | TEST: 0.9107 0.8085 | 3.5306 0.0574 | 3.4787 0.0278 | Time: 2.8517
Epoch: 0002 | TRAIN: 0.6294 0.9105 | 3.6107 0.0312 | 3.5888 0.0409 | Time: 27.6235 | VAL: 0.7410 0.8442 | 3.5298 0.0337 | 3.4795 0.0336 | Time: 2.3837 | TEST: 0.7605 0.8325 | 3.5082 0.0574 | 3.4703 0.0500 | Time: 2.8591
Epoch: 0003 | TRAIN: 0.3738 0.9712 | 3.5724 0.0421 | 3.5540 0.0475 | Time: 27.7000 | VAL: 0.6663 0.8496 | 3.5248 0.0562 | 3.4923 0.0537 | Time: 2.3640 | TEST: 0.6923 0.8376 | 3.5013 0.0656 | 3.4892 0.0556 | Time: 2.8255
Epoch: 0004 | TRAIN: 0.2280 0.9904 | 3.5798 0.0421 | 3.5651 0.0415 | Time: 27.5346 | VAL: 0.6179 0.8587 | 3.5162 0.0225 | 3.5023 0.0537 | Time: 2.4101 | TEST: 0.6316 0.8547 | 3.5071 0.0738 | 3.4995 0.0389 | Time: 2.8865
Epoch: 0005 | TRAIN: 0.1363 0.9988 | 3.5583 0.0331 | 3.5779 0.0457 | Time: 27.4109 | VAL: 0.6165 0.8533 | 3.5085 0.0449 | 3.5007 0.0537 | Time: 2.3978 | TEST: 0.6245 0.8513 | 3.4900 0.0656 | 3.4967 0.0556 | Time: 2.8565
Epoch: 0006 | TRAIN: 0.0953 1.0000 | 3.5381 0.0355 | 3.5443 0.0583 | Time: 27.3513 | VAL: 0.5829 0.8623 | 3.5132 0.0449 | 3.4822 0.0604 | Time: 2.3547 | TEST: 0.6033 0.8479 | 3.4939 0.0656 | 3.4820 0.0667 | Time: 2.8091
Epoch: 0007 | TRAIN: 0.0731 1.0000 | 3.5512 0.0282 | 3.5625 0.0409 | Time: 27.5256 | VAL: 0.5757 0.8605 | 3.5097 0.0337 | 3.4849 0.0604 | Time: 2.3476 | TEST: 0.5870 0.8513 | 3.4873 0.0410 | 3.4876 0.0611 | Time: 2.8175
Epoch: 0008 | TRAIN: 0.0535 1.0000 | 3.5472 0.0355 | 3.5379 0.0511 | Time: 27.5051 | VAL: 0.5766 0.8623 | 3.4993 0.0449 | 3.4789 0.0604 | Time: 2.4000 | TEST: 0.5853 0.8547 | 3.4824 0.0574 | 3.4786 0.0556 | Time: 2.8754
Epoch: 0009 | TRAIN: 0.0470 1.0000 | 3.5351 0.0288 | 3.5468 0.0469 | Time: 27.4501 | VAL: 0.5599 0.8605 | 3.5013 0.0449 | 3.4776 0.0604 | Time: 2.4009 | TEST: 0.5739 0.8530 | 3.4863 0.0246 | 3.4758 0.0500 | Time: 2.8613
Epoch: 0010 | TRAIN: 0.0412 1.0000 | 3.5295 0.0391 | 3.5374 0.0445 | Time: 27.2137 | VAL: 0.5618 0.8587 | 3.4988 0.0449 | 3.4788 0.0604 | Time: 2.4399 | TEST: 0.5710 0.8564 | 3.4844 0.0246 | 3.4808 0.0556 | Time: 2.8835
Epoch: 0011 | TRAIN: 0.0356 1.0000 | 3.5273 0.0409 | 3.5561 0.0457 | Time: 27.4760 | VAL: 0.5526 0.8641 | 3.4944 0.0449 | 3.4703 0.0671 | Time: 2.3719 | TEST: 0.5627 0.8615 | 3.4744 0.0164 | 3.4687 0.0556 | Time: 2.8076
Epoch: 0012 | TRAIN: 0.0297 1.0000 | 3.5228 0.0361 | 3.5338 0.0367 | Time: 27.5307 | VAL: 0.5542 0.8641 | 3.4938 0.0449 | 3.4759 0.0671 | Time: 2.3673 | TEST: 0.5632 0.8564 | 3.4802 0.0164 | 3.4758 0.0556 | Time: 2.8575
Epoch: 0013 | TRAIN: 0.0286 1.0000 | 3.5185 0.0312 | 3.5207 0.0397 | Time: 27.5043 | VAL: 0.5568 0.8551 | 3.4883 0.0449 | 3.4676 0.0671 | Time: 2.3228 | TEST: 0.5558 0.8632 | 3.4792 0.0164 | 3.4704 0.0500 | Time: 2.8001
Epoch: 0014 | TRAIN: 0.0245 1.0000 | 3.5233 0.0337 | 3.5151 0.0427 | Time: 27.6585 | VAL: 0.5490 0.8587 | 3.4860 0.0449 | 3.4659 0.0671 | Time: 2.4176 | TEST: 0.5562 0.8547 | 3.4764 0.0164 | 3.4671 0.0611 | Time: 2.8667
Epoch: 0015 | TRAIN: 0.0238 1.0000 | 3.5052 0.0349 | 3.5288 0.0457 | Time: 27.4715 | VAL: 0.5507 0.8605 | 3.4861 0.0449 | 3.4667 0.0671 | Time: 2.3867 | TEST: 0.5588 0.8615 | 3.4760 0.0164 | 3.4676 0.0500 | Time: 2.8858
Epoch: 0016 | TRAIN: 0.0218 1.0000 | 3.5161 0.0367 | 3.5224 0.0409 | Time: 27.3555 | VAL: 0.5538 0.8569 | 3.4808 0.0562 | 3.4647 0.0671 | Time: 2.3808 | TEST: 0.5589 0.8564 | 3.4712 0.0164 | 3.4622 0.0500 | Time: 2.8222
Epoch: 0017 | TRAIN: 0.0199 1.0000 | 3.5180 0.0300 | 3.5214 0.0391 | Time: 27.7407 | VAL: 0.5477 0.8659 | 3.4802 0.0449 | 3.4657 0.0604 | Time: 2.3653 | TEST: 0.5571 0.8615 | 3.4708 0.0164 | 3.4648 0.0444 | Time: 2.8124
Epoch: 0018 | TRAIN: 0.0182 1.0000 | 3.5003 0.0391 | 3.5030 0.0457 | Time: 27.6969 | VAL: 0.5449 0.8641 | 3.4772 0.0449 | 3.4621 0.0604 | Time: 2.4226 | TEST: 0.5538 0.8615 | 3.4690 0.0164 | 3.4584 0.0444 | Time: 2.9330
Epoch: 0019 | TRAIN: 0.0163 1.0000 | 3.5071 0.0264 | 3.5136 0.0294 | Time: 27.7012 | VAL: 0.5474 0.8641 | 3.4711 0.0449 | 3.4606 0.0604 | Time: 2.3943 | TEST: 0.5543 0.8632 | 3.4678 0.0246 | 3.4599 0.0389 | Time: 2.8466
Epoch: 0020 | TRAIN: 0.0158 1.0000 | 3.4921 0.0439 | 3.5143 0.0397 | Time: 27.5981 | VAL: 0.5537 0.8623 | 3.4770 0.0449 | 3.4598 0.0671 | Time: 2.3833 | TEST: 0.5546 0.8632 | 3.4714 0.0246 | 3.4613 0.0389 | Time: 2.8242
Epoch: 0021 | TRAIN: 0.0143 1.0000 | 3.4910 0.0403 | 3.5068 0.0421 | Time: 27.8088 | VAL: 0.5375 0.8696 | 3.4688 0.0449 | 3.4596 0.0671 | Time: 2.3457 | TEST: 0.5558 0.8632 | 3.4624 0.0246 | 3.4578 0.0333 | Time: 2.8241
Epoch: 0022 | TRAIN: 0.0136 1.0000 | 3.4851 0.0349 | 3.5022 0.0427 | Time: 27.6549 | VAL: 0.5395 0.8641 | 3.4643 0.0449 | 3.4585 0.0537 | Time: 2.3913 | TEST: 0.5559 0.8598 | 3.4605 0.0246 | 3.4564 0.0333 | Time: 2.8954
Epoch: 0023 | TRAIN: 0.0124 1.0000 | 3.4965 0.0288 | 3.4930 0.0343 | Time: 27.4383 | VAL: 0.5386 0.8623 | 3.4657 0.0225 | 3.4572 0.0537 | Time: 2.3511 | TEST: 0.5581 0.8581 | 3.4600 0.0246 | 3.4560 0.0333 | Time: 2.8425
Epoch: 0024 | TRAIN: 0.0115 1.0000 | 3.5002 0.0349 | 3.4943 0.0349 | Time: 27.7051 | VAL: 0.5424 0.8605 | 3.4625 0.0337 | 3.4578 0.0537 | Time: 2.3663 | TEST: 0.5551 0.8547 | 3.4580 0.0246 | 3.4560 0.0389 | Time: 2.8933
Epoch: 0025 | TRAIN: 0.0112 1.0000 | 3.4872 0.0319 | 3.4949 0.0391 | Time: 27.7094 | VAL: 0.5436 0.8641 | 3.4617 0.0337 | 3.4573 0.0470 | Time: 2.3771 | TEST: 0.5536 0.8564 | 3.4563 0.0246 | 3.4540 0.0444 | Time: 2.8430
Epoch: 0026 | TRAIN: 0.0107 1.0000 | 3.4902 0.0349 | 3.4947 0.0312 | Time: 27.6989 | VAL: 0.5468 0.8641 | 3.4630 0.0337 | 3.4540 0.0537 | Time: 2.4129 | TEST: 0.5552 0.8615 | 3.4560 0.0246 | 3.4488 0.0389 | Time: 2.9004
Epoch: 0027 | TRAIN: 0.0107 1.0000 | 3.4770 0.0331 | 3.4819 0.0403 | Time: 27.7518 | VAL: 0.5469 0.8659 | 3.4603 0.0449 | 3.4536 0.0537 | Time: 2.4259 | TEST: 0.5527 0.8615 | 3.4537 0.0246 | 3.4517 0.0389 | Time: 2.9011
Epoch: 0028 | TRAIN: 0.0095 1.0000 | 3.4727 0.0331 | 3.4901 0.0391 | Time: 27.8718 | VAL: 0.5448 0.8623 | 3.4586 0.0337 | 3.4501 0.0537 | Time: 2.3965 | TEST: 0.5506 0.8632 | 3.4547 0.0164 | 3.4484 0.0444 | Time: 2.8337
Epoch: 0029 | TRAIN: 0.0096 1.0000 | 3.4744 0.0288 | 3.4817 0.0367 | Time: 27.8401 | VAL: 0.5487 0.8623 | 3.4578 0.0337 | 3.4477 0.0470 | Time: 2.4036 | TEST: 0.5582 0.8564 | 3.4558 0.0246 | 3.4460 0.0389 | Time: 2.8820
Epoch: 0030 | TRAIN: 0.0086 1.0000 | 3.4885 0.0349 | 3.4815 0.0312 | Time: 27.4253 | VAL: 0.5547 0.8659 | 3.4568 0.0337 | 3.4478 0.0470 | Time: 2.3757 | TEST: 0.5576 0.8615 | 3.4562 0.0246 | 3.4458 0.0444 | Time: 2.8298
Epoch: 0031 | TRAIN: 0.0088 1.0000 | 3.4763 0.0276 | 3.4789 0.0481 | Time: 27.4926 | VAL: 0.5501 0.8641 | 3.4587 0.0337 | 3.4463 0.0470 | Time: 2.4178 | TEST: 0.5494 0.8615 | 3.4543 0.0246 | 3.4455 0.0389 | Time: 2.8630
Epoch: 0032 | TRAIN: 0.0085 1.0000 | 3.4733 0.0282 | 3.4661 0.0433 | Time: 27.4874 | VAL: 0.5551 0.8605 | 3.4552 0.0337 | 3.4462 0.0604 | Time: 2.3736 | TEST: 0.5600 0.8581 | 3.4534 0.0246 | 3.4451 0.0389 | Time: 2.9002
Epoch: 0033 | TRAIN: 0.0079 1.0000 | 3.4683 0.0306 | 3.4647 0.0463 | Time: 27.5294 | VAL: 0.5524 0.8623 | 3.4586 0.0337 | 3.4480 0.0403 | Time: 2.3289 | TEST: 0.5526 0.8632 | 3.4555 0.0246 | 3.4464 0.0389 | Time: 2.8266
Epoch: 0034 | TRAIN: 0.0078 1.0000 | 3.4785 0.0385 | 3.4728 0.0385 | Time: 27.6122 | VAL: 0.5496 0.8659 | 3.4558 0.0337 | 3.4449 0.0537 | Time: 2.3654 | TEST: 0.5657 0.8581 | 3.4531 0.0246 | 3.4452 0.0333 | Time: 2.8703
Epoch: 0035 | TRAIN: 0.0070 1.0000 | 3.4716 0.0349 | 3.4667 0.0373 | Time: 27.6380 | VAL: 0.5513 0.8641 | 3.4547 0.0337 | 3.4449 0.0403 | Time: 2.4179 | TEST: 0.5561 0.8615 | 3.4521 0.0246 | 3.4452 0.0333 | Time: 2.8986
Epoch: 0036 | TRAIN: 0.0067 1.0000 | 3.4652 0.0361 | 3.4675 0.0445 | Time: 27.5029 | VAL: 0.5399 0.8678 | 3.4575 0.0337 | 3.4448 0.0470 | Time: 2.3974 | TEST: 0.5484 0.8632 | 3.4519 0.0246 | 3.4453 0.0389 | Time: 2.8551
Epoch: 0037 | TRAIN: 0.0064 1.0000 | 3.4693 0.0367 | 3.4694 0.0403 | Time: 27.4997 | VAL: 0.5468 0.8732 | 3.4543 0.0337 | 3.4426 0.0336 | Time: 2.3647 | TEST: 0.5523 0.8650 | 3.4512 0.0246 | 3.4424 0.0389 | Time: 2.8314
Epoch: 0038 | TRAIN: 0.0063 1.0000 | 3.4589 0.0397 | 3.4654 0.0463 | Time: 27.6690 | VAL: 0.5455 0.8696 | 3.4531 0.0337 | 3.4414 0.0470 | Time: 2.3753 | TEST: 0.5549 0.8667 | 3.4492 0.0246 | 3.4422 0.0389 | Time: 2.7887
Epoch: 0039 | TRAIN: 0.0066 1.0000 | 3.4652 0.0379 | 3.4612 0.0361 | Time: 27.5913 | VAL: 0.5536 0.8641 | 3.4513 0.0337 | 3.4433 0.0470 | Time: 2.3973 | TEST: 0.5542 0.8650 | 3.4481 0.0246 | 3.4440 0.0333 | Time: 2.8438
Epoch: 0040 | TRAIN: 0.0061 1.0000 | 3.4684 0.0270 | 3.4562 0.0427 | Time: 27.6472 | VAL: 0.5434 0.8678 | 3.4544 0.0337 | 3.4410 0.0403 | Time: 2.3939 | TEST: 0.5555 0.8632 | 3.4521 0.0246 | 3.4421 0.0333 | Time: 2.8331
Epoch: 0041 | TRAIN: 0.0056 1.0000 | 3.4628 0.0319 | 3.4614 0.0337 | Time: 27.6499 | VAL: 0.5518 0.8696 | 3.4490 0.0337 | 3.4412 0.0470 | Time: 2.3931 | TEST: 0.5578 0.8650 | 3.4479 0.0246 | 3.4418 0.0389 | Time: 2.8973
Epoch: 0042 | TRAIN: 0.0051 1.0000 | 3.4564 0.0288 | 3.4568 0.0439 | Time: 27.5656 | VAL: 0.5474 0.8623 | 3.4484 0.0337 | 3.4416 0.0537 | Time: 2.3790 | TEST: 0.5569 0.8650 | 3.4454 0.0246 | 3.4423 0.0333 | Time: 2.8388
Epoch: 0043 | TRAIN: 0.0051 1.0000 | 3.4669 0.0270 | 3.4589 0.0385 | Time: 27.5665 | VAL: 0.5529 0.8678 | 3.4501 0.0337 | 3.4397 0.0537 | Time: 2.3708 | TEST: 0.5549 0.8632 | 3.4486 0.0246 | 3.4415 0.0333 | Time: 2.8175
Epoch: 0044 | TRAIN: 0.0051 1.0000 | 3.4617 0.0337 | 3.4559 0.0433 | Time: 27.6041 | VAL: 0.5464 0.8696 | 3.4475 0.0337 | 3.4411 0.0537 | Time: 2.3611 | TEST: 0.5475 0.8667 | 3.4451 0.0246 | 3.4424 0.0333 | Time: 2.8438
Epoch: 0045 | TRAIN: 0.0048 1.0000 | 3.4501 0.0337 | 3.4592 0.0379 | Time: 27.6751 | VAL: 0.5456 0.8659 | 3.4484 0.0337 | 3.4407 0.0537 | Time: 2.3580 | TEST: 0.5467 0.8684 | 3.4459 0.0246 | 3.4407 0.0333 | Time: 2.7897
Epoch: 0046 | TRAIN: 0.0045 1.0000 | 3.4569 0.0325 | 3.4569 0.0349 | Time: 27.6485 | VAL: 0.5418 0.8696 | 3.4484 0.0337 | 3.4385 0.0537 | Time: 2.3434 | TEST: 0.5545 0.8632 | 3.4461 0.0246 | 3.4390 0.0333 | Time: 2.7955
Epoch: 0047 | TRAIN: 0.0043 1.0000 | 3.4595 0.0264 | 3.4480 0.0343 | Time: 27.5852 | VAL: 0.5464 0.8696 | 3.4462 0.0337 | 3.4374 0.0537 | Time: 2.3511 | TEST: 0.5544 0.8650 | 3.4442 0.0246 | 3.4384 0.0333 | Time: 2.7924
Epoch: 0048 | TRAIN: 0.0045 1.0000 | 3.4543 0.0319 | 3.4533 0.0385 | Time: 27.6576 | VAL: 0.5388 0.8696 | 3.4463 0.0337 | 3.4412 0.0470 | Time: 2.3396 | TEST: 0.5515 0.8650 | 3.4446 0.0246 | 3.4418 0.0333 | Time: 2.8004
Epoch: 0049 | TRAIN: 0.0043 1.0000 | 3.4614 0.0331 | 3.4390 0.0367 | Time: 27.6615 | VAL: 0.5454 0.8641 | 3.4453 0.0337 | 3.4387 0.0537 | Time: 2.4034 | TEST: 0.5563 0.8650 | 3.4445 0.0246 | 3.4392 0.0333 | Time: 2.8746
Epoch: 0050 | TRAIN: 0.0041 1.0000 | 3.4586 0.0282 | 3.4523 0.0361 | Time: 27.4669 | VAL: 0.5432 0.8696 | 3.4435 0.0337 | 3.4369 0.0604 | Time: 2.3879 | TEST: 0.5547 0.8667 | 3.4421 0.0246 | 3.4372 0.0333 | Time: 2.8041
Epoch: 0051 | TRAIN: 0.0040 1.0000 | 3.4466 0.0385 | 3.4534 0.0355 | Time: 27.6656 | VAL: 0.5387 0.8732 | 3.4436 0.0337 | 3.4373 0.0604 | Time: 2.4274 | TEST: 0.5522 0.8684 | 3.4420 0.0246 | 3.4381 0.0333 | Time: 2.8952
Epoch: 0052 | TRAIN: 0.0041 1.0000 | 3.4422 0.0451 | 3.4492 0.0439 | Time: 27.5697 | VAL: 0.5418 0.8714 | 3.4426 0.0337 | 3.4368 0.0537 | Time: 2.3749 | TEST: 0.5549 0.8667 | 3.4405 0.0246 | 3.4371 0.0333 | Time: 2.8730
Epoch: 0053 | TRAIN: 0.0037 1.0000 | 3.4557 0.0367 | 3.4441 0.0439 | Time: 27.3655 | VAL: 0.5438 0.8678 | 3.4432 0.0337 | 3.4365 0.0470 | Time: 2.3572 | TEST: 0.5512 0.8684 | 3.4423 0.0246 | 3.4369 0.0333 | Time: 2.8220
Epoch: 0054 | TRAIN: 0.0036 1.0000 | 3.4521 0.0409 | 3.4472 0.0409 | Time: 27.4237 | VAL: 0.5490 0.8659 | 3.4422 0.0337 | 3.4369 0.0537 | Time: 2.3294 | TEST: 0.5525 0.8650 | 3.4413 0.0246 | 3.4370 0.0333 | Time: 2.7753
Epoch: 0055 | TRAIN: 0.0036 1.0000 | 3.4490 0.0312 | 3.4529 0.0373 | Time: 27.3933 | VAL: 0.5490 0.8678 | 3.4418 0.0337 | 3.4376 0.0537 | Time: 2.3558 | TEST: 0.5578 0.8718 | 3.4418 0.0246 | 3.4377 0.0333 | Time: 2.8347
Epoch: 0056 | TRAIN: 0.0036 1.0000 | 3.4464 0.0373 | 3.4526 0.0300 | Time: 27.3588 | VAL: 0.5499 0.8623 | 3.4410 0.0337 | 3.4367 0.0470 | Time: 2.3734 | TEST: 0.5580 0.8667 | 3.4419 0.0246 | 3.4373 0.0333 | Time: 2.8792
Epoch: 0057 | TRAIN: 0.0034 1.0000 | 3.4464 0.0391 | 3.4442 0.0355 | Time: 27.3743 | VAL: 0.5559 0.8641 | 3.4394 0.0337 | 3.4356 0.0537 | Time: 2.3723 | TEST: 0.5541 0.8650 | 3.4401 0.0246 | 3.4360 0.0333 | Time: 2.8129
Epoch: 0058 | TRAIN: 0.0035 1.0000 | 3.4499 0.0367 | 3.4490 0.0361 | Time: 27.4324 | VAL: 0.5551 0.8623 | 3.4404 0.0337 | 3.4357 0.0537 | Time: 2.3998 | TEST: 0.5566 0.8615 | 3.4402 0.0246 | 3.4359 0.0333 | Time: 2.8490
Epoch: 0059 | TRAIN: 0.0031 1.0000 | 3.4413 0.0361 | 3.4452 0.0397 | Time: 27.3911 | VAL: 0.5524 0.8641 | 3.4404 0.0337 | 3.4360 0.0537 | Time: 2.4112 | TEST: 0.5555 0.8615 | 3.4400 0.0246 | 3.4358 0.0333 | Time: 2.8927
Epoch: 0060 | TRAIN: 0.0032 1.0000 | 3.4458 0.0300 | 3.4437 0.0397 | Time: 27.4003 | VAL: 0.5567 0.8623 | 3.4399 0.0337 | 3.4359 0.0470 | Time: 2.4072 | TEST: 0.5539 0.8581 | 3.4405 0.0246 | 3.4358 0.0333 | Time: 2.8654
Epoch: 0061 | TRAIN: 0.0029 1.0000 | 3.4408 0.0349 | 3.4438 0.0373 | Time: 27.4391 | VAL: 0.5486 0.8714 | 3.4383 0.0337 | 3.4358 0.0403 | Time: 2.3725 | TEST: 0.5484 0.8667 | 3.4386 0.0246 | 3.4349 0.0389 | Time: 2.8924
Epoch: 0062 | TRAIN: 0.0030 1.0000 | 3.4435 0.0361 | 3.4440 0.0300 | Time: 27.3930 | VAL: 0.5554 0.8659 | 3.4386 0.0337 | 3.4361 0.0604 | Time: 2.3716 | TEST: 0.5517 0.8667 | 3.4394 0.0246 | 3.4356 0.0278 | Time: 2.8137
Epoch: 0063 | TRAIN: 0.0027 1.0000 | 3.4401 0.0361 | 3.4411 0.0481 | Time: 27.4171 | VAL: 0.5587 0.8659 | 3.4385 0.0337 | 3.4359 0.0537 | Time: 2.3901 | TEST: 0.5560 0.8684 | 3.4377 0.0246 | 3.4355 0.0333 | Time: 2.8505
Epoch: 0064 | TRAIN: 0.0026 1.0000 | 3.4425 0.0343 | 3.4400 0.0427 | Time: 27.4895 | VAL: 0.5599 0.8678 | 3.4389 0.0337 | 3.4349 0.0604 | Time: 2.3980 | TEST: 0.5532 0.8650 | 3.4375 0.0246 | 3.4347 0.0333 | Time: 2.8508
Epoch: 0065 | TRAIN: 0.0028 1.0000 | 3.4400 0.0397 | 3.4414 0.0288 | Time: 27.5013 | VAL: 0.5529 0.8678 | 3.4378 0.0337 | 3.4348 0.0537 | Time: 2.3357 | TEST: 0.5557 0.8667 | 3.4379 0.0246 | 3.4344 0.0333 | Time: 2.8190
Epoch: 0066 | TRAIN: 0.0026 1.0000 | 3.4420 0.0343 | 3.4419 0.0427 | Time: 27.4468 | VAL: 0.5596 0.8659 | 3.4370 0.0337 | 3.4331 0.0537 | Time: 2.3486 | TEST: 0.5588 0.8632 | 3.4379 0.0246 | 3.4330 0.0333 | Time: 2.8210
Epoch: 0067 | TRAIN: 0.0025 1.0000 | 3.4406 0.0379 | 3.4376 0.0391 | Time: 27.5796 | VAL: 0.5631 0.8641 | 3.4379 0.0337 | 3.4340 0.0604 | Time: 2.3447 | TEST: 0.5607 0.8615 | 3.4378 0.0246 | 3.4342 0.0333 | Time: 2.7918
Epoch: 0068 | TRAIN: 0.0025 1.0000 | 3.4368 0.0312 | 3.4418 0.0391 | Time: 27.5534 | VAL: 0.5551 0.8641 | 3.4373 0.0337 | 3.4339 0.0604 | Time: 2.3596 | TEST: 0.5604 0.8632 | 3.4370 0.0246 | 3.4337 0.0333 | Time: 2.7791
Epoch: 0069 | TRAIN: 0.0026 1.0000 | 3.4390 0.0312 | 3.4414 0.0391 | Time: 27.3753 | VAL: 0.5564 0.8605 | 3.4385 0.0337 | 3.4347 0.0470 | Time: 2.3922 | TEST: 0.5554 0.8615 | 3.4378 0.0246 | 3.4347 0.0333 | Time: 2.8723
Epoch: 0070 | TRAIN: 0.0024 1.0000 | 3.4402 0.0319 | 3.4418 0.0379 | Time: 27.5126 | VAL: 0.5588 0.8623 | 3.4376 0.0337 | 3.4345 0.0470 | Time: 2.4249 | TEST: 0.5544 0.8718 | 3.4374 0.0246 | 3.4346 0.0333 | Time: 2.9216
Epoch: 0071 | TRAIN: 0.0024 1.0000 | 3.4410 0.0343 | 3.4414 0.0361 | Time: 27.5017 | VAL: 0.5622 0.8623 | 3.4380 0.0337 | 3.4343 0.0604 | Time: 2.3726 | TEST: 0.5569 0.8701 | 3.4373 0.0246 | 3.4341 0.0278 | Time: 2.8651
Epoch: 0072 | TRAIN: 0.0021 1.0000 | 3.4401 0.0312 | 3.4383 0.0319 | Time: 27.4719 | VAL: 0.5586 0.8641 | 3.4381 0.0337 | 3.4335 0.0537 | Time: 2.3906 | TEST: 0.5565 0.8684 | 3.4375 0.0246 | 3.4340 0.0333 | Time: 2.8714
Epoch: 0073 | TRAIN: 0.0022 1.0000 | 3.4395 0.0391 | 3.4376 0.0385 | Time: 27.5014 | VAL: 0.5523 0.8750 | 3.4376 0.0337 | 3.4334 0.0671 | Time: 2.3373 | TEST: 0.5594 0.8701 | 3.4367 0.0246 | 3.4334 0.0333 | Time: 2.8674
Epoch: 0074 | TRAIN: 0.0022 1.0000 | 3.4347 0.0349 | 3.4351 0.0463 | Time: 27.5233 | VAL: 0.5554 0.8696 | 3.4371 0.0337 | 3.4335 0.0537 | Time: 2.3386 | TEST: 0.5568 0.8735 | 3.4368 0.0246 | 3.4331 0.0333 | Time: 2.8214
Epoch: 0075 | TRAIN: 0.0021 1.0000 | 3.4360 0.0421 | 3.4356 0.0445 | Time: 27.6362 | VAL: 0.5542 0.8714 | 3.4374 0.0337 | 3.4330 0.0470 | Time: 2.3997 | TEST: 0.5499 0.8701 | 3.4371 0.0246 | 3.4332 0.0278 | Time: 2.9005
Epoch: 0076 | TRAIN: 0.0021 1.0000 | 3.4377 0.0312 | 3.4354 0.0349 | Time: 27.6437 | VAL: 0.5585 0.8696 | 3.4368 0.0337 | 3.4326 0.0604 | Time: 2.3595 | TEST: 0.5609 0.8684 | 3.4368 0.0246 | 3.4331 0.0278 | Time: 2.8142
Epoch: 0077 | TRAIN: 0.0020 1.0000 | 3.4404 0.0282 | 3.4318 0.0451 | Time: 27.6240 | VAL: 0.5584 0.8641 | 3.4367 0.0337 | 3.4323 0.0604 | Time: 2.3390 | TEST: 0.5599 0.8684 | 3.4363 0.0246 | 3.4331 0.0278 | Time: 2.8622
Epoch: 0078 | TRAIN: 0.0018 1.0000 | 3.4326 0.0367 | 3.4363 0.0349 | Time: 27.5371 | VAL: 0.5508 0.8641 | 3.4364 0.0337 | 3.4327 0.0604 | Time: 2.3563 | TEST: 0.5580 0.8684 | 3.4360 0.0246 | 3.4330 0.0278 | Time: 2.8311
Epoch: 0079 | TRAIN: 0.0020 1.0000 | 3.4378 0.0276 | 3.4333 0.0415 | Time: 27.5845 | VAL: 0.5620 0.8678 | 3.4350 0.0337 | 3.4329 0.0604 | Time: 2.4130 | TEST: 0.5573 0.8684 | 3.4356 0.0246 | 3.4333 0.0278 | Time: 2.8558
Epoch: 0080 | TRAIN: 0.0018 1.0000 | 3.4327 0.0343 | 3.4309 0.0391 | Time: 27.7274 | VAL: 0.5552 0.8623 | 3.4352 0.0337 | 3.4323 0.0604 | Time: 2.3829 | TEST: 0.5612 0.8650 | 3.4351 0.0246 | 3.4332 0.0278 | Time: 2.8365
Epoch: 0081 | TRAIN: 0.0020 1.0000 | 3.4357 0.0288 | 3.4351 0.0325 | Time: 27.6712 | VAL: 0.5545 0.8623 | 3.4356 0.0337 | 3.4327 0.0604 | Time: 2.4003 | TEST: 0.5585 0.8701 | 3.4356 0.0246 | 3.4333 0.0278 | Time: 2.8274
Epoch: 0082 | TRAIN: 0.0017 1.0000 | 3.4360 0.0276 | 3.4371 0.0463 | Time: 27.6673 | VAL: 0.5650 0.8641 | 3.4352 0.0337 | 3.4330 0.0537 | Time: 2.3573 | TEST: 0.5556 0.8667 | 3.4358 0.0246 | 3.4332 0.0278 | Time: 2.8382
Epoch: 0083 | TRAIN: 0.0019 1.0000 | 3.4377 0.0373 | 3.4313 0.0385 | Time: 27.8119 | VAL: 0.5561 0.8696 | 3.4350 0.0337 | 3.4331 0.0537 | Time: 2.3957 | TEST: 0.5555 0.8718 | 3.4349 0.0246 | 3.4336 0.0222 | Time: 2.8466
Epoch: 0084 | TRAIN: 0.0017 1.0000 | 3.4359 0.0361 | 3.4325 0.0427 | Time: 27.6252 | VAL: 0.5503 0.8659 | 3.4350 0.0337 | 3.4339 0.0537 | Time: 2.3765 | TEST: 0.5576 0.8684 | 3.4351 0.0246 | 3.4343 0.0278 | Time: 2.8647
Epoch: 0085 | TRAIN: 0.0017 1.0000 | 3.4345 0.0325 | 3.4381 0.0403 | Time: 27.7278 | VAL: 0.5561 0.8659 | 3.4354 0.0337 | 3.4336 0.0537 | Time: 2.3976 | TEST: 0.5586 0.8684 | 3.4354 0.0246 | 3.4335 0.0333 | Time: 2.8900
Epoch: 0086 | TRAIN: 0.0016 1.0000 | 3.4350 0.0343 | 3.4333 0.0409 | Time: 27.7377 | VAL: 0.5516 0.8696 | 3.4353 0.0337 | 3.4335 0.0470 | Time: 2.3945 | TEST: 0.5524 0.8684 | 3.4356 0.0246 | 3.4332 0.0278 | Time: 2.8479
Epoch: 0087 | TRAIN: 0.0016 1.0000 | 3.4356 0.0337 | 3.4342 0.0312 | Time: 27.6768 | VAL: 0.5614 0.8659 | 3.4355 0.0337 | 3.4334 0.0537 | Time: 2.3925 | TEST: 0.5607 0.8701 | 3.4355 0.0246 | 3.4335 0.0278 | Time: 2.8730
Epoch: 0088 | TRAIN: 0.0015 1.0000 | 3.4393 0.0294 | 3.4342 0.0343 | Time: 27.6326 | VAL: 0.5645 0.8605 | 3.4355 0.0337 | 3.4328 0.0604 | Time: 2.3736 | TEST: 0.5637 0.8684 | 3.4355 0.0246 | 3.4328 0.0278 | Time: 2.8382
Epoch: 0089 | TRAIN: 0.0016 1.0000 | 3.4334 0.0337 | 3.4352 0.0367 | Time: 27.6013 | VAL: 0.5614 0.8623 | 3.4351 0.0337 | 3.4336 0.0470 | Time: 2.3681 | TEST: 0.5576 0.8718 | 3.4353 0.0246 | 3.4340 0.0222 | Time: 2.8301
Epoch: 0090 | TRAIN: 0.0015 1.0000 | 3.4379 0.0319 | 3.4386 0.0343 | Time: 27.7510 | VAL: 0.5647 0.8623 | 3.4344 0.0337 | 3.4333 0.0403 | Time: 2.3546 | TEST: 0.5564 0.8684 | 3.4347 0.0246 | 3.4331 0.0278 | Time: 2.7938
Epoch: 0091 | TRAIN: 0.0015 1.0000 | 3.4345 0.0361 | 3.4324 0.0409 | Time: 27.5216 | VAL: 0.5642 0.8623 | 3.4351 0.0337 | 3.4331 0.0470 | Time: 2.3816 | TEST: 0.5614 0.8667 | 3.4353 0.0164 | 3.4333 0.0333 | Time: 2.8357
Epoch: 0092 | TRAIN: 0.0015 1.0000 | 3.4351 0.0373 | 3.4338 0.0403 | Time: 27.6843 | VAL: 0.5692 0.8641 | 3.4344 0.0337 | 3.4335 0.0537 | Time: 2.3355 | TEST: 0.5629 0.8718 | 3.4350 0.0246 | 3.4342 0.0278 | Time: 2.8297
Epoch: 0093 | TRAIN: 0.0014 1.0000 | 3.4338 0.0343 | 3.4327 0.0403 | Time: 27.5273 | VAL: 0.5720 0.8641 | 3.4344 0.0337 | 3.4337 0.0470 | Time: 2.3747 | TEST: 0.5573 0.8684 | 3.4350 0.0246 | 3.4340 0.0222 | Time: 2.8574
Epoch: 0094 | TRAIN: 0.0013 1.0000 | 3.4337 0.0337 | 3.4339 0.0319 | Time: 27.5455 | VAL: 0.5685 0.8605 | 3.4346 0.0337 | 3.4335 0.0336 | Time: 2.3674 | TEST: 0.5667 0.8684 | 3.4352 0.0246 | 3.4338 0.0222 | Time: 2.8615
Epoch: 0095 | TRAIN: 0.0013 1.0000 | 3.4340 0.0312 | 3.4348 0.0445 | Time: 27.5688 | VAL: 0.5727 0.8641 | 3.4351 0.0337 | 3.4336 0.0403 | Time: 2.3534 | TEST: 0.5657 0.8650 | 3.4355 0.0246 | 3.4337 0.0278 | Time: 2.8437
Epoch: 0096 | TRAIN: 0.0013 1.0000 | 3.4349 0.0355 | 3.4303 0.0457 | Time: 27.5983 | VAL: 0.5655 0.8641 | 3.4355 0.0337 | 3.4337 0.0470 | Time: 2.3547 | TEST: 0.5616 0.8667 | 3.4354 0.0246 | 3.4339 0.0278 | Time: 2.7899
Epoch: 0097 | TRAIN: 0.0013 1.0000 | 3.4337 0.0385 | 3.4336 0.0385 | Time: 27.5388 | VAL: 0.5635 0.8659 | 3.4346 0.0337 | 3.4330 0.0470 | Time: 2.3522 | TEST: 0.5565 0.8701 | 3.4349 0.0246 | 3.4332 0.0278 | Time: 2.8041
Epoch: 0098 | TRAIN: 0.0013 1.0000 | 3.4334 0.0325 | 3.4331 0.0331 | Time: 27.4969 | VAL: 0.5733 0.8623 | 3.4344 0.0337 | 3.4327 0.0470 | Time: 2.3580 | TEST: 0.5653 0.8701 | 3.4348 0.0246 | 3.4332 0.0278 | Time: 2.8708
Epoch: 0099 | TRAIN: 0.0013 1.0000 | 3.4344 0.0343 | 3.4339 0.0385 | Time: 27.6021 | VAL: 0.5720 0.8623 | 3.4341 0.0337 | 3.4328 0.0537 | Time: 2.3773 | TEST: 0.5729 0.8650 | 3.4346 0.0246 | 3.4336 0.0222 | Time: 2.8585
========================================
Best Result: Epoch 16, result {'amazon': [0.8564102564102564], 'dslr': [0.01639344262295082], 'webcam': [0.05]}
========================================
