Namespace(batch_size=64, beta_moco=0.1, gamma_moco=0.1, gamma_modo=0.1, lr=1.0, moo_method='MoDo', num_epochs=1000, rho_moco=0.1, rho_modo=0.0, seed=6)

==================================================
Model parameter count per layer
==================================================
fc1.weight 	: 401408
fc1.bias 	: 512
fc2.weight 	: 5120
fc2.bias 	: 10
Total number of parametrs : 407050
--------------------------------------------------

======================================================================
LOG FORMAT: Epoch: EPOCH | Train: LOSS1 LOSS2 LOSS3
======================================================================
Epoch:      0 | Train: 2.3515 0.1806 0.9289
Epoch:    100 | Train: 0.5892 0.0468 0.1264
Epoch:    200 | Train: 0.1785 0.0225 0.0262
Epoch:    300 | Train: 0.4044 0.0387 0.0669
Epoch:    400 | Train: 0.5785 0.0316 0.1054
Epoch:    500 | Train: 0.2917 0.0249 0.0463
Epoch:    600 | Train: 0.2854 0.0244 0.0549
Epoch:    700 | Train: 0.4164 0.0311 0.0713
Epoch:    800 | Train: 0.1334 0.017 0.0163
Epoch:    900 | Train: 0.6858 0.03 0.1167
Epoch:    999 | Train: 0.6917 0.0399 0.1629

======================================================================
PERF FORMAT: DATASET | Acuracy: ACC | Loss: LOSS1 LOSS2 LOSS3 | PS: PS
======================================================================
Train | Acuracy:  91.26% | Loss: 0.33587 0.02335 0.06335 | PS: 0.0332 
Val   | Acuracy:  90.28% | Loss: 0.3571 0.0247 0.07042 | PS: 0.03321 
Test  | Acuracy:  91.09% | Loss: 0.33849 0.02329 0.06603 | PS: 0.03665 
----------------------------------------------------------------------
Optimization error  : 0.0332
Population error    : 0.03665
Generalization error: 0.00345
