Namespace(batch_size=64, beta_moco=0.1, gamma_moco=0.1, gamma_modo=0.05, lr=1.0, moo_method='MoDo', num_epochs=1000, rho_moco=0.1, rho_modo=0.0, seed=0)

==================================================
Model parameter count per layer
==================================================
fc1.weight 	: 401408
fc1.bias 	: 512
fc2.weight 	: 5120
fc2.bias 	: 10
Total number of parametrs : 407050
--------------------------------------------------

======================================================================
LOG FORMAT: Epoch: EPOCH | Train: LOSS1 LOSS2 LOSS3
======================================================================
Epoch:      0 | Train: 2.3186 0.1801 0.9017
Epoch:    100 | Train: 0.3887 0.0345 0.0562
Epoch:    200 | Train: 0.4397 0.0402 0.0719
Epoch:    300 | Train: 0.4243 0.0267 0.0726
Epoch:    400 | Train: 0.4546 0.0262 0.0856
Epoch:    500 | Train: 0.4496 0.0333 0.0925
Epoch:    600 | Train: 0.4456 0.0269 0.0873
Epoch:    700 | Train: 0.4205 0.031 0.0786
Epoch:    800 | Train: 0.0996 0.0115 0.0105
Epoch:    900 | Train: 0.2429 0.02 0.0398
Epoch:    999 | Train: 0.6051 0.0217 0.1459

======================================================================
PERF FORMAT: DATASET | Acuracy: ACC | Loss: LOSS1 LOSS2 LOSS3 | PS: PS
======================================================================
Train | Acuracy:  91.37% | Loss: 0.36985 0.02131 0.07506 | PS: 0.01775 
Val   | Acuracy:  91.02% | Loss: 0.38937 0.02207 0.07923 | PS: 0.01704 
Test  | Acuracy:  91.42% | Loss: 0.36468 0.02111 0.0744 | PS: 0.02198 
----------------------------------------------------------------------
Optimization error  : 0.01775
Population error    : 0.02198
Generalization error: 0.00423
