Namespace(batch_size=64, beta_moco=0.1, gamma_moco=0.1, gamma_modo=0.005, lr=1.0, moo_method='MoDo', num_epochs=1000, rho_moco=0.1, rho_modo=0.0, seed=5)

==================================================
Model parameter count per layer
==================================================
fc1.weight 	: 401408
fc1.bias 	: 512
fc2.weight 	: 5120
fc2.bias 	: 10
Total number of parametrs : 407050
--------------------------------------------------

======================================================================
LOG FORMAT: Epoch: EPOCH | Train: LOSS1 LOSS2 LOSS3
======================================================================
Epoch:      0 | Train: 2.2981 0.1796 0.8762
Epoch:    100 | Train: 0.4435 0.0404 0.0801
Epoch:    200 | Train: 0.4057 0.0437 0.0547
Epoch:    300 | Train: 0.4479 0.0374 0.0867
Epoch:    400 | Train: 0.3163 0.0312 0.0487
Epoch:    500 | Train: 0.1659 0.0221 0.0194
Epoch:    600 | Train: 0.3396 0.0327 0.0647
Epoch:    700 | Train: 0.3312 0.0219 0.0525
Epoch:    800 | Train: 0.142 0.0184 0.0156
Epoch:    900 | Train: 0.3312 0.0295 0.0529
Epoch:    999 | Train: 0.3099 0.0335 0.0437

======================================================================
PERF FORMAT: DATASET | Acuracy: ACC | Loss: LOSS1 LOSS2 LOSS3 | PS: PS
======================================================================
Train | Acuracy:  90.58% | Loss: 0.32418 0.02677 0.05627 | PS: 0.03389 
Val   | Acuracy:  89.65% | Loss: 0.36779 0.02831 0.06853 | PS: 0.03394 
Test  | Acuracy:  90.43% | Loss: 0.33019 0.02668 0.05843 | PS: 0.03613 
----------------------------------------------------------------------
Optimization error  : 0.03389
Population error    : 0.03613
Generalization error: 0.00224
