Namespace(batch_size=64, beta_moco=0.1, gamma_moco=0.1, gamma_modo=0.001, lr=1.0, moo_method='MoDo', num_epochs=1000, rho_moco=0.1, rho_modo=0.0, seed=7)

==================================================
Model parameter count per layer
==================================================
fc1.weight 	: 401408
fc1.bias 	: 512
fc2.weight 	: 5120
fc2.bias 	: 10
Total number of parametrs : 407050
--------------------------------------------------

======================================================================
LOG FORMAT: Epoch: EPOCH | Train: LOSS1 LOSS2 LOSS3
======================================================================
Epoch:      0 | Train: 2.3284 0.18 0.9007
Epoch:    100 | Train: 0.2684 0.0314 0.0463
Epoch:    200 | Train: 0.4242 0.0366 0.0721
Epoch:    300 | Train: 0.4403 0.0395 0.0723
Epoch:    400 | Train: 0.9412 0.0429 0.2719
Epoch:    500 | Train: 0.0583 0.0103 0.0002
Epoch:    600 | Train: 0.1656 0.0214 0.0218
Epoch:    700 | Train: 0.286 0.0253 0.034
Epoch:    800 | Train: 0.3864 0.0331 0.0588
Epoch:    900 | Train: 0.1235 0.0164 0.0147
Epoch:    999 | Train: 0.4861 0.0401 0.0867

======================================================================
PERF FORMAT: DATASET | Acuracy: ACC | Loss: LOSS1 LOSS2 LOSS3 | PS: PS
======================================================================
Train | Acuracy:  87.82% | Loss: 0.39577 0.03241 0.06622 | PS: 0.07067 
Val   | Acuracy:  87.65% | Loss: 0.41586 0.03294 0.07135 | PS: 0.07206 
Test  | Acuracy:  87.24% | Loss: 0.41537 0.03309 0.07207 | PS: 0.07699 
----------------------------------------------------------------------
Optimization error  : 0.07067
Population error    : 0.07699
Generalization error: 0.00632
