Namespace(batch_size=64, beta_moco=0.1, gamma_moco=0.1, gamma_modo=0.5, lr=1.0, moo_method='MoDo', num_epochs=1000, rho_moco=0.1, rho_modo=0.0, seed=5)

==================================================
Model parameter count per layer
==================================================
fc1.weight 	: 401408
fc1.bias 	: 512
fc2.weight 	: 5120
fc2.bias 	: 10
Total number of parametrs : 407050
--------------------------------------------------

======================================================================
LOG FORMAT: Epoch: EPOCH | Train: LOSS1 LOSS2 LOSS3
======================================================================
Epoch:      0 | Train: 2.2981 0.1796 0.8762
Epoch:    100 | Train: 0.5133 0.0453 0.1008
Epoch:    200 | Train: 0.4215 0.039 0.0772
Epoch:    300 | Train: 0.5068 0.0319 0.1367
Epoch:    400 | Train: 0.2322 0.0199 0.034
Epoch:    500 | Train: 0.1546 0.0165 0.025
Epoch:    600 | Train: 0.3104 0.0229 0.0665
Epoch:    700 | Train: 0.4206 0.0194 0.0773
Epoch:    800 | Train: 0.1976 0.0156 0.0367
Epoch:    900 | Train: 0.3776 0.0243 0.0955
Epoch:    999 | Train: 0.4396 0.0317 0.082

======================================================================
PERF FORMAT: DATASET | Acuracy: ACC | Loss: LOSS1 LOSS2 LOSS3 | PS: PS
======================================================================
Train | Acuracy:  91.53% | Loss: 0.38719 0.02056 0.08519 | PS: 0.01707 
Val   | Acuracy:  90.38% | Loss: 0.43905 0.02248 0.09943 | PS: 0.01682 
Test  | Acuracy:  91.61% | Loss: 0.38169 0.02021 0.08436 | PS: 0.0174 
----------------------------------------------------------------------
Optimization error  : 0.01707
Population error    : 0.0174
Generalization error: 0.00033
