Namespace(batch_size=64, beta_moco=0.1, gamma_moco=0.1, gamma_modo=0.1, lr=1.0, moo_method='MoDo', num_epochs=1000, rho_moco=0.1, rho_modo=0.0, seed=5)

==================================================
Model parameter count per layer
==================================================
fc1.weight 	: 401408
fc1.bias 	: 512
fc2.weight 	: 5120
fc2.bias 	: 10
Total number of parametrs : 407050
--------------------------------------------------

======================================================================
LOG FORMAT: Epoch: EPOCH | Train: LOSS1 LOSS2 LOSS3
======================================================================
Epoch:      0 | Train: 2.2981 0.1796 0.8762
Epoch:    100 | Train: 0.4574 0.0396 0.0877
Epoch:    200 | Train: 0.3788 0.0399 0.0538
Epoch:    300 | Train: 0.4251 0.0311 0.0988
Epoch:    400 | Train: 0.2231 0.0236 0.0316
Epoch:    500 | Train: 0.1472 0.017 0.0202
Epoch:    600 | Train: 0.3267 0.0255 0.0694
Epoch:    700 | Train: 0.4113 0.0189 0.0701
Epoch:    800 | Train: 0.1645 0.0156 0.0267
Epoch:    900 | Train: 0.3358 0.0249 0.0676
Epoch:    999 | Train: 0.36 0.0315 0.061

======================================================================
PERF FORMAT: DATASET | Acuracy: ACC | Loss: LOSS1 LOSS2 LOSS3 | PS: PS
======================================================================
Train | Acuracy:  91.63% | Loss: 0.35408 0.02072 0.0719 | PS: 0.01715 
Val   | Acuracy:  90.59% | Loss: 0.4035 0.0225 0.08547 | PS: 0.01617 
Test  | Acuracy:  91.66% | Loss: 0.3527 0.0204 0.07248 | PS: 0.01682 
----------------------------------------------------------------------
Optimization error  : 0.01715
Population error    : 0.01682
Generalization error: -0.00033
