Namespace(batch_size=64, beta_moco=0.1, gamma_moco=0.1, gamma_modo=0.05, lr=1.0, moo_method='MoDo', num_epochs=1000, rho_moco=0.1, rho_modo=0.0, seed=6)

==================================================
Model parameter count per layer
==================================================
fc1.weight 	: 401408
fc1.bias 	: 512
fc2.weight 	: 5120
fc2.bias 	: 10
Total number of parametrs : 407050
--------------------------------------------------

======================================================================
LOG FORMAT: Epoch: EPOCH | Train: LOSS1 LOSS2 LOSS3
======================================================================
Epoch:      0 | Train: 2.3515 0.1806 0.9289
Epoch:    100 | Train: 0.6161 0.0485 0.131
Epoch:    200 | Train: 0.1892 0.0241 0.0271
Epoch:    300 | Train: 0.387 0.0382 0.0604
Epoch:    400 | Train: 0.5478 0.0321 0.0994
Epoch:    500 | Train: 0.2911 0.0259 0.0453
Epoch:    600 | Train: 0.2811 0.0267 0.0507
Epoch:    700 | Train: 0.3858 0.0308 0.0646
Epoch:    800 | Train: 0.1646 0.02 0.0192
Epoch:    900 | Train: 0.6615 0.0317 0.1132
Epoch:    999 | Train: 0.6731 0.0413 0.1518

======================================================================
PERF FORMAT: DATASET | Acuracy: ACC | Loss: LOSS1 LOSS2 LOSS3 | PS: PS
======================================================================
Train | Acuracy:  91.04% | Loss: 0.3285 0.02516 0.05971 | PS: 0.0365 
Val   | Acuracy:  90.11% | Loss: 0.35221 0.02644 0.06767 | PS: 0.03662 
Test  | Acuracy:  90.84% | Loss: 0.33603 0.02516 0.06396 | PS: 0.04089 
----------------------------------------------------------------------
Optimization error  : 0.0365
Population error    : 0.04089
Generalization error: 0.00439
