Namespace(batch_size=64, beta_moco=0.1, gamma_moco=0.1, gamma_modo=1.0, lr=1.0, moo_method='MoDo', num_epochs=1000, rho_moco=0.1, rho_modo=0.0, seed=4)

==================================================
Model parameter count per layer
==================================================
fc1.weight 	: 401408
fc1.bias 	: 512
fc2.weight 	: 5120
fc2.bias 	: 10
Total number of parametrs : 407050
--------------------------------------------------

======================================================================
LOG FORMAT: Epoch: EPOCH | Train: LOSS1 LOSS2 LOSS3
======================================================================
Epoch:      0 | Train: 2.389 0.1812 0.9669
Epoch:    100 | Train: 0.4056 0.0405 0.0559
Epoch:    200 | Train: 0.1995 0.0247 0.0314
Epoch:    300 | Train: 0.1847 0.0168 0.0389
Epoch:    400 | Train: 0.3086 0.0198 0.0706
Epoch:    500 | Train: 0.521 0.0272 0.1156
Epoch:    600 | Train: 0.2386 0.0184 0.0297
Epoch:    700 | Train: 0.453 0.0235 0.0837
Epoch:    800 | Train: 0.344 0.0168 0.1184
Epoch:    900 | Train: 0.1684 0.017 0.0186
Epoch:    999 | Train: 0.3389 0.0267 0.0417

======================================================================
PERF FORMAT: DATASET | Acuracy: ACC | Loss: LOSS1 LOSS2 LOSS3 | PS: PS
======================================================================
Train | Acuracy:  88.74% | Loss: 0.50629 0.02632 0.1032 | PS: 0.06593 
Val   | Acuracy:  88.14% | Loss: 0.52363 0.02721 0.10552 | PS: 0.0656 
Test  | Acuracy:  89.00% | Loss: 0.50519 0.02547 0.10428 | PS: 0.06321 
----------------------------------------------------------------------
Optimization error  : 0.06593
Population error    : 0.06321
Generalization error: -0.00272
