Namespace(batch_size=64, beta_moco=0.1, gamma_moco=0.1, gamma_modo=0.001, lr=1.0, moo_method='MoDo', num_epochs=1000, rho_moco=0.1, rho_modo=0.0, seed=6)

==================================================
Model parameter count per layer
==================================================
fc1.weight 	: 401408
fc1.bias 	: 512
fc2.weight 	: 5120
fc2.bias 	: 10
Total number of parametrs : 407050
--------------------------------------------------

======================================================================
LOG FORMAT: Epoch: EPOCH | Train: LOSS1 LOSS2 LOSS3
======================================================================
Epoch:      0 | Train: 2.3515 0.1806 0.9289
Epoch:    100 | Train: 0.9447 0.0476 0.2012
Epoch:    200 | Train: 0.1693 0.0199 0.0276
Epoch:    300 | Train: 0.4102 0.0361 0.0673
Epoch:    400 | Train: 0.5261 0.0304 0.0958
Epoch:    500 | Train: 0.291 0.0261 0.0482
Epoch:    600 | Train: 0.3067 0.028 0.0561
Epoch:    700 | Train: 0.4189 0.0327 0.0653
Epoch:    800 | Train: 0.1943 0.0222 0.0226
Epoch:    900 | Train: 0.6645 0.0326 0.1127
Epoch:    999 | Train: 0.6437 0.0419 0.1352

======================================================================
PERF FORMAT: DATASET | Acuracy: ACC | Loss: LOSS1 LOSS2 LOSS3 | PS: PS
======================================================================
Train | Acuracy:  90.04% | Loss: 0.34957 0.0285 0.06159 | PS: 0.05615 
Val   | Acuracy:  89.14% | Loss: 0.38172 0.02974 0.07167 | PS: 0.05528 
Test  | Acuracy:  89.68% | Loss: 0.36371 0.02844 0.06799 | PS: 0.05885 
----------------------------------------------------------------------
Optimization error  : 0.05615
Population error    : 0.05885
Generalization error: 0.0027
