Namespace(batch_size=64, beta_moco=0.1, gamma_moco=0.1, gamma_modo=0.05, lr=1.0, moo_method='MoDo', num_epochs=1000, rho_moco=0.1, rho_modo=0.0, seed=1)

==================================================
Model parameter count per layer
==================================================
fc1.weight 	: 401408
fc1.bias 	: 512
fc2.weight 	: 5120
fc2.bias 	: 10
Total number of parametrs : 407050
--------------------------------------------------

======================================================================
LOG FORMAT: Epoch: EPOCH | Train: LOSS1 LOSS2 LOSS3
======================================================================
Epoch:      0 | Train: 2.3314 0.1802 0.9087
Epoch:    100 | Train: 0.4957 0.0446 0.0672
Epoch:    200 | Train: 0.4336 0.0304 0.1063
Epoch:    300 | Train: 0.3511 0.0363 0.0461
Epoch:    400 | Train: 0.2336 0.029 0.0255
Epoch:    500 | Train: 0.3518 0.0298 0.0455
Epoch:    600 | Train: 0.5768 0.0452 0.0902
Epoch:    700 | Train: 0.2806 0.0203 0.0445
Epoch:    800 | Train: 0.3424 0.0248 0.0618
Epoch:    900 | Train: 0.1704 0.0181 0.0289
Epoch:    999 | Train: 0.1475 0.0179 0.0185

======================================================================
PERF FORMAT: DATASET | Acuracy: ACC | Loss: LOSS1 LOSS2 LOSS3 | PS: PS
======================================================================
Train | Acuracy:  90.98% | Loss: 0.33058 0.02464 0.05974 | PS: 0.03033 
Val   | Acuracy:  90.90% | Loss: 0.34004 0.02531 0.06252 | PS: 0.02914 
Test  | Acuracy:  91.14% | Loss: 0.33261 0.02427 0.06137 | PS: 0.03255 
----------------------------------------------------------------------
Optimization error  : 0.03033
Population error    : 0.03255
Generalization error: 0.00223
