Namespace(batch_size=64, beta_moco=0.1, gamma_moco=0.1, gamma_modo=0.001, lr=1.0, moo_method='MoDo', num_epochs=1000, rho_moco=0.1, rho_modo=0.0, seed=4)

==================================================
Model parameter count per layer
==================================================
fc1.weight 	: 401408
fc1.bias 	: 512
fc2.weight 	: 5120
fc2.bias 	: 10
Total number of parametrs : 407050
--------------------------------------------------

======================================================================
LOG FORMAT: Epoch: EPOCH | Train: LOSS1 LOSS2 LOSS3
======================================================================
Epoch:      0 | Train: 2.389 0.1812 0.9669
Epoch:    100 | Train: 0.4413 0.036 0.0634
Epoch:    200 | Train: 0.2949 0.028 0.0484
Epoch:    300 | Train: 0.2642 0.0221 0.0556
Epoch:    400 | Train: 0.389 0.0329 0.0777
Epoch:    500 | Train: 0.4337 0.0302 0.0699
Epoch:    600 | Train: 0.2191 0.0269 0.0227
Epoch:    700 | Train: 0.2883 0.0262 0.034
Epoch:    800 | Train: 0.2913 0.0249 0.0676
Epoch:    900 | Train: 0.1324 0.0194 0.0129
Epoch:    999 | Train: 0.3435 0.032 0.042

======================================================================
PERF FORMAT: DATASET | Acuracy: ACC | Loss: LOSS1 LOSS2 LOSS3 | PS: PS
======================================================================
Train | Acuracy:  90.09% | Loss: 0.35063 0.02781 0.06168 | PS: 0.04609 
Val   | Acuracy:  89.41% | Loss: 0.38671 0.0289 0.07042 | PS: 0.04398 
Test  | Acuracy:  90.22% | Loss: 0.35722 0.02714 0.06674 | PS: 0.04377 
----------------------------------------------------------------------
Optimization error  : 0.04609
Population error    : 0.04377
Generalization error: -0.00232
