Namespace(batch_size=64, beta_moco=0.1, gamma_moco=0.1, gamma_modo=0.001, lr=1.0, moo_method='MoDo', num_epochs=1000, rho_moco=0.1, rho_modo=0.0, seed=9)

==================================================
Model parameter count per layer
==================================================
fc1.weight 	: 401408
fc1.bias 	: 512
fc2.weight 	: 5120
fc2.bias 	: 10
Total number of parametrs : 407050
--------------------------------------------------

======================================================================
LOG FORMAT: Epoch: EPOCH | Train: LOSS1 LOSS2 LOSS3
======================================================================
Epoch:      0 | Train: 2.3852 0.1812 0.9629
Epoch:    100 | Train: 0.3328 0.0314 0.0585
Epoch:    200 | Train: 0.4346 0.0321 0.0725
Epoch:    300 | Train: 0.2423 0.0266 0.0501
Epoch:    400 | Train: 0.4288 0.028 0.0741
Epoch:    500 | Train: 0.2091 0.0233 0.0198
Epoch:    600 | Train: 0.4644 0.0347 0.0898
Epoch:    700 | Train: 0.3962 0.03 0.0678
Epoch:    800 | Train: 0.3788 0.0338 0.0611
Epoch:    900 | Train: 0.2275 0.0244 0.0295
Epoch:    999 | Train: 0.6864 0.0326 0.1757

======================================================================
PERF FORMAT: DATASET | Acuracy: ACC | Loss: LOSS1 LOSS2 LOSS3 | PS: PS
======================================================================
Train | Acuracy:  90.28% | Loss: 0.34177 0.02803 0.05875 | PS: 0.04086 
Val   | Acuracy:  89.81% | Loss: 0.36227 0.02875 0.06514 | PS: 0.04061 
Test  | Acuracy:  89.95% | Loss: 0.34801 0.02803 0.06185 | PS: 0.0436 
----------------------------------------------------------------------
Optimization error  : 0.04086
Population error    : 0.0436
Generalization error: 0.00274
