Namespace(batch_size=64, beta_moco=0.1, gamma_moco=0.1, gamma_modo=0.5, lr=1.0, moo_method='MoDo', num_epochs=1000, rho_moco=0.1, rho_modo=0.0, seed=3)

==================================================
Model parameter count per layer
==================================================
fc1.weight 	: 401408
fc1.bias 	: 512
fc2.weight 	: 5120
fc2.bias 	: 10
Total number of parametrs : 407050
--------------------------------------------------

======================================================================
LOG FORMAT: Epoch: EPOCH | Train: LOSS1 LOSS2 LOSS3
======================================================================
Epoch:      0 | Train: 2.363 0.1804 0.9304
Epoch:    100 | Train: 0.4994 0.0478 0.1091
Epoch:    200 | Train: 0.6647 0.0426 0.1826
Epoch:    300 | Train: 0.2191 0.025 0.0276
Epoch:    400 | Train: 0.2524 0.0238 0.0316
Epoch:    500 | Train: 0.5672 0.0252 0.1419
Epoch:    600 | Train: 0.2249 0.0192 0.0387
Epoch:    700 | Train: 0.4941 0.0288 0.0783
Epoch:    800 | Train: 0.8736 0.0303 0.1873
Epoch:    900 | Train: 0.3647 0.0148 0.0923
Epoch:    999 | Train: 0.3178 0.0173 0.0551

======================================================================
PERF FORMAT: DATASET | Acuracy: ACC | Loss: LOSS1 LOSS2 LOSS3 | PS: PS
======================================================================
Train | Acuracy:  91.19% | Loss: 0.44821 0.02065 0.10094 | PS: 0.02503 
Val   | Acuracy:  90.51% | Loss: 0.48278 0.02214 0.10607 | PS: 0.02546 
Test  | Acuracy:  91.36% | Loss: 0.43475 0.02021 0.09825 | PS: 0.026 
----------------------------------------------------------------------
Optimization error  : 0.02503
Population error    : 0.026
Generalization error: 0.00096
