Namespace(batch_size=64, beta_moco=0.1, gamma_moco=0.1, gamma_modo=0.1, lr=1.0, moo_method='MoDo', num_epochs=1000, rho_moco=0.1, rho_modo=0.0, seed=4)

==================================================
Model parameter count per layer
==================================================
fc1.weight 	: 401408
fc1.bias 	: 512
fc2.weight 	: 5120
fc2.bias 	: 10
Total number of parametrs : 407050
--------------------------------------------------

======================================================================
LOG FORMAT: Epoch: EPOCH | Train: LOSS1 LOSS2 LOSS3
======================================================================
Epoch:      0 | Train: 2.389 0.1812 0.9669
Epoch:    100 | Train: 0.3712 0.037 0.0511
Epoch:    200 | Train: 0.2465 0.0277 0.0397
Epoch:    300 | Train: 0.2021 0.0196 0.0397
Epoch:    400 | Train: 0.3338 0.0248 0.074
Epoch:    500 | Train: 0.453 0.0274 0.078
Epoch:    600 | Train: 0.2125 0.0201 0.0231
Epoch:    700 | Train: 0.3327 0.0215 0.0507
Epoch:    800 | Train: 0.3018 0.0195 0.0896
Epoch:    900 | Train: 0.114 0.0152 0.0107
Epoch:    999 | Train: 0.319 0.0269 0.0385

======================================================================
PERF FORMAT: DATASET | Acuracy: ACC | Loss: LOSS1 LOSS2 LOSS3 | PS: PS
======================================================================
Train | Acuracy:  90.53% | Loss: 0.38827 0.02342 0.07601 | PS: 0.04679 
Val   | Acuracy:  90.07% | Loss: 0.41779 0.02447 0.08182 | PS: 0.04359 
Test  | Acuracy:  90.77% | Loss: 0.39131 0.02277 0.07937 | PS: 0.04397 
----------------------------------------------------------------------
Optimization error  : 0.04679
Population error    : 0.04397
Generalization error: -0.00281
