Namespace(batch_size=64, beta_moco=0.1, gamma_moco=0.1, gamma_modo=0.01, lr=1.0, moo_method='MoDo', num_epochs=1000, rho_moco=0.1, rho_modo=0.0, seed=5)

==================================================
Model parameter count per layer
==================================================
fc1.weight 	: 401408
fc1.bias 	: 512
fc2.weight 	: 5120
fc2.bias 	: 10
Total number of parametrs : 407050
--------------------------------------------------

======================================================================
LOG FORMAT: Epoch: EPOCH | Train: LOSS1 LOSS2 LOSS3
======================================================================
Epoch:      0 | Train: 2.2981 0.1796 0.8762
Epoch:    100 | Train: 0.445 0.0415 0.077
Epoch:    200 | Train: 0.4023 0.0442 0.0543
Epoch:    300 | Train: 0.4219 0.0365 0.0823
Epoch:    400 | Train: 0.3129 0.031 0.0494
Epoch:    500 | Train: 0.1656 0.0222 0.0183
Epoch:    600 | Train: 0.3276 0.0319 0.0601
Epoch:    700 | Train: 0.3212 0.0214 0.0509
Epoch:    800 | Train: 0.1494 0.019 0.0155
Epoch:    900 | Train: 0.3398 0.0296 0.0546
Epoch:    999 | Train: 0.2932 0.0324 0.0411

======================================================================
PERF FORMAT: DATASET | Acuracy: ACC | Loss: LOSS1 LOSS2 LOSS3 | PS: PS
======================================================================
Train | Acuracy:  90.57% | Loss: 0.32696 0.02673 0.05695 | PS: 0.0349 
Val   | Acuracy:  89.62% | Loss: 0.37082 0.02822 0.06937 | PS: 0.03478 
Test  | Acuracy:  90.50% | Loss: 0.33206 0.0266 0.05896 | PS: 0.0367 
----------------------------------------------------------------------
Optimization error  : 0.0349
Population error    : 0.0367
Generalization error: 0.00179
