Namespace(batch_size=64, beta_moco=0.1, gamma_moco=0.1, gamma_modo=0.005, lr=1.0, moo_method='MoDo', num_epochs=1000, rho_moco=0.1, rho_modo=0.0, seed=7)

==================================================
Model parameter count per layer
==================================================
fc1.weight 	: 401408
fc1.bias 	: 512
fc2.weight 	: 5120
fc2.bias 	: 10
Total number of parametrs : 407050
--------------------------------------------------

======================================================================
LOG FORMAT: Epoch: EPOCH | Train: LOSS1 LOSS2 LOSS3
======================================================================
Epoch:      0 | Train: 2.3284 0.18 0.9007
Epoch:    100 | Train: 0.2842 0.0336 0.0483
Epoch:    200 | Train: 0.4268 0.0371 0.0717
Epoch:    300 | Train: 0.4322 0.0387 0.0716
Epoch:    400 | Train: 0.9307 0.0411 0.2679
Epoch:    500 | Train: 0.0593 0.0102 0.0018
Epoch:    600 | Train: 0.1589 0.0198 0.0223
Epoch:    700 | Train: 0.2894 0.0249 0.0333
Epoch:    800 | Train: 0.3897 0.0327 0.061
Epoch:    900 | Train: 0.1203 0.0158 0.0154
Epoch:    999 | Train: 0.4393 0.0376 0.0762

======================================================================
PERF FORMAT: DATASET | Acuracy: ACC | Loss: LOSS1 LOSS2 LOSS3 | PS: PS
======================================================================
Train | Acuracy:  88.90% | Loss: 0.37229 0.02959 0.06361 | PS: 0.05756 
Val   | Acuracy:  88.56% | Loss: 0.39211 0.03016 0.069 | PS: 0.05976 
Test  | Acuracy:  88.65% | Loss: 0.38692 0.0299 0.06832 | PS: 0.06331 
----------------------------------------------------------------------
Optimization error  : 0.05756
Population error    : 0.06331
Generalization error: 0.00576
