Namespace(batch_size=64, beta_moco=0.1, gamma_moco=0.1, gamma_modo=0.05, lr=1.0, moo_method='MoDo', num_epochs=1000, rho_moco=0.1, rho_modo=0.0, seed=9)

==================================================
Model parameter count per layer
==================================================
fc1.weight 	: 401408
fc1.bias 	: 512
fc2.weight 	: 5120
fc2.bias 	: 10
Total number of parametrs : 407050
--------------------------------------------------

======================================================================
LOG FORMAT: Epoch: EPOCH | Train: LOSS1 LOSS2 LOSS3
======================================================================
Epoch:      0 | Train: 2.3852 0.1812 0.9629
Epoch:    100 | Train: 0.317 0.034 0.0534
Epoch:    200 | Train: 0.3995 0.0316 0.0632
Epoch:    300 | Train: 0.2318 0.0238 0.0563
Epoch:    400 | Train: 0.4644 0.027 0.0788
Epoch:    500 | Train: 0.1978 0.0197 0.0205
Epoch:    600 | Train: 0.4198 0.0277 0.0897
Epoch:    700 | Train: 0.3954 0.0262 0.0705
Epoch:    800 | Train: 0.3607 0.0279 0.0653
Epoch:    900 | Train: 0.2112 0.0196 0.0296
Epoch:    999 | Train: 0.7612 0.0287 0.2077

======================================================================
PERF FORMAT: DATASET | Acuracy: ACC | Loss: LOSS1 LOSS2 LOSS3 | PS: PS
======================================================================
Train | Acuracy:  91.28% | Loss: 0.33198 0.02331 0.06183 | PS: 0.02528 
Val   | Acuracy:  90.84% | Loss: 0.35507 0.02416 0.06903 | PS: 0.02536 
Test  | Acuracy:  91.09% | Loss: 0.33646 0.02331 0.0643 | PS: 0.02915 
----------------------------------------------------------------------
Optimization error  : 0.02528
Population error    : 0.02915
Generalization error: 0.00388
