Namespace(batch_size=64, beta_moco=0.1, gamma_moco=0.1, gamma_modo=0.01, lr=1.0, moo_method='MoDo', num_epochs=1000, rho_moco=0.1, rho_modo=0.0, seed=1)

==================================================
Model parameter count per layer
==================================================
fc1.weight 	: 401408
fc1.bias 	: 512
fc2.weight 	: 5120
fc2.bias 	: 10
Total number of parametrs : 407050
--------------------------------------------------

======================================================================
LOG FORMAT: Epoch: EPOCH | Train: LOSS1 LOSS2 LOSS3
======================================================================
Epoch:      0 | Train: 2.3314 0.1802 0.9087
Epoch:    100 | Train: 0.4971 0.0449 0.0691
Epoch:    200 | Train: 0.4311 0.0307 0.1042
Epoch:    300 | Train: 0.3633 0.0378 0.0462
Epoch:    400 | Train: 0.2625 0.0331 0.029
Epoch:    500 | Train: 0.333 0.0312 0.0429
Epoch:    600 | Train: 0.5687 0.0463 0.0856
Epoch:    700 | Train: 0.2573 0.0215 0.0385
Epoch:    800 | Train: 0.3237 0.0271 0.0502
Epoch:    900 | Train: 0.1948 0.0209 0.0361
Epoch:    999 | Train: 0.1679 0.0207 0.019

======================================================================
PERF FORMAT: DATASET | Acuracy: ACC | Loss: LOSS1 LOSS2 LOSS3 | PS: PS
======================================================================
Train | Acuracy:  90.79% | Loss: 0.32429 0.02649 0.05626 | PS: 0.03263 
Val   | Acuracy:  90.78% | Loss: 0.33447 0.02721 0.05947 | PS: 0.03155 
Test  | Acuracy:  90.90% | Loss: 0.32548 0.0261 0.05822 | PS: 0.03488 
----------------------------------------------------------------------
Optimization error  : 0.03263
Population error    : 0.03488
Generalization error: 0.00225
