Namespace(batch_size=64, beta_moco=0.1, gamma_moco=0.1, gamma_modo=1.0, lr=1.0, moo_method='MoDo', num_epochs=1000, rho_moco=0.1, rho_modo=0.0, seed=6)

==================================================
Model parameter count per layer
==================================================
fc1.weight 	: 401408
fc1.bias 	: 512
fc2.weight 	: 5120
fc2.bias 	: 10
Total number of parametrs : 407050
--------------------------------------------------

======================================================================
LOG FORMAT: Epoch: EPOCH | Train: LOSS1 LOSS2 LOSS3
======================================================================
Epoch:      0 | Train: 2.3515 0.1806 0.9289
Epoch:    100 | Train: 0.6176 0.0429 0.1323
Epoch:    200 | Train: 0.177 0.0207 0.031
Epoch:    300 | Train: 0.4622 0.0387 0.0769
Epoch:    400 | Train: 0.9007 0.0292 0.2016
Epoch:    500 | Train: 0.3375 0.0198 0.0666
Epoch:    600 | Train: 0.4099 0.0237 0.0904
Epoch:    700 | Train: 0.4407 0.0269 0.0852
Epoch:    800 | Train: 0.0937 0.0124 0.0097
Epoch:    900 | Train: 0.7715 0.0287 0.1319
Epoch:    999 | Train: 0.8437 0.0407 0.2091

======================================================================
PERF FORMAT: DATASET | Acuracy: ACC | Loss: LOSS1 LOSS2 LOSS3 | PS: PS
======================================================================
Train | Acuracy:  91.46% | Loss: 0.38071 0.02122 0.08083 | PS: 0.02402 
Val   | Acuracy:  90.33% | Loss: 0.39123 0.02263 0.08397 | PS: 0.02407 
Test  | Acuracy:  91.50% | Loss: 0.36936 0.02093 0.0787 | PS: 0.02493 
----------------------------------------------------------------------
Optimization error  : 0.02402
Population error    : 0.02493
Generalization error: 0.00091
