Namespace(batch_size=64, beta_moco=0.1, gamma_moco=0.01, gamma_modo=0.1, lr=0.1, moo_method='MoCo', num_epochs=1000, rho_moco=0.1, rho_modo=0.1, seed=8)

==================================================
Model parameter count per layer
==================================================
fc1.weight 	: 401408
fc1.bias 	: 512
fc2.weight 	: 5120
fc2.bias 	: 10
Total number of parametrs : 407050
--------------------------------------------------

================================================================================
LOG FORMAT: Epoch: EPOCH | Train: LOSS1 LOSS2 LOSS3 | Test: LOSS1 LOSS2 LOSS3
================================================================================
Epoch:      0 | Train: 2.3556 0.1806 0.9304 | Test: 2.3569 0.1807 0.9314
Epoch:     50 | Train: 0.7084 0.0856 0.0861 | Test: 0.6882 0.084 0.0813
Epoch:    100 | Train: 0.5273 0.0625 0.0705 | Test: 0.5097 0.0609 0.0673
Epoch:    150 | Train: 0.4623 0.0536 0.0654 | Test: 0.4433 0.0518 0.062
Epoch:    200 | Train: 0.4231 0.048 0.0626 | Test: 0.4065 0.0464 0.0599
Epoch:    250 | Train: 0.4036 0.0448 0.0606 | Test: 0.3888 0.0432 0.0586
Epoch:    300 | Train: 0.3865 0.0426 0.0593 | Test: 0.374 0.0411 0.0583
Epoch:    350 | Train: 0.3723 0.04 0.0587 | Test: 0.3594 0.0388 0.0568
Epoch:    400 | Train: 0.3596 0.0383 0.0571 | Test: 0.3479 0.0369 0.0565
Epoch:    450 | Train: 0.3598 0.0373 0.0583 | Test: 0.347 0.0359 0.0576
Epoch:    500 | Train: 0.349 0.0367 0.0562 | Test: 0.3396 0.0353 0.0564
Epoch:    550 | Train: 0.3424 0.0355 0.0556 | Test: 0.3345 0.0342 0.056
Epoch:    600 | Train: 0.3405 0.0354 0.0549 | Test: 0.3335 0.0342 0.0557
Epoch:    650 | Train: 0.3322 0.0343 0.0539 | Test: 0.3255 0.0333 0.0544
Epoch:    700 | Train: 0.3293 0.0339 0.0532 | Test: 0.322 0.0328 0.0534
Epoch:    750 | Train: 0.3257 0.0331 0.0533 | Test: 0.32 0.0321 0.0539
Epoch:    800 | Train: 0.3221 0.0329 0.0522 | Test: 0.3154 0.0318 0.0529
Epoch:    850 | Train: 0.321 0.0324 0.0523 | Test: 0.3169 0.0315 0.0534
Epoch:    900 | Train: 0.3268 0.033 0.0531 | Test: 0.3167 0.0318 0.0523
Epoch:    950 | Train: 0.3208 0.0326 0.0524 | Test: 0.3101 0.0313 0.0519
Epoch:    999 | Train: 0.3163 0.0319 0.0519 | Test: 0.3081 0.0309 0.0518

================================================================================
PERF FORMAT: DATASET | Acuracy: ACC | Loss: LOSS1 LOSS2 LOSS3 | PS: PS
======================================================================
Train | Acuracy:  90.87% | Loss: 0.31609 0.03187 0.05189 | PS: 0.0264 
Val   | Acuracy:  90.39% | Loss: 0.34351 0.03274 0.06102 | PS: 0.0271 
Test  | Acuracy:  91.42% | Loss: 0.30798 0.03086 0.05177 | PS: 0.02912 
--------------------------------------------------------------------------------
Optimization error  : 0.0264
Population error    : 0.02912
Generalization error: 0.00272
