Namespace(batch_size=64, beta_moco=0.1, gamma_moco=0.01, gamma_modo=0.1, lr=0.1, moo_method='MoCo', num_epochs=1000, rho_moco=0.1, rho_modo=0.1, seed=0)

==================================================
Model parameter count per layer
==================================================
fc1.weight 	: 401408
fc1.bias 	: 512
fc2.weight 	: 5120
fc2.bias 	: 10
Total number of parametrs : 407050
--------------------------------------------------

================================================================================
LOG FORMAT: Epoch: EPOCH | Train: LOSS1 LOSS2 LOSS3 | Test: LOSS1 LOSS2 LOSS3
================================================================================
Epoch:      0 | Train: 2.3229 0.1802 0.9055 | Test: 2.3241 0.1802 0.9065
Epoch:     50 | Train: 0.7235 0.0846 0.0956 | Test: 0.7032 0.0831 0.0902
Epoch:    100 | Train: 0.5309 0.0625 0.0736 | Test: 0.5076 0.0606 0.0678
Epoch:    150 | Train: 0.4635 0.0533 0.0674 | Test: 0.4411 0.0515 0.0618
Epoch:    200 | Train: 0.4253 0.0481 0.0633 | Test: 0.4042 0.0463 0.0584
Epoch:    250 | Train: 0.4036 0.045 0.0609 | Test: 0.3885 0.0436 0.058
Epoch:    300 | Train: 0.3847 0.042 0.0598 | Test: 0.3685 0.0405 0.0565
Epoch:    350 | Train: 0.3725 0.04 0.0592 | Test: 0.3549 0.0385 0.0555
Epoch:    400 | Train: 0.3628 0.0383 0.0587 | Test: 0.348 0.0368 0.0563
Epoch:    450 | Train: 0.3565 0.0375 0.0582 | Test: 0.343 0.0361 0.0559
Epoch:    500 | Train: 0.3517 0.0367 0.0577 | Test: 0.335 0.0351 0.0547
Epoch:    550 | Train: 0.3453 0.0362 0.0556 | Test: 0.3281 0.0346 0.0523
Epoch:    600 | Train: 0.3469 0.0365 0.0556 | Test: 0.3324 0.0352 0.0527
Epoch:    650 | Train: 0.338 0.0353 0.0543 | Test: 0.3218 0.0338 0.0517
Epoch:    700 | Train: 0.3345 0.0345 0.0543 | Test: 0.317 0.0329 0.051
Epoch:    750 | Train: 0.3286 0.0334 0.0539 | Test: 0.3152 0.032 0.0519
Epoch:    800 | Train: 0.3276 0.0334 0.0533 | Test: 0.3156 0.032 0.0517
Epoch:    850 | Train: 0.3277 0.0331 0.0538 | Test: 0.3163 0.0318 0.0525
Epoch:    900 | Train: 0.3199 0.0318 0.0535 | Test: 0.3061 0.0304 0.0513
Epoch:    950 | Train: 0.3192 0.0318 0.0536 | Test: 0.3059 0.0305 0.0509
Epoch:    999 | Train: 0.3153 0.0315 0.0524 | Test: 0.3028 0.0303 0.0501

================================================================================
PERF FORMAT: DATASET | Acuracy: ACC | Loss: LOSS1 LOSS2 LOSS3 | PS: PS
======================================================================
Train | Acuracy:  90.96% | Loss: 0.31511 0.03148 0.05236 | PS: 0.01466 
Val   | Acuracy:  90.69% | Loss: 0.32301 0.03206 0.05333 | PS: 0.01653 
Test  | Acuracy:  91.37% | Loss: 0.30262 0.03027 0.05002 | PS: 0.01757 
--------------------------------------------------------------------------------
Optimization error  : 0.01466
Population error    : 0.01757
Generalization error: 0.00291
