Namespace(batch_size=64, beta_moco=0.1, gamma_moco=0.1, gamma_modo=0.01, lr=0.1, moo_method='MoDo', num_epochs=1000, rho_moco=0.1, rho_modo=0.1, seed=8)

==================================================
Model parameter count per layer
==================================================
fc1.weight 	: 401408
fc1.bias 	: 512
fc2.weight 	: 5120
fc2.bias 	: 10
Total number of parametrs : 407050
--------------------------------------------------

================================================================================
LOG FORMAT: Epoch: EPOCH | Train: LOSS1 LOSS2 LOSS3 | Test: LOSS1 LOSS2 LOSS3
================================================================================
Epoch:      0 | Train: 2.3556 0.1806 0.9304 | Test: 2.3569 0.1807 0.9314
Epoch:     50 | Train: 0.7275 0.0875 0.0859 | Test: 0.7055 0.0858 0.0814
Epoch:    100 | Train: 0.5346 0.0646 0.0683 | Test: 0.5144 0.0628 0.0644
Epoch:    150 | Train: 0.4635 0.0543 0.0636 | Test: 0.4432 0.0525 0.0603
Epoch:    200 | Train: 0.4261 0.0487 0.0614 | Test: 0.4104 0.0471 0.0592
Epoch:    250 | Train: 0.4005 0.045 0.0594 | Test: 0.3855 0.0436 0.0572
Epoch:    300 | Train: 0.3893 0.0429 0.0592 | Test: 0.376 0.0417 0.0574
Epoch:    350 | Train: 0.3716 0.0405 0.057 | Test: 0.3555 0.0389 0.0552
Epoch:    400 | Train: 0.3661 0.0392 0.0571 | Test: 0.3541 0.0377 0.0563
Epoch:    450 | Train: 0.3524 0.0377 0.0553 | Test: 0.3426 0.0366 0.0548
Epoch:    500 | Train: 0.3495 0.037 0.055 | Test: 0.3388 0.0358 0.0541
Epoch:    550 | Train: 0.3527 0.0371 0.0555 | Test: 0.3457 0.036 0.0562
Epoch:    600 | Train: 0.3415 0.0357 0.0543 | Test: 0.3295 0.0344 0.0531
Epoch:    650 | Train: 0.3344 0.0349 0.0531 | Test: 0.3263 0.0338 0.0532
Epoch:    700 | Train: 0.3368 0.0349 0.0542 | Test: 0.3303 0.0339 0.0545
Epoch:    750 | Train: 0.3275 0.034 0.0525 | Test: 0.3218 0.033 0.0528
Epoch:    800 | Train: 0.3233 0.033 0.0528 | Test: 0.3146 0.0317 0.0527
Epoch:    850 | Train: 0.3207 0.0328 0.0524 | Test: 0.3117 0.0316 0.0517
Epoch:    900 | Train: 0.3211 0.0328 0.0521 | Test: 0.3104 0.0315 0.0511
Epoch:    950 | Train: 0.3163 0.0321 0.0516 | Test: 0.309 0.0311 0.0514
Epoch:    999 | Train: 0.3159 0.0318 0.0515 | Test: 0.3087 0.0307 0.0513

================================================================================
PERF FORMAT: DATASET | Acuracy: ACC | Loss: LOSS1 LOSS2 LOSS3 | PS: PS
======================================================================
Train | Acuracy:  91.01% | Loss: 0.31471 0.03162 0.05143 | PS: 0.02216 
Val   | Acuracy:  90.57% | Loss: 0.33871 0.03241 0.06016 | PS: 0.02204 
Test  | Acuracy:  91.36% | Loss: 0.30796 0.03063 0.05148 | PS: 0.02632 
--------------------------------------------------------------------------------
Optimization error  : 0.02216
Population error    : 0.02632
Generalization error: 0.00417
