Namespace(batch_size=64, beta_moco=0.1, gamma_moco=0.1, gamma_modo=0.5, lr=0.1, moo_method='MoDo', num_epochs=1000, rho_moco=0.1, rho_modo=0.0, seed=8)

==================================================
Model parameter count per layer
==================================================
fc1.weight 	: 401408
fc1.bias 	: 512
fc2.weight 	: 5120
fc2.bias 	: 10
Total number of parametrs : 407050
--------------------------------------------------

======================================================================
LOG FORMAT: Epoch: EPOCH | Train: LOSS1 LOSS2 LOSS3
======================================================================
Epoch:      0 | Train: 2.3867 0.1813 0.961
Epoch:    100 | Train: 1.6627 0.1511 0.3955
Epoch:    200 | Train: 1.4846 0.1254 0.4103
Epoch:    300 | Train: 0.8098 0.0828 0.1683
Epoch:    400 | Train: 1.1748 0.0911 0.3682
Epoch:    500 | Train: 0.9071 0.0796 0.2335
Epoch:    600 | Train: 0.6966 0.061 0.1521
Epoch:    700 | Train: 0.3289 0.039 0.0474
Epoch:    800 | Train: 0.4172 0.045 0.067
Epoch:    900 | Train: 0.5461 0.0515 0.0992
Epoch:    999 | Train: 0.5485 0.0479 0.1356

======================================================================
PERF FORMAT: DATASET | Acuracy: ACC | Loss: LOSS1 LOSS2 LOSS3 | PS: PS
======================================================================
Train | Acuracy:  87.45% | Loss: 0.42979 0.04148 0.07923 | PS: 0.01942 
Val   | Acuracy:  87.05% | Loss: 0.44347 0.04205 0.08465 | PS: 0.02002 
Test  | Acuracy:  88.04% | Loss: 0.41033 0.03974 0.07591 | PS: 0.02259 
----------------------------------------------------------------------
Optimization error  : 0.01942
Population error    : 0.02259
Generalization error: 0.00317
