Namespace(batch_size=64, beta_moco=0.1, gamma_moco=0.1, gamma_modo=0.01, lr=0.1, moo_method='MoDo', num_epochs=1000, rho_moco=0.1, rho_modo=0.0, seed=0)

==================================================
Model parameter count per layer
==================================================
fc1.weight 	: 401408
fc1.bias 	: 512
fc2.weight 	: 5120
fc2.bias 	: 10
Total number of parametrs : 407050
--------------------------------------------------

======================================================================
LOG FORMAT: Epoch: EPOCH | Train: LOSS1 LOSS2 LOSS3
======================================================================
Epoch:      0 | Train: 2.3186 0.1801 0.9017
Epoch:    100 | Train: 0.551 0.0662 0.0571
Epoch:    200 | Train: 0.4894 0.0571 0.065
Epoch:    300 | Train: 0.4137 0.0441 0.0607
Epoch:    400 | Train: 0.3792 0.0383 0.0605
Epoch:    500 | Train: 0.4513 0.0463 0.0822
Epoch:    600 | Train: 0.4109 0.0406 0.0732
Epoch:    700 | Train: 0.4 0.0417 0.0687
Epoch:    800 | Train: 0.1693 0.0239 0.0098
Epoch:    900 | Train: 0.227 0.0272 0.0271
Epoch:    999 | Train: 0.4484 0.03 0.1074

======================================================================
PERF FORMAT: DATASET | Acuracy: ACC | Loss: LOSS1 LOSS2 LOSS3 | PS: PS
======================================================================
Train | Acuracy:  90.81% | Loss: 0.3239 0.03254 0.05367 | PS: 0.01838 
Val   | Acuracy:  90.43% | Loss: 0.33318 0.03307 0.05581 | PS: 0.01939 
Test  | Acuracy:  91.23% | Loss: 0.31278 0.03143 0.0522 | PS: 0.0213 
----------------------------------------------------------------------
Optimization error  : 0.01838
Population error    : 0.0213
Generalization error: 0.00293
