Namespace(batch_size=64, beta_moco=0.1, gamma_moco=0.1, gamma_modo=0.5, lr=0.1, moo_method='MoDo', num_epochs=1000, rho_moco=0.1, rho_modo=0.0, seed=0)

==================================================
Model parameter count per layer
==================================================
fc1.weight 	: 401408
fc1.bias 	: 512
fc2.weight 	: 5120
fc2.bias 	: 10
Total number of parametrs : 407050
--------------------------------------------------

======================================================================
LOG FORMAT: Epoch: EPOCH | Train: LOSS1 LOSS2 LOSS3
======================================================================
Epoch:      0 | Train: 2.3186 0.1801 0.9017
Epoch:    100 | Train: 1.9104 0.166 0.4731
Epoch:    200 | Train: 1.3478 0.126 0.3106
Epoch:    300 | Train: 1.0749 0.0921 0.3081
Epoch:    400 | Train: 0.7483 0.0666 0.1557
Epoch:    500 | Train: 0.9959 0.0829 0.2242
Epoch:    600 | Train: 0.7358 0.0707 0.1556
Epoch:    700 | Train: 0.7364 0.0622 0.1796
Epoch:    800 | Train: 0.2526 0.0344 0.0213
Epoch:    900 | Train: 0.3426 0.0351 0.0442
Epoch:    999 | Train: 0.6155 0.0418 0.1609

======================================================================
PERF FORMAT: DATASET | Acuracy: ACC | Loss: LOSS1 LOSS2 LOSS3 | PS: PS
======================================================================
Train | Acuracy:  87.24% | Loss: 0.4353 0.04146 0.08123 | PS: 0.01879 
Val   | Acuracy:  87.51% | Loss: 0.44021 0.04199 0.08167 | PS: 0.01996 
Test  | Acuracy:  87.80% | Loss: 0.41156 0.03961 0.07538 | PS: 0.02023 
----------------------------------------------------------------------
Optimization error  : 0.01879
Population error    : 0.02023
Generalization error: 0.00144
