Namespace(batch_size=64, beta_moco=0.1, gamma_moco=0.1, gamma_modo=0.005, lr=0.1, moo_method='MoDo', num_epochs=1000, rho_moco=0.1, rho_modo=0.0, seed=3)

==================================================
Model parameter count per layer
==================================================
fc1.weight 	: 401408
fc1.bias 	: 512
fc2.weight 	: 5120
fc2.bias 	: 10
Total number of parametrs : 407050
--------------------------------------------------

======================================================================
LOG FORMAT: Epoch: EPOCH | Train: LOSS1 LOSS2 LOSS3
======================================================================
Epoch:      0 | Train: 2.363 0.1804 0.9304
Epoch:    100 | Train: 0.5763 0.0688 0.0828
Epoch:    200 | Train: 0.5805 0.0565 0.1217
Epoch:    300 | Train: 0.2949 0.0392 0.0283
Epoch:    400 | Train: 0.2884 0.0361 0.0325
Epoch:    500 | Train: 0.4205 0.0381 0.0852
Epoch:    600 | Train: 0.2888 0.037 0.0357
Epoch:    700 | Train: 0.2922 0.0355 0.0365
Epoch:    800 | Train: 0.4856 0.0402 0.0891
Epoch:    900 | Train: 0.3106 0.0289 0.0574
Epoch:    999 | Train: 0.2434 0.028 0.0292

======================================================================
PERF FORMAT: DATASET | Acuracy: ACC | Loss: LOSS1 LOSS2 LOSS3 | PS: PS
======================================================================
Train | Acuracy:  91.12% | Loss: 0.31704 0.0316 0.05242 | PS: 0.02892 
Val   | Acuracy:  90.38% | Loss: 0.3389 0.03279 0.0582 | PS: 0.02994 
Test  | Acuracy:  91.16% | Loss: 0.30827 0.03069 0.05143 | PS: 0.03127 
----------------------------------------------------------------------
Optimization error  : 0.02892
Population error    : 0.03127
Generalization error: 0.00235
