Namespace(batch_size=64, beta_moco=0.1, gamma_moco=0.1, gamma_modo=0.01, lr=0.1, moo_method='MoDo', num_epochs=1000, rho_moco=0.1, rho_modo=0.0, seed=9)

==================================================
Model parameter count per layer
==================================================
fc1.weight 	: 401408
fc1.bias 	: 512
fc2.weight 	: 5120
fc2.bias 	: 10
Total number of parametrs : 407050
--------------------------------------------------

======================================================================
LOG FORMAT: Epoch: EPOCH | Train: LOSS1 LOSS2 LOSS3
======================================================================
Epoch:      0 | Train: 2.3852 0.1812 0.9629
Epoch:    100 | Train: 0.5504 0.0651 0.0813
Epoch:    200 | Train: 0.4942 0.0532 0.0674
Epoch:    300 | Train: 0.3205 0.0405 0.0467
Epoch:    400 | Train: 0.4148 0.0369 0.0667
Epoch:    500 | Train: 0.2636 0.0337 0.0205
Epoch:    600 | Train: 0.4599 0.0437 0.0914
Epoch:    700 | Train: 0.3672 0.0373 0.0548
Epoch:    800 | Train: 0.3991 0.0408 0.073
Epoch:    900 | Train: 0.2485 0.0297 0.0281
Epoch:    999 | Train: 0.6124 0.0398 0.1604

======================================================================
PERF FORMAT: DATASET | Acuracy: ACC | Loss: LOSS1 LOSS2 LOSS3 | PS: PS
======================================================================
Train | Acuracy:  90.86% | Loss: 0.32539 0.03325 0.05268 | PS: 0.0195 
Val   | Acuracy:  90.73% | Loss: 0.33277 0.03348 0.0551 | PS: 0.02149 
Test  | Acuracy:  91.14% | Loss: 0.31471 0.03199 0.05186 | PS: 0.02428 
----------------------------------------------------------------------
Optimization error  : 0.0195
Population error    : 0.02428
Generalization error: 0.00478
