Namespace(batch_size=64, beta_moco=0.1, gamma_moco=0.1, gamma_modo=0.5, lr=0.1, moo_method='MoDo', num_epochs=1000, rho_moco=0.1, rho_modo=0.0, seed=9)

==================================================
Model parameter count per layer
==================================================
fc1.weight 	: 401408
fc1.bias 	: 512
fc2.weight 	: 5120
fc2.bias 	: 10
Total number of parametrs : 407050
--------------------------------------------------

======================================================================
LOG FORMAT: Epoch: EPOCH | Train: LOSS1 LOSS2 LOSS3
======================================================================
Epoch:      0 | Train: 2.3852 0.1812 0.9629
Epoch:    100 | Train: 1.9304 0.1591 0.5856
Epoch:    200 | Train: 1.6371 0.1361 0.4503
Epoch:    300 | Train: 0.9088 0.0847 0.2021
Epoch:    400 | Train: 0.7324 0.0718 0.15
Epoch:    500 | Train: 0.5904 0.0604 0.0995
Epoch:    600 | Train: 0.7229 0.067 0.1593
Epoch:    700 | Train: 0.5365 0.054 0.0861
Epoch:    800 | Train: 0.5058 0.0543 0.0848
Epoch:    900 | Train: 0.3615 0.0423 0.0405
Epoch:    999 | Train: 0.6424 0.0471 0.1592

======================================================================
PERF FORMAT: DATASET | Acuracy: ACC | Loss: LOSS1 LOSS2 LOSS3 | PS: PS
======================================================================
Train | Acuracy:  87.90% | Loss: 0.42001 0.04037 0.07828 | PS: 0.01915 
Val   | Acuracy:  88.19% | Loss: 0.42098 0.04027 0.07717 | PS: 0.02036 
Test  | Acuracy:  88.43% | Loss: 0.39793 0.03863 0.07289 | PS: 0.0232 
----------------------------------------------------------------------
Optimization error  : 0.01915
Population error    : 0.0232
Generalization error: 0.00405
