Namespace(batch_size=64, beta_moco=0.1, gamma_moco=0.1, gamma_modo=0.05, lr=0.1, moo_method='MoDo', num_epochs=1000, rho_moco=0.1, rho_modo=0.0, seed=7)

==================================================
Model parameter count per layer
==================================================
fc1.weight 	: 401408
fc1.bias 	: 512
fc2.weight 	: 5120
fc2.bias 	: 10
Total number of parametrs : 407050
--------------------------------------------------

======================================================================
LOG FORMAT: Epoch: EPOCH | Train: LOSS1 LOSS2 LOSS3
======================================================================
Epoch:      0 | Train: 2.3284 0.18 0.9007
Epoch:    100 | Train: 0.7776 0.0969 0.0719
Epoch:    200 | Train: 0.6688 0.0766 0.0938
Epoch:    300 | Train: 0.6326 0.0637 0.1024
Epoch:    400 | Train: 0.7 0.0644 0.1495
Epoch:    500 | Train: 0.1697 0.0279 0.0048
Epoch:    600 | Train: 0.3062 0.0412 0.034
Epoch:    700 | Train: 0.3676 0.0386 0.0574
Epoch:    800 | Train: 0.4212 0.0419 0.0696
Epoch:    900 | Train: 0.2264 0.029 0.0274
Epoch:    999 | Train: 0.4408 0.0464 0.0731

======================================================================
PERF FORMAT: DATASET | Acuracy: ACC | Loss: LOSS1 LOSS2 LOSS3 | PS: PS
======================================================================
Train | Acuracy:  89.53% | Loss: 0.36551 0.03744 0.05998 | PS: 0.02057 
Val   | Acuracy:  89.76% | Loss: 0.36215 0.03727 0.05971 | PS: 0.02101 
Test  | Acuracy:  89.90% | Loss: 0.34646 0.03585 0.05688 | PS: 0.02516 
----------------------------------------------------------------------
Optimization error  : 0.02057
Population error    : 0.02516
Generalization error: 0.00459
