Namespace(batch_size=64, beta_moco=0.1, gamma_moco=0.1, gamma_modo=1.0, lr=0.1, moo_method='MoDo', num_epochs=1000, rho_moco=0.1, rho_modo=0.0, seed=3)

==================================================
Model parameter count per layer
==================================================
fc1.weight 	: 401408
fc1.bias 	: 512
fc2.weight 	: 5120
fc2.bias 	: 10
Total number of parametrs : 407050
--------------------------------------------------

======================================================================
LOG FORMAT: Epoch: EPOCH | Train: LOSS1 LOSS2 LOSS3
======================================================================
Epoch:      0 | Train: 2.363 0.1804 0.9304
Epoch:    100 | Train: 1.8192 0.1584 0.4849
Epoch:    200 | Train: 1.4446 0.1277 0.3885
Epoch:    300 | Train: 1.0689 0.1003 0.2152
Epoch:    400 | Train: 0.7015 0.0735 0.1243
Epoch:    500 | Train: 0.6872 0.0673 0.1421
Epoch:    600 | Train: 0.4868 0.0584 0.0657
Epoch:    700 | Train: 0.4617 0.0505 0.0723
Epoch:    800 | Train: 0.5444 0.0496 0.1186
Epoch:    900 | Train: 0.4341 0.0386 0.0776
Epoch:    999 | Train: 0.3794 0.0365 0.0603

======================================================================
PERF FORMAT: DATASET | Acuracy: ACC | Loss: LOSS1 LOSS2 LOSS3 | PS: PS
======================================================================
Train | Acuracy:  88.98% | Loss: 0.38899 0.03819 0.06896 | PS: 0.01742 
Val   | Acuracy:  88.35% | Loss: 0.40088 0.03901 0.07199 | PS: 0.02023 
Test  | Acuracy:  89.47% | Loss: 0.37011 0.0367 0.06478 | PS: 0.02253 
----------------------------------------------------------------------
Optimization error  : 0.01742
Population error    : 0.02253
Generalization error: 0.00511
