Namespace(batch_size=64, beta_moco=0.1, gamma_moco=0.1, gamma_modo=0.1, lr=0.1, moo_method='MoDo', num_epochs=1000, rho_moco=0.1, rho_modo=0.0, seed=5)

==================================================
Model parameter count per layer
==================================================
fc1.weight 	: 401408
fc1.bias 	: 512
fc2.weight 	: 5120
fc2.bias 	: 10
Total number of parametrs : 407050
--------------------------------------------------

======================================================================
LOG FORMAT: Epoch: EPOCH | Train: LOSS1 LOSS2 LOSS3
======================================================================
Epoch:      0 | Train: 2.2981 0.1796 0.8762
Epoch:    100 | Train: 1.1524 0.1215 0.1713
Epoch:    200 | Train: 0.9631 0.1014 0.1604
Epoch:    300 | Train: 0.7328 0.0811 0.1223
Epoch:    400 | Train: 0.4885 0.0589 0.0682
Epoch:    500 | Train: 0.3493 0.0444 0.0395
Epoch:    600 | Train: 0.4173 0.0508 0.0546
Epoch:    700 | Train: 0.402 0.0346 0.0733
Epoch:    800 | Train: 0.2734 0.0331 0.0296
Epoch:    900 | Train: 0.4539 0.0372 0.1282
Epoch:    999 | Train: 0.4222 0.0423 0.0712

======================================================================
PERF FORMAT: DATASET | Acuracy: ACC | Loss: LOSS1 LOSS2 LOSS3 | PS: PS
======================================================================
Train | Acuracy:  88.28% | Loss: 0.40531 0.03632 0.07963 | PS: 0.01443 
Val   | Acuracy:  87.88% | Loss: 0.42952 0.03739 0.08523 | PS: 0.01471 
Test  | Acuracy:  89.19% | Loss: 0.38394 0.03467 0.07439 | PS: 0.01554 
----------------------------------------------------------------------
Optimization error  : 0.01443
Population error    : 0.01554
Generalization error: 0.00111
