========================================
General Configuration:
	Wighting: EW
	Architecture: HPS
	Rep_Grad: False
	Multi_Input: True
	Seed: 0
	Device: cuda:0
EW Configuration:
	weighting: EW
Optimizer Configuration:
	optim: adam
	lr: 0.01
	weight_decay: 1e-07
========================================
Total Params: 11487901
Trainable Params: 11487901
Non-trainable Params: 0
========================================
LOG FORMAT | amazon_LOSS Acc | dslr_LOSS Acc | webcam_LOSS Acc | TIME
Epoch: 0000 | TRAIN: 3.8314 0.0355 | 3.4676 0.0781 | 3.5351 0.0697 | Time: 33.4543 | VAL: 4.3651 0.0380 | 4.1357 0.0562 | 3.7909 0.0738 | Time: 2.8292 | TEST: 4.6504 0.0530 | 4.0149 0.0410 | 3.3776 0.1333 | Time: 3.4365
Epoch: 0001 | TRAIN: 3.7103 0.0469 | 3.2618 0.1154 | 3.2099 0.1280 | Time: 32.0417 | VAL: 4.9236 0.0453 | 3.2819 0.1236 | 5.5439 0.1141 | Time: 2.7594 | TEST: 5.6525 0.0342 | 3.3355 0.0738 | 4.0012 0.1333 | Time: 3.2439
Epoch: 0002 | TRAIN: 3.7004 0.0559 | 2.8474 0.1508 | 2.8591 0.1496 | Time: 31.5766 | VAL: 4.0780 0.0471 | 3.7285 0.1011 | 2.7347 0.1879 | Time: 2.8215 | TEST: 4.2423 0.0427 | 3.5051 0.0738 | 2.7386 0.1778 | Time: 3.3389
Epoch: 0003 | TRAIN: 3.7047 0.0733 | 2.5684 0.2079 | 2.6552 0.1929 | Time: 31.4780 | VAL: 4.0815 0.0507 | 3.8345 0.1011 | 2.7607 0.1745 | Time: 2.8103 | TEST: 4.0138 0.0564 | 3.6198 0.1148 | 2.6554 0.1778 | Time: 3.2953
Epoch: 0004 | TRAIN: 3.5185 0.1100 | 2.3663 0.2458 | 2.4544 0.2530 | Time: 31.6918 | VAL: 3.9692 0.0598 | 4.2371 0.1236 | 2.5232 0.2349 | Time: 2.7751 | TEST: 3.9018 0.0513 | 3.8411 0.1393 | 2.5748 0.2389 | Time: 4.5680
Epoch: 0005 | TRAIN: 3.3155 0.1322 | 2.0065 0.3660 | 2.1664 0.3215 | Time: 44.0835 | VAL: 4.2118 0.0707 | 4.6947 0.0899 | 2.0739 0.3289 | Time: 4.7968 | TEST: 4.2423 0.0615 | 4.1499 0.1639 | 2.2142 0.3111 | Time: 5.0237
Epoch: 0006 | TRAIN: 3.1202 0.1779 | 1.4489 0.5054 | 1.7320 0.4561 | Time: 35.5785 | VAL: 3.8971 0.0924 | 5.5279 0.1348 | 1.8790 0.4027 | Time: 2.9425 | TEST: 3.8236 0.0906 | 5.1359 0.1639 | 2.0144 0.4333 | Time: 3.4958
Epoch: 0007 | TRAIN: 2.9778 0.2043 | 1.0519 0.6496 | 1.3350 0.5709 | Time: 32.1207 | VAL: 7.8670 0.0525 | 5.2217 0.1573 | 2.3950 0.4161 | Time: 2.8057 | TEST: 7.9695 0.0462 | 4.4974 0.2787 | 2.6726 0.3333 | Time: 3.5268
Epoch: 0008 | TRAIN: 2.7707 0.2476 | 0.7084 0.7740 | 0.9883 0.6773 | Time: 32.3424 | VAL: 3.2258 0.1793 | 5.3023 0.2135 | 1.8089 0.4161 | Time: 2.7168 | TEST: 3.1641 0.1658 | 4.4763 0.2459 | 1.8389 0.4444 | Time: 3.2291
Epoch: 0009 | TRAIN: 2.5555 0.2897 | 0.4795 0.8425 | 0.6222 0.8005 | Time: 32.3240 | VAL: 5.0633 0.1449 | 5.2136 0.1910 | 1.3699 0.6107 | Time: 2.8022 | TEST: 4.8930 0.1282 | 4.4059 0.2787 | 1.5642 0.5611 | Time: 3.4861
Epoch: 0010 | TRAIN: 2.3795 0.3389 | 0.3129 0.9075 | 0.4969 0.8395 | Time: 32.2527 | VAL: 4.4876 0.1612 | 5.6362 0.1573 | 1.2524 0.5705 | Time: 2.8491 | TEST: 4.3336 0.1744 | 4.6485 0.2459 | 1.4141 0.5778 | Time: 3.3334
Epoch: 0011 | TRAIN: 2.2926 0.3401 | 0.2688 0.9153 | 0.3649 0.8912 | Time: 32.4589 | VAL: 5.2893 0.0960 | 5.3030 0.1236 | 0.7639 0.7852 | Time: 2.7602 | TEST: 5.1676 0.1077 | 4.6991 0.2213 | 1.1264 0.7500 | Time: 3.2605
Epoch: 0012 | TRAIN: 2.1046 0.3942 | 0.1861 0.9531 | 0.2461 0.9309 | Time: 32.0701 | VAL: 4.2761 0.1775 | 6.0460 0.2022 | 1.0659 0.7114 | Time: 2.8208 | TEST: 4.1461 0.1726 | 5.1721 0.2787 | 1.4401 0.6556 | Time: 3.3336
Epoch: 0013 | TRAIN: 2.0271 0.4087 | 0.1349 0.9663 | 0.2426 0.9231 | Time: 32.5575 | VAL: 4.8065 0.2246 | 6.0894 0.1236 | 0.9322 0.7584 | Time: 2.8675 | TEST: 4.5108 0.2410 | 5.1704 0.2295 | 1.3044 0.7000 | Time: 3.3556
Epoch: 0014 | TRAIN: 1.8537 0.4633 | 0.0841 0.9808 | 0.1470 0.9603 | Time: 31.9240 | VAL: 4.1389 0.1902 | 5.6280 0.1236 | 1.1589 0.6913 | Time: 2.8536 | TEST: 3.9108 0.2103 | 4.6011 0.2787 | 1.4413 0.6278 | Time: 3.4892
Epoch: 0015 | TRAIN: 1.6957 0.4940 | 0.0787 0.9826 | 0.1127 0.9700 | Time: 32.3357 | VAL: 6.7103 0.1377 | 4.8115 0.2247 | 1.1342 0.7181 | Time: 2.9841 | TEST: 6.5732 0.1333 | 4.0554 0.2623 | 1.3503 0.7000 | Time: 3.3079
Epoch: 0016 | TRAIN: 1.5856 0.5325 | 0.0797 0.9796 | 0.1280 0.9663 | Time: 31.6332 | VAL: 4.2603 0.2301 | 4.9878 0.1685 | 1.2491 0.6846 | Time: 2.9532 | TEST: 4.1093 0.2632 | 4.3287 0.2295 | 1.3940 0.7000 | Time: 3.3777
Epoch: 0017 | TRAIN: 1.4979 0.5601 | 0.0758 0.9826 | 0.0977 0.9772 | Time: 32.2461 | VAL: 5.6320 0.2246 | 5.0362 0.2247 | 1.0373 0.7114 | Time: 2.7852 | TEST: 5.2637 0.2205 | 4.6289 0.2787 | 1.3886 0.6944 | Time: 3.4851
Epoch: 0018 | TRAIN: 1.3835 0.5853 | 0.0605 0.9856 | 0.0854 0.9760 | Time: 31.8281 | VAL: 5.3065 0.2210 | 4.9936 0.2360 | 1.0687 0.7383 | Time: 2.9054 | TEST: 5.1007 0.1949 | 4.5365 0.3197 | 1.2448 0.7222 | Time: 3.4801
Epoch: 0019 | TRAIN: 1.1897 0.6454 | 0.0442 0.9886 | 0.0789 0.9784 | Time: 32.2151 | VAL: 6.4462 0.1920 | 5.1793 0.2360 | 0.7418 0.7584 | Time: 2.9408 | TEST: 6.1401 0.1675 | 4.8735 0.2951 | 0.9482 0.7944 | Time: 3.4033
Epoch: 0020 | TRAIN: 1.1582 0.6400 | 0.0395 0.9922 | 0.0637 0.9832 | Time: 32.6735 | VAL: 5.7746 0.2192 | 5.6809 0.2360 | 1.0618 0.7584 | Time: 2.7905 | TEST: 5.5357 0.2085 | 5.1181 0.2787 | 1.1158 0.7500 | Time: 3.3816
Epoch: 0021 | TRAIN: 1.0423 0.6851 | 0.0434 0.9898 | 0.0581 0.9838 | Time: 32.4548 | VAL: 8.6483 0.1649 | 4.0754 0.2697 | 0.8760 0.7852 | Time: 2.8930 | TEST: 8.4772 0.1453 | 4.0556 0.3033 | 1.2826 0.7333 | Time: 3.3380
Epoch: 0022 | TRAIN: 0.9215 0.7025 | 0.0376 0.9928 | 0.0561 0.9862 | Time: 32.7816 | VAL: 6.6675 0.1920 | 4.6481 0.2584 | 0.9022 0.7651 | Time: 2.7550 | TEST: 6.3849 0.1932 | 4.4125 0.3115 | 1.4044 0.7222 | Time: 3.3507
Epoch: 0023 | TRAIN: 0.9068 0.7169 | 0.0345 0.9904 | 0.0625 0.9832 | Time: 32.0190 | VAL: 6.4012 0.2301 | 5.5737 0.2697 | 0.8912 0.8188 | Time: 2.7916 | TEST: 6.0219 0.2410 | 4.8794 0.3115 | 1.1417 0.7667 | Time: 3.6695
Epoch: 0024 | TRAIN: 0.7899 0.7488 | 0.0339 0.9928 | 0.0479 0.9868 | Time: 31.8439 | VAL: 6.1363 0.2536 | 4.8821 0.2809 | 0.9504 0.7852 | Time: 2.9658 | TEST: 5.6373 0.2342 | 4.2968 0.3689 | 1.1711 0.7778 | Time: 3.3402
Epoch: 0025 | TRAIN: 0.7112 0.7758 | 0.0232 0.9946 | 0.0333 0.9940 | Time: 32.4774 | VAL: 7.9903 0.1793 | 4.8481 0.2809 | 0.8770 0.7718 | Time: 2.9160 | TEST: 7.6303 0.1897 | 3.8862 0.3443 | 1.2013 0.7333 | Time: 3.5959
Epoch: 0026 | TRAIN: 0.6827 0.7885 | 0.0332 0.9922 | 0.0564 0.9868 | Time: 32.3329 | VAL: 6.9232 0.2228 | 6.3266 0.2135 | 1.0106 0.7584 | Time: 2.8846 | TEST: 6.5472 0.2205 | 5.6907 0.2869 | 1.2431 0.7556 | Time: 3.3849
Epoch: 0027 | TRAIN: 0.6270 0.7975 | 0.0346 0.9898 | 0.0488 0.9850 | Time: 32.3632 | VAL: 6.7125 0.2518 | 5.9156 0.2247 | 0.8715 0.8121 | Time: 2.9593 | TEST: 6.4975 0.2256 | 5.3744 0.3770 | 1.1981 0.7722 | Time: 3.4157
Epoch: 0028 | TRAIN: 0.5494 0.8269 | 0.0266 0.9940 | 0.0370 0.9880 | Time: 32.1874 | VAL: 7.6496 0.2337 | 5.6250 0.2247 | 0.7945 0.8255 | Time: 2.8242 | TEST: 7.2306 0.2188 | 4.9573 0.3443 | 1.0692 0.8000 | Time: 3.3359
Epoch: 0029 | TRAIN: 0.4843 0.8468 | 0.0274 0.9934 | 0.0376 0.9892 | Time: 32.7286 | VAL: 6.2768 0.2554 | 5.2373 0.2921 | 0.7832 0.7987 | Time: 3.0620 | TEST: 5.8233 0.2581 | 4.8856 0.3689 | 1.0877 0.7833 | Time: 3.3130
Epoch: 0030 | TRAIN: 0.4909 0.8341 | 0.0166 0.9952 | 0.0486 0.9874 | Time: 32.6751 | VAL: 8.2927 0.2174 | 4.6364 0.3371 | 0.9931 0.7987 | Time: 2.7288 | TEST: 7.9093 0.2291 | 4.5151 0.3689 | 1.4934 0.7667 | Time: 3.3386
Epoch: 0031 | TRAIN: 0.3803 0.8816 | 0.0142 0.9982 | 0.0355 0.9904 | Time: 32.7702 | VAL: 7.9885 0.2210 | 4.5207 0.3596 | 0.7165 0.8054 | Time: 3.0614 | TEST: 7.4536 0.2547 | 4.2237 0.4016 | 0.9672 0.8000 | Time: 3.3836
Epoch: 0032 | TRAIN: 0.3656 0.8864 | 0.0199 0.9958 | 0.0254 0.9940 | Time: 32.7521 | VAL: 7.4916 0.2663 | 4.4623 0.3371 | 0.9857 0.7919 | Time: 2.7921 | TEST: 7.1609 0.2513 | 3.8808 0.3525 | 1.0586 0.7889 | Time: 3.3640
Epoch: 0033 | TRAIN: 0.3372 0.8966 | 0.0233 0.9934 | 0.0241 0.9934 | Time: 33.0854 | VAL: 7.8679 0.2645 | 5.1728 0.2697 | 1.0092 0.7718 | Time: 2.9290 | TEST: 7.4709 0.2496 | 4.4997 0.3443 | 1.2187 0.7333 | Time: 3.2515
Epoch: 0034 | TRAIN: 0.3257 0.9044 | 0.0198 0.9946 | 0.0328 0.9916 | Time: 32.6160 | VAL: 6.3294 0.2681 | 4.4996 0.3596 | 0.8536 0.8389 | Time: 3.0032 | TEST: 5.8301 0.2923 | 4.5069 0.4262 | 1.2042 0.7944 | Time: 3.4923
Epoch: 0035 | TRAIN: 0.3345 0.8936 | 0.0231 0.9934 | 0.0257 0.9940 | Time: 32.9716 | VAL: 9.8375 0.2391 | 4.7754 0.3146 | 1.0414 0.7785 | Time: 2.7260 | TEST: 9.4052 0.2427 | 4.2128 0.3689 | 1.3050 0.7667 | Time: 3.4766
Epoch: 0036 | TRAIN: 0.4202 0.8654 | 0.0179 0.9946 | 0.0279 0.9916 | Time: 32.5254 | VAL: 6.0387 0.2717 | 4.0862 0.3596 | 0.9003 0.7987 | Time: 3.1661 | TEST: 5.6985 0.3094 | 3.7142 0.4098 | 1.0800 0.8167 | Time: 3.5101
Epoch: 0037 | TRAIN: 0.3136 0.9002 | 0.0242 0.9940 | 0.0238 0.9934 | Time: 33.1001 | VAL: 8.3487 0.2482 | 4.2843 0.3483 | 1.0516 0.7785 | Time: 2.7350 | TEST: 8.2789 0.2291 | 3.9762 0.3934 | 1.1579 0.7889 | Time: 3.4309
Epoch: 0038 | TRAIN: 0.2446 0.9171 | 0.0212 0.9916 | 0.0198 0.9970 | Time: 32.5350 | VAL: 7.5003 0.2717 | 4.4060 0.3483 | 1.0397 0.8121 | Time: 2.9539 | TEST: 6.9997 0.2701 | 3.7136 0.4016 | 1.4895 0.7778 | Time: 3.2760
Epoch: 0039 | TRAIN: 0.2101 0.9315 | 0.0124 0.9964 | 0.0229 0.9946 | Time: 32.2932 | VAL: 8.0834 0.2717 | 5.1437 0.2921 | 0.9519 0.8188 | Time: 2.7843 | TEST: 7.7298 0.2650 | 4.2415 0.3934 | 1.1026 0.8000 | Time: 3.3509
Epoch: 0040 | TRAIN: 0.1633 0.9525 | 0.0126 0.9982 | 0.0363 0.9880 | Time: 33.0119 | VAL: 7.0909 0.2627 | 5.0422 0.2921 | 0.9938 0.8121 | Time: 2.9046 | TEST: 6.6936 0.2872 | 4.1381 0.4016 | 1.1611 0.7722 | Time: 3.3110
Epoch: 0041 | TRAIN: 0.1733 0.9465 | 0.0048 1.0000 | 0.0122 0.9964 | Time: 32.7391 | VAL: 6.7073 0.2699 | 5.0152 0.3596 | 0.8970 0.8255 | Time: 3.0693 | TEST: 6.5781 0.2530 | 4.3612 0.4098 | 1.2790 0.8111 | Time: 3.4207
Epoch: 0042 | TRAIN: 0.1686 0.9405 | 0.0076 0.9982 | 0.0203 0.9928 | Time: 32.7207 | VAL: 7.9152 0.2899 | 7.6664 0.2247 | 1.2504 0.7651 | Time: 2.8239 | TEST: 7.4726 0.2735 | 6.3750 0.3934 | 1.1919 0.8167 | Time: 3.4156
Epoch: 0043 | TRAIN: 0.1479 0.9543 | 0.0091 0.9976 | 0.0220 0.9934 | Time: 32.2961 | VAL: 8.1823 0.2482 | 5.7453 0.2472 | 1.0231 0.8389 | Time: 2.9941 | TEST: 7.7863 0.2564 | 4.3101 0.3934 | 1.6221 0.7833 | Time: 3.6196
Epoch: 0044 | TRAIN: 0.1707 0.9501 | 0.0170 0.9934 | 0.0264 0.9922 | Time: 32.7349 | VAL: 7.3669 0.3134 | 4.4053 0.4045 | 0.9659 0.8188 | Time: 2.8596 | TEST: 7.0201 0.2957 | 4.0223 0.4508 | 1.1440 0.8111 | Time: 3.3380
Epoch: 0045 | TRAIN: 0.1422 0.9573 | 0.0102 0.9964 | 0.0112 0.9970 | Time: 32.7631 | VAL: 6.7654 0.3043 | 5.7021 0.2360 | 0.8423 0.7987 | Time: 2.9400 | TEST: 6.3034 0.3043 | 5.2210 0.3361 | 1.1970 0.7889 | Time: 3.3990
Epoch: 0046 | TRAIN: 0.1449 0.9549 | 0.0184 0.9946 | 0.0151 0.9952 | Time: 33.1429 | VAL: 8.5498 0.2953 | 5.0476 0.3034 | 0.8575 0.8255 | Time: 2.7831 | TEST: 7.9428 0.3009 | 4.5356 0.4098 | 1.1315 0.7944 | Time: 3.4420
Epoch: 0047 | TRAIN: 0.1191 0.9633 | 0.0104 0.9976 | 0.0121 0.9964 | Time: 32.7358 | VAL: 7.5180 0.3007 | 5.5388 0.3258 | 0.9256 0.8389 | Time: 2.8805 | TEST: 6.9212 0.3265 | 4.5028 0.4426 | 1.3591 0.7778 | Time: 3.4164
Epoch: 0048 | TRAIN: 0.1326 0.9597 | 0.0045 1.0000 | 0.0095 0.9976 | Time: 32.9211 | VAL: 8.2897 0.2844 | 5.1163 0.3146 | 0.9673 0.7987 | Time: 2.8440 | TEST: 7.8143 0.3162 | 4.4107 0.4098 | 1.1115 0.7889 | Time: 3.5108
Epoch: 0049 | TRAIN: 0.1628 0.9483 | 0.0092 0.9970 | 0.0150 0.9952 | Time: 32.0912 | VAL: 10.4440 0.2319 | 4.2086 0.4157 | 1.0738 0.7919 | Time: 3.0679 | TEST: 10.0592 0.2256 | 4.2048 0.4426 | 1.5217 0.7667 | Time: 3.1321
Epoch: 0050 | TRAIN: 0.1795 0.9447 | 0.0138 0.9958 | 0.0207 0.9952 | Time: 28.1121 | VAL: 10.0392 0.2264 | 5.6063 0.3371 | 1.1255 0.7785 | Time: 2.4451 | TEST: 9.6033 0.2444 | 5.0649 0.3689 | 1.7182 0.7222 | Time: 2.9223
Epoch: 0051 | TRAIN: 0.1645 0.9453 | 0.0074 0.9982 | 0.0269 0.9910 | Time: 27.6531 | VAL: 10.0087 0.2862 | 5.1656 0.3258 | 0.9345 0.8121 | Time: 2.4070 | TEST: 9.6651 0.2718 | 4.5110 0.4098 | 1.1994 0.8000 | Time: 2.9169
Epoch: 0052 | TRAIN: 0.1303 0.9609 | 0.0084 0.9994 | 0.0196 0.9958 | Time: 27.5333 | VAL: 7.6246 0.3062 | 5.2038 0.2584 | 1.0638 0.7852 | Time: 2.4455 | TEST: 7.2842 0.3026 | 4.7163 0.4098 | 1.5125 0.7722 | Time: 2.8784
Epoch: 0053 | TRAIN: 0.1043 0.9694 | 0.0131 0.9952 | 0.0120 0.9976 | Time: 27.6074 | VAL: 8.9685 0.3062 | 6.1892 0.2697 | 1.1542 0.7785 | Time: 2.3858 | TEST: 8.5230 0.2991 | 5.6228 0.3934 | 1.3513 0.7444 | Time: 2.8633
Epoch: 0054 | TRAIN: 0.1323 0.9603 | 0.0149 0.9976 | 0.0146 0.9958 | Time: 27.6713 | VAL: 8.5551 0.2464 | 7.0868 0.2472 | 1.1980 0.7718 | Time: 2.3666 | TEST: 7.9770 0.2615 | 6.6087 0.4016 | 1.1945 0.7944 | Time: 2.8080
Epoch: 0055 | TRAIN: 0.1517 0.9531 | 0.0196 0.9928 | 0.0284 0.9916 | Time: 27.6371 | VAL: 10.4810 0.2935 | 4.5974 0.3820 | 1.0991 0.7785 | Time: 2.4153 | TEST: 9.7444 0.3077 | 4.4401 0.4016 | 1.6552 0.7444 | Time: 2.8642
Epoch: 0056 | TRAIN: 0.1625 0.9453 | 0.0141 0.9964 | 0.0138 0.9970 | Time: 27.6561 | VAL: 8.1597 0.2971 | 4.4816 0.3933 | 0.9209 0.8322 | Time: 2.4100 | TEST: 7.7421 0.3231 | 4.0280 0.4508 | 1.4309 0.7889 | Time: 2.8688
Epoch: 0057 | TRAIN: 0.1495 0.9537 | 0.0142 0.9964 | 0.0177 0.9934 | Time: 27.8716 | VAL: 6.9918 0.3442 | 6.1456 0.2584 | 1.2463 0.7785 | Time: 2.4076 | TEST: 6.6893 0.3385 | 5.4743 0.3443 | 1.3242 0.7778 | Time: 2.9131
Epoch: 0058 | TRAIN: 0.1483 0.9483 | 0.0066 0.9982 | 0.0293 0.9934 | Time: 27.6506 | VAL: 13.3291 0.1830 | 4.3251 0.4045 | 1.0219 0.7785 | Time: 2.3849 | TEST: 13.3710 0.1744 | 3.4974 0.4590 | 1.6182 0.7444 | Time: 2.8612
Epoch: 0059 | TRAIN: 0.0998 0.9657 | 0.0195 0.9940 | 0.0110 0.9964 | Time: 27.7204 | VAL: 7.6611 0.3007 | 6.4025 0.3371 | 1.2287 0.7517 | Time: 2.4272 | TEST: 7.3268 0.2957 | 6.3322 0.4180 | 1.3812 0.7667 | Time: 2.9007
Epoch: 0060 | TRAIN: 0.1164 0.9585 | 0.0129 0.9946 | 0.0115 0.9970 | Time: 27.8390 | VAL: 11.3087 0.2554 | 6.4460 0.3596 | 0.8912 0.8121 | Time: 2.3791 | TEST: 10.8743 0.2376 | 6.0025 0.4918 | 1.3961 0.8056 | Time: 2.8582
Epoch: 0061 | TRAIN: 0.1281 0.9639 | 0.0078 0.9988 | 0.0210 0.9940 | Time: 27.6772 | VAL: 7.8583 0.2880 | 6.0019 0.2921 | 1.1385 0.7785 | Time: 2.4217 | TEST: 7.5611 0.3128 | 5.9066 0.3361 | 1.5773 0.7667 | Time: 2.9043
Epoch: 0062 | TRAIN: 0.1123 0.9633 | 0.0132 0.9970 | 0.0137 0.9970 | Time: 27.7740 | VAL: 11.5876 0.2645 | 4.6286 0.3820 | 0.8363 0.8456 | Time: 2.3729 | TEST: 10.7413 0.2872 | 4.2860 0.4344 | 1.4331 0.8056 | Time: 2.9057
Epoch: 0063 | TRAIN: 0.1002 0.9681 | 0.0056 0.9982 | 0.0088 0.9976 | Time: 27.7582 | VAL: 11.5967 0.2446 | 5.3191 0.3371 | 1.2521 0.7919 | Time: 2.3705 | TEST: 10.8998 0.2479 | 4.9105 0.4508 | 1.6083 0.7722 | Time: 2.8429
Epoch: 0064 | TRAIN: 0.1427 0.9549 | 0.0193 0.9940 | 0.0224 0.9940 | Time: 27.8161 | VAL: 9.3660 0.2772 | 5.4029 0.3596 | 1.0845 0.8322 | Time: 2.4045 | TEST: 8.9760 0.2940 | 4.1917 0.4508 | 1.3638 0.8000 | Time: 2.9020
Epoch: 0065 | TRAIN: 0.1526 0.9525 | 0.0106 0.9970 | 0.0113 0.9958 | Time: 27.7438 | VAL: 13.2486 0.2264 | 5.2189 0.3371 | 1.0886 0.8255 | Time: 2.4293 | TEST: 12.9343 0.2325 | 5.2374 0.4180 | 1.5394 0.7833 | Time: 2.9163
Epoch: 0066 | TRAIN: 0.1081 0.9657 | 0.0103 0.9964 | 0.0129 0.9964 | Time: 27.5777 | VAL: 8.2740 0.3062 | 5.5338 0.3146 | 1.0761 0.7919 | Time: 2.4300 | TEST: 8.2799 0.3162 | 4.7628 0.4344 | 1.5955 0.8056 | Time: 2.8982
Epoch: 0067 | TRAIN: 0.1454 0.9561 | 0.0127 0.9970 | 0.0189 0.9946 | Time: 27.4833 | VAL: 9.9056 0.2464 | 5.2860 0.3258 | 1.1732 0.7651 | Time: 2.3926 | TEST: 9.6612 0.2598 | 4.6609 0.3770 | 1.3495 0.7667 | Time: 2.8805
Epoch: 0068 | TRAIN: 0.1413 0.9579 | 0.0135 0.9970 | 0.0214 0.9946 | Time: 27.6897 | VAL: 10.2968 0.2083 | 5.3338 0.3034 | 0.9150 0.8389 | Time: 2.3841 | TEST: 9.7535 0.1983 | 4.8879 0.4098 | 1.2814 0.7944 | Time: 2.8867
Epoch: 0069 | TRAIN: 0.0872 0.9700 | 0.0116 0.9946 | 0.0201 0.9940 | Time: 27.6344 | VAL: 9.4144 0.2627 | 5.0406 0.3258 | 1.0452 0.8054 | Time: 2.3987 | TEST: 8.8567 0.2957 | 4.5031 0.4918 | 1.2915 0.8222 | Time: 2.8740
Epoch: 0070 | TRAIN: 0.1100 0.9688 | 0.0094 0.9964 | 0.0059 0.9988 | Time: 27.7189 | VAL: 6.8157 0.3152 | 4.4470 0.3933 | 1.0188 0.7919 | Time: 2.4281 | TEST: 6.2157 0.3556 | 4.1641 0.5000 | 1.3269 0.8111 | Time: 2.9519
Epoch: 0071 | TRAIN: 0.0967 0.9742 | 0.0070 0.9976 | 0.0088 0.9970 | Time: 27.8915 | VAL: 10.2219 0.2554 | 4.7251 0.3820 | 0.9922 0.8054 | Time: 2.4273 | TEST: 10.0084 0.2684 | 4.1634 0.4836 | 1.6484 0.7778 | Time: 2.8834
Epoch: 0072 | TRAIN: 0.0543 0.9814 | 0.0051 0.9982 | 0.0179 0.9946 | Time: 27.6675 | VAL: 8.4495 0.2681 | 4.7739 0.3820 | 1.0416 0.8121 | Time: 2.4172 | TEST: 7.9172 0.2923 | 4.4382 0.4098 | 1.5431 0.7833 | Time: 2.8852
Epoch: 0073 | TRAIN: 0.0291 0.9904 | 0.0099 0.9958 | 0.0074 0.9988 | Time: 27.6968 | VAL: 8.3662 0.3025 | 4.9036 0.3933 | 0.9641 0.8322 | Time: 2.3861 | TEST: 7.7817 0.3026 | 4.4470 0.4590 | 1.5661 0.8111 | Time: 2.8979
Epoch: 0074 | TRAIN: 0.0229 0.9934 | 0.0096 0.9976 | 0.0082 0.9976 | Time: 27.6839 | VAL: 8.9156 0.2482 | 5.2547 0.4382 | 1.1955 0.8255 | Time: 2.4103 | TEST: 8.1723 0.2684 | 4.6748 0.4098 | 1.6925 0.8000 | Time: 2.8609
Epoch: 0075 | TRAIN: 0.0283 0.9916 | 0.0037 0.9982 | 0.0115 0.9958 | Time: 27.7224 | VAL: 10.3213 0.2192 | 5.3140 0.4045 | 1.1271 0.7987 | Time: 2.4427 | TEST: 10.0948 0.2581 | 4.7882 0.4508 | 1.3509 0.7944 | Time: 2.8732
Epoch: 0076 | TRAIN: 0.0440 0.9880 | 0.0043 0.9994 | 0.0083 0.9964 | Time: 27.9102 | VAL: 9.1305 0.2464 | 4.7102 0.4382 | 1.0322 0.7987 | Time: 2.4028 | TEST: 8.6526 0.2564 | 4.3604 0.4344 | 1.5840 0.8056 | Time: 2.9278
Epoch: 0077 | TRAIN: 0.0289 0.9880 | 0.0082 0.9970 | 0.0045 0.9982 | Time: 27.6998 | VAL: 7.8129 0.2826 | 4.6348 0.3820 | 1.1090 0.8054 | Time: 2.3744 | TEST: 7.3597 0.3162 | 3.8209 0.4754 | 1.2534 0.7833 | Time: 2.8330
Epoch: 0078 | TRAIN: 0.0241 0.9910 | 0.0033 0.9994 | 0.0036 0.9988 | Time: 27.7783 | VAL: 7.9173 0.2772 | 4.6431 0.4157 | 1.1096 0.7987 | Time: 2.4096 | TEST: 7.5064 0.2957 | 3.9782 0.4836 | 1.1873 0.8056 | Time: 2.8895
Epoch: 0079 | TRAIN: 0.0272 0.9892 | 0.0019 0.9994 | 0.0035 0.9988 | Time: 27.8115 | VAL: 9.3966 0.2355 | 4.9478 0.3933 | 0.9826 0.7987 | Time: 2.3617 | TEST: 9.0673 0.2547 | 3.6438 0.5492 | 1.4070 0.8056 | Time: 2.9041
Epoch: 0080 | TRAIN: 0.0403 0.9844 | 0.0030 0.9988 | 0.0029 0.9994 | Time: 27.5335 | VAL: 8.8980 0.2446 | 5.6359 0.3596 | 0.9893 0.8322 | Time: 2.3797 | TEST: 8.6080 0.2581 | 4.7441 0.4672 | 1.4826 0.8056 | Time: 2.8748
Epoch: 0081 | TRAIN: 0.0838 0.9772 | 0.0039 0.9988 | 0.0091 0.9970 | Time: 27.5529 | VAL: 11.4144 0.2228 | 5.6218 0.3146 | 1.1443 0.8322 | Time: 2.3929 | TEST: 10.8558 0.2188 | 5.3584 0.3934 | 1.5363 0.7778 | Time: 2.8752
Epoch: 0082 | TRAIN: 0.1174 0.9675 | 0.0027 0.9994 | 0.0195 0.9952 | Time: 27.7402 | VAL: 10.1529 0.2627 | 4.8852 0.3596 | 1.2906 0.7450 | Time: 2.4436 | TEST: 9.8926 0.2803 | 4.4441 0.4590 | 1.3315 0.8000 | Time: 2.9279
Epoch: 0083 | TRAIN: 0.1758 0.9471 | 0.0133 0.9964 | 0.0208 0.9904 | Time: 27.7665 | VAL: 9.4171 0.2790 | 4.7323 0.4157 | 1.3055 0.7987 | Time: 2.3515 | TEST: 9.2308 0.2496 | 4.0523 0.5328 | 1.1338 0.8333 | Time: 2.8931
Epoch: 0084 | TRAIN: 0.1897 0.9477 | 0.0238 0.9898 | 0.0328 0.9922 | Time: 27.8294 | VAL: 12.1128 0.2699 | 6.4623 0.3371 | 1.3653 0.7987 | Time: 2.4419 | TEST: 11.7813 0.2547 | 5.7134 0.3607 | 1.9059 0.7667 | Time: 2.8674
Epoch: 0085 | TRAIN: 0.1421 0.9531 | 0.0160 0.9940 | 0.0311 0.9904 | Time: 27.5114 | VAL: 10.7100 0.3170 | 5.5981 0.3820 | 1.5343 0.7181 | Time: 2.4269 | TEST: 10.3137 0.2752 | 5.0610 0.3852 | 1.7649 0.7222 | Time: 2.9027
Epoch: 0086 | TRAIN: 0.1237 0.9645 | 0.0149 0.9964 | 0.0245 0.9922 | Time: 27.6295 | VAL: 9.7519 0.2971 | 5.5056 0.3708 | 1.3978 0.7584 | Time: 2.3773 | TEST: 9.2228 0.2906 | 5.3878 0.4344 | 1.6609 0.7667 | Time: 2.8555
Epoch: 0087 | TRAIN: 0.1187 0.9633 | 0.0133 0.9952 | 0.0209 0.9934 | Time: 27.8772 | VAL: 9.6978 0.2935 | 6.1790 0.2921 | 1.4791 0.7785 | Time: 2.3834 | TEST: 9.4078 0.2752 | 5.3788 0.4344 | 1.6116 0.7667 | Time: 2.8459
Epoch: 0088 | TRAIN: 0.1102 0.9657 | 0.0129 0.9970 | 0.0223 0.9934 | Time: 27.7394 | VAL: 12.8411 0.2663 | 4.6469 0.3483 | 1.2303 0.8121 | Time: 2.3737 | TEST: 12.7315 0.2393 | 4.9219 0.3934 | 1.4171 0.7611 | Time: 2.8719
Epoch: 0089 | TRAIN: 0.1359 0.9669 | 0.0142 0.9964 | 0.0105 0.9958 | Time: 27.7421 | VAL: 10.9402 0.2754 | 4.8442 0.3596 | 1.2896 0.7987 | Time: 2.4374 | TEST: 10.9671 0.2803 | 4.4507 0.3852 | 1.3433 0.8111 | Time: 2.9242
Epoch: 0090 | TRAIN: 0.1769 0.9477 | 0.0113 0.9970 | 0.0291 0.9928 | Time: 27.6877 | VAL: 10.1836 0.2953 | 5.3160 0.3146 | 1.1869 0.7919 | Time: 2.4391 | TEST: 9.9952 0.2838 | 4.5901 0.4098 | 1.3362 0.7889 | Time: 2.9370
Epoch: 0091 | TRAIN: 0.1474 0.9609 | 0.0128 0.9946 | 0.0190 0.9928 | Time: 27.6048 | VAL: 13.5906 0.2464 | 4.5972 0.3933 | 1.2707 0.7919 | Time: 2.3517 | TEST: 13.3653 0.2359 | 4.2179 0.4098 | 1.5707 0.7833 | Time: 2.8404
Epoch: 0092 | TRAIN: 0.1500 0.9591 | 0.0092 0.9964 | 0.0161 0.9958 | Time: 27.7688 | VAL: 9.2621 0.2717 | 7.1022 0.3034 | 1.2615 0.8054 | Time: 2.4265 | TEST: 9.2412 0.2650 | 6.1672 0.4016 | 1.2770 0.8111 | Time: 2.8780
Epoch: 0093 | TRAIN: 0.1295 0.9621 | 0.0082 0.9982 | 0.0198 0.9976 | Time: 27.6190 | VAL: 7.4126 0.2953 | 6.3601 0.3483 | 1.3496 0.7987 | Time: 2.3816 | TEST: 7.2287 0.3026 | 5.2042 0.4672 | 1.3832 0.8278 | Time: 2.8570
Epoch: 0094 | TRAIN: 0.0871 0.9790 | 0.0071 0.9976 | 0.0184 0.9940 | Time: 27.5765 | VAL: 8.5539 0.3207 | 5.7373 0.3483 | 1.1461 0.7919 | Time: 2.4517 | TEST: 8.2038 0.3316 | 4.6500 0.3934 | 1.3431 0.8389 | Time: 2.8822
Epoch: 0095 | TRAIN: 0.0731 0.9784 | 0.0062 0.9976 | 0.0164 0.9934 | Time: 27.6507 | VAL: 10.1493 0.2790 | 4.9586 0.4157 | 1.3121 0.8054 | Time: 2.3426 | TEST: 9.9421 0.2991 | 4.0162 0.5082 | 1.5486 0.8056 | Time: 2.8275
Epoch: 0096 | TRAIN: 0.0861 0.9712 | 0.0099 0.9976 | 0.0134 0.9952 | Time: 27.7249 | VAL: 13.1309 0.2717 | 5.7658 0.3258 | 1.4310 0.7919 | Time: 2.4267 | TEST: 12.5938 0.2581 | 4.6520 0.4426 | 1.4418 0.7833 | Time: 2.9016
Epoch: 0097 | TRAIN: 0.0613 0.9790 | 0.0132 0.9952 | 0.0098 0.9964 | Time: 27.8793 | VAL: 9.1230 0.2971 | 4.9509 0.4270 | 1.0394 0.8389 | Time: 2.4276 | TEST: 8.8002 0.3162 | 4.2945 0.4426 | 1.4992 0.7722 | Time: 2.8496
Epoch: 0098 | TRAIN: 0.0713 0.9802 | 0.0064 0.9976 | 0.0230 0.9946 | Time: 27.6178 | VAL: 10.8879 0.2772 | 5.1087 0.4045 | 1.2036 0.8322 | Time: 2.3608 | TEST: 10.1638 0.2974 | 4.7949 0.4672 | 1.6620 0.8056 | Time: 2.8429
Epoch: 0099 | TRAIN: 0.0797 0.9772 | 0.0055 0.9976 | 0.0116 0.9964 | Time: 27.5231 | VAL: 9.5581 0.2554 | 4.4993 0.4045 | 1.2594 0.7919 | Time: 2.3546 | TEST: 9.2401 0.2530 | 3.4951 0.4754 | 1.3603 0.8111 | Time: 2.8438
========================================
Best Result: Epoch 97, result {'amazon': [0.3162393162393162], 'dslr': [0.4426229508196721], 'webcam': [0.7722222222222223]}
========================================
