========================================
General Configuration:
	Wighting: EW
	Architecture: HPS
	Rep_Grad: False
	Multi_Input: True
	Seed: 0
	Device: cuda:0
EW Configuration:
	weighting: EW
Optimizer Configuration:
	optim: adam
	lr: 0.1
	weight_decay: 1e-07
========================================
Total Params: 11487901
Trainable Params: 11487901
Non-trainable Params: 0
========================================
LOG FORMAT | amazon_LOSS Acc | dslr_LOSS Acc | webcam_LOSS Acc | TIME
Epoch: 0000 | TRAIN: 4.7574 0.0355 | 5.1135 0.0312 | 4.7825 0.0475 | Time: 28.4663 | VAL: 12.6416 0.0453 | 9.4933 0.0562 | 24.8495 0.0537 | Time: 2.4505 | TEST: 16.5784 0.0427 | 9.9687 0.0574 | 29.1215 0.0389 | Time: 2.9040
Epoch: 0001 | TRAIN: 3.4567 0.0433 | 3.4038 0.0697 | 3.3750 0.0853 | Time: 27.9145 | VAL: 3.4083 0.0471 | 3.2449 0.1124 | 3.1949 0.1275 | Time: 2.4135 | TEST: 3.4826 0.0376 | 3.2453 0.0574 | 3.2259 0.1333 | Time: 2.8625
Epoch: 0002 | TRAIN: 3.3940 0.0421 | 3.1856 0.0739 | 3.2251 0.0986 | Time: 28.0856 | VAL: 3.3998 0.0344 | 3.1969 0.1011 | 3.1386 0.0738 | Time: 2.3788 | TEST: 3.4293 0.0308 | 3.1815 0.0410 | 3.2058 0.0889 | Time: 2.8371
Epoch: 0003 | TRAIN: 3.3912 0.0499 | 3.0676 0.0986 | 3.1236 0.1262 | Time: 27.6969 | VAL: 3.4073 0.0453 | 3.2443 0.0787 | 3.2336 0.0872 | Time: 2.4400 | TEST: 3.4653 0.0444 | 3.1880 0.0492 | 3.3549 0.0778 | Time: 2.9239
Epoch: 0004 | TRAIN: 3.3368 0.0619 | 2.9876 0.1184 | 3.0930 0.1160 | Time: 27.6987 | VAL: 3.3767 0.0598 | 3.1516 0.1011 | 2.9702 0.1208 | Time: 2.3719 | TEST: 3.4149 0.0530 | 3.1847 0.0902 | 3.0849 0.1278 | Time: 2.8306
Epoch: 0005 | TRAIN: 3.3400 0.0739 | 2.8926 0.1388 | 2.9981 0.1340 | Time: 27.6139 | VAL: 3.3887 0.0471 | 3.3069 0.0674 | 2.8232 0.1611 | Time: 2.3730 | TEST: 3.4224 0.0376 | 3.2753 0.0738 | 2.9468 0.1444 | Time: 2.8068
Epoch: 0006 | TRAIN: 3.3253 0.0595 | 2.8180 0.1472 | 2.9175 0.1514 | Time: 27.4371 | VAL: 3.4097 0.0290 | 3.3903 0.0674 | 2.8666 0.1544 | Time: 2.3805 | TEST: 3.4289 0.0256 | 3.3403 0.1066 | 2.9763 0.1111 | Time: 2.8603
Epoch: 0007 | TRAIN: 3.2983 0.0727 | 2.8137 0.1599 | 2.8704 0.1508 | Time: 27.5541 | VAL: 3.3809 0.0562 | 3.3930 0.0449 | 2.6546 0.2081 | Time: 2.3947 | TEST: 3.3912 0.0479 | 3.3129 0.0820 | 2.7551 0.2000 | Time: 2.8494
Epoch: 0008 | TRAIN: 3.2779 0.0769 | 2.6705 0.1713 | 2.7991 0.1653 | Time: 27.5665 | VAL: 3.3933 0.0616 | 3.2454 0.1124 | 2.8464 0.1544 | Time: 2.3616 | TEST: 3.4156 0.0598 | 3.3706 0.0984 | 2.9546 0.1167 | Time: 2.8848
Epoch: 0009 | TRAIN: 3.2600 0.0781 | 2.6649 0.1959 | 2.7528 0.1857 | Time: 27.6024 | VAL: 3.4139 0.0489 | 3.4663 0.0562 | 2.8797 0.1544 | Time: 2.3777 | TEST: 3.4266 0.0427 | 3.4231 0.0984 | 2.9794 0.1278 | Time: 2.8898
Epoch: 0010 | TRAIN: 3.2372 0.0865 | 2.6780 0.1749 | 2.7460 0.1827 | Time: 27.7130 | VAL: 3.4054 0.0688 | 3.1651 0.1348 | 2.7632 0.2819 | Time: 2.3606 | TEST: 3.4113 0.0547 | 3.2996 0.1230 | 2.6813 0.2333 | Time: 2.8688
Epoch: 0011 | TRAIN: 3.2406 0.0889 | 2.5928 0.2073 | 2.6982 0.1929 | Time: 27.6133 | VAL: 3.4193 0.0580 | 3.3021 0.0899 | 2.5256 0.2349 | Time: 2.3774 | TEST: 3.4337 0.0496 | 3.2765 0.0902 | 2.6278 0.2111 | Time: 2.8996
Epoch: 0012 | TRAIN: 3.1900 0.0986 | 2.5020 0.2169 | 2.6099 0.2043 | Time: 27.6517 | VAL: 3.3135 0.0797 | 3.3605 0.1011 | 2.5263 0.2752 | Time: 2.3563 | TEST: 3.3172 0.0906 | 3.2817 0.1230 | 2.5783 0.2222 | Time: 2.8676
Epoch: 0013 | TRAIN: 3.1799 0.0998 | 2.4784 0.2212 | 2.6686 0.1869 | Time: 27.6517 | VAL: 3.4847 0.0562 | 3.5922 0.0449 | 2.5715 0.2148 | Time: 2.3995 | TEST: 3.4929 0.0444 | 3.4511 0.0902 | 2.6887 0.2111 | Time: 2.8383
Epoch: 0014 | TRAIN: 3.1770 0.1016 | 2.4456 0.2422 | 2.5842 0.2007 | Time: 27.6987 | VAL: 3.4056 0.0906 | 3.1830 0.1124 | 2.9866 0.1208 | Time: 2.3707 | TEST: 3.4221 0.0735 | 3.1178 0.0738 | 3.1897 0.1444 | Time: 2.8563
Epoch: 0015 | TRAIN: 3.1579 0.1064 | 2.4509 0.2224 | 2.6209 0.1947 | Time: 28.0826 | VAL: 3.5377 0.0489 | 3.7596 0.0562 | 2.5044 0.2282 | Time: 2.4155 | TEST: 3.5259 0.0462 | 3.5376 0.0902 | 2.6378 0.2222 | Time: 2.8819
Epoch: 0016 | TRAIN: 3.1359 0.1100 | 2.3722 0.2326 | 2.5468 0.2212 | Time: 28.0279 | VAL: 3.4993 0.0833 | 3.5174 0.0562 | 2.5799 0.2215 | Time: 2.4219 | TEST: 3.4851 0.0940 | 3.5753 0.0902 | 2.6516 0.1944 | Time: 2.8938
Epoch: 0017 | TRAIN: 3.1279 0.1142 | 2.3856 0.2320 | 2.5296 0.2115 | Time: 28.2550 | VAL: 3.7528 0.0833 | 3.0708 0.1124 | 2.5403 0.2483 | Time: 2.4469 | TEST: 3.7534 0.0821 | 3.0309 0.1721 | 2.7725 0.2167 | Time: 2.9155
Epoch: 0018 | TRAIN: 3.1331 0.1196 | 2.3382 0.2500 | 2.4434 0.2296 | Time: 28.1008 | VAL: 3.4671 0.0815 | 3.7735 0.0674 | 2.3515 0.3154 | Time: 2.4340 | TEST: 3.4329 0.0786 | 3.6495 0.0902 | 2.4249 0.2556 | Time: 2.8916
Epoch: 0019 | TRAIN: 3.0535 0.1226 | 2.3125 0.2434 | 2.4513 0.2290 | Time: 28.2738 | VAL: 3.6090 0.0598 | 3.2759 0.1348 | 2.3038 0.2752 | Time: 2.4063 | TEST: 3.5735 0.0496 | 3.1861 0.1311 | 2.5332 0.2556 | Time: 2.8607
Epoch: 0020 | TRAIN: 3.0724 0.1340 | 2.2343 0.2728 | 2.3574 0.2422 | Time: 28.1031 | VAL: 3.4211 0.0833 | 3.1163 0.1461 | 3.0230 0.2081 | Time: 2.4102 | TEST: 3.4241 0.0872 | 3.1032 0.2213 | 3.1963 0.1500 | Time: 2.8557
Epoch: 0021 | TRAIN: 3.0245 0.1370 | 2.2217 0.2843 | 2.4165 0.2272 | Time: 28.1593 | VAL: 3.5872 0.0634 | 3.5060 0.0899 | 2.4616 0.2550 | Time: 2.4644 | TEST: 3.5786 0.0667 | 3.4001 0.0902 | 2.5900 0.2444 | Time: 2.9268
Epoch: 0022 | TRAIN: 3.0312 0.1436 | 2.2180 0.2855 | 2.2940 0.2716 | Time: 28.1102 | VAL: 3.5440 0.0634 | 2.8382 0.1236 | 2.6555 0.1879 | Time: 2.3894 | TEST: 3.5213 0.0547 | 2.8566 0.2049 | 2.9282 0.1500 | Time: 2.8578
Epoch: 0023 | TRAIN: 3.0469 0.1190 | 2.1463 0.2873 | 2.3120 0.2812 | Time: 28.2993 | VAL: 3.5326 0.1033 | 4.1337 0.0562 | 2.5486 0.2282 | Time: 2.4189 | TEST: 3.5030 0.1077 | 4.0093 0.0656 | 2.5937 0.2444 | Time: 2.8711
Epoch: 0024 | TRAIN: 3.0063 0.1376 | 2.1628 0.2999 | 2.3012 0.2668 | Time: 27.6290 | VAL: 3.6342 0.0833 | 3.1085 0.1461 | 2.3125 0.3289 | Time: 2.4012 | TEST: 3.6298 0.0718 | 2.9772 0.2213 | 2.3526 0.2389 | Time: 2.9191
Epoch: 0025 | TRAIN: 3.0120 0.1490 | 2.0679 0.3191 | 2.3044 0.2626 | Time: 27.7207 | VAL: 3.4158 0.0707 | 3.2425 0.1573 | 2.2342 0.3826 | Time: 2.3471 | TEST: 3.4071 0.0684 | 3.2672 0.2213 | 2.1993 0.3722 | Time: 2.8395
Epoch: 0026 | TRAIN: 3.0172 0.1418 | 2.1022 0.3083 | 2.1903 0.2981 | Time: 27.5561 | VAL: 3.2892 0.1123 | 3.9993 0.1011 | 2.3583 0.2886 | Time: 2.3906 | TEST: 3.2707 0.1111 | 4.1643 0.0902 | 2.3455 0.3333 | Time: 2.8411
Epoch: 0027 | TRAIN: 3.0074 0.1394 | 2.0737 0.3215 | 2.2073 0.2861 | Time: 27.6732 | VAL: 3.3156 0.0978 | 3.3020 0.1124 | 2.1195 0.3826 | Time: 2.3374 | TEST: 3.2777 0.0923 | 3.3927 0.2131 | 2.2230 0.3667 | Time: 2.8337
Epoch: 0028 | TRAIN: 2.9648 0.1544 | 2.0354 0.3299 | 2.1599 0.2993 | Time: 27.7247 | VAL: 3.4711 0.0996 | 3.7531 0.1461 | 2.3991 0.3289 | Time: 2.3486 | TEST: 3.4210 0.1060 | 3.6424 0.1721 | 2.4531 0.3056 | Time: 2.8154
Epoch: 0029 | TRAIN: 2.9800 0.1526 | 2.0893 0.3233 | 2.2104 0.2831 | Time: 27.6083 | VAL: 3.5426 0.0851 | 3.0616 0.1573 | 2.2798 0.3758 | Time: 2.3583 | TEST: 3.4771 0.0940 | 3.1156 0.2049 | 2.2848 0.3167 | Time: 2.8118
Epoch: 0030 | TRAIN: 2.9209 0.1623 | 1.9586 0.3528 | 2.1171 0.3131 | Time: 27.7649 | VAL: 3.4123 0.0634 | 3.0914 0.2584 | 2.0340 0.3893 | Time: 2.3702 | TEST: 3.3547 0.0701 | 3.0603 0.2705 | 2.1514 0.3667 | Time: 2.8552
Epoch: 0031 | TRAIN: 2.9779 0.1424 | 1.9926 0.3311 | 2.0968 0.3185 | Time: 27.9056 | VAL: 3.5026 0.0815 | 3.0792 0.2022 | 2.1715 0.4295 | Time: 2.3717 | TEST: 3.4598 0.0735 | 3.1433 0.3115 | 2.2875 0.3778 | Time: 2.8612
Epoch: 0032 | TRAIN: 2.9007 0.1508 | 1.9292 0.3546 | 2.0407 0.3341 | Time: 27.7555 | VAL: 3.3819 0.0870 | 3.4366 0.1685 | 2.1029 0.4362 | Time: 2.3627 | TEST: 3.3020 0.0923 | 3.4041 0.1639 | 2.2119 0.4333 | Time: 2.8551
Epoch: 0033 | TRAIN: 2.8871 0.1605 | 1.8362 0.3900 | 2.0582 0.3401 | Time: 27.5851 | VAL: 3.4049 0.0634 | 3.1554 0.1910 | 2.1517 0.4027 | Time: 2.3385 | TEST: 3.3883 0.0718 | 3.4401 0.1885 | 2.3082 0.3278 | Time: 2.8035
Epoch: 0034 | TRAIN: 2.8903 0.1677 | 1.8764 0.3954 | 2.0167 0.3522 | Time: 27.7169 | VAL: 3.4011 0.0942 | 3.3474 0.1798 | 1.9735 0.4497 | Time: 2.4215 | TEST: 3.3121 0.0872 | 3.5107 0.1557 | 2.0309 0.4278 | Time: 2.9039
Epoch: 0035 | TRAIN: 2.8957 0.1707 | 1.8119 0.4062 | 2.0270 0.3389 | Time: 27.5923 | VAL: 3.2768 0.0924 | 3.4688 0.2022 | 1.9133 0.4832 | Time: 2.3503 | TEST: 3.2276 0.1128 | 3.6006 0.2213 | 2.0656 0.4222 | Time: 2.7812
Epoch: 0036 | TRAIN: 2.8566 0.1695 | 1.8299 0.4056 | 1.9456 0.3774 | Time: 27.5579 | VAL: 3.2601 0.1159 | 3.3638 0.1573 | 1.9703 0.4564 | Time: 2.3761 | TEST: 3.2238 0.1265 | 3.4572 0.2131 | 1.9461 0.4667 | Time: 2.8749
Epoch: 0037 | TRAIN: 2.8186 0.1791 | 1.8062 0.3834 | 1.8585 0.3732 | Time: 27.5441 | VAL: 3.3902 0.0543 | 3.3557 0.1798 | 2.0583 0.4228 | Time: 2.3398 | TEST: 3.3481 0.0564 | 3.4689 0.2377 | 2.2104 0.3778 | Time: 2.7885
Epoch: 0038 | TRAIN: 2.8193 0.1791 | 1.8488 0.3930 | 1.9062 0.3876 | Time: 27.3883 | VAL: 3.5003 0.0851 | 3.0847 0.2135 | 2.0133 0.4430 | Time: 2.3520 | TEST: 3.4082 0.1009 | 3.1121 0.2705 | 2.0273 0.4278 | Time: 2.8344
Epoch: 0039 | TRAIN: 2.7833 0.1857 | 1.7978 0.3948 | 1.8985 0.4008 | Time: 27.4799 | VAL: 3.8160 0.0924 | 3.3344 0.2584 | 2.3050 0.4295 | Time: 2.3810 | TEST: 3.7189 0.1009 | 3.5412 0.2459 | 2.1601 0.4056 | Time: 2.8998
Epoch: 0040 | TRAIN: 2.7667 0.1755 | 1.7317 0.4381 | 1.8385 0.3918 | Time: 27.6160 | VAL: 3.4800 0.1105 | 2.8690 0.2360 | 2.0783 0.4564 | Time: 2.3852 | TEST: 3.4568 0.1009 | 2.7271 0.2705 | 2.1745 0.4333 | Time: 2.8105
Epoch: 0041 | TRAIN: 2.7547 0.1893 | 1.6642 0.4483 | 1.8136 0.3996 | Time: 27.4728 | VAL: 3.3820 0.1159 | 3.8430 0.1685 | 2.0775 0.4094 | Time: 2.3979 | TEST: 3.3645 0.1145 | 3.7893 0.1885 | 2.0248 0.4389 | Time: 2.9193
Epoch: 0042 | TRAIN: 2.7111 0.2043 | 1.7004 0.4387 | 1.8458 0.4062 | Time: 27.5038 | VAL: 3.3537 0.1377 | 2.9525 0.2472 | 1.9896 0.4430 | Time: 2.3496 | TEST: 3.3395 0.1060 | 3.1893 0.2459 | 2.0487 0.4167 | Time: 2.8203
Epoch: 0043 | TRAIN: 2.7322 0.2061 | 1.6914 0.4387 | 1.8154 0.4171 | Time: 27.3781 | VAL: 3.9568 0.0688 | 3.5196 0.2135 | 2.0699 0.4966 | Time: 2.3285 | TEST: 3.7989 0.0769 | 3.4931 0.2295 | 2.1750 0.4500 | Time: 2.8271
Epoch: 0044 | TRAIN: 2.7500 0.1869 | 1.6485 0.4429 | 1.7764 0.4255 | Time: 27.6798 | VAL: 3.4092 0.1286 | 3.1690 0.2584 | 1.8142 0.5302 | Time: 2.3517 | TEST: 3.3200 0.1402 | 3.0868 0.3033 | 1.9472 0.5167 | Time: 2.8338
Epoch: 0045 | TRAIN: 2.6748 0.2121 | 1.6109 0.4639 | 1.7589 0.4411 | Time: 27.4986 | VAL: 3.3591 0.1178 | 3.1920 0.2472 | 2.1094 0.4094 | Time: 2.3468 | TEST: 3.3255 0.1162 | 3.0182 0.2951 | 2.1918 0.4444 | Time: 2.7827
Epoch: 0046 | TRAIN: 2.6624 0.2175 | 1.7470 0.4369 | 1.8106 0.4093 | Time: 27.4446 | VAL: 3.2552 0.1178 | 3.2316 0.2809 | 1.7129 0.5436 | Time: 2.3458 | TEST: 3.1694 0.1179 | 3.1421 0.2951 | 1.8701 0.5056 | Time: 2.8707
Epoch: 0047 | TRAIN: 2.6503 0.2163 | 1.6607 0.4609 | 1.8016 0.4225 | Time: 27.5272 | VAL: 3.4349 0.1467 | 3.7885 0.2584 | 1.9359 0.5034 | Time: 2.3799 | TEST: 3.3872 0.1658 | 3.9537 0.2131 | 2.0060 0.4944 | Time: 2.8602
Epoch: 0048 | TRAIN: 2.6544 0.2043 | 1.6093 0.4603 | 1.7056 0.4357 | Time: 28.0891 | VAL: 3.4379 0.1196 | 2.9729 0.2809 | 1.7179 0.5436 | Time: 2.4282 | TEST: 3.3458 0.1009 | 3.2540 0.2213 | 1.7638 0.5556 | Time: 2.8908
Epoch: 0049 | TRAIN: 2.6359 0.2055 | 1.5260 0.4898 | 1.6318 0.4657 | Time: 28.0499 | VAL: 3.6516 0.0996 | 3.2365 0.2247 | 1.9044 0.5101 | Time: 2.4259 | TEST: 3.5824 0.0974 | 3.6381 0.2131 | 1.9673 0.4722 | Time: 2.8922
Epoch: 0050 | TRAIN: 2.5855 0.2200 | 1.5704 0.4645 | 1.6829 0.4399 | Time: 28.1002 | VAL: 3.6003 0.1467 | 3.6193 0.2697 | 1.8662 0.5570 | Time: 2.4206 | TEST: 3.4414 0.1778 | 3.7372 0.2213 | 1.9603 0.5111 | Time: 2.8847
Epoch: 0051 | TRAIN: 2.5739 0.2284 | 1.5916 0.4808 | 1.6108 0.4802 | Time: 28.1725 | VAL: 3.4752 0.1268 | 3.5093 0.2360 | 1.8295 0.5638 | Time: 2.4626 | TEST: 3.3947 0.1573 | 3.8782 0.2049 | 2.0265 0.4889 | Time: 2.9055
Epoch: 0052 | TRAIN: 2.5388 0.2392 | 1.5995 0.5036 | 1.6827 0.4495 | Time: 28.1306 | VAL: 3.2612 0.1250 | 3.3524 0.2360 | 2.2114 0.4362 | Time: 2.4078 | TEST: 3.1958 0.1299 | 3.3921 0.2705 | 2.2170 0.4167 | Time: 2.8539
Epoch: 0053 | TRAIN: 2.5685 0.2194 | 1.5828 0.4724 | 1.6571 0.4555 | Time: 28.1489 | VAL: 3.9301 0.1286 | 4.0882 0.2697 | 1.7609 0.5570 | Time: 2.4544 | TEST: 3.8237 0.1145 | 3.9945 0.2705 | 1.8297 0.5000 | Time: 2.9070
Epoch: 0054 | TRAIN: 2.5361 0.2055 | 1.5802 0.4862 | 1.6669 0.4477 | Time: 28.0911 | VAL: 3.7198 0.1105 | 3.4909 0.3034 | 2.0906 0.5034 | Time: 2.4352 | TEST: 3.6438 0.1111 | 3.3708 0.2705 | 2.0901 0.4944 | Time: 2.8793
Epoch: 0055 | TRAIN: 2.5202 0.2290 | 1.4852 0.5132 | 1.6059 0.4808 | Time: 28.0602 | VAL: 3.2034 0.1123 | 3.7709 0.1798 | 1.8837 0.5503 | Time: 2.3914 | TEST: 3.1511 0.1197 | 4.2620 0.1885 | 1.9564 0.5111 | Time: 2.8282
Epoch: 0056 | TRAIN: 2.4152 0.2626 | 1.5457 0.5126 | 1.6547 0.4579 | Time: 28.0204 | VAL: 3.2770 0.1178 | 3.3457 0.2584 | 1.8344 0.5906 | Time: 2.4107 | TEST: 3.2239 0.1179 | 3.6005 0.2623 | 1.7847 0.5778 | Time: 2.8612
Epoch: 0057 | TRAIN: 2.4436 0.2434 | 1.4809 0.5168 | 1.5555 0.4928 | Time: 28.1998 | VAL: 3.5207 0.1341 | 3.4718 0.3146 | 1.8643 0.5369 | Time: 2.4245 | TEST: 3.4000 0.1453 | 3.8143 0.3033 | 1.8789 0.4889 | Time: 2.8778
Epoch: 0058 | TRAIN: 2.5063 0.2410 | 1.4857 0.5246 | 1.6231 0.4712 | Time: 28.2191 | VAL: 3.5945 0.0960 | 3.6694 0.2921 | 2.0316 0.5570 | Time: 2.4507 | TEST: 3.5119 0.0855 | 3.9626 0.2869 | 1.9231 0.4556 | Time: 2.8770
Epoch: 0059 | TRAIN: 2.4174 0.2560 | 1.5421 0.5192 | 1.5812 0.4970 | Time: 27.9195 | VAL: 3.3597 0.1467 | 3.9926 0.2022 | 1.9186 0.4765 | Time: 2.4118 | TEST: 3.2589 0.1538 | 4.3526 0.1885 | 1.9750 0.4556 | Time: 2.8844
Epoch: 0060 | TRAIN: 2.4294 0.2632 | 1.5496 0.5096 | 1.6315 0.4573 | Time: 27.9735 | VAL: 3.5079 0.1087 | 3.2002 0.2809 | 1.9363 0.4966 | Time: 2.4169 | TEST: 3.4675 0.1162 | 3.1749 0.3525 | 1.8452 0.5333 | Time: 2.8749
Epoch: 0061 | TRAIN: 2.4349 0.2584 | 1.4513 0.5300 | 1.6301 0.4910 | Time: 27.9191 | VAL: 3.8476 0.1395 | 4.0384 0.2247 | 1.9493 0.4966 | Time: 2.4170 | TEST: 3.7613 0.1368 | 4.2746 0.2295 | 1.9472 0.4889 | Time: 2.8745
Epoch: 0062 | TRAIN: 2.3903 0.2638 | 1.4880 0.5222 | 1.6173 0.4621 | Time: 27.9502 | VAL: 3.6005 0.1250 | 3.5706 0.2247 | 1.9027 0.5436 | Time: 2.4163 | TEST: 3.4405 0.1162 | 4.0239 0.2705 | 2.0069 0.5278 | Time: 2.8797
Epoch: 0063 | TRAIN: 2.3737 0.2800 | 1.4457 0.5216 | 1.5133 0.4952 | Time: 28.0651 | VAL: 4.4119 0.1413 | 3.3583 0.1910 | 2.2176 0.5101 | Time: 2.4095 | TEST: 4.3235 0.1179 | 3.5304 0.2377 | 2.0273 0.5278 | Time: 2.8568
Epoch: 0064 | TRAIN: 2.3490 0.2680 | 1.5054 0.5162 | 1.5561 0.4904 | Time: 27.9751 | VAL: 3.7629 0.1014 | 3.8006 0.3034 | 2.2342 0.5369 | Time: 2.3864 | TEST: 3.5966 0.1094 | 3.9224 0.3279 | 2.1028 0.4278 | Time: 2.8351
Epoch: 0065 | TRAIN: 2.3803 0.2686 | 1.4355 0.5355 | 1.5348 0.5222 | Time: 28.1299 | VAL: 3.4354 0.1268 | 4.3400 0.1798 | 2.0369 0.5369 | Time: 2.4326 | TEST: 3.3296 0.1573 | 4.5949 0.2377 | 2.1586 0.5111 | Time: 2.8796
Epoch: 0066 | TRAIN: 2.3178 0.2861 | 1.5546 0.4988 | 1.5152 0.5054 | Time: 28.1603 | VAL: 3.5401 0.1069 | 3.7735 0.2360 | 1.8462 0.5168 | Time: 2.4458 | TEST: 3.4610 0.1145 | 3.9472 0.2705 | 2.1848 0.4778 | Time: 2.9109
Epoch: 0067 | TRAIN: 2.3601 0.2746 | 1.4597 0.5264 | 1.5248 0.4964 | Time: 28.1299 | VAL: 3.5653 0.1377 | 4.1263 0.2360 | 2.0090 0.5638 | Time: 2.3835 | TEST: 3.4588 0.1419 | 4.8304 0.2623 | 1.9963 0.5444 | Time: 2.8553
Epoch: 0068 | TRAIN: 2.3419 0.2909 | 1.5548 0.5036 | 1.4848 0.5102 | Time: 28.0990 | VAL: 3.3815 0.1123 | 3.7497 0.2697 | 2.0678 0.5302 | Time: 2.3838 | TEST: 3.3355 0.1009 | 4.1690 0.1967 | 1.9836 0.4889 | Time: 2.8304
Epoch: 0069 | TRAIN: 2.2744 0.2903 | 1.3924 0.5373 | 1.4951 0.5252 | Time: 27.7381 | VAL: 3.8199 0.1268 | 3.9516 0.2584 | 2.2871 0.4832 | Time: 2.3496 | TEST: 3.8582 0.1111 | 4.1327 0.2541 | 2.3329 0.4389 | Time: 2.7985
Epoch: 0070 | TRAIN: 2.2030 0.3107 | 1.3849 0.5559 | 1.4545 0.5294 | Time: 27.7196 | VAL: 3.8165 0.1178 | 3.9038 0.2360 | 1.7774 0.6040 | Time: 2.3786 | TEST: 3.6649 0.1231 | 4.5579 0.2541 | 1.6982 0.5889 | Time: 2.8082
Epoch: 0071 | TRAIN: 2.2735 0.2933 | 1.4032 0.5463 | 1.4072 0.5487 | Time: 27.6703 | VAL: 3.4451 0.1341 | 3.8352 0.2360 | 1.8530 0.4899 | Time: 2.3685 | TEST: 3.4182 0.1265 | 4.1538 0.2623 | 1.9456 0.4611 | Time: 2.8099
Epoch: 0072 | TRAIN: 2.1917 0.2939 | 1.3857 0.5583 | 1.4438 0.5312 | Time: 27.7546 | VAL: 4.3269 0.0978 | 3.6439 0.3146 | 1.9387 0.5168 | Time: 2.3599 | TEST: 4.2833 0.0957 | 4.0855 0.3361 | 2.0333 0.5444 | Time: 2.8002
Epoch: 0073 | TRAIN: 2.2423 0.3059 | 1.3911 0.5541 | 1.4778 0.5210 | Time: 27.5954 | VAL: 4.0432 0.1141 | 3.8997 0.2697 | 2.2378 0.4899 | Time: 2.3912 | TEST: 4.1248 0.1436 | 3.8455 0.3279 | 2.4174 0.4444 | Time: 2.8446
Epoch: 0074 | TRAIN: 2.2271 0.3203 | 1.3311 0.5781 | 1.5377 0.5198 | Time: 27.7657 | VAL: 3.7125 0.1087 | 4.5134 0.2135 | 1.9657 0.5168 | Time: 2.3611 | TEST: 3.6648 0.1162 | 4.9086 0.2541 | 2.0683 0.4889 | Time: 2.8108
Epoch: 0075 | TRAIN: 2.2176 0.2993 | 1.4764 0.5541 | 1.5435 0.4958 | Time: 27.7635 | VAL: 3.3557 0.1395 | 3.7677 0.3034 | 1.6801 0.6107 | Time: 2.3981 | TEST: 3.2350 0.1316 | 3.6424 0.3279 | 1.7884 0.5167 | Time: 2.8526
Epoch: 0076 | TRAIN: 2.1894 0.3185 | 1.4310 0.5427 | 1.4235 0.5270 | Time: 27.5914 | VAL: 4.3389 0.1250 | 3.6810 0.3146 | 1.8641 0.5906 | Time: 2.3841 | TEST: 4.2965 0.1145 | 4.2870 0.2623 | 1.7986 0.5333 | Time: 2.8316
Epoch: 0077 | TRAIN: 2.2299 0.3017 | 1.3835 0.5475 | 1.4330 0.5409 | Time: 27.4758 | VAL: 3.6948 0.1051 | 3.1741 0.2360 | 2.5230 0.4832 | Time: 2.3797 | TEST: 3.6329 0.0974 | 2.9423 0.3525 | 2.4288 0.4444 | Time: 2.8475
Epoch: 0078 | TRAIN: 2.2469 0.3041 | 1.4543 0.5391 | 1.5184 0.5018 | Time: 27.5089 | VAL: 3.3825 0.1522 | 3.9006 0.2584 | 1.7197 0.5369 | Time: 2.4084 | TEST: 3.3596 0.1487 | 3.8604 0.2869 | 1.7996 0.5444 | Time: 2.8683
Epoch: 0079 | TRAIN: 2.1410 0.3173 | 1.4312 0.5367 | 1.4352 0.5439 | Time: 27.4912 | VAL: 3.4072 0.1395 | 3.5183 0.3034 | 2.0261 0.4966 | Time: 2.3329 | TEST: 3.4104 0.1179 | 3.8500 0.3689 | 2.0594 0.5111 | Time: 2.8218
Epoch: 0080 | TRAIN: 2.2134 0.3161 | 1.3671 0.5847 | 1.4386 0.5216 | Time: 27.7298 | VAL: 4.0203 0.0779 | 3.0899 0.2921 | 2.0124 0.4832 | Time: 2.3594 | TEST: 4.0201 0.0838 | 3.3691 0.3607 | 2.1415 0.4333 | Time: 2.7945
Epoch: 0081 | TRAIN: 2.1809 0.3101 | 1.4098 0.5631 | 1.4815 0.5180 | Time: 27.6125 | VAL: 3.5547 0.1214 | 3.4847 0.2809 | 1.5664 0.5839 | Time: 2.3939 | TEST: 3.5460 0.1111 | 3.8610 0.2869 | 1.6762 0.5889 | Time: 2.8488
Epoch: 0082 | TRAIN: 2.1261 0.3209 | 1.3531 0.5763 | 1.4597 0.5475 | Time: 27.8053 | VAL: 3.6008 0.1286 | 3.3537 0.2809 | 1.8465 0.6309 | Time: 2.3744 | TEST: 3.6008 0.1094 | 3.7752 0.2787 | 1.8505 0.5500 | Time: 2.7962
Epoch: 0083 | TRAIN: 2.1458 0.3221 | 1.3514 0.5751 | 1.4158 0.5445 | Time: 27.7244 | VAL: 3.3388 0.1431 | 3.8683 0.2809 | 1.5192 0.6309 | Time: 2.4057 | TEST: 3.2866 0.1316 | 3.8993 0.2377 | 1.7536 0.5278 | Time: 2.8595
Epoch: 0084 | TRAIN: 2.1046 0.3083 | 1.2823 0.5793 | 1.3856 0.5649 | Time: 27.6784 | VAL: 3.5145 0.0870 | 4.4611 0.2360 | 1.8117 0.6174 | Time: 2.3406 | TEST: 3.4218 0.0940 | 4.4295 0.2295 | 1.8047 0.5556 | Time: 2.7631
Epoch: 0085 | TRAIN: 2.0046 0.3431 | 1.3869 0.5445 | 1.3693 0.5667 | Time: 27.5657 | VAL: 3.7344 0.0815 | 3.7021 0.2472 | 1.6591 0.5570 | Time: 2.3593 | TEST: 3.7211 0.0872 | 4.1062 0.3197 | 1.9610 0.5167 | Time: 2.8053
Epoch: 0086 | TRAIN: 2.0440 0.3480 | 1.3153 0.5835 | 1.4064 0.5493 | Time: 27.7996 | VAL: 4.0846 0.0996 | 3.2416 0.2697 | 1.8482 0.5839 | Time: 2.3751 | TEST: 4.1917 0.0855 | 3.4474 0.3197 | 1.8846 0.5333 | Time: 2.8179
Epoch: 0087 | TRAIN: 2.1473 0.3203 | 1.3375 0.5817 | 1.4136 0.5343 | Time: 27.7135 | VAL: 4.5553 0.0906 | 3.8442 0.3596 | 1.7598 0.6309 | Time: 2.3689 | TEST: 4.6107 0.0957 | 4.0957 0.3197 | 1.9356 0.6000 | Time: 2.8046
Epoch: 0088 | TRAIN: 1.9751 0.3552 | 1.4198 0.5589 | 1.4507 0.5319 | Time: 27.7702 | VAL: 4.1506 0.0870 | 4.2504 0.3371 | 1.9358 0.5503 | Time: 2.3252 | TEST: 4.1105 0.0957 | 4.8291 0.3607 | 2.2803 0.4944 | Time: 2.7762
Epoch: 0089 | TRAIN: 2.0125 0.3612 | 1.3498 0.5775 | 1.3350 0.5751 | Time: 27.7879 | VAL: 3.9770 0.1359 | 4.0746 0.2697 | 1.9521 0.5503 | Time: 2.3886 | TEST: 3.9743 0.1197 | 4.0342 0.2787 | 1.9145 0.5222 | Time: 2.8630
Epoch: 0090 | TRAIN: 2.0147 0.3636 | 1.3488 0.5799 | 1.4281 0.5421 | Time: 27.6123 | VAL: 4.4505 0.1196 | 4.8215 0.2921 | 1.7463 0.6510 | Time: 2.3641 | TEST: 4.4757 0.1111 | 5.7104 0.3443 | 1.8867 0.5333 | Time: 2.8291
Epoch: 0091 | TRAIN: 2.0216 0.3630 | 1.3745 0.5847 | 1.4484 0.5523 | Time: 27.6068 | VAL: 4.0311 0.0996 | 3.8889 0.2697 | 1.9579 0.5705 | Time: 2.3903 | TEST: 4.2243 0.0838 | 4.3229 0.3689 | 1.9633 0.5167 | Time: 2.8758
Epoch: 0092 | TRAIN: 1.9009 0.3684 | 1.3092 0.5962 | 1.3657 0.5685 | Time: 27.6235 | VAL: 3.8026 0.1250 | 3.5043 0.2697 | 1.5868 0.5839 | Time: 2.3545 | TEST: 3.8236 0.1453 | 4.2039 0.2951 | 2.0556 0.5500 | Time: 2.7948
Epoch: 0093 | TRAIN: 2.0273 0.3522 | 1.3255 0.5811 | 1.4132 0.5523 | Time: 27.6774 | VAL: 4.2453 0.0996 | 3.7531 0.2022 | 1.6972 0.5436 | Time: 2.3652 | TEST: 4.2849 0.1077 | 4.1493 0.2623 | 1.8896 0.5111 | Time: 2.8133
Epoch: 0094 | TRAIN: 2.0343 0.3377 | 1.3861 0.5697 | 1.4369 0.5505 | Time: 27.7913 | VAL: 3.7927 0.1123 | 3.6609 0.2697 | 1.6479 0.5906 | Time: 2.3291 | TEST: 3.7943 0.1265 | 4.1084 0.3770 | 1.7919 0.5722 | Time: 2.7706
Epoch: 0095 | TRAIN: 1.9766 0.3636 | 1.3564 0.5841 | 1.4216 0.5613 | Time: 27.8411 | VAL: 3.7634 0.0888 | 3.7973 0.2697 | 1.8674 0.6040 | Time: 2.3294 | TEST: 3.7384 0.0906 | 4.2549 0.3607 | 2.1290 0.5389 | Time: 2.7728
Epoch: 0096 | TRAIN: 1.9592 0.3588 | 1.3777 0.5685 | 1.3330 0.5679 | Time: 27.5925 | VAL: 4.3408 0.0960 | 3.8070 0.2697 | 2.3918 0.5638 | Time: 2.3966 | TEST: 4.3815 0.1060 | 3.8578 0.3525 | 2.5625 0.5500 | Time: 2.8413
Epoch: 0097 | TRAIN: 1.8565 0.3888 | 1.2767 0.6052 | 1.3409 0.5853 | Time: 27.7033 | VAL: 6.1745 0.0978 | 3.8791 0.2472 | 1.7594 0.6040 | Time: 2.3653 | TEST: 6.3510 0.0957 | 4.2600 0.2869 | 1.9189 0.5722 | Time: 2.8215
Epoch: 0098 | TRAIN: 1.8905 0.3906 | 1.3362 0.6022 | 1.3699 0.5709 | Time: 27.8257 | VAL: 4.4427 0.1051 | 3.7897 0.2921 | 2.1882 0.5235 | Time: 2.3256 | TEST: 4.4807 0.0974 | 3.8277 0.3525 | 2.0977 0.4944 | Time: 2.7763
Epoch: 0099 | TRAIN: 1.9851 0.3684 | 1.3414 0.5763 | 1.4661 0.5385 | Time: 27.6588 | VAL: 3.8278 0.0851 | 4.2970 0.2247 | 2.0090 0.4899 | Time: 2.3906 | TEST: 3.7173 0.0735 | 4.7089 0.2623 | 1.8974 0.4889 | Time: 2.8442
========================================
Best Result: Epoch 87, result {'amazon': [0.09572649572649573], 'dslr': [0.319672131147541], 'webcam': [0.6]}
========================================
