========================================
General Configuration:
	Wighting: MoDo
	Architecture: HPS
	Rep_Grad: False
	Multi_Input: True
	Seed: 0
	Device: cuda:0
MoDo Configuration:
	weighting: MoDo
	gamma_modo: 1.0
	rho_modo: 1.0
	modo_gn: none
Optimizer Configuration:
	optim: adam
	lr: 0.001
	weight_decay: 1e-05
========================================
Total Params: 11487901
Trainable Params: 11487901
Non-trainable Params: 0
========================================
LOG FORMAT | amazon_LOSS Acc | dslr_LOSS Acc | webcam_LOSS Acc | TIME
Epoch: 0000 | TRAIN: 1.8676 0.5270 | 0.9589 0.8215 | 0.9885 0.7975 | Time: 116.7183 | VAL: 1.2559 0.7047 | 0.2731 1.0000 | 0.2411 0.9799 | Time: 2.3962 | TEST: 1.2331 0.7111 | 0.2979 0.9344 | 0.2448 0.9556 | Time: 2.8619
Epoch: 0001 | TRAIN: 0.4670 0.8984 | 0.0381 1.0000 | 0.0471 0.9997 | Time: 116.8770 | VAL: 1.1164 0.7192 | 0.1930 0.9888 | 0.1681 0.9664 | Time: 2.3787 | TEST: 1.0795 0.7197 | 0.2499 0.9508 | 0.1508 0.9722 | Time: 2.8354
Epoch: 0002 | TRAIN: 0.1362 0.9790 | 0.0178 1.0000 | 0.0196 1.0000 | Time: 116.4241 | VAL: 1.1508 0.6938 | 0.1121 0.9775 | 0.1393 0.9732 | Time: 2.3961 | TEST: 1.1283 0.6957 | 0.1532 0.9754 | 0.1567 0.9611 | Time: 2.8419
Epoch: 0003 | TRAIN: 0.0963 0.9838 | 0.0120 1.0000 | 0.0156 0.9994 | Time: 116.5569 | VAL: 1.0442 0.7355 | 0.1283 0.9888 | 0.1700 0.9732 | Time: 2.4130 | TEST: 0.9395 0.7607 | 0.1745 0.9508 | 0.1494 0.9778 | Time: 2.8708
Epoch: 0004 | TRAIN: 0.0853 0.9835 | 0.0105 1.0000 | 0.0138 1.0000 | Time: 116.8394 | VAL: 1.0295 0.7428 | 0.0582 1.0000 | 0.1293 0.9732 | Time: 2.3670 | TEST: 0.9503 0.7453 | 0.1911 0.9344 | 0.1304 0.9722 | Time: 2.8451
Epoch: 0005 | TRAIN: 0.1005 0.9754 | 0.0092 0.9997 | 0.0109 1.0000 | Time: 116.5323 | VAL: 1.1334 0.7029 | 0.1632 0.9663 | 0.1933 0.9597 | Time: 2.3917 | TEST: 1.1833 0.6923 | 0.2955 0.9180 | 0.1408 0.9667 | Time: 2.8457
Epoch: 0006 | TRAIN: 0.1388 0.9669 | 0.0105 1.0000 | 0.0170 0.9982 | Time: 116.5090 | VAL: 1.2247 0.7083 | 0.2937 0.9213 | 0.2267 0.9195 | Time: 2.4341 | TEST: 1.2352 0.7111 | 0.3080 0.8934 | 0.2223 0.9556 | Time: 2.8811
Epoch: 0007 | TRAIN: 0.1403 0.9642 | 0.0168 0.9985 | 0.0195 0.9979 | Time: 116.7872 | VAL: 1.2486 0.6866 | 0.1176 0.9663 | 0.1547 0.9463 | Time: 2.4248 | TEST: 1.2998 0.6735 | 0.1762 0.9426 | 0.1597 0.9611 | Time: 2.8881
Epoch: 0008 | TRAIN: 0.1535 0.9549 | 0.0094 0.9997 | 0.0132 0.9991 | Time: 116.7373 | VAL: 1.1080 0.7518 | 0.1491 0.9551 | 0.1360 0.9597 | Time: 2.4235 | TEST: 1.0598 0.7607 | 0.2423 0.9426 | 0.1470 0.9667 | Time: 2.8627
Epoch: 0009 | TRAIN: 0.0867 0.9778 | 0.0071 0.9997 | 0.0094 0.9991 | Time: 116.7302 | VAL: 1.0254 0.7518 | 0.1088 0.9775 | 0.1208 0.9597 | Time: 2.4194 | TEST: 0.9967 0.7624 | 0.1236 0.9590 | 0.1189 0.9833 | Time: 2.8768
Epoch: 0010 | TRAIN: 0.0399 0.9904 | 0.0030 1.0000 | 0.0047 0.9997 | Time: 116.4380 | VAL: 1.1680 0.7319 | 0.2039 0.9551 | 0.2240 0.9195 | Time: 2.4227 | TEST: 1.1450 0.7214 | 0.2195 0.9098 | 0.1948 0.9611 | Time: 2.8958
Epoch: 0011 | TRAIN: 0.0257 0.9961 | 0.0021 1.0000 | 0.0032 1.0000 | Time: 116.5223 | VAL: 1.2589 0.7246 | 0.0725 0.9888 | 0.1836 0.9396 | Time: 2.3794 | TEST: 1.3054 0.7060 | 0.1813 0.9590 | 0.1623 0.9556 | Time: 2.8209
Epoch: 0012 | TRAIN: 0.0738 0.9790 | 0.0044 0.9997 | 0.0033 1.0000 | Time: 116.6215 | VAL: 1.2800 0.7283 | 0.1756 0.9551 | 0.3354 0.9262 | Time: 2.3908 | TEST: 1.2639 0.7197 | 0.3499 0.9016 | 0.2692 0.9111 | Time: 2.8397
Epoch: 0013 | TRAIN: 0.0892 0.9760 | 0.0083 0.9991 | 0.0157 0.9973 | Time: 117.2305 | VAL: 1.2228 0.7083 | 0.2435 0.9326 | 0.2917 0.9060 | Time: 2.4302 | TEST: 1.2689 0.7179 | 0.3534 0.9180 | 0.3185 0.8944 | Time: 2.8418
Epoch: 0014 | TRAIN: 0.0797 0.9769 | 0.0062 0.9991 | 0.0091 0.9994 | Time: 116.5526 | VAL: 1.2118 0.7101 | 0.0867 0.9775 | 0.1779 0.9597 | Time: 2.4681 | TEST: 1.1445 0.7248 | 0.2870 0.8934 | 0.1628 0.9722 | Time: 2.8671
Epoch: 0015 | TRAIN: 0.0428 0.9868 | 0.0037 0.9997 | 0.0042 1.0000 | Time: 116.5322 | VAL: 1.0596 0.7754 | 0.0740 0.9551 | 0.2371 0.9396 | Time: 2.3873 | TEST: 0.9159 0.7812 | 0.2264 0.9508 | 0.1752 0.9556 | Time: 2.8343
Epoch: 0016 | TRAIN: 0.0205 0.9952 | 0.0020 0.9997 | 0.0018 1.0000 | Time: 116.5689 | VAL: 1.0395 0.7736 | 0.0473 0.9888 | 0.1528 0.9530 | Time: 2.4065 | TEST: 1.0910 0.7504 | 0.1954 0.9344 | 0.2124 0.9444 | Time: 2.8739
Epoch: 0017 | TRAIN: 0.0056 0.9994 | 0.0012 1.0000 | 0.0012 1.0000 | Time: 116.4975 | VAL: 0.9901 0.7754 | 0.0516 0.9888 | 0.1351 0.9530 | Time: 2.4031 | TEST: 0.8850 0.7966 | 0.1895 0.9344 | 0.1246 0.9667 | Time: 2.8564
Epoch: 0018 | TRAIN: 0.0017 1.0000 | 0.0004 1.0000 | 0.0005 1.0000 | Time: 116.7333 | VAL: 0.9622 0.7844 | 0.0621 0.9888 | 0.1219 0.9597 | Time: 2.3757 | TEST: 0.8821 0.8000 | 0.1746 0.9426 | 0.1133 0.9722 | Time: 2.8323
Epoch: 0019 | TRAIN: 0.0022 0.9997 | 0.0004 1.0000 | 0.0004 1.0000 | Time: 116.7739 | VAL: 0.9941 0.7844 | 0.0789 0.9775 | 0.1322 0.9597 | Time: 2.3773 | TEST: 0.8630 0.8000 | 0.1503 0.9508 | 0.1016 0.9778 | Time: 2.8445
Epoch: 0020 | TRAIN: 0.0010 1.0000 | 0.0003 1.0000 | 0.0003 1.0000 | Time: 117.1129 | VAL: 0.9834 0.7862 | 0.0358 0.9888 | 0.1171 0.9732 | Time: 2.3926 | TEST: 0.8767 0.7932 | 0.1116 0.9590 | 0.0980 0.9778 | Time: 2.8487
Epoch: 0021 | TRAIN: 0.0008 1.0000 | 0.0003 1.0000 | 0.0004 1.0000 | Time: 116.7229 | VAL: 0.9948 0.7971 | 0.0388 0.9888 | 0.1056 0.9597 | Time: 2.4203 | TEST: 0.9305 0.7897 | 0.1360 0.9672 | 0.0939 0.9722 | Time: 2.8713
Epoch: 0022 | TRAIN: 0.0006 1.0000 | 0.0003 1.0000 | 0.0003 1.0000 | Time: 116.3702 | VAL: 0.9750 0.7880 | 0.0298 0.9888 | 0.1167 0.9597 | Time: 2.3743 | TEST: 0.8848 0.7966 | 0.1298 0.9672 | 0.1082 0.9722 | Time: 2.8286
Epoch: 0023 | TRAIN: 0.0005 1.0000 | 0.0002 1.0000 | 0.0002 1.0000 | Time: 116.1722 | VAL: 0.9483 0.7953 | 0.0318 0.9888 | 0.1631 0.9530 | Time: 2.4019 | TEST: 0.8622 0.7949 | 0.1379 0.9672 | 0.1056 0.9722 | Time: 2.8709
Epoch: 0024 | TRAIN: 0.0004 1.0000 | 0.0002 1.0000 | 0.0002 1.0000 | Time: 116.5204 | VAL: 0.9456 0.7917 | 0.0254 1.0000 | 0.1562 0.9463 | Time: 2.4259 | TEST: 0.8563 0.7932 | 0.1346 0.9672 | 0.1108 0.9722 | Time: 2.8824
Epoch: 0025 | TRAIN: 0.0003 1.0000 | 0.0002 1.0000 | 0.0002 1.0000 | Time: 116.4269 | VAL: 0.9412 0.7935 | 0.0144 1.0000 | 0.1386 0.9530 | Time: 2.4270 | TEST: 0.8576 0.7949 | 0.1168 0.9672 | 0.1080 0.9722 | Time: 2.8697
Epoch: 0026 | TRAIN: 0.0003 1.0000 | 0.0002 1.0000 | 0.0002 1.0000 | Time: 116.3394 | VAL: 0.9127 0.7899 | 0.0229 1.0000 | 0.1273 0.9732 | Time: 2.4026 | TEST: 0.8420 0.8017 | 0.1313 0.9672 | 0.0982 0.9722 | Time: 2.8621
Epoch: 0027 | TRAIN: 0.0003 1.0000 | 0.0001 1.0000 | 0.0002 1.0000 | Time: 116.8950 | VAL: 0.9168 0.8007 | 0.0153 1.0000 | 0.1312 0.9664 | Time: 2.3831 | TEST: 0.8421 0.8034 | 0.1158 0.9672 | 0.0970 0.9778 | Time: 2.8348
Epoch: 0028 | TRAIN: 0.0003 1.0000 | 0.0001 1.0000 | 0.0001 1.0000 | Time: 116.1630 | VAL: 0.9235 0.7917 | 0.0166 1.0000 | 0.1192 0.9732 | Time: 2.3803 | TEST: 0.8428 0.8034 | 0.1210 0.9672 | 0.0965 0.9722 | Time: 2.8294
Epoch: 0029 | TRAIN: 0.0003 1.0000 | 0.0001 1.0000 | 0.0001 1.0000 | Time: 116.0975 | VAL: 0.9261 0.7917 | 0.0203 1.0000 | 0.1313 0.9664 | Time: 2.3923 | TEST: 0.8444 0.7966 | 0.1260 0.9672 | 0.0999 0.9722 | Time: 2.8425
Epoch: 0030 | TRAIN: 0.0002 1.0000 | 0.0001 1.0000 | 0.0001 1.0000 | Time: 116.1098 | VAL: 0.9423 0.7880 | 0.0155 1.0000 | 0.1224 0.9664 | Time: 2.4097 | TEST: 0.8583 0.7949 | 0.1181 0.9672 | 0.1032 0.9722 | Time: 2.8344
Epoch: 0031 | TRAIN: 0.0002 1.0000 | 0.0001 1.0000 | 0.0001 1.0000 | Time: 116.0314 | VAL: 0.9232 0.7880 | 0.0131 1.0000 | 0.1147 0.9664 | Time: 2.4023 | TEST: 0.8368 0.8051 | 0.1104 0.9672 | 0.0923 0.9778 | Time: 2.8821
Epoch: 0032 | TRAIN: 0.0002 1.0000 | 0.0001 1.0000 | 0.0001 1.0000 | Time: 116.4728 | VAL: 0.9084 0.7953 | 0.0207 1.0000 | 0.1225 0.9664 | Time: 2.4037 | TEST: 0.8186 0.8017 | 0.1120 0.9672 | 0.0891 0.9778 | Time: 2.8744
Epoch: 0033 | TRAIN: 0.0002 1.0000 | 0.0001 1.0000 | 0.0001 1.0000 | Time: 116.3546 | VAL: 0.8986 0.7989 | 0.0120 1.0000 | 0.1119 0.9732 | Time: 2.4191 | TEST: 0.8154 0.8034 | 0.1057 0.9672 | 0.0867 0.9778 | Time: 2.8949
Epoch: 0034 | TRAIN: 0.0002 1.0000 | 0.0001 1.0000 | 0.0001 1.0000 | Time: 116.6333 | VAL: 0.9028 0.7971 | 0.0101 1.0000 | 0.1201 0.9664 | Time: 2.4241 | TEST: 0.8160 0.8068 | 0.1031 0.9590 | 0.0938 0.9722 | Time: 2.8761
Epoch: 0035 | TRAIN: 0.0002 1.0000 | 0.0001 1.0000 | 0.0001 1.0000 | Time: 116.8645 | VAL: 0.9167 0.7917 | 0.0116 1.0000 | 0.1340 0.9597 | Time: 2.4264 | TEST: 0.8280 0.8000 | 0.1036 0.9590 | 0.0890 0.9722 | Time: 2.8790
Epoch: 0036 | TRAIN: 0.0002 1.0000 | 0.0001 1.0000 | 0.0001 1.0000 | Time: 116.8747 | VAL: 0.8957 0.7971 | 0.0137 1.0000 | 0.1216 0.9664 | Time: 2.4122 | TEST: 0.8107 0.8103 | 0.1148 0.9672 | 0.0766 0.9833 | Time: 2.8451
Epoch: 0037 | TRAIN: 0.0002 1.0000 | 0.0001 1.0000 | 0.0001 1.0000 | Time: 115.8720 | VAL: 0.9001 0.7953 | 0.0159 1.0000 | 0.1240 0.9597 | Time: 2.3647 | TEST: 0.8168 0.8120 | 0.1114 0.9672 | 0.0815 0.9778 | Time: 2.8706
Epoch: 0038 | TRAIN: 0.0001 1.0000 | 0.0001 1.0000 | 0.0001 1.0000 | Time: 116.4767 | VAL: 0.9079 0.7953 | 0.0107 1.0000 | 0.1191 0.9732 | Time: 2.3905 | TEST: 0.8181 0.8120 | 0.1057 0.9590 | 0.0806 0.9778 | Time: 2.8213
Epoch: 0039 | TRAIN: 0.0001 1.0000 | 0.0001 1.0000 | 0.0001 1.0000 | Time: 116.6669 | VAL: 0.9055 0.7989 | 0.0158 1.0000 | 0.1310 0.9597 | Time: 2.4258 | TEST: 0.8157 0.8051 | 0.1122 0.9672 | 0.0839 0.9778 | Time: 2.8758
Epoch: 0040 | TRAIN: 0.0002 1.0000 | 0.0001 1.0000 | 0.0001 1.0000 | Time: 115.8682 | VAL: 0.9018 0.7935 | 0.0106 1.0000 | 0.1266 0.9732 | Time: 2.4292 | TEST: 0.8114 0.8085 | 0.1032 0.9672 | 0.0758 0.9778 | Time: 2.8732
Epoch: 0041 | TRAIN: 0.0002 1.0000 | 0.0001 1.0000 | 0.0001 1.0000 | Time: 116.0684 | VAL: 0.9085 0.7953 | 0.0106 1.0000 | 0.1330 0.9530 | Time: 2.4015 | TEST: 0.8235 0.8068 | 0.1016 0.9672 | 0.0851 0.9778 | Time: 2.8943
Epoch: 0042 | TRAIN: 0.0002 1.0000 | 0.0001 1.0000 | 0.0001 1.0000 | Time: 116.8172 | VAL: 0.9060 0.7989 | 0.0124 1.0000 | 0.1283 0.9664 | Time: 2.4079 | TEST: 0.8218 0.8085 | 0.1099 0.9672 | 0.0911 0.9722 | Time: 2.8648
Epoch: 0043 | TRAIN: 0.0002 1.0000 | 0.0001 1.0000 | 0.0001 1.0000 | Time: 116.5879 | VAL: 0.9070 0.7971 | 0.0100 1.0000 | 0.1231 0.9732 | Time: 2.4174 | TEST: 0.8145 0.8051 | 0.1065 0.9672 | 0.0797 0.9778 | Time: 2.8764
Epoch: 0044 | TRAIN: 0.0001 1.0000 | 0.0001 1.0000 | 0.0001 1.0000 | Time: 116.3291 | VAL: 0.8842 0.7935 | 0.0095 1.0000 | 0.1159 0.9732 | Time: 2.3788 | TEST: 0.7953 0.8103 | 0.0852 0.9672 | 0.0804 0.9778 | Time: 2.8406
Epoch: 0045 | TRAIN: 0.0001 1.0000 | 0.0001 1.0000 | 0.0001 1.0000 | Time: 116.9866 | VAL: 0.9065 0.8007 | 0.0115 1.0000 | 0.1077 0.9732 | Time: 2.3898 | TEST: 0.8178 0.8068 | 0.0959 0.9672 | 0.0760 0.9778 | Time: 2.8430
Epoch: 0046 | TRAIN: 0.0001 1.0000 | 0.0001 1.0000 | 0.0001 1.0000 | Time: 116.8171 | VAL: 0.9097 0.7899 | 0.0124 1.0000 | 0.1156 0.9664 | Time: 2.3672 | TEST: 0.8237 0.8051 | 0.1001 0.9590 | 0.0895 0.9833 | Time: 2.8353
Epoch: 0047 | TRAIN: 0.0001 1.0000 | 0.0001 1.0000 | 0.0001 1.0000 | Time: 117.0026 | VAL: 0.8900 0.8025 | 0.0147 1.0000 | 0.1177 0.9597 | Time: 2.4030 | TEST: 0.8002 0.8154 | 0.1090 0.9672 | 0.0802 0.9778 | Time: 2.8742
Epoch: 0048 | TRAIN: 0.0001 1.0000 | 0.0001 1.0000 | 0.0001 1.0000 | Time: 116.5237 | VAL: 0.9138 0.7862 | 0.0111 1.0000 | 0.1220 0.9799 | Time: 2.3840 | TEST: 0.8347 0.8017 | 0.1164 0.9590 | 0.0848 0.9722 | Time: 2.8267
Epoch: 0049 | TRAIN: 0.0001 1.0000 | 0.0001 1.0000 | 0.0001 1.0000 | Time: 116.3162 | VAL: 0.8993 0.7971 | 0.0098 1.0000 | 0.1107 0.9732 | Time: 2.3899 | TEST: 0.8324 0.8103 | 0.1083 0.9672 | 0.0812 0.9778 | Time: 2.8164
Epoch: 0050 | TRAIN: 0.0001 1.0000 | 0.0001 1.0000 | 0.0001 1.0000 | Time: 116.5042 | VAL: 0.8949 0.7953 | 0.0101 1.0000 | 0.1156 0.9732 | Time: 2.3930 | TEST: 0.8278 0.8051 | 0.1036 0.9672 | 0.0840 0.9722 | Time: 2.8813
Epoch: 0051 | TRAIN: 0.0001 1.0000 | 0.0001 1.0000 | 0.0001 1.0000 | Time: 116.2255 | VAL: 0.9138 0.7826 | 0.0113 1.0000 | 0.1104 0.9597 | Time: 2.3515 | TEST: 0.8304 0.8103 | 0.1150 0.9590 | 0.0785 0.9722 | Time: 2.8020
Epoch: 0052 | TRAIN: 0.0001 1.0000 | 0.0001 1.0000 | 0.0001 1.0000 | Time: 116.3667 | VAL: 0.8916 0.7989 | 0.0091 1.0000 | 0.1193 0.9664 | Time: 2.3614 | TEST: 0.8034 0.8154 | 0.0878 0.9672 | 0.0787 0.9722 | Time: 2.8242
Epoch: 0053 | TRAIN: 0.0001 1.0000 | 0.0001 1.0000 | 0.0001 1.0000 | Time: 116.8093 | VAL: 0.8852 0.8007 | 0.0105 1.0000 | 0.1095 0.9799 | Time: 2.3857 | TEST: 0.8027 0.8188 | 0.1101 0.9672 | 0.0755 0.9778 | Time: 2.8718
Epoch: 0054 | TRAIN: 0.0001 1.0000 | 0.0001 1.0000 | 0.0001 1.0000 | Time: 116.6644 | VAL: 0.8697 0.8025 | 0.0090 1.0000 | 0.1105 0.9732 | Time: 2.4218 | TEST: 0.7846 0.8120 | 0.1031 0.9508 | 0.0726 0.9778 | Time: 2.8634
Epoch: 0055 | TRAIN: 0.0001 1.0000 | 0.0001 1.0000 | 0.0001 1.0000 | Time: 117.1619 | VAL: 0.8858 0.7971 | 0.0089 1.0000 | 0.1166 0.9732 | Time: 2.4098 | TEST: 0.7960 0.8154 | 0.1058 0.9672 | 0.0741 0.9833 | Time: 2.8767
Epoch: 0056 | TRAIN: 0.0001 1.0000 | 0.0001 1.0000 | 0.0001 1.0000 | Time: 116.2657 | VAL: 0.8881 0.8043 | 0.0078 1.0000 | 0.1179 0.9799 | Time: 2.4211 | TEST: 0.8085 0.8051 | 0.0920 0.9672 | 0.0728 0.9778 | Time: 2.8589
Epoch: 0057 | TRAIN: 0.0001 1.0000 | 0.0001 1.0000 | 0.0001 1.0000 | Time: 116.3315 | VAL: 0.8981 0.8007 | 0.0088 1.0000 | 0.1207 0.9732 | Time: 2.3859 | TEST: 0.8078 0.8154 | 0.1006 0.9590 | 0.0779 0.9778 | Time: 2.8322
Epoch: 0058 | TRAIN: 0.0001 1.0000 | 0.0001 1.0000 | 0.0000 1.0000 | Time: 116.1366 | VAL: 0.8857 0.8025 | 0.0112 1.0000 | 0.1204 0.9799 | Time: 2.4080 | TEST: 0.8068 0.8120 | 0.1031 0.9672 | 0.0795 0.9778 | Time: 2.8592
Epoch: 0059 | TRAIN: 0.0001 1.0000 | 0.0001 1.0000 | 0.0001 1.0000 | Time: 116.5897 | VAL: 0.9097 0.7953 | 0.0121 1.0000 | 0.1145 0.9732 | Time: 2.4143 | TEST: 0.8064 0.8137 | 0.0916 0.9672 | 0.0862 0.9778 | Time: 2.8510
Epoch: 0060 | TRAIN: 0.0001 1.0000 | 0.0001 1.0000 | 0.0001 1.0000 | Time: 116.5908 | VAL: 0.8904 0.8025 | 0.0092 1.0000 | 0.1098 0.9732 | Time: 2.3930 | TEST: 0.8027 0.8137 | 0.0912 0.9672 | 0.0796 0.9722 | Time: 2.8716
Epoch: 0061 | TRAIN: 0.0001 1.0000 | 0.0001 1.0000 | 0.0001 1.0000 | Time: 116.2331 | VAL: 0.8967 0.7989 | 0.0069 1.0000 | 0.1117 0.9799 | Time: 2.3831 | TEST: 0.8120 0.8103 | 0.0928 0.9672 | 0.0727 0.9833 | Time: 2.8364
Epoch: 0062 | TRAIN: 0.0001 1.0000 | 0.0001 1.0000 | 0.0001 1.0000 | Time: 117.3176 | VAL: 0.8834 0.8043 | 0.0073 1.0000 | 0.1014 0.9799 | Time: 2.3998 | TEST: 0.8030 0.8171 | 0.0870 0.9672 | 0.0714 0.9833 | Time: 2.8506
Epoch: 0063 | TRAIN: 0.0001 1.0000 | 0.0000 1.0000 | 0.0000 1.0000 | Time: 116.2927 | VAL: 0.8883 0.8025 | 0.0100 1.0000 | 0.1132 0.9732 | Time: 2.4309 | TEST: 0.7974 0.8120 | 0.0999 0.9590 | 0.0769 0.9722 | Time: 2.8906
Epoch: 0064 | TRAIN: 0.0001 1.0000 | 0.0000 1.0000 | 0.0000 1.0000 | Time: 116.1842 | VAL: 0.8865 0.8007 | 0.0090 1.0000 | 0.1077 0.9664 | Time: 2.4267 | TEST: 0.8069 0.8171 | 0.1016 0.9672 | 0.0710 0.9833 | Time: 2.8682
Epoch: 0065 | TRAIN: 0.0001 1.0000 | 0.0000 1.0000 | 0.0001 1.0000 | Time: 116.2031 | VAL: 0.8842 0.8007 | 0.0080 1.0000 | 0.0987 0.9799 | Time: 2.3939 | TEST: 0.7972 0.8188 | 0.0956 0.9590 | 0.0708 0.9778 | Time: 2.8397
Epoch: 0066 | TRAIN: 0.0001 1.0000 | 0.0000 1.0000 | 0.0000 1.0000 | Time: 116.3791 | VAL: 0.8896 0.8062 | 0.0081 1.0000 | 0.1299 0.9597 | Time: 2.3784 | TEST: 0.8042 0.8137 | 0.0992 0.9672 | 0.0820 0.9778 | Time: 2.8172
Epoch: 0067 | TRAIN: 0.0001 1.0000 | 0.0000 1.0000 | 0.0000 1.0000 | Time: 116.8632 | VAL: 0.8833 0.8098 | 0.0084 1.0000 | 0.1198 0.9732 | Time: 2.4142 | TEST: 0.7969 0.8120 | 0.0898 0.9672 | 0.0797 0.9778 | Time: 2.8664
Epoch: 0068 | TRAIN: 0.0001 1.0000 | 0.0000 1.0000 | 0.0000 1.0000 | Time: 116.8751 | VAL: 0.9004 0.7971 | 0.0105 1.0000 | 0.1241 0.9664 | Time: 2.3818 | TEST: 0.8092 0.8188 | 0.0937 0.9672 | 0.0799 0.9778 | Time: 2.8184
Epoch: 0069 | TRAIN: 1.5689 0.5971 | 1.0936 0.6947 | 1.2119 0.6740 | Time: 117.0138 | VAL: 3.1414 0.2772 | 1.8726 0.4494 | 1.5115 0.5436 | Time: 2.4268 | TEST: 3.1446 0.2650 | 1.8871 0.4180 | 1.5902 0.4833 | Time: 2.8591
Epoch: 0070 | TRAIN: 1.9899 0.4531 | 0.3382 0.8951 | 0.5217 0.8344 | Time: 116.4505 | VAL: 2.3106 0.4130 | 0.6545 0.7528 | 0.6105 0.8255 | Time: 2.4271 | TEST: 2.4047 0.3863 | 0.7135 0.7869 | 0.5890 0.8167 | Time: 2.8821
Epoch: 0071 | TRAIN: 1.0623 0.6926 | 0.0321 0.9952 | 0.0576 0.9880 | Time: 116.8765 | VAL: 1.9132 0.5362 | 0.7223 0.7865 | 0.5668 0.8658 | Time: 2.4152 | TEST: 1.9852 0.5282 | 0.7446 0.7705 | 0.6295 0.8167 | Time: 2.8489
Epoch: 0072 | TRAIN: 0.5919 0.8230 | 0.0177 0.9973 | 0.0253 0.9970 | Time: 116.8900 | VAL: 2.1713 0.5127 | 0.5159 0.8427 | 0.5830 0.8255 | Time: 2.3851 | TEST: 2.2287 0.5248 | 0.6522 0.7869 | 0.4602 0.8778 | Time: 2.8375
Epoch: 0073 | TRAIN: 0.2625 0.9249 | 0.0082 0.9991 | 0.0145 0.9982 | Time: 117.3794 | VAL: 2.2411 0.5399 | 0.5555 0.8202 | 0.4089 0.8993 | Time: 2.4244 | TEST: 2.2205 0.5111 | 0.5275 0.8197 | 0.4209 0.8833 | Time: 2.8961
Epoch: 0074 | TRAIN: 0.1082 0.9721 | 0.0048 1.0000 | 0.0074 0.9997 | Time: 116.9992 | VAL: 2.5323 0.5000 | 0.3428 0.8876 | 0.4505 0.8725 | Time: 2.4426 | TEST: 2.5195 0.5094 | 0.4951 0.8689 | 0.3881 0.8667 | Time: 2.9309
Epoch: 0075 | TRAIN: 0.0474 0.9922 | 0.0036 1.0000 | 0.0050 1.0000 | Time: 117.1432 | VAL: 1.9135 0.6141 | 0.2933 0.8989 | 0.3489 0.8859 | Time: 2.3848 | TEST: 1.8718 0.6205 | 0.4532 0.8607 | 0.3226 0.9056 | Time: 2.8329
Epoch: 0076 | TRAIN: 0.0201 0.9973 | 0.0027 0.9994 | 0.0035 0.9997 | Time: 116.5994 | VAL: 2.1588 0.5960 | 0.4027 0.8202 | 0.3729 0.8926 | Time: 2.3827 | TEST: 2.0996 0.6051 | 0.5474 0.8361 | 0.3607 0.8889 | Time: 2.8237
Epoch: 0077 | TRAIN: 0.0108 0.9994 | 0.0014 1.0000 | 0.0021 1.0000 | Time: 116.7361 | VAL: 2.0199 0.5978 | 0.3464 0.8652 | 0.3602 0.9195 | Time: 2.4192 | TEST: 1.9784 0.6137 | 0.4998 0.8525 | 0.3218 0.8944 | Time: 2.8832
Epoch: 0078 | TRAIN: 0.0107 0.9988 | 0.0012 1.0000 | 0.0018 1.0000 | Time: 116.9022 | VAL: 2.0693 0.5833 | 0.2925 0.8989 | 0.3870 0.9128 | Time: 2.3870 | TEST: 2.0021 0.6188 | 0.4998 0.8770 | 0.3111 0.9056 | Time: 2.8312
Epoch: 0079 | TRAIN: 0.0083 0.9994 | 0.0011 1.0000 | 0.0019 0.9997 | Time: 116.6607 | VAL: 1.9579 0.6214 | 0.3010 0.8876 | 0.3255 0.8993 | Time: 2.4028 | TEST: 1.9159 0.6308 | 0.4920 0.8607 | 0.3356 0.8944 | Time: 2.8857
Epoch: 0080 | TRAIN: 0.0119 0.9976 | 0.0012 1.0000 | 0.0032 0.9994 | Time: 116.9969 | VAL: 2.1415 0.6141 | 0.2875 0.9213 | 0.3656 0.8926 | Time: 2.4310 | TEST: 1.9692 0.6256 | 0.5339 0.8443 | 0.2824 0.9111 | Time: 2.8941
Epoch: 0081 | TRAIN: 0.0084 0.9997 | 0.0012 1.0000 | 0.0016 1.0000 | Time: 117.0378 | VAL: 1.9189 0.6304 | 0.2835 0.9101 | 0.3907 0.8859 | Time: 2.3706 | TEST: 1.8223 0.6393 | 0.4555 0.8689 | 0.3458 0.8889 | Time: 2.8084
Epoch: 0082 | TRAIN: 0.0045 0.9997 | 0.0009 1.0000 | 0.0012 1.0000 | Time: 116.9285 | VAL: 1.9696 0.6304 | 0.2287 0.8989 | 0.3498 0.8926 | Time: 2.3841 | TEST: 1.8831 0.6342 | 0.4128 0.8852 | 0.3047 0.9167 | Time: 2.8292
Epoch: 0083 | TRAIN: 0.0033 1.0000 | 0.0006 1.0000 | 0.0010 1.0000 | Time: 116.9982 | VAL: 1.8392 0.6431 | 0.2616 0.8764 | 0.3105 0.9195 | Time: 2.3940 | TEST: 1.7523 0.6564 | 0.4273 0.8852 | 0.2852 0.9278 | Time: 2.8413
Epoch: 0084 | TRAIN: 0.0040 0.9994 | 0.0011 0.9997 | 0.0012 1.0000 | Time: 116.9323 | VAL: 1.9774 0.6214 | 0.4614 0.8539 | 0.3800 0.8859 | Time: 2.4221 | TEST: 1.8381 0.6513 | 0.3840 0.8934 | 0.3507 0.8833 | Time: 2.8841
Epoch: 0085 | TRAIN: 0.0309 0.9928 | 0.0020 1.0000 | 0.0034 0.9997 | Time: 117.0053 | VAL: 2.1869 0.5888 | 0.5005 0.8539 | 0.4015 0.9128 | Time: 2.4058 | TEST: 2.1766 0.5692 | 0.7116 0.8361 | 0.5467 0.8389 | Time: 2.8747
Epoch: 0086 | TRAIN: 0.0508 0.9832 | 0.0036 0.9994 | 0.0032 1.0000 | Time: 116.3788 | VAL: 2.3489 0.5797 | 0.4426 0.8876 | 0.4487 0.8725 | Time: 2.4105 | TEST: 2.3000 0.5795 | 0.6843 0.8361 | 0.5986 0.8556 | Time: 2.8806
Epoch: 0087 | TRAIN: 0.0466 0.9883 | 0.0034 0.9997 | 0.0066 0.9994 | Time: 116.8194 | VAL: 2.3953 0.5833 | 0.6181 0.8090 | 0.5294 0.8658 | Time: 2.3985 | TEST: 2.4341 0.5675 | 0.7174 0.8361 | 0.5479 0.8500 | Time: 2.8254
Epoch: 0088 | TRAIN: 0.0896 0.9727 | 0.0081 0.9979 | 0.0162 0.9961 | Time: 117.7310 | VAL: 2.8405 0.5399 | 0.5248 0.8427 | 0.7065 0.8523 | Time: 2.4327 | TEST: 3.0592 0.5265 | 0.5882 0.8525 | 0.4998 0.8500 | Time: 2.8969
Epoch: 0089 | TRAIN: 0.1007 0.9724 | 0.0060 0.9997 | 0.0121 0.9976 | Time: 117.1058 | VAL: 2.3900 0.5743 | 0.4437 0.8539 | 0.5293 0.8725 | Time: 2.4136 | TEST: 2.3633 0.5932 | 0.6452 0.8279 | 0.4494 0.8500 | Time: 2.8486
Epoch: 0090 | TRAIN: 0.0722 0.9769 | 0.0035 0.9997 | 0.0101 0.9979 | Time: 116.9843 | VAL: 2.9571 0.5471 | 0.4808 0.8427 | 0.3833 0.8926 | Time: 2.4283 | TEST: 3.0796 0.5128 | 0.5497 0.8443 | 0.4196 0.8667 | Time: 2.8679
Epoch: 0091 | TRAIN: 0.0666 0.9808 | 0.0037 0.9994 | 0.0117 0.9970 | Time: 116.7734 | VAL: 3.3002 0.5199 | 0.6782 0.8427 | 0.3943 0.8859 | Time: 2.4069 | TEST: 3.5292 0.4735 | 0.8171 0.8033 | 0.4204 0.8722 | Time: 2.8570
Epoch: 0092 | TRAIN: 0.0500 0.9835 | 0.0047 0.9991 | 0.0074 0.9982 | Time: 116.7926 | VAL: 2.6423 0.6033 | 0.4101 0.8764 | 0.4114 0.8725 | Time: 2.4176 | TEST: 2.6145 0.5692 | 0.5135 0.8361 | 0.4374 0.8944 | Time: 2.8474
Epoch: 0093 | TRAIN: 0.0258 0.9934 | 0.0029 0.9997 | 0.0058 0.9991 | Time: 116.7028 | VAL: 2.0581 0.6449 | 0.4348 0.8652 | 0.3674 0.8792 | Time: 2.3647 | TEST: 2.0913 0.6154 | 0.7035 0.8279 | 0.3818 0.9167 | Time: 2.8364
Epoch: 0094 | TRAIN: 0.0195 0.9961 | 0.0015 1.0000 | 0.0021 1.0000 | Time: 117.1938 | VAL: 2.6127 0.5815 | 0.3870 0.8876 | 0.4001 0.8993 | Time: 2.4323 | TEST: 2.6704 0.5778 | 0.5442 0.8115 | 0.4058 0.9111 | Time: 2.8809
Epoch: 0095 | TRAIN: 0.0157 0.9961 | 0.0012 1.0000 | 0.0015 1.0000 | Time: 116.9702 | VAL: 2.5054 0.6178 | 0.2966 0.8989 | 0.4905 0.8658 | Time: 2.4193 | TEST: 2.6103 0.5880 | 0.5578 0.8443 | 0.4275 0.8944 | Time: 2.8884
Epoch: 0096 | TRAIN: 0.0048 0.9997 | 0.0012 0.9997 | 0.0012 1.0000 | Time: 116.9222 | VAL: 2.3204 0.6087 | 0.3220 0.8876 | 0.3583 0.8859 | Time: 2.3829 | TEST: 2.2962 0.5966 | 0.4548 0.8525 | 0.4046 0.9222 | Time: 2.8019
Epoch: 0097 | TRAIN: 0.0044 0.9994 | 0.0003 1.0000 | 0.0005 1.0000 | Time: 116.9709 | VAL: 2.2817 0.6214 | 0.3129 0.9101 | 0.3575 0.9128 | Time: 2.3995 | TEST: 2.3076 0.6051 | 0.3589 0.8852 | 0.4423 0.8889 | Time: 2.8581
Epoch: 0098 | TRAIN: 0.0025 1.0000 | 0.0004 1.0000 | 0.0004 1.0000 | Time: 116.9152 | VAL: 2.3117 0.6214 | 0.2717 0.8989 | 0.3837 0.9060 | Time: 2.3840 | TEST: 2.3151 0.5966 | 0.4107 0.8770 | 0.3695 0.9333 | Time: 2.8391
Epoch: 0099 | TRAIN: 0.0011 1.0000 | 0.0003 1.0000 | 0.0004 1.0000 | Time: 116.8239 | VAL: 2.2157 0.6377 | 0.2478 0.9101 | 0.3578 0.8993 | Time: 2.3598 | TEST: 2.2109 0.6188 | 0.4131 0.8934 | 0.3718 0.9333 | Time: 2.8230
========================================
Best Result: Epoch 67, result {'amazon': [0.811965811965812], 'dslr': [0.9672131147540983], 'webcam': [0.9777777777777777]}
========================================
