========================================
General Configuration:
	Wighting: MoDo
	Architecture: HPS
	Rep_Grad: False
	Multi_Input: True
	Seed: 0
	Device: cuda:0
MoDo Configuration:
	weighting: MoDo
	gamma_modo: 0.1
	rho_modo: 0.01
	modo_gn: none
Optimizer Configuration:
	optim: adam
	lr: 0.001
	weight_decay: 1e-05
========================================
Total Params: 11487901
Trainable Params: 11487901
Non-trainable Params: 0
========================================
LOG FORMAT | amazon_LOSS Acc | dslr_LOSS Acc | webcam_LOSS Acc | TIME
Epoch: 0000 | TRAIN: 1.4385 0.6553 | 0.6823 0.8867 | 0.6495 0.8861 | Time: 122.4092 | VAL: 0.9967 0.7645 | 0.1493 0.9888 | 0.1651 0.9866 | Time: 2.5182 | TEST: 0.9805 0.7829 | 0.2135 0.9672 | 0.1735 0.9722 | Time: 2.9412
Epoch: 0001 | TRAIN: 0.2989 0.9402 | 0.0175 1.0000 | 0.0195 1.0000 | Time: 121.8785 | VAL: 0.8635 0.7989 | 0.0619 1.0000 | 0.1198 0.9866 | Time: 2.5614 | TEST: 0.8120 0.8103 | 0.1082 0.9836 | 0.1178 0.9833 | Time: 3.0997
Epoch: 0002 | TRAIN: 0.0845 0.9928 | 0.0082 1.0000 | 0.0083 1.0000 | Time: 121.7975 | VAL: 0.8110 0.7917 | 0.0352 1.0000 | 0.0963 0.9866 | Time: 2.5864 | TEST: 0.7731 0.8120 | 0.0946 0.9836 | 0.0968 0.9722 | Time: 3.0085
Epoch: 0003 | TRAIN: 0.0279 0.9991 | 0.0045 1.0000 | 0.0048 1.0000 | Time: 121.8631 | VAL: 0.7984 0.8098 | 0.0298 1.0000 | 0.0947 0.9866 | Time: 2.5784 | TEST: 0.7535 0.8017 | 0.0937 0.9754 | 0.0925 0.9833 | Time: 3.0467
Epoch: 0004 | TRAIN: 0.0277 0.9961 | 0.0036 1.0000 | 0.0035 1.0000 | Time: 121.4886 | VAL: 0.8155 0.8116 | 0.0217 1.0000 | 0.1013 0.9799 | Time: 2.5305 | TEST: 0.7766 0.8034 | 0.0719 0.9836 | 0.0880 0.9778 | Time: 3.0156
Epoch: 0005 | TRAIN: 0.0365 0.9940 | 0.0028 1.0000 | 0.0030 1.0000 | Time: 121.8576 | VAL: 0.7665 0.8134 | 0.0354 1.0000 | 0.0852 0.9866 | Time: 2.4726 | TEST: 0.7216 0.8188 | 0.0942 0.9836 | 0.1222 0.9667 | Time: 2.9706
Epoch: 0006 | TRAIN: 0.0624 0.9877 | 0.0025 1.0000 | 0.0027 1.0000 | Time: 122.2455 | VAL: 0.9747 0.7627 | 0.0291 1.0000 | 0.0978 0.9866 | Time: 2.6823 | TEST: 0.8864 0.7709 | 0.1043 0.9672 | 0.1225 0.9722 | Time: 3.0212
Epoch: 0007 | TRAIN: 0.0358 0.9919 | 0.0021 1.0000 | 0.0023 1.0000 | Time: 122.1677 | VAL: 0.8331 0.8062 | 0.0238 1.0000 | 0.0997 0.9799 | Time: 2.5853 | TEST: 0.7520 0.8051 | 0.0933 0.9836 | 0.0934 0.9778 | Time: 3.0179
Epoch: 0008 | TRAIN: 0.0289 0.9943 | 0.0015 1.0000 | 0.0017 1.0000 | Time: 122.5572 | VAL: 0.7817 0.7989 | 0.0431 0.9888 | 0.1028 0.9799 | Time: 2.4882 | TEST: 0.7239 0.8120 | 0.0725 0.9754 | 0.0687 0.9833 | Time: 3.0031
Epoch: 0009 | TRAIN: 0.0073 0.9997 | 0.0012 1.0000 | 0.0012 1.0000 | Time: 122.2017 | VAL: 0.7593 0.8062 | 0.0260 1.0000 | 0.0913 0.9799 | Time: 2.5634 | TEST: 0.6872 0.8188 | 0.0731 0.9754 | 0.0748 0.9778 | Time: 3.0410
Epoch: 0010 | TRAIN: 0.0034 1.0000 | 0.0009 1.0000 | 0.0009 1.0000 | Time: 122.3251 | VAL: 0.7762 0.8025 | 0.0184 1.0000 | 0.0906 0.9866 | Time: 2.6358 | TEST: 0.7072 0.8188 | 0.0698 0.9836 | 0.0797 0.9778 | Time: 3.0216
Epoch: 0011 | TRAIN: 0.0020 1.0000 | 0.0007 1.0000 | 0.0008 1.0000 | Time: 122.2200 | VAL: 0.7587 0.8080 | 0.0151 1.0000 | 0.0860 0.9866 | Time: 2.5549 | TEST: 0.6859 0.8188 | 0.0672 0.9754 | 0.0673 0.9778 | Time: 2.9703
Epoch: 0012 | TRAIN: 0.0430 0.9889 | 0.0011 1.0000 | 0.0012 1.0000 | Time: 122.2594 | VAL: 1.0627 0.7409 | 0.0482 0.9888 | 0.2039 0.9530 | Time: 2.5297 | TEST: 0.9839 0.7419 | 0.2431 0.9344 | 0.1248 0.9722 | Time: 3.0108
Epoch: 0013 | TRAIN: 1.3746 0.6364 | 0.1576 0.9567 | 0.2246 0.9396 | Time: 122.3234 | VAL: 2.5444 0.3370 | 0.3760 0.8989 | 0.4434 0.8725 | Time: 2.6671 | TEST: 2.6041 0.3419 | 0.3110 0.9098 | 0.4006 0.9000 | Time: 3.3913
Epoch: 0014 | TRAIN: 1.5544 0.5610 | 0.0138 0.9991 | 0.0342 0.9937 | Time: 122.0077 | VAL: 1.8848 0.5109 | 0.0913 0.9775 | 0.1238 0.9664 | Time: 2.5507 | TEST: 1.8438 0.5111 | 0.1549 0.9508 | 0.0999 0.9722 | Time: 3.0171
Epoch: 0015 | TRAIN: 0.9170 0.7302 | 0.0012 1.0000 | 0.0033 1.0000 | Time: 122.2149 | VAL: 1.6500 0.5870 | 0.0614 0.9775 | 0.0995 0.9732 | Time: 2.6015 | TEST: 1.6128 0.5538 | 0.1811 0.9508 | 0.0873 0.9722 | Time: 3.1941
Epoch: 0016 | TRAIN: 0.6155 0.8191 | 0.0009 1.0000 | 0.0016 1.0000 | Time: 122.2570 | VAL: 1.6327 0.5978 | 0.0823 0.9888 | 0.0967 0.9732 | Time: 2.5761 | TEST: 1.5786 0.5983 | 0.2075 0.9508 | 0.0816 0.9778 | Time: 3.0924
Epoch: 0017 | TRAIN: 0.3540 0.8948 | 0.0008 1.0000 | 0.0014 1.0000 | Time: 122.0678 | VAL: 1.7914 0.5417 | 0.0715 0.9888 | 0.0927 0.9664 | Time: 2.5686 | TEST: 1.7261 0.5709 | 0.2068 0.9508 | 0.0939 0.9667 | Time: 3.3043
Epoch: 0018 | TRAIN: 0.1800 0.9534 | 0.0006 1.0000 | 0.0014 1.0000 | Time: 122.3126 | VAL: 1.7578 0.5580 | 0.0711 0.9663 | 0.0969 0.9799 | Time: 2.6209 | TEST: 1.7065 0.5829 | 0.2004 0.9508 | 0.0959 0.9722 | Time: 3.0693
Epoch: 0019 | TRAIN: 0.0995 0.9781 | 0.0005 1.0000 | 0.0011 1.0000 | Time: 121.9229 | VAL: 1.8114 0.5743 | 0.0498 0.9775 | 0.0792 0.9866 | Time: 2.6824 | TEST: 1.7442 0.5915 | 0.2202 0.9508 | 0.1032 0.9667 | Time: 3.0366
Epoch: 0020 | TRAIN: 0.0557 0.9922 | 0.0005 1.0000 | 0.0009 1.0000 | Time: 121.6130 | VAL: 1.8046 0.5761 | 0.0646 0.9775 | 0.0889 0.9799 | Time: 2.6750 | TEST: 1.7295 0.5983 | 0.2038 0.9590 | 0.0905 0.9722 | Time: 2.9968
Epoch: 0021 | TRAIN: 0.1307 0.9633 | 0.0052 0.9994 | 0.0048 0.9991 | Time: 122.0687 | VAL: 1.8380 0.5851 | 0.0980 0.9551 | 0.2279 0.9262 | Time: 2.5916 | TEST: 1.7464 0.6154 | 0.1809 0.9262 | 0.2421 0.9333 | Time: 3.0067
Epoch: 0022 | TRAIN: 0.3462 0.8903 | 0.0018 0.9997 | 0.0052 0.9991 | Time: 122.4672 | VAL: 1.6355 0.6123 | 0.0845 0.9663 | 0.2210 0.9396 | Time: 2.5483 | TEST: 1.4997 0.6376 | 0.1341 0.9590 | 0.1560 0.9500 | Time: 2.9963
Epoch: 0023 | TRAIN: 0.5557 0.8350 | 0.0028 0.9997 | 0.0109 0.9973 | Time: 122.2723 | VAL: 2.4072 0.4674 | 0.6776 0.8989 | 0.3526 0.9396 | Time: 2.5284 | TEST: 2.2833 0.4821 | 0.7293 0.8361 | 0.3369 0.8889 | Time: 2.9726
Epoch: 0024 | TRAIN: 1.3952 0.6160 | 0.0291 0.9937 | 0.0577 0.9862 | Time: 122.1811 | VAL: 2.1051 0.4964 | 0.1577 0.9551 | 0.4196 0.9262 | Time: 2.5188 | TEST: 1.9683 0.4906 | 0.3767 0.9016 | 0.2728 0.9333 | Time: 2.9364
Epoch: 0025 | TRAIN: 1.5022 0.5781 | 0.0072 0.9988 | 0.0237 0.9928 | Time: 122.1000 | VAL: 2.2876 0.4076 | 0.3293 0.9213 | 0.2883 0.9463 | Time: 2.5849 | TEST: 2.1652 0.4239 | 0.3433 0.9098 | 0.2224 0.9444 | Time: 3.0518
Epoch: 0026 | TRAIN: 1.5428 0.5730 | 0.0076 0.9985 | 0.0252 0.9937 | Time: 121.8762 | VAL: 2.7030 0.3986 | 0.2843 0.9326 | 0.3944 0.9329 | Time: 2.5609 | TEST: 2.6545 0.3966 | 0.4209 0.9016 | 0.2572 0.9389 | Time: 3.0249
Epoch: 0027 | TRAIN: 1.2251 0.6412 | 0.0016 0.9997 | 0.0078 0.9982 | Time: 122.0792 | VAL: 2.1284 0.4674 | 0.1812 0.9551 | 0.3312 0.9329 | Time: 2.5715 | TEST: 2.0501 0.4598 | 0.2681 0.9262 | 0.2606 0.9444 | Time: 3.0348
Epoch: 0028 | TRAIN: 1.0042 0.6977 | 0.0011 1.0000 | 0.0029 0.9994 | Time: 121.2731 | VAL: 1.8580 0.5453 | 0.0832 0.9663 | 0.2789 0.9530 | Time: 2.5564 | TEST: 1.8119 0.5179 | 0.2893 0.9180 | 0.1759 0.9611 | Time: 3.0676
Epoch: 0029 | TRAIN: 0.6820 0.7834 | 0.0003 1.0000 | 0.0007 1.0000 | Time: 122.0413 | VAL: 1.7712 0.5688 | 0.0665 0.9775 | 0.2659 0.9463 | Time: 2.6546 | TEST: 1.7441 0.5402 | 0.2665 0.9344 | 0.1623 0.9556 | Time: 3.1836
Epoch: 0030 | TRAIN: 0.4162 0.8687 | 0.0003 1.0000 | 0.0003 1.0000 | Time: 121.9803 | VAL: 1.7306 0.5634 | 0.0394 0.9888 | 0.2168 0.9530 | Time: 2.4991 | TEST: 1.7321 0.5504 | 0.2638 0.9262 | 0.1764 0.9500 | Time: 3.0329
Epoch: 0031 | TRAIN: 0.1786 0.9543 | 0.0002 1.0000 | 0.0003 1.0000 | Time: 122.3834 | VAL: 1.6831 0.5888 | 0.0308 0.9888 | 0.2093 0.9530 | Time: 2.5263 | TEST: 1.6647 0.6103 | 0.2002 0.9344 | 0.1552 0.9667 | Time: 3.1585
Epoch: 0032 | TRAIN: 0.0680 0.9895 | 0.0002 1.0000 | 0.0003 1.0000 | Time: 121.7061 | VAL: 1.6795 0.6069 | 0.0392 0.9775 | 0.2638 0.9463 | Time: 2.5267 | TEST: 1.6173 0.6085 | 0.2396 0.9344 | 0.1642 0.9611 | Time: 3.1019
Epoch: 0033 | TRAIN: 0.0407 0.9943 | 0.0002 1.0000 | 0.0003 1.0000 | Time: 122.0086 | VAL: 1.5608 0.6449 | 0.0569 0.9775 | 0.2037 0.9530 | Time: 2.5661 | TEST: 1.5345 0.6239 | 0.2749 0.9508 | 0.1356 0.9722 | Time: 3.1100
Epoch: 0034 | TRAIN: 0.0337 0.9943 | 0.0002 1.0000 | 0.0005 1.0000 | Time: 121.3445 | VAL: 1.8656 0.5906 | 0.0444 0.9775 | 0.2181 0.9463 | Time: 2.5990 | TEST: 1.8298 0.5795 | 0.2064 0.9426 | 0.1556 0.9556 | Time: 3.1067
Epoch: 0035 | TRAIN: 0.0685 0.9865 | 0.0002 1.0000 | 0.0003 1.0000 | Time: 121.5733 | VAL: 1.6560 0.6250 | 0.0235 1.0000 | 0.1641 0.9530 | Time: 2.4251 | TEST: 1.6015 0.6359 | 0.1550 0.9590 | 0.1530 0.9611 | Time: 3.0105
Epoch: 0036 | TRAIN: 0.0499 0.9871 | 0.0002 1.0000 | 0.0004 1.0000 | Time: 121.7947 | VAL: 1.6582 0.6159 | 0.0339 0.9888 | 0.1875 0.9530 | Time: 2.6501 | TEST: 1.6423 0.6103 | 0.2194 0.9344 | 0.1478 0.9556 | Time: 3.1623
Epoch: 0037 | TRAIN: 0.0391 0.9904 | 0.0003 1.0000 | 0.0005 1.0000 | Time: 121.7290 | VAL: 1.5041 0.6757 | 0.0263 0.9888 | 0.1744 0.9463 | Time: 2.5453 | TEST: 1.4398 0.6821 | 0.1883 0.9508 | 0.1515 0.9722 | Time: 2.9979
Epoch: 0038 | TRAIN: 0.0191 0.9961 | 0.0002 1.0000 | 0.0003 1.0000 | Time: 122.0196 | VAL: 1.4603 0.6830 | 0.0132 1.0000 | 0.1629 0.9530 | Time: 2.6087 | TEST: 1.3946 0.6872 | 0.1521 0.9590 | 0.1319 0.9778 | Time: 3.0251
Epoch: 0039 | TRAIN: 0.0157 0.9961 | 0.0002 1.0000 | 0.0002 1.0000 | Time: 121.7338 | VAL: 1.6064 0.6649 | 0.0349 0.9888 | 0.1727 0.9463 | Time: 2.9214 | TEST: 1.5378 0.6632 | 0.1558 0.9672 | 0.1259 0.9778 | Time: 3.0117
Epoch: 0040 | TRAIN: 0.0185 0.9970 | 0.0002 1.0000 | 0.0005 1.0000 | Time: 121.1472 | VAL: 1.4347 0.7101 | 0.0293 0.9888 | 0.2094 0.9463 | Time: 2.5258 | TEST: 1.3386 0.7043 | 0.1656 0.9590 | 0.1191 0.9722 | Time: 3.1410
Epoch: 0041 | TRAIN: 0.1248 0.9675 | 0.0056 0.9982 | 0.0106 0.9970 | Time: 122.5162 | VAL: 2.3107 0.5417 | 0.2817 0.8876 | 0.3464 0.9195 | Time: 2.5100 | TEST: 2.0377 0.5607 | 0.4489 0.8770 | 0.4218 0.9000 | Time: 3.0421
Epoch: 0042 | TRAIN: 1.3775 0.6529 | 0.0498 0.9880 | 0.0873 0.9745 | Time: 121.5760 | VAL: 2.9532 0.3732 | 0.7705 0.8539 | 0.7038 0.8456 | Time: 2.6526 | TEST: 2.8100 0.3368 | 0.4171 0.8852 | 0.5953 0.8667 | Time: 2.9657
Epoch: 0043 | TRAIN: 1.8268 0.5309 | 0.0537 0.9853 | 0.0860 0.9712 | Time: 122.3144 | VAL: 2.2295 0.4565 | 0.4105 0.8876 | 0.3190 0.8658 | Time: 2.7807 | TEST: 2.0507 0.4769 | 0.4919 0.8607 | 0.3042 0.9278 | Time: 2.9759
Epoch: 0044 | TRAIN: 1.5082 0.5811 | 0.0059 0.9988 | 0.0216 0.9943 | Time: 121.7331 | VAL: 2.1710 0.4783 | 0.2357 0.9438 | 0.2250 0.9329 | Time: 2.6732 | TEST: 2.0764 0.4513 | 0.3023 0.9016 | 0.2606 0.9333 | Time: 2.9818
Epoch: 0045 | TRAIN: 1.1989 0.6572 | 0.0012 0.9997 | 0.0018 1.0000 | Time: 121.6135 | VAL: 2.0542 0.4909 | 0.1776 0.9663 | 0.1459 0.9463 | Time: 2.6738 | TEST: 1.9281 0.4957 | 0.2795 0.9344 | 0.2228 0.9556 | Time: 3.1372
Epoch: 0046 | TRAIN: 0.7716 0.7575 | 0.0002 1.0000 | 0.0006 1.0000 | Time: 122.8432 | VAL: 1.8763 0.5417 | 0.1671 0.9551 | 0.1587 0.9463 | Time: 2.4712 | TEST: 1.7287 0.5402 | 0.2278 0.9344 | 0.2357 0.9500 | Time: 2.8877
Epoch: 0047 | TRAIN: 0.4232 0.8741 | 0.0002 1.0000 | 0.0003 1.0000 | Time: 121.7640 | VAL: 1.6234 0.5797 | 0.1503 0.9775 | 0.1417 0.9597 | Time: 2.4303 | TEST: 1.4680 0.5846 | 0.1913 0.9426 | 0.1763 0.9556 | Time: 2.8836
Epoch: 0048 | TRAIN: 0.1807 0.9534 | 0.0002 1.0000 | 0.0003 1.0000 | Time: 121.9909 | VAL: 1.8232 0.5670 | 0.1389 0.9775 | 0.1818 0.9530 | Time: 2.5596 | TEST: 1.6845 0.5521 | 0.2167 0.9344 | 0.2002 0.9500 | Time: 3.0731
Epoch: 0049 | TRAIN: 0.0839 0.9817 | 0.0002 1.0000 | 0.0003 1.0000 | Time: 122.2338 | VAL: 1.6798 0.6051 | 0.1585 0.9663 | 0.1342 0.9664 | Time: 2.6291 | TEST: 1.5073 0.6222 | 0.1776 0.9508 | 0.1500 0.9556 | Time: 3.0056
Epoch: 0050 | TRAIN: 0.0397 0.9955 | 0.0002 1.0000 | 0.0003 1.0000 | Time: 122.0930 | VAL: 1.7368 0.6069 | 0.1151 0.9888 | 0.1467 0.9597 | Time: 2.5262 | TEST: 1.5522 0.6120 | 0.1833 0.9508 | 0.1619 0.9611 | Time: 2.9692
Epoch: 0051 | TRAIN: 0.0269 0.9958 | 0.0001 1.0000 | 0.0002 1.0000 | Time: 121.5566 | VAL: 1.7927 0.6069 | 0.0992 0.9775 | 0.1465 0.9732 | Time: 2.5851 | TEST: 1.6091 0.6068 | 0.1645 0.9508 | 0.1480 0.9667 | Time: 3.1097
Epoch: 0052 | TRAIN: 0.0221 0.9964 | 0.0001 1.0000 | 0.0002 1.0000 | Time: 121.9169 | VAL: 1.6450 0.6377 | 0.0920 0.9888 | 0.1693 0.9597 | Time: 2.5975 | TEST: 1.4910 0.6462 | 0.1674 0.9508 | 0.1856 0.9556 | Time: 3.0234
Epoch: 0053 | TRAIN: 0.0103 0.9985 | 0.0001 1.0000 | 0.0002 1.0000 | Time: 121.7126 | VAL: 1.6767 0.6341 | 0.1041 0.9775 | 0.1633 0.9530 | Time: 2.5432 | TEST: 1.5044 0.6359 | 0.1609 0.9590 | 0.1506 0.9611 | Time: 2.9170
Epoch: 0054 | TRAIN: 0.0151 0.9979 | 0.0001 1.0000 | 0.0002 1.0000 | Time: 121.8530 | VAL: 1.6502 0.6250 | 0.0848 0.9888 | 0.1604 0.9530 | Time: 2.6977 | TEST: 1.4632 0.6376 | 0.1550 0.9590 | 0.1560 0.9667 | Time: 3.0638
Epoch: 0055 | TRAIN: 0.0088 0.9991 | 0.0001 1.0000 | 0.0001 1.0000 | Time: 122.1963 | VAL: 1.6300 0.6504 | 0.0846 0.9775 | 0.1572 0.9530 | Time: 2.5402 | TEST: 1.4357 0.6547 | 0.1781 0.9590 | 0.1735 0.9611 | Time: 2.9612
Epoch: 0056 | TRAIN: 0.0177 0.9973 | 0.0001 1.0000 | 0.0002 1.0000 | Time: 122.1490 | VAL: 1.6470 0.6413 | 0.1107 0.9663 | 0.1753 0.9463 | Time: 2.5374 | TEST: 1.4792 0.6427 | 0.1905 0.9508 | 0.1668 0.9611 | Time: 3.0433
Epoch: 0057 | TRAIN: 0.0352 0.9922 | 0.0002 1.0000 | 0.0004 1.0000 | Time: 122.2906 | VAL: 2.9549 0.4601 | 0.1280 0.9775 | 0.2436 0.9262 | Time: 2.5296 | TEST: 2.8097 0.4718 | 0.0972 0.9754 | 0.1967 0.9556 | Time: 3.0430
Epoch: 0058 | TRAIN: 0.0963 0.9694 | 0.0004 1.0000 | 0.0007 1.0000 | Time: 122.3326 | VAL: 2.4187 0.5254 | 0.0728 0.9775 | 0.3252 0.9195 | Time: 2.9558 | TEST: 2.3014 0.5316 | 0.2236 0.9426 | 0.2214 0.9444 | Time: 2.9684
Epoch: 0059 | TRAIN: 0.0628 0.9820 | 0.0003 1.0000 | 0.0007 1.0000 | Time: 121.8454 | VAL: 1.6078 0.6594 | 0.0867 0.9775 | 0.2087 0.9329 | Time: 2.6758 | TEST: 1.4110 0.6718 | 0.1749 0.9262 | 0.1718 0.9611 | Time: 2.9261
Epoch: 0060 | TRAIN: 0.0383 0.9883 | 0.0003 1.0000 | 0.0007 1.0000 | Time: 122.9205 | VAL: 1.7582 0.6467 | 0.1515 0.9438 | 0.1716 0.9463 | Time: 2.5711 | TEST: 1.5976 0.6598 | 0.1377 0.9590 | 0.1596 0.9667 | Time: 3.0714
Epoch: 0061 | TRAIN: 0.0187 0.9964 | 0.0003 1.0000 | 0.0004 1.0000 | Time: 122.2496 | VAL: 1.8045 0.6449 | 0.1343 0.9551 | 0.2153 0.9262 | Time: 2.6427 | TEST: 1.6961 0.6376 | 0.1791 0.9590 | 0.1613 0.9722 | Time: 2.9185
Epoch: 0062 | TRAIN: 0.0399 0.9910 | 0.0013 0.9997 | 0.0072 0.9976 | Time: 120.6445 | VAL: 1.9878 0.6123 | 0.2866 0.9213 | 0.3121 0.9195 | Time: 2.4687 | TEST: 1.8834 0.6222 | 0.3174 0.9098 | 0.1983 0.9500 | Time: 3.1356
Epoch: 0063 | TRAIN: 0.1425 0.9528 | 0.0121 0.9955 | 0.0269 0.9928 | Time: 121.5137 | VAL: 1.6879 0.6196 | 0.2304 0.9213 | 0.3234 0.8926 | Time: 2.7128 | TEST: 1.7467 0.6325 | 0.3104 0.9180 | 0.3190 0.9111 | Time: 3.1256
Epoch: 0064 | TRAIN: 0.7533 0.7933 | 0.0145 0.9967 | 0.0512 0.9844 | Time: 121.4572 | VAL: 3.4234 0.3605 | 0.7030 0.8202 | 0.4803 0.8389 | Time: 2.5994 | TEST: 3.4246 0.3709 | 0.6267 0.8361 | 0.5646 0.8889 | Time: 3.0043
Epoch: 0065 | TRAIN: 1.1348 0.6875 | 0.0105 0.9967 | 0.0214 0.9931 | Time: 121.7595 | VAL: 2.1769 0.4801 | 0.4714 0.8876 | 0.3033 0.8993 | Time: 2.4911 | TEST: 2.0313 0.5111 | 0.3658 0.9180 | 0.4408 0.9056 | Time: 2.9067
Epoch: 0066 | TRAIN: 1.1178 0.6968 | 0.0055 0.9979 | 0.0212 0.9928 | Time: 121.0336 | VAL: 2.2859 0.4837 | 0.3627 0.9326 | 0.4585 0.8859 | Time: 2.5187 | TEST: 2.2245 0.4735 | 0.4102 0.9016 | 0.4668 0.8611 | Time: 3.1040
Epoch: 0067 | TRAIN: 0.9861 0.7061 | 0.0021 0.9997 | 0.0072 0.9976 | Time: 121.3145 | VAL: 1.8784 0.5562 | 0.3023 0.9326 | 0.2813 0.9262 | Time: 2.5933 | TEST: 1.8421 0.5231 | 0.2584 0.9262 | 0.3293 0.9278 | Time: 3.0656
Epoch: 0068 | TRAIN: 0.5020 0.8447 | 0.0004 1.0000 | 0.0009 0.9997 | Time: 121.6489 | VAL: 1.7223 0.5815 | 0.1719 0.9326 | 0.2534 0.9530 | Time: 2.4427 | TEST: 1.6579 0.5966 | 0.1924 0.9426 | 0.2326 0.9389 | Time: 2.9299
Epoch: 0069 | TRAIN: 0.2330 0.9324 | 0.0001 1.0000 | 0.0002 1.0000 | Time: 121.5201 | VAL: 1.6046 0.6123 | 0.1075 0.9663 | 0.2236 0.9463 | Time: 2.4693 | TEST: 1.5882 0.6068 | 0.1598 0.9590 | 0.2030 0.9444 | Time: 3.0313
Epoch: 0070 | TRAIN: 0.0928 0.9799 | 0.0001 1.0000 | 0.0002 1.0000 | Time: 121.0397 | VAL: 1.5745 0.6286 | 0.0941 0.9663 | 0.2263 0.9463 | Time: 2.5060 | TEST: 1.5571 0.6222 | 0.1373 0.9672 | 0.1764 0.9444 | Time: 2.9301
Epoch: 0071 | TRAIN: 0.0416 0.9910 | 0.0001 1.0000 | 0.0001 1.0000 | Time: 121.7508 | VAL: 1.6546 0.6159 | 0.1121 0.9551 | 0.2137 0.9463 | Time: 2.5221 | TEST: 1.6331 0.6188 | 0.1656 0.9508 | 0.1696 0.9500 | Time: 3.0214
Epoch: 0072 | TRAIN: 0.0227 0.9964 | 0.0001 1.0000 | 0.0001 1.0000 | Time: 121.5706 | VAL: 1.5830 0.6377 | 0.0852 0.9775 | 0.2283 0.9463 | Time: 2.5502 | TEST: 1.5809 0.6342 | 0.1344 0.9672 | 0.1348 0.9611 | Time: 2.9578
Epoch: 0073 | TRAIN: 0.0139 0.9985 | 0.0001 1.0000 | 0.0001 1.0000 | Time: 121.0099 | VAL: 1.5942 0.6304 | 0.0823 0.9663 | 0.2505 0.9463 | Time: 2.4668 | TEST: 1.5480 0.6410 | 0.1540 0.9508 | 0.1563 0.9556 | Time: 2.9510
Epoch: 0074 | TRAIN: 0.0063 0.9997 | 0.0001 1.0000 | 0.0001 1.0000 | Time: 121.8236 | VAL: 1.6183 0.6322 | 0.0738 0.9663 | 0.2604 0.9463 | Time: 2.5244 | TEST: 1.5969 0.6325 | 0.1301 0.9754 | 0.1464 0.9500 | Time: 2.9679
Epoch: 0075 | TRAIN: 0.0083 0.9988 | 0.0000 1.0000 | 0.0001 1.0000 | Time: 120.9418 | VAL: 1.5333 0.6522 | 0.0733 0.9663 | 0.2619 0.9463 | Time: 2.5679 | TEST: 1.5351 0.6410 | 0.1310 0.9672 | 0.1389 0.9556 | Time: 2.9564
Epoch: 0076 | TRAIN: 0.0075 0.9994 | 0.0000 1.0000 | 0.0001 1.0000 | Time: 121.3275 | VAL: 1.5881 0.6395 | 0.0868 0.9551 | 0.2451 0.9530 | Time: 2.5473 | TEST: 1.6349 0.6393 | 0.1332 0.9836 | 0.1693 0.9667 | Time: 2.9456
Epoch: 0077 | TRAIN: 0.0143 0.9964 | 0.0001 1.0000 | 0.0001 1.0000 | Time: 121.4197 | VAL: 1.6147 0.6612 | 0.1029 0.9551 | 0.2446 0.9530 | Time: 2.4546 | TEST: 1.5787 0.6462 | 0.1377 0.9754 | 0.1578 0.9556 | Time: 2.9526
Epoch: 0078 | TRAIN: 0.0254 0.9934 | 0.0001 1.0000 | 0.0001 1.0000 | Time: 121.4552 | VAL: 1.5877 0.6612 | 0.1420 0.9663 | 0.2076 0.9463 | Time: 2.6072 | TEST: 1.5569 0.6581 | 0.1676 0.9590 | 0.1382 0.9500 | Time: 2.9544
Epoch: 0079 | TRAIN: 0.0244 0.9922 | 0.0001 1.0000 | 0.0002 1.0000 | Time: 121.5298 | VAL: 1.5906 0.6558 | 0.1875 0.9438 | 0.3079 0.9329 | Time: 2.5883 | TEST: 1.6105 0.6581 | 0.1505 0.9672 | 0.1406 0.9556 | Time: 3.0327
Epoch: 0080 | TRAIN: 0.0363 0.9892 | 0.0001 1.0000 | 0.0003 1.0000 | Time: 121.2600 | VAL: 1.4634 0.6830 | 0.2485 0.9213 | 0.2761 0.9463 | Time: 2.5442 | TEST: 1.4211 0.6803 | 0.2167 0.9508 | 0.1590 0.9556 | Time: 2.9501
Epoch: 0081 | TRAIN: 0.0603 0.9832 | 0.0004 1.0000 | 0.0006 1.0000 | Time: 121.9614 | VAL: 1.5746 0.6830 | 0.1306 0.9551 | 0.2675 0.9396 | Time: 2.5597 | TEST: 1.5518 0.6513 | 0.3200 0.9016 | 0.2241 0.9444 | Time: 3.0614
Epoch: 0082 | TRAIN: 0.0860 0.9748 | 0.0003 1.0000 | 0.0009 1.0000 | Time: 121.5598 | VAL: 1.7250 0.6413 | 0.1688 0.9663 | 0.3047 0.9262 | Time: 2.5017 | TEST: 1.6471 0.6684 | 0.1794 0.9508 | 0.1753 0.9500 | Time: 2.9095
Epoch: 0083 | TRAIN: 0.0554 0.9856 | 0.0004 1.0000 | 0.0013 0.9997 | Time: 120.3145 | VAL: 1.4869 0.7083 | 0.1442 0.9551 | 0.1659 0.9597 | Time: 2.4267 | TEST: 1.3609 0.7419 | 0.3060 0.9180 | 0.3449 0.9333 | Time: 2.8849
Epoch: 0084 | TRAIN: 0.0608 0.9814 | 0.0004 1.0000 | 0.0017 0.9997 | Time: 118.3171 | VAL: 1.6017 0.6902 | 0.1440 0.9551 | 0.2232 0.9262 | Time: 2.4698 | TEST: 1.5016 0.6752 | 0.2309 0.9262 | 0.1264 0.9722 | Time: 2.8668
Epoch: 0085 | TRAIN: 0.0276 0.9916 | 0.0003 1.0000 | 0.0012 0.9997 | Time: 117.8028 | VAL: 1.6307 0.6775 | 0.1114 0.9663 | 0.2790 0.9396 | Time: 2.4491 | TEST: 1.5260 0.6974 | 0.2654 0.9180 | 0.0980 0.9722 | Time: 2.8300
Epoch: 0086 | TRAIN: 0.0087 0.9985 | 0.0002 1.0000 | 0.0002 1.0000 | Time: 117.7250 | VAL: 1.5471 0.7083 | 0.1295 0.9775 | 0.1686 0.9597 | Time: 2.4271 | TEST: 1.4170 0.7043 | 0.2004 0.9426 | 0.1021 0.9722 | Time: 2.8644
Epoch: 0087 | TRAIN: 0.0027 0.9997 | 0.0001 1.0000 | 0.0001 1.0000 | Time: 117.5969 | VAL: 1.4978 0.7011 | 0.0950 0.9775 | 0.1504 0.9597 | Time: 2.4276 | TEST: 1.3887 0.7197 | 0.2223 0.9262 | 0.0724 0.9778 | Time: 2.9323
Epoch: 0088 | TRAIN: 0.0028 0.9997 | 0.0001 1.0000 | 0.0001 1.0000 | Time: 117.5318 | VAL: 1.5584 0.6993 | 0.0864 0.9775 | 0.1534 0.9597 | Time: 2.4111 | TEST: 1.4231 0.7197 | 0.2562 0.9344 | 0.0860 0.9667 | Time: 2.8719
Epoch: 0089 | TRAIN: 0.0014 1.0000 | 0.0001 1.0000 | 0.0001 1.0000 | Time: 117.4545 | VAL: 1.5021 0.7083 | 0.0665 0.9888 | 0.1433 0.9597 | Time: 2.3992 | TEST: 1.3994 0.7316 | 0.2239 0.9426 | 0.0786 0.9778 | Time: 2.8466
Epoch: 0090 | TRAIN: 0.0012 1.0000 | 0.0000 1.0000 | 0.0001 1.0000 | Time: 117.3486 | VAL: 1.4802 0.7138 | 0.0648 0.9775 | 0.1448 0.9664 | Time: 2.4687 | TEST: 1.3853 0.7265 | 0.2355 0.9344 | 0.0836 0.9722 | Time: 2.8806
Epoch: 0091 | TRAIN: 0.0007 1.0000 | 0.0000 1.0000 | 0.0001 1.0000 | Time: 117.5750 | VAL: 1.4525 0.7210 | 0.0747 0.9775 | 0.1596 0.9597 | Time: 2.4097 | TEST: 1.3650 0.7282 | 0.2398 0.9344 | 0.0887 0.9667 | Time: 2.8758
Epoch: 0092 | TRAIN: 0.0006 1.0000 | 0.0000 1.0000 | 0.0001 1.0000 | Time: 117.4080 | VAL: 1.4813 0.7101 | 0.0657 0.9888 | 0.1331 0.9597 | Time: 2.3874 | TEST: 1.3570 0.7282 | 0.2221 0.9344 | 0.0917 0.9667 | Time: 2.8349
Epoch: 0093 | TRAIN: 0.0007 1.0000 | 0.0000 1.0000 | 0.0001 1.0000 | Time: 117.3294 | VAL: 1.4499 0.7228 | 0.0870 0.9775 | 0.1356 0.9664 | Time: 2.4200 | TEST: 1.3335 0.7402 | 0.2265 0.9180 | 0.0898 0.9722 | Time: 2.8900
Epoch: 0094 | TRAIN: 0.0011 1.0000 | 0.0000 1.0000 | 0.0001 1.0000 | Time: 117.4254 | VAL: 1.4618 0.7120 | 0.0813 0.9888 | 0.1308 0.9664 | Time: 2.4108 | TEST: 1.3927 0.7350 | 0.1798 0.9344 | 0.0761 0.9722 | Time: 2.8832
Epoch: 0095 | TRAIN: 0.0006 1.0000 | 0.0000 1.0000 | 0.0001 1.0000 | Time: 117.5628 | VAL: 1.4255 0.7174 | 0.0689 0.9888 | 0.1455 0.9664 | Time: 2.4222 | TEST: 1.3663 0.7333 | 0.1865 0.9344 | 0.0832 0.9722 | Time: 2.8942
Epoch: 0096 | TRAIN: 0.0004 1.0000 | 0.0000 1.0000 | 0.0001 1.0000 | Time: 118.1564 | VAL: 1.4225 0.7156 | 0.0678 0.9888 | 0.1399 0.9664 | Time: 2.4084 | TEST: 1.3711 0.7350 | 0.1820 0.9426 | 0.0839 0.9722 | Time: 2.8923
Epoch: 0097 | TRAIN: 0.0004 1.0000 | 0.0000 1.0000 | 0.0000 1.0000 | Time: 118.0388 | VAL: 1.4394 0.7138 | 0.0759 0.9888 | 0.1368 0.9597 | Time: 2.4665 | TEST: 1.3604 0.7350 | 0.1756 0.9344 | 0.0867 0.9722 | Time: 2.9239
Epoch: 0098 | TRAIN: 0.0004 1.0000 | 0.0000 1.0000 | 0.0001 1.0000 | Time: 117.5305 | VAL: 1.4083 0.7228 | 0.0797 0.9888 | 0.1235 0.9732 | Time: 2.4151 | TEST: 1.3523 0.7436 | 0.1878 0.9426 | 0.0757 0.9722 | Time: 2.8919
Epoch: 0099 | TRAIN: 0.0003 1.0000 | 0.0000 1.0000 | 0.0000 1.0000 | Time: 117.8346 | VAL: 1.3984 0.7228 | 0.0831 0.9888 | 0.1295 0.9664 | Time: 2.3776 | TEST: 1.3425 0.7385 | 0.1673 0.9426 | 0.0942 0.9722 | Time: 2.8563
========================================
Best Result: Epoch 5, result {'amazon': [0.8188034188034188], 'dslr': [0.9836065573770492], 'webcam': [0.9666666666666667]}
========================================
