========================================
General Configuration:
	Wighting: MoDo
	Architecture: HPS
	Rep_Grad: False
	Multi_Input: True
	Seed: 0
	Device: cuda:0
MoDo Configuration:
	weighting: MoDo
	gamma_modo: 0.01
	rho_modo: 0.1
	modo_gn: none
Optimizer Configuration:
	optim: adam
	lr: 1e-05
	weight_decay: 1e-05
========================================
Total Params: 11487901
Trainable Params: 11487901
Non-trainable Params: 0
========================================
LOG FORMAT | amazon_LOSS Acc | dslr_LOSS Acc | webcam_LOSS Acc | TIME
Epoch: 0000 | TRAIN: 3.3019 0.1124 | 3.1165 0.1632 | 3.1976 0.1460 | Time: 117.2904 | VAL: 2.9831 0.2880 | 2.8693 0.3483 | 2.9399 0.3221 | Time: 2.4111 | TEST: 2.9470 0.3214 | 2.8782 0.3689 | 2.9453 0.3222 | Time: 2.8569
Epoch: 0001 | TRAIN: 2.7209 0.3576 | 2.3661 0.5619 | 2.4944 0.4766 | Time: 116.8267 | VAL: 2.5471 0.5217 | 2.3541 0.6404 | 2.4224 0.5906 | Time: 2.4194 | TEST: 2.5148 0.5453 | 2.3640 0.6393 | 2.4526 0.6278 | Time: 2.8719
Epoch: 0002 | TRAIN: 2.3361 0.5358 | 1.7789 0.8419 | 1.9756 0.7197 | Time: 117.1220 | VAL: 2.2546 0.6232 | 1.9175 0.8427 | 2.0707 0.7383 | Time: 2.4260 | TEST: 2.2291 0.6410 | 1.9469 0.7869 | 2.1165 0.7722 | Time: 2.8659
Epoch: 0003 | TRAIN: 2.0678 0.6385 | 1.2908 0.9669 | 1.6018 0.8555 | Time: 117.4199 | VAL: 2.0515 0.7029 | 1.6047 0.8876 | 1.8153 0.8121 | Time: 2.4188 | TEST: 2.0339 0.6889 | 1.6492 0.8361 | 1.8743 0.8333 | Time: 2.8780
Epoch: 0004 | TRAIN: 1.8560 0.7049 | 0.9799 0.9907 | 1.3222 0.9294 | Time: 117.1077 | VAL: 1.9068 0.7319 | 1.3753 0.8989 | 1.6029 0.8658 | Time: 2.3946 | TEST: 1.8943 0.7094 | 1.4207 0.8852 | 1.6694 0.8722 | Time: 2.8927
Epoch: 0005 | TRAIN: 1.7095 0.7500 | 0.7302 0.9970 | 1.1014 0.9606 | Time: 117.0035 | VAL: 1.8000 0.7428 | 1.1647 0.9326 | 1.4649 0.9195 | Time: 2.4270 | TEST: 1.7921 0.7350 | 1.2389 0.9180 | 1.5407 0.9111 | Time: 2.8735
Epoch: 0006 | TRAIN: 1.5989 0.7560 | 0.5498 1.0000 | 0.9273 0.9811 | Time: 116.8266 | VAL: 1.7399 0.7536 | 1.0248 0.9663 | 1.3480 0.9195 | Time: 2.4097 | TEST: 1.7355 0.7385 | 1.1032 0.9262 | 1.4300 0.9111 | Time: 2.9212
Epoch: 0007 | TRAIN: 1.4995 0.7870 | 0.4309 1.0000 | 0.7989 0.9919 | Time: 116.7701 | VAL: 1.6557 0.7609 | 0.8979 0.9888 | 1.2400 0.9329 | Time: 2.4009 | TEST: 1.6528 0.7436 | 0.9827 0.9180 | 1.3205 0.9278 | Time: 2.8368
Epoch: 0008 | TRAIN: 1.4129 0.8098 | 0.3386 1.0000 | 0.7033 0.9967 | Time: 116.8390 | VAL: 1.6063 0.7627 | 0.8264 0.9888 | 1.1719 0.9530 | Time: 2.3842 | TEST: 1.6070 0.7692 | 0.9145 0.9262 | 1.2586 0.9222 | Time: 2.8888
Epoch: 0009 | TRAIN: 1.3471 0.8260 | 0.2843 1.0000 | 0.6201 0.9970 | Time: 117.0751 | VAL: 1.5693 0.7754 | 0.7604 0.9888 | 1.0934 0.9530 | Time: 2.4519 | TEST: 1.5654 0.7709 | 0.8442 0.9262 | 1.1847 0.9389 | Time: 2.8722
Epoch: 0010 | TRAIN: 1.2927 0.8308 | 0.2372 1.0000 | 0.5363 0.9988 | Time: 116.9901 | VAL: 1.5504 0.7681 | 0.7164 1.0000 | 1.0466 0.9597 | Time: 2.3707 | TEST: 1.5453 0.7744 | 0.8093 0.9262 | 1.1392 0.9444 | Time: 2.8189
Epoch: 0011 | TRAIN: 1.2293 0.8537 | 0.2064 1.0000 | 0.4742 0.9994 | Time: 117.1721 | VAL: 1.5091 0.7808 | 0.6775 0.9888 | 0.9791 0.9664 | Time: 2.4126 | TEST: 1.5112 0.7778 | 0.7700 0.9344 | 1.0767 0.9556 | Time: 2.8506
Epoch: 0012 | TRAIN: 1.1894 0.8558 | 0.1788 1.0000 | 0.4138 0.9994 | Time: 117.2307 | VAL: 1.4766 0.7808 | 0.6436 0.9888 | 0.9333 0.9732 | Time: 2.4234 | TEST: 1.4800 0.7880 | 0.7377 0.9344 | 1.0352 0.9444 | Time: 2.8802
Epoch: 0013 | TRAIN: 1.1424 0.8657 | 0.1567 1.0000 | 0.3824 1.0000 | Time: 116.9487 | VAL: 1.4461 0.7826 | 0.6301 0.9888 | 0.9041 0.9664 | Time: 2.4270 | TEST: 1.4509 0.7829 | 0.7223 0.9508 | 1.0010 0.9556 | Time: 2.8586
Epoch: 0014 | TRAIN: 1.0981 0.8654 | 0.1428 1.0000 | 0.3396 1.0000 | Time: 117.1982 | VAL: 1.4082 0.8007 | 0.6026 0.9888 | 0.8375 0.9732 | Time: 2.3926 | TEST: 1.4139 0.7880 | 0.6966 0.9344 | 0.9357 0.9556 | Time: 2.8661
Epoch: 0015 | TRAIN: 1.0703 0.8702 | 0.1334 1.0000 | 0.3065 1.0000 | Time: 116.8912 | VAL: 1.3999 0.7971 | 0.5995 1.0000 | 0.8237 0.9732 | Time: 2.4234 | TEST: 1.4048 0.7880 | 0.6873 0.9344 | 0.9265 0.9556 | Time: 2.8372
Epoch: 0016 | TRAIN: 1.0109 0.8843 | 0.1204 1.0000 | 0.2696 1.0000 | Time: 117.2369 | VAL: 1.3745 0.8007 | 0.5815 0.9888 | 0.7825 0.9732 | Time: 2.4305 | TEST: 1.3804 0.7966 | 0.6676 0.9426 | 0.8821 0.9556 | Time: 2.9372
Epoch: 0017 | TRAIN: 0.9704 0.8963 | 0.1130 1.0000 | 0.2463 1.0000 | Time: 116.8386 | VAL: 1.3553 0.8007 | 0.5688 1.0000 | 0.7558 0.9732 | Time: 2.3817 | TEST: 1.3615 0.7949 | 0.6591 0.9344 | 0.8556 0.9556 | Time: 2.8447
Epoch: 0018 | TRAIN: 0.9387 0.8951 | 0.1028 1.0000 | 0.2246 1.0000 | Time: 117.2306 | VAL: 1.3234 0.8043 | 0.5510 1.0000 | 0.7410 0.9732 | Time: 2.3884 | TEST: 1.3332 0.8068 | 0.6518 0.9344 | 0.8386 0.9611 | Time: 2.8456
Epoch: 0019 | TRAIN: 0.8978 0.9066 | 0.0953 1.0000 | 0.2088 1.0000 | Time: 117.1537 | VAL: 1.3072 0.8116 | 0.5407 1.0000 | 0.7132 0.9732 | Time: 2.3831 | TEST: 1.3145 0.8051 | 0.6391 0.9508 | 0.8162 0.9611 | Time: 2.8535
Epoch: 0020 | TRAIN: 0.8724 0.9050 | 0.0888 1.0000 | 0.1940 1.0000 | Time: 117.0057 | VAL: 1.2885 0.8080 | 0.5261 1.0000 | 0.6806 0.9732 | Time: 2.4288 | TEST: 1.2933 0.8085 | 0.6214 0.9426 | 0.7743 0.9667 | Time: 2.8763
Epoch: 0021 | TRAIN: 0.8364 0.9156 | 0.0858 1.0000 | 0.1776 1.0000 | Time: 117.0457 | VAL: 1.2677 0.8134 | 0.5233 1.0000 | 0.6669 0.9732 | Time: 2.4027 | TEST: 1.2744 0.8137 | 0.6201 0.9508 | 0.7640 0.9667 | Time: 2.8796
Epoch: 0022 | TRAIN: 0.8036 0.9249 | 0.0797 1.0000 | 0.1602 1.0000 | Time: 116.9316 | VAL: 1.2541 0.8134 | 0.5137 1.0000 | 0.6530 0.9732 | Time: 2.3914 | TEST: 1.2617 0.8103 | 0.6167 0.9508 | 0.7518 0.9611 | Time: 2.8420
Epoch: 0023 | TRAIN: 0.7717 0.9276 | 0.0754 1.0000 | 0.1454 1.0000 | Time: 116.9117 | VAL: 1.2340 0.8225 | 0.5199 1.0000 | 0.6499 0.9732 | Time: 2.3921 | TEST: 1.2420 0.8137 | 0.6220 0.9508 | 0.7449 0.9611 | Time: 2.8441
Epoch: 0024 | TRAIN: 0.7344 0.9357 | 0.0715 1.0000 | 0.1415 1.0000 | Time: 117.4571 | VAL: 1.2062 0.8225 | 0.5072 1.0000 | 0.6272 0.9732 | Time: 2.4109 | TEST: 1.2182 0.8205 | 0.6095 0.9508 | 0.7230 0.9611 | Time: 2.8785
Epoch: 0025 | TRAIN: 0.7179 0.9366 | 0.0674 1.0000 | 0.1277 1.0000 | Time: 117.2879 | VAL: 1.1886 0.8279 | 0.5112 1.0000 | 0.6018 0.9799 | Time: 2.4150 | TEST: 1.2026 0.8137 | 0.6091 0.9426 | 0.7026 0.9667 | Time: 2.8559
Epoch: 0026 | TRAIN: 0.6819 0.9387 | 0.0648 1.0000 | 0.1187 1.0000 | Time: 116.8987 | VAL: 1.1790 0.8261 | 0.5148 1.0000 | 0.5986 0.9732 | Time: 2.4046 | TEST: 1.1905 0.8188 | 0.6184 0.9344 | 0.6861 0.9611 | Time: 2.8808
Epoch: 0027 | TRAIN: 0.6473 0.9453 | 0.0602 1.0000 | 0.1141 1.0000 | Time: 117.1294 | VAL: 1.1574 0.8261 | 0.5058 1.0000 | 0.5857 0.9732 | Time: 2.3744 | TEST: 1.1737 0.8205 | 0.6100 0.9426 | 0.6781 0.9611 | Time: 2.8350
Epoch: 0028 | TRAIN: 0.6256 0.9480 | 0.0591 1.0000 | 0.1048 1.0000 | Time: 116.9039 | VAL: 1.1395 0.8297 | 0.5116 1.0000 | 0.5667 0.9732 | Time: 2.3990 | TEST: 1.1554 0.8205 | 0.6067 0.9508 | 0.6675 0.9611 | Time: 2.8670
Epoch: 0029 | TRAIN: 0.5900 0.9531 | 0.0557 1.0000 | 0.0962 1.0000 | Time: 116.7790 | VAL: 1.1288 0.8315 | 0.5062 1.0000 | 0.5697 0.9732 | Time: 2.4165 | TEST: 1.1438 0.8188 | 0.6095 0.9508 | 0.6622 0.9611 | Time: 2.9024
Epoch: 0030 | TRAIN: 0.5718 0.9582 | 0.0544 1.0000 | 0.0903 1.0000 | Time: 116.7553 | VAL: 1.1120 0.8315 | 0.4984 1.0000 | 0.5473 0.9732 | Time: 2.4029 | TEST: 1.1242 0.8239 | 0.6067 0.9426 | 0.6355 0.9611 | Time: 2.8170
Epoch: 0031 | TRAIN: 0.5464 0.9630 | 0.0508 1.0000 | 0.0849 1.0000 | Time: 117.2074 | VAL: 1.1026 0.8315 | 0.5066 1.0000 | 0.5369 0.9799 | Time: 2.4001 | TEST: 1.1186 0.8308 | 0.6143 0.9426 | 0.6361 0.9667 | Time: 2.8442
Epoch: 0032 | TRAIN: 0.5157 0.9621 | 0.0496 1.0000 | 0.0820 1.0000 | Time: 116.9841 | VAL: 1.0814 0.8297 | 0.5099 1.0000 | 0.5475 0.9732 | Time: 2.3828 | TEST: 1.0977 0.8291 | 0.6098 0.9426 | 0.6376 0.9611 | Time: 2.8298
Epoch: 0033 | TRAIN: 0.4965 0.9636 | 0.0487 1.0000 | 0.0778 1.0000 | Time: 116.9638 | VAL: 1.0599 0.8406 | 0.5076 1.0000 | 0.5142 0.9732 | Time: 2.4595 | TEST: 1.0788 0.8274 | 0.6125 0.9262 | 0.6105 0.9611 | Time: 2.8416
Epoch: 0034 | TRAIN: 0.4622 0.9736 | 0.0445 1.0000 | 0.0739 1.0000 | Time: 117.0925 | VAL: 1.0558 0.8333 | 0.5074 1.0000 | 0.5185 0.9732 | Time: 2.4391 | TEST: 1.0718 0.8274 | 0.6156 0.9344 | 0.6115 0.9611 | Time: 2.8658
Epoch: 0035 | TRAIN: 0.4309 0.9736 | 0.0428 1.0000 | 0.0671 1.0000 | Time: 116.6943 | VAL: 1.0350 0.8424 | 0.5052 1.0000 | 0.5109 0.9732 | Time: 2.4286 | TEST: 1.0507 0.8256 | 0.6104 0.9344 | 0.6001 0.9611 | Time: 2.8966
Epoch: 0036 | TRAIN: 0.4141 0.9787 | 0.0429 1.0000 | 0.0661 1.0000 | Time: 116.9975 | VAL: 1.0098 0.8442 | 0.5057 1.0000 | 0.5060 0.9732 | Time: 2.3614 | TEST: 1.0250 0.8291 | 0.6125 0.9426 | 0.5922 0.9611 | Time: 2.8080
Epoch: 0037 | TRAIN: 0.3814 0.9826 | 0.0415 1.0000 | 0.0624 1.0000 | Time: 116.8747 | VAL: 1.0080 0.8496 | 0.5133 1.0000 | 0.5065 0.9732 | Time: 2.4187 | TEST: 1.0246 0.8308 | 0.6195 0.9426 | 0.5964 0.9611 | Time: 2.8634
Epoch: 0038 | TRAIN: 0.3492 0.9847 | 0.0386 1.0000 | 0.0591 1.0000 | Time: 116.9887 | VAL: 0.9970 0.8478 | 0.5173 1.0000 | 0.4966 0.9732 | Time: 2.3800 | TEST: 1.0132 0.8256 | 0.6234 0.9426 | 0.5898 0.9611 | Time: 2.8385
Epoch: 0039 | TRAIN: 0.3331 0.9883 | 0.0375 1.0000 | 0.0572 1.0000 | Time: 116.9555 | VAL: 0.9786 0.8496 | 0.5161 1.0000 | 0.4948 0.9732 | Time: 2.4491 | TEST: 0.9939 0.8291 | 0.6261 0.9262 | 0.5913 0.9556 | Time: 2.8906
Epoch: 0040 | TRAIN: 0.3140 0.9895 | 0.0378 1.0000 | 0.0533 1.0000 | Time: 117.0411 | VAL: 0.9610 0.8551 | 0.5143 1.0000 | 0.4774 0.9732 | Time: 2.3826 | TEST: 0.9766 0.8256 | 0.6139 0.9426 | 0.5756 0.9667 | Time: 2.8322
Epoch: 0041 | TRAIN: 0.2875 0.9910 | 0.0368 1.0000 | 0.0532 1.0000 | Time: 117.0148 | VAL: 0.9521 0.8514 | 0.5200 1.0000 | 0.4756 0.9732 | Time: 2.3806 | TEST: 0.9708 0.8239 | 0.6215 0.9344 | 0.5723 0.9611 | Time: 2.8079
Epoch: 0042 | TRAIN: 0.2645 0.9928 | 0.0344 1.0000 | 0.0497 1.0000 | Time: 117.2866 | VAL: 0.9391 0.8533 | 0.5106 1.0000 | 0.4781 0.9732 | Time: 2.4014 | TEST: 0.9578 0.8325 | 0.6213 0.9262 | 0.5685 0.9611 | Time: 2.8530
Epoch: 0043 | TRAIN: 0.2500 0.9964 | 0.0337 1.0000 | 0.0453 1.0000 | Time: 117.4939 | VAL: 0.9273 0.8514 | 0.5195 1.0000 | 0.4734 0.9732 | Time: 2.4073 | TEST: 0.9473 0.8291 | 0.6262 0.9426 | 0.5701 0.9611 | Time: 2.8538
Epoch: 0044 | TRAIN: 0.2338 0.9958 | 0.0328 1.0000 | 0.0443 1.0000 | Time: 117.1214 | VAL: 0.9142 0.8587 | 0.5169 1.0000 | 0.4630 0.9732 | Time: 2.4258 | TEST: 0.9362 0.8239 | 0.6184 0.9508 | 0.5569 0.9611 | Time: 2.8956
Epoch: 0045 | TRAIN: 0.2141 0.9982 | 0.0311 1.0000 | 0.0452 1.0000 | Time: 117.1381 | VAL: 0.8972 0.8587 | 0.5250 1.0000 | 0.4550 0.9799 | Time: 2.4033 | TEST: 0.9193 0.8256 | 0.6296 0.9426 | 0.5540 0.9611 | Time: 2.8997
Epoch: 0046 | TRAIN: 0.2046 0.9979 | 0.0310 1.0000 | 0.0424 1.0000 | Time: 117.0446 | VAL: 0.9015 0.8587 | 0.5247 1.0000 | 0.4545 0.9799 | Time: 2.4144 | TEST: 0.9272 0.8308 | 0.6291 0.9344 | 0.5538 0.9722 | Time: 2.8597
Epoch: 0047 | TRAIN: 0.1874 0.9988 | 0.0296 1.0000 | 0.0401 1.0000 | Time: 117.1465 | VAL: 0.8887 0.8551 | 0.5142 1.0000 | 0.4595 0.9732 | Time: 2.3804 | TEST: 0.9082 0.8274 | 0.6266 0.9344 | 0.5498 0.9611 | Time: 2.8441
Epoch: 0048 | TRAIN: 0.1717 0.9991 | 0.0291 1.0000 | 0.0401 1.0000 | Time: 117.1640 | VAL: 0.8821 0.8569 | 0.5165 1.0000 | 0.4524 0.9732 | Time: 2.3962 | TEST: 0.9035 0.8239 | 0.6240 0.9426 | 0.5524 0.9556 | Time: 2.8675
Epoch: 0049 | TRAIN: 0.1575 0.9994 | 0.0278 1.0000 | 0.0366 1.0000 | Time: 117.0757 | VAL: 0.8567 0.8623 | 0.5222 1.0000 | 0.4373 0.9799 | Time: 2.3906 | TEST: 0.8786 0.8222 | 0.6247 0.9508 | 0.5324 0.9667 | Time: 2.8392
Epoch: 0050 | TRAIN: 0.1455 0.9997 | 0.0275 1.0000 | 0.0365 1.0000 | Time: 116.7837 | VAL: 0.8572 0.8551 | 0.5327 1.0000 | 0.4422 0.9732 | Time: 2.4174 | TEST: 0.8754 0.8256 | 0.6355 0.9262 | 0.5367 0.9556 | Time: 2.8568
Epoch: 0051 | TRAIN: 0.1361 0.9997 | 0.0267 1.0000 | 0.0349 1.0000 | Time: 116.6285 | VAL: 0.8531 0.8587 | 0.5304 1.0000 | 0.4534 0.9732 | Time: 2.4382 | TEST: 0.8791 0.8274 | 0.6408 0.9426 | 0.5416 0.9556 | Time: 2.8845
Epoch: 0052 | TRAIN: 0.1267 1.0000 | 0.0250 1.0000 | 0.0331 1.0000 | Time: 116.8187 | VAL: 0.8289 0.8587 | 0.5446 1.0000 | 0.4407 0.9799 | Time: 2.4287 | TEST: 0.8497 0.8308 | 0.6489 0.9426 | 0.5335 0.9611 | Time: 2.8939
Epoch: 0053 | TRAIN: 0.1178 1.0000 | 0.0248 1.0000 | 0.0316 1.0000 | Time: 116.9647 | VAL: 0.8301 0.8641 | 0.5361 1.0000 | 0.4390 0.9799 | Time: 2.3856 | TEST: 0.8545 0.8342 | 0.6371 0.9426 | 0.5369 0.9611 | Time: 2.8401
Epoch: 0054 | TRAIN: 0.1076 0.9997 | 0.0246 1.0000 | 0.0314 1.0000 | Time: 116.9740 | VAL: 0.8262 0.8587 | 0.5355 1.0000 | 0.4342 0.9732 | Time: 2.3932 | TEST: 0.8454 0.8308 | 0.6386 0.9426 | 0.5282 0.9556 | Time: 2.8349
Epoch: 0055 | TRAIN: 0.1048 0.9997 | 0.0236 1.0000 | 0.0294 1.0000 | Time: 117.2783 | VAL: 0.8203 0.8551 | 0.5359 0.9888 | 0.4335 0.9664 | Time: 2.4269 | TEST: 0.8437 0.8274 | 0.6439 0.9262 | 0.5361 0.9611 | Time: 2.8627
Epoch: 0056 | TRAIN: 0.0956 0.9997 | 0.0233 1.0000 | 0.0307 1.0000 | Time: 116.5793 | VAL: 0.8010 0.8569 | 0.5384 1.0000 | 0.4284 0.9732 | Time: 2.3885 | TEST: 0.8241 0.8291 | 0.6417 0.9426 | 0.5276 0.9667 | Time: 2.8782
Epoch: 0057 | TRAIN: 0.0889 1.0000 | 0.0225 1.0000 | 0.0279 1.0000 | Time: 116.9113 | VAL: 0.8090 0.8533 | 0.5321 0.9888 | 0.4279 0.9664 | Time: 2.3996 | TEST: 0.8341 0.8222 | 0.6330 0.9344 | 0.5234 0.9611 | Time: 2.8338
Epoch: 0058 | TRAIN: 0.0853 1.0000 | 0.0225 1.0000 | 0.0265 1.0000 | Time: 116.8758 | VAL: 0.7910 0.8587 | 0.5367 0.9888 | 0.4179 0.9732 | Time: 2.4463 | TEST: 0.8143 0.8325 | 0.6378 0.9508 | 0.5131 0.9667 | Time: 2.9662
Epoch: 0059 | TRAIN: 0.0782 1.0000 | 0.0217 1.0000 | 0.0265 1.0000 | Time: 117.0842 | VAL: 0.7906 0.8569 | 0.5344 0.9888 | 0.4320 0.9799 | Time: 2.3830 | TEST: 0.8163 0.8342 | 0.6371 0.9344 | 0.5293 0.9667 | Time: 2.8218
Epoch: 0060 | TRAIN: 0.0724 1.0000 | 0.0202 1.0000 | 0.0258 1.0000 | Time: 116.9550 | VAL: 0.7825 0.8623 | 0.5422 0.9888 | 0.4269 0.9799 | Time: 2.4335 | TEST: 0.8077 0.8274 | 0.6443 0.9426 | 0.5275 0.9611 | Time: 2.8645
Epoch: 0061 | TRAIN: 0.0676 1.0000 | 0.0203 1.0000 | 0.0258 1.0000 | Time: 117.6989 | VAL: 0.7818 0.8623 | 0.5391 0.9888 | 0.4256 0.9799 | Time: 2.4188 | TEST: 0.8086 0.8308 | 0.6417 0.9344 | 0.5208 0.9611 | Time: 2.8720
Epoch: 0062 | TRAIN: 0.0672 1.0000 | 0.0201 1.0000 | 0.0239 1.0000 | Time: 116.9676 | VAL: 0.7628 0.8551 | 0.5440 0.9888 | 0.4173 0.9799 | Time: 2.4839 | TEST: 0.7868 0.8256 | 0.6409 0.9344 | 0.5192 0.9667 | Time: 2.8778
Epoch: 0063 | TRAIN: 0.0622 1.0000 | 0.0184 1.0000 | 0.0231 1.0000 | Time: 116.4734 | VAL: 0.7624 0.8551 | 0.5276 0.9888 | 0.4220 0.9732 | Time: 2.4097 | TEST: 0.7848 0.8256 | 0.6285 0.9426 | 0.5180 0.9611 | Time: 2.8340
Epoch: 0064 | TRAIN: 0.0568 1.0000 | 0.0182 1.0000 | 0.0224 1.0000 | Time: 116.9149 | VAL: 0.7649 0.8551 | 0.5433 0.9888 | 0.4253 0.9664 | Time: 2.4142 | TEST: 0.7894 0.8274 | 0.6461 0.9344 | 0.5198 0.9500 | Time: 2.8464
Epoch: 0065 | TRAIN: 0.0558 1.0000 | 0.0174 1.0000 | 0.0221 1.0000 | Time: 116.9389 | VAL: 0.7505 0.8587 | 0.5493 0.9888 | 0.4240 0.9732 | Time: 2.4271 | TEST: 0.7770 0.8274 | 0.6524 0.9262 | 0.5171 0.9556 | Time: 2.8559
Epoch: 0066 | TRAIN: 0.0507 1.0000 | 0.0170 1.0000 | 0.0212 1.0000 | Time: 116.4263 | VAL: 0.7489 0.8569 | 0.5408 0.9888 | 0.4192 0.9732 | Time: 2.4183 | TEST: 0.7753 0.8291 | 0.6490 0.9262 | 0.5137 0.9611 | Time: 2.9184
Epoch: 0067 | TRAIN: 0.0496 1.0000 | 0.0170 1.0000 | 0.0205 1.0000 | Time: 116.9850 | VAL: 0.7496 0.8605 | 0.5460 0.9888 | 0.4220 0.9732 | Time: 2.3836 | TEST: 0.7710 0.8325 | 0.6426 0.9426 | 0.5125 0.9611 | Time: 2.8156
Epoch: 0068 | TRAIN: 0.0465 1.0000 | 0.0164 1.0000 | 0.0194 1.0000 | Time: 116.8642 | VAL: 0.7401 0.8551 | 0.5367 0.9888 | 0.4148 0.9732 | Time: 2.4140 | TEST: 0.7633 0.8325 | 0.6395 0.9426 | 0.5107 0.9556 | Time: 2.8738
Epoch: 0069 | TRAIN: 0.0452 1.0000 | 0.0152 1.0000 | 0.0203 1.0000 | Time: 116.8106 | VAL: 0.7353 0.8605 | 0.5372 0.9888 | 0.4018 0.9732 | Time: 2.4004 | TEST: 0.7575 0.8342 | 0.6296 0.9262 | 0.5004 0.9500 | Time: 2.8245
Epoch: 0070 | TRAIN: 0.0438 1.0000 | 0.0160 1.0000 | 0.0186 1.0000 | Time: 116.5479 | VAL: 0.7257 0.8605 | 0.5344 0.9888 | 0.4022 0.9732 | Time: 2.4124 | TEST: 0.7502 0.8325 | 0.6287 0.9344 | 0.5036 0.9667 | Time: 2.8708
Epoch: 0071 | TRAIN: 0.0413 1.0000 | 0.0145 1.0000 | 0.0189 1.0000 | Time: 117.5948 | VAL: 0.7282 0.8641 | 0.5397 0.9888 | 0.4016 0.9732 | Time: 2.3985 | TEST: 0.7535 0.8239 | 0.6410 0.9426 | 0.4930 0.9611 | Time: 2.8537
Epoch: 0072 | TRAIN: 0.0396 1.0000 | 0.0152 1.0000 | 0.0179 1.0000 | Time: 117.2385 | VAL: 0.7251 0.8678 | 0.5379 0.9888 | 0.4023 0.9732 | Time: 2.4116 | TEST: 0.7483 0.8274 | 0.6331 0.9426 | 0.5004 0.9611 | Time: 2.8988
Epoch: 0073 | TRAIN: 0.0386 1.0000 | 0.0144 1.0000 | 0.0170 1.0000 | Time: 117.0483 | VAL: 0.7238 0.8569 | 0.5266 0.9888 | 0.3952 0.9664 | Time: 2.4437 | TEST: 0.7484 0.8308 | 0.6270 0.9262 | 0.4903 0.9556 | Time: 2.8347
Epoch: 0074 | TRAIN: 0.0351 1.0000 | 0.0139 1.0000 | 0.0172 1.0000 | Time: 116.1171 | VAL: 0.7153 0.8569 | 0.5429 0.9888 | 0.4063 0.9799 | Time: 2.3542 | TEST: 0.7429 0.8342 | 0.6435 0.9344 | 0.5063 0.9611 | Time: 2.8000
Epoch: 0075 | TRAIN: 0.0343 1.0000 | 0.0132 1.0000 | 0.0166 1.0000 | Time: 116.8543 | VAL: 0.7102 0.8569 | 0.5376 0.9888 | 0.4032 0.9799 | Time: 2.3795 | TEST: 0.7336 0.8308 | 0.6430 0.9344 | 0.4988 0.9500 | Time: 2.8414
Epoch: 0076 | TRAIN: 0.0317 1.0000 | 0.0130 1.0000 | 0.0162 1.0000 | Time: 117.3818 | VAL: 0.7096 0.8569 | 0.5586 0.9888 | 0.3942 0.9732 | Time: 2.4239 | TEST: 0.7343 0.8325 | 0.6537 0.9262 | 0.4870 0.9611 | Time: 2.8714
Epoch: 0077 | TRAIN: 0.0312 1.0000 | 0.0127 1.0000 | 0.0157 1.0000 | Time: 116.8694 | VAL: 0.7065 0.8641 | 0.5310 0.9888 | 0.3908 0.9732 | Time: 2.3960 | TEST: 0.7278 0.8376 | 0.6326 0.9262 | 0.4882 0.9556 | Time: 2.8296
Epoch: 0078 | TRAIN: 0.0291 1.0000 | 0.0128 1.0000 | 0.0150 1.0000 | Time: 116.8807 | VAL: 0.7050 0.8533 | 0.5313 0.9888 | 0.3976 0.9732 | Time: 2.3895 | TEST: 0.7267 0.8342 | 0.6296 0.9344 | 0.4898 0.9556 | Time: 2.8416
Epoch: 0079 | TRAIN: 0.0288 1.0000 | 0.0122 1.0000 | 0.0147 1.0000 | Time: 117.0241 | VAL: 0.7001 0.8641 | 0.5365 0.9888 | 0.3871 0.9732 | Time: 2.4147 | TEST: 0.7270 0.8308 | 0.6313 0.9344 | 0.4851 0.9500 | Time: 2.8792
Epoch: 0080 | TRAIN: 0.0274 1.0000 | 0.0119 1.0000 | 0.0148 1.0000 | Time: 116.6649 | VAL: 0.6972 0.8587 | 0.5451 0.9888 | 0.3907 0.9732 | Time: 2.4086 | TEST: 0.7214 0.8308 | 0.6411 0.9426 | 0.4866 0.9611 | Time: 2.8806
Epoch: 0081 | TRAIN: 0.0270 1.0000 | 0.0113 1.0000 | 0.0137 1.0000 | Time: 116.6909 | VAL: 0.7044 0.8551 | 0.5351 0.9888 | 0.3923 0.9732 | Time: 2.4160 | TEST: 0.7287 0.8325 | 0.6370 0.9344 | 0.4872 0.9500 | Time: 2.8486
Epoch: 0082 | TRAIN: 0.0249 1.0000 | 0.0119 1.0000 | 0.0132 1.0000 | Time: 116.8533 | VAL: 0.6902 0.8623 | 0.5300 0.9888 | 0.3828 0.9732 | Time: 2.4001 | TEST: 0.7145 0.8359 | 0.6294 0.9426 | 0.4807 0.9611 | Time: 2.8533
Epoch: 0083 | TRAIN: 0.0246 1.0000 | 0.0113 1.0000 | 0.0129 1.0000 | Time: 116.8046 | VAL: 0.6913 0.8605 | 0.5393 0.9888 | 0.3908 0.9732 | Time: 2.4030 | TEST: 0.7181 0.8342 | 0.6398 0.9262 | 0.4832 0.9611 | Time: 2.9449
Epoch: 0084 | TRAIN: 0.0235 1.0000 | 0.0105 1.0000 | 0.0128 1.0000 | Time: 117.1390 | VAL: 0.6858 0.8605 | 0.5396 0.9888 | 0.3894 0.9799 | Time: 2.3983 | TEST: 0.7117 0.8342 | 0.6431 0.9344 | 0.4911 0.9667 | Time: 2.8747
Epoch: 0085 | TRAIN: 0.0230 1.0000 | 0.0100 1.0000 | 0.0128 1.0000 | Time: 116.8584 | VAL: 0.6852 0.8605 | 0.5320 0.9888 | 0.3844 0.9799 | Time: 2.3834 | TEST: 0.7098 0.8325 | 0.6340 0.9344 | 0.4768 0.9611 | Time: 2.8336
Epoch: 0086 | TRAIN: 0.0219 1.0000 | 0.0104 1.0000 | 0.0116 1.0000 | Time: 116.6683 | VAL: 0.6871 0.8587 | 0.5309 0.9888 | 0.3850 0.9732 | Time: 2.3962 | TEST: 0.7094 0.8359 | 0.6345 0.9426 | 0.4801 0.9556 | Time: 2.8427
Epoch: 0087 | TRAIN: 0.0211 1.0000 | 0.0101 1.0000 | 0.0115 1.0000 | Time: 116.8813 | VAL: 0.6884 0.8569 | 0.5315 0.9888 | 0.3792 0.9732 | Time: 2.3838 | TEST: 0.7090 0.8325 | 0.6324 0.9262 | 0.4717 0.9556 | Time: 2.8237
Epoch: 0088 | TRAIN: 0.0215 1.0000 | 0.0102 1.0000 | 0.0113 1.0000 | Time: 117.6975 | VAL: 0.6809 0.8605 | 0.5255 0.9888 | 0.3962 0.9732 | Time: 2.4407 | TEST: 0.7070 0.8325 | 0.6324 0.9426 | 0.4829 0.9556 | Time: 2.8748
Epoch: 0089 | TRAIN: 0.0202 1.0000 | 0.0093 1.0000 | 0.0114 1.0000 | Time: 116.9565 | VAL: 0.6774 0.8605 | 0.5316 0.9888 | 0.3763 0.9732 | Time: 2.3891 | TEST: 0.7022 0.8359 | 0.6364 0.9262 | 0.4678 0.9556 | Time: 2.8378
Epoch: 0090 | TRAIN: 0.0196 1.0000 | 0.0089 1.0000 | 0.0107 1.0000 | Time: 116.9444 | VAL: 0.6742 0.8569 | 0.5324 0.9888 | 0.3799 0.9732 | Time: 2.4290 | TEST: 0.6997 0.8359 | 0.6323 0.9426 | 0.4766 0.9556 | Time: 2.8671
Epoch: 0091 | TRAIN: 0.0202 1.0000 | 0.0087 1.0000 | 0.0107 1.0000 | Time: 116.7969 | VAL: 0.6666 0.8587 | 0.5228 0.9888 | 0.3767 0.9732 | Time: 2.4045 | TEST: 0.6902 0.8325 | 0.6228 0.9426 | 0.4766 0.9556 | Time: 2.8695
Epoch: 0092 | TRAIN: 0.0174 1.0000 | 0.0087 1.0000 | 0.0107 1.0000 | Time: 116.6354 | VAL: 0.6713 0.8623 | 0.5254 0.9888 | 0.3724 0.9799 | Time: 2.4109 | TEST: 0.6952 0.8308 | 0.6280 0.9426 | 0.4716 0.9611 | Time: 2.8712
Epoch: 0093 | TRAIN: 0.0170 1.0000 | 0.0086 1.0000 | 0.0100 1.0000 | Time: 116.6865 | VAL: 0.6616 0.8678 | 0.5217 0.9888 | 0.3724 0.9799 | Time: 2.4164 | TEST: 0.6873 0.8376 | 0.6263 0.9344 | 0.4657 0.9611 | Time: 2.8726
Epoch: 0094 | TRAIN: 0.0176 1.0000 | 0.0081 1.0000 | 0.0096 1.0000 | Time: 116.3590 | VAL: 0.6749 0.8533 | 0.5286 0.9888 | 0.3600 0.9866 | Time: 2.3955 | TEST: 0.6934 0.8256 | 0.6299 0.9344 | 0.4541 0.9667 | Time: 2.8216
Epoch: 0095 | TRAIN: 0.0165 1.0000 | 0.0081 1.0000 | 0.0097 1.0000 | Time: 116.7050 | VAL: 0.6606 0.8641 | 0.5269 0.9888 | 0.3770 0.9799 | Time: 2.3953 | TEST: 0.6869 0.8291 | 0.6359 0.9426 | 0.4676 0.9556 | Time: 2.8363
Epoch: 0096 | TRAIN: 0.0154 1.0000 | 0.0078 1.0000 | 0.0089 1.0000 | Time: 116.9946 | VAL: 0.6640 0.8659 | 0.5262 0.9888 | 0.3696 0.9732 | Time: 2.4154 | TEST: 0.6932 0.8325 | 0.6332 0.9426 | 0.4655 0.9611 | Time: 2.8263
Epoch: 0097 | TRAIN: 0.0157 1.0000 | 0.0074 1.0000 | 0.0087 1.0000 | Time: 116.7550 | VAL: 0.6612 0.8641 | 0.5209 0.9888 | 0.3660 0.9732 | Time: 2.4084 | TEST: 0.6831 0.8291 | 0.6275 0.9344 | 0.4561 0.9611 | Time: 2.8104
Epoch: 0098 | TRAIN: 0.0150 1.0000 | 0.0075 1.0000 | 0.0089 1.0000 | Time: 116.8043 | VAL: 0.6669 0.8587 | 0.5122 0.9888 | 0.3567 0.9799 | Time: 2.4273 | TEST: 0.6912 0.8256 | 0.6080 0.9344 | 0.4526 0.9556 | Time: 2.8986
Epoch: 0099 | TRAIN: 0.0141 1.0000 | 0.0069 1.0000 | 0.0086 1.0000 | Time: 116.6278 | VAL: 0.6590 0.8641 | 0.5179 0.9888 | 0.3623 0.9732 | Time: 2.4349 | TEST: 0.6819 0.8308 | 0.6230 0.9426 | 0.4544 0.9556 | Time: 2.8701
========================================
Best Result: Epoch 53, result {'amazon': [0.8341880341880342], 'dslr': [0.9426229508196722], 'webcam': [0.9611111111111111]}
========================================
