========================================
General Configuration:
	Wighting: MoDo
	Architecture: HPS
	Rep_Grad: False
	Multi_Input: True
	Seed: 0
	Device: cuda:0
MoDo Configuration:
	weighting: MoDo
	gamma_modo: 0.01
	rho_modo: 0.01
	modo_gn: none
Optimizer Configuration:
	optim: adam
	lr: 0.001
	weight_decay: 1e-05
========================================
Total Params: 11487901
Trainable Params: 11487901
Non-trainable Params: 0
========================================
LOG FORMAT | amazon_LOSS Acc | dslr_LOSS Acc | webcam_LOSS Acc | TIME
Epoch: 0000 | TRAIN: 1.3241 0.6857 | 0.5587 0.9231 | 0.6059 0.9008 | Time: 117.1391 | VAL: 0.9779 0.7663 | 0.1811 0.9888 | 0.2218 0.9799 | Time: 2.3811 | TEST: 0.9274 0.7744 | 0.2654 0.9590 | 0.2474 0.9667 | Time: 2.8232
Epoch: 0001 | TRAIN: 0.2729 0.9477 | 0.0282 1.0000 | 0.0337 0.9997 | Time: 117.0339 | VAL: 0.8493 0.7917 | 0.1714 0.9775 | 0.1635 0.9732 | Time: 2.3942 | TEST: 0.7961 0.8000 | 0.1873 0.9672 | 0.1935 0.9611 | Time: 2.8527
Epoch: 0002 | TRAIN: 0.0970 0.9811 | 0.0117 1.0000 | 0.0137 1.0000 | Time: 117.3956 | VAL: 0.9252 0.7681 | 0.1152 1.0000 | 0.1237 0.9866 | Time: 2.3842 | TEST: 0.8347 0.7846 | 0.1708 0.9672 | 0.1457 0.9667 | Time: 2.8375
Epoch: 0003 | TRAIN: 0.0692 0.9886 | 0.0089 1.0000 | 0.0114 0.9991 | Time: 116.9738 | VAL: 0.8968 0.7808 | 0.1056 0.9888 | 0.1314 0.9799 | Time: 2.4197 | TEST: 0.8766 0.7795 | 0.1166 0.9754 | 0.1366 0.9611 | Time: 2.8686
Epoch: 0004 | TRAIN: 0.0641 0.9871 | 0.0070 1.0000 | 0.0086 0.9994 | Time: 116.8088 | VAL: 0.9651 0.7754 | 0.0706 0.9888 | 0.1531 0.9799 | Time: 2.4193 | TEST: 0.8224 0.7880 | 0.1073 0.9918 | 0.1567 0.9500 | Time: 2.8774
Epoch: 0005 | TRAIN: 0.0823 0.9838 | 0.0066 1.0000 | 0.0082 1.0000 | Time: 116.5105 | VAL: 0.9753 0.7754 | 0.0680 0.9775 | 0.1218 0.9664 | Time: 2.4362 | TEST: 0.8383 0.8068 | 0.0899 0.9836 | 0.0999 0.9778 | Time: 2.8979
Epoch: 0006 | TRAIN: 0.1548 0.9579 | 0.0166 0.9979 | 0.0176 0.9979 | Time: 116.4439 | VAL: 1.2293 0.6830 | 0.1849 0.9438 | 0.2410 0.9396 | Time: 2.3998 | TEST: 1.0661 0.7231 | 0.2809 0.9016 | 0.2177 0.9444 | Time: 2.8529
Epoch: 0007 | TRAIN: 0.1042 0.9697 | 0.0072 0.9997 | 0.0122 0.9994 | Time: 116.7793 | VAL: 1.0138 0.7554 | 0.0958 0.9888 | 0.0949 0.9866 | Time: 2.4003 | TEST: 0.8815 0.7675 | 0.1595 0.9426 | 0.1401 0.9611 | Time: 2.8594
Epoch: 0008 | TRAIN: 0.0442 0.9892 | 0.0041 0.9997 | 0.0065 0.9991 | Time: 116.2915 | VAL: 1.0644 0.7337 | 0.0272 1.0000 | 0.1639 0.9664 | Time: 2.4038 | TEST: 0.9892 0.7692 | 0.1646 0.9590 | 0.1740 0.9444 | Time: 2.8104
Epoch: 0009 | TRAIN: 0.0353 0.9928 | 0.0029 1.0000 | 0.0037 0.9997 | Time: 116.6918 | VAL: 1.0552 0.7645 | 0.0556 0.9888 | 0.1327 0.9597 | Time: 2.3831 | TEST: 0.8716 0.8000 | 0.1159 0.9754 | 0.0723 0.9722 | Time: 2.8169
Epoch: 0010 | TRAIN: 0.0110 0.9982 | 0.0013 1.0000 | 0.0017 0.9997 | Time: 116.4244 | VAL: 0.9506 0.7935 | 0.0305 0.9888 | 0.1508 0.9664 | Time: 2.3757 | TEST: 0.7733 0.8205 | 0.0756 0.9672 | 0.0570 0.9778 | Time: 2.8224
Epoch: 0011 | TRAIN: 0.0060 0.9982 | 0.0007 1.0000 | 0.0008 1.0000 | Time: 116.3557 | VAL: 0.8692 0.8007 | 0.0094 1.0000 | 0.1207 0.9732 | Time: 2.4056 | TEST: 0.7683 0.8188 | 0.0905 0.9754 | 0.0489 0.9833 | Time: 2.8781
Epoch: 0012 | TRAIN: 0.0116 0.9964 | 0.0006 1.0000 | 0.0006 1.0000 | Time: 116.4464 | VAL: 1.0600 0.7736 | 0.0243 0.9888 | 0.1271 0.9732 | Time: 2.3856 | TEST: 0.9012 0.7761 | 0.1216 0.9672 | 0.1024 0.9667 | Time: 2.8372
Epoch: 0013 | TRAIN: 0.0521 0.9841 | 0.0156 0.9955 | 0.0226 0.9946 | Time: 116.4858 | VAL: 1.3341 0.7138 | 0.2276 0.9213 | 0.2152 0.9396 | Time: 2.3875 | TEST: 1.2623 0.7231 | 0.3410 0.9016 | 0.2787 0.8944 | Time: 2.8513
Epoch: 0014 | TRAIN: 0.2831 0.9159 | 0.0217 0.9970 | 0.0402 0.9913 | Time: 117.1439 | VAL: 1.2203 0.7192 | 0.1820 0.9438 | 0.1900 0.9396 | Time: 2.4124 | TEST: 1.1149 0.7419 | 0.1441 0.9590 | 0.1756 0.9500 | Time: 2.8579
Epoch: 0015 | TRAIN: 0.0603 0.9826 | 0.0030 1.0000 | 0.0048 0.9997 | Time: 116.8234 | VAL: 0.9578 0.7772 | 0.0878 0.9775 | 0.0828 0.9799 | Time: 2.4010 | TEST: 0.8365 0.8085 | 0.0794 0.9754 | 0.1011 0.9722 | Time: 2.8217
Epoch: 0016 | TRAIN: 0.0139 0.9979 | 0.0011 1.0000 | 0.0014 0.9997 | Time: 116.5007 | VAL: 0.9876 0.7754 | 0.1171 0.9326 | 0.0848 0.9866 | Time: 2.3745 | TEST: 0.8711 0.7949 | 0.0796 0.9672 | 0.0608 0.9889 | Time: 2.8168
Epoch: 0017 | TRAIN: 0.0142 0.9961 | 0.0006 1.0000 | 0.0007 1.0000 | Time: 116.3931 | VAL: 1.0292 0.7826 | 0.1283 0.9438 | 0.0922 0.9664 | Time: 2.3968 | TEST: 0.9061 0.7932 | 0.1184 0.9508 | 0.0535 0.9833 | Time: 2.8359
Epoch: 0018 | TRAIN: 0.0044 0.9994 | 0.0004 1.0000 | 0.0004 1.0000 | Time: 116.2994 | VAL: 0.9624 0.7899 | 0.0460 0.9888 | 0.0714 0.9799 | Time: 2.3941 | TEST: 0.8749 0.7897 | 0.0788 0.9672 | 0.0625 0.9833 | Time: 2.8425
Epoch: 0019 | TRAIN: 0.0067 0.9994 | 0.0003 1.0000 | 0.0003 1.0000 | Time: 116.1326 | VAL: 0.9640 0.7844 | 0.0249 1.0000 | 0.0687 0.9866 | Time: 2.4117 | TEST: 0.8116 0.8103 | 0.0677 0.9754 | 0.0531 0.9889 | Time: 2.8729
Epoch: 0020 | TRAIN: 0.0014 1.0000 | 0.0002 1.0000 | 0.0003 1.0000 | Time: 116.5706 | VAL: 0.9642 0.7808 | 0.0274 0.9888 | 0.0600 0.9866 | Time: 2.3972 | TEST: 0.8254 0.7949 | 0.0564 0.9836 | 0.0466 0.9889 | Time: 2.8381
Epoch: 0021 | TRAIN: 0.0011 1.0000 | 0.0002 1.0000 | 0.0003 1.0000 | Time: 116.7782 | VAL: 0.9563 0.7880 | 0.0334 0.9775 | 0.0711 0.9799 | Time: 2.4291 | TEST: 0.8145 0.8068 | 0.0700 0.9590 | 0.0484 0.9778 | Time: 2.8902
Epoch: 0022 | TRAIN: 0.0007 1.0000 | 0.0002 1.0000 | 0.0002 1.0000 | Time: 116.4065 | VAL: 0.9625 0.7971 | 0.0289 0.9888 | 0.0668 0.9799 | Time: 2.3765 | TEST: 0.8085 0.8120 | 0.0550 0.9836 | 0.0583 0.9778 | Time: 2.8333
Epoch: 0023 | TRAIN: 0.0005 1.0000 | 0.0002 1.0000 | 0.0001 1.0000 | Time: 116.5369 | VAL: 0.9558 0.7899 | 0.0255 0.9888 | 0.0770 0.9732 | Time: 2.4147 | TEST: 0.8038 0.8017 | 0.0623 0.9672 | 0.0558 0.9778 | Time: 2.8700
Epoch: 0024 | TRAIN: 0.0005 1.0000 | 0.0001 1.0000 | 0.0002 1.0000 | Time: 116.3829 | VAL: 0.9397 0.7935 | 0.0260 0.9888 | 0.0724 0.9732 | Time: 2.4069 | TEST: 0.7950 0.7966 | 0.0619 0.9590 | 0.0524 0.9778 | Time: 2.8747
Epoch: 0025 | TRAIN: 0.0006 1.0000 | 0.0001 1.0000 | 0.0001 1.0000 | Time: 116.3990 | VAL: 0.9383 0.7935 | 0.0166 1.0000 | 0.0648 0.9732 | Time: 2.3674 | TEST: 0.7841 0.8034 | 0.0577 0.9836 | 0.0545 0.9833 | Time: 2.8267
Epoch: 0026 | TRAIN: 0.0004 1.0000 | 0.0001 1.0000 | 0.0001 1.0000 | Time: 116.5164 | VAL: 0.9437 0.7880 | 0.0340 0.9888 | 0.0619 0.9866 | Time: 2.4042 | TEST: 0.8006 0.8034 | 0.0570 0.9754 | 0.0560 0.9778 | Time: 2.8411
Epoch: 0027 | TRAIN: 0.0005 1.0000 | 0.0001 1.0000 | 0.0001 1.0000 | Time: 116.2710 | VAL: 0.9489 0.7935 | 0.0379 0.9888 | 0.0645 0.9866 | Time: 2.4000 | TEST: 0.7961 0.8051 | 0.0566 0.9754 | 0.0562 0.9778 | Time: 2.8365
Epoch: 0028 | TRAIN: 0.0005 1.0000 | 0.0001 1.0000 | 0.0001 1.0000 | Time: 116.1652 | VAL: 0.9510 0.7953 | 0.0319 0.9888 | 0.0544 0.9799 | Time: 2.3876 | TEST: 0.7891 0.8034 | 0.0526 0.9836 | 0.0525 0.9778 | Time: 2.8354
Epoch: 0029 | TRAIN: 0.0004 1.0000 | 0.0001 1.0000 | 0.0001 1.0000 | Time: 116.7596 | VAL: 0.9517 0.7935 | 0.0372 0.9888 | 0.0682 0.9799 | Time: 2.3784 | TEST: 0.7915 0.7983 | 0.0607 0.9672 | 0.0567 0.9778 | Time: 2.8349
Epoch: 0030 | TRAIN: 0.0004 1.0000 | 0.0001 1.0000 | 0.0001 1.0000 | Time: 116.9658 | VAL: 0.9749 0.8007 | 0.0263 0.9888 | 0.0618 0.9799 | Time: 2.3904 | TEST: 0.8068 0.8017 | 0.0492 0.9672 | 0.0598 0.9833 | Time: 2.8677
Epoch: 0031 | TRAIN: 0.0004 1.0000 | 0.0001 1.0000 | 0.0001 1.0000 | Time: 116.4547 | VAL: 0.9651 0.7989 | 0.0381 0.9888 | 0.0632 0.9866 | Time: 2.4021 | TEST: 0.7945 0.8000 | 0.0506 0.9836 | 0.0576 0.9778 | Time: 2.8574
Epoch: 0032 | TRAIN: 0.0004 1.0000 | 0.0001 1.0000 | 0.0001 1.0000 | Time: 116.8569 | VAL: 0.9343 0.8025 | 0.0478 0.9888 | 0.0730 0.9799 | Time: 2.3797 | TEST: 0.7842 0.8034 | 0.0583 0.9754 | 0.0578 0.9778 | Time: 2.8101
Epoch: 0033 | TRAIN: 0.0003 1.0000 | 0.0001 1.0000 | 0.0001 1.0000 | Time: 116.9878 | VAL: 0.9430 0.8062 | 0.0309 0.9888 | 0.0563 0.9799 | Time: 2.4210 | TEST: 0.7841 0.8051 | 0.0489 0.9754 | 0.0550 0.9833 | Time: 2.8969
Epoch: 0034 | TRAIN: 0.0002 1.0000 | 0.0001 1.0000 | 0.0001 1.0000 | Time: 116.7372 | VAL: 0.9643 0.8007 | 0.0327 0.9888 | 0.0565 0.9866 | Time: 2.4098 | TEST: 0.7932 0.8068 | 0.0431 0.9836 | 0.0563 0.9778 | Time: 2.8627
Epoch: 0035 | TRAIN: 0.0002 1.0000 | 0.0001 1.0000 | 0.0001 1.0000 | Time: 116.7871 | VAL: 0.9632 0.7989 | 0.0258 0.9888 | 0.0551 0.9866 | Time: 2.4089 | TEST: 0.8031 0.8051 | 0.0407 0.9836 | 0.0543 0.9833 | Time: 2.8492
Epoch: 0036 | TRAIN: 0.0002 1.0000 | 0.0001 1.0000 | 0.0001 1.0000 | Time: 116.4867 | VAL: 0.9580 0.8062 | 0.0396 0.9888 | 0.0581 0.9799 | Time: 2.4202 | TEST: 0.8020 0.8068 | 0.0461 0.9836 | 0.0470 0.9778 | Time: 2.8883
Epoch: 0037 | TRAIN: 0.0002 1.0000 | 0.0001 1.0000 | 0.0001 1.0000 | Time: 116.4440 | VAL: 0.9682 0.7989 | 0.0531 0.9888 | 0.0592 0.9799 | Time: 2.3889 | TEST: 0.8010 0.8051 | 0.0547 0.9836 | 0.0625 0.9778 | Time: 2.8253
Epoch: 0038 | TRAIN: 0.0002 1.0000 | 0.0001 1.0000 | 0.0001 1.0000 | Time: 116.7520 | VAL: 0.9602 0.8062 | 0.0396 0.9888 | 0.0634 0.9799 | Time: 2.4230 | TEST: 0.7938 0.8051 | 0.0440 0.9754 | 0.0593 0.9778 | Time: 2.8842
Epoch: 0039 | TRAIN: 0.0002 1.0000 | 0.0001 1.0000 | 0.0001 1.0000 | Time: 116.8134 | VAL: 0.9710 0.7989 | 0.0424 0.9888 | 0.0613 0.9799 | Time: 2.3917 | TEST: 0.8066 0.8051 | 0.0517 0.9836 | 0.0565 0.9778 | Time: 2.8640
Epoch: 0040 | TRAIN: 0.0002 1.0000 | 0.0001 1.0000 | 0.0001 1.0000 | Time: 116.5514 | VAL: 0.9743 0.7953 | 0.0361 0.9888 | 0.0574 0.9866 | Time: 2.4328 | TEST: 0.8058 0.8017 | 0.0481 0.9918 | 0.0483 0.9778 | Time: 2.8799
Epoch: 0041 | TRAIN: 0.0002 1.0000 | 0.0001 1.0000 | 0.0001 1.0000 | Time: 117.2077 | VAL: 0.9503 0.8025 | 0.0405 0.9888 | 0.0603 0.9799 | Time: 2.4060 | TEST: 0.7903 0.8051 | 0.0451 0.9836 | 0.0619 0.9778 | Time: 2.8548
Epoch: 0042 | TRAIN: 0.0002 1.0000 | 0.0001 1.0000 | 0.0001 1.0000 | Time: 116.8225 | VAL: 0.9537 0.8098 | 0.0397 0.9888 | 0.0619 0.9799 | Time: 2.4240 | TEST: 0.7956 0.8068 | 0.0505 0.9836 | 0.0547 0.9833 | Time: 2.8656
Epoch: 0043 | TRAIN: 0.0002 1.0000 | 0.0001 1.0000 | 0.0001 1.0000 | Time: 116.8543 | VAL: 0.9614 0.8025 | 0.0396 0.9888 | 0.0590 0.9799 | Time: 2.3800 | TEST: 0.8058 0.8051 | 0.0467 0.9836 | 0.0544 0.9778 | Time: 2.8393
Epoch: 0044 | TRAIN: 0.0002 1.0000 | 0.0001 1.0000 | 0.0001 1.0000 | Time: 117.1600 | VAL: 0.9360 0.8025 | 0.0325 0.9888 | 0.0634 0.9799 | Time: 2.3900 | TEST: 0.7929 0.8034 | 0.0441 0.9918 | 0.0506 0.9778 | Time: 2.8222
Epoch: 0045 | TRAIN: 0.0002 1.0000 | 0.0001 1.0000 | 0.0001 1.0000 | Time: 117.0997 | VAL: 0.9546 0.8062 | 0.0309 0.9888 | 0.0559 0.9799 | Time: 2.4365 | TEST: 0.8122 0.8120 | 0.0429 0.9836 | 0.0460 0.9833 | Time: 2.8716
Epoch: 0046 | TRAIN: 0.0002 1.0000 | 0.0001 1.0000 | 0.0001 1.0000 | Time: 116.7750 | VAL: 0.9537 0.8025 | 0.0366 0.9888 | 0.0602 0.9799 | Time: 2.4157 | TEST: 0.8032 0.8103 | 0.0481 0.9836 | 0.0496 0.9833 | Time: 2.8707
Epoch: 0047 | TRAIN: 0.0001 1.0000 | 0.0001 1.0000 | 0.0001 1.0000 | Time: 116.4638 | VAL: 0.9506 0.8043 | 0.0269 0.9888 | 0.0579 0.9799 | Time: 2.4254 | TEST: 0.8099 0.8051 | 0.0470 0.9836 | 0.0472 0.9833 | Time: 2.8883
Epoch: 0048 | TRAIN: 0.0002 1.0000 | 0.0001 1.0000 | 0.0001 1.0000 | Time: 116.8828 | VAL: 0.9700 0.8025 | 0.0163 0.9888 | 0.0563 0.9866 | Time: 2.3911 | TEST: 0.8082 0.8103 | 0.0466 0.9836 | 0.0447 0.9833 | Time: 2.8556
Epoch: 0049 | TRAIN: 0.0001 1.0000 | 0.0000 1.0000 | 0.0001 1.0000 | Time: 116.9443 | VAL: 0.9440 0.8043 | 0.0194 0.9888 | 0.0547 0.9866 | Time: 2.4153 | TEST: 0.8129 0.8103 | 0.0506 0.9836 | 0.0442 0.9889 | Time: 2.8736
Epoch: 0050 | TRAIN: 0.0001 1.0000 | 0.0000 1.0000 | 0.0001 1.0000 | Time: 117.1315 | VAL: 0.9430 0.8062 | 0.0146 0.9888 | 0.0523 0.9799 | Time: 2.3570 | TEST: 0.8068 0.8137 | 0.0453 0.9918 | 0.0485 0.9833 | Time: 2.8054
Epoch: 0051 | TRAIN: 0.0001 1.0000 | 0.0001 1.0000 | 0.0001 1.0000 | Time: 116.6626 | VAL: 0.9594 0.8062 | 0.0196 0.9888 | 0.0591 0.9799 | Time: 2.3982 | TEST: 0.8090 0.8103 | 0.0516 0.9836 | 0.0422 0.9833 | Time: 2.8405
Epoch: 0052 | TRAIN: 0.0001 1.0000 | 0.0000 1.0000 | 0.0001 1.0000 | Time: 116.9047 | VAL: 0.9386 0.8080 | 0.0189 0.9888 | 0.0506 0.9866 | Time: 2.4196 | TEST: 0.7886 0.8137 | 0.0362 0.9836 | 0.0423 0.9833 | Time: 2.8634
Epoch: 0053 | TRAIN: 0.0001 1.0000 | 0.0000 1.0000 | 0.0000 1.0000 | Time: 116.7058 | VAL: 0.9487 0.8080 | 0.0311 0.9888 | 0.0545 0.9799 | Time: 2.4178 | TEST: 0.8011 0.8154 | 0.0520 0.9836 | 0.0428 0.9778 | Time: 2.8435
Epoch: 0054 | TRAIN: 0.0001 1.0000 | 0.0001 1.0000 | 0.0001 1.0000 | Time: 116.8733 | VAL: 0.9463 0.8062 | 0.0590 0.9888 | 0.0513 0.9866 | Time: 2.4271 | TEST: 0.7971 0.8137 | 0.0425 0.9918 | 0.0481 0.9833 | Time: 2.9602
Epoch: 0055 | TRAIN: 0.0001 1.0000 | 0.0000 1.0000 | 0.0000 1.0000 | Time: 118.6440 | VAL: 0.9608 0.8080 | 0.0530 0.9888 | 0.0622 0.9799 | Time: 2.5146 | TEST: 0.7997 0.8103 | 0.0554 0.9836 | 0.0522 0.9778 | Time: 3.0131
Epoch: 0056 | TRAIN: 0.0001 1.0000 | 0.0000 1.0000 | 0.0001 1.0000 | Time: 117.4672 | VAL: 0.9581 0.8062 | 0.0470 0.9888 | 0.0588 0.9866 | Time: 2.3739 | TEST: 0.7989 0.8103 | 0.0453 0.9836 | 0.0487 0.9778 | Time: 2.8549
Epoch: 0057 | TRAIN: 0.0001 1.0000 | 0.0000 1.0000 | 0.0000 1.0000 | Time: 116.4428 | VAL: 0.9742 0.8025 | 0.0508 0.9888 | 0.0551 0.9866 | Time: 2.3709 | TEST: 0.7990 0.8188 | 0.0530 0.9836 | 0.0549 0.9778 | Time: 2.8193
Epoch: 0058 | TRAIN: 0.0001 1.0000 | 0.0001 1.0000 | 0.0000 1.0000 | Time: 116.7653 | VAL: 0.9687 0.8098 | 0.0403 0.9888 | 0.0614 0.9799 | Time: 2.4259 | TEST: 0.8064 0.8137 | 0.0445 0.9836 | 0.0504 0.9833 | Time: 2.8683
Epoch: 0059 | TRAIN: 0.0001 1.0000 | 0.0001 1.0000 | 0.0000 1.0000 | Time: 116.8658 | VAL: 0.9743 0.8062 | 0.0501 0.9888 | 0.0618 0.9799 | Time: 2.3698 | TEST: 0.8070 0.8137 | 0.0448 0.9836 | 0.0592 0.9778 | Time: 2.8234
Epoch: 0060 | TRAIN: 0.0001 1.0000 | 0.0000 1.0000 | 0.0000 1.0000 | Time: 117.1372 | VAL: 0.9526 0.8098 | 0.0456 0.9888 | 0.0614 0.9799 | Time: 2.4067 | TEST: 0.7954 0.8154 | 0.0424 0.9836 | 0.0566 0.9778 | Time: 2.8615
Epoch: 0061 | TRAIN: 0.0001 1.0000 | 0.0000 1.0000 | 0.0001 1.0000 | Time: 117.2228 | VAL: 0.9867 0.8062 | 0.0452 0.9888 | 0.0601 0.9866 | Time: 2.4030 | TEST: 0.8161 0.8120 | 0.0439 0.9836 | 0.0497 0.9778 | Time: 2.8570
Epoch: 0062 | TRAIN: 0.0002 1.0000 | 0.0000 1.0000 | 0.0000 1.0000 | Time: 116.5716 | VAL: 0.9461 0.8080 | 0.0315 0.9888 | 0.0575 0.9799 | Time: 2.3719 | TEST: 0.7990 0.8205 | 0.0424 0.9836 | 0.0529 0.9778 | Time: 2.8304
Epoch: 0063 | TRAIN: 0.0001 1.0000 | 0.0000 1.0000 | 0.0000 1.0000 | Time: 117.2785 | VAL: 0.9522 0.8134 | 0.0463 0.9888 | 0.0591 0.9866 | Time: 2.3778 | TEST: 0.8096 0.8120 | 0.0462 0.9836 | 0.0524 0.9778 | Time: 2.8413
Epoch: 0064 | TRAIN: 0.0001 1.0000 | 0.0000 1.0000 | 0.0000 1.0000 | Time: 116.3497 | VAL: 0.9534 0.8098 | 0.0329 0.9888 | 0.0618 0.9799 | Time: 2.3933 | TEST: 0.8138 0.8120 | 0.0494 0.9836 | 0.0507 0.9778 | Time: 2.8375
Epoch: 0065 | TRAIN: 0.0001 1.0000 | 0.0000 1.0000 | 0.0000 1.0000 | Time: 116.6271 | VAL: 0.9444 0.8098 | 0.0366 0.9888 | 0.0638 0.9866 | Time: 2.4173 | TEST: 0.8000 0.8103 | 0.0467 0.9836 | 0.0495 0.9778 | Time: 2.8748
Epoch: 0066 | TRAIN: 0.0001 1.0000 | 0.0000 1.0000 | 0.0000 1.0000 | Time: 116.5450 | VAL: 0.9691 0.8116 | 0.0241 0.9888 | 0.0655 0.9799 | Time: 2.4124 | TEST: 0.8242 0.8137 | 0.0525 0.9754 | 0.0527 0.9833 | Time: 2.8722
Epoch: 0067 | TRAIN: 0.0001 1.0000 | 0.0000 1.0000 | 0.0000 1.0000 | Time: 116.7736 | VAL: 0.9463 0.8098 | 0.0302 0.9888 | 0.0612 0.9799 | Time: 2.3987 | TEST: 0.8114 0.8120 | 0.0400 0.9836 | 0.0528 0.9778 | Time: 2.8482
Epoch: 0068 | TRAIN: 0.0001 1.0000 | 0.0000 1.0000 | 0.0000 1.0000 | Time: 116.9761 | VAL: 0.9536 0.8134 | 0.0343 0.9888 | 0.0672 0.9799 | Time: 2.4228 | TEST: 0.8165 0.8120 | 0.0523 0.9754 | 0.0571 0.9778 | Time: 2.8839
Epoch: 0069 | TRAIN: 0.0001 1.0000 | 0.0000 1.0000 | 0.0001 1.0000 | Time: 116.7237 | VAL: 0.9411 0.8207 | 0.0247 0.9888 | 0.0603 0.9799 | Time: 2.4020 | TEST: 0.7999 0.8188 | 0.0360 0.9918 | 0.0574 0.9778 | Time: 2.8418
Epoch: 0070 | TRAIN: 0.0001 1.0000 | 0.0000 1.0000 | 0.0000 1.0000 | Time: 116.8962 | VAL: 0.9349 0.8134 | 0.0314 0.9888 | 0.0700 0.9799 | Time: 2.4228 | TEST: 0.8065 0.8137 | 0.0408 0.9836 | 0.0569 0.9778 | Time: 2.8821
Epoch: 0071 | TRAIN: 0.0001 1.0000 | 0.0000 1.0000 | 0.0000 1.0000 | Time: 116.8909 | VAL: 0.9468 0.8152 | 0.0169 0.9888 | 0.0645 0.9866 | Time: 2.4223 | TEST: 0.8123 0.8137 | 0.0471 0.9754 | 0.0423 0.9833 | Time: 2.8964
Epoch: 0072 | TRAIN: 0.0001 1.0000 | 0.0000 1.0000 | 0.0000 1.0000 | Time: 117.2345 | VAL: 0.9330 0.8170 | 0.0159 0.9888 | 0.0645 0.9866 | Time: 2.3833 | TEST: 0.7976 0.8222 | 0.0392 0.9918 | 0.0466 0.9833 | Time: 2.8370
Epoch: 0073 | TRAIN: 0.0001 1.0000 | 0.0000 1.0000 | 0.0000 1.0000 | Time: 117.4039 | VAL: 0.9466 0.8116 | 0.0170 0.9888 | 0.0594 0.9866 | Time: 2.4008 | TEST: 0.7942 0.8205 | 0.0465 0.9918 | 0.0478 0.9889 | Time: 2.8378
Epoch: 0074 | TRAIN: 0.0001 1.0000 | 0.0000 1.0000 | 0.0000 1.0000 | Time: 117.3081 | VAL: 0.9426 0.8152 | 0.0180 0.9888 | 0.0567 0.9866 | Time: 2.3941 | TEST: 0.8116 0.8239 | 0.0375 0.9918 | 0.0399 0.9778 | Time: 2.8351
Epoch: 0075 | TRAIN: 0.0001 1.0000 | 0.0000 1.0000 | 0.0000 1.0000 | Time: 117.1709 | VAL: 0.9640 0.8134 | 0.0162 0.9888 | 0.0556 0.9866 | Time: 2.4105 | TEST: 0.8209 0.8205 | 0.0432 0.9918 | 0.0504 0.9833 | Time: 2.8902
Epoch: 0076 | TRAIN: 0.0001 1.0000 | 0.0000 1.0000 | 0.0000 1.0000 | Time: 117.0468 | VAL: 0.9449 0.8098 | 0.0130 1.0000 | 0.0550 0.9866 | Time: 2.4152 | TEST: 0.7923 0.8222 | 0.0489 0.9836 | 0.0400 0.9833 | Time: 2.8418
Epoch: 0077 | TRAIN: 0.0001 1.0000 | 0.0000 1.0000 | 0.0000 1.0000 | Time: 117.5209 | VAL: 0.9732 0.8116 | 0.0365 0.9888 | 0.0565 0.9866 | Time: 2.4092 | TEST: 0.8186 0.8222 | 0.0438 0.9836 | 0.0546 0.9833 | Time: 2.8733
Epoch: 0078 | TRAIN: 0.0001 1.0000 | 0.0000 1.0000 | 0.0000 1.0000 | Time: 116.9572 | VAL: 0.9401 0.8116 | 0.0295 0.9888 | 0.0643 0.9866 | Time: 2.4202 | TEST: 0.7978 0.8256 | 0.0433 0.9918 | 0.0543 0.9778 | Time: 2.8584
Epoch: 0079 | TRAIN: 0.0001 1.0000 | 0.0000 1.0000 | 0.0000 1.0000 | Time: 117.1111 | VAL: 0.9049 0.8207 | 0.0216 0.9888 | 0.0631 0.9866 | Time: 2.3747 | TEST: 0.7767 0.8308 | 0.0462 0.9836 | 0.0410 0.9833 | Time: 2.8255
Epoch: 0080 | TRAIN: 0.0001 1.0000 | 0.0000 1.0000 | 0.0000 1.0000 | Time: 116.6934 | VAL: 0.9183 0.8152 | 0.0199 0.9888 | 0.0598 0.9866 | Time: 2.4075 | TEST: 0.7972 0.8222 | 0.0435 0.9836 | 0.0369 0.9833 | Time: 2.8620
Epoch: 0081 | TRAIN: 0.0001 1.0000 | 0.0000 1.0000 | 0.0000 1.0000 | Time: 117.6123 | VAL: 0.9363 0.8080 | 0.0351 0.9888 | 0.0724 0.9866 | Time: 2.3885 | TEST: 0.7858 0.8205 | 0.0554 0.9836 | 0.0422 0.9778 | Time: 2.8415
Epoch: 0082 | TRAIN: 0.0001 1.0000 | 0.0000 1.0000 | 0.0000 1.0000 | Time: 117.3146 | VAL: 0.9391 0.8116 | 0.0428 0.9888 | 0.0618 0.9866 | Time: 2.4049 | TEST: 0.7915 0.8222 | 0.0460 0.9836 | 0.0475 0.9778 | Time: 2.8681
Epoch: 0083 | TRAIN: 0.0001 1.0000 | 0.0000 1.0000 | 0.0000 1.0000 | Time: 117.1809 | VAL: 0.9202 0.8098 | 0.0381 0.9888 | 0.0658 0.9799 | Time: 2.4143 | TEST: 0.7896 0.8205 | 0.0561 0.9836 | 0.0482 0.9778 | Time: 2.8660
Epoch: 0084 | TRAIN: 0.0001 1.0000 | 0.0000 1.0000 | 0.0000 1.0000 | Time: 116.9866 | VAL: 0.9471 0.8080 | 0.0362 0.9888 | 0.0707 0.9799 | Time: 2.4159 | TEST: 0.7930 0.8222 | 0.0476 1.0000 | 0.0582 0.9778 | Time: 2.8629
Epoch: 0085 | TRAIN: 0.0001 1.0000 | 0.0000 1.0000 | 0.0000 1.0000 | Time: 116.9186 | VAL: 0.9767 0.8025 | 0.0140 1.0000 | 0.0725 0.9799 | Time: 2.4018 | TEST: 0.7878 0.8239 | 0.0494 0.9836 | 0.0511 0.9778 | Time: 2.8733
Epoch: 0086 | TRAIN: 0.0001 1.0000 | 0.0000 1.0000 | 0.0000 1.0000 | Time: 116.8975 | VAL: 0.9715 0.7971 | 0.0433 0.9888 | 0.0733 0.9732 | Time: 2.3912 | TEST: 0.8001 0.8120 | 0.0548 0.9836 | 0.0707 0.9778 | Time: 2.8265
Epoch: 0087 | TRAIN: 0.0001 1.0000 | 0.0000 1.0000 | 0.0000 1.0000 | Time: 117.0183 | VAL: 0.9683 0.8007 | 0.0266 0.9888 | 0.0694 0.9799 | Time: 2.3989 | TEST: 0.7641 0.8120 | 0.0612 0.9836 | 0.0545 0.9778 | Time: 2.8512
Epoch: 0088 | TRAIN: 0.0001 1.0000 | 0.0001 1.0000 | 0.0000 1.0000 | Time: 117.0407 | VAL: 0.9677 0.8062 | 0.0380 0.9888 | 0.0716 0.9799 | Time: 2.4206 | TEST: 0.7749 0.8239 | 0.0410 0.9918 | 0.0619 0.9778 | Time: 2.8772
Epoch: 0089 | TRAIN: 0.0001 1.0000 | 0.0000 1.0000 | 0.0000 1.0000 | Time: 116.8549 | VAL: 0.9656 0.7989 | 0.0247 0.9888 | 0.0728 0.9799 | Time: 2.4127 | TEST: 0.7874 0.8137 | 0.0494 0.9836 | 0.0508 0.9778 | Time: 2.8727
Epoch: 0090 | TRAIN: 0.0001 1.0000 | 0.0000 1.0000 | 0.0000 1.0000 | Time: 116.8409 | VAL: 0.9580 0.8043 | 0.0463 0.9888 | 0.0707 0.9866 | Time: 2.3868 | TEST: 0.7605 0.8205 | 0.0446 0.9836 | 0.0617 0.9778 | Time: 2.8334
Epoch: 0091 | TRAIN: 0.0001 1.0000 | 0.0000 1.0000 | 0.0000 1.0000 | Time: 116.9535 | VAL: 0.9408 0.8098 | 0.0610 0.9888 | 0.0796 0.9732 | Time: 2.3844 | TEST: 0.7535 0.8222 | 0.0542 0.9836 | 0.0848 0.9778 | Time: 2.8379
Epoch: 0092 | TRAIN: 0.9341 0.7677 | 0.4250 0.8885 | 0.4814 0.8708 | Time: 117.1744 | VAL: 4.3833 0.1739 | 2.4425 0.5056 | 1.9800 0.5638 | Time: 2.3943 | TEST: 4.2819 0.1795 | 2.2068 0.5328 | 1.9393 0.5833 | Time: 2.8386
Epoch: 0093 | TRAIN: 1.7553 0.5210 | 0.1153 0.9684 | 0.2078 0.9393 | Time: 117.3102 | VAL: 1.6029 0.5960 | 0.4674 0.8652 | 0.2619 0.9329 | Time: 2.4296 | TEST: 1.5209 0.6000 | 0.5748 0.7869 | 0.2585 0.9389 | Time: 2.8832
Epoch: 0094 | TRAIN: 0.7140 0.7939 | 0.0101 0.9994 | 0.0236 0.9970 | Time: 117.2100 | VAL: 1.6020 0.5851 | 0.3418 0.9101 | 0.2897 0.9195 | Time: 2.4108 | TEST: 1.5734 0.5932 | 0.4059 0.8852 | 0.3081 0.9000 | Time: 2.8475
Epoch: 0095 | TRAIN: 0.3280 0.8987 | 0.0054 0.9994 | 0.0095 0.9991 | Time: 116.8964 | VAL: 1.8696 0.5815 | 0.2801 0.9101 | 0.2404 0.9329 | Time: 2.3792 | TEST: 1.8232 0.5761 | 0.4505 0.8689 | 0.3123 0.9167 | Time: 2.8204
Epoch: 0096 | TRAIN: 0.1222 0.9715 | 0.0030 0.9997 | 0.0049 0.9994 | Time: 117.3962 | VAL: 1.9258 0.5942 | 0.3164 0.9101 | 0.1944 0.9530 | Time: 2.3986 | TEST: 1.8557 0.6051 | 0.4188 0.8852 | 0.3024 0.9389 | Time: 2.8534
Epoch: 0097 | TRAIN: 0.0797 0.9790 | 0.0017 1.0000 | 0.0028 1.0000 | Time: 117.1482 | VAL: 2.2755 0.5870 | 0.1961 0.9438 | 0.1609 0.9463 | Time: 2.4011 | TEST: 2.1228 0.5692 | 0.3611 0.9180 | 0.3634 0.9167 | Time: 2.8809
Epoch: 0098 | TRAIN: 0.0557 0.9859 | 0.0012 1.0000 | 0.0041 0.9994 | Time: 117.0620 | VAL: 1.8781 0.6123 | 0.3033 0.9213 | 0.2369 0.9463 | Time: 2.4242 | TEST: 1.7326 0.6359 | 0.3917 0.9016 | 0.3211 0.9222 | Time: 2.8764
Epoch: 0099 | TRAIN: 0.0238 0.9955 | 0.0009 1.0000 | 0.0022 1.0000 | Time: 117.2904 | VAL: 1.8892 0.6232 | 0.1654 0.9551 | 0.2211 0.9530 | Time: 2.3867 | TEST: 1.8688 0.6171 | 0.3599 0.9180 | 0.3243 0.9111 | Time: 2.8737
========================================
Best Result: Epoch 79, result {'amazon': [0.8307692307692308], 'dslr': [0.9836065573770492], 'webcam': [0.9833333333333333]}
========================================
