========================================
General Configuration:
	Wighting: MoDo
	Architecture: HPS
	Rep_Grad: False
	Multi_Input: True
	Seed: 0
	Device: cuda:0
MoDo Configuration:
	weighting: MoDo
	gamma_modo: 0.01
	rho_modo: 1.0
	modo_gn: none
Optimizer Configuration:
	optim: adam
	lr: 0.0001
	weight_decay: 1e-05
========================================
Total Params: 11487901
Trainable Params: 11487901
Non-trainable Params: 0
========================================
LOG FORMAT | amazon_LOSS Acc | dslr_LOSS Acc | webcam_LOSS Acc | TIME
Epoch: 0000 | TRAIN: 2.1289 0.5517 | 1.3807 0.8221 | 1.5659 0.7680 | Time: 117.0142 | VAL: 1.4121 0.7754 | 0.8799 1.0000 | 1.0469 0.9329 | Time: 2.3725 | TEST: 1.4214 0.7829 | 0.9481 0.9508 | 1.1541 0.9500 | Time: 2.8232
Epoch: 0001 | TRAIN: 0.9053 0.8822 | 0.2543 1.0000 | 0.3571 0.9994 | Time: 116.5383 | VAL: 1.0718 0.8207 | 0.5882 1.0000 | 0.6390 0.9732 | Time: 2.3712 | TEST: 1.0839 0.8291 | 0.6614 0.9508 | 0.7317 0.9556 | Time: 2.8359
Epoch: 0002 | TRAIN: 0.4829 0.9603 | 0.1193 1.0000 | 0.1476 1.0000 | Time: 116.9017 | VAL: 0.8998 0.8424 | 0.5104 1.0000 | 0.5027 0.9799 | Time: 2.3905 | TEST: 0.9184 0.8342 | 0.5996 0.9754 | 0.5928 0.9611 | Time: 2.8578
Epoch: 0003 | TRAIN: 0.2475 0.9928 | 0.0715 1.0000 | 0.0896 1.0000 | Time: 116.5382 | VAL: 0.8265 0.8496 | 0.4932 1.0000 | 0.4567 0.9799 | Time: 2.3911 | TEST: 0.8481 0.8342 | 0.5915 0.9672 | 0.5494 0.9667 | Time: 2.8087
Epoch: 0004 | TRAIN: 0.1316 0.9994 | 0.0525 1.0000 | 0.0617 1.0000 | Time: 116.6987 | VAL: 0.7665 0.8496 | 0.4688 1.0000 | 0.3897 0.9799 | Time: 2.3877 | TEST: 0.7887 0.8393 | 0.5577 0.9754 | 0.4903 0.9556 | Time: 2.8376
Epoch: 0005 | TRAIN: 0.0839 1.0000 | 0.0384 1.0000 | 0.0457 1.0000 | Time: 116.7766 | VAL: 0.7377 0.8496 | 0.4547 1.0000 | 0.3877 0.9866 | Time: 2.4273 | TEST: 0.7464 0.8359 | 0.5574 0.9672 | 0.4856 0.9667 | Time: 2.8627
Epoch: 0006 | TRAIN: 0.0609 1.0000 | 0.0300 1.0000 | 0.0332 1.0000 | Time: 116.4660 | VAL: 0.7134 0.8496 | 0.4393 1.0000 | 0.3742 0.9799 | Time: 2.3819 | TEST: 0.7323 0.8325 | 0.5412 0.9590 | 0.4708 0.9556 | Time: 2.8269
Epoch: 0007 | TRAIN: 0.0460 1.0000 | 0.0252 1.0000 | 0.0281 1.0000 | Time: 116.6923 | VAL: 0.6971 0.8478 | 0.4253 1.0000 | 0.3561 0.9866 | Time: 2.3869 | TEST: 0.7117 0.8376 | 0.5299 0.9672 | 0.4508 0.9611 | Time: 2.8205
Epoch: 0008 | TRAIN: 0.0366 1.0000 | 0.0203 1.0000 | 0.0233 1.0000 | Time: 117.0104 | VAL: 0.6710 0.8514 | 0.4373 1.0000 | 0.3392 0.9799 | Time: 2.3602 | TEST: 0.6941 0.8444 | 0.5283 0.9590 | 0.4255 0.9556 | Time: 2.8349
Epoch: 0009 | TRAIN: 0.0296 1.0000 | 0.0178 1.0000 | 0.0197 1.0000 | Time: 116.6181 | VAL: 0.6631 0.8551 | 0.4325 1.0000 | 0.3303 0.9866 | Time: 2.4094 | TEST: 0.6830 0.8427 | 0.5144 0.9590 | 0.4198 0.9667 | Time: 2.8697
Epoch: 0010 | TRAIN: 0.0245 1.0000 | 0.0150 1.0000 | 0.0168 1.0000 | Time: 116.7638 | VAL: 0.6599 0.8533 | 0.4111 1.0000 | 0.3280 0.9799 | Time: 2.3792 | TEST: 0.6727 0.8427 | 0.5094 0.9672 | 0.4178 0.9667 | Time: 2.8412
Epoch: 0011 | TRAIN: 0.0207 1.0000 | 0.0134 1.0000 | 0.0146 1.0000 | Time: 116.5942 | VAL: 0.6333 0.8659 | 0.4101 1.0000 | 0.3190 0.9799 | Time: 2.3801 | TEST: 0.6609 0.8410 | 0.5068 0.9590 | 0.4075 0.9667 | Time: 2.8084
Epoch: 0012 | TRAIN: 0.0191 1.0000 | 0.0115 1.0000 | 0.0121 1.0000 | Time: 116.7560 | VAL: 0.6464 0.8514 | 0.4031 1.0000 | 0.3139 0.9866 | Time: 2.3783 | TEST: 0.6686 0.8376 | 0.5014 0.9590 | 0.4092 0.9611 | Time: 2.8291
Epoch: 0013 | TRAIN: 0.0169 1.0000 | 0.0101 1.0000 | 0.0115 1.0000 | Time: 116.8349 | VAL: 0.6400 0.8605 | 0.4058 1.0000 | 0.3069 0.9866 | Time: 2.3846 | TEST: 0.6553 0.8444 | 0.5003 0.9672 | 0.3947 0.9667 | Time: 2.8265
Epoch: 0014 | TRAIN: 0.0154 1.0000 | 0.0092 1.0000 | 0.0101 1.0000 | Time: 116.3633 | VAL: 0.6294 0.8551 | 0.3959 1.0000 | 0.2843 0.9866 | Time: 2.3882 | TEST: 0.6515 0.8444 | 0.4874 0.9590 | 0.3682 0.9667 | Time: 2.8251
Epoch: 0015 | TRAIN: 0.0133 1.0000 | 0.0087 1.0000 | 0.0093 1.0000 | Time: 116.6465 | VAL: 0.6292 0.8514 | 0.3965 1.0000 | 0.2911 0.9866 | Time: 2.4225 | TEST: 0.6544 0.8479 | 0.4815 0.9508 | 0.3814 0.9611 | Time: 2.8897
Epoch: 0016 | TRAIN: 0.0118 1.0000 | 0.0077 1.0000 | 0.0080 1.0000 | Time: 117.1570 | VAL: 0.6278 0.8514 | 0.3881 1.0000 | 0.2743 0.9866 | Time: 2.4341 | TEST: 0.6539 0.8444 | 0.4788 0.9672 | 0.3675 0.9722 | Time: 2.8646
Epoch: 0017 | TRAIN: 0.0105 1.0000 | 0.0072 1.0000 | 0.0074 1.0000 | Time: 116.6570 | VAL: 0.6238 0.8533 | 0.3964 1.0000 | 0.2726 0.9866 | Time: 2.4133 | TEST: 0.6464 0.8393 | 0.4784 0.9590 | 0.3627 0.9722 | Time: 2.8909
Epoch: 0018 | TRAIN: 0.0099 1.0000 | 0.0063 1.0000 | 0.0069 1.0000 | Time: 117.0204 | VAL: 0.6184 0.8514 | 0.3817 0.9775 | 0.2793 0.9799 | Time: 2.4159 | TEST: 0.6391 0.8496 | 0.4684 0.9590 | 0.3564 0.9722 | Time: 2.8568
Epoch: 0019 | TRAIN: 0.0089 1.0000 | 0.0057 1.0000 | 0.0064 1.0000 | Time: 117.0247 | VAL: 0.6196 0.8496 | 0.3776 1.0000 | 0.2751 0.9866 | Time: 2.3742 | TEST: 0.6312 0.8462 | 0.4592 0.9590 | 0.3540 0.9722 | Time: 2.8118
Epoch: 0020 | TRAIN: 0.0085 1.0000 | 0.0053 1.0000 | 0.0060 1.0000 | Time: 116.0484 | VAL: 0.6241 0.8533 | 0.3785 0.9888 | 0.2660 0.9799 | Time: 2.4322 | TEST: 0.6311 0.8444 | 0.4576 0.9672 | 0.3436 0.9722 | Time: 2.8794
Epoch: 0021 | TRAIN: 0.0078 1.0000 | 0.0052 1.0000 | 0.0057 1.0000 | Time: 116.8907 | VAL: 0.6120 0.8533 | 0.3575 0.9888 | 0.2629 0.9866 | Time: 2.4163 | TEST: 0.6233 0.8479 | 0.4475 0.9672 | 0.3471 0.9611 | Time: 2.8761
Epoch: 0022 | TRAIN: 0.0071 1.0000 | 0.0047 1.0000 | 0.0049 1.0000 | Time: 116.5455 | VAL: 0.6058 0.8551 | 0.3538 1.0000 | 0.2587 0.9866 | Time: 2.3546 | TEST: 0.6123 0.8479 | 0.4376 0.9672 | 0.3480 0.9667 | Time: 2.8186
Epoch: 0023 | TRAIN: 0.0065 1.0000 | 0.0043 1.0000 | 0.0046 1.0000 | Time: 116.6047 | VAL: 0.6163 0.8569 | 0.3610 0.9888 | 0.2648 0.9866 | Time: 2.4256 | TEST: 0.6223 0.8462 | 0.4485 0.9508 | 0.3492 0.9667 | Time: 2.8813
Epoch: 0024 | TRAIN: 0.0061 1.0000 | 0.0039 1.0000 | 0.0044 1.0000 | Time: 116.5067 | VAL: 0.6053 0.8496 | 0.3517 1.0000 | 0.2638 0.9866 | Time: 2.3928 | TEST: 0.6125 0.8513 | 0.4392 0.9672 | 0.3451 0.9722 | Time: 2.8412
Epoch: 0025 | TRAIN: 0.0059 1.0000 | 0.0037 1.0000 | 0.0040 1.0000 | Time: 116.0790 | VAL: 0.6054 0.8569 | 0.3557 1.0000 | 0.2472 0.9866 | Time: 2.3767 | TEST: 0.6194 0.8444 | 0.4307 0.9672 | 0.3331 0.9667 | Time: 2.8302
Epoch: 0026 | TRAIN: 0.0056 1.0000 | 0.0035 1.0000 | 0.0038 1.0000 | Time: 116.1844 | VAL: 0.5980 0.8551 | 0.3632 0.9888 | 0.2497 0.9866 | Time: 2.3816 | TEST: 0.6199 0.8410 | 0.4370 0.9672 | 0.3269 0.9667 | Time: 2.8312
Epoch: 0027 | TRAIN: 0.0051 1.0000 | 0.0032 1.0000 | 0.0037 1.0000 | Time: 116.4063 | VAL: 0.5937 0.8587 | 0.3476 1.0000 | 0.2510 0.9866 | Time: 2.4006 | TEST: 0.6113 0.8496 | 0.4229 0.9672 | 0.3230 0.9722 | Time: 2.8530
Epoch: 0028 | TRAIN: 0.0049 1.0000 | 0.0031 1.0000 | 0.0034 1.0000 | Time: 116.5870 | VAL: 0.5974 0.8533 | 0.3474 0.9888 | 0.2379 0.9866 | Time: 2.4287 | TEST: 0.6127 0.8444 | 0.4237 0.9590 | 0.3220 0.9667 | Time: 2.8902
Epoch: 0029 | TRAIN: 0.0044 1.0000 | 0.0028 1.0000 | 0.0032 1.0000 | Time: 116.3346 | VAL: 0.5912 0.8533 | 0.3499 0.9775 | 0.2495 0.9799 | Time: 2.3942 | TEST: 0.6119 0.8547 | 0.4308 0.9508 | 0.3261 0.9667 | Time: 2.8356
Epoch: 0030 | TRAIN: 0.0042 1.0000 | 0.0028 1.0000 | 0.0030 1.0000 | Time: 116.4425 | VAL: 0.5965 0.8587 | 0.3337 0.9888 | 0.2319 0.9866 | Time: 2.3725 | TEST: 0.6087 0.8513 | 0.4175 0.9590 | 0.3061 0.9667 | Time: 2.8289
Epoch: 0031 | TRAIN: 0.0041 1.0000 | 0.0025 1.0000 | 0.0027 1.0000 | Time: 116.2549 | VAL: 0.5911 0.8587 | 0.3333 1.0000 | 0.2357 0.9866 | Time: 2.3887 | TEST: 0.6046 0.8410 | 0.4194 0.9590 | 0.3174 0.9611 | Time: 2.8347
Epoch: 0032 | TRAIN: 0.0039 1.0000 | 0.0024 1.0000 | 0.0028 1.0000 | Time: 116.1203 | VAL: 0.5910 0.8496 | 0.3345 0.9888 | 0.2442 0.9866 | Time: 2.4250 | TEST: 0.6089 0.8462 | 0.4172 0.9672 | 0.3162 0.9722 | Time: 2.8887
Epoch: 0033 | TRAIN: 0.0035 1.0000 | 0.0024 1.0000 | 0.0025 1.0000 | Time: 115.7740 | VAL: 0.5900 0.8587 | 0.3279 1.0000 | 0.2257 0.9866 | Time: 2.3802 | TEST: 0.6056 0.8427 | 0.4079 0.9590 | 0.3002 0.9667 | Time: 2.8562
Epoch: 0034 | TRAIN: 0.0033 1.0000 | 0.0021 1.0000 | 0.0025 1.0000 | Time: 116.1272 | VAL: 0.6043 0.8551 | 0.3222 1.0000 | 0.2245 0.9866 | Time: 2.3980 | TEST: 0.6119 0.8444 | 0.4042 0.9672 | 0.2972 0.9667 | Time: 2.8838
Epoch: 0035 | TRAIN: 0.0031 1.0000 | 0.0020 1.0000 | 0.0022 1.0000 | Time: 116.3962 | VAL: 0.6020 0.8533 | 0.3230 0.9888 | 0.2317 0.9866 | Time: 2.3602 | TEST: 0.6079 0.8444 | 0.4017 0.9754 | 0.2972 0.9722 | Time: 2.8369
Epoch: 0036 | TRAIN: 0.0032 1.0000 | 0.0020 1.0000 | 0.0022 1.0000 | Time: 116.9504 | VAL: 0.5876 0.8551 | 0.3283 0.9888 | 0.2254 0.9866 | Time: 2.3971 | TEST: 0.5969 0.8513 | 0.4043 0.9590 | 0.2950 0.9722 | Time: 2.8488
Epoch: 0037 | TRAIN: 0.0029 1.0000 | 0.0019 1.0000 | 0.0021 1.0000 | Time: 116.7547 | VAL: 0.5984 0.8569 | 0.3322 0.9888 | 0.2316 0.9866 | Time: 2.4038 | TEST: 0.6040 0.8496 | 0.4083 0.9590 | 0.3053 0.9556 | Time: 2.8683
Epoch: 0038 | TRAIN: 0.0027 1.0000 | 0.0017 1.0000 | 0.0020 1.0000 | Time: 116.7807 | VAL: 0.5925 0.8496 | 0.3214 1.0000 | 0.2197 0.9866 | Time: 2.3947 | TEST: 0.6054 0.8359 | 0.4002 0.9672 | 0.2941 0.9667 | Time: 2.8371
Epoch: 0039 | TRAIN: 0.0027 1.0000 | 0.0016 1.0000 | 0.0018 1.0000 | Time: 116.7281 | VAL: 0.5940 0.8551 | 0.3145 0.9888 | 0.2206 0.9866 | Time: 2.4275 | TEST: 0.6017 0.8376 | 0.3954 0.9590 | 0.2975 0.9722 | Time: 2.8452
Epoch: 0040 | TRAIN: 0.0027 1.0000 | 0.0016 1.0000 | 0.0017 1.0000 | Time: 116.2565 | VAL: 0.5957 0.8533 | 0.3106 0.9888 | 0.2185 0.9866 | Time: 2.4354 | TEST: 0.6131 0.8410 | 0.3885 0.9590 | 0.2894 0.9722 | Time: 2.8603
Epoch: 0041 | TRAIN: 0.0024 1.0000 | 0.0016 1.0000 | 0.0018 1.0000 | Time: 116.5390 | VAL: 0.5853 0.8551 | 0.3112 0.9888 | 0.2153 0.9866 | Time: 2.4198 | TEST: 0.5997 0.8496 | 0.3881 0.9590 | 0.2889 0.9667 | Time: 2.8815
Epoch: 0042 | TRAIN: 0.0025 1.0000 | 0.0014 1.0000 | 0.0016 1.0000 | Time: 116.3879 | VAL: 0.5849 0.8587 | 0.3066 0.9888 | 0.2188 0.9866 | Time: 2.3862 | TEST: 0.5910 0.8581 | 0.3921 0.9590 | 0.2868 0.9722 | Time: 2.8514
Epoch: 0043 | TRAIN: 0.0077 0.9994 | 0.0015 1.0000 | 0.0016 1.0000 | Time: 116.5243 | VAL: 0.6006 0.8533 | 0.3143 0.9663 | 0.2167 0.9866 | Time: 2.4054 | TEST: 0.5997 0.8410 | 0.3802 0.9508 | 0.2913 0.9722 | Time: 2.8580
Epoch: 0044 | TRAIN: 0.0035 1.0000 | 0.0016 1.0000 | 0.0017 1.0000 | Time: 116.5370 | VAL: 0.5884 0.8478 | 0.2975 0.9888 | 0.2082 0.9866 | Time: 2.3836 | TEST: 0.5824 0.8530 | 0.3643 0.9672 | 0.2802 0.9667 | Time: 2.8280
Epoch: 0045 | TRAIN: 0.0026 1.0000 | 0.0014 1.0000 | 0.0016 1.0000 | Time: 116.2838 | VAL: 0.5769 0.8496 | 0.3022 0.9775 | 0.2012 0.9866 | Time: 2.3908 | TEST: 0.5819 0.8530 | 0.3703 0.9754 | 0.2749 0.9778 | Time: 2.8333
Epoch: 0046 | TRAIN: 0.0023 1.0000 | 0.0013 1.0000 | 0.0014 1.0000 | Time: 115.9702 | VAL: 0.5867 0.8569 | 0.2964 0.9775 | 0.2007 0.9866 | Time: 2.3549 | TEST: 0.5866 0.8496 | 0.3626 0.9754 | 0.2763 0.9778 | Time: 2.8355
Epoch: 0047 | TRAIN: 0.0020 1.0000 | 0.0012 1.0000 | 0.0013 1.0000 | Time: 115.8526 | VAL: 0.5826 0.8587 | 0.2901 0.9663 | 0.2008 0.9866 | Time: 2.3393 | TEST: 0.5836 0.8513 | 0.3567 0.9672 | 0.2708 0.9722 | Time: 2.8339
Epoch: 0048 | TRAIN: 0.0020 1.0000 | 0.0012 1.0000 | 0.0014 1.0000 | Time: 115.9471 | VAL: 0.5832 0.8533 | 0.2876 0.9775 | 0.2031 0.9866 | Time: 2.3842 | TEST: 0.5843 0.8496 | 0.3569 0.9754 | 0.2736 0.9667 | Time: 2.8413
Epoch: 0049 | TRAIN: 0.0018 1.0000 | 0.0011 1.0000 | 0.0012 1.0000 | Time: 116.1619 | VAL: 0.5738 0.8514 | 0.2951 0.9888 | 0.1943 0.9866 | Time: 2.4163 | TEST: 0.5832 0.8547 | 0.3621 0.9754 | 0.2608 0.9722 | Time: 2.8850
Epoch: 0050 | TRAIN: 0.0017 1.0000 | 0.0011 1.0000 | 0.0013 1.0000 | Time: 116.0916 | VAL: 0.5793 0.8551 | 0.2994 0.9888 | 0.1949 0.9866 | Time: 2.3652 | TEST: 0.5900 0.8462 | 0.3659 0.9754 | 0.2621 0.9667 | Time: 2.8266
Epoch: 0051 | TRAIN: 0.0017 1.0000 | 0.0011 1.0000 | 0.0012 1.0000 | Time: 115.9757 | VAL: 0.5713 0.8587 | 0.2912 0.9775 | 0.1986 0.9866 | Time: 2.4134 | TEST: 0.5842 0.8547 | 0.3625 0.9754 | 0.2664 0.9722 | Time: 2.8556
Epoch: 0052 | TRAIN: 0.0016 1.0000 | 0.0009 1.0000 | 0.0011 1.0000 | Time: 115.9738 | VAL: 0.5711 0.8587 | 0.2918 0.9888 | 0.1880 0.9866 | Time: 2.3602 | TEST: 0.5777 0.8530 | 0.3567 0.9754 | 0.2568 0.9667 | Time: 2.8277
Epoch: 0053 | TRAIN: 0.0015 1.0000 | 0.0009 1.0000 | 0.0010 1.0000 | Time: 116.2743 | VAL: 0.5719 0.8533 | 0.2913 0.9775 | 0.1853 0.9866 | Time: 2.3699 | TEST: 0.5879 0.8530 | 0.3550 0.9754 | 0.2588 0.9722 | Time: 2.8412
Epoch: 0054 | TRAIN: 0.0014 1.0000 | 0.0009 1.0000 | 0.0010 1.0000 | Time: 116.3801 | VAL: 0.5707 0.8569 | 0.2854 0.9888 | 0.1870 0.9866 | Time: 2.3944 | TEST: 0.5790 0.8530 | 0.3461 0.9754 | 0.2574 0.9722 | Time: 2.8419
Epoch: 0055 | TRAIN: 0.0015 1.0000 | 0.0009 1.0000 | 0.0009 1.0000 | Time: 115.8829 | VAL: 0.5811 0.8587 | 0.2829 0.9888 | 0.1883 0.9866 | Time: 2.3792 | TEST: 0.5920 0.8496 | 0.3535 0.9508 | 0.2623 0.9722 | Time: 2.8341
Epoch: 0056 | TRAIN: 0.0013 1.0000 | 0.0009 1.0000 | 0.0010 1.0000 | Time: 116.4238 | VAL: 0.5772 0.8569 | 0.2795 0.9775 | 0.1881 0.9866 | Time: 2.3947 | TEST: 0.5863 0.8547 | 0.3459 0.9672 | 0.2591 0.9667 | Time: 2.8205
Epoch: 0057 | TRAIN: 0.0012 1.0000 | 0.0008 1.0000 | 0.0009 1.0000 | Time: 115.9492 | VAL: 0.5865 0.8551 | 0.2749 0.9888 | 0.1858 0.9866 | Time: 2.3768 | TEST: 0.5911 0.8444 | 0.3433 0.9590 | 0.2571 0.9722 | Time: 2.8317
Epoch: 0058 | TRAIN: 0.0013 1.0000 | 0.0008 1.0000 | 0.0008 1.0000 | Time: 116.1667 | VAL: 0.5806 0.8569 | 0.2778 0.9775 | 0.1769 0.9866 | Time: 2.3565 | TEST: 0.5822 0.8496 | 0.3393 0.9754 | 0.2448 0.9722 | Time: 2.8070
Epoch: 0059 | TRAIN: 0.0012 1.0000 | 0.0008 1.0000 | 0.0008 1.0000 | Time: 116.0097 | VAL: 0.5859 0.8533 | 0.2677 0.9888 | 0.1878 0.9866 | Time: 2.3736 | TEST: 0.5842 0.8547 | 0.3334 0.9754 | 0.2512 0.9722 | Time: 2.8224
Epoch: 0060 | TRAIN: 0.0011 1.0000 | 0.0007 1.0000 | 0.0008 1.0000 | Time: 116.2120 | VAL: 0.5817 0.8551 | 0.2694 0.9888 | 0.1811 0.9866 | Time: 2.4041 | TEST: 0.5838 0.8496 | 0.3314 0.9672 | 0.2557 0.9667 | Time: 2.8593
Epoch: 0061 | TRAIN: 0.0011 1.0000 | 0.0007 1.0000 | 0.0008 1.0000 | Time: 116.1668 | VAL: 0.5881 0.8514 | 0.2676 0.9888 | 0.1820 0.9866 | Time: 2.4216 | TEST: 0.5902 0.8496 | 0.3329 0.9672 | 0.2471 0.9722 | Time: 2.8843
Epoch: 0062 | TRAIN: 0.0011 1.0000 | 0.0007 1.0000 | 0.0007 1.0000 | Time: 116.6309 | VAL: 0.5782 0.8587 | 0.2724 0.9888 | 0.1747 0.9866 | Time: 2.3836 | TEST: 0.5898 0.8530 | 0.3284 0.9672 | 0.2403 0.9722 | Time: 2.8490
Epoch: 0063 | TRAIN: 0.0010 1.0000 | 0.0006 1.0000 | 0.0007 1.0000 | Time: 116.2326 | VAL: 0.5799 0.8605 | 0.2623 0.9888 | 0.1780 0.9866 | Time: 2.3502 | TEST: 0.5799 0.8547 | 0.3196 0.9754 | 0.2429 0.9722 | Time: 2.8398
Epoch: 0064 | TRAIN: 0.0009 1.0000 | 0.0006 1.0000 | 0.0007 1.0000 | Time: 116.0408 | VAL: 0.5870 0.8551 | 0.2665 0.9888 | 0.1781 0.9866 | Time: 2.3686 | TEST: 0.5957 0.8444 | 0.3308 0.9672 | 0.2452 0.9667 | Time: 2.8254
Epoch: 0065 | TRAIN: 0.0010 1.0000 | 0.0006 1.0000 | 0.0007 1.0000 | Time: 115.6298 | VAL: 0.5817 0.8569 | 0.2699 0.9888 | 0.1786 0.9866 | Time: 2.4068 | TEST: 0.5878 0.8513 | 0.3385 0.9672 | 0.2436 0.9722 | Time: 2.8739
Epoch: 0066 | TRAIN: 0.0009 1.0000 | 0.0006 1.0000 | 0.0006 1.0000 | Time: 116.6434 | VAL: 0.5817 0.8569 | 0.2606 0.9775 | 0.1752 0.9866 | Time: 2.3872 | TEST: 0.5876 0.8444 | 0.3288 0.9672 | 0.2342 0.9722 | Time: 2.8490
Epoch: 0067 | TRAIN: 0.0009 1.0000 | 0.0006 1.0000 | 0.0006 1.0000 | Time: 116.7866 | VAL: 0.5804 0.8605 | 0.2611 0.9888 | 0.1791 0.9866 | Time: 2.3745 | TEST: 0.5808 0.8513 | 0.3228 0.9754 | 0.2433 0.9778 | Time: 2.8363
Epoch: 0068 | TRAIN: 0.0008 1.0000 | 0.0006 1.0000 | 0.0006 1.0000 | Time: 116.2271 | VAL: 0.5850 0.8551 | 0.2532 0.9888 | 0.1755 0.9866 | Time: 2.3992 | TEST: 0.5938 0.8496 | 0.3159 0.9590 | 0.2430 0.9667 | Time: 2.8324
Epoch: 0069 | TRAIN: 0.0009 1.0000 | 0.0005 1.0000 | 0.0006 1.0000 | Time: 116.8128 | VAL: 0.5878 0.8569 | 0.2567 0.9775 | 0.1619 0.9866 | Time: 2.3819 | TEST: 0.5914 0.8496 | 0.3081 0.9672 | 0.2290 0.9667 | Time: 2.8597
Epoch: 0070 | TRAIN: 0.0009 1.0000 | 0.0005 1.0000 | 0.0005 1.0000 | Time: 116.5457 | VAL: 0.5928 0.8514 | 0.2516 0.9888 | 0.1714 0.9866 | Time: 2.4463 | TEST: 0.5977 0.8479 | 0.3092 0.9754 | 0.2347 0.9667 | Time: 2.8805
Epoch: 0071 | TRAIN: 0.0009 1.0000 | 0.0005 1.0000 | 0.0006 1.0000 | Time: 116.7221 | VAL: 0.5776 0.8605 | 0.2516 0.9888 | 0.1702 0.9866 | Time: 2.3654 | TEST: 0.5915 0.8427 | 0.3146 0.9754 | 0.2300 0.9667 | Time: 2.8449
Epoch: 0072 | TRAIN: 0.0008 1.0000 | 0.0005 1.0000 | 0.0005 1.0000 | Time: 116.5361 | VAL: 0.5889 0.8496 | 0.2442 0.9888 | 0.1658 0.9866 | Time: 2.3713 | TEST: 0.5943 0.8530 | 0.3031 0.9754 | 0.2283 0.9722 | Time: 2.8540
Epoch: 0073 | TRAIN: 0.0008 1.0000 | 0.0005 1.0000 | 0.0005 1.0000 | Time: 116.2934 | VAL: 0.5891 0.8551 | 0.2377 0.9888 | 0.1627 0.9866 | Time: 2.3360 | TEST: 0.5924 0.8444 | 0.2920 0.9754 | 0.2216 0.9722 | Time: 2.8204
Epoch: 0074 | TRAIN: 0.0007 1.0000 | 0.0005 1.0000 | 0.0005 1.0000 | Time: 115.7677 | VAL: 0.5783 0.8569 | 0.2464 0.9888 | 0.1697 0.9866 | Time: 2.3974 | TEST: 0.5866 0.8479 | 0.3088 0.9754 | 0.2347 0.9722 | Time: 2.8742
Epoch: 0075 | TRAIN: 0.0007 1.0000 | 0.0004 1.0000 | 0.0005 1.0000 | Time: 116.2808 | VAL: 0.5879 0.8569 | 0.2351 0.9888 | 0.1638 0.9866 | Time: 2.3858 | TEST: 0.5939 0.8547 | 0.2986 0.9754 | 0.2300 0.9667 | Time: 2.8583
Epoch: 0076 | TRAIN: 0.0007 1.0000 | 0.0004 1.0000 | 0.0005 1.0000 | Time: 116.2329 | VAL: 0.5854 0.8569 | 0.2493 0.9888 | 0.1584 0.9866 | Time: 2.4150 | TEST: 0.5942 0.8513 | 0.3109 0.9672 | 0.2204 0.9722 | Time: 2.8417
Epoch: 0077 | TRAIN: 0.0006 1.0000 | 0.0004 1.0000 | 0.0005 1.0000 | Time: 116.4655 | VAL: 0.5828 0.8587 | 0.2440 0.9888 | 0.1617 0.9866 | Time: 2.3903 | TEST: 0.5817 0.8581 | 0.2992 0.9754 | 0.2294 0.9611 | Time: 2.8474
Epoch: 0078 | TRAIN: 0.0006 1.0000 | 0.0004 1.0000 | 0.0004 1.0000 | Time: 116.4075 | VAL: 0.5822 0.8587 | 0.2389 0.9888 | 0.1672 0.9866 | Time: 2.4096 | TEST: 0.5807 0.8547 | 0.2943 0.9754 | 0.2276 0.9667 | Time: 2.8765
Epoch: 0079 | TRAIN: 0.0006 1.0000 | 0.0004 1.0000 | 0.0004 1.0000 | Time: 116.4327 | VAL: 0.5756 0.8551 | 0.2373 0.9888 | 0.1542 0.9866 | Time: 2.3988 | TEST: 0.5878 0.8530 | 0.2956 0.9672 | 0.2184 0.9722 | Time: 2.8647
Epoch: 0080 | TRAIN: 0.0006 1.0000 | 0.0004 1.0000 | 0.0004 1.0000 | Time: 115.7632 | VAL: 0.5834 0.8514 | 0.2414 0.9888 | 0.1549 0.9866 | Time: 2.4017 | TEST: 0.5854 0.8513 | 0.2990 0.9754 | 0.2140 0.9722 | Time: 2.8277
Epoch: 0081 | TRAIN: 0.0006 1.0000 | 0.0003 1.0000 | 0.0004 1.0000 | Time: 115.8629 | VAL: 0.5961 0.8569 | 0.2391 0.9888 | 0.1573 0.9866 | Time: 2.3383 | TEST: 0.5985 0.8479 | 0.3024 0.9590 | 0.2164 0.9667 | Time: 2.8175
Epoch: 0082 | TRAIN: 0.0005 1.0000 | 0.0004 1.0000 | 0.0004 1.0000 | Time: 115.9424 | VAL: 0.5787 0.8569 | 0.2328 0.9888 | 0.1449 0.9866 | Time: 2.3251 | TEST: 0.5836 0.8530 | 0.2916 0.9672 | 0.2115 0.9722 | Time: 2.8236
Epoch: 0083 | TRAIN: 0.0005 1.0000 | 0.0004 1.0000 | 0.0004 1.0000 | Time: 116.1948 | VAL: 0.5724 0.8569 | 0.2373 0.9888 | 0.1568 0.9866 | Time: 2.3826 | TEST: 0.5871 0.8547 | 0.2978 0.9672 | 0.2135 0.9611 | Time: 2.8289
Epoch: 0084 | TRAIN: 0.0005 1.0000 | 0.0003 1.0000 | 0.0004 1.0000 | Time: 116.3606 | VAL: 0.5855 0.8569 | 0.2360 0.9888 | 0.1554 0.9866 | Time: 2.3470 | TEST: 0.5890 0.8530 | 0.2984 0.9754 | 0.2183 0.9667 | Time: 2.7997
Epoch: 0085 | TRAIN: 0.0005 1.0000 | 0.0003 1.0000 | 0.0004 1.0000 | Time: 116.2046 | VAL: 0.5895 0.8569 | 0.2304 0.9888 | 0.1527 0.9866 | Time: 2.4018 | TEST: 0.5870 0.8513 | 0.2962 0.9754 | 0.2105 0.9722 | Time: 2.8728
Epoch: 0086 | TRAIN: 0.0005 1.0000 | 0.0003 1.0000 | 0.0003 1.0000 | Time: 116.0853 | VAL: 0.5928 0.8551 | 0.2292 0.9888 | 0.1533 0.9866 | Time: 2.3937 | TEST: 0.5951 0.8462 | 0.2934 0.9754 | 0.2149 0.9667 | Time: 2.8164
Epoch: 0087 | TRAIN: 0.0005 1.0000 | 0.0003 1.0000 | 0.0003 1.0000 | Time: 116.4643 | VAL: 0.5924 0.8623 | 0.2347 0.9888 | 0.1473 0.9866 | Time: 2.4330 | TEST: 0.5895 0.8513 | 0.2889 0.9590 | 0.2070 0.9611 | Time: 2.8861
Epoch: 0088 | TRAIN: 0.0005 1.0000 | 0.0003 1.0000 | 0.0003 1.0000 | Time: 116.0093 | VAL: 0.5920 0.8496 | 0.2238 0.9775 | 0.1621 0.9866 | Time: 2.4236 | TEST: 0.5951 0.8496 | 0.2816 0.9672 | 0.2212 0.9667 | Time: 2.8969
Epoch: 0089 | TRAIN: 0.0005 1.0000 | 0.0003 1.0000 | 0.0003 1.0000 | Time: 116.3020 | VAL: 0.5930 0.8587 | 0.2356 0.9888 | 0.1495 0.9866 | Time: 2.3989 | TEST: 0.5939 0.8479 | 0.2938 0.9590 | 0.2054 0.9778 | Time: 2.8304
Epoch: 0090 | TRAIN: 0.0004 1.0000 | 0.0003 1.0000 | 0.0003 1.0000 | Time: 116.7826 | VAL: 0.5944 0.8514 | 0.2275 0.9888 | 0.1515 0.9866 | Time: 2.4034 | TEST: 0.5955 0.8564 | 0.2835 0.9754 | 0.2107 0.9722 | Time: 2.8623
Epoch: 0091 | TRAIN: 0.0005 1.0000 | 0.0003 1.0000 | 0.0003 1.0000 | Time: 116.2806 | VAL: 0.5880 0.8569 | 0.2281 0.9888 | 0.1476 0.9866 | Time: 2.4284 | TEST: 0.5887 0.8547 | 0.2782 0.9754 | 0.2112 0.9667 | Time: 2.8901
Epoch: 0092 | TRAIN: 0.0004 1.0000 | 0.0003 1.0000 | 0.0003 1.0000 | Time: 116.4228 | VAL: 0.5910 0.8533 | 0.2189 0.9888 | 0.1453 0.9866 | Time: 2.3618 | TEST: 0.5935 0.8496 | 0.2734 0.9672 | 0.2091 0.9667 | Time: 2.8193
Epoch: 0093 | TRAIN: 0.0004 1.0000 | 0.0003 1.0000 | 0.0003 1.0000 | Time: 115.9982 | VAL: 0.5798 0.8569 | 0.2212 0.9888 | 0.1449 0.9866 | Time: 2.4261 | TEST: 0.5731 0.8598 | 0.2747 0.9590 | 0.2080 0.9722 | Time: 2.8968
Epoch: 0094 | TRAIN: 0.0004 1.0000 | 0.0002 1.0000 | 0.0003 1.0000 | Time: 116.8455 | VAL: 0.6085 0.8496 | 0.2286 0.9888 | 0.1351 0.9866 | Time: 2.3739 | TEST: 0.5992 0.8513 | 0.2818 0.9590 | 0.1901 0.9778 | Time: 2.8261
Epoch: 0095 | TRAIN: 0.0004 1.0000 | 0.0002 1.0000 | 0.0003 1.0000 | Time: 115.9334 | VAL: 0.5882 0.8587 | 0.2196 0.9888 | 0.1442 0.9866 | Time: 2.3894 | TEST: 0.5836 0.8513 | 0.2809 0.9754 | 0.2048 0.9722 | Time: 2.8593
Epoch: 0096 | TRAIN: 0.0003 1.0000 | 0.0002 1.0000 | 0.0003 1.0000 | Time: 116.8551 | VAL: 0.5911 0.8587 | 0.2224 0.9888 | 0.1411 0.9866 | Time: 2.4239 | TEST: 0.5949 0.8513 | 0.2768 0.9754 | 0.2019 0.9722 | Time: 2.8692
Epoch: 0097 | TRAIN: 0.0004 1.0000 | 0.0002 1.0000 | 0.0002 1.0000 | Time: 116.5590 | VAL: 0.5903 0.8551 | 0.2159 0.9888 | 0.1427 0.9866 | Time: 2.3657 | TEST: 0.5871 0.8581 | 0.2727 0.9672 | 0.1978 0.9667 | Time: 2.8020
Epoch: 0098 | TRAIN: 0.0004 1.0000 | 0.0002 1.0000 | 0.0003 1.0000 | Time: 116.0787 | VAL: 0.5961 0.8569 | 0.2098 0.9888 | 0.1359 0.9866 | Time: 2.3846 | TEST: 0.5956 0.8513 | 0.2602 0.9754 | 0.1950 0.9722 | Time: 2.8077
Epoch: 0099 | TRAIN: 0.0003 1.0000 | 0.0002 1.0000 | 0.0002 1.0000 | Time: 116.1932 | VAL: 0.5899 0.8551 | 0.2126 0.9888 | 0.1425 0.9866 | Time: 2.4062 | TEST: 0.5950 0.8530 | 0.2720 0.9754 | 0.1996 0.9722 | Time: 2.8298
========================================
Best Result: Epoch 13, result {'amazon': [0.8444444444444444], 'dslr': [0.9672131147540983], 'webcam': [0.9666666666666667]}
========================================
