Namespace(batch_size=64, beta_moco=0.1, gamma_moco=0.1, gamma_modo=0.1, lr=0.5, moo_method='MGDA', num_epochs=1000, rho_moco=0.1, rho_modo=0.1, seed=0)

==================================================
Model parameter count per layer
==================================================
fc1.weight 	: 401408
fc1.bias 	: 512
fc2.weight 	: 5120
fc2.bias 	: 10
Total number of parametrs : 407050
--------------------------------------------------

======================================================================
LOG FORMAT: Epoch: EPOCH | Train: LOSS1 LOSS2 LOSS3
======================================================================
Epoch:      0 | Train: 2.3199 0.1801 0.9039
Epoch:    100 | Train: 1.0666 0.0678 0.3529
Epoch:    200 | Train: 1.6044 0.071 0.4681
Epoch:    300 | Train: 1.4499 0.0689 0.3617
Epoch:    400 | Train: 0.8475 0.0475 0.2297
Epoch:    500 | Train: 0.5603 0.0318 0.1252
Epoch:    600 | Train: 0.5428 0.0314 0.0992
Epoch:    700 | Train: 0.1751 0.018 0.0249
Epoch:    800 | Train: 0.5163 0.0249 0.1332
Epoch:    900 | Train: 0.6164 0.0249 0.1446
Epoch:    999 | Train: 0.4481 0.0284 0.0725

======================================================================
PERF FORMAT: DATASET | Acuracy: ACC | Loss: LOSS1 LOSS2 LOSS3 | PS: PS
======================================================================
Train | Acuracy:  90.36% | Loss: 0.42827 0.02367 0.09793 | PS: 0.01507 
Val   | Acuracy:  89.88% | Loss: 0.44294 0.02438 0.10125 | PS: 0.01616 
Test  | Acuracy:  90.77% | Loss: 0.40277 0.02265 0.09107 | PS: 0.01452 
----------------------------------------------------------------------
Optimization error  : 0.01507
Population error    : 0.01452
Generalization error: -0.00055
