Namespace(batch_size=64, beta_moco=0.1, gamma_moco=0.01, gamma_modo=0.1, lr=0.1, moo_method='MoCo', num_epochs=1000, rho_moco=0.1, rho_modo=0.1, seed=0)

==================================================
Model parameter count per layer
==================================================
fc1.weight 	: 401408
fc1.bias 	: 512
fc2.weight 	: 5120
fc2.bias 	: 10
Total number of parametrs : 407050
--------------------------------------------------

======================================================================
LOG FORMAT: Epoch: EPOCH | Train: LOSS1 LOSS2 LOSS3
======================================================================
Epoch:      0 | Train: 2.3199 0.1801 0.9039
Epoch:    100 | Train: 0.5349 0.0626 0.077
Epoch:    200 | Train: 0.3072 0.0405 0.0308
Epoch:    300 | Train: 0.5721 0.0532 0.0914
Epoch:    400 | Train: 0.6075 0.0474 0.1427
Epoch:    500 | Train: 0.4619 0.0336 0.0944
Epoch:    600 | Train: 0.3448 0.0339 0.0528
Epoch:    700 | Train: 0.1674 0.0247 0.0136
Epoch:    800 | Train: 0.3951 0.0358 0.0697
Epoch:    900 | Train: 0.4831 0.0363 0.091
Epoch:    999 | Train: 0.353 0.0352 0.0568

======================================================================
PERF FORMAT: DATASET | Acuracy: ACC | Loss: LOSS1 LOSS2 LOSS3 | PS: PS
======================================================================
Train | Acuracy:  90.90% | Loss: 0.31722 0.03177 0.05275 | PS: 0.01975 
Val   | Acuracy:  90.62% | Loss: 0.33066 0.03237 0.05606 | PS: 0.02239 
Test  | Acuracy:  91.36% | Loss: 0.30736 0.03064 0.05158 | PS: 0.01988 
----------------------------------------------------------------------
Optimization error  : 0.01975
Population error    : 0.01988
Generalization error: 0.00013
