Namespace(batch_size=64, beta_moco=0.1, gamma_moco=0.1, gamma_modo=0.1, lr=0.01, moo_method='MoCo', num_epochs=1000, rho_moco=0.0, rho_modo=0.1, seed=0)

==================================================
Model parameter count per layer
==================================================
fc1.weight 	: 401408
fc1.bias 	: 512
fc2.weight 	: 5120
fc2.bias 	: 10
Total number of parametrs : 407050
--------------------------------------------------

======================================================================
LOG FORMAT: Epoch: EPOCH | Train: LOSS1 LOSS2 LOSS3
======================================================================
Epoch:      0 | Train: 2.3199 0.1801 0.9039
Epoch:    100 | Train: 2.1745 0.177 0.7564
Epoch:    200 | Train: 2.1067 0.1748 0.6869
Epoch:    300 | Train: 2.0289 0.1721 0.6219
Epoch:    400 | Train: 1.9379 0.1669 0.5702
Epoch:    500 | Train: 1.9533 0.1668 0.5744
Epoch:    600 | Train: 1.8664 0.1607 0.5261
Epoch:    700 | Train: 1.8237 0.1594 0.4793
Epoch:    800 | Train: 1.8944 0.1661 0.4702
Epoch:    900 | Train: 1.9734 0.1678 0.5356
Epoch:    999 | Train: 1.7436 0.1555 0.4326

======================================================================
PERF FORMAT: DATASET | Acuracy: ACC | Loss: LOSS1 LOSS2 LOSS3 | PS: PS
======================================================================
Train | Acuracy:  51.22% | Loss: 1.73475 0.15449 0.42741 | PS: 0.05534 
Val   | Acuracy:  51.12% | Loss: 1.72632 0.1537 0.42704 | PS: 0.05569 
Test  | Acuracy:  51.39% | Loss: 1.72791 0.15417 0.42226 | PS: 0.05698 
----------------------------------------------------------------------
Optimization error  : 0.05534
Population error    : 0.05698
Generalization error: 0.00163
