Namespace(batch_size=64, beta_moco=0.1, gamma_moco=1.0, gamma_modo=0.1, lr=0.1, moo_method='MoCo', num_epochs=1000, rho_moco=0.1, rho_modo=0.1, seed=0)

==================================================
Model parameter count per layer
==================================================
fc1.weight 	: 401408
fc1.bias 	: 512
fc2.weight 	: 5120
fc2.bias 	: 10
Total number of parametrs : 407050
--------------------------------------------------

======================================================================
LOG FORMAT: Epoch: EPOCH | Train: LOSS1 LOSS2 LOSS3
======================================================================
Epoch:      0 | Train: 2.3199 0.1801 0.9039
Epoch:    100 | Train: 1.1681 0.1314 0.1294
Epoch:    200 | Train: 0.6101 0.079 0.052
Epoch:    300 | Train: 0.6561 0.07 0.0915
Epoch:    400 | Train: 0.6294 0.0555 0.1398
Epoch:    500 | Train: 0.4644 0.0396 0.0872
Epoch:    600 | Train: 0.3696 0.0376 0.0553
Epoch:    700 | Train: 0.1864 0.0279 0.0147
Epoch:    800 | Train: 0.4013 0.0376 0.0705
Epoch:    900 | Train: 0.4839 0.0383 0.0892
Epoch:    999 | Train: 0.3511 0.0361 0.0549

======================================================================
PERF FORMAT: DATASET | Acuracy: ACC | Loss: LOSS1 LOSS2 LOSS3 | PS: PS
======================================================================
Train | Acuracy:  90.68% | Loss: 0.32544 0.03333 0.0531 | PS: 0.01958 
Val   | Acuracy:  90.39% | Loss: 0.33772 0.03392 0.0562 | PS: 0.02281 
Test  | Acuracy:  91.10% | Loss: 0.31409 0.03211 0.05173 | PS: 0.01995 
----------------------------------------------------------------------
Optimization error  : 0.01958
Population error    : 0.01995
Generalization error: 0.00037
