Namespace(batch_size=64, beta_moco=0.1, gamma_moco=0.1, gamma_modo=0.1, lr=1.0, moo_method='MoCo', num_epochs=1000, rho_moco=0.0, rho_modo=0.1, seed=0)

==================================================
Model parameter count per layer
==================================================
fc1.weight 	: 401408
fc1.bias 	: 512
fc2.weight 	: 5120
fc2.bias 	: 10
Total number of parametrs : 407050
--------------------------------------------------

======================================================================
LOG FORMAT: Epoch: EPOCH | Train: LOSS1 LOSS2 LOSS3
======================================================================
Epoch:      0 | Train: 2.3199 0.1801 0.9039
Epoch:    100 | Train: 0.4286 0.0379 0.0687
Epoch:    200 | Train: 0.1719 0.0198 0.0212
Epoch:    300 | Train: 0.6509 0.0404 0.1101
Epoch:    400 | Train: 0.5382 0.0342 0.1142
Epoch:    500 | Train: 0.5414 0.0233 0.1163
Epoch:    600 | Train: 0.3165 0.0261 0.046
Epoch:    700 | Train: 0.1108 0.0159 0.0087
Epoch:    800 | Train: 0.5396 0.0313 0.1016
Epoch:    900 | Train: 0.5446 0.0262 0.1096
Epoch:    999 | Train: 0.3801 0.0313 0.0608

======================================================================
PERF FORMAT: DATASET | Acuracy: ACC | Loss: LOSS1 LOSS2 LOSS3 | PS: PS
======================================================================
Train | Acuracy:  91.36% | Loss: 0.316 0.02511 0.05589 | PS: 0.02325 
Val   | Acuracy:  90.74% | Loss: 0.34513 0.02589 0.06316 | PS: 0.0238 
Test  | Acuracy:  91.24% | Loss: 0.32013 0.02483 0.05826 | PS: 0.0251 
----------------------------------------------------------------------
Optimization error  : 0.02325
Population error    : 0.0251
Generalization error: 0.00185
