Namespace(batch_size=64, beta_moco=0.1, gamma_moco=1.0, gamma_modo=0.1, lr=0.01, moo_method='MoCo', num_epochs=1000, rho_moco=0.0, rho_modo=0.1, seed=0)

==================================================
Model parameter count per layer
==================================================
fc1.weight 	: 401408
fc1.bias 	: 512
fc2.weight 	: 5120
fc2.bias 	: 10
Total number of parametrs : 407050
--------------------------------------------------

======================================================================
LOG FORMAT: Epoch: EPOCH | Train: LOSS1 LOSS2 LOSS3
======================================================================
Epoch:      0 | Train: 2.3199 0.1801 0.9039
Epoch:    100 | Train: 2.2721 0.1791 0.8562
Epoch:    200 | Train: 2.214 0.1778 0.7954
Epoch:    300 | Train: 2.1505 0.1762 0.7327
Epoch:    400 | Train: 2.0563 0.1728 0.6456
Epoch:    500 | Train: 2.0497 0.1718 0.6531
Epoch:    600 | Train: 1.9633 0.1674 0.591
Epoch:    700 | Train: 1.9108 0.1646 0.547
Epoch:    800 | Train: 1.9948 0.17 0.5598
Epoch:    900 | Train: 2.0784 0.1721 0.6139
Epoch:    999 | Train: 1.8656 0.1612 0.4976

======================================================================
PERF FORMAT: DATASET | Acuracy: ACC | Loss: LOSS1 LOSS2 LOSS3 | PS: PS
======================================================================
Train | Acuracy:  43.73% | Loss: 1.84865 0.15998 0.49116 | PS: 0.05003 
Val   | Acuracy:  43.72% | Loss: 1.83974 0.15921 0.49004 | PS: 0.05072 
Test  | Acuracy:  44.01% | Loss: 1.84399 0.15979 0.48606 | PS: 0.05138 
----------------------------------------------------------------------
Optimization error  : 0.05003
Population error    : 0.05138
Generalization error: 0.00135
