Namespace(batch_size=64, beta_moco=0.1, gamma_moco=1.0, gamma_modo=0.1, lr=10.0, moo_method='MoCo', num_epochs=1000, rho_moco=0.0, rho_modo=0.1, seed=0)

==================================================
Model parameter count per layer
==================================================
fc1.weight 	: 401408
fc1.bias 	: 512
fc2.weight 	: 5120
fc2.bias 	: 10
Total number of parametrs : 407050
--------------------------------------------------

======================================================================
LOG FORMAT: Epoch: EPOCH | Train: LOSS1 LOSS2 LOSS3
======================================================================
Epoch:      0 | Train: 2.3199 0.1801 0.9039
Epoch:    100 | Train: 2.4448 0.0334 0.5739
Epoch:    200 | Train: 1.1179 0.0179 0.1421
Epoch:    300 | Train: 3.8218 0.0263 0.7384
Epoch:    400 | Train: 11.2783 0.0423 3.1328
Epoch:    500 | Train: 5.2483 0.021 1.2322
Epoch:    600 | Train: 4.7139 0.0243 0.6525
Epoch:    700 | Train: 1.554 0.0213 0.2221
Epoch:    800 | Train: 7.301 0.0234 1.5284
Epoch:    900 | Train: 8.0007 0.0219 1.8697
Epoch:    999 | Train: 7.7206 0.0252 1.2951

======================================================================
PERF FORMAT: DATASET | Acuracy: ACC | Loss: LOSS1 LOSS2 LOSS3 | PS: PS
======================================================================
Train | Acuracy:  88.12% | Loss: 5.85232 0.02377 1.3106 | PS: 0.00793 
Val   | Acuracy:  88.07% | Loss: 6.06391 0.02382 1.37315 | PS: 0.01087 
Test  | Acuracy:  88.80% | Loss: 5.46452 0.02254 1.19043 | PS: 0.00694 
----------------------------------------------------------------------
Optimization error  : 0.00793
Population error    : 0.00694
Generalization error: -0.00099
