Namespace(batch_size=64, beta_moco=0.1, gamma_moco=0.1, gamma_modo=10.0, lr=1.0, moo_method='MoDo', num_epochs=1000, rho_moco=0.1, rho_modo=0.0, seed=0)

==================================================
Model parameter count per layer
==================================================
fc1.weight 	: 401408
fc1.bias 	: 512
fc2.weight 	: 5120
fc2.bias 	: 10
Total number of parametrs : 407050
--------------------------------------------------

======================================================================
LOG FORMAT: Epoch: EPOCH | Train: LOSS1 LOSS2 LOSS3
======================================================================
Epoch:      0 | Train: 2.3186 0.1801 0.9017
Epoch:    100 | Train: 0.4605 0.0381 0.0695
Epoch:    200 | Train: 0.5565 0.0434 0.1028
Epoch:    300 | Train: 0.4494 0.0284 0.082
Epoch:    400 | Train: 0.5934 0.0349 0.1139
Epoch:    500 | Train: 0.4198 0.0318 0.0845
Epoch:    600 | Train: 0.7699 0.041 0.1776
Epoch:    700 | Train: 1.6846 0.0651 0.3161
Epoch:    800 | Train: 0.1588 0.0163 0.0161
Epoch:    900 | Train: 0.2493 0.02 0.043
Epoch:    999 | Train: 0.6322 0.024 0.1684

======================================================================
PERF FORMAT: DATASET | Acuracy: ACC | Loss: LOSS1 LOSS2 LOSS3 | PS: PS
======================================================================
Train | Acuracy:  88.99% | Loss: 0.4641 0.02615 0.09664 | PS: 0.03358 
Val   | Acuracy:  88.86% | Loss: 0.47635 0.02651 0.09835 | PS: 0.02993 
Test  | Acuracy:  89.05% | Loss: 0.47495 0.02565 0.10113 | PS: 0.03459 
----------------------------------------------------------------------
Optimization error  : 0.03358
Population error    : 0.03459
Generalization error: 0.00102
