Namespace(batch_size=64, beta_moco=0.1, gamma_moco=0.1, gamma_modo=1.0, lr=10.0, moo_method='MoDo', num_epochs=1000, rho_moco=0.1, rho_modo=0.0, seed=0)

==================================================
Model parameter count per layer
==================================================
fc1.weight 	: 401408
fc1.bias 	: 512
fc2.weight 	: 5120
fc2.bias 	: 10
Total number of parametrs : 407050
--------------------------------------------------

======================================================================
LOG FORMAT: Epoch: EPOCH | Train: LOSS1 LOSS2 LOSS3
======================================================================
Epoch:      0 | Train: 2.3186 0.1801 0.9017
Epoch:    100 | Train: 1.5423 0.0369 0.2254
Epoch:    200 | Train: 44.8294 0.1605 11.4255
Epoch:    300 | Train: 708.6384 0.1812 164.0674
Epoch:    400 | Train: 1747.1848 0.1937 677.7722
Epoch:    500 | Train: 1677.0404 0.1719 720.2008
Epoch:    600 | Train: 1711.7389 0.1781 681.4841
Epoch:    700 | Train: 1483.2186 0.1812 512.6174
Epoch:    800 | Train: 1697.7099 0.1906 661.7936
Epoch:    900 | Train: 1589.203 0.1875 583.4718
Epoch:    999 | Train: 1428.1866 0.1812 464.0753

======================================================================
PERF FORMAT: DATASET | Acuracy: ACC | Loss: LOSS1 LOSS2 LOSS3 | PS: PS
======================================================================
Train | Acuracy:  8.98% | Loss: 1577.46093 0.18204 601.47224 | PS: 0.0 
Val   | Acuracy:  9.30% | Loss: 1536.47251 0.1814 580.10711 | PS: 0.0 
Test  | Acuracy:  8.92% | Loss: 1619.5886 0.18216 619.18754 | PS: 0.02162 
----------------------------------------------------------------------
Optimization error  : 0.0
Population error    : 0.02162
Generalization error: 0.02162
