Namespace(batch_size=64, beta_moco=0.1, gamma_moco=0.1, gamma_modo=0.01, lr=1.0, moo_method='MoDo', num_epochs=1000, rho_moco=0.1, rho_modo=0.1, seed=0)

==================================================
Model parameter count per layer
==================================================
fc1.weight 	: 401408
fc1.bias 	: 512
fc2.weight 	: 5120
fc2.bias 	: 10
Total number of parametrs : 407050
--------------------------------------------------

======================================================================
LOG FORMAT: Epoch: EPOCH | Train: LOSS1 LOSS2 LOSS3
======================================================================
Epoch:      0 | Train: 2.3186 0.1801 0.9017
Epoch:    100 | Train: 0.3927 0.0384 0.0532
Epoch:    200 | Train: 0.6114 0.0499 0.0962
Epoch:    300 | Train: 0.359 0.0313 0.0558
Epoch:    400 | Train: 0.4585 0.0322 0.0752
Epoch:    500 | Train: 0.4395 0.0386 0.0809
Epoch:    600 | Train: 0.4043 0.0329 0.0856
Epoch:    700 | Train: 0.3732 0.0341 0.0555
Epoch:    800 | Train: 0.1683 0.0223 0.0143
Epoch:    900 | Train: 0.2293 0.0231 0.0322
Epoch:    999 | Train: 0.3504 0.0245 0.0689

======================================================================
PERF FORMAT: DATASET | Acuracy: ACC | Loss: LOSS1 LOSS2 LOSS3 | PS: PS
======================================================================
Train | Acuracy:  87.93% | Loss: 0.41293 0.03206 0.07339 | PS: 0.05626 
Val   | Acuracy:  87.82% | Loss: 0.43254 0.03247 0.07837 | PS: 0.05361 
Test  | Acuracy:  88.28% | Loss: 0.41235 0.03161 0.07366 | PS: 0.05645 
----------------------------------------------------------------------
Optimization error  : 0.05626
Population error    : 0.05645
Generalization error: 0.00019
