Namespace(batch_size=64, beta_moco=0.1, gamma_moco=0.1, gamma_modo=0.1, lr=0.01, moo_method='MoDo', num_epochs=1000, rho_moco=0.1, rho_modo=0.0, seed=0)

==================================================
Model parameter count per layer
==================================================
fc1.weight 	: 401408
fc1.bias 	: 512
fc2.weight 	: 5120
fc2.bias 	: 10
Total number of parametrs : 407050
--------------------------------------------------

======================================================================
LOG FORMAT: Epoch: EPOCH | Train: LOSS1 LOSS2 LOSS3
======================================================================
Epoch:      0 | Train: 2.3186 0.1801 0.9017
Epoch:    100 | Train: 2.2173 0.1779 0.8007
Epoch:    200 | Train: 2.1525 0.176 0.7339
Epoch:    300 | Train: 2.089 0.1739 0.679
Epoch:    400 | Train: 2.0118 0.171 0.616
Epoch:    500 | Train: 2.0968 0.1727 0.6827
Epoch:    600 | Train: 2.0943 0.1732 0.6646
Epoch:    700 | Train: 1.9756 0.1645 0.5933
Epoch:    800 | Train: 1.8485 0.1634 0.455
Epoch:    900 | Train: 1.7031 0.1512 0.4283
Epoch:    999 | Train: 1.6778 0.1518 0.3991

======================================================================
PERF FORMAT: DATASET | Acuracy: ACC | Loss: LOSS1 LOSS2 LOSS3 | PS: PS
======================================================================
Train | Acuracy:  49.21% | Loss: 1.78772 0.15715 0.45434 | PS: 0.05222 
Val   | Acuracy:  48.79% | Loss: 1.77923 0.15636 0.45374 | PS: 0.05266 
Test  | Acuracy:  49.24% | Loss: 1.7823 0.1569 0.44972 | PS: 0.05372 
----------------------------------------------------------------------
Optimization error  : 0.05222
Population error    : 0.05372
Generalization error: 0.0015
