Namespace(batch_size=64, beta_moco=0.1, gamma_moco=0.1, gamma_modo=0.01, lr=0.5, moo_method='MoDo', num_epochs=1000, rho_moco=0.0, rho_modo=0.0, seed=2)

==================================================
Model parameter count per layer
==================================================
fc1.weight 	: 401408
fc1.bias 	: 512
fc2.weight 	: 5120
fc2.bias 	: 10
Total number of parametrs : 407050
--------------------------------------------------

======================================================================
LOG FORMAT: Epoch: EPOCH | Train: LOSS1 LOSS2 LOSS3
======================================================================
Epoch:      0 | Train: 2.2467 0.0888 0.0129
Epoch:    100 | Train: 0.3802 0.0197 0.0034
Epoch:    200 | Train: 0.3849 0.018 0.0027
Epoch:    300 | Train: 0.4737 0.0187 0.0028
Epoch:    400 | Train: 0.5297 0.0226 0.0033
Epoch:    500 | Train: 0.4171 0.0168 0.0026
Epoch:    600 | Train: 0.3518 0.0162 0.0025
Epoch:    700 | Train: 0.293 0.0168 0.0025
Epoch:    800 | Train: 0.4488 0.015 0.0021
Epoch:    900 | Train: 0.3443 0.0116 0.0017
Epoch:    999 | Train: 0.2683 0.0112 0.0019

======================================================================
PERF FORMAT: DATASET | Acuracy: ACC | Loss: LOSS1 LOSS2 LOSS3 | PS: PS
======================================================================
Train | Acuracy:  91.65% | Loss: 0.3025 0.01303 0.0021 | PS: 0.00312 
Val   | Acuracy:  90.94% | Loss: 0.3263 0.01389 0.00217 | PS: 0.00321 
Test  | Acuracy:  91.52% | Loss: 0.30927 0.01317 0.0021 | PS: 0.0034 
----------------------------------------------------------------------
Optimization error  : 0.00312
Population error    : 0.0034
Generalization error: 0.00028
