Namespace(batch_size=64, beta_moco=0.1, gamma_moco=0.1, gamma_modo=0.01, lr=0.01, moo_method='MoDo', num_epochs=1000, rho_moco=0.0, rho_modo=0.0, seed=1)

==================================================
Model parameter count per layer
==================================================
fc1.weight 	: 401408
fc1.bias 	: 512
fc2.weight 	: 5120
fc2.bias 	: 10
Total number of parametrs : 407050
--------------------------------------------------

======================================================================
LOG FORMAT: Epoch: EPOCH | Train: LOSS1 LOSS2 LOSS3
======================================================================
Epoch:      0 | Train: 2.3314 0.0906 0.0131
Epoch:    100 | Train: 1.9594 0.0818 0.0122
Epoch:    200 | Train: 1.7961 0.0768 0.0117
Epoch:    300 | Train: 1.8564 0.0782 0.0119
Epoch:    400 | Train: 1.8683 0.0788 0.0119
Epoch:    500 | Train: 1.8183 0.077 0.0118
Epoch:    600 | Train: 1.8176 0.0768 0.0117
Epoch:    700 | Train: 1.7817 0.0755 0.0116
Epoch:    800 | Train: 1.7218 0.0739 0.0114
Epoch:    900 | Train: 1.494 0.0641 0.0103
Epoch:    999 | Train: 1.6761 0.0711 0.0111

======================================================================
PERF FORMAT: DATASET | Acuracy: ACC | Loss: LOSS1 LOSS2 LOSS3 | PS: PS
======================================================================
Train | Acuracy:  66.70% | Loss: 1.66026 0.07088 0.01108 | PS: 0.00498 
Val   | Acuracy:  66.58% | Loss: 1.65963 0.07081 0.01107 | PS: 0.0051 
Test  | Acuracy:  67.29% | Loss: 1.65038 0.07056 0.01105 | PS: 0.0051 
----------------------------------------------------------------------
Optimization error  : 0.00498
Population error    : 0.0051
Generalization error: 0.00012
