Namespace(batch_size=64, beta_moco=0.1, gamma_moco=0.1, gamma_modo=0.01, lr=0.0075, moo_method='MoDo', num_epochs=1000, rho_moco=0.0, rho_modo=0.0, seed=5)

==================================================
Model parameter count per layer
==================================================
fc1.weight 	: 401408
fc1.bias 	: 512
fc2.weight 	: 5120
fc2.bias 	: 10
Total number of parametrs : 407050
--------------------------------------------------

======================================================================
LOG FORMAT: Epoch: EPOCH | Train: LOSS1 LOSS2 LOSS3
======================================================================
Epoch:      0 | Train: 2.2981 0.09 0.013
Epoch:    100 | Train: 2.0563 0.0843 0.0125
Epoch:    200 | Train: 1.986 0.0822 0.0123
Epoch:    300 | Train: 1.9492 0.0813 0.0122
Epoch:    400 | Train: 1.8956 0.0797 0.012
Epoch:    500 | Train: 1.8563 0.0781 0.0118
Epoch:    600 | Train: 1.879 0.079 0.0119
Epoch:    700 | Train: 1.7597 0.0748 0.0115
Epoch:    800 | Train: 1.8391 0.0778 0.0118
Epoch:    900 | Train: 1.797 0.0756 0.0116
Epoch:    999 | Train: 1.7399 0.074 0.0114

======================================================================
PERF FORMAT: DATASET | Acuracy: ACC | Loss: LOSS1 LOSS2 LOSS3 | PS: PS
======================================================================
Train | Acuracy:  62.01% | Loss: 1.76706 0.07501 0.01153 | PS: 0.00476 
Val   | Acuracy:  61.81% | Loss: 1.77144 0.07515 0.01154 | PS: 0.00469 
Test  | Acuracy:  62.65% | Loss: 1.76033 0.07486 0.01152 | PS: 0.00482 
----------------------------------------------------------------------
Optimization error  : 0.00476
Population error    : 0.00482
Generalization error: 6e-05
