Namespace(batch_size=64, beta_moco=0.1, gamma_moco=0.1, gamma_modo=0.01, lr=0.001, moo_method='MoDo', num_epochs=1000, rho_moco=0.0, rho_modo=0.0, seed=8)

==================================================
Model parameter count per layer
==================================================
fc1.weight 	: 401408
fc1.bias 	: 512
fc2.weight 	: 5120
fc2.bias 	: 10
Total number of parametrs : 407050
--------------------------------------------------

======================================================================
LOG FORMAT: Epoch: EPOCH | Train: LOSS1 LOSS2 LOSS3
======================================================================
Epoch:      0 | Train: 2.3867 0.0917 0.0132
Epoch:    100 | Train: 2.2848 0.0897 0.013
Epoch:    200 | Train: 2.2848 0.0897 0.013
Epoch:    300 | Train: 2.2415 0.0889 0.0129
Epoch:    400 | Train: 2.3089 0.0902 0.0131
Epoch:    500 | Train: 2.3226 0.0905 0.0131
Epoch:    600 | Train: 2.3198 0.0903 0.0131
Epoch:    700 | Train: 2.2588 0.0892 0.013
Epoch:    800 | Train: 2.2613 0.0892 0.013
Epoch:    900 | Train: 2.2981 0.0898 0.013
Epoch:    999 | Train: 2.2634 0.0893 0.013

======================================================================
PERF FORMAT: DATASET | Acuracy: ACC | Loss: LOSS1 LOSS2 LOSS3 | PS: PS
======================================================================
Train | Acuracy:  10.62% | Loss: 2.28608 0.08967 0.01302 | PS: 0.00334 
Val   | Acuracy:  10.35% | Loss: 2.29012 0.08976 0.01302 | PS: 0.00335 
Test  | Acuracy:  10.78% | Loss: 2.28637 0.08968 0.01302 | PS: 0.0034 
----------------------------------------------------------------------
Optimization error  : 0.00334
Population error    : 0.0034
Generalization error: 6e-05
