Namespace(batch_size=64, beta_moco=0.1, gamma_moco=0.1, gamma_modo=0.01, lr=0.001, moo_method='MoDo', num_epochs=1000, rho_moco=0.0, rho_modo=0.0, seed=7)

==================================================
Model parameter count per layer
==================================================
fc1.weight 	: 401408
fc1.bias 	: 512
fc2.weight 	: 5120
fc2.bias 	: 10
Total number of parametrs : 407050
--------------------------------------------------

======================================================================
LOG FORMAT: Epoch: EPOCH | Train: LOSS1 LOSS2 LOSS3
======================================================================
Epoch:      0 | Train: 2.3284 0.0905 0.0131
Epoch:    100 | Train: 2.2803 0.0896 0.013
Epoch:    200 | Train: 2.2646 0.0892 0.013
Epoch:    300 | Train: 2.2763 0.0894 0.013
Epoch:    400 | Train: 2.2899 0.0897 0.013
Epoch:    500 | Train: 2.2416 0.0888 0.0129
Epoch:    600 | Train: 2.2563 0.0891 0.0129
Epoch:    700 | Train: 2.2836 0.0896 0.013
Epoch:    800 | Train: 2.2914 0.0897 0.013
Epoch:    900 | Train: 2.2919 0.0897 0.013
Epoch:    999 | Train: 2.2926 0.0897 0.013

======================================================================
PERF FORMAT: DATASET | Acuracy: ACC | Loss: LOSS1 LOSS2 LOSS3 | PS: PS
======================================================================
Train | Acuracy:  21.83% | Loss: 2.26076 0.08904 0.01294 | PS: 0.00353 
Val   | Acuracy:  22.11% | Loss: 2.26151 0.08904 0.01294 | PS: 0.00353 
Test  | Acuracy:  23.13% | Loss: 2.25212 0.08885 0.01292 | PS: 0.00361 
----------------------------------------------------------------------
Optimization error  : 0.00353
Population error    : 0.00361
Generalization error: 8e-05
