Namespace(batch_size=64, beta_moco=0.1, gamma_moco=0.1, gamma_modo=0.01, lr=1.0, moo_method='MoDo', num_epochs=1000, rho_moco=0.0, rho_modo=0.0, seed=4)

==================================================
Model parameter count per layer
==================================================
fc1.weight 	: 401408
fc1.bias 	: 512
fc2.weight 	: 5120
fc2.bias 	: 10
Total number of parametrs : 407050
--------------------------------------------------

======================================================================
LOG FORMAT: Epoch: EPOCH | Train: LOSS1 LOSS2 LOSS3
======================================================================
Epoch:      0 | Train: 2.389 0.0916 0.0132
Epoch:    100 | Train: 0.3793 0.0198 0.0029
Epoch:    200 | Train: 0.2596 0.0117 0.0022
Epoch:    300 | Train: 0.2227 0.008 0.0015
Epoch:    400 | Train: 0.3284 0.0126 0.0022
Epoch:    500 | Train: 0.4071 0.015 0.0023
Epoch:    600 | Train: 0.2359 0.0121 0.002
Epoch:    700 | Train: 0.2764 0.0129 0.002
Epoch:    800 | Train: 0.2908 0.01 0.0017
Epoch:    900 | Train: 0.1441 0.0077 0.0015
Epoch:    999 | Train: 0.2929 0.0157 0.0025

======================================================================
PERF FORMAT: DATASET | Acuracy: ACC | Loss: LOSS1 LOSS2 LOSS3 | PS: PS
======================================================================
Train | Acuracy:  91.08% | Loss: 0.32323 0.01363 0.00213 | PS: 0.00428 
Val   | Acuracy:  90.37% | Loss: 0.3483 0.01465 0.00225 | PS: 0.00408 
Test  | Acuracy:  91.16% | Loss: 0.32651 0.0136 0.0021 | PS: 0.0041 
----------------------------------------------------------------------
Optimization error  : 0.00428
Population error    : 0.0041
Generalization error: -0.00018
