Namespace(batch_size=64, beta_moco=0.1, gamma_moco=0.1, gamma_modo=0.01, lr=0.005, moo_method='MoDo', num_epochs=1000, rho_moco=0.0, rho_modo=0.0, seed=7)

==================================================
Model parameter count per layer
==================================================
fc1.weight 	: 401408
fc1.bias 	: 512
fc2.weight 	: 5120
fc2.bias 	: 10
Total number of parametrs : 407050
--------------------------------------------------

======================================================================
LOG FORMAT: Epoch: EPOCH | Train: LOSS1 LOSS2 LOSS3
======================================================================
Epoch:      0 | Train: 2.3284 0.0905 0.0131
Epoch:    100 | Train: 2.1216 0.086 0.0126
Epoch:    200 | Train: 2.0673 0.0845 0.0125
Epoch:    300 | Train: 2.0669 0.0844 0.0125
Epoch:    400 | Train: 2.0795 0.0846 0.0125
Epoch:    500 | Train: 2.0122 0.0831 0.0123
Epoch:    600 | Train: 2.0281 0.0836 0.0124
Epoch:    700 | Train: 1.9597 0.0812 0.0122
Epoch:    800 | Train: 2.0291 0.0834 0.0124
Epoch:    900 | Train: 1.9538 0.0804 0.0121
Epoch:    999 | Train: 2.073 0.0844 0.0125

======================================================================
PERF FORMAT: DATASET | Acuracy: ACC | Loss: LOSS1 LOSS2 LOSS3 | PS: PS
======================================================================
Train | Acuracy:  51.36% | Loss: 1.97038 0.0815 0.01218 | PS: 0.00425 
Val   | Acuracy:  51.62% | Loss: 1.9694 0.08146 0.01218 | PS: 0.00429 
Test  | Acuracy:  53.26% | Loss: 1.95798 0.0812 0.01216 | PS: 0.00429 
----------------------------------------------------------------------
Optimization error  : 0.00425
Population error    : 0.00429
Generalization error: 5e-05
