Namespace(batch_size=64, beta_moco=0.1, gamma_moco=0.1, gamma_modo=0.01, lr=0.01, moo_method='MoDo', num_epochs=1000, rho_moco=0.0, rho_modo=0.0, seed=5)

==================================================
Model parameter count per layer
==================================================
fc1.weight 	: 401408
fc1.bias 	: 512
fc2.weight 	: 5120
fc2.bias 	: 10
Total number of parametrs : 407050
--------------------------------------------------

======================================================================
LOG FORMAT: Epoch: EPOCH | Train: LOSS1 LOSS2 LOSS3
======================================================================
Epoch:      0 | Train: 2.2981 0.09 0.013
Epoch:    100 | Train: 1.9618 0.0816 0.0122
Epoch:    200 | Train: 1.8806 0.0789 0.0119
Epoch:    300 | Train: 1.836 0.0778 0.0119
Epoch:    400 | Train: 1.762 0.0754 0.0116
Epoch:    500 | Train: 1.7004 0.0728 0.0113
Epoch:    600 | Train: 1.7329 0.074 0.0114
Epoch:    700 | Train: 1.5898 0.0686 0.0108
Epoch:    800 | Train: 1.6825 0.0724 0.0113
Epoch:    900 | Train: 1.6356 0.0695 0.0109
Epoch:    999 | Train: 1.582 0.068 0.0108

======================================================================
PERF FORMAT: DATASET | Acuracy: ACC | Loss: LOSS1 LOSS2 LOSS3 | PS: PS
======================================================================
Train | Acuracy:  65.78% | Loss: 1.59838 0.06875 0.01086 | PS: 0.00506 
Val   | Acuracy:  65.23% | Loss: 1.60397 0.06894 0.01088 | PS: 0.00499 
Test  | Acuracy:  66.63% | Loss: 1.58853 0.06846 0.01084 | PS: 0.00514 
----------------------------------------------------------------------
Optimization error  : 0.00506
Population error    : 0.00514
Generalization error: 8e-05
