Namespace(batch_size=64, beta_moco=0.1, gamma_moco=0.1, gamma_modo=0.01, lr=0.0075, moo_method='MoDo', num_epochs=1000, rho_moco=0.0, rho_modo=0.0, seed=4)

==================================================
Model parameter count per layer
==================================================
fc1.weight 	: 401408
fc1.bias 	: 512
fc2.weight 	: 5120
fc2.bias 	: 10
Total number of parametrs : 407050
--------------------------------------------------

======================================================================
LOG FORMAT: Epoch: EPOCH | Train: LOSS1 LOSS2 LOSS3
======================================================================
Epoch:      0 | Train: 2.389 0.0916 0.0132
Epoch:    100 | Train: 1.9538 0.0814 0.0122
Epoch:    200 | Train: 1.8895 0.0794 0.012
Epoch:    300 | Train: 1.9504 0.0815 0.0122
Epoch:    400 | Train: 1.902 0.0791 0.0119
Epoch:    500 | Train: 1.9448 0.0808 0.0121
Epoch:    600 | Train: 1.891 0.079 0.0119
Epoch:    700 | Train: 1.9489 0.0814 0.0122
Epoch:    800 | Train: 1.8477 0.0776 0.0118
Epoch:    900 | Train: 1.7847 0.0757 0.0116
Epoch:    999 | Train: 1.7819 0.0759 0.0116

======================================================================
PERF FORMAT: DATASET | Acuracy: ACC | Loss: LOSS1 LOSS2 LOSS3 | PS: PS
======================================================================
Train | Acuracy:  59.59% | Loss: 1.77726 0.07511 0.01152 | PS: 0.00472 
Val   | Acuracy:  58.83% | Loss: 1.77792 0.07517 0.01152 | PS: 0.00471 
Test  | Acuracy:  59.95% | Loss: 1.7744 0.07507 0.01152 | PS: 0.00475 
----------------------------------------------------------------------
Optimization error  : 0.00472
Population error    : 0.00475
Generalization error: 3e-05
