Namespace(batch_size=64, beta_moco=0.1, gamma_moco=0.1, gamma_modo=0.01, lr=0.05, moo_method='MoDo', num_epochs=1000, rho_moco=0.0, rho_modo=0.0, seed=1)

==================================================
Model parameter count per layer
==================================================
fc1.weight 	: 401408
fc1.bias 	: 512
fc2.weight 	: 5120
fc2.bias 	: 10
Total number of parametrs : 407050
--------------------------------------------------

======================================================================
LOG FORMAT: Epoch: EPOCH | Train: LOSS1 LOSS2 LOSS3
======================================================================
Epoch:      0 | Train: 2.3314 0.0906 0.0131
Epoch:    100 | Train: 1.067 0.0466 0.0083
Epoch:    200 | Train: 0.6912 0.0286 0.0057
Epoch:    300 | Train: 0.7118 0.0328 0.0061
Epoch:    400 | Train: 0.5425 0.0239 0.0051
Epoch:    500 | Train: 0.5666 0.027 0.005
Epoch:    600 | Train: 0.715 0.0337 0.0057
Epoch:    700 | Train: 0.5498 0.0244 0.0043
Epoch:    800 | Train: 0.4688 0.0192 0.0037
Epoch:    900 | Train: 0.3849 0.0172 0.0034
Epoch:    999 | Train: 0.3877 0.0171 0.0036

======================================================================
PERF FORMAT: DATASET | Acuracy: ACC | Loss: LOSS1 LOSS2 LOSS3 | PS: PS
======================================================================
Train | Acuracy:  87.98% | Loss: 0.45984 0.01985 0.00374 | PS: 0.00208 
Val   | Acuracy:  88.14% | Loss: 0.45955 0.01998 0.00376 | PS: 0.00224 
Test  | Acuracy:  88.92% | Loss: 0.43861 0.01885 0.0036 | PS: 0.00236 
----------------------------------------------------------------------
Optimization error  : 0.00208
Population error    : 0.00236
Generalization error: 0.00028
