Namespace(batch_size=64, beta_moco=0.1, gamma_moco=0.1, gamma_modo=0.01, lr=0.75, moo_method='MoDo', num_epochs=1000, rho_moco=0.0, rho_modo=0.0, seed=7)

==================================================
Model parameter count per layer
==================================================
fc1.weight 	: 401408
fc1.bias 	: 512
fc2.weight 	: 5120
fc2.bias 	: 10
Total number of parametrs : 407050
--------------------------------------------------

======================================================================
LOG FORMAT: Epoch: EPOCH | Train: LOSS1 LOSS2 LOSS3
======================================================================
Epoch:      0 | Train: 2.3284 0.0905 0.0131
Epoch:    100 | Train: 0.3063 0.013 0.0024
Epoch:    200 | Train: 0.4194 0.0203 0.0029
Epoch:    300 | Train: 0.4646 0.0209 0.003
Epoch:    400 | Train: 0.8239 0.0248 0.0033
Epoch:    500 | Train: 0.0734 0.0026 0.0007
Epoch:    600 | Train: 0.1337 0.0048 0.0012
Epoch:    700 | Train: 0.2842 0.0133 0.002
Epoch:    800 | Train: 0.3371 0.0182 0.0026
Epoch:    900 | Train: 0.1488 0.0073 0.0013
Epoch:    999 | Train: 0.3261 0.0159 0.0026

======================================================================
PERF FORMAT: DATASET | Acuracy: ACC | Loss: LOSS1 LOSS2 LOSS3 | PS: PS
======================================================================
Train | Acuracy:  91.32% | Loss: 0.30483 0.01313 0.00206 | PS: 0.00297 
Val   | Acuracy:  91.15% | Loss: 0.31989 0.01356 0.0021 | PS: 0.00316 
Test  | Acuracy:  91.05% | Loss: 0.30953 0.01337 0.00207 | PS: 0.00347 
----------------------------------------------------------------------
Optimization error  : 0.00297
Population error    : 0.00347
Generalization error: 0.0005
