Namespace(batch_size=64, beta_moco=0.1, gamma_moco=0.1, gamma_modo=0.01, lr=0.25, moo_method='MoDo', num_epochs=1000, rho_moco=0.0, rho_modo=0.0, seed=4)

==================================================
Model parameter count per layer
==================================================
fc1.weight 	: 401408
fc1.bias 	: 512
fc2.weight 	: 5120
fc2.bias 	: 10
Total number of parametrs : 407050
--------------------------------------------------

======================================================================
LOG FORMAT: Epoch: EPOCH | Train: LOSS1 LOSS2 LOSS3
======================================================================
Epoch:      0 | Train: 2.389 0.0916 0.0132
Epoch:    100 | Train: 0.3801 0.0189 0.0033
Epoch:    200 | Train: 0.2762 0.0124 0.0026
Epoch:    300 | Train: 0.2381 0.0094 0.0019
Epoch:    400 | Train: 0.3014 0.0115 0.0021
Epoch:    500 | Train: 0.414 0.0161 0.0026
Epoch:    600 | Train: 0.2279 0.0112 0.0021
Epoch:    700 | Train: 0.3118 0.0145 0.0022
Epoch:    800 | Train: 0.2861 0.01 0.0019
Epoch:    900 | Train: 0.1603 0.0083 0.0017
Epoch:    999 | Train: 0.3088 0.0169 0.0027

======================================================================
PERF FORMAT: DATASET | Acuracy: ACC | Loss: LOSS1 LOSS2 LOSS3 | PS: PS
======================================================================
Train | Acuracy:  90.95% | Loss: 0.31896 0.01372 0.00223 | PS: 0.00358 
Val   | Acuracy:  90.42% | Loss: 0.34093 0.01464 0.00233 | PS: 0.0034 
Test  | Acuracy:  91.03% | Loss: 0.3188 0.0135 0.00217 | PS: 0.00339 
----------------------------------------------------------------------
Optimization error  : 0.00358
Population error    : 0.00339
Generalization error: -0.00018
