Namespace(batch_size=64, beta_moco=0.1, gamma_moco=0.1, gamma_modo=0.01, lr=1.0, moo_method='MoDo', num_epochs=1000, rho_moco=0.0, rho_modo=0.0, seed=6)

==================================================
Model parameter count per layer
==================================================
fc1.weight 	: 401408
fc1.bias 	: 512
fc2.weight 	: 5120
fc2.bias 	: 10
Total number of parametrs : 407050
--------------------------------------------------

======================================================================
LOG FORMAT: Epoch: EPOCH | Train: LOSS1 LOSS2 LOSS3
======================================================================
Epoch:      0 | Train: 2.3515 0.091 0.0131
Epoch:    100 | Train: 0.5624 0.0219 0.0032
Epoch:    200 | Train: 0.1885 0.0079 0.0016
Epoch:    300 | Train: 0.3769 0.0192 0.003
Epoch:    400 | Train: 0.5072 0.0178 0.0025
Epoch:    500 | Train: 0.2781 0.0125 0.0021
Epoch:    600 | Train: 0.2704 0.0115 0.002
Epoch:    700 | Train: 0.3296 0.0154 0.0024
Epoch:    800 | Train: 0.1502 0.008 0.0015
Epoch:    900 | Train: 0.5759 0.0208 0.0028
Epoch:    999 | Train: 0.6593 0.0256 0.0036

======================================================================
PERF FORMAT: DATASET | Acuracy: ACC | Loss: LOSS1 LOSS2 LOSS3 | PS: PS
======================================================================
Train | Acuracy:  91.96% | Loss: 0.29962 0.01241 0.002 | PS: 0.00248 
Val   | Acuracy:  91.11% | Loss: 0.31303 0.01323 0.00211 | PS: 0.00245 
Test  | Acuracy:  92.09% | Loss: 0.29711 0.0123 0.00197 | PS: 0.00277 
----------------------------------------------------------------------
Optimization error  : 0.00248
Population error    : 0.00277
Generalization error: 0.00029
