Namespace(batch_size=64, beta_moco=0.1, gamma_moco=0.1, gamma_modo=0.01, lr=0.025, moo_method='MoDo', num_epochs=1000, rho_moco=0.0, rho_modo=0.0, seed=1)

==================================================
Model parameter count per layer
==================================================
fc1.weight 	: 401408
fc1.bias 	: 512
fc2.weight 	: 5120
fc2.bias 	: 10
Total number of parametrs : 407050
--------------------------------------------------

======================================================================
LOG FORMAT: Epoch: EPOCH | Train: LOSS1 LOSS2 LOSS3
======================================================================
Epoch:      0 | Train: 2.3314 0.0906 0.0131
Epoch:    100 | Train: 1.5199 0.0665 0.0107
Epoch:    200 | Train: 1.1623 0.051 0.0089
Epoch:    300 | Train: 1.2413 0.0551 0.0093
Epoch:    400 | Train: 1.1536 0.0516 0.009
Epoch:    500 | Train: 1.1308 0.0502 0.0088
Epoch:    600 | Train: 1.1784 0.0516 0.0088
Epoch:    700 | Train: 1.0744 0.0463 0.0082
Epoch:    800 | Train: 0.9854 0.0427 0.0079
Epoch:    900 | Train: 0.8346 0.036 0.0066
Epoch:    999 | Train: 0.9429 0.0401 0.0073

======================================================================
PERF FORMAT: DATASET | Acuracy: ACC | Loss: LOSS1 LOSS2 LOSS3 | PS: PS
======================================================================
Train | Acuracy:  79.46% | Loss: 0.94131 0.04112 0.00747 | PS: 0.00483 
Val   | Acuracy:  79.47% | Loss: 0.94197 0.04117 0.00748 | PS: 0.00493 
Test  | Acuracy:  80.86% | Loss: 0.91915 0.04021 0.00737 | PS: 0.00491 
----------------------------------------------------------------------
Optimization error  : 0.00483
Population error    : 0.00491
Generalization error: 8e-05
