Namespace(batch_size=64, beta_moco=0.1, gamma_moco=0.1, gamma_modo=0.01, lr=0.025, moo_method='MoDo', num_epochs=1000, rho_moco=0.0, rho_modo=0.0, seed=4)

==================================================
Model parameter count per layer
==================================================
fc1.weight 	: 401408
fc1.bias 	: 512
fc2.weight 	: 5120
fc2.bias 	: 10
Total number of parametrs : 407050
--------------------------------------------------

======================================================================
LOG FORMAT: Epoch: EPOCH | Train: LOSS1 LOSS2 LOSS3
======================================================================
Epoch:      0 | Train: 2.389 0.0916 0.0132
Epoch:    100 | Train: 1.352 0.0597 0.0099
Epoch:    200 | Train: 1.0821 0.0479 0.0085
Epoch:    300 | Train: 1.1418 0.0507 0.0089
Epoch:    400 | Train: 1.0508 0.0465 0.0083
Epoch:    500 | Train: 1.1693 0.0524 0.0091
Epoch:    600 | Train: 1.0214 0.0456 0.0081
Epoch:    700 | Train: 1.1327 0.0501 0.0087
Epoch:    800 | Train: 0.9508 0.0409 0.0075
Epoch:    900 | Train: 0.8622 0.0371 0.007
Epoch:    999 | Train: 0.8844 0.0404 0.0074

======================================================================
PERF FORMAT: DATASET | Acuracy: ACC | Loss: LOSS1 LOSS2 LOSS3 | PS: PS
======================================================================
Train | Acuracy:  81.93% | Loss: 0.89293 0.03902 0.00721 | PS: 0.00477 
Val   | Acuracy:  81.84% | Loss: 0.89954 0.03933 0.00725 | PS: 0.0048 
Test  | Acuracy:  82.85% | Loss: 0.87294 0.03816 0.00711 | PS: 0.00488 
----------------------------------------------------------------------
Optimization error  : 0.00477
Population error    : 0.00488
Generalization error: 0.00011
