Namespace(batch_size=64, beta_moco=0.1, gamma_moco=0.1, gamma_modo=0.01, lr=1.0, moo_method='MoDo', num_epochs=1000, rho_moco=0.0, rho_modo=0.0, seed=5)

==================================================
Model parameter count per layer
==================================================
fc1.weight 	: 401408
fc1.bias 	: 512
fc2.weight 	: 5120
fc2.bias 	: 10
Total number of parametrs : 407050
--------------------------------------------------

======================================================================
LOG FORMAT: Epoch: EPOCH | Train: LOSS1 LOSS2 LOSS3
======================================================================
Epoch:      0 | Train: 2.2981 0.09 0.013
Epoch:    100 | Train: 0.4354 0.0179 0.0029
Epoch:    200 | Train: 0.3549 0.0177 0.003
Epoch:    300 | Train: 0.4329 0.0168 0.0028
Epoch:    400 | Train: 0.2305 0.0107 0.002
Epoch:    500 | Train: 0.1481 0.0074 0.0013
Epoch:    600 | Train: 0.3033 0.0131 0.0022
Epoch:    700 | Train: 0.2617 0.0122 0.0016
Epoch:    800 | Train: 0.1634 0.0074 0.0014
Epoch:    900 | Train: 0.3056 0.0137 0.0022
Epoch:    999 | Train: 0.3227 0.0174 0.0028

======================================================================
PERF FORMAT: DATASET | Acuracy: ACC | Loss: LOSS1 LOSS2 LOSS3 | PS: PS
======================================================================
Train | Acuracy:  91.80% | Loss: 0.29762 0.01252 0.00197 | PS: 0.00225 
Val   | Acuracy:  90.79% | Loss: 0.33747 0.01405 0.00213 | PS: 0.00225 
Test  | Acuracy:  91.79% | Loss: 0.30247 0.01261 0.00196 | PS: 0.0023 
----------------------------------------------------------------------
Optimization error  : 0.00225
Population error    : 0.0023
Generalization error: 4e-05
