Namespace(batch_size=64, beta_moco=0.1, gamma_moco=0.1, gamma_modo=0.01, lr=0.001, moo_method='MoDo', num_epochs=1000, rho_moco=0.0, rho_modo=0.0, seed=4)

==================================================
Model parameter count per layer
==================================================
fc1.weight 	: 401408
fc1.bias 	: 512
fc2.weight 	: 5120
fc2.bias 	: 10
Total number of parametrs : 407050
--------------------------------------------------

======================================================================
LOG FORMAT: Epoch: EPOCH | Train: LOSS1 LOSS2 LOSS3
======================================================================
Epoch:      0 | Train: 2.389 0.0916 0.0132
Epoch:    100 | Train: 2.2479 0.0888 0.0129
Epoch:    200 | Train: 2.3008 0.0899 0.013
Epoch:    300 | Train: 2.2514 0.0889 0.0129
Epoch:    400 | Train: 2.2747 0.0892 0.013
Epoch:    500 | Train: 2.2459 0.0887 0.0129
Epoch:    600 | Train: 2.2772 0.0894 0.013
Epoch:    700 | Train: 2.2619 0.0891 0.0129
Epoch:    800 | Train: 2.2656 0.0892 0.013
Epoch:    900 | Train: 2.2046 0.0878 0.0128
Epoch:    999 | Train: 2.2689 0.0892 0.013

======================================================================
PERF FORMAT: DATASET | Acuracy: ACC | Loss: LOSS1 LOSS2 LOSS3 | PS: PS
======================================================================
Train | Acuracy:  23.37% | Loss: 2.2348 0.08845 0.01288 | PS: 0.00345 
Val   | Acuracy:  23.42% | Loss: 2.23263 0.08842 0.01288 | PS: 0.00345 
Test  | Acuracy:  23.15% | Loss: 2.23913 0.08854 0.01289 | PS: 0.0035 
----------------------------------------------------------------------
Optimization error  : 0.00345
Population error    : 0.0035
Generalization error: 5e-05
