Namespace(batch_size=64, beta_moco=0.1, gamma_moco=0.1, gamma_modo=0.01, lr=0.75, moo_method='MoDo', num_epochs=1000, rho_moco=0.0, rho_modo=0.0, seed=2)

==================================================
Model parameter count per layer
==================================================
fc1.weight 	: 401408
fc1.bias 	: 512
fc2.weight 	: 5120
fc2.bias 	: 10
Total number of parametrs : 407050
--------------------------------------------------

======================================================================
LOG FORMAT: Epoch: EPOCH | Train: LOSS1 LOSS2 LOSS3
======================================================================
Epoch:      0 | Train: 2.2467 0.0888 0.0129
Epoch:    100 | Train: 0.3788 0.0203 0.0034
Epoch:    200 | Train: 0.3882 0.0179 0.0027
Epoch:    300 | Train: 0.4717 0.0186 0.0028
Epoch:    400 | Train: 0.5326 0.0228 0.0032
Epoch:    500 | Train: 0.4199 0.0163 0.0026
Epoch:    600 | Train: 0.3458 0.016 0.0025
Epoch:    700 | Train: 0.2926 0.0168 0.0025
Epoch:    800 | Train: 0.4579 0.0151 0.0021
Epoch:    900 | Train: 0.3448 0.0114 0.0017
Epoch:    999 | Train: 0.263 0.0111 0.0018

======================================================================
PERF FORMAT: DATASET | Acuracy: ACC | Loss: LOSS1 LOSS2 LOSS3 | PS: PS
======================================================================
Train | Acuracy:  91.67% | Loss: 0.30225 0.01294 0.00207 | PS: 0.00312 
Val   | Acuracy:  91.03% | Loss: 0.32777 0.01387 0.00215 | PS: 0.00322 
Test  | Acuracy:  91.57% | Loss: 0.31029 0.01314 0.00207 | PS: 0.00338 
----------------------------------------------------------------------
Optimization error  : 0.00312
Population error    : 0.00338
Generalization error: 0.00026
