Namespace(batch_size=64, beta_moco=0.1, gamma_moco=0.1, gamma_modo=0.01, lr=1.0, moo_method='MoDo', num_epochs=1000, rho_moco=0.0, rho_modo=0.0, seed=7)

==================================================
Model parameter count per layer
==================================================
fc1.weight 	: 401408
fc1.bias 	: 512
fc2.weight 	: 5120
fc2.bias 	: 10
Total number of parametrs : 407050
--------------------------------------------------

======================================================================
LOG FORMAT: Epoch: EPOCH | Train: LOSS1 LOSS2 LOSS3
======================================================================
Epoch:      0 | Train: 2.3284 0.0905 0.0131
Epoch:    100 | Train: 0.3052 0.013 0.0024
Epoch:    200 | Train: 0.4243 0.0203 0.0029
Epoch:    300 | Train: 0.4594 0.0208 0.003
Epoch:    400 | Train: 0.8306 0.0248 0.0033
Epoch:    500 | Train: 0.0749 0.0027 0.0007
Epoch:    600 | Train: 0.1328 0.0048 0.0012
Epoch:    700 | Train: 0.2893 0.0134 0.002
Epoch:    800 | Train: 0.3389 0.0182 0.0026
Epoch:    900 | Train: 0.148 0.0071 0.0013
Epoch:    999 | Train: 0.3191 0.0155 0.0025

======================================================================
PERF FORMAT: DATASET | Acuracy: ACC | Loss: LOSS1 LOSS2 LOSS3 | PS: PS
======================================================================
Train | Acuracy:  91.40% | Loss: 0.30512 0.01301 0.00203 | PS: 0.00286 
Val   | Acuracy:  91.24% | Loss: 0.31971 0.01345 0.00208 | PS: 0.00306 
Test  | Acuracy:  91.20% | Loss: 0.30895 0.01323 0.00204 | PS: 0.00333 
----------------------------------------------------------------------
Optimization error  : 0.00286
Population error    : 0.00333
Generalization error: 0.00047
