Namespace(batch_size=64, beta_moco=0.1, gamma_moco=0.1, gamma_modo=0.01, lr=0.001, moo_method='MoDo', num_epochs=1000, rho_moco=0.0, rho_modo=0.0, seed=9)

==================================================
Model parameter count per layer
==================================================
fc1.weight 	: 401408
fc1.bias 	: 512
fc2.weight 	: 5120
fc2.bias 	: 10
Total number of parametrs : 407050
--------------------------------------------------

======================================================================
LOG FORMAT: Epoch: EPOCH | Train: LOSS1 LOSS2 LOSS3
======================================================================
Epoch:      0 | Train: 2.3852 0.0916 0.0132
Epoch:    100 | Train: 2.3462 0.091 0.0131
Epoch:    200 | Train: 2.358 0.0911 0.0131
Epoch:    300 | Train: 2.3073 0.0901 0.0131
Epoch:    400 | Train: 2.3248 0.0904 0.0131
Epoch:    500 | Train: 2.3294 0.0905 0.0131
Epoch:    600 | Train: 2.3171 0.0902 0.0131
Epoch:    700 | Train: 2.2453 0.0888 0.0129
Epoch:    800 | Train: 2.2664 0.089 0.0129
Epoch:    900 | Train: 2.2868 0.0896 0.013
Epoch:    999 | Train: 2.3015 0.0899 0.013

======================================================================
PERF FORMAT: DATASET | Acuracy: ACC | Loss: LOSS1 LOSS2 LOSS3 | PS: PS
======================================================================
Train | Acuracy:  11.48% | Loss: 2.30885 0.09006 0.01304 | PS: 0.00326 
Val   | Acuracy:  11.59% | Loss: 2.30777 0.09004 0.01304 | PS: 0.00329 
Test  | Acuracy:  11.07% | Loss: 2.31216 0.09015 0.01305 | PS: 0.00335 
----------------------------------------------------------------------
Optimization error  : 0.00326
Population error    : 0.00335
Generalization error: 9e-05
