Namespace(batch_size=64, beta_moco=0.1, gamma_moco=0.1, gamma_modo=0.01, lr=0.75, moo_method='MoDo', num_epochs=1000, rho_moco=0.0, rho_modo=0.0, seed=4)

==================================================
Model parameter count per layer
==================================================
fc1.weight 	: 401408
fc1.bias 	: 512
fc2.weight 	: 5120
fc2.bias 	: 10
Total number of parametrs : 407050
--------------------------------------------------

======================================================================
LOG FORMAT: Epoch: EPOCH | Train: LOSS1 LOSS2 LOSS3
======================================================================
Epoch:      0 | Train: 2.389 0.0916 0.0132
Epoch:    100 | Train: 0.3784 0.0198 0.0029
Epoch:    200 | Train: 0.2658 0.012 0.0021
Epoch:    300 | Train: 0.2302 0.0082 0.0016
Epoch:    400 | Train: 0.3368 0.013 0.0022
Epoch:    500 | Train: 0.4016 0.015 0.0023
Epoch:    600 | Train: 0.2326 0.0122 0.002
Epoch:    700 | Train: 0.2699 0.0127 0.002
Epoch:    800 | Train: 0.2884 0.0101 0.0018
Epoch:    900 | Train: 0.1421 0.0075 0.0015
Epoch:    999 | Train: 0.2927 0.0153 0.0024

======================================================================
PERF FORMAT: DATASET | Acuracy: ACC | Loss: LOSS1 LOSS2 LOSS3 | PS: PS
======================================================================
Train | Acuracy:  91.09% | Loss: 0.31857 0.01356 0.00213 | PS: 0.00401 
Val   | Acuracy:  90.49% | Loss: 0.3458 0.01463 0.00225 | PS: 0.00383 
Test  | Acuracy:  91.20% | Loss: 0.32392 0.01357 0.00209 | PS: 0.00383 
----------------------------------------------------------------------
Optimization error  : 0.00401
Population error    : 0.00383
Generalization error: -0.00018
