Namespace(batch_size=64, beta_moco=0.1, gamma_moco=0.1, gamma_modo=0.01, lr=0.75, moo_method='MoDo', num_epochs=1000, rho_moco=0.0, rho_modo=0.0, seed=1)

==================================================
Model parameter count per layer
==================================================
fc1.weight 	: 401408
fc1.bias 	: 512
fc2.weight 	: 5120
fc2.bias 	: 10
Total number of parametrs : 407050
--------------------------------------------------

======================================================================
LOG FORMAT: Epoch: EPOCH | Train: LOSS1 LOSS2 LOSS3
======================================================================
Epoch:      0 | Train: 2.3314 0.0906 0.0131
Epoch:    100 | Train: 0.4792 0.0197 0.0031
Epoch:    200 | Train: 0.4172 0.014 0.0023
Epoch:    300 | Train: 0.3449 0.019 0.0029
Epoch:    400 | Train: 0.2583 0.0141 0.0024
Epoch:    500 | Train: 0.318 0.0159 0.0024
Epoch:    600 | Train: 0.5292 0.0286 0.0038
Epoch:    700 | Train: 0.2715 0.0125 0.0018
Epoch:    800 | Train: 0.305 0.0134 0.0021
Epoch:    900 | Train: 0.1691 0.008 0.0014
Epoch:    999 | Train: 0.1525 0.0077 0.0014

======================================================================
PERF FORMAT: DATASET | Acuracy: ACC | Loss: LOSS1 LOSS2 LOSS3 | PS: PS
======================================================================
Train | Acuracy:  91.76% | Loss: 0.30045 0.01263 0.00201 | PS: 0.00212 
Val   | Acuracy:  91.55% | Loss: 0.31309 0.01322 0.00208 | PS: 0.00203 
Test  | Acuracy:  91.81% | Loss: 0.30266 0.01265 0.00198 | PS: 0.00226 
----------------------------------------------------------------------
Optimization error  : 0.00212
Population error    : 0.00226
Generalization error: 0.00013
