Namespace(batch_size=64, beta_moco=0.1, gamma_moco=0.1, gamma_modo=0.01, lr=1.25, moo_method='MoDo', num_epochs=1000, rho_moco=0.0, rho_modo=0.0, seed=7)

==================================================
Model parameter count per layer
==================================================
fc1.weight 	: 401408
fc1.bias 	: 512
fc2.weight 	: 5120
fc2.bias 	: 10
Total number of parametrs : 407050
--------------------------------------------------

======================================================================
LOG FORMAT: Epoch: EPOCH | Train: LOSS1 LOSS2 LOSS3
======================================================================
Epoch:      0 | Train: 2.3284 0.0905 0.0131
Epoch:    100 | Train: 0.3215 0.0132 0.0025
Epoch:    200 | Train: 0.4398 0.0201 0.0029
Epoch:    300 | Train: 0.466 0.0205 0.003
Epoch:    400 | Train: 0.8133 0.0244 0.0033
Epoch:    500 | Train: 0.0807 0.003 0.0008
Epoch:    600 | Train: 0.1384 0.0052 0.0012
Epoch:    700 | Train: 0.3019 0.0135 0.002
Epoch:    800 | Train: 0.3459 0.018 0.0025
Epoch:    900 | Train: 0.1522 0.0068 0.0012
Epoch:    999 | Train: 0.3049 0.0148 0.0025

======================================================================
PERF FORMAT: DATASET | Acuracy: ACC | Loss: LOSS1 LOSS2 LOSS3 | PS: PS
======================================================================
Train | Acuracy:  91.47% | Loss: 0.30919 0.0129 0.00201 | PS: 0.00265 
Val   | Acuracy:  91.24% | Loss: 0.32123 0.0133 0.00206 | PS: 0.0029 
Test  | Acuracy:  91.32% | Loss: 0.30898 0.01299 0.002 | PS: 0.00307 
----------------------------------------------------------------------
Optimization error  : 0.00265
Population error    : 0.00307
Generalization error: 0.00042
