Namespace(batch_size=64, beta_moco=0.1, gamma_moco=0.1, gamma_modo=0.1, lr=0.5, moo_method='EW', num_epochs=1000, rho_moco=0.1, rho_modo=0.1, seed=0)

==================================================
Model parameter count per layer
==================================================
fc1.weight 	: 401408
fc1.bias 	: 512
fc2.weight 	: 5120
fc2.bias 	: 10
Total number of parametrs : 407050
--------------------------------------------------

======================================================================
LOG FORMAT: Epoch: EPOCH | Train: LOSS1 LOSS2 LOSS3
======================================================================
Epoch:      0 | Train: 2.3199 0.1801 0.9039
Epoch:    100 | Train: 0.3978 0.039 0.0626
Epoch:    200 | Train: 0.2168 0.0243 0.0295
Epoch:    300 | Train: 0.56 0.0411 0.1008
Epoch:    400 | Train: 0.5586 0.0372 0.1362
Epoch:    500 | Train: 0.6605 0.0309 0.1472
Epoch:    600 | Train: 0.3499 0.029 0.0587
Epoch:    700 | Train: 0.2092 0.0272 0.0225
Epoch:    800 | Train: 0.4672 0.0295 0.091
Epoch:    900 | Train: 0.5358 0.0307 0.1065
