Namespace(batch_size=64, beta_moco=0.1, gamma_moco=0.1, gamma_modo=0.1, lr=0.01, moo_method='EW', num_epochs=1000, rho_moco=0.1, rho_modo=0.1, seed=0)

==================================================
Model parameter count per layer
==================================================
fc1.weight 	: 401408
fc1.bias 	: 512
fc2.weight 	: 5120
fc2.bias 	: 10
Total number of parametrs : 407050
--------------------------------------------------

======================================================================
LOG FORMAT: Epoch: EPOCH | Train: LOSS1 LOSS2 LOSS3
======================================================================
Epoch:      0 | Train: 2.3199 0.1801 0.9039
Epoch:    100 | Train: 1.4297 0.1485 0.1865
Epoch:    200 | Train: 1.0128 0.1169 0.1139
Epoch:    300 | Train: 0.9775 0.1105 0.1268
Epoch:    400 | Train: 0.8503 0.0937 0.1416
Epoch:    500 | Train: 0.6724 0.0799 0.0862
Epoch:    600 | Train: 0.6096 0.0732 0.0669
Epoch:    700 | Train: 0.4696 0.0648 0.0366
Epoch:    800 | Train: 0.5569 0.0646 0.0843
Epoch:    900 | Train: 0.613 0.0683 0.0894
Epoch:    999 | Train: 0.4822 0.0593 0.0526

======================================================================
PERF FORMAT: DATASET | Acuracy: ACC | Loss: LOSS1 LOSS2 LOSS3 | PS: PS
======================================================================
Train | Acuracy:  87.48% | Loss: 0.5027 0.06006 0.06632 | PS: 0.02835 
Val   | Acuracy:  87.42% | Loss: 0.50924 0.06058 0.06738 | PS: 0.03192 
Test  | Acuracy:  88.15% | Loss: 0.48057 0.05813 0.06172 | PS: 0.03094 
----------------------------------------------------------------------
Optimization error  : 0.02835
Population error    : 0.03094
Generalization error: 0.00258
