Namespace(batch_size=64, beta_moco=0.1, gamma_moco=0.1, gamma_modo=0.01, lr=0.5, moo_method='MoDo', num_epochs=1000, rho_moco=0.0, rho_modo=0.0, seed=6)

==================================================
Model parameter count per layer
==================================================
fc1.weight 	: 401408
fc1.bias 	: 512
fc2.weight 	: 5120
fc2.bias 	: 10
Total number of parametrs : 407050
--------------------------------------------------

======================================================================
LOG FORMAT: Epoch: EPOCH | Train: LOSS1 LOSS2 LOSS3
======================================================================
Epoch:      0 | Train: 2.3515 0.091 0.0455
Epoch:    100 | Train: 0.5529 0.0222 0.0111
Epoch:    200 | Train: 0.1929 0.0078 0.0039
Epoch:    300 | Train: 0.3834 0.0195 0.0098
Epoch:    400 | Train: 0.5238 0.0189 0.0094
Epoch:    500 | Train: 0.2805 0.0122 0.0061
Epoch:    600 | Train: 0.2832 0.0123 0.0061
Epoch:    700 | Train: 0.3345 0.0156 0.0078
Epoch:    800 | Train: 0.1544 0.0082 0.0041
Epoch:    900 | Train: 0.5582 0.0207 0.0104
Epoch:    999 | Train: 0.6414 0.0255 0.0127

======================================================================
PERF FORMAT: DATASET | Acuracy: ACC | Loss: LOSS1 LOSS2 LOSS3 | PS: PS
======================================================================
Train | Acuracy:  91.90% | Loss: 0.29946 0.01252 0.00626 | PS: 0.00685 
Val   | Acuracy:  91.03% | Loss: 0.31183 0.01328 0.00664 | PS: 0.00756 
Test  | Acuracy:  92.09% | Loss: 0.29569 0.01235 0.00618 | PS: 0.00785 
----------------------------------------------------------------------
Optimization error  : 0.00685
Population error    : 0.00785
Generalization error: 0.00101
