Namespace(batch_size=64, beta_moco=0.1, gamma_moco=0.1, gamma_modo=0.01, lr=0.5, moo_method='MoDo', num_epochs=1000, rho_moco=0.0, rho_modo=0.0, seed=5)

==================================================
Model parameter count per layer
==================================================
fc1.weight 	: 401408
fc1.bias 	: 512
fc2.weight 	: 5120
fc2.bias 	: 10
Total number of parametrs : 407050
--------------------------------------------------

======================================================================
LOG FORMAT: Epoch: EPOCH | Train: LOSS1 LOSS2 LOSS3
======================================================================
Epoch:      0 | Train: 2.2981 0.09 0.045
Epoch:    100 | Train: 0.4462 0.0184 0.0092
Epoch:    200 | Train: 0.3712 0.0185 0.0092
Epoch:    300 | Train: 0.4279 0.0168 0.0084
Epoch:    400 | Train: 0.2347 0.0107 0.0054
Epoch:    500 | Train: 0.1579 0.0079 0.0039
Epoch:    600 | Train: 0.3056 0.0132 0.0066
Epoch:    700 | Train: 0.2621 0.0123 0.0061
Epoch:    800 | Train: 0.1623 0.0072 0.0036
Epoch:    900 | Train: 0.309 0.0136 0.0068
Epoch:    999 | Train: 0.3308 0.0177 0.0089

======================================================================
PERF FORMAT: DATASET | Acuracy: ACC | Loss: LOSS1 LOSS2 LOSS3 | PS: PS
======================================================================
Train | Acuracy:  91.75% | Loss: 0.29685 0.01256 0.00628 | PS: 0.00796 
Val   | Acuracy:  90.64% | Loss: 0.33441 0.01405 0.00702 | PS: 0.00822 
Test  | Acuracy:  91.79% | Loss: 0.2998 0.0126 0.0063 | PS: 0.00819 
----------------------------------------------------------------------
Optimization error  : 0.00796
Population error    : 0.00819
Generalization error: 0.00023
