Namespace(batch_size=64, beta_moco=0.1, gamma_moco=0.1, gamma_modo=0.01, lr=0.001, moo_method='MoDo', num_epochs=1000, rho_moco=0.0, rho_modo=0.0, seed=1)

==================================================
Model parameter count per layer
==================================================
fc1.weight 	: 401408
fc1.bias 	: 512
fc2.weight 	: 5120
fc2.bias 	: 10
Total number of parametrs : 407050
--------------------------------------------------

======================================================================
LOG FORMAT: Epoch: EPOCH | Train: LOSS1 LOSS2 LOSS3
======================================================================
Epoch:      0 | Train: 2.3314 0.0906 0.0453
Epoch:    100 | Train: 2.2703 0.0894 0.0447
Epoch:    200 | Train: 2.3046 0.09 0.045
Epoch:    300 | Train: 2.2764 0.0895 0.0447
Epoch:    400 | Train: 2.3027 0.0901 0.045
Epoch:    500 | Train: 2.2843 0.0896 0.0448
Epoch:    600 | Train: 2.2696 0.0894 0.0447
Epoch:    700 | Train: 2.2699 0.0893 0.0447
Epoch:    800 | Train: 2.29 0.0897 0.0448
Epoch:    900 | Train: 2.2399 0.0888 0.0444
Epoch:    999 | Train: 2.2859 0.0897 0.0449

======================================================================
PERF FORMAT: DATASET | Acuracy: ACC | Loss: LOSS1 LOSS2 LOSS3 | PS: PS
======================================================================
Train | Acuracy:  11.94% | Loss: 2.27849 0.08955 0.04477 | PS: 0.01617 
Val   | Acuracy:  11.72% | Loss: 2.28051 0.08959 0.0448 | PS: 0.01631 
Test  | Acuracy:  11.78% | Loss: 2.27909 0.08957 0.04478 | PS: 0.01668 
----------------------------------------------------------------------
Optimization error  : 0.01617
Population error    : 0.01668
Generalization error: 0.00051
