Namespace(batch_size=64, beta_moco=0.1, gamma_moco=0.1, gamma_modo=0.01, lr=0.05, moo_method='MoDo', num_epochs=1000, rho_moco=0.0, rho_modo=0.0, seed=9)

==================================================
Model parameter count per layer
==================================================
fc1.weight 	: 401408
fc1.bias 	: 512
fc2.weight 	: 5120
fc2.bias 	: 10
Total number of parametrs : 407050
--------------------------------------------------

======================================================================
LOG FORMAT: Epoch: EPOCH | Train: LOSS1 LOSS2 LOSS3
======================================================================
Epoch:      0 | Train: 2.3852 0.0916 0.0458
Epoch:    100 | Train: 1.0114 0.044 0.022
Epoch:    200 | Train: 0.838 0.0372 0.0186
Epoch:    300 | Train: 0.58 0.0253 0.0127
Epoch:    400 | Train: 0.5917 0.0234 0.0117
Epoch:    500 | Train: 0.4859 0.0215 0.0108
Epoch:    600 | Train: 0.6528 0.0279 0.014
Epoch:    700 | Train: 0.5137 0.0242 0.0121
Epoch:    800 | Train: 0.5394 0.0241 0.0121
Epoch:    900 | Train: 0.4043 0.0187 0.0093
Epoch:    999 | Train: 0.6538 0.024 0.012

======================================================================
PERF FORMAT: DATASET | Acuracy: ACC | Loss: LOSS1 LOSS2 LOSS3 | PS: PS
======================================================================
Train | Acuracy:  88.22% | Loss: 0.45685 0.01961 0.00981 | PS: 0.00414 
Val   | Acuracy:  88.31% | Loss: 0.45603 0.01962 0.00981 | PS: 0.00466 
Test  | Acuracy:  88.99% | Loss: 0.43467 0.01858 0.00929 | PS: 0.00556 
----------------------------------------------------------------------
Optimization error  : 0.00414
Population error    : 0.00556
Generalization error: 0.00143
