Namespace(batch_size=64, beta_moco=0.1, gamma_moco=0.1, gamma_modo=0.01, lr=1.0, moo_method='MoDo', num_epochs=1000, rho_moco=0.0, rho_modo=0.0, seed=3)

==================================================
Model parameter count per layer
==================================================
fc1.weight 	: 401408
fc1.bias 	: 512
fc2.weight 	: 5120
fc2.bias 	: 10
Total number of parametrs : 407050
--------------------------------------------------

======================================================================
LOG FORMAT: Epoch: EPOCH | Train: LOSS1 LOSS2 LOSS3
======================================================================
Epoch:      0 | Train: 2.363 0.0911 0.0455
Epoch:    100 | Train: 0.4551 0.0201 0.0101
Epoch:    200 | Train: 0.4671 0.0188 0.0094
Epoch:    300 | Train: 0.1917 0.0096 0.0048
Epoch:    400 | Train: 0.2174 0.0121 0.006
Epoch:    500 | Train: 0.3692 0.0148 0.0074
Epoch:    600 | Train: 0.2293 0.0101 0.005
Epoch:    700 | Train: 0.3054 0.016 0.008
Epoch:    800 | Train: 0.5358 0.0208 0.0104
Epoch:    900 | Train: 0.2699 0.0086 0.0043
Epoch:    999 | Train: 0.1828 0.0089 0.0045

======================================================================
PERF FORMAT: DATASET | Acuracy: ACC | Loss: LOSS1 LOSS2 LOSS3 | PS: PS
======================================================================
Train | Acuracy:  91.80% | Loss: 0.31076 0.0127 0.00635 | PS: 0.0102 
Val   | Acuracy:  90.88% | Loss: 0.34003 0.01393 0.00697 | PS: 0.01059 
Test  | Acuracy:  91.72% | Loss: 0.30967 0.01268 0.00634 | PS: 0.0106 
----------------------------------------------------------------------
Optimization error  : 0.0102
Population error    : 0.0106
Generalization error: 0.00041
