Namespace(batch_size=64, beta_moco=0.1, gamma_moco=0.1, gamma_modo=0.01, lr=0.001, moo_method='MoDo', num_epochs=1000, rho_moco=0.0, rho_modo=0.0, seed=3)

==================================================
Model parameter count per layer
==================================================
fc1.weight 	: 401408
fc1.bias 	: 512
fc2.weight 	: 5120
fc2.bias 	: 10
Total number of parametrs : 407050
--------------------------------------------------

======================================================================
LOG FORMAT: Epoch: EPOCH | Train: LOSS1 LOSS2 LOSS3
======================================================================
Epoch:      0 | Train: 2.363 0.0911 0.0455
Epoch:    100 | Train: 2.2851 0.0895 0.0448
Epoch:    200 | Train: 2.2722 0.0892 0.0446
Epoch:    300 | Train: 2.2948 0.0896 0.0448
Epoch:    400 | Train: 2.2876 0.0897 0.0448
Epoch:    500 | Train: 2.2577 0.089 0.0445
Epoch:    600 | Train: 2.2106 0.0879 0.0439
Epoch:    700 | Train: 2.2538 0.0888 0.0444
Epoch:    800 | Train: 2.2718 0.0891 0.0445
Epoch:    900 | Train: 2.2521 0.0887 0.0444
Epoch:    999 | Train: 2.2046 0.0877 0.0438

======================================================================
PERF FORMAT: DATASET | Acuracy: ACC | Loss: LOSS1 LOSS2 LOSS3 | PS: PS
======================================================================
Train | Acuracy:  17.14% | Loss: 2.24046 0.08854 0.04427 | PS: 0.01757 
Val   | Acuracy:  17.02% | Loss: 2.24513 0.08863 0.04432 | PS: 0.01726 
Test  | Acuracy:  16.86% | Loss: 2.24248 0.08857 0.04429 | PS: 0.01785 
----------------------------------------------------------------------
Optimization error  : 0.01757
Population error    : 0.01785
Generalization error: 0.00029
