Namespace(batch_size=64, beta_moco=0.1, gamma_moco=0.1, gamma_modo=0.01, lr=0.5, moo_method='MoDo', num_epochs=1000, rho_moco=0.0, rho_modo=0.0, seed=9)

==================================================
Model parameter count per layer
==================================================
fc1.weight 	: 401408
fc1.bias 	: 512
fc2.weight 	: 5120
fc2.bias 	: 10
Total number of parametrs : 407050
--------------------------------------------------

======================================================================
LOG FORMAT: Epoch: EPOCH | Train: LOSS1 LOSS2 LOSS3
======================================================================
Epoch:      0 | Train: 2.3852 0.0916 0.0458
Epoch:    100 | Train: 0.317 0.0128 0.0064
Epoch:    200 | Train: 0.4023 0.0163 0.0082
Epoch:    300 | Train: 0.2408 0.009 0.0045
Epoch:    400 | Train: 0.4101 0.0145 0.0072
Epoch:    500 | Train: 0.2024 0.009 0.0045
Epoch:    600 | Train: 0.4014 0.0144 0.0072
Epoch:    700 | Train: 0.3156 0.0144 0.0072
Epoch:    800 | Train: 0.3507 0.0161 0.008
Epoch:    900 | Train: 0.2118 0.0107 0.0054
Epoch:    999 | Train: 0.6298 0.017 0.0085

======================================================================
PERF FORMAT: DATASET | Acuracy: ACC | Loss: LOSS1 LOSS2 LOSS3 | PS: PS
======================================================================
Train | Acuracy:  91.99% | Loss: 0.29497 0.0123 0.00615 | PS: 0.00314 
Val   | Acuracy:  91.49% | Loss: 0.31022 0.01293 0.00647 | PS: 0.00374 
Test  | Acuracy:  91.93% | Loss: 0.29433 0.01232 0.00616 | PS: 0.00446 
----------------------------------------------------------------------
Optimization error  : 0.00314
Population error    : 0.00446
Generalization error: 0.00132
