Namespace(batch_size=64, beta_moco=0.1, gamma_moco=0.1, gamma_modo=0.01, lr=0.1, moo_method='MoDo', num_epochs=1000, rho_moco=0.0, rho_modo=0.0, seed=6)

==================================================
Model parameter count per layer
==================================================
fc1.weight 	: 401408
fc1.bias 	: 512
fc2.weight 	: 5120
fc2.bias 	: 10
Total number of parametrs : 407050
--------------------------------------------------

======================================================================
LOG FORMAT: Epoch: EPOCH | Train: LOSS1 LOSS2 LOSS3
======================================================================
Epoch:      0 | Train: 2.3515 0.091 0.0455
Epoch:    100 | Train: 0.6186 0.0263 0.0131
Epoch:    200 | Train: 0.3923 0.0172 0.0086
Epoch:    300 | Train: 0.4812 0.0239 0.012
Epoch:    400 | Train: 0.616 0.0216 0.0108
Epoch:    500 | Train: 0.3923 0.0161 0.0081
Epoch:    600 | Train: 0.4103 0.0179 0.0089
Epoch:    700 | Train: 0.3689 0.017 0.0085
Epoch:    800 | Train: 0.1912 0.0091 0.0045
Epoch:    900 | Train: 0.559 0.0218 0.0109
Epoch:    999 | Train: 0.6636 0.029 0.0145

======================================================================
PERF FORMAT: DATASET | Acuracy: ACC | Loss: LOSS1 LOSS2 LOSS3 | PS: PS
======================================================================
Train | Acuracy:  90.54% | Loss: 0.34211 0.01468 0.00734 | PS: 0.0047 
Val   | Acuracy:  90.28% | Loss: 0.3466 0.01502 0.00751 | PS: 0.00555 
Test  | Acuracy:  90.98% | Loss: 0.32749 0.014 0.007 | PS: 0.00594 
----------------------------------------------------------------------
Optimization error  : 0.0047
Population error    : 0.00594
Generalization error: 0.00124
