Namespace(batch_size=64, beta_moco=0.1, gamma_moco=0.1, gamma_modo=0.01, lr=0.1, moo_method='MoDo', num_epochs=1000, rho_moco=0.0, rho_modo=0.0, seed=3)

==================================================
Model parameter count per layer
==================================================
fc1.weight 	: 401408
fc1.bias 	: 512
fc2.weight 	: 5120
fc2.bias 	: 10
Total number of parametrs : 407050
--------------------------------------------------

======================================================================
LOG FORMAT: Epoch: EPOCH | Train: LOSS1 LOSS2 LOSS3
======================================================================
Epoch:      0 | Train: 2.363 0.0911 0.0455
Epoch:    100 | Train: 0.6705 0.029 0.0145
Epoch:    200 | Train: 0.6575 0.0276 0.0138
Epoch:    300 | Train: 0.3595 0.0177 0.0088
Epoch:    400 | Train: 0.3443 0.0173 0.0086
Epoch:    500 | Train: 0.4622 0.0186 0.0093
Epoch:    600 | Train: 0.3269 0.0142 0.0071
Epoch:    700 | Train: 0.3347 0.0167 0.0084
Epoch:    800 | Train: 0.5025 0.0215 0.0108
Epoch:    900 | Train: 0.3458 0.0139 0.0069
Epoch:    999 | Train: 0.3045 0.0146 0.0073

======================================================================
PERF FORMAT: DATASET | Acuracy: ACC | Loss: LOSS1 LOSS2 LOSS3 | PS: PS
======================================================================
Train | Acuracy:  90.57% | Loss: 0.34165 0.01466 0.00733 | PS: 0.00559 
Val   | Acuracy:  89.90% | Loss: 0.35845 0.01547 0.00773 | PS: 0.00648 
Test  | Acuracy:  90.88% | Loss: 0.3287 0.01405 0.00702 | PS: 0.00714 
----------------------------------------------------------------------
Optimization error  : 0.00559
Population error    : 0.00714
Generalization error: 0.00154
