Namespace(batch_size=64, beta_moco=0.1, gamma_moco=0.1, gamma_modo=0.01, lr=0.01, moo_method='MoDo', num_epochs=1000, rho_moco=0.0, rho_modo=0.0, seed=0)

==================================================
Model parameter count per layer
==================================================
fc1.weight 	: 401408
fc1.bias 	: 512
fc2.weight 	: 5120
fc2.bias 	: 10
Total number of parametrs : 407050
--------------------------------------------------

======================================================================
LOG FORMAT: Epoch: EPOCH | Train: LOSS1 LOSS2 LOSS3
======================================================================
Epoch:      0 | Train: 2.3186 0.0904 0.0452
Epoch:    100 | Train: 1.9661 0.082 0.041
Epoch:    200 | Train: 1.8638 0.0784 0.0392
Epoch:    300 | Train: 1.8157 0.0766 0.0383
Epoch:    400 | Train: 1.7295 0.074 0.037
Epoch:    500 | Train: 1.8336 0.0772 0.0386
Epoch:    600 | Train: 1.8309 0.0775 0.0387
Epoch:    700 | Train: 1.723 0.0728 0.0364
Epoch:    800 | Train: 1.589 0.0692 0.0346
Epoch:    900 | Train: 1.4838 0.0638 0.0319
Epoch:    999 | Train: 1.5288 0.0655 0.0328

======================================================================
PERF FORMAT: DATASET | Acuracy: ACC | Loss: LOSS1 LOSS2 LOSS3 | PS: PS
======================================================================
Train | Acuracy:  66.72% | Loss: 1.58254 0.06775 0.03387 | PS: 0.02131 
Val   | Acuracy:  66.37% | Loss: 1.57999 0.06754 0.03377 | PS: 0.0213 
Test  | Acuracy:  66.93% | Loss: 1.57015 0.06734 0.03367 | PS: 0.02197 
----------------------------------------------------------------------
Optimization error  : 0.02131
Population error    : 0.02197
Generalization error: 0.00066
