Namespace(batch_size=64, beta_moco=0.1, gamma_moco=0.1, gamma_modo=0.01, lr=0.01, moo_method='MoDo', num_epochs=1000, rho_moco=0.0, rho_modo=0.0, seed=8)

==================================================
Model parameter count per layer
==================================================
fc1.weight 	: 401408
fc1.bias 	: 512
fc2.weight 	: 5120
fc2.bias 	: 10
Total number of parametrs : 407050
--------------------------------------------------

======================================================================
LOG FORMAT: Epoch: EPOCH | Train: LOSS1 LOSS2 LOSS3
======================================================================
Epoch:      0 | Train: 2.3867 0.0917 0.0459
Epoch:    100 | Train: 1.9082 0.0801 0.0401
Epoch:    200 | Train: 1.868 0.0786 0.0393
Epoch:    300 | Train: 1.7337 0.074 0.037
Epoch:    400 | Train: 1.8338 0.0768 0.0384
Epoch:    500 | Train: 1.8671 0.0785 0.0392
Epoch:    600 | Train: 1.7624 0.0744 0.0372
Epoch:    700 | Train: 1.5008 0.0649 0.0325
Epoch:    800 | Train: 1.6142 0.0697 0.0348
Epoch:    900 | Train: 1.7172 0.0726 0.0363
Epoch:    999 | Train: 1.6788 0.0718 0.0359

======================================================================
PERF FORMAT: DATASET | Acuracy: ACC | Loss: LOSS1 LOSS2 LOSS3 | PS: PS
======================================================================
Train | Acuracy:  66.04% | Loss: 1.58684 0.06793 0.03397 | PS: 0.02143 
Val   | Acuracy:  66.01% | Loss: 1.58744 0.06793 0.03397 | PS: 0.0219 
Test  | Acuracy:  65.97% | Loss: 1.57586 0.06763 0.03382 | PS: 0.02223 
----------------------------------------------------------------------
Optimization error  : 0.02143
Population error    : 0.02223
Generalization error: 0.0008
