Namespace(batch_size=64, beta_moco=0.1, gamma_moco=0.1, gamma_modo=0.01, lr=0.001, moo_method='MoDo', num_epochs=1000, rho_moco=0.0, rho_modo=0.0, seed=5)

==================================================
Model parameter count per layer
==================================================
fc1.weight 	: 401408
fc1.bias 	: 512
fc2.weight 	: 5120
fc2.bias 	: 10
Total number of parametrs : 407050
--------------------------------------------------

======================================================================
LOG FORMAT: Epoch: EPOCH | Train: LOSS1 LOSS2 LOSS3
======================================================================
Epoch:      0 | Train: 2.2981 0.09 0.045
Epoch:    100 | Train: 2.3245 0.0906 0.0453
Epoch:    200 | Train: 2.2763 0.0895 0.0448
Epoch:    300 | Train: 2.2532 0.0891 0.0445
Epoch:    400 | Train: 2.2436 0.0889 0.0444
Epoch:    500 | Train: 2.2792 0.0895 0.0448
Epoch:    600 | Train: 2.24 0.0887 0.0444
Epoch:    700 | Train: 2.2468 0.089 0.0445
Epoch:    800 | Train: 2.2421 0.0887 0.0444
Epoch:    900 | Train: 2.242 0.0887 0.0444
Epoch:    999 | Train: 2.1889 0.0876 0.0438

======================================================================
PERF FORMAT: DATASET | Acuracy: ACC | Loss: LOSS1 LOSS2 LOSS3 | PS: PS
======================================================================
Train | Acuracy:  18.84% | Loss: 2.22904 0.08849 0.04425 | PS: 0.01706 
Val   | Acuracy:  18.72% | Loss: 2.22967 0.08851 0.04425 | PS: 0.01703 
Test  | Acuracy:  18.50% | Loss: 2.23057 0.08854 0.04427 | PS: 0.01757 
----------------------------------------------------------------------
Optimization error  : 0.01706
Population error    : 0.01757
Generalization error: 0.00051
