Namespace(batch_size=64, beta_moco=0.1, gamma_moco=0.1, gamma_modo=0.01, lr=0.5, moo_method='MoDo', num_epochs=1000, rho_moco=0.0, rho_modo=0.0, seed=4)

==================================================
Model parameter count per layer
==================================================
fc1.weight 	: 401408
fc1.bias 	: 512
fc2.weight 	: 5120
fc2.bias 	: 10
Total number of parametrs : 407050
--------------------------------------------------

======================================================================
LOG FORMAT: Epoch: EPOCH | Train: LOSS1 LOSS2 LOSS3
======================================================================
Epoch:      0 | Train: 2.389 0.0916 0.0458
Epoch:    100 | Train: 0.3715 0.0194 0.0097
Epoch:    200 | Train: 0.2635 0.012 0.006
Epoch:    300 | Train: 0.2238 0.0082 0.0041
Epoch:    400 | Train: 0.3259 0.0126 0.0063
Epoch:    500 | Train: 0.4024 0.0152 0.0076
Epoch:    600 | Train: 0.2311 0.0119 0.0059
Epoch:    700 | Train: 0.2783 0.0131 0.0065
Epoch:    800 | Train: 0.2885 0.0101 0.005
Epoch:    900 | Train: 0.1477 0.0078 0.0039
Epoch:    999 | Train: 0.2961 0.0156 0.0078

======================================================================
PERF FORMAT: DATASET | Acuracy: ACC | Loss: LOSS1 LOSS2 LOSS3 | PS: PS
======================================================================
Train | Acuracy:  91.07% | Loss: 0.31875 0.0136 0.0068 | PS: 0.01503 
Val   | Acuracy:  90.50% | Loss: 0.34432 0.01462 0.00731 | PS: 0.01359 
Test  | Acuracy:  91.21% | Loss: 0.3231 0.01358 0.00679 | PS: 0.01493 
----------------------------------------------------------------------
Optimization error  : 0.01503
Population error    : 0.01493
Generalization error: -0.0001
