Namespace(batch_size=64, beta_moco=0.1, gamma_moco=0.1, gamma_modo=0.01, lr=0.005, moo_method='MoDo', num_epochs=1000, rho_moco=0.0, rho_modo=0.0, seed=4)

==================================================
Model parameter count per layer
==================================================
fc1.weight 	: 401408
fc1.bias 	: 512
fc2.weight 	: 5120
fc2.bias 	: 10
Total number of parametrs : 407050
--------------------------------------------------

======================================================================
LOG FORMAT: Epoch: EPOCH | Train: LOSS1 LOSS2 LOSS3
======================================================================
Epoch:      0 | Train: 2.389 0.0916 0.0458
Epoch:    100 | Train: 2.0577 0.0843 0.0421
Epoch:    200 | Train: 2.0352 0.0836 0.0418
Epoch:    300 | Train: 2.0613 0.0845 0.0422
Epoch:    400 | Train: 2.0286 0.083 0.0415
Epoch:    500 | Train: 2.0475 0.0838 0.0419
Epoch:    600 | Train: 2.0137 0.0827 0.0414
Epoch:    700 | Train: 2.0512 0.0842 0.0421
Epoch:    800 | Train: 1.9772 0.0816 0.0408
Epoch:    900 | Train: 1.909 0.0797 0.0398
Epoch:    999 | Train: 1.9214 0.0802 0.0401

======================================================================
PERF FORMAT: DATASET | Acuracy: ACC | Loss: LOSS1 LOSS2 LOSS3 | PS: PS
======================================================================
Train | Acuracy:  53.06% | Loss: 1.90736 0.0794 0.0397 | PS: 0.02028 
Val   | Acuracy:  52.78% | Loss: 1.90689 0.07942 0.03971 | PS: 0.02023 
Test  | Acuracy:  53.51% | Loss: 1.90682 0.07942 0.03971 | PS: 0.02055 
----------------------------------------------------------------------
Optimization error  : 0.02028
Population error    : 0.02055
Generalization error: 0.00027
