Namespace(batch_size=64, beta_moco=0.1, gamma_moco=0.1, gamma_modo=0.01, lr=0.05, moo_method='MoDo', num_epochs=1000, rho_moco=0.0, rho_modo=0.0, seed=4)

==================================================
Model parameter count per layer
==================================================
fc1.weight 	: 401408
fc1.bias 	: 512
fc2.weight 	: 5120
fc2.bias 	: 10
Total number of parametrs : 407050
--------------------------------------------------

======================================================================
LOG FORMAT: Epoch: EPOCH | Train: LOSS1 LOSS2 LOSS3
======================================================================
Epoch:      0 | Train: 2.389 0.0916 0.0458
Epoch:    100 | Train: 0.8502 0.0383 0.0192
Epoch:    200 | Train: 0.5993 0.0266 0.0133
Epoch:    300 | Train: 0.5732 0.0251 0.0126
Epoch:    400 | Train: 0.488 0.0199 0.0099
Epoch:    500 | Train: 0.6247 0.0276 0.0138
Epoch:    600 | Train: 0.4346 0.0194 0.0097
Epoch:    700 | Train: 0.568 0.0238 0.0119
Epoch:    800 | Train: 0.4243 0.0158 0.0079
Epoch:    900 | Train: 0.3546 0.0158 0.0079
Epoch:    999 | Train: 0.4167 0.0214 0.0107

======================================================================
PERF FORMAT: DATASET | Acuracy: ACC | Loss: LOSS1 LOSS2 LOSS3 | PS: PS
======================================================================
Train | Acuracy:  88.42% | Loss: 0.43705 0.01883 0.00942 | PS: 0.00574 
Val   | Acuracy:  88.02% | Loss: 0.44708 0.01932 0.00966 | PS: 0.00538 
Test  | Acuracy:  89.20% | Loss: 0.41989 0.01796 0.00898 | PS: 0.00614 
----------------------------------------------------------------------
Optimization error  : 0.00574
Population error    : 0.00614
Generalization error: 0.0004
