Namespace(batch_size=64, beta_moco=0.1, gamma_moco=0.1, gamma_modo=0.01, lr=0.5, moo_method='MoDo', num_epochs=1000, rho_moco=0.0, rho_modo=0.0, seed=2)

==================================================
Model parameter count per layer
==================================================
fc1.weight 	: 401408
fc1.bias 	: 512
fc2.weight 	: 5120
fc2.bias 	: 10
Total number of parametrs : 407050
--------------------------------------------------

======================================================================
LOG FORMAT: Epoch: EPOCH | Train: LOSS1 LOSS2 LOSS3
======================================================================
Epoch:      0 | Train: 2.2467 0.0888 0.0444
Epoch:    100 | Train: 0.3806 0.0197 0.0099
Epoch:    200 | Train: 0.3847 0.0179 0.0089
Epoch:    300 | Train: 0.4732 0.0186 0.0093
Epoch:    400 | Train: 0.5325 0.0227 0.0114
Epoch:    500 | Train: 0.4184 0.0167 0.0083
Epoch:    600 | Train: 0.3507 0.0161 0.008
Epoch:    700 | Train: 0.2938 0.0167 0.0083
Epoch:    800 | Train: 0.4521 0.0151 0.0075
Epoch:    900 | Train: 0.3462 0.0116 0.0058
Epoch:    999 | Train: 0.2688 0.0113 0.0056

======================================================================
PERF FORMAT: DATASET | Acuracy: ACC | Loss: LOSS1 LOSS2 LOSS3 | PS: PS
======================================================================
Train | Acuracy:  91.64% | Loss: 0.30315 0.01301 0.0065 | PS: 0.01115 
Val   | Acuracy:  91.01% | Loss: 0.32695 0.01388 0.00694 | PS: 0.01188 
Test  | Acuracy:  91.57% | Loss: 0.31006 0.01316 0.00658 | PS: 0.01236 
----------------------------------------------------------------------
Optimization error  : 0.01115
Population error    : 0.01236
Generalization error: 0.00121
