Namespace(batch_size=64, beta_moco=0.1, gamma_moco=0.1, gamma_modo=0.01, lr=0.5, moo_method='MoDo', num_epochs=1000, rho_moco=0.0, rho_modo=0.0, seed=3)

==================================================
Model parameter count per layer
==================================================
fc1.weight 	: 401408
fc1.bias 	: 512
fc2.weight 	: 5120
fc2.bias 	: 10
Total number of parametrs : 407050
--------------------------------------------------

======================================================================
LOG FORMAT: Epoch: EPOCH | Train: LOSS1 LOSS2 LOSS3
======================================================================
Epoch:      0 | Train: 2.363 0.0911 0.0455
Epoch:    100 | Train: 0.46 0.021 0.0105
Epoch:    200 | Train: 0.467 0.0188 0.0094
Epoch:    300 | Train: 0.1983 0.0102 0.0051
Epoch:    400 | Train: 0.2175 0.012 0.006
Epoch:    500 | Train: 0.3703 0.015 0.0075
Epoch:    600 | Train: 0.2354 0.0101 0.0051
Epoch:    700 | Train: 0.2851 0.0149 0.0075
Epoch:    800 | Train: 0.5128 0.0206 0.0103
Epoch:    900 | Train: 0.2776 0.0091 0.0045
Epoch:    999 | Train: 0.1884 0.0092 0.0046

======================================================================
PERF FORMAT: DATASET | Acuracy: ACC | Loss: LOSS1 LOSS2 LOSS3 | PS: PS
======================================================================
Train | Acuracy:  91.75% | Loss: 0.30389 0.01277 0.00639 | PS: 0.00989 
Val   | Acuracy:  90.80% | Loss: 0.3338 0.01402 0.00701 | PS: 0.01041 
Test  | Acuracy:  91.67% | Loss: 0.30329 0.01274 0.00637 | PS: 0.0104 
----------------------------------------------------------------------
Optimization error  : 0.00989
Population error    : 0.0104
Generalization error: 0.00051
