Namespace(batch_size=64, beta_moco=0.1, gamma_moco=0.1, gamma_modo=0.01, lr=0.005, moo_method='MoDo', num_epochs=1000, rho_moco=0.0, rho_modo=0.0, seed=1)

==================================================
Model parameter count per layer
==================================================
fc1.weight 	: 401408
fc1.bias 	: 512
fc2.weight 	: 5120
fc2.bias 	: 10
Total number of parametrs : 407050
--------------------------------------------------

======================================================================
LOG FORMAT: Epoch: EPOCH | Train: LOSS1 LOSS2 LOSS3
======================================================================
Epoch:      0 | Train: 2.3314 0.0906 0.0453
Epoch:    100 | Train: 2.126 0.0862 0.0431
Epoch:    200 | Train: 2.0639 0.0846 0.0423
Epoch:    300 | Train: 2.0784 0.0848 0.0424
Epoch:    400 | Train: 2.1054 0.0855 0.0428
Epoch:    500 | Train: 2.06 0.0843 0.0422
Epoch:    600 | Train: 2.0462 0.0839 0.042
Epoch:    700 | Train: 2.0382 0.0837 0.0418
Epoch:    800 | Train: 2.0021 0.0828 0.0414
Epoch:    900 | Train: 1.8244 0.0768 0.0384
Epoch:    999 | Train: 1.9765 0.0816 0.0408

======================================================================
PERF FORMAT: DATASET | Acuracy: ACC | Loss: LOSS1 LOSS2 LOSS3 | PS: PS
======================================================================
Train | Acuracy:  54.11% | Loss: 1.95647 0.08111 0.04055 | PS: 0.02046 
Val   | Acuracy:  53.99% | Loss: 1.95638 0.08108 0.04054 | PS: 0.0208 
Test  | Acuracy:  54.59% | Loss: 1.95163 0.08099 0.04049 | PS: 0.0209 
----------------------------------------------------------------------
Optimization error  : 0.02046
Population error    : 0.0209
Generalization error: 0.00044
