Namespace(batch_size=64, beta_moco=0.1, gamma_moco=0.1, gamma_modo=0.01, lr=1.0, moo_method='MoDo', num_epochs=1000, rho_moco=0.0, rho_modo=0.0, seed=6)

==================================================
Model parameter count per layer
==================================================
fc1.weight 	: 401408
fc1.bias 	: 512
fc2.weight 	: 5120
fc2.bias 	: 10
Total number of parametrs : 407050
--------------------------------------------------

======================================================================
LOG FORMAT: Epoch: EPOCH | Train: LOSS1 LOSS2 LOSS3
======================================================================
Epoch:      0 | Train: 2.3515 0.091 0.0455
Epoch:    100 | Train: 0.5619 0.0218 0.0109
Epoch:    200 | Train: 0.1921 0.0081 0.0041
Epoch:    300 | Train: 0.3775 0.0192 0.0096
Epoch:    400 | Train: 0.5148 0.0179 0.009
Epoch:    500 | Train: 0.2825 0.0127 0.0063
Epoch:    600 | Train: 0.2688 0.0112 0.0056
Epoch:    700 | Train: 0.3306 0.0153 0.0077
Epoch:    800 | Train: 0.1468 0.0077 0.0038
Epoch:    900 | Train: 0.5833 0.0209 0.0104
Epoch:    999 | Train: 0.6653 0.0257 0.0129

======================================================================
PERF FORMAT: DATASET | Acuracy: ACC | Loss: LOSS1 LOSS2 LOSS3 | PS: PS
======================================================================
Train | Acuracy:  91.98% | Loss: 0.30288 0.01244 0.00622 | PS: 0.00807 
Val   | Acuracy:  91.12% | Loss: 0.31553 0.01326 0.00663 | PS: 0.00836 
Test  | Acuracy:  92.01% | Loss: 0.30001 0.01236 0.00618 | PS: 0.00909 
----------------------------------------------------------------------
Optimization error  : 0.00807
Population error    : 0.00909
Generalization error: 0.00101
