Namespace(batch_size=64, beta_moco=0.1, gamma_moco=0.1, gamma_modo=0.01, lr=0.05, moo_method='MoDo', num_epochs=1000, rho_moco=0.0, rho_modo=0.0, seed=1)

==================================================
Model parameter count per layer
==================================================
fc1.weight 	: 401408
fc1.bias 	: 512
fc2.weight 	: 5120
fc2.bias 	: 10
Total number of parametrs : 407050
--------------------------------------------------

======================================================================
LOG FORMAT: Epoch: EPOCH | Train: LOSS1 LOSS2 LOSS3
======================================================================
Epoch:      0 | Train: 2.3314 0.0906 0.0453
Epoch:    100 | Train: 1.0548 0.046 0.023
Epoch:    200 | Train: 0.6806 0.0281 0.0141
Epoch:    300 | Train: 0.6985 0.0321 0.0161
Epoch:    400 | Train: 0.5308 0.0233 0.0117
Epoch:    500 | Train: 0.5579 0.0266 0.0133
Epoch:    600 | Train: 0.7062 0.0334 0.0167
Epoch:    700 | Train: 0.5404 0.024 0.012
Epoch:    800 | Train: 0.4603 0.0188 0.0094
Epoch:    900 | Train: 0.3761 0.0167 0.0084
Epoch:    999 | Train: 0.376 0.0165 0.0083

======================================================================
PERF FORMAT: DATASET | Acuracy: ACC | Loss: LOSS1 LOSS2 LOSS3 | PS: PS
======================================================================
Train | Acuracy:  88.20% | Loss: 0.45247 0.01948 0.00974 | PS: 0.00441 
Val   | Acuracy:  88.34% | Loss: 0.45218 0.01961 0.00981 | PS: 0.00526 
Test  | Acuracy:  89.12% | Loss: 0.43153 0.01849 0.00924 | PS: 0.00536 
----------------------------------------------------------------------
Optimization error  : 0.00441
Population error    : 0.00536
Generalization error: 0.00096
