Namespace(batch_size=64, beta_moco=0.1, gamma_moco=0.1, gamma_modo=0.1, lr=0.1, moo_method='EW', num_epochs=1000, rho_moco=0.1, rho_modo=0.1, seed=4)

==================================================
Model parameter count per layer
==================================================
fc1.weight 	: 401408
fc1.bias 	: 512
fc2.weight 	: 5120
fc2.bias 	: 10
Total number of parametrs : 407050
--------------------------------------------------

================================================================================
LOG FORMAT: Epoch: EPOCH | Train: LOSS1 LOSS2 LOSS3 | Test: LOSS1 LOSS2 LOSS3
================================================================================
Epoch:      0 | Train: 2.3068 0.1796 0.8833 | Test: 2.3125 0.1797 0.889
Epoch:     50 | Train: 0.6861 0.0829 0.0816 | Test: 0.6668 0.0813 0.0779
Epoch:    100 | Train: 0.512 0.0605 0.0698 | Test: 0.4935 0.0589 0.0654
Epoch:    150 | Train: 0.4377 0.0505 0.0631 | Test: 0.4211 0.0489 0.0602
Epoch:    200 | Train: 0.4134 0.0466 0.0617 | Test: 0.3957 0.0448 0.0586
Epoch:    250 | Train: 0.3917 0.0425 0.0612 | Test: 0.3757 0.0411 0.0578
Epoch:    300 | Train: 0.3797 0.0409 0.06 | Test: 0.3651 0.0397 0.0564
Epoch:    350 | Train: 0.3571 0.0375 0.0577 | Test: 0.3403 0.0362 0.0537
Epoch:    400 | Train: 0.361 0.037 0.0601 | Test: 0.3468 0.0356 0.0575
Epoch:    450 | Train: 0.3434 0.036 0.0557 | Test: 0.3311 0.0347 0.0536
Epoch:    500 | Train: 0.3421 0.0353 0.0553 | Test: 0.3276 0.034 0.0529
Epoch:    550 | Train: 0.3357 0.0345 0.055 | Test: 0.3294 0.0336 0.0549
Epoch:    600 | Train: 0.3333 0.034 0.0541 | Test: 0.3241 0.0329 0.0527
Epoch:    650 | Train: 0.3269 0.033 0.0541 | Test: 0.3178 0.0318 0.0536
Epoch:    700 | Train: 0.3209 0.0321 0.0535 | Test: 0.3132 0.0312 0.0529
Epoch:    750 | Train: 0.3187 0.0318 0.0534 | Test: 0.3117 0.0306 0.0537
Epoch:    800 | Train: 0.3199 0.0315 0.0537 | Test: 0.3125 0.0305 0.0528
Epoch:    850 | Train: 0.3162 0.0307 0.0539 | Test: 0.3122 0.0298 0.0548
Epoch:    900 | Train: 0.3169 0.0311 0.0532 | Test: 0.3156 0.0305 0.0539
Epoch:    950 | Train: 0.3205 0.0313 0.0537 | Test: 0.3204 0.0307 0.0558
Epoch:    999 | Train: 0.3088 0.0303 0.0521 | Test: 0.3059 0.0294 0.0534

================================================================================
PERF FORMAT: DATASET | Acuracy: ACC | Loss: LOSS1 LOSS2 LOSS3 | PS: PS
======================================================================
Train | Acuracy:  91.21% | Loss: 0.31015 0.03043 0.05184 | PS: 0.03122 
Val   | Acuracy:  90.70% | Loss: 0.32862 0.03145 0.05556 | PS: 0.02883 
Test  | Acuracy:  91.49% | Loss: 0.3074 0.02953 0.05286 | PS: 0.02963 
--------------------------------------------------------------------------------
Optimization error  : 0.03122
Population error    : 0.02963
Generalization error: -0.00159
