Namespace(batch_size=64, beta_moco=0.1, gamma_moco=0.1, gamma_modo=0.1, lr=0.1, moo_method='EW', num_epochs=1000, rho_moco=0.1, rho_modo=0.1, seed=6)

==================================================
Model parameter count per layer
==================================================
fc1.weight 	: 401408
fc1.bias 	: 512
fc2.weight 	: 5120
fc2.bias 	: 10
Total number of parametrs : 407050
--------------------------------------------------

================================================================================
LOG FORMAT: Epoch: EPOCH | Train: LOSS1 LOSS2 LOSS3 | Test: LOSS1 LOSS2 LOSS3
================================================================================
Epoch:      0 | Train: 2.3525 0.1806 0.931 | Test: 2.355 0.1807 0.9331
Epoch:     50 | Train: 0.689 0.0832 0.0841 | Test: 0.6637 0.0813 0.0772
Epoch:    100 | Train: 0.5174 0.0609 0.071 | Test: 0.4941 0.0589 0.0655
Epoch:    150 | Train: 0.4509 0.0515 0.066 | Test: 0.4289 0.0496 0.0618
Epoch:    200 | Train: 0.4101 0.0458 0.0616 | Test: 0.3902 0.044 0.0579
Epoch:    250 | Train: 0.3956 0.0437 0.0602 | Test: 0.3756 0.042 0.0567
Epoch:    300 | Train: 0.3728 0.04 0.0583 | Test: 0.3565 0.0384 0.0556
Epoch:    350 | Train: 0.3656 0.0389 0.0577 | Test: 0.3483 0.0372 0.0547
Epoch:    400 | Train: 0.3587 0.0373 0.0582 | Test: 0.3438 0.0359 0.0557
Epoch:    450 | Train: 0.3484 0.0359 0.0567 | Test: 0.3337 0.0347 0.054
Epoch:    500 | Train: 0.3461 0.0351 0.0571 | Test: 0.3335 0.0338 0.0558
Epoch:    550 | Train: 0.3376 0.0346 0.0543 | Test: 0.3242 0.0334 0.052
Epoch:    600 | Train: 0.33 0.0333 0.0545 | Test: 0.3204 0.0324 0.0531
Epoch:    650 | Train: 0.3246 0.0329 0.0533 | Test: 0.3122 0.0318 0.0514
Epoch:    700 | Train: 0.3286 0.0328 0.0542 | Test: 0.3203 0.0317 0.0537
Epoch:    750 | Train: 0.3209 0.0321 0.0528 | Test: 0.312 0.0311 0.0525
Epoch:    800 | Train: 0.3165 0.0319 0.052 | Test: 0.3111 0.0311 0.052
Epoch:    850 | Train: 0.3159 0.0317 0.0517 | Test: 0.3055 0.0306 0.0506
Epoch:    900 | Train: 0.3221 0.0317 0.0534 | Test: 0.3117 0.0305 0.0519
Epoch:    950 | Train: 0.3126 0.031 0.0517 | Test: 0.3024 0.0298 0.0504
Epoch:    999 | Train: 0.3127 0.031 0.0518 | Test: 0.3033 0.0301 0.0507

================================================================================
PERF FORMAT: DATASET | Acuracy: ACC | Loss: LOSS1 LOSS2 LOSS3 | PS: PS
======================================================================
Train | Acuracy:  91.27% | Loss: 0.30919 0.03079 0.05091 | PS: 0.02352 
Val   | Acuracy:  90.69% | Loss: 0.31875 0.03169 0.05425 | PS: 0.02303 
Test  | Acuracy:  91.43% | Loss: 0.30035 0.02984 0.05002 | PS: 0.02668 
--------------------------------------------------------------------------------
Optimization error  : 0.02352
Population error    : 0.02668
Generalization error: 0.00316
