Namespace(batch_size=64, beta_moco=0.1, gamma_moco=0.1, gamma_modo=0.1, lr=1.0, moo_method='MGDA', num_epochs=1000, rho_moco=0.1, rho_modo=0.1, seed=3)

==================================================
Model parameter count per layer
==================================================
fc1.weight 	: 401408
fc1.bias 	: 512
fc2.weight 	: 5120
fc2.bias 	: 10
Total number of parametrs : 407050
--------------------------------------------------

================================================================================
LOG FORMAT: Epoch: EPOCH | Train: LOSS1 LOSS2 LOSS3 | Test: LOSS1 LOSS2 LOSS3
================================================================================
Epoch:      0 | Train: 2.3215 0.1797 0.8909 | Test: 2.3254 0.1798 0.8934
Epoch:     50 | Train: 1.345 0.0885 0.3816 | Test: 1.3557 0.0879 0.3851
Epoch:    100 | Train: 0.8328 0.056 0.2184 | Test: 0.8126 0.0547 0.2125
Epoch:    150 | Train: 0.7252 0.0452 0.1665 | Test: 0.7099 0.0437 0.163
Epoch:    200 | Train: 0.4438 0.0348 0.0927 | Test: 0.4264 0.0334 0.0903
Epoch:    250 | Train: 0.426 0.0301 0.0937 | Test: 0.4078 0.0289 0.0905
Epoch:    300 | Train: 0.4269 0.0275 0.0947 | Test: 0.4077 0.0265 0.0903
Epoch:    350 | Train: 0.4384 0.0265 0.0983 | Test: 0.4247 0.0258 0.0951
Epoch:    400 | Train: 0.4499 0.0258 0.1013 | Test: 0.4267 0.0248 0.0955
Epoch:    450 | Train: 0.4498 0.0245 0.1034 | Test: 0.4363 0.0239 0.0999
Epoch:    500 | Train: 0.4541 0.0239 0.1026 | Test: 0.4338 0.0231 0.0967
Epoch:    550 | Train: 0.4504 0.0228 0.1029 | Test: 0.4275 0.022 0.0977
Epoch:    600 | Train: 0.4678 0.0227 0.1084 | Test: 0.4501 0.022 0.1051
Epoch:    650 | Train: 0.4655 0.0221 0.1075 | Test: 0.4404 0.0211 0.1023
Epoch:    700 | Train: 0.4642 0.0217 0.1063 | Test: 0.4424 0.0208 0.1029
Epoch:    750 | Train: 0.4986 0.0225 0.1123 | Test: 0.4672 0.0214 0.107
Epoch:    800 | Train: 0.4855 0.0213 0.1128 | Test: 0.4632 0.0205 0.1091
Epoch:    850 | Train: 0.4917 0.0208 0.1159 | Test: 0.4678 0.0199 0.1134
Epoch:    900 | Train: 0.5051 0.0216 0.1164 | Test: 0.4899 0.0211 0.1127
Epoch:    950 | Train: 0.5039 0.0206 0.1164 | Test: 0.4768 0.0198 0.1122
Epoch:    999 | Train: 0.4879 0.0197 0.1157 | Test: 0.4709 0.0194 0.1134

================================================================================
PERF FORMAT: DATASET | Acuracy: ACC | Loss: LOSS1 LOSS2 LOSS3 | PS: PS
======================================================================
Train | Acuracy:  91.25% | Loss: 0.49537 0.02004 0.1181 | PS: 0.01517 
Val   | Acuracy:  90.51% | Loss: 0.51477 0.02144 0.11768 | PS: 0.01365 
Test  | Acuracy:  91.22% | Loss: 0.47747 0.01963 0.11526 | PS: 0.01724 
--------------------------------------------------------------------------------
Optimization error  : 0.01517
Population error    : 0.01724
Generalization error: 0.00207
