Namespace(batch_size=64, beta_moco=0.1, gamma_moco=0.1, gamma_modo=0.1, lr=1.0, moo_method='MGDA', num_epochs=1000, rho_moco=0.1, rho_modo=0.1, seed=4)

==================================================
Model parameter count per layer
==================================================
fc1.weight 	: 401408
fc1.bias 	: 512
fc2.weight 	: 5120
fc2.bias 	: 10
Total number of parametrs : 407050
--------------------------------------------------

================================================================================
LOG FORMAT: Epoch: EPOCH | Train: LOSS1 LOSS2 LOSS3 | Test: LOSS1 LOSS2 LOSS3
================================================================================
Epoch:      0 | Train: 2.3068 0.1796 0.8833 | Test: 2.3125 0.1797 0.889
Epoch:     50 | Train: 1.4581 0.0815 0.4716 | Test: 1.4713 0.081 0.4774
Epoch:    100 | Train: 1.2315 0.064 0.3471 | Test: 1.2461 0.0633 0.35
Epoch:    150 | Train: 0.821 0.0492 0.2139 | Test: 0.813 0.048 0.2115
Epoch:    200 | Train: 0.5368 0.0418 0.1133 | Test: 0.5099 0.0403 0.1035
Epoch:    250 | Train: 0.4318 0.0318 0.0951 | Test: 0.3988 0.0302 0.0843
Epoch:    300 | Train: 0.4453 0.0301 0.0983 | Test: 0.416 0.0287 0.0883
Epoch:    350 | Train: 0.4361 0.0267 0.1001 | Test: 0.3996 0.0252 0.0878
Epoch:    400 | Train: 0.4463 0.0258 0.1052 | Test: 0.4108 0.0244 0.0935
Epoch:    450 | Train: 0.4408 0.0242 0.1031 | Test: 0.4066 0.0232 0.092
Epoch:    500 | Train: 0.4526 0.0236 0.1045 | Test: 0.4198 0.0226 0.0947
Epoch:    550 | Train: 0.4564 0.0229 0.1076 | Test: 0.4279 0.0221 0.0999
Epoch:    600 | Train: 0.4528 0.0224 0.1054 | Test: 0.422 0.0213 0.0967
Epoch:    650 | Train: 0.4575 0.0218 0.1081 | Test: 0.4254 0.0206 0.0999
Epoch:    700 | Train: 0.4592 0.0213 0.1084 | Test: 0.4305 0.0203 0.1016
Epoch:    750 | Train: 0.4639 0.0211 0.1099 | Test: 0.4408 0.0202 0.1043
Epoch:    800 | Train: 0.4838 0.0215 0.1137 | Test: 0.4616 0.0208 0.107
Epoch:    850 | Train: 0.4763 0.0203 0.1135 | Test: 0.4542 0.0196 0.1086
Epoch:    900 | Train: 0.4895 0.0208 0.1159 | Test: 0.4671 0.0201 0.1103
Epoch:    950 | Train: 0.4832 0.0198 0.1155 | Test: 0.4603 0.0192 0.1103
Epoch:    999 | Train: 0.5077 0.0202 0.1232 | Test: 0.4809 0.0194 0.1177

================================================================================
PERF FORMAT: DATASET | Acuracy: ACC | Loss: LOSS1 LOSS2 LOSS3 | PS: PS
======================================================================
Train | Acuracy:  91.33% | Loss: 0.49863 0.01986 0.12077 | PS: 0.01227 
Val   | Acuracy:  90.47% | Loss: 0.51616 0.02141 0.11979 | PS: 0.01311 
Test  | Acuracy:  91.58% | Loss: 0.47272 0.01911 0.1152 | PS: 0.01265 
--------------------------------------------------------------------------------
Optimization error  : 0.01227
Population error    : 0.01265
Generalization error: 0.00038
