Namespace(batch_size=64, beta_moco=0.1, gamma_moco=0.1, gamma_modo=0.1, lr=1.0, moo_method='MGDA', num_epochs=1000, rho_moco=0.1, rho_modo=0.1, seed=6)

==================================================
Model parameter count per layer
==================================================
fc1.weight 	: 401408
fc1.bias 	: 512
fc2.weight 	: 5120
fc2.bias 	: 10
Total number of parametrs : 407050
--------------------------------------------------

================================================================================
LOG FORMAT: Epoch: EPOCH | Train: LOSS1 LOSS2 LOSS3 | Test: LOSS1 LOSS2 LOSS3
================================================================================
Epoch:      0 | Train: 2.3525 0.1806 0.931 | Test: 2.355 0.1807 0.9331
Epoch:     50 | Train: 1.0807 0.0785 0.3007 | Test: 1.0692 0.0776 0.2978
Epoch:    100 | Train: 0.8998 0.0512 0.2698 | Test: 0.8797 0.0494 0.2658
Epoch:    150 | Train: 0.8974 0.0443 0.2638 | Test: 0.8774 0.0424 0.2608
Epoch:    200 | Train: 0.912 0.0412 0.2572 | Test: 0.8952 0.0394 0.2537
Epoch:    250 | Train: 0.9024 0.0394 0.2372 | Test: 0.8868 0.0377 0.2344
Epoch:    300 | Train: 0.85 0.0378 0.2141 | Test: 0.8432 0.0364 0.2131
Epoch:    350 | Train: 0.5079 0.0326 0.1094 | Test: 0.49 0.0313 0.1057
Epoch:    400 | Train: 0.455 0.0279 0.1022 | Test: 0.4359 0.0269 0.097
Epoch:    450 | Train: 0.4447 0.0256 0.0998 | Test: 0.428 0.0246 0.0961
Epoch:    500 | Train: 0.455 0.0248 0.104 | Test: 0.4309 0.0238 0.0987
Epoch:    550 | Train: 0.4583 0.0244 0.1002 | Test: 0.4366 0.0236 0.0949
Epoch:    600 | Train: 0.4598 0.0232 0.1055 | Test: 0.4344 0.0223 0.0991
Epoch:    650 | Train: 0.4664 0.0229 0.1071 | Test: 0.44 0.0219 0.1015
Epoch:    700 | Train: 0.4668 0.0224 0.1062 | Test: 0.444 0.0216 0.1003
Epoch:    750 | Train: 0.4851 0.022 0.114 | Test: 0.454 0.021 0.1073
Epoch:    800 | Train: 0.4719 0.0213 0.1088 | Test: 0.4539 0.0208 0.105
Epoch:    850 | Train: 0.4772 0.021 0.11 | Test: 0.4474 0.0202 0.1028
Epoch:    900 | Train: 0.4957 0.021 0.1144 | Test: 0.4697 0.0206 0.1078
Epoch:    950 | Train: 0.5032 0.0211 0.1164 | Test: 0.4771 0.0203 0.111
Epoch:    999 | Train: 0.4869 0.02 0.1126 | Test: 0.4554 0.0193 0.1056

================================================================================
PERF FORMAT: DATASET | Acuracy: ACC | Loss: LOSS1 LOSS2 LOSS3 | PS: PS
======================================================================
Train | Acuracy:  91.34% | Loss: 0.48759 0.01994 0.11247 | PS: 0.00883 
Val   | Acuracy:  90.83% | Loss: 0.48303 0.02082 0.11087 | PS: 0.00874 
Test  | Acuracy:  91.37% | Loss: 0.45761 0.0194 0.10592 | PS: 0.01241 
--------------------------------------------------------------------------------
Optimization error  : 0.00883
Population error    : 0.01241
Generalization error: 0.00358
