Namespace(batch_size=64, beta_moco=0.1, gamma_moco=0.1, gamma_modo=0.1, lr=0.1, moo_method='EW', num_epochs=1000, rho_moco=0.1, rho_modo=0.1, seed=7)

==================================================
Model parameter count per layer
==================================================
fc1.weight 	: 401408
fc1.bias 	: 512
fc2.weight 	: 5120
fc2.bias 	: 10
Total number of parametrs : 407050
--------------------------------------------------

================================================================================
LOG FORMAT: Epoch: EPOCH | Train: LOSS1 LOSS2 LOSS3 | Test: LOSS1 LOSS2 LOSS3
================================================================================
Epoch:      0 | Train: 2.3352 0.18 0.9057 | Test: 2.3277 0.1799 0.8983
Epoch:    100 | Train: 0.5122 0.0611 0.0681 | Test: 0.4886 0.059 0.0633
Epoch:    200 | Train: 0.4165 0.0464 0.0634 | Test: 0.3972 0.0447 0.0603
Epoch:    300 | Train: 0.3708 0.0403 0.058 | Test: 0.3544 0.0387 0.056
Epoch:    400 | Train: 0.3582 0.0374 0.058 | Test: 0.345 0.036 0.0557
Epoch:    500 | Train: 0.3495 0.0357 0.0571 | Test: 0.3362 0.0345 0.0551
Epoch:    600 | Train: 0.3329 0.0337 0.0555 | Test: 0.3158 0.032 0.0537
Epoch:    700 | Train: 0.3321 0.0329 0.0553 | Test: 0.3216 0.0317 0.0541
Epoch:    800 | Train: 0.3258 0.0325 0.054 | Test: 0.3135 0.0311 0.053
Epoch:    900 | Train: 0.3225 0.0319 0.0542 | Test: 0.3129 0.0307 0.0543
Epoch:    999 | Train: 0.3117 0.0311 0.051 | Test: 0.3045 0.0302 0.0508

================================================================================
PERF FORMAT: DATASET | Acuracy: ACC | Loss: LOSS1 LOSS2 LOSS3 | PS: PS
======================================================================
Train | Acuracy:  90.96% | Loss: 0.31305 0.03115 0.05147 | PS: 0.02435 
Val   | Acuracy:  90.75% | Loss: 0.32401 0.03131 0.05557 | PS: 0.02321 
Test  | Acuracy:  91.13% | Loss: 0.30599 0.03019 0.05132 | PS: 0.02735 
--------------------------------------------------------------------------------
Optimization error  : 0.02435
Population error    : 0.02735
Generalization error: 0.003
