Namespace(batch_size=64, beta_moco=0.1, gamma_moco=0.1, gamma_modo=0.1, lr=0.1, moo_method='EW', num_epochs=1000, rho_moco=0.1, rho_modo=0.1, seed=6)

==================================================
Model parameter count per layer
==================================================
fc1.weight 	: 401408
fc1.bias 	: 512
fc2.weight 	: 5120
fc2.bias 	: 10
Total number of parametrs : 407050
--------------------------------------------------

================================================================================
LOG FORMAT: Epoch: EPOCH | Train: LOSS1 LOSS2 LOSS3 | Test: LOSS1 LOSS2 LOSS3
================================================================================
Epoch:      0 | Train: 2.3525 0.1806 0.931 | Test: 2.355 0.1807 0.9331
Epoch:    100 | Train: 0.5153 0.061 0.069 | Test: 0.4947 0.0594 0.0639
Epoch:    200 | Train: 0.4082 0.0454 0.0618 | Test: 0.3873 0.0437 0.0568
Epoch:    300 | Train: 0.3727 0.0394 0.06 | Test: 0.3529 0.0379 0.0558
Epoch:    400 | Train: 0.3548 0.0367 0.0581 | Test: 0.3398 0.0354 0.0551
Epoch:    500 | Train: 0.345 0.0353 0.0568 | Test: 0.3303 0.0339 0.0536
Epoch:    600 | Train: 0.3325 0.034 0.0546 | Test: 0.3201 0.0328 0.0521
Epoch:    700 | Train: 0.3302 0.0326 0.0557 | Test: 0.3216 0.0318 0.0549
Epoch:    800 | Train: 0.3279 0.0321 0.0557 | Test: 0.3175 0.0309 0.0542
Epoch:    900 | Train: 0.3164 0.031 0.0531 | Test: 0.3087 0.0302 0.0526
Epoch:    999 | Train: 0.3173 0.031 0.0529 | Test: 0.3126 0.0305 0.0527

================================================================================
PERF FORMAT: DATASET | Acuracy: ACC | Loss: LOSS1 LOSS2 LOSS3 | PS: PS
======================================================================
Train | Acuracy:  91.03% | Loss: 0.31517 0.0308 0.05281 | PS: 0.03334 
Val   | Acuracy:  90.31% | Loss: 0.32368 0.03168 0.05561 | PS: 0.0337 
Test  | Acuracy:  91.09% | Loss: 0.30943 0.03017 0.05225 | PS: 0.03709 
--------------------------------------------------------------------------------
Optimization error  : 0.03334
Population error    : 0.03709
Generalization error: 0.00375
