Namespace(batch_size=64, beta_moco=0.1, gamma_moco=0.1, gamma_modo=0.1, lr=1.0, moo_method='MGDA', num_epochs=1000, rho_moco=0.1, rho_modo=0.1, seed=6)

==================================================
Model parameter count per layer
==================================================
fc1.weight 	: 401408
fc1.bias 	: 512
fc2.weight 	: 5120
fc2.bias 	: 10
Total number of parametrs : 407050
--------------------------------------------------

================================================================================
LOG FORMAT: Epoch: EPOCH | Train: LOSS1 LOSS2 LOSS3 | Test: LOSS1 LOSS2 LOSS3
================================================================================
Epoch:      0 | Train: 2.3525 0.1806 0.931 | Test: 2.355 0.1807 0.9331
Epoch:    100 | Train: 0.8886 0.0516 0.2632 | Test: 0.8743 0.05 0.2601
Epoch:    200 | Train: 0.8365 0.0414 0.2257 | Test: 0.8214 0.0397 0.2236
Epoch:    300 | Train: 0.5438 0.0351 0.1155 | Test: 0.5307 0.0339 0.114
Epoch:    400 | Train: 0.4501 0.027 0.101 | Test: 0.4293 0.0258 0.0962
Epoch:    500 | Train: 0.4509 0.0244 0.1017 | Test: 0.4336 0.0237 0.0976
Epoch:    600 | Train: 0.4522 0.0232 0.1031 | Test: 0.4318 0.0226 0.0962
Epoch:    700 | Train: 0.4663 0.0218 0.1089 | Test: 0.4352 0.0209 0.1009
Epoch:    800 | Train: 0.4884 0.022 0.1115 | Test: 0.4628 0.021 0.1052
Epoch:    900 | Train: 0.4725 0.0204 0.1081 | Test: 0.4437 0.0198 0.101
Epoch:    999 | Train: 0.4835 0.0201 0.1119 | Test: 0.4564 0.0197 0.1042

================================================================================
PERF FORMAT: DATASET | Acuracy: ACC | Loss: LOSS1 LOSS2 LOSS3 | PS: PS
======================================================================
Train | Acuracy:  91.15% | Loss: 0.48484 0.02013 0.11245 | PS: 0.01296 
Val   | Acuracy:  90.54% | Loss: 0.4828 0.02104 0.11068 | PS: 0.01557 
Test  | Acuracy:  91.29% | Loss: 0.45737 0.01967 0.10429 | PS: 0.01391 
--------------------------------------------------------------------------------
Optimization error  : 0.01296
Population error    : 0.01391
Generalization error: 0.00095
