Namespace(batch_size=64, beta_moco=0.1, gamma_moco=0.1, gamma_modo=0.1, lr=1.0, moo_method='MGDA', num_epochs=1000, rho_moco=0.1, rho_modo=0.1, seed=7)

==================================================
Model parameter count per layer
==================================================
fc1.weight 	: 401408
fc1.bias 	: 512
fc2.weight 	: 5120
fc2.bias 	: 10
Total number of parametrs : 407050
--------------------------------------------------

================================================================================
LOG FORMAT: Epoch: EPOCH | Train: LOSS1 LOSS2 LOSS3 | Test: LOSS1 LOSS2 LOSS3
================================================================================
Epoch:      0 | Train: 2.3352 0.18 0.9057 | Test: 2.3277 0.1799 0.8983
Epoch:    100 | Train: 1.1141 0.0634 0.3125 | Test: 1.1033 0.0615 0.312
Epoch:    200 | Train: 0.4453 0.0353 0.0945 | Test: 0.4145 0.0335 0.0865
Epoch:    300 | Train: 0.4321 0.0279 0.0986 | Test: 0.4054 0.0266 0.092
Epoch:    400 | Train: 0.4586 0.0255 0.1085 | Test: 0.4267 0.0241 0.0998
Epoch:    500 | Train: 0.4668 0.0239 0.1096 | Test: 0.4324 0.0227 0.0995
Epoch:    600 | Train: 0.4728 0.0226 0.1129 | Test: 0.4345 0.0213 0.1037
Epoch:    700 | Train: 0.4885 0.0223 0.1161 | Test: 0.457 0.0214 0.1068
Epoch:    800 | Train: 0.5041 0.0223 0.1211 | Test: 0.4635 0.0211 0.1113
Epoch:    900 | Train: 0.4992 0.0208 0.1202 | Test: 0.4608 0.0199 0.1119
Epoch:    999 | Train: 0.4994 0.0202 0.1196 | Test: 0.4691 0.0196 0.1136

================================================================================
PERF FORMAT: DATASET | Acuracy: ACC | Loss: LOSS1 LOSS2 LOSS3 | PS: PS
======================================================================
Train | Acuracy:  91.04% | Loss: 0.5018 0.02035 0.1201 | PS: 0.01426 
Val   | Acuracy:  90.96% | Loss: 0.49541 0.02065 0.11716 | PS: 0.01506 
Test  | Acuracy:  91.24% | Loss: 0.47311 0.01973 0.11444 | PS: 0.01823 
--------------------------------------------------------------------------------
Optimization error  : 0.01426
Population error    : 0.01823
Generalization error: 0.00397
