Namespace(batch_size=64, beta_moco=0.1, gamma_moco=0.1, gamma_modo=0.1, lr=1.0, moo_method='MGDA', num_epochs=1000, rho_moco=0.1, rho_modo=0.1, seed=0)

==================================================
Model parameter count per layer
==================================================
fc1.weight 	: 401408
fc1.bias 	: 512
fc2.weight 	: 5120
fc2.bias 	: 10
Total number of parametrs : 407050
--------------------------------------------------

================================================================================
LOG FORMAT: Epoch: EPOCH | Train: LOSS1 LOSS2 LOSS3 | Test: LOSS1 LOSS2 LOSS3
================================================================================
Epoch:      0 | Train: 2.3229 0.1802 0.9055 | Test: 2.3241 0.1802 0.9065
Epoch:    100 | Train: 1.3646 0.0613 0.3956 | Test: 1.3834 0.0604 0.4
Epoch:    200 | Train: 1.2076 0.0538 0.3002 | Test: 1.2196 0.0528 0.3029
Epoch:    300 | Train: 0.4422 0.0339 0.0928 | Test: 0.4116 0.0322 0.0847
Epoch:    400 | Train: 0.4272 0.0268 0.0939 | Test: 0.3983 0.0254 0.0871
Epoch:    500 | Train: 0.4469 0.0244 0.1011 | Test: 0.4205 0.0233 0.0946
Epoch:    600 | Train: 0.4542 0.023 0.1047 | Test: 0.4243 0.022 0.0975
Epoch:    700 | Train: 0.4547 0.0218 0.1045 | Test: 0.4317 0.0211 0.0996
Epoch:    800 | Train: 0.4673 0.0213 0.1076 | Test: 0.4409 0.0204 0.1017
Epoch:    900 | Train: 0.4761 0.0205 0.1123 | Test: 0.4525 0.0197 0.1076
Epoch:    999 | Train: 0.4838 0.0199 0.1141 | Test: 0.4612 0.0194 0.1093

================================================================================
PERF FORMAT: DATASET | Acuracy: ACC | Loss: LOSS1 LOSS2 LOSS3 | PS: PS
======================================================================
Train | Acuracy:  91.30% | Loss: 0.48564 0.01995 0.11436 | PS: 0.00866 
Val   | Acuracy:  90.83% | Loss: 0.49583 0.02078 0.1156 | PS: 0.00886 
Test  | Acuracy:  91.62% | Loss: 0.46017 0.01929 0.10945 | PS: 0.00998 
--------------------------------------------------------------------------------
Optimization error  : 0.00866
Population error    : 0.00998
Generalization error: 0.00132
