Namespace(batch_size=64, beta_moco=0.1, gamma_moco=0.1, gamma_modo=0.1, lr=1.0, moo_method='MGDA', num_epochs=1000, rho_moco=0.1, rho_modo=0.1, seed=8)

==================================================
Model parameter count per layer
==================================================
fc1.weight 	: 401408
fc1.bias 	: 512
fc2.weight 	: 5120
fc2.bias 	: 10
Total number of parametrs : 407050
--------------------------------------------------

================================================================================
LOG FORMAT: Epoch: EPOCH | Train: LOSS1 LOSS2 LOSS3 | Test: LOSS1 LOSS2 LOSS3
================================================================================
Epoch:      0 | Train: 2.3556 0.1806 0.9304 | Test: 2.3569 0.1807 0.9314
Epoch:    100 | Train: 0.8961 0.0497 0.2832 | Test: 0.8827 0.0481 0.2809
Epoch:    200 | Train: 0.9323 0.0416 0.266 | Test: 0.921 0.0401 0.2644
Epoch:    300 | Train: 0.8801 0.0377 0.2233 | Test: 0.8796 0.0366 0.2254
Epoch:    400 | Train: 0.4701 0.0294 0.1027 | Test: 0.4595 0.0283 0.1029
Epoch:    500 | Train: 0.4678 0.0257 0.1045 | Test: 0.4465 0.0245 0.1027
Epoch:    600 | Train: 0.4697 0.0239 0.1051 | Test: 0.4527 0.0233 0.1032
Epoch:    700 | Train: 0.4601 0.0217 0.1066 | Test: 0.4406 0.0208 0.1041
Epoch:    800 | Train: 0.4767 0.0214 0.1102 | Test: 0.4558 0.0206 0.1072
Epoch:    900 | Train: 0.4808 0.021 0.1121 | Test: 0.4632 0.0207 0.1107
Epoch:    999 | Train: 0.4988 0.0209 0.1146 | Test: 0.4758 0.0203 0.1122

================================================================================
PERF FORMAT: DATASET | Acuracy: ACC | Loss: LOSS1 LOSS2 LOSS3 | PS: PS
======================================================================
Train | Acuracy:  90.88% | Loss: 0.49389 0.02062 0.11407 | PS: 0.01855 
Val   | Acuracy:  90.47% | Loss: 0.5449 0.02179 0.13109 | PS: 0.01831 
Test  | Acuracy:  91.25% | Loss: 0.47102 0.02013 0.11153 | PS: 0.01949 
--------------------------------------------------------------------------------
Optimization error  : 0.01855
Population error    : 0.01949
Generalization error: 0.00094
