Namespace(batch_size=64, beta_moco=0.1, gamma_moco=0.01, gamma_modo=0.1, lr=0.1, moo_method='MoCo', num_epochs=1000, rho_moco=0.1, rho_modo=0.1, seed=9)

==================================================
Model parameter count per layer
==================================================
fc1.weight 	: 401408
fc1.bias 	: 512
fc2.weight 	: 5120
fc2.bias 	: 10
Total number of parametrs : 407050
--------------------------------------------------

================================================================================
LOG FORMAT: Epoch: EPOCH | Train: LOSS1 LOSS2 LOSS3 | Test: LOSS1 LOSS2 LOSS3
================================================================================
Epoch:      0 | Train: 2.3789 0.181 0.9549 | Test: 2.3839 0.1811 0.9595
Epoch:    100 | Train: 0.5302 0.0623 0.0725 | Test: 0.508 0.0605 0.0674
Epoch:    200 | Train: 0.4254 0.0482 0.063 | Test: 0.4074 0.0463 0.0601
Epoch:    300 | Train: 0.3871 0.042 0.06 | Test: 0.3668 0.0403 0.0563
Epoch:    400 | Train: 0.3692 0.0393 0.0586 | Test: 0.3534 0.0378 0.0557
Epoch:    500 | Train: 0.3507 0.0368 0.0564 | Test: 0.3356 0.0352 0.0542
Epoch:    600 | Train: 0.3383 0.035 0.0545 | Test: 0.3276 0.0339 0.0533
Epoch:    700 | Train: 0.3322 0.0338 0.0547 | Test: 0.3254 0.0327 0.0549
Epoch:    800 | Train: 0.3246 0.0328 0.0534 | Test: 0.3141 0.0317 0.0521
Epoch:    900 | Train: 0.3241 0.0325 0.0533 | Test: 0.3156 0.0314 0.0522
Epoch:    999 | Train: 0.3164 0.0316 0.0523 | Test: 0.3078 0.0306 0.0509

================================================================================
PERF FORMAT: DATASET | Acuracy: ACC | Loss: LOSS1 LOSS2 LOSS3 | PS: PS
======================================================================
Train | Acuracy:  91.07% | Loss: 0.31619 0.03154 0.0523 | PS: 0.02127 
Val   | Acuracy:  90.96% | Loss: 0.32493 0.03174 0.05508 | PS: 0.02116 
Test  | Acuracy:  91.38% | Loss: 0.30791 0.03059 0.05098 | PS: 0.02542 
--------------------------------------------------------------------------------
Optimization error  : 0.02127
Population error    : 0.02542
Generalization error: 0.00416
