Namespace(batch_size=64, beta_moco=0.1, gamma_moco=0.01, gamma_modo=0.1, lr=0.1, moo_method='MoCo', num_epochs=1000, rho_moco=0.1, rho_modo=0.1, seed=4)

==================================================
Model parameter count per layer
==================================================
fc1.weight 	: 401408
fc1.bias 	: 512
fc2.weight 	: 5120
fc2.bias 	: 10
Total number of parametrs : 407050
--------------------------------------------------

================================================================================
LOG FORMAT: Epoch: EPOCH | Train: LOSS1 LOSS2 LOSS3 | Test: LOSS1 LOSS2 LOSS3
================================================================================
Epoch:      0 | Train: 2.3068 0.1796 0.8833 | Test: 2.3125 0.1797 0.889
Epoch:    100 | Train: 0.5316 0.0629 0.0719 | Test: 0.5144 0.0615 0.0684
Epoch:    200 | Train: 0.422 0.0479 0.0625 | Test: 0.4043 0.0462 0.0594
Epoch:    300 | Train: 0.3838 0.0422 0.059 | Test: 0.3694 0.0408 0.0565
Epoch:    400 | Train: 0.3677 0.0394 0.0583 | Test: 0.3542 0.038 0.056
Epoch:    500 | Train: 0.3491 0.0367 0.0559 | Test: 0.3423 0.0358 0.0554
Epoch:    600 | Train: 0.3402 0.0353 0.055 | Test: 0.3313 0.0342 0.0543
Epoch:    700 | Train: 0.3282 0.0335 0.0539 | Test: 0.317 0.0323 0.0526
Epoch:    800 | Train: 0.3239 0.033 0.0527 | Test: 0.3172 0.0321 0.0521
Epoch:    900 | Train: 0.3199 0.0323 0.0526 | Test: 0.314 0.0313 0.0531
Epoch:    999 | Train: 0.3158 0.0316 0.0521 | Test: 0.31 0.0306 0.0523

================================================================================
PERF FORMAT: DATASET | Acuracy: ACC | Loss: LOSS1 LOSS2 LOSS3 | PS: PS
======================================================================
Train | Acuracy:  91.01% | Loss: 0.31558 0.03158 0.05197 | PS: 0.0219 
Val   | Acuracy:  90.28% | Loss: 0.33426 0.0327 0.05573 | PS: 0.02229 
Test  | Acuracy:  91.01% | Loss: 0.31027 0.03063 0.05223 | PS: 0.02532 
--------------------------------------------------------------------------------
Optimization error  : 0.0219
Population error    : 0.02532
Generalization error: 0.00343
