Namespace(batch_size=64, beta_moco=0.1, gamma_moco=0.01, gamma_modo=0.1, lr=0.1, moo_method='MoCo', num_epochs=1000, rho_moco=0.1, rho_modo=0.1, seed=2)

==================================================
Model parameter count per layer
==================================================
fc1.weight 	: 401408
fc1.bias 	: 512
fc2.weight 	: 5120
fc2.bias 	: 10
Total number of parametrs : 407050
--------------------------------------------------

================================================================================
LOG FORMAT: Epoch: EPOCH | Train: LOSS1 LOSS2 LOSS3 | Test: LOSS1 LOSS2 LOSS3
================================================================================
Epoch:      0 | Train: 2.2838 0.1792 0.8559 | Test: 2.2852 0.1792 0.857
Epoch:    100 | Train: 0.5254 0.0621 0.0719 | Test: 0.5039 0.0601 0.0677
Epoch:    200 | Train: 0.4252 0.0483 0.0627 | Test: 0.404 0.0463 0.059
Epoch:    300 | Train: 0.3861 0.0423 0.0592 | Test: 0.3669 0.0405 0.0561
Epoch:    400 | Train: 0.3643 0.0392 0.0571 | Test: 0.35 0.0375 0.0558
Epoch:    500 | Train: 0.3486 0.0368 0.0554 | Test: 0.3295 0.0349 0.0523
Epoch:    600 | Train: 0.3358 0.0352 0.0536 | Test: 0.3198 0.0336 0.0515
Epoch:    700 | Train: 0.3278 0.0338 0.0529 | Test: 0.3158 0.0324 0.0517
Epoch:    800 | Train: 0.3259 0.0333 0.0532 | Test: 0.3181 0.0322 0.0534
Epoch:    900 | Train: 0.3218 0.0327 0.0527 | Test: 0.3126 0.0314 0.0521
Epoch:    999 | Train: 0.3125 0.0315 0.0507 | Test: 0.3037 0.0303 0.0502

================================================================================
PERF FORMAT: DATASET | Acuracy: ACC | Loss: LOSS1 LOSS2 LOSS3 | PS: PS
======================================================================
Train | Acuracy:  91.07% | Loss: 0.3126 0.03155 0.05073 | PS: 0.01716 
Val   | Acuracy:  90.42% | Loss: 0.32754 0.03186 0.05584 | PS: 0.01749 
Test  | Acuracy:  91.17% | Loss: 0.30374 0.03031 0.05016 | PS: 0.01754 
--------------------------------------------------------------------------------
Optimization error  : 0.01716
Population error    : 0.01754
Generalization error: 0.00038
