Namespace(batch_size=64, beta_moco=0.1, gamma_moco=0.01, gamma_modo=0.1, lr=0.1, moo_method='MoCo', num_epochs=1000, rho_moco=0.1, rho_modo=0.1, seed=3)

==================================================
Model parameter count per layer
==================================================
fc1.weight 	: 401408
fc1.bias 	: 512
fc2.weight 	: 5120
fc2.bias 	: 10
Total number of parametrs : 407050
--------------------------------------------------

================================================================================
LOG FORMAT: Epoch: EPOCH | Train: LOSS1 LOSS2 LOSS3 | Test: LOSS1 LOSS2 LOSS3
================================================================================
Epoch:      0 | Train: 2.3215 0.1797 0.8909 | Test: 2.3254 0.1798 0.8934
Epoch:    100 | Train: 0.5331 0.063 0.0726 | Test: 0.5128 0.0614 0.0674
Epoch:    200 | Train: 0.4277 0.0475 0.0653 | Test: 0.4101 0.046 0.0615
Epoch:    300 | Train: 0.3892 0.0421 0.0609 | Test: 0.3727 0.0406 0.058
Epoch:    400 | Train: 0.362 0.0388 0.0574 | Test: 0.3475 0.0375 0.0544
Epoch:    500 | Train: 0.3501 0.0368 0.0565 | Test: 0.3356 0.0354 0.0541
Epoch:    600 | Train: 0.341 0.0351 0.0557 | Test: 0.3284 0.0339 0.0539
Epoch:    700 | Train: 0.3365 0.0346 0.0549 | Test: 0.3285 0.0336 0.054
Epoch:    800 | Train: 0.3235 0.0329 0.0534 | Test: 0.3131 0.0317 0.0522
Epoch:    900 | Train: 0.3184 0.0321 0.0525 | Test: 0.308 0.0311 0.0509
Epoch:    999 | Train: 0.3167 0.0317 0.0523 | Test: 0.306 0.0307 0.0509

================================================================================
PERF FORMAT: DATASET | Acuracy: ACC | Loss: LOSS1 LOSS2 LOSS3 | PS: PS
======================================================================
Train | Acuracy:  91.16% | Loss: 0.31686 0.03177 0.05229 | PS: 0.03016 
Val   | Acuracy:  90.47% | Loss: 0.33541 0.03294 0.05598 | PS: 0.03078 
Test  | Acuracy:  91.49% | Loss: 0.30615 0.0307 0.05085 | PS: 0.03363 
--------------------------------------------------------------------------------
Optimization error  : 0.03016
Population error    : 0.03363
Generalization error: 0.00348
