Namespace(batch_size=64, beta_moco=0.1, gamma_moco=0.01, gamma_modo=0.1, lr=0.1, moo_method='MoCo', num_epochs=1000, rho_moco=0.1, rho_modo=0.1, seed=8)

==================================================
Model parameter count per layer
==================================================
fc1.weight 	: 401408
fc1.bias 	: 512
fc2.weight 	: 5120
fc2.bias 	: 10
Total number of parametrs : 407050
--------------------------------------------------

================================================================================
LOG FORMAT: Epoch: EPOCH | Train: LOSS1 LOSS2 LOSS3 | Test: LOSS1 LOSS2 LOSS3
================================================================================
Epoch:      0 | Train: 2.3556 0.1806 0.9304 | Test: 2.3569 0.1807 0.9314
Epoch:    100 | Train: 0.5332 0.0629 0.073 | Test: 0.5161 0.0614 0.0696
Epoch:    200 | Train: 0.423 0.0478 0.0628 | Test: 0.4063 0.0462 0.0599
Epoch:    300 | Train: 0.3893 0.0424 0.06 | Test: 0.3746 0.0408 0.0587
Epoch:    400 | Train: 0.3627 0.0383 0.0579 | Test: 0.3496 0.0369 0.0563
Epoch:    500 | Train: 0.3494 0.0364 0.0564 | Test: 0.3366 0.035 0.0556
Epoch:    600 | Train: 0.3428 0.0351 0.056 | Test: 0.3336 0.0341 0.0551
Epoch:    700 | Train: 0.3287 0.0337 0.0534 | Test: 0.3159 0.0324 0.0522
Epoch:    800 | Train: 0.3226 0.0325 0.0535 | Test: 0.3139 0.0314 0.0533
Epoch:    900 | Train: 0.3192 0.032 0.0524 | Test: 0.3153 0.0313 0.0534
Epoch:    999 | Train: 0.3143 0.0313 0.0522 | Test: 0.3069 0.0304 0.052

================================================================================
PERF FORMAT: DATASET | Acuracy: ACC | Loss: LOSS1 LOSS2 LOSS3 | PS: PS
======================================================================
Train | Acuracy:  90.94% | Loss: 0.31441 0.03135 0.05215 | PS: 0.02032 
Val   | Acuracy:  90.34% | Loss: 0.341 0.03223 0.06101 | PS: 0.02003 
Test  | Acuracy:  91.05% | Loss: 0.30726 0.03042 0.052 | PS: 0.02243 
--------------------------------------------------------------------------------
Optimization error  : 0.02032
Population error    : 0.02243
Generalization error: 0.00212
