Namespace(batch_size=64, beta_moco=0.1, gamma_moco=0.01, gamma_modo=0.1, lr=0.1, moo_method='MoCo', num_epochs=1000, rho_moco=0.1, rho_modo=0.1, seed=7)

==================================================
Model parameter count per layer
==================================================
fc1.weight 	: 401408
fc1.bias 	: 512
fc2.weight 	: 5120
fc2.bias 	: 10
Total number of parametrs : 407050
--------------------------------------------------

================================================================================
LOG FORMAT: Epoch: EPOCH | Train: LOSS1 LOSS2 LOSS3 | Test: LOSS1 LOSS2 LOSS3
================================================================================
Epoch:      0 | Train: 2.3352 0.18 0.9057 | Test: 2.3277 0.1799 0.8983
Epoch:    100 | Train: 0.5381 0.0637 0.0732 | Test: 0.5135 0.0615 0.068
Epoch:    200 | Train: 0.4277 0.0481 0.0641 | Test: 0.405 0.0462 0.0595
Epoch:    300 | Train: 0.3934 0.0433 0.0606 | Test: 0.3767 0.0417 0.0584
Epoch:    400 | Train: 0.3668 0.0392 0.0582 | Test: 0.352 0.0378 0.0558
Epoch:    500 | Train: 0.3574 0.0371 0.0579 | Test: 0.3416 0.0357 0.0552
Epoch:    600 | Train: 0.3396 0.035 0.0554 | Test: 0.3223 0.0334 0.0529
Epoch:    700 | Train: 0.3317 0.0337 0.0547 | Test: 0.3159 0.0323 0.0525
Epoch:    800 | Train: 0.3274 0.0331 0.0535 | Test: 0.3132 0.0318 0.0522
Epoch:    900 | Train: 0.3222 0.0326 0.053 | Test: 0.3105 0.0312 0.0523
Epoch:    999 | Train: 0.3176 0.0323 0.0514 | Test: 0.3054 0.031 0.0504

================================================================================
PERF FORMAT: DATASET | Acuracy: ACC | Loss: LOSS1 LOSS2 LOSS3 | PS: PS
======================================================================
Train | Acuracy:  90.95% | Loss: 0.31748 0.03228 0.05144 | PS: 0.0187 
Val   | Acuracy:  90.80% | Loss: 0.32493 0.0324 0.05438 | PS: 0.02078 
Test  | Acuracy:  91.30% | Loss: 0.30537 0.03095 0.05038 | PS: 0.01888 
--------------------------------------------------------------------------------
Optimization error  : 0.0187
Population error    : 0.01888
Generalization error: 0.00018
