Namespace(batch_size=64, beta_moco=0.1, gamma_moco=0.01, gamma_modo=0.1, lr=0.1, moo_method='MoCo', num_epochs=1000, rho_moco=0.1, rho_modo=0.1, seed=6)

==================================================
Model parameter count per layer
==================================================
fc1.weight 	: 401408
fc1.bias 	: 512
fc2.weight 	: 5120
fc2.bias 	: 10
Total number of parametrs : 407050
--------------------------------------------------

================================================================================
LOG FORMAT: Epoch: EPOCH | Train: LOSS1 LOSS2 LOSS3 | Test: LOSS1 LOSS2 LOSS3
================================================================================
Epoch:      0 | Train: 2.3525 0.1806 0.931 | Test: 2.355 0.1807 0.9331
Epoch:    100 | Train: 0.5322 0.063 0.072 | Test: 0.5095 0.0613 0.0658
Epoch:    200 | Train: 0.4258 0.0481 0.0631 | Test: 0.4046 0.0463 0.0582
Epoch:    300 | Train: 0.3873 0.0419 0.0603 | Test: 0.3688 0.0404 0.0566
Epoch:    400 | Train: 0.3631 0.0383 0.0582 | Test: 0.345 0.0368 0.0547
Epoch:    500 | Train: 0.3522 0.0367 0.0566 | Test: 0.3387 0.0354 0.0541
Epoch:    600 | Train: 0.3402 0.0354 0.055 | Test: 0.3242 0.034 0.0519
Epoch:    700 | Train: 0.3347 0.0339 0.0554 | Test: 0.3221 0.0328 0.0535
Epoch:    800 | Train: 0.331 0.033 0.0552 | Test: 0.3188 0.0317 0.0531
Epoch:    900 | Train: 0.3261 0.0323 0.0543 | Test: 0.3125 0.0312 0.0523
Epoch:    999 | Train: 0.3165 0.0316 0.0523 | Test: 0.3082 0.0307 0.0514

================================================================================
PERF FORMAT: DATASET | Acuracy: ACC | Loss: LOSS1 LOSS2 LOSS3 | PS: PS
======================================================================
Train | Acuracy:  91.07% | Loss: 0.31684 0.03164 0.05228 | PS: 0.0245 
Val   | Acuracy:  90.42% | Loss: 0.32663 0.03254 0.05545 | PS: 0.0281 
Test  | Acuracy:  91.41% | Loss: 0.30859 0.03076 0.05146 | PS: 0.029 
--------------------------------------------------------------------------------
Optimization error  : 0.0245
Population error    : 0.029
Generalization error: 0.00451
