Namespace(batch_size=64, beta_moco=0.1, gamma_moco=0.1, gamma_modo=0.01, lr=0.1, moo_method='MoDo', num_epochs=1000, rho_moco=0.1, rho_modo=0.1, seed=3)

==================================================
Model parameter count per layer
==================================================
fc1.weight 	: 401408
fc1.bias 	: 512
fc2.weight 	: 5120
fc2.bias 	: 10
Total number of parametrs : 407050
--------------------------------------------------

================================================================================
LOG FORMAT: Epoch: EPOCH | Train: LOSS1 LOSS2 LOSS3 | Test: LOSS1 LOSS2 LOSS3
================================================================================
Epoch:      0 | Train: 2.3215 0.1797 0.8909 | Test: 2.3254 0.1798 0.8934
Epoch:    100 | Train: 0.5553 0.0661 0.0733 | Test: 0.5358 0.0644 0.0691
Epoch:    200 | Train: 0.4396 0.05 0.0653 | Test: 0.4206 0.0484 0.0608
Epoch:    300 | Train: 0.3936 0.0433 0.0608 | Test: 0.3761 0.0419 0.0568
Epoch:    400 | Train: 0.3675 0.0394 0.0578 | Test: 0.3509 0.0381 0.0542
Epoch:    500 | Train: 0.3501 0.037 0.0562 | Test: 0.3373 0.0357 0.0541
Epoch:    600 | Train: 0.3405 0.0351 0.0558 | Test: 0.3275 0.0339 0.0535
Epoch:    700 | Train: 0.3381 0.0346 0.0554 | Test: 0.3278 0.0336 0.0539
Epoch:    800 | Train: 0.3273 0.0336 0.0535 | Test: 0.3154 0.0324 0.0516
Epoch:    900 | Train: 0.3315 0.0334 0.0546 | Test: 0.3212 0.0322 0.0542
Epoch:    999 | Train: 0.3177 0.0321 0.0525 | Test: 0.3088 0.0308 0.0523

================================================================================
PERF FORMAT: DATASET | Acuracy: ACC | Loss: LOSS1 LOSS2 LOSS3 | PS: PS
======================================================================
Train | Acuracy:  91.00% | Loss: 0.31888 0.03205 0.05281 | PS: 0.02493 
Val   | Acuracy:  90.49% | Loss: 0.33825 0.03319 0.05751 | PS: 0.02475 
Test  | Acuracy:  91.47% | Loss: 0.31051 0.03073 0.05282 | PS: 0.0237 
--------------------------------------------------------------------------------
Optimization error  : 0.02493
Population error    : 0.0237
Generalization error: -0.00123
