Namespace(batch_size=64, beta_moco=0.1, gamma_moco=0.1, gamma_modo=0.01, lr=0.1, moo_method='MoDo', num_epochs=1000, rho_moco=0.1, rho_modo=0.1, seed=5)

==================================================
Model parameter count per layer
==================================================
fc1.weight 	: 401408
fc1.bias 	: 512
fc2.weight 	: 5120
fc2.bias 	: 10
Total number of parametrs : 407050
--------------------------------------------------

================================================================================
LOG FORMAT: Epoch: EPOCH | Train: LOSS1 LOSS2 LOSS3 | Test: LOSS1 LOSS2 LOSS3
================================================================================
Epoch:      0 | Train: 2.3112 0.1799 0.8888 | Test: 2.3147 0.1799 0.8916
Epoch:    100 | Train: 0.555 0.0669 0.0717 | Test: 0.5354 0.0651 0.0682
Epoch:    200 | Train: 0.4358 0.0507 0.0615 | Test: 0.4195 0.0491 0.0591
Epoch:    300 | Train: 0.3948 0.0441 0.0593 | Test: 0.3791 0.0425 0.0571
Epoch:    400 | Train: 0.3679 0.0396 0.0573 | Test: 0.3537 0.038 0.0552
Epoch:    500 | Train: 0.3549 0.0373 0.0568 | Test: 0.3387 0.0359 0.0538
Epoch:    600 | Train: 0.3452 0.036 0.0557 | Test: 0.3301 0.0346 0.053
Epoch:    700 | Train: 0.3359 0.0344 0.0548 | Test: 0.3262 0.0334 0.0532
Epoch:    800 | Train: 0.3298 0.0338 0.0536 | Test: 0.3203 0.0326 0.0526
Epoch:    900 | Train: 0.3199 0.0328 0.0519 | Test: 0.3109 0.0317 0.0511
Epoch:    999 | Train: 0.3166 0.0317 0.0527 | Test: 0.3134 0.0309 0.0537

================================================================================
PERF FORMAT: DATASET | Acuracy: ACC | Loss: LOSS1 LOSS2 LOSS3 | PS: PS
======================================================================
Train | Acuracy:  91.20% | Loss: 0.31443 0.03158 0.05193 | PS: 0.01987 
Val   | Acuracy:  90.24% | Loss: 0.3459 0.03305 0.06012 | PS: 0.02287 
Test  | Acuracy:  91.38% | Loss: 0.31058 0.03073 0.05295 | PS: 0.02355 
--------------------------------------------------------------------------------
Optimization error  : 0.01987
Population error    : 0.02355
Generalization error: 0.00368
