Namespace(batch_size=64, beta_moco=0.1, gamma_moco=0.1, gamma_modo=0.01, lr=0.1, moo_method='MoDo', num_epochs=1000, rho_moco=0.1, rho_modo=0.1, seed=2)

==================================================
Model parameter count per layer
==================================================
fc1.weight 	: 401408
fc1.bias 	: 512
fc2.weight 	: 5120
fc2.bias 	: 10
Total number of parametrs : 407050
--------------------------------------------------

================================================================================
LOG FORMAT: Epoch: EPOCH | Train: LOSS1 LOSS2 LOSS3 | Test: LOSS1 LOSS2 LOSS3
================================================================================
Epoch:      0 | Train: 2.2838 0.1792 0.8559 | Test: 2.2852 0.1792 0.857
Epoch:    100 | Train: 0.5551 0.0661 0.0726 | Test: 0.5341 0.0644 0.0683
Epoch:    200 | Train: 0.4405 0.05 0.0645 | Test: 0.4216 0.0483 0.0607
Epoch:    300 | Train: 0.3952 0.0434 0.0611 | Test: 0.379 0.0419 0.058
Epoch:    400 | Train: 0.368 0.0401 0.0564 | Test: 0.3551 0.0385 0.0554
Epoch:    500 | Train: 0.3557 0.0377 0.0565 | Test: 0.3432 0.0362 0.0551
Epoch:    600 | Train: 0.3417 0.0355 0.055 | Test: 0.3287 0.0341 0.0539
Epoch:    700 | Train: 0.3345 0.0343 0.0546 | Test: 0.3216 0.033 0.0533
Epoch:    800 | Train: 0.3269 0.0334 0.0531 | Test: 0.3147 0.0321 0.0519
Epoch:    900 | Train: 0.3237 0.0328 0.0535 | Test: 0.3149 0.0316 0.0534
Epoch:    999 | Train: 0.3155 0.0322 0.0511 | Test: 0.3079 0.0312 0.0512

================================================================================
PERF FORMAT: DATASET | Acuracy: ACC | Loss: LOSS1 LOSS2 LOSS3 | PS: PS
======================================================================
Train | Acuracy:  91.08% | Loss: 0.31434 0.03211 0.05098 | PS: 0.01768 
Val   | Acuracy:  90.58% | Loss: 0.32808 0.03239 0.05577 | PS: 0.02077 
Test  | Acuracy:  91.31% | Loss: 0.30646 0.03105 0.05097 | PS: 0.02511 
--------------------------------------------------------------------------------
Optimization error  : 0.01768
Population error    : 0.02511
Generalization error: 0.00743
