Namespace(batch_size=64, beta_moco=0.1, gamma_moco=0.1, gamma_modo=0.01, lr=0.1, moo_method='MoDo', num_epochs=1000, rho_moco=0.1, rho_modo=0.1, seed=4)

==================================================
Model parameter count per layer
==================================================
fc1.weight 	: 401408
fc1.bias 	: 512
fc2.weight 	: 5120
fc2.bias 	: 10
Total number of parametrs : 407050
--------------------------------------------------

================================================================================
LOG FORMAT: Epoch: EPOCH | Train: LOSS1 LOSS2 LOSS3 | Test: LOSS1 LOSS2 LOSS3
================================================================================
Epoch:      0 | Train: 2.3068 0.1796 0.8833 | Test: 2.3125 0.1797 0.889
Epoch:    100 | Train: 0.5369 0.0647 0.0689 | Test: 0.5187 0.0631 0.0649
Epoch:    200 | Train: 0.4278 0.0494 0.0612 | Test: 0.4087 0.0476 0.0579
Epoch:    300 | Train: 0.3903 0.0432 0.0596 | Test: 0.3774 0.0419 0.057
Epoch:    400 | Train: 0.3656 0.0394 0.057 | Test: 0.3512 0.0379 0.0551
Epoch:    500 | Train: 0.3539 0.0371 0.0569 | Test: 0.3433 0.0358 0.0558
Epoch:    600 | Train: 0.3397 0.0348 0.0562 | Test: 0.3324 0.0337 0.0563
Epoch:    700 | Train: 0.3365 0.0343 0.0559 | Test: 0.3291 0.0333 0.0551
Epoch:    800 | Train: 0.3251 0.0325 0.0545 | Test: 0.3193 0.0316 0.0546
Epoch:    900 | Train: 0.3223 0.0324 0.0533 | Test: 0.3182 0.0315 0.0541
Epoch:    999 | Train: 0.3161 0.032 0.0522 | Test: 0.3108 0.031 0.0526

================================================================================
PERF FORMAT: DATASET | Acuracy: ACC | Loss: LOSS1 LOSS2 LOSS3 | PS: PS
======================================================================
Train | Acuracy:  91.18% | Loss: 0.31555 0.03191 0.05197 | PS: 0.01854 
Val   | Acuracy:  90.52% | Loss: 0.33574 0.03295 0.05658 | PS: 0.02004 
Test  | Acuracy:  91.36% | Loss: 0.3104 0.03102 0.05244 | PS: 0.02344 
--------------------------------------------------------------------------------
Optimization error  : 0.01854
Population error    : 0.02344
Generalization error: 0.0049
