Namespace(batch_size=64, beta_moco=0.1, gamma_moco=0.1, gamma_modo=0.01, lr=0.1, moo_method='MoDo', num_epochs=1000, rho_moco=0.1, rho_modo=0.1, seed=6)

==================================================
Model parameter count per layer
==================================================
fc1.weight 	: 401408
fc1.bias 	: 512
fc2.weight 	: 5120
fc2.bias 	: 10
Total number of parametrs : 407050
--------------------------------------------------

================================================================================
LOG FORMAT: Epoch: EPOCH | Train: LOSS1 LOSS2 LOSS3 | Test: LOSS1 LOSS2 LOSS3
================================================================================
Epoch:      0 | Train: 2.3525 0.1806 0.931 | Test: 2.355 0.1807 0.9331
Epoch:    100 | Train: 0.5535 0.0663 0.0722 | Test: 0.5307 0.0644 0.0669
Epoch:    200 | Train: 0.4328 0.0497 0.0623 | Test: 0.4133 0.0482 0.0576
Epoch:    300 | Train: 0.3934 0.0436 0.0594 | Test: 0.3741 0.0419 0.0558
Epoch:    400 | Train: 0.3661 0.039 0.0583 | Test: 0.3491 0.0375 0.0551
Epoch:    500 | Train: 0.3512 0.0369 0.0563 | Test: 0.3395 0.0357 0.055
Epoch:    600 | Train: 0.3457 0.0359 0.0557 | Test: 0.3323 0.0345 0.0542
Epoch:    700 | Train: 0.3374 0.0345 0.0547 | Test: 0.3255 0.0334 0.0529
Epoch:    800 | Train: 0.3284 0.0337 0.0535 | Test: 0.3163 0.0326 0.0516
Epoch:    900 | Train: 0.3228 0.033 0.0521 | Test: 0.3111 0.0319 0.0507
Epoch:    999 | Train: 0.3178 0.0322 0.0517 | Test: 0.31 0.0313 0.0508

================================================================================
PERF FORMAT: DATASET | Acuracy: ACC | Loss: LOSS1 LOSS2 LOSS3 | PS: PS
======================================================================
Train | Acuracy:  90.90% | Loss: 0.31803 0.03223 0.05178 | PS: 0.02244 
Val   | Acuracy:  90.49% | Loss: 0.32515 0.03299 0.05377 | PS: 0.02073 
Test  | Acuracy:  91.13% | Loss: 0.30955 0.03133 0.05064 | PS: 0.02473 
--------------------------------------------------------------------------------
Optimization error  : 0.02244
Population error    : 0.02473
Generalization error: 0.0023
