Namespace(batch_size=64, beta_moco=0.1, gamma_moco=0.1, gamma_modo=0.01, lr=0.1, moo_method='MoDo', num_epochs=1000, rho_moco=0.1, rho_modo=0.1, seed=7)

==================================================
Model parameter count per layer
==================================================
fc1.weight 	: 401408
fc1.bias 	: 512
fc2.weight 	: 5120
fc2.bias 	: 10
Total number of parametrs : 407050
--------------------------------------------------

================================================================================
LOG FORMAT: Epoch: EPOCH | Train: LOSS1 LOSS2 LOSS3 | Test: LOSS1 LOSS2 LOSS3
================================================================================
Epoch:      0 | Train: 2.3352 0.18 0.9057 | Test: 2.3277 0.1799 0.8983
Epoch:    100 | Train: 0.5607 0.0683 0.0699 | Test: 0.5352 0.0662 0.0642
Epoch:    200 | Train: 0.4475 0.0515 0.0638 | Test: 0.4267 0.0497 0.0599
Epoch:    300 | Train: 0.4006 0.0448 0.0601 | Test: 0.3827 0.0432 0.0571
Epoch:    400 | Train: 0.3741 0.041 0.0575 | Test: 0.3561 0.0394 0.0541
Epoch:    500 | Train: 0.3592 0.0381 0.0569 | Test: 0.339 0.0364 0.0529
Epoch:    600 | Train: 0.3522 0.0369 0.057 | Test: 0.3339 0.0353 0.0537
Epoch:    700 | Train: 0.342 0.0356 0.0551 | Test: 0.3244 0.0339 0.0529
Epoch:    800 | Train: 0.3324 0.0339 0.0541 | Test: 0.3178 0.0324 0.0526
Epoch:    900 | Train: 0.3259 0.0335 0.0526 | Test: 0.3112 0.0321 0.0506
Epoch:    999 | Train: 0.3235 0.0326 0.0534 | Test: 0.3121 0.0313 0.0526

================================================================================
PERF FORMAT: DATASET | Acuracy: ACC | Loss: LOSS1 LOSS2 LOSS3 | PS: PS
======================================================================
Train | Acuracy:  90.77% | Loss: 0.32426 0.03269 0.05318 | PS: 0.02869 
Val   | Acuracy:  90.63% | Loss: 0.33076 0.033 0.05526 | PS: 0.03229 
Test  | Acuracy:  91.23% | Loss: 0.31147 0.03125 0.05207 | PS: 0.02578 
--------------------------------------------------------------------------------
Optimization error  : 0.02869
Population error    : 0.02578
Generalization error: -0.00291
