========================================
General Configuration:
	Wighting: ITL
	Architecture: HPS
	Rep_Grad: False
	Multi_Input: True
	Seed: 0
	Device: cuda:0
ITL Configuration:
	weighting: ITL
	task_idx: 0
Optimizer Configuration:
	optim: adam
	lr: 0.01
	weight_decay: 1e-06
========================================
Total Params: 11487901
Trainable Params: 11487901
Non-trainable Params: 0
========================================
LOG FORMAT | amazon_LOSS Acc | dslr_LOSS Acc | webcam_LOSS Acc | TIME
Epoch: 0000 | TRAIN: 3.8640 0.0379 | 3.4511 0.0306 | 3.4583 0.0421 | Time: 28.3521 | VAL: 6.6109 0.0380 | 3.4964 0.0337 | 3.4319 0.0604 | Time: 2.3833 | TEST: 5.8648 0.0444 | 3.5673 0.0328 | 3.4273 0.0389 | Time: 2.8346
Epoch: 0001 | TRAIN: 3.7031 0.0637 | 3.4333 0.0325 | 3.4360 0.0282 | Time: 27.8321 | VAL: 8.1028 0.0580 | 3.4094 0.0337 | 3.4336 0.0201 | Time: 2.4164 | TEST: 7.6125 0.0496 | 3.4258 0.0328 | 3.4328 0.0111 | Time: 2.8703
Epoch: 0002 | TRAIN: 3.6370 0.0871 | 3.4342 0.0403 | 3.4341 0.0355 | Time: 27.7394 | VAL: 3.8095 0.0779 | 3.4340 0.0112 | 3.4339 0.0336 | Time: 2.4115 | TEST: 3.8449 0.0752 | 3.4341 0.0082 | 3.4339 0.0444 | Time: 2.8601
Epoch: 0003 | TRAIN: 3.4654 0.1196 | 3.4339 0.0445 | 3.4340 0.0385 | Time: 27.7199 | VAL: 3.8539 0.0652 | 3.4339 0.0337 | 3.4340 0.0201 | Time: 2.4039 | TEST: 4.2370 0.0838 | 3.4340 0.0082 | 3.4340 0.0333 | Time: 2.8629
Epoch: 0004 | TRAIN: 3.4739 0.1220 | 3.4340 0.0463 | 3.4340 0.0367 | Time: 27.8729 | VAL: 15.9816 0.0851 | 3.4340 0.0225 | 3.4333 0.0805 | Time: 2.4302 | TEST: 12.2769 0.0889 | 3.4339 0.0164 | 3.4333 0.0556 | Time: 2.8857
Epoch: 0005 | TRAIN: 3.4329 0.1388 | 3.4340 0.0325 | 3.4340 0.0306 | Time: 27.9530 | VAL: 4.2710 0.0960 | 3.4340 0.0112 | 3.4340 0.0134 | Time: 2.3998 | TEST: 4.0462 0.0872 | 3.4340 0.0164 | 3.4340 0.0222 | Time: 2.8500
Epoch: 0006 | TRAIN: 3.1197 0.1701 | 3.4340 0.0349 | 3.4340 0.0288 | Time: 27.9383 | VAL: 6.5782 0.0562 | 3.4340 0.0225 | 3.4340 0.0403 | Time: 2.4297 | TEST: 5.4693 0.0581 | 3.4340 0.0000 | 3.4340 0.0222 | Time: 2.8815
Epoch: 0007 | TRAIN: 3.2062 0.1737 | 3.4340 0.0312 | 3.4340 0.0306 | Time: 27.6172 | VAL: 312.4080 0.0326 | 3.4340 0.0449 | 3.4340 0.0537 | Time: 2.3524 | TEST: 315.4798 0.0393 | 3.4340 0.0410 | 3.4340 0.0556 | Time: 2.8404
Epoch: 0008 | TRAIN: 2.9210 0.2206 | 3.4340 0.0240 | 3.4340 0.0391 | Time: 27.6401 | VAL: 278.3389 0.0453 | 3.4340 0.0449 | 3.4340 0.0604 | Time: 2.4250 | TEST: 284.7597 0.0427 | 3.4340 0.0738 | 3.4340 0.0556 | Time: 2.8803
Epoch: 0009 | TRAIN: 2.7076 0.2470 | 3.4340 0.0240 | 3.4340 0.0349 | Time: 27.4538 | VAL: 263.5233 0.0380 | 3.4340 0.0112 | 3.4340 0.0403 | Time: 2.4184 | TEST: 269.0918 0.0376 | 3.4340 0.0410 | 3.4340 0.0333 | Time: 2.8830
Epoch: 0010 | TRAIN: 2.5590 0.2788 | 3.4340 0.0270 | 3.4340 0.0343 | Time: 27.7068 | VAL: 84.7740 0.0399 | 3.4340 0.0225 | 3.4340 0.0201 | Time: 2.3988 | TEST: 88.5260 0.0393 | 3.4340 0.0246 | 3.4340 0.0333 | Time: 2.8668
Epoch: 0011 | TRAIN: 2.5661 0.2927 | 3.4340 0.0234 | 3.4340 0.0355 | Time: 27.2959 | VAL: 37.7749 0.0308 | 3.4340 0.0225 | 3.4340 0.0336 | Time: 2.3802 | TEST: 38.5127 0.0359 | 3.4340 0.0246 | 3.4340 0.0444 | Time: 2.8543
Epoch: 0012 | TRAIN: 2.3733 0.3185 | 3.4340 0.0264 | 3.4340 0.0367 | Time: 27.5132 | VAL: 21.2147 0.0471 | 3.4340 0.0225 | 3.4340 0.0336 | Time: 2.3744 | TEST: 20.8556 0.0530 | 3.4340 0.0246 | 3.4340 0.0389 | Time: 2.8538
Epoch: 0013 | TRAIN: 2.2357 0.3570 | 3.4340 0.0234 | 3.4340 0.0385 | Time: 27.6432 | VAL: 35.6418 0.0471 | 3.4340 0.0225 | 3.4340 0.0336 | Time: 2.3445 | TEST: 35.1883 0.0530 | 3.4340 0.0246 | 3.4340 0.0389 | Time: 2.8591
Epoch: 0014 | TRAIN: 2.1567 0.3762 | 3.4340 0.0252 | 3.4340 0.0361 | Time: 27.6319 | VAL: 26.5945 0.0417 | 3.4340 0.0225 | 3.4340 0.0336 | Time: 2.4081 | TEST: 25.9127 0.0376 | 3.4340 0.0246 | 3.4340 0.0389 | Time: 2.8679
Epoch: 0015 | TRAIN: 2.0205 0.4243 | 3.4340 0.0228 | 3.4340 0.0367 | Time: 27.4093 | VAL: 18.4705 0.0707 | 3.4340 0.0225 | 3.4340 0.0336 | Time: 2.3847 | TEST: 17.9280 0.0786 | 3.4340 0.0246 | 3.4340 0.0389 | Time: 2.8704
Epoch: 0016 | TRAIN: 1.8962 0.4537 | 3.4340 0.0252 | 3.4340 0.0355 | Time: 27.4650 | VAL: 18.8675 0.1105 | 3.4340 0.0225 | 3.4340 0.0336 | Time: 2.3947 | TEST: 18.3637 0.0923 | 3.4340 0.0246 | 3.4340 0.0389 | Time: 2.8587
Epoch: 0017 | TRAIN: 1.8583 0.4712 | 3.4340 0.0234 | 3.4340 0.0337 | Time: 27.4692 | VAL: 47.8323 0.0797 | 3.4340 0.0225 | 3.4340 0.0336 | Time: 2.3843 | TEST: 46.8589 0.0650 | 3.4340 0.0246 | 3.4340 0.0389 | Time: 2.8669
Epoch: 0018 | TRAIN: 1.7300 0.4928 | 3.4340 0.0216 | 3.4340 0.0409 | Time: 27.3307 | VAL: 11.6301 0.1051 | 3.4340 0.0225 | 3.4340 0.0336 | Time: 2.4377 | TEST: 11.1684 0.1197 | 3.4340 0.0246 | 3.4340 0.0389 | Time: 2.8808
Epoch: 0019 | TRAIN: 1.6966 0.5102 | 3.4340 0.0258 | 3.4340 0.0367 | Time: 27.6055 | VAL: 23.9370 0.0797 | 3.4340 0.0225 | 3.4340 0.0336 | Time: 2.3599 | TEST: 23.2263 0.0718 | 3.4340 0.0246 | 3.4340 0.0389 | Time: 2.8333
Epoch: 0020 | TRAIN: 1.5838 0.5288 | 3.4340 0.0228 | 3.4340 0.0361 | Time: 27.8716 | VAL: 23.5734 0.0580 | 3.4340 0.0225 | 3.4340 0.0336 | Time: 2.3876 | TEST: 23.1065 0.0650 | 3.4340 0.0246 | 3.4340 0.0389 | Time: 2.8385
Epoch: 0021 | TRAIN: 1.4752 0.5775 | 3.4340 0.0252 | 3.4340 0.0379 | Time: 27.8656 | VAL: 20.6756 0.0906 | 3.4340 0.0225 | 3.4340 0.0336 | Time: 2.3868 | TEST: 19.8453 0.1009 | 3.4340 0.0246 | 3.4340 0.0389 | Time: 2.8689
Epoch: 0022 | TRAIN: 1.4005 0.5895 | 3.4340 0.0240 | 3.4340 0.0361 | Time: 27.5851 | VAL: 27.5298 0.0978 | 3.4340 0.0225 | 3.4340 0.0336 | Time: 2.4243 | TEST: 26.9145 0.0940 | 3.4340 0.0246 | 3.4340 0.0389 | Time: 2.8891
Epoch: 0023 | TRAIN: 1.3287 0.6100 | 3.4340 0.0228 | 3.4340 0.0379 | Time: 28.0978 | VAL: 30.7439 0.0543 | 3.4340 0.0225 | 3.4340 0.0336 | Time: 2.3982 | TEST: 29.9043 0.0581 | 3.4340 0.0246 | 3.4340 0.0389 | Time: 2.8541
Epoch: 0024 | TRAIN: 1.2458 0.6214 | 3.4340 0.0228 | 3.4340 0.0337 | Time: 27.9296 | VAL: 17.4150 0.1087 | 3.4340 0.0225 | 3.4340 0.0336 | Time: 2.4694 | TEST: 16.7378 0.1077 | 3.4340 0.0246 | 3.4340 0.0389 | Time: 2.9368
Epoch: 0025 | TRAIN: 1.2069 0.6520 | 3.4340 0.0264 | 3.4340 0.0367 | Time: 27.6866 | VAL: 42.0379 0.0634 | 3.4340 0.0225 | 3.4340 0.0336 | Time: 2.3325 | TEST: 41.2952 0.0615 | 3.4340 0.0246 | 3.4340 0.0389 | Time: 2.8159
Epoch: 0026 | TRAIN: 1.1214 0.6550 | 3.4340 0.0234 | 3.4340 0.0373 | Time: 27.5582 | VAL: 20.4514 0.0996 | 3.4340 0.0225 | 3.4340 0.0336 | Time: 2.3608 | TEST: 19.5481 0.1077 | 3.4340 0.0246 | 3.4340 0.0389 | Time: 2.8295
Epoch: 0027 | TRAIN: 1.0349 0.6863 | 3.4340 0.0270 | 3.4340 0.0355 | Time: 27.5413 | VAL: 46.6789 0.0670 | 3.4340 0.0225 | 3.4340 0.0336 | Time: 2.3429 | TEST: 45.8186 0.0547 | 3.4340 0.0246 | 3.4340 0.0389 | Time: 2.8117
Epoch: 0028 | TRAIN: 0.9576 0.7097 | 3.4340 0.0252 | 3.4340 0.0349 | Time: 27.5036 | VAL: 30.9516 0.1033 | 3.4340 0.0225 | 3.4340 0.0336 | Time: 2.4406 | TEST: 29.8288 0.0957 | 3.4340 0.0246 | 3.4340 0.0389 | Time: 2.9173
Epoch: 0029 | TRAIN: 0.8589 0.7290 | 3.4340 0.0228 | 3.4340 0.0379 | Time: 27.6332 | VAL: 23.7221 0.1159 | 3.4340 0.0225 | 3.4340 0.0336 | Time: 2.3553 | TEST: 22.6248 0.1214 | 3.4340 0.0246 | 3.4340 0.0389 | Time: 2.8143
Epoch: 0030 | TRAIN: 0.8479 0.7440 | 3.4340 0.0258 | 3.4340 0.0361 | Time: 27.5190 | VAL: 46.7055 0.0924 | 3.4340 0.0225 | 3.4340 0.0336 | Time: 2.3503 | TEST: 45.4808 0.0923 | 3.4340 0.0246 | 3.4340 0.0389 | Time: 2.7993
Epoch: 0031 | TRAIN: 0.7844 0.7578 | 3.4340 0.0252 | 3.4340 0.0355 | Time: 27.6440 | VAL: 35.0206 0.1214 | 3.4340 0.0225 | 3.4340 0.0336 | Time: 2.4364 | TEST: 33.8958 0.1094 | 3.4340 0.0246 | 3.4340 0.0389 | Time: 2.9268
Epoch: 0032 | TRAIN: 0.7413 0.7626 | 3.4340 0.0246 | 3.4340 0.0373 | Time: 27.4916 | VAL: 28.0312 0.0960 | 3.4340 0.0225 | 3.4340 0.0336 | Time: 2.4222 | TEST: 26.9183 0.1145 | 3.4340 0.0246 | 3.4340 0.0389 | Time: 2.9178
Epoch: 0033 | TRAIN: 0.7253 0.7698 | 3.4340 0.0234 | 3.4340 0.0349 | Time: 27.5220 | VAL: 46.7114 0.0743 | 3.4340 0.0225 | 3.4340 0.0336 | Time: 2.3881 | TEST: 45.7129 0.0906 | 3.4340 0.0246 | 3.4340 0.0389 | Time: 2.8572
Epoch: 0034 | TRAIN: 0.5769 0.8197 | 3.4340 0.0228 | 3.4340 0.0367 | Time: 27.5554 | VAL: 18.5956 0.1486 | 3.4340 0.0225 | 3.4340 0.0336 | Time: 2.3549 | TEST: 17.5446 0.1556 | 3.4340 0.0246 | 3.4340 0.0389 | Time: 2.8395
Epoch: 0035 | TRAIN: 0.4997 0.8389 | 3.4340 0.0228 | 3.4340 0.0385 | Time: 27.5180 | VAL: 43.6844 0.1214 | 3.4340 0.0225 | 3.4340 0.0336 | Time: 2.3519 | TEST: 42.8450 0.1350 | 3.4340 0.0246 | 3.4340 0.0389 | Time: 2.8105
Epoch: 0036 | TRAIN: 0.4273 0.8666 | 3.4340 0.0240 | 3.4340 0.0385 | Time: 27.5373 | VAL: 25.5207 0.1304 | 3.4340 0.0225 | 3.4340 0.0336 | Time: 2.3471 | TEST: 24.6444 0.1402 | 3.4340 0.0246 | 3.4340 0.0389 | Time: 2.8509
Epoch: 0037 | TRAIN: 0.3620 0.8894 | 3.4340 0.0240 | 3.4340 0.0331 | Time: 27.5405 | VAL: 33.1087 0.1196 | 3.4340 0.0225 | 3.4340 0.0336 | Time: 2.3816 | TEST: 32.3305 0.1419 | 3.4340 0.0246 | 3.4340 0.0389 | Time: 2.8806
Epoch: 0038 | TRAIN: 0.3961 0.8726 | 3.4340 0.0216 | 3.4340 0.0355 | Time: 27.4966 | VAL: 14.7912 0.1721 | 3.4340 0.0225 | 3.4340 0.0336 | Time: 2.4121 | TEST: 14.1185 0.2085 | 3.4340 0.0246 | 3.4340 0.0389 | Time: 2.8808
Epoch: 0039 | TRAIN: 0.3720 0.8852 | 3.4340 0.0276 | 3.4340 0.0331 | Time: 27.4919 | VAL: 63.4900 0.1014 | 3.4340 0.0225 | 3.4340 0.0336 | Time: 2.3814 | TEST: 62.2530 0.1043 | 3.4340 0.0246 | 3.4340 0.0389 | Time: 2.8879
Epoch: 0040 | TRAIN: 0.3330 0.9026 | 3.4340 0.0246 | 3.4340 0.0367 | Time: 27.3999 | VAL: 33.8515 0.1522 | 3.4340 0.0225 | 3.4340 0.0336 | Time: 2.3830 | TEST: 32.7493 0.1487 | 3.4340 0.0246 | 3.4340 0.0389 | Time: 2.8644
Epoch: 0041 | TRAIN: 0.4170 0.8762 | 3.4340 0.0264 | 3.4340 0.0373 | Time: 27.4297 | VAL: 13.7750 0.1467 | 3.4340 0.0225 | 3.4340 0.0336 | Time: 2.3693 | TEST: 13.6045 0.1897 | 3.4340 0.0246 | 3.4340 0.0389 | Time: 2.8428
Epoch: 0042 | TRAIN: 0.3349 0.8858 | 3.4340 0.0264 | 3.4340 0.0379 | Time: 27.4148 | VAL: 37.7338 0.1123 | 3.4340 0.0225 | 3.4340 0.0336 | Time: 2.3303 | TEST: 36.5493 0.1333 | 3.4340 0.0246 | 3.4340 0.0389 | Time: 2.8190
Epoch: 0043 | TRAIN: 0.3424 0.8936 | 3.4340 0.0228 | 3.4340 0.0343 | Time: 27.4840 | VAL: 22.5184 0.1594 | 3.4340 0.0225 | 3.4340 0.0336 | Time: 2.3960 | TEST: 21.7376 0.1744 | 3.4340 0.0246 | 3.4340 0.0389 | Time: 2.8850
Epoch: 0044 | TRAIN: 0.2541 0.9165 | 3.4340 0.0246 | 3.4340 0.0391 | Time: 27.7080 | VAL: 37.7581 0.1123 | 3.4340 0.0225 | 3.4340 0.0336 | Time: 2.3847 | TEST: 36.6534 0.1299 | 3.4340 0.0246 | 3.4340 0.0389 | Time: 2.8349
Epoch: 0045 | TRAIN: 0.2410 0.9327 | 3.4340 0.0240 | 3.4340 0.0373 | Time: 27.4536 | VAL: 25.2114 0.2011 | 3.4340 0.0225 | 3.4340 0.0336 | Time: 2.3798 | TEST: 24.7222 0.1863 | 3.4340 0.0246 | 3.4340 0.0389 | Time: 2.8697
Epoch: 0046 | TRAIN: 0.2449 0.9201 | 3.4340 0.0222 | 3.4340 0.0385 | Time: 27.4723 | VAL: 29.1441 0.1250 | 3.4340 0.0225 | 3.4340 0.0336 | Time: 2.3582 | TEST: 28.3540 0.1385 | 3.4340 0.0246 | 3.4340 0.0389 | Time: 2.8405
Epoch: 0047 | TRAIN: 0.2191 0.9279 | 3.4340 0.0240 | 3.4340 0.0373 | Time: 27.6684 | VAL: 18.3055 0.1830 | 3.4340 0.0225 | 3.4340 0.0336 | Time: 2.4248 | TEST: 17.5182 0.1795 | 3.4340 0.0246 | 3.4340 0.0389 | Time: 2.8873
Epoch: 0048 | TRAIN: 0.2209 0.9309 | 3.4340 0.0216 | 3.4340 0.0361 | Time: 27.6699 | VAL: 23.7094 0.1431 | 3.4340 0.0225 | 3.4340 0.0336 | Time: 2.3879 | TEST: 22.8518 0.1726 | 3.4340 0.0246 | 3.4340 0.0389 | Time: 2.8675
Epoch: 0049 | TRAIN: 0.2070 0.9315 | 3.4340 0.0240 | 3.4340 0.0355 | Time: 27.5001 | VAL: 15.6077 0.2029 | 3.4340 0.0225 | 3.4340 0.0336 | Time: 2.4354 | TEST: 15.0201 0.2051 | 3.4340 0.0246 | 3.4340 0.0389 | Time: 2.8982
Epoch: 0050 | TRAIN: 0.1861 0.9417 | 3.4340 0.0246 | 3.4340 0.0373 | Time: 27.6869 | VAL: 19.1850 0.2138 | 3.4340 0.0225 | 3.4340 0.0336 | Time: 2.3798 | TEST: 18.3227 0.2274 | 3.4340 0.0246 | 3.4340 0.0389 | Time: 2.8383
Epoch: 0051 | TRAIN: 0.1749 0.9465 | 3.4340 0.0228 | 3.4340 0.0367 | Time: 27.6318 | VAL: 18.0715 0.1467 | 3.4340 0.0225 | 3.4340 0.0336 | Time: 2.3172 | TEST: 17.5757 0.1675 | 3.4340 0.0246 | 3.4340 0.0389 | Time: 2.8419
Epoch: 0052 | TRAIN: 0.1805 0.9513 | 3.4340 0.0264 | 3.4340 0.0367 | Time: 27.5871 | VAL: 16.5097 0.1812 | 3.4340 0.0225 | 3.4340 0.0336 | Time: 2.3960 | TEST: 15.6547 0.2103 | 3.4340 0.0246 | 3.4340 0.0389 | Time: 2.8789
Epoch: 0053 | TRAIN: 0.1262 0.9603 | 3.4340 0.0264 | 3.4340 0.0343 | Time: 27.6869 | VAL: 10.7098 0.2409 | 3.4340 0.0225 | 3.4340 0.0336 | Time: 2.3408 | TEST: 9.9106 0.2684 | 3.4340 0.0246 | 3.4340 0.0389 | Time: 2.8308
Epoch: 0054 | TRAIN: 0.1351 0.9519 | 3.4340 0.0246 | 3.4340 0.0385 | Time: 27.2917 | VAL: 16.6986 0.1902 | 3.4340 0.0225 | 3.4340 0.0336 | Time: 2.3365 | TEST: 15.5237 0.2120 | 3.4340 0.0246 | 3.4340 0.0389 | Time: 2.8591
Epoch: 0055 | TRAIN: 0.1251 0.9651 | 3.4340 0.0258 | 3.4340 0.0361 | Time: 27.5179 | VAL: 15.0474 0.2138 | 3.4340 0.0225 | 3.4340 0.0336 | Time: 2.3401 | TEST: 14.0075 0.2308 | 3.4340 0.0246 | 3.4340 0.0389 | Time: 2.7667
Epoch: 0056 | TRAIN: 0.0703 0.9766 | 3.4340 0.0222 | 3.4340 0.0391 | Time: 27.4213 | VAL: 16.5509 0.2047 | 3.4340 0.0225 | 3.4340 0.0336 | Time: 2.3626 | TEST: 15.3403 0.2068 | 3.4340 0.0246 | 3.4340 0.0389 | Time: 2.8022
Epoch: 0057 | TRAIN: 0.0521 0.9820 | 3.4340 0.0258 | 3.4340 0.0349 | Time: 27.2185 | VAL: 25.6182 0.1377 | 3.4340 0.0225 | 3.4340 0.0336 | Time: 2.3823 | TEST: 24.5181 0.1419 | 3.4340 0.0246 | 3.4340 0.0389 | Time: 2.8154
Epoch: 0058 | TRAIN: 0.0484 0.9832 | 3.4340 0.0222 | 3.4340 0.0355 | Time: 27.5486 | VAL: 20.6162 0.1957 | 3.4340 0.0225 | 3.4340 0.0336 | Time: 2.3959 | TEST: 19.6066 0.2120 | 3.4340 0.0246 | 3.4340 0.0389 | Time: 2.8530
Epoch: 0059 | TRAIN: 0.0324 0.9880 | 3.4340 0.0234 | 3.4340 0.0373 | Time: 27.5563 | VAL: 16.5076 0.2029 | 3.4340 0.0225 | 3.4340 0.0336 | Time: 2.3343 | TEST: 15.8758 0.2410 | 3.4340 0.0246 | 3.4340 0.0389 | Time: 2.7907
Epoch: 0060 | TRAIN: 0.0301 0.9940 | 3.4340 0.0222 | 3.4340 0.0367 | Time: 27.5543 | VAL: 22.0173 0.1848 | 3.4340 0.0225 | 3.4340 0.0336 | Time: 2.4377 | TEST: 21.1779 0.2051 | 3.4340 0.0246 | 3.4340 0.0389 | Time: 2.8860
Epoch: 0061 | TRAIN: 0.0293 0.9922 | 3.4340 0.0240 | 3.4340 0.0349 | Time: 27.4852 | VAL: 28.9400 0.1413 | 3.4340 0.0225 | 3.4340 0.0336 | Time: 2.3558 | TEST: 27.7567 0.1573 | 3.4340 0.0246 | 3.4340 0.0389 | Time: 2.7903
Epoch: 0062 | TRAIN: 0.0354 0.9904 | 3.4340 0.0240 | 3.4340 0.0385 | Time: 27.5739 | VAL: 25.0401 0.1504 | 3.4340 0.0225 | 3.4340 0.0336 | Time: 2.3795 | TEST: 24.4907 0.1812 | 3.4340 0.0246 | 3.4340 0.0389 | Time: 2.8339
Epoch: 0063 | TRAIN: 0.0604 0.9844 | 3.4340 0.0240 | 3.4340 0.0361 | Time: 27.3818 | VAL: 34.4037 0.1232 | 3.4340 0.0225 | 3.4340 0.0336 | Time: 2.4052 | TEST: 33.3823 0.1419 | 3.4340 0.0246 | 3.4340 0.0389 | Time: 2.9093
Epoch: 0064 | TRAIN: 0.0688 0.9790 | 3.4340 0.0240 | 3.4340 0.0367 | Time: 27.3947 | VAL: 27.2259 0.1395 | 3.4340 0.0225 | 3.4340 0.0336 | Time: 2.3701 | TEST: 26.1132 0.1436 | 3.4340 0.0246 | 3.4340 0.0389 | Time: 2.8809
Epoch: 0065 | TRAIN: 0.0924 0.9681 | 3.4340 0.0246 | 3.4340 0.0373 | Time: 27.5011 | VAL: 29.7328 0.1558 | 3.4340 0.0225 | 3.4340 0.0336 | Time: 2.3602 | TEST: 28.5974 0.1761 | 3.4340 0.0246 | 3.4340 0.0389 | Time: 2.7975
Epoch: 0066 | TRAIN: 0.1491 0.9537 | 3.4340 0.0252 | 3.4340 0.0391 | Time: 27.5849 | VAL: 30.0361 0.1431 | 3.4340 0.0225 | 3.4340 0.0336 | Time: 2.4197 | TEST: 29.1801 0.1556 | 3.4340 0.0246 | 3.4340 0.0389 | Time: 2.9275
Epoch: 0067 | TRAIN: 0.1741 0.9501 | 3.4340 0.0252 | 3.4340 0.0355 | Time: 27.3965 | VAL: 44.1277 0.1467 | 3.4340 0.0225 | 3.4340 0.0336 | Time: 2.3840 | TEST: 43.7678 0.1436 | 3.4340 0.0246 | 3.4340 0.0389 | Time: 2.8453
Epoch: 0068 | TRAIN: 0.1888 0.9465 | 3.4340 0.0246 | 3.4340 0.0385 | Time: 27.5821 | VAL: 24.3015 0.1558 | 3.4340 0.0225 | 3.4340 0.0336 | Time: 2.3868 | TEST: 23.0268 0.1368 | 3.4340 0.0246 | 3.4340 0.0389 | Time: 2.8981
Epoch: 0069 | TRAIN: 0.2099 0.9363 | 3.4340 0.0240 | 3.4340 0.0355 | Time: 27.5587 | VAL: 15.6171 0.2790 | 3.4340 0.0225 | 3.4340 0.0336 | Time: 2.3516 | TEST: 14.5905 0.2376 | 3.4340 0.0246 | 3.4340 0.0389 | Time: 2.8052
Epoch: 0070 | TRAIN: 0.2106 0.9363 | 3.4340 0.0246 | 3.4340 0.0349 | Time: 27.4985 | VAL: 29.8001 0.1359 | 3.4340 0.0225 | 3.4340 0.0336 | Time: 2.3876 | TEST: 29.4004 0.1590 | 3.4340 0.0246 | 3.4340 0.0389 | Time: 2.8707
Epoch: 0071 | TRAIN: 0.1727 0.9471 | 3.4340 0.0264 | 3.4340 0.0385 | Time: 27.3938 | VAL: 40.7713 0.1359 | 3.4340 0.0225 | 3.4340 0.0336 | Time: 2.3332 | TEST: 39.1826 0.1350 | 3.4340 0.0246 | 3.4340 0.0389 | Time: 2.7666
Epoch: 0072 | TRAIN: 0.1039 0.9657 | 3.4340 0.0276 | 3.4340 0.0373 | Time: 27.5179 | VAL: 36.9181 0.1993 | 3.4340 0.0225 | 3.4340 0.0336 | Time: 2.3582 | TEST: 35.2312 0.2188 | 3.4340 0.0246 | 3.4340 0.0389 | Time: 2.8677
Epoch: 0073 | TRAIN: 0.0791 0.9742 | 3.4340 0.0192 | 3.4340 0.0343 | Time: 27.4254 | VAL: 33.2888 0.1630 | 3.4340 0.0225 | 3.4340 0.0336 | Time: 2.3949 | TEST: 32.2034 0.1744 | 3.4340 0.0246 | 3.4340 0.0389 | Time: 2.8407
Epoch: 0074 | TRAIN: 0.0661 0.9772 | 3.4340 0.0240 | 3.4340 0.0361 | Time: 27.5901 | VAL: 27.8154 0.2083 | 3.4340 0.0225 | 3.4340 0.0336 | Time: 2.3711 | TEST: 26.5595 0.2256 | 3.4340 0.0246 | 3.4340 0.0389 | Time: 2.8721
Epoch: 0075 | TRAIN: 0.0675 0.9802 | 3.4340 0.0234 | 3.4340 0.0367 | Time: 27.5149 | VAL: 20.6896 0.2047 | 3.4340 0.0225 | 3.4340 0.0336 | Time: 2.3574 | TEST: 20.2485 0.2103 | 3.4340 0.0246 | 3.4340 0.0389 | Time: 2.8411
Epoch: 0076 | TRAIN: 0.0786 0.9748 | 3.4340 0.0246 | 3.4340 0.0361 | Time: 27.3791 | VAL: 29.0630 0.1775 | 3.4340 0.0225 | 3.4340 0.0336 | Time: 2.3944 | TEST: 28.4481 0.1795 | 3.4340 0.0246 | 3.4340 0.0389 | Time: 2.8429
Epoch: 0077 | TRAIN: 0.0798 0.9784 | 3.4340 0.0234 | 3.4340 0.0367 | Time: 27.3485 | VAL: 19.5316 0.2065 | 3.4340 0.0225 | 3.4340 0.0336 | Time: 2.3747 | TEST: 18.2566 0.2017 | 3.4340 0.0246 | 3.4340 0.0389 | Time: 2.8414
Epoch: 0078 | TRAIN: 0.0575 0.9808 | 3.4340 0.0252 | 3.4340 0.0367 | Time: 27.3634 | VAL: 35.0520 0.1920 | 3.4340 0.0225 | 3.4340 0.0336 | Time: 2.3542 | TEST: 33.4986 0.1949 | 3.4340 0.0246 | 3.4340 0.0389 | Time: 2.8091
Epoch: 0079 | TRAIN: 0.0619 0.9802 | 3.4340 0.0258 | 3.4340 0.0355 | Time: 27.1954 | VAL: 17.2783 0.2409 | 3.4340 0.0225 | 3.4340 0.0336 | Time: 2.3665 | TEST: 15.8592 0.2581 | 3.4340 0.0246 | 3.4340 0.0389 | Time: 2.8632
Epoch: 0080 | TRAIN: 0.0456 0.9826 | 3.4340 0.0252 | 3.4340 0.0355 | Time: 27.5165 | VAL: 14.7094 0.2391 | 3.4340 0.0225 | 3.4340 0.0336 | Time: 2.3905 | TEST: 14.0378 0.2667 | 3.4340 0.0246 | 3.4340 0.0389 | Time: 2.8709
Epoch: 0081 | TRAIN: 0.0550 0.9808 | 3.4340 0.0258 | 3.4340 0.0373 | Time: 27.4302 | VAL: 29.6814 0.2138 | 3.4340 0.0225 | 3.4340 0.0336 | Time: 2.3503 | TEST: 28.1847 0.2222 | 3.4340 0.0246 | 3.4340 0.0389 | Time: 2.7984
Epoch: 0082 | TRAIN: 0.0943 0.9718 | 3.4340 0.0240 | 3.4340 0.0391 | Time: 27.4958 | VAL: 37.0240 0.1558 | 3.4340 0.0225 | 3.4340 0.0336 | Time: 2.3331 | TEST: 34.8547 0.1795 | 3.4340 0.0246 | 3.4340 0.0389 | Time: 2.7732
Epoch: 0083 | TRAIN: 0.1619 0.9513 | 3.4340 0.0240 | 3.4340 0.0367 | Time: 27.4655 | VAL: 17.0817 0.1812 | 3.4340 0.0225 | 3.4340 0.0336 | Time: 2.4065 | TEST: 16.7777 0.1812 | 3.4340 0.0246 | 3.4340 0.0389 | Time: 2.8652
Epoch: 0084 | TRAIN: 0.1388 0.9549 | 3.4340 0.0246 | 3.4340 0.0373 | Time: 27.4366 | VAL: 15.4872 0.2210 | 3.4340 0.0225 | 3.4340 0.0336 | Time: 2.3599 | TEST: 15.0769 0.2154 | 3.4340 0.0246 | 3.4340 0.0389 | Time: 2.8475
Epoch: 0085 | TRAIN: 0.1238 0.9573 | 3.4340 0.0246 | 3.4340 0.0367 | Time: 27.2769 | VAL: 13.3592 0.2899 | 3.4340 0.0225 | 3.4340 0.0336 | Time: 2.3408 | TEST: 12.6350 0.2803 | 3.4340 0.0246 | 3.4340 0.0389 | Time: 2.7921
Epoch: 0086 | TRAIN: 0.1594 0.9555 | 3.4340 0.0240 | 3.4340 0.0337 | Time: 27.4435 | VAL: 12.9277 0.2609 | 3.4340 0.0225 | 3.4340 0.0336 | Time: 2.3961 | TEST: 12.3099 0.2650 | 3.4340 0.0246 | 3.4340 0.0389 | Time: 2.8526
Epoch: 0087 | TRAIN: 0.1332 0.9615 | 3.4340 0.0246 | 3.4340 0.0373 | Time: 27.4659 | VAL: 13.1078 0.2971 | 3.4340 0.0225 | 3.4340 0.0336 | Time: 2.3748 | TEST: 12.6820 0.2769 | 3.4340 0.0246 | 3.4340 0.0389 | Time: 2.8065
Epoch: 0088 | TRAIN: 0.0666 0.9796 | 3.4340 0.0246 | 3.4340 0.0349 | Time: 27.3550 | VAL: 15.5400 0.2808 | 3.4340 0.0225 | 3.4340 0.0336 | Time: 2.3978 | TEST: 14.7221 0.2769 | 3.4340 0.0246 | 3.4340 0.0389 | Time: 2.8615
Epoch: 0089 | TRAIN: 0.0558 0.9814 | 3.4340 0.0264 | 3.4340 0.0373 | Time: 27.4429 | VAL: 19.0401 0.2391 | 3.4340 0.0225 | 3.4340 0.0336 | Time: 2.3958 | TEST: 18.4558 0.2410 | 3.4340 0.0246 | 3.4340 0.0389 | Time: 2.8839
Epoch: 0090 | TRAIN: 0.0754 0.9802 | 3.4340 0.0234 | 3.4340 0.0367 | Time: 27.4986 | VAL: 13.5248 0.2464 | 3.4340 0.0225 | 3.4340 0.0336 | Time: 2.3522 | TEST: 13.3657 0.2427 | 3.4340 0.0246 | 3.4340 0.0389 | Time: 2.7961
Epoch: 0091 | TRAIN: 0.1005 0.9712 | 3.4340 0.0264 | 3.4340 0.0367 | Time: 27.5290 | VAL: 11.0472 0.2572 | 3.4340 0.0225 | 3.4340 0.0336 | Time: 2.3778 | TEST: 10.5701 0.2393 | 3.4340 0.0246 | 3.4340 0.0389 | Time: 2.8373
Epoch: 0092 | TRAIN: 0.0740 0.9796 | 3.4340 0.0228 | 3.4340 0.0361 | Time: 27.4552 | VAL: 19.5440 0.1775 | 3.4340 0.0225 | 3.4340 0.0336 | Time: 2.3501 | TEST: 20.0701 0.1897 | 3.4340 0.0246 | 3.4340 0.0389 | Time: 2.7884
Epoch: 0093 | TRAIN: 0.0705 0.9814 | 3.4340 0.0252 | 3.4340 0.0367 | Time: 27.4898 | VAL: 10.9434 0.2609 | 3.4340 0.0225 | 3.4340 0.0336 | Time: 2.3750 | TEST: 10.4240 0.2650 | 3.4340 0.0246 | 3.4340 0.0389 | Time: 2.8254
Epoch: 0094 | TRAIN: 0.0687 0.9796 | 3.4340 0.0246 | 3.4340 0.0385 | Time: 27.5098 | VAL: 15.0893 0.1975 | 3.4340 0.0225 | 3.4340 0.0336 | Time: 2.3738 | TEST: 14.8202 0.2000 | 3.4340 0.0246 | 3.4340 0.0389 | Time: 2.8333
Epoch: 0095 | TRAIN: 0.0600 0.9790 | 3.4340 0.0252 | 3.4340 0.0373 | Time: 27.5314 | VAL: 11.6711 0.2572 | 3.4340 0.0225 | 3.4340 0.0336 | Time: 2.3650 | TEST: 11.3386 0.2581 | 3.4340 0.0246 | 3.4340 0.0389 | Time: 2.8321
Epoch: 0096 | TRAIN: 0.0600 0.9850 | 3.4340 0.0246 | 3.4340 0.0331 | Time: 27.6907 | VAL: 14.3415 0.2174 | 3.4340 0.0225 | 3.4340 0.0336 | Time: 2.4291 | TEST: 13.7821 0.2308 | 3.4340 0.0246 | 3.4340 0.0389 | Time: 2.9296
Epoch: 0097 | TRAIN: 0.0543 0.9820 | 3.4340 0.0234 | 3.4340 0.0373 | Time: 27.6252 | VAL: 16.2905 0.2355 | 3.4340 0.0225 | 3.4340 0.0336 | Time: 2.4082 | TEST: 15.6172 0.2547 | 3.4340 0.0246 | 3.4340 0.0389 | Time: 2.9171
Epoch: 0098 | TRAIN: 0.0758 0.9766 | 3.4340 0.0240 | 3.4340 0.0379 | Time: 27.4550 | VAL: 9.0884 0.2989 | 3.4340 0.0225 | 3.4340 0.0336 | Time: 2.4201 | TEST: 8.4817 0.2872 | 3.4340 0.0246 | 3.4340 0.0389 | Time: 2.8763
Epoch: 0099 | TRAIN: 0.0875 0.9754 | 3.4340 0.0264 | 3.4340 0.0361 | Time: 27.5456 | VAL: 11.9121 0.2663 | 3.4340 0.0225 | 3.4340 0.0336 | Time: 2.4003 | TEST: 11.1113 0.2256 | 3.4340 0.0246 | 3.4340 0.0389 | Time: 2.8677
========================================
Best Result: Epoch 98, result {'amazon': [0.28717948717948716], 'dslr': [0.02459016393442623], 'webcam': [0.03888888888888889]}
========================================
