========================================
General Configuration:
	Wighting: ITL
	Architecture: HPS
	Rep_Grad: False
	Multi_Input: True
	Seed: 0
	Device: cuda:0
ITL Configuration:
	weighting: ITL
	task_idx: 0
Optimizer Configuration:
	optim: adam
	lr: 0.0001
	weight_decay: 1e-06
========================================
Total Params: 11487901
Trainable Params: 11487901
Non-trainable Params: 0
========================================
LOG FORMAT | amazon_LOSS Acc | dslr_LOSS Acc | webcam_LOSS Acc | TIME
Epoch: 0000 | TRAIN: 2.3330 0.4567 | 3.6099 0.0355 | 3.5706 0.0397 | Time: 28.2141 | VAL: 1.3418 0.7319 | 3.5840 0.0449 | 3.4983 0.0403 | Time: 2.4258 | TEST: 1.3376 0.7419 | 3.5414 0.0656 | 3.4817 0.0389 | Time: 2.8933
Epoch: 0001 | TRAIN: 1.0644 0.8071 | 3.6008 0.0349 | 3.5311 0.0511 | Time: 27.8841 | VAL: 0.8976 0.8152 | 3.5405 0.0337 | 3.4628 0.0336 | Time: 2.4293 | TEST: 0.9117 0.8085 | 3.5145 0.0574 | 3.4688 0.0278 | Time: 2.9324
Epoch: 0002 | TRAIN: 0.6292 0.9093 | 3.5752 0.0355 | 3.5561 0.0433 | Time: 27.9942 | VAL: 0.7409 0.8442 | 3.5036 0.0337 | 3.4634 0.0336 | Time: 2.4166 | TEST: 0.7616 0.8342 | 3.4920 0.0656 | 3.4561 0.0333 | Time: 2.8798
Epoch: 0003 | TRAIN: 0.3741 0.9675 | 3.5297 0.0409 | 3.5151 0.0505 | Time: 27.8802 | VAL: 0.6664 0.8496 | 3.4927 0.0562 | 3.4694 0.0470 | Time: 2.3944 | TEST: 0.6935 0.8393 | 3.4806 0.0574 | 3.4651 0.0444 | Time: 2.8469
Epoch: 0004 | TRAIN: 0.2276 0.9910 | 3.5300 0.0373 | 3.5142 0.0439 | Time: 27.9829 | VAL: 0.6174 0.8605 | 3.4817 0.0337 | 3.4699 0.0537 | Time: 2.4199 | TEST: 0.6339 0.8530 | 3.4819 0.0656 | 3.4663 0.0333 | Time: 2.8956
Epoch: 0005 | TRAIN: 0.1358 0.9988 | 3.5074 0.0337 | 3.5141 0.0487 | Time: 27.9766 | VAL: 0.6145 0.8551 | 3.4731 0.0337 | 3.4656 0.0537 | Time: 2.4012 | TEST: 0.6291 0.8479 | 3.4670 0.0492 | 3.4619 0.0556 | Time: 2.8651
Epoch: 0006 | TRAIN: 0.0954 1.0000 | 3.4815 0.0385 | 3.4828 0.0601 | Time: 27.9706 | VAL: 0.5830 0.8623 | 3.4722 0.0337 | 3.4511 0.0537 | Time: 2.3793 | TEST: 0.6056 0.8513 | 3.4655 0.0492 | 3.4486 0.0611 | Time: 2.8266
Epoch: 0007 | TRAIN: 0.0732 1.0000 | 3.4886 0.0276 | 3.4876 0.0481 | Time: 27.8955 | VAL: 0.5747 0.8605 | 3.4667 0.0337 | 3.4482 0.0604 | Time: 2.4392 | TEST: 0.5912 0.8547 | 3.4599 0.0492 | 3.4488 0.0611 | Time: 2.9101
Epoch: 0008 | TRAIN: 0.0535 1.0000 | 3.4809 0.0325 | 3.4665 0.0511 | Time: 28.0546 | VAL: 0.5762 0.8641 | 3.4580 0.0337 | 3.4437 0.0604 | Time: 2.3944 | TEST: 0.5881 0.8564 | 3.4543 0.0410 | 3.4423 0.0556 | Time: 2.8452
Epoch: 0009 | TRAIN: 0.0471 1.0000 | 3.4679 0.0294 | 3.4707 0.0541 | Time: 27.8800 | VAL: 0.5602 0.8605 | 3.4579 0.0449 | 3.4413 0.0604 | Time: 2.4547 | TEST: 0.5775 0.8479 | 3.4558 0.0246 | 3.4393 0.0611 | Time: 2.9045
Epoch: 0010 | TRAIN: 0.0411 1.0000 | 3.4618 0.0409 | 3.4592 0.0481 | Time: 27.8003 | VAL: 0.5643 0.8605 | 3.4542 0.0449 | 3.4419 0.0537 | Time: 2.3678 | TEST: 0.5751 0.8598 | 3.4530 0.0246 | 3.4412 0.0500 | Time: 2.8368
Epoch: 0011 | TRAIN: 0.0357 1.0000 | 3.4585 0.0355 | 3.4678 0.0439 | Time: 27.8328 | VAL: 0.5548 0.8659 | 3.4507 0.0449 | 3.4362 0.0537 | Time: 2.4176 | TEST: 0.5648 0.8615 | 3.4468 0.0328 | 3.4344 0.0500 | Time: 2.8678
Epoch: 0012 | TRAIN: 0.0296 1.0000 | 3.4564 0.0319 | 3.4515 0.0421 | Time: 27.7581 | VAL: 0.5551 0.8587 | 3.4495 0.0337 | 3.4369 0.0537 | Time: 2.4336 | TEST: 0.5667 0.8581 | 3.4493 0.0246 | 3.4362 0.0444 | Time: 2.8671
Epoch: 0013 | TRAIN: 0.0286 1.0000 | 3.4516 0.0258 | 3.4461 0.0421 | Time: 27.7658 | VAL: 0.5575 0.8605 | 3.4463 0.0337 | 3.4332 0.0604 | Time: 2.3998 | TEST: 0.5581 0.8615 | 3.4474 0.0246 | 3.4338 0.0444 | Time: 2.8659
Epoch: 0014 | TRAIN: 0.0245 1.0000 | 3.4498 0.0276 | 3.4417 0.0439 | Time: 27.9170 | VAL: 0.5490 0.8641 | 3.4433 0.0337 | 3.4319 0.0537 | Time: 2.4207 | TEST: 0.5582 0.8598 | 3.4443 0.0164 | 3.4320 0.0444 | Time: 2.9029
Epoch: 0015 | TRAIN: 0.0238 1.0000 | 3.4414 0.0325 | 3.4450 0.0523 | Time: 27.8157 | VAL: 0.5500 0.8641 | 3.4430 0.0225 | 3.4323 0.0671 | Time: 2.4145 | TEST: 0.5609 0.8615 | 3.4435 0.0164 | 3.4327 0.0389 | Time: 2.8681
Epoch: 0016 | TRAIN: 0.0218 1.0000 | 3.4469 0.0258 | 3.4413 0.0469 | Time: 27.8311 | VAL: 0.5536 0.8641 | 3.4406 0.0337 | 3.4319 0.0671 | Time: 2.4092 | TEST: 0.5604 0.8564 | 3.4417 0.0246 | 3.4300 0.0444 | Time: 2.8677
Epoch: 0017 | TRAIN: 0.0199 1.0000 | 3.4455 0.0252 | 3.4409 0.0451 | Time: 27.7171 | VAL: 0.5467 0.8659 | 3.4401 0.0225 | 3.4320 0.0671 | Time: 2.3796 | TEST: 0.5585 0.8632 | 3.4407 0.0246 | 3.4306 0.0333 | Time: 2.8686
Epoch: 0018 | TRAIN: 0.0182 1.0000 | 3.4390 0.0276 | 3.4319 0.0505 | Time: 27.7184 | VAL: 0.5450 0.8659 | 3.4381 0.0225 | 3.4306 0.0537 | Time: 2.3829 | TEST: 0.5555 0.8615 | 3.4394 0.0246 | 3.4286 0.0389 | Time: 2.8572
Epoch: 0019 | TRAIN: 0.0163 1.0000 | 3.4398 0.0216 | 3.4367 0.0403 | Time: 27.6437 | VAL: 0.5478 0.8659 | 3.4358 0.0337 | 3.4308 0.0604 | Time: 2.4580 | TEST: 0.5548 0.8598 | 3.4388 0.0246 | 3.4294 0.0444 | Time: 2.9125
Epoch: 0020 | TRAIN: 0.0158 1.0000 | 3.4357 0.0385 | 3.4381 0.0457 | Time: 27.6364 | VAL: 0.5535 0.8641 | 3.4370 0.0337 | 3.4309 0.0470 | Time: 2.4557 | TEST: 0.5549 0.8632 | 3.4394 0.0164 | 3.4302 0.0333 | Time: 2.8799
Epoch: 0021 | TRAIN: 0.0144 1.0000 | 3.4346 0.0361 | 3.4354 0.0379 | Time: 28.0607 | VAL: 0.5379 0.8696 | 3.4352 0.0225 | 3.4311 0.0537 | Time: 2.4092 | TEST: 0.5570 0.8598 | 3.4367 0.0246 | 3.4292 0.0389 | Time: 2.8742
Epoch: 0022 | TRAIN: 0.0136 1.0000 | 3.4344 0.0355 | 3.4341 0.0499 | Time: 27.8564 | VAL: 0.5399 0.8659 | 3.4341 0.0225 | 3.4306 0.0470 | Time: 2.4197 | TEST: 0.5569 0.8581 | 3.4362 0.0164 | 3.4289 0.0333 | Time: 2.8784
Epoch: 0023 | TRAIN: 0.0124 1.0000 | 3.4381 0.0288 | 3.4309 0.0397 | Time: 27.9909 | VAL: 0.5376 0.8641 | 3.4343 0.0225 | 3.4308 0.0470 | Time: 2.3925 | TEST: 0.5585 0.8581 | 3.4360 0.0164 | 3.4295 0.0444 | Time: 2.8381
Epoch: 0024 | TRAIN: 0.0115 1.0000 | 3.4376 0.0282 | 3.4315 0.0445 | Time: 27.8656 | VAL: 0.5427 0.8641 | 3.4337 0.0225 | 3.4312 0.0537 | Time: 2.4531 | TEST: 0.5572 0.8564 | 3.4355 0.0164 | 3.4298 0.0444 | Time: 2.9192
Epoch: 0025 | TRAIN: 0.0112 1.0000 | 3.4361 0.0270 | 3.4325 0.0505 | Time: 27.9872 | VAL: 0.5436 0.8659 | 3.4341 0.0225 | 3.4316 0.0403 | Time: 2.4204 | TEST: 0.5552 0.8598 | 3.4358 0.0164 | 3.4301 0.0389 | Time: 2.9058
Epoch: 0026 | TRAIN: 0.0106 1.0000 | 3.4362 0.0252 | 3.4329 0.0337 | Time: 28.0967 | VAL: 0.5453 0.8641 | 3.4347 0.0225 | 3.4314 0.0537 | Time: 2.3940 | TEST: 0.5557 0.8632 | 3.4356 0.0164 | 3.4293 0.0444 | Time: 2.8727
Epoch: 0027 | TRAIN: 0.0107 1.0000 | 3.4334 0.0300 | 3.4302 0.0493 | Time: 28.0454 | VAL: 0.5461 0.8659 | 3.4341 0.0225 | 3.4313 0.0537 | Time: 2.4244 | TEST: 0.5536 0.8632 | 3.4348 0.0164 | 3.4301 0.0389 | Time: 2.8582
Epoch: 0028 | TRAIN: 0.0095 1.0000 | 3.4332 0.0300 | 3.4319 0.0421 | Time: 27.8500 | VAL: 0.5438 0.8659 | 3.4341 0.0225 | 3.4313 0.0537 | Time: 2.4123 | TEST: 0.5517 0.8632 | 3.4350 0.0246 | 3.4301 0.0389 | Time: 2.8727
Epoch: 0029 | TRAIN: 0.0096 1.0000 | 3.4344 0.0222 | 3.4311 0.0481 | Time: 27.7259 | VAL: 0.5496 0.8659 | 3.4338 0.0225 | 3.4313 0.0470 | Time: 2.3943 | TEST: 0.5596 0.8615 | 3.4350 0.0246 | 3.4302 0.0389 | Time: 2.8431
Epoch: 0030 | TRAIN: 0.0086 1.0000 | 3.4366 0.0306 | 3.4310 0.0391 | Time: 27.8700 | VAL: 0.5544 0.8659 | 3.4338 0.0225 | 3.4314 0.0604 | Time: 2.4089 | TEST: 0.5584 0.8598 | 3.4351 0.0164 | 3.4305 0.0389 | Time: 2.8718
Epoch: 0031 | TRAIN: 0.0089 1.0000 | 3.4334 0.0276 | 3.4322 0.0499 | Time: 27.6569 | VAL: 0.5511 0.8623 | 3.4342 0.0112 | 3.4316 0.0537 | Time: 2.4444 | TEST: 0.5519 0.8615 | 3.4348 0.0164 | 3.4308 0.0333 | Time: 2.8980
Epoch: 0032 | TRAIN: 0.0085 1.0000 | 3.4341 0.0240 | 3.4304 0.0559 | Time: 27.7495 | VAL: 0.5552 0.8605 | 3.4338 0.0225 | 3.4322 0.0537 | Time: 2.4279 | TEST: 0.5627 0.8598 | 3.4346 0.0246 | 3.4312 0.0389 | Time: 2.8699
Epoch: 0033 | TRAIN: 0.0079 1.0000 | 3.4334 0.0240 | 3.4311 0.0541 | Time: 27.5907 | VAL: 0.5524 0.8641 | 3.4343 0.0225 | 3.4325 0.0537 | Time: 2.4033 | TEST: 0.5548 0.8632 | 3.4349 0.0246 | 3.4316 0.0389 | Time: 2.8616
Epoch: 0034 | TRAIN: 0.0078 1.0000 | 3.4344 0.0294 | 3.4318 0.0421 | Time: 27.5782 | VAL: 0.5492 0.8641 | 3.4341 0.0225 | 3.4324 0.0537 | Time: 2.4125 | TEST: 0.5686 0.8615 | 3.4347 0.0246 | 3.4318 0.0333 | Time: 2.9053
Epoch: 0035 | TRAIN: 0.0070 1.0000 | 3.4341 0.0264 | 3.4318 0.0433 | Time: 27.7964 | VAL: 0.5518 0.8641 | 3.4340 0.0225 | 3.4326 0.0537 | Time: 2.4446 | TEST: 0.5586 0.8667 | 3.4345 0.0246 | 3.4320 0.0333 | Time: 2.9109
Epoch: 0036 | TRAIN: 0.0067 1.0000 | 3.4341 0.0300 | 3.4320 0.0493 | Time: 27.7054 | VAL: 0.5404 0.8678 | 3.4343 0.0225 | 3.4327 0.0537 | Time: 2.3827 | TEST: 0.5508 0.8650 | 3.4345 0.0164 | 3.4322 0.0333 | Time: 2.8378
Epoch: 0037 | TRAIN: 0.0063 1.0000 | 3.4341 0.0246 | 3.4324 0.0487 | Time: 27.7795 | VAL: 0.5473 0.8714 | 3.4341 0.0225 | 3.4327 0.0537 | Time: 2.3815 | TEST: 0.5531 0.8615 | 3.4345 0.0164 | 3.4322 0.0333 | Time: 2.8936
Epoch: 0038 | TRAIN: 0.0063 1.0000 | 3.4338 0.0337 | 3.4322 0.0391 | Time: 27.7300 | VAL: 0.5453 0.8696 | 3.4340 0.0225 | 3.4328 0.0470 | Time: 2.4484 | TEST: 0.5554 0.8615 | 3.4343 0.0246 | 3.4325 0.0333 | Time: 2.9108
Epoch: 0039 | TRAIN: 0.0066 1.0000 | 3.4339 0.0325 | 3.4326 0.0505 | Time: 27.7028 | VAL: 0.5535 0.8641 | 3.4339 0.0225 | 3.4331 0.0403 | Time: 2.4508 | TEST: 0.5557 0.8684 | 3.4343 0.0164 | 3.4327 0.0333 | Time: 2.9082
Epoch: 0040 | TRAIN: 0.0061 1.0000 | 3.4341 0.0294 | 3.4326 0.0493 | Time: 27.7559 | VAL: 0.5432 0.8678 | 3.4343 0.0112 | 3.4331 0.0470 | Time: 2.4345 | TEST: 0.5567 0.8598 | 3.4345 0.0164 | 3.4328 0.0333 | Time: 2.9008
Epoch: 0041 | TRAIN: 0.0056 1.0000 | 3.4339 0.0258 | 3.4325 0.0427 | Time: 27.7655 | VAL: 0.5530 0.8696 | 3.4339 0.0112 | 3.4332 0.0537 | Time: 2.4289 | TEST: 0.5581 0.8650 | 3.4343 0.0246 | 3.4329 0.0333 | Time: 2.9093
Epoch: 0042 | TRAIN: 0.0051 1.0000 | 3.4338 0.0252 | 3.4327 0.0553 | Time: 27.8578 | VAL: 0.5488 0.8659 | 3.4340 0.0225 | 3.4333 0.0537 | Time: 2.4501 | TEST: 0.5577 0.8598 | 3.4341 0.0246 | 3.4330 0.0389 | Time: 2.8960
Epoch: 0043 | TRAIN: 0.0051 1.0000 | 3.4340 0.0234 | 3.4331 0.0463 | Time: 27.7047 | VAL: 0.5535 0.8696 | 3.4341 0.0225 | 3.4333 0.0604 | Time: 2.3985 | TEST: 0.5557 0.8667 | 3.4343 0.0246 | 3.4330 0.0389 | Time: 2.8456
Epoch: 0044 | TRAIN: 0.0051 1.0000 | 3.4340 0.0361 | 3.4330 0.0511 | Time: 27.8015 | VAL: 0.5477 0.8659 | 3.4340 0.0225 | 3.4334 0.0671 | Time: 2.4181 | TEST: 0.5484 0.8701 | 3.4341 0.0246 | 3.4332 0.0389 | Time: 2.8904
Epoch: 0045 | TRAIN: 0.0048 1.0000 | 3.4336 0.0379 | 3.4330 0.0505 | Time: 27.7232 | VAL: 0.5478 0.8659 | 3.4340 0.0225 | 3.4335 0.0537 | Time: 2.4304 | TEST: 0.5484 0.8684 | 3.4341 0.0246 | 3.4333 0.0389 | Time: 2.8887
Epoch: 0046 | TRAIN: 0.0045 1.0000 | 3.4340 0.0246 | 3.4333 0.0397 | Time: 27.6039 | VAL: 0.5441 0.8696 | 3.4340 0.0225 | 3.4335 0.0537 | Time: 2.3821 | TEST: 0.5553 0.8650 | 3.4341 0.0246 | 3.4333 0.0389 | Time: 2.8464
Epoch: 0047 | TRAIN: 0.0043 1.0000 | 3.4340 0.0252 | 3.4331 0.0469 | Time: 27.6353 | VAL: 0.5479 0.8659 | 3.4339 0.0225 | 3.4336 0.0671 | Time: 2.4446 | TEST: 0.5561 0.8667 | 3.4341 0.0164 | 3.4333 0.0389 | Time: 2.8903
Epoch: 0048 | TRAIN: 0.0045 1.0000 | 3.4339 0.0216 | 3.4334 0.0433 | Time: 28.0776 | VAL: 0.5385 0.8714 | 3.4340 0.0225 | 3.4337 0.0537 | Time: 2.3970 | TEST: 0.5518 0.8667 | 3.4341 0.0164 | 3.4335 0.0389 | Time: 2.8546
Epoch: 0049 | TRAIN: 0.0043 1.0000 | 3.4341 0.0319 | 3.4331 0.0457 | Time: 27.9470 | VAL: 0.5444 0.8678 | 3.4340 0.0225 | 3.4337 0.0604 | Time: 2.4184 | TEST: 0.5562 0.8650 | 3.4341 0.0164 | 3.4335 0.0444 | Time: 2.8647
Epoch: 0050 | TRAIN: 0.0041 1.0000 | 3.4341 0.0180 | 3.4335 0.0487 | Time: 28.0435 | VAL: 0.5431 0.8696 | 3.4339 0.0225 | 3.4337 0.0537 | Time: 2.4467 | TEST: 0.5552 0.8718 | 3.4340 0.0164 | 3.4335 0.0444 | Time: 2.8944
Epoch: 0051 | TRAIN: 0.0040 1.0000 | 3.4339 0.0264 | 3.4337 0.0445 | Time: 28.0389 | VAL: 0.5380 0.8732 | 3.4339 0.0225 | 3.4337 0.0537 | Time: 2.4393 | TEST: 0.5540 0.8684 | 3.4340 0.0164 | 3.4336 0.0389 | Time: 2.9029
Epoch: 0052 | TRAIN: 0.0040 1.0000 | 3.4338 0.0325 | 3.4336 0.0571 | Time: 27.8039 | VAL: 0.5429 0.8714 | 3.4339 0.0225 | 3.4338 0.0604 | Time: 2.4179 | TEST: 0.5562 0.8650 | 3.4340 0.0164 | 3.4336 0.0333 | Time: 2.8946
Epoch: 0053 | TRAIN: 0.0037 1.0000 | 3.4341 0.0270 | 3.4336 0.0517 | Time: 28.0010 | VAL: 0.5449 0.8714 | 3.4340 0.0225 | 3.4338 0.0537 | Time: 2.4183 | TEST: 0.5524 0.8650 | 3.4340 0.0164 | 3.4337 0.0389 | Time: 2.8675
Epoch: 0054 | TRAIN: 0.0036 1.0000 | 3.4340 0.0343 | 3.4337 0.0505 | Time: 27.9624 | VAL: 0.5497 0.8678 | 3.4340 0.0225 | 3.4338 0.0537 | Time: 2.4354 | TEST: 0.5535 0.8684 | 3.4340 0.0164 | 3.4337 0.0444 | Time: 2.8878
Epoch: 0055 | TRAIN: 0.0036 1.0000 | 3.4339 0.0331 | 3.4338 0.0529 | Time: 27.7978 | VAL: 0.5495 0.8714 | 3.4340 0.0225 | 3.4339 0.0604 | Time: 2.4234 | TEST: 0.5594 0.8735 | 3.4340 0.0246 | 3.4338 0.0333 | Time: 2.8705
Epoch: 0056 | TRAIN: 0.0036 1.0000 | 3.4340 0.0300 | 3.4338 0.0409 | Time: 28.1060 | VAL: 0.5504 0.8641 | 3.4340 0.0225 | 3.4339 0.0604 | Time: 2.4493 | TEST: 0.5586 0.8718 | 3.4340 0.0246 | 3.4338 0.0333 | Time: 2.9003
Epoch: 0057 | TRAIN: 0.0035 1.0000 | 3.4340 0.0270 | 3.4337 0.0487 | Time: 27.8461 | VAL: 0.5566 0.8678 | 3.4340 0.0225 | 3.4339 0.0604 | Time: 2.4020 | TEST: 0.5544 0.8752 | 3.4340 0.0164 | 3.4338 0.0333 | Time: 2.8520
Epoch: 0058 | TRAIN: 0.0035 1.0000 | 3.4340 0.0270 | 3.4338 0.0493 | Time: 27.8691 | VAL: 0.5561 0.8641 | 3.4340 0.0225 | 3.4339 0.0537 | Time: 2.4173 | TEST: 0.5576 0.8650 | 3.4340 0.0164 | 3.4338 0.0389 | Time: 2.8789
Epoch: 0059 | TRAIN: 0.0031 1.0000 | 3.4339 0.0319 | 3.4339 0.0499 | Time: 27.7578 | VAL: 0.5538 0.8659 | 3.4340 0.0225 | 3.4339 0.0537 | Time: 2.3849 | TEST: 0.5561 0.8650 | 3.4340 0.0246 | 3.4338 0.0389 | Time: 2.8786
Epoch: 0060 | TRAIN: 0.0032 1.0000 | 3.4340 0.0294 | 3.4338 0.0601 | Time: 27.7514 | VAL: 0.5573 0.8678 | 3.4340 0.0225 | 3.4339 0.0537 | Time: 2.4211 | TEST: 0.5546 0.8615 | 3.4340 0.0164 | 3.4338 0.0444 | Time: 2.8827
Epoch: 0061 | TRAIN: 0.0029 1.0000 | 3.4340 0.0288 | 3.4338 0.0505 | Time: 27.7833 | VAL: 0.5494 0.8714 | 3.4340 0.0225 | 3.4339 0.0604 | Time: 2.4020 | TEST: 0.5481 0.8667 | 3.4340 0.0164 | 3.4339 0.0333 | Time: 2.8868
Epoch: 0062 | TRAIN: 0.0029 1.0000 | 3.4340 0.0349 | 3.4339 0.0469 | Time: 27.8379 | VAL: 0.5556 0.8678 | 3.4340 0.0225 | 3.4339 0.0537 | Time: 2.3981 | TEST: 0.5513 0.8667 | 3.4340 0.0164 | 3.4339 0.0389 | Time: 2.8481
Epoch: 0063 | TRAIN: 0.0027 1.0000 | 3.4340 0.0294 | 3.4339 0.0499 | Time: 27.8010 | VAL: 0.5580 0.8659 | 3.4340 0.0225 | 3.4339 0.0470 | Time: 2.4560 | TEST: 0.5554 0.8667 | 3.4340 0.0164 | 3.4339 0.0333 | Time: 2.8628
Epoch: 0064 | TRAIN: 0.0026 1.0000 | 3.4340 0.0349 | 3.4339 0.0529 | Time: 27.6904 | VAL: 0.5605 0.8678 | 3.4340 0.0225 | 3.4339 0.0537 | Time: 2.4528 | TEST: 0.5535 0.8650 | 3.4340 0.0164 | 3.4339 0.0389 | Time: 2.9180
Epoch: 0065 | TRAIN: 0.0028 1.0000 | 3.4340 0.0312 | 3.4339 0.0565 | Time: 27.5172 | VAL: 0.5559 0.8659 | 3.4340 0.0225 | 3.4339 0.0604 | Time: 2.3895 | TEST: 0.5562 0.8684 | 3.4340 0.0246 | 3.4339 0.0333 | Time: 2.8903
Epoch: 0066 | TRAIN: 0.0026 1.0000 | 3.4340 0.0288 | 3.4339 0.0541 | Time: 27.6495 | VAL: 0.5612 0.8678 | 3.4340 0.0225 | 3.4339 0.0604 | Time: 2.4119 | TEST: 0.5590 0.8701 | 3.4340 0.0164 | 3.4339 0.0389 | Time: 2.8490
Epoch: 0067 | TRAIN: 0.0025 1.0000 | 3.4340 0.0306 | 3.4339 0.0637 | Time: 27.7231 | VAL: 0.5644 0.8714 | 3.4340 0.0225 | 3.4340 0.0604 | Time: 2.3771 | TEST: 0.5608 0.8650 | 3.4340 0.0164 | 3.4339 0.0389 | Time: 2.8553
Epoch: 0068 | TRAIN: 0.0025 1.0000 | 3.4340 0.0270 | 3.4339 0.0463 | Time: 27.7236 | VAL: 0.5567 0.8696 | 3.4340 0.0225 | 3.4340 0.0537 | Time: 2.3893 | TEST: 0.5606 0.8718 | 3.4340 0.0164 | 3.4339 0.0389 | Time: 2.8378
Epoch: 0069 | TRAIN: 0.0026 1.0000 | 3.4340 0.0240 | 3.4339 0.0421 | Time: 28.1578 | VAL: 0.5574 0.8659 | 3.4340 0.0112 | 3.4340 0.0604 | Time: 2.4032 | TEST: 0.5553 0.8684 | 3.4340 0.0164 | 3.4339 0.0389 | Time: 2.8716
Epoch: 0070 | TRAIN: 0.0024 1.0000 | 3.4340 0.0276 | 3.4340 0.0463 | Time: 27.9449 | VAL: 0.5613 0.8678 | 3.4340 0.0225 | 3.4340 0.0671 | Time: 2.4323 | TEST: 0.5548 0.8718 | 3.4340 0.0164 | 3.4340 0.0444 | Time: 2.8846
Epoch: 0071 | TRAIN: 0.0023 1.0000 | 3.4340 0.0282 | 3.4340 0.0475 | Time: 27.8587 | VAL: 0.5637 0.8641 | 3.4340 0.0225 | 3.4340 0.0604 | Time: 2.4188 | TEST: 0.5570 0.8701 | 3.4340 0.0164 | 3.4340 0.0389 | Time: 2.8773
Epoch: 0072 | TRAIN: 0.0021 1.0000 | 3.4340 0.0264 | 3.4340 0.0535 | Time: 28.0084 | VAL: 0.5602 0.8696 | 3.4340 0.0225 | 3.4340 0.0537 | Time: 2.4487 | TEST: 0.5554 0.8735 | 3.4340 0.0164 | 3.4340 0.0444 | Time: 2.9249
Epoch: 0073 | TRAIN: 0.0022 1.0000 | 3.4340 0.0306 | 3.4340 0.0523 | Time: 27.8855 | VAL: 0.5547 0.8696 | 3.4340 0.0225 | 3.4340 0.0537 | Time: 2.3977 | TEST: 0.5600 0.8684 | 3.4340 0.0164 | 3.4340 0.0333 | Time: 2.8589
Epoch: 0074 | TRAIN: 0.0022 1.0000 | 3.4340 0.0270 | 3.4340 0.0547 | Time: 27.6063 | VAL: 0.5569 0.8696 | 3.4340 0.0225 | 3.4340 0.0604 | Time: 2.4106 | TEST: 0.5568 0.8752 | 3.4340 0.0164 | 3.4340 0.0278 | Time: 2.8478
Epoch: 0075 | TRAIN: 0.0021 1.0000 | 3.4340 0.0331 | 3.4340 0.0403 | Time: 27.6454 | VAL: 0.5564 0.8696 | 3.4340 0.0112 | 3.4340 0.0537 | Time: 2.4501 | TEST: 0.5496 0.8684 | 3.4340 0.0164 | 3.4340 0.0333 | Time: 2.8762
Epoch: 0076 | TRAIN: 0.0021 1.0000 | 3.4340 0.0294 | 3.4340 0.0487 | Time: 27.8437 | VAL: 0.5592 0.8696 | 3.4340 0.0225 | 3.4340 0.0537 | Time: 2.3894 | TEST: 0.5599 0.8735 | 3.4340 0.0164 | 3.4340 0.0389 | Time: 2.8388
Epoch: 0077 | TRAIN: 0.0020 1.0000 | 3.4340 0.0276 | 3.4340 0.0601 | Time: 27.8240 | VAL: 0.5606 0.8696 | 3.4340 0.0112 | 3.4340 0.0604 | Time: 2.4159 | TEST: 0.5604 0.8735 | 3.4340 0.0164 | 3.4340 0.0389 | Time: 2.8852
Epoch: 0078 | TRAIN: 0.0018 1.0000 | 3.4340 0.0264 | 3.4340 0.0457 | Time: 27.8021 | VAL: 0.5519 0.8641 | 3.4340 0.0337 | 3.4340 0.0604 | Time: 2.4107 | TEST: 0.5583 0.8735 | 3.4340 0.0164 | 3.4340 0.0333 | Time: 2.8967
Epoch: 0079 | TRAIN: 0.0020 1.0000 | 3.4340 0.0282 | 3.4340 0.0529 | Time: 28.0706 | VAL: 0.5626 0.8714 | 3.4340 0.0112 | 3.4340 0.0537 | Time: 2.3801 | TEST: 0.5577 0.8650 | 3.4340 0.0164 | 3.4340 0.0389 | Time: 2.8659
Epoch: 0080 | TRAIN: 0.0018 1.0000 | 3.4340 0.0282 | 3.4340 0.0547 | Time: 28.0290 | VAL: 0.5567 0.8659 | 3.4340 0.0112 | 3.4340 0.0671 | Time: 2.4224 | TEST: 0.5631 0.8701 | 3.4340 0.0164 | 3.4340 0.0444 | Time: 2.8953
Epoch: 0081 | TRAIN: 0.0020 1.0000 | 3.4340 0.0258 | 3.4340 0.0499 | Time: 27.5811 | VAL: 0.5559 0.8678 | 3.4340 0.0225 | 3.4340 0.0604 | Time: 2.3796 | TEST: 0.5595 0.8718 | 3.4340 0.0164 | 3.4340 0.0333 | Time: 2.8659
Epoch: 0082 | TRAIN: 0.0017 1.0000 | 3.4340 0.0331 | 3.4340 0.0481 | Time: 27.5220 | VAL: 0.5668 0.8696 | 3.4340 0.0225 | 3.4340 0.0604 | Time: 2.4294 | TEST: 0.5565 0.8718 | 3.4340 0.0246 | 3.4340 0.0389 | Time: 2.8928
Epoch: 0083 | TRAIN: 0.0019 1.0000 | 3.4340 0.0373 | 3.4340 0.0583 | Time: 27.5849 | VAL: 0.5579 0.8696 | 3.4340 0.0112 | 3.4340 0.0671 | Time: 2.4236 | TEST: 0.5565 0.8735 | 3.4340 0.0246 | 3.4340 0.0389 | Time: 2.8556
Epoch: 0084 | TRAIN: 0.0017 1.0000 | 3.4340 0.0373 | 3.4340 0.0541 | Time: 27.7272 | VAL: 0.5527 0.8696 | 3.4340 0.0225 | 3.4340 0.0537 | Time: 2.3724 | TEST: 0.5587 0.8650 | 3.4340 0.0246 | 3.4340 0.0333 | Time: 2.8288
Epoch: 0085 | TRAIN: 0.0016 1.0000 | 3.4340 0.0367 | 3.4340 0.0631 | Time: 27.8450 | VAL: 0.5578 0.8678 | 3.4340 0.0225 | 3.4340 0.0671 | Time: 2.4223 | TEST: 0.5585 0.8735 | 3.4340 0.0246 | 3.4340 0.0389 | Time: 2.8829
Epoch: 0086 | TRAIN: 0.0016 1.0000 | 3.4340 0.0343 | 3.4340 0.0505 | Time: 27.7816 | VAL: 0.5535 0.8696 | 3.4340 0.0112 | 3.4340 0.0537 | Time: 2.3837 | TEST: 0.5527 0.8718 | 3.4340 0.0246 | 3.4340 0.0444 | Time: 2.8365
Epoch: 0087 | TRAIN: 0.0016 1.0000 | 3.4340 0.0294 | 3.4340 0.0457 | Time: 27.8328 | VAL: 0.5649 0.8659 | 3.4340 0.0112 | 3.4340 0.0470 | Time: 2.4035 | TEST: 0.5616 0.8701 | 3.4340 0.0246 | 3.4340 0.0444 | Time: 2.8606
Epoch: 0088 | TRAIN: 0.0015 1.0000 | 3.4340 0.0288 | 3.4340 0.0577 | Time: 27.7699 | VAL: 0.5674 0.8659 | 3.4340 0.0112 | 3.4340 0.0604 | Time: 2.4178 | TEST: 0.5651 0.8684 | 3.4340 0.0246 | 3.4340 0.0444 | Time: 2.8646
Epoch: 0089 | TRAIN: 0.0016 1.0000 | 3.4340 0.0300 | 3.4340 0.0445 | Time: 27.5776 | VAL: 0.5639 0.8678 | 3.4340 0.0112 | 3.4340 0.0470 | Time: 2.3978 | TEST: 0.5593 0.8684 | 3.4340 0.0164 | 3.4340 0.0389 | Time: 2.8610
Epoch: 0090 | TRAIN: 0.0015 1.0000 | 3.4340 0.0300 | 3.4340 0.0547 | Time: 27.7228 | VAL: 0.5670 0.8714 | 3.4340 0.0112 | 3.4340 0.0470 | Time: 2.4084 | TEST: 0.5576 0.8701 | 3.4340 0.0246 | 3.4340 0.0389 | Time: 2.8423
Epoch: 0091 | TRAIN: 0.0015 1.0000 | 3.4340 0.0427 | 3.4340 0.0535 | Time: 27.6693 | VAL: 0.5650 0.8659 | 3.4340 0.0112 | 3.4340 0.0470 | Time: 2.4054 | TEST: 0.5617 0.8667 | 3.4340 0.0246 | 3.4340 0.0444 | Time: 2.9046
Epoch: 0092 | TRAIN: 0.0015 1.0000 | 3.4340 0.0343 | 3.4340 0.0577 | Time: 28.0902 | VAL: 0.5694 0.8732 | 3.4340 0.0112 | 3.4340 0.0537 | Time: 2.4287 | TEST: 0.5624 0.8735 | 3.4340 0.0246 | 3.4340 0.0389 | Time: 2.9209
Epoch: 0093 | TRAIN: 0.0014 1.0000 | 3.4340 0.0397 | 3.4340 0.0565 | Time: 27.8746 | VAL: 0.5728 0.8623 | 3.4340 0.0112 | 3.4340 0.0537 | Time: 2.4076 | TEST: 0.5580 0.8701 | 3.4340 0.0246 | 3.4340 0.0444 | Time: 2.8781
Epoch: 0094 | TRAIN: 0.0013 1.0000 | 3.4340 0.0312 | 3.4340 0.0445 | Time: 27.8726 | VAL: 0.5691 0.8659 | 3.4340 0.0112 | 3.4340 0.0604 | Time: 2.4433 | TEST: 0.5666 0.8735 | 3.4340 0.0246 | 3.4340 0.0389 | Time: 2.9240
Epoch: 0095 | TRAIN: 0.0013 1.0000 | 3.4340 0.0391 | 3.4340 0.0541 | Time: 27.9047 | VAL: 0.5741 0.8678 | 3.4340 0.0112 | 3.4340 0.0604 | Time: 2.4180 | TEST: 0.5652 0.8701 | 3.4340 0.0164 | 3.4340 0.0500 | Time: 2.8837
Epoch: 0096 | TRAIN: 0.0013 1.0000 | 3.4340 0.0391 | 3.4340 0.0583 | Time: 27.9673 | VAL: 0.5665 0.8641 | 3.4340 0.0000 | 3.4340 0.0537 | Time: 2.3990 | TEST: 0.5613 0.8632 | 3.4340 0.0246 | 3.4340 0.0389 | Time: 2.8727
Epoch: 0097 | TRAIN: 0.0013 1.0000 | 3.4340 0.0361 | 3.4340 0.0571 | Time: 27.9218 | VAL: 0.5649 0.8659 | 3.4340 0.0112 | 3.4340 0.0604 | Time: 2.4162 | TEST: 0.5579 0.8718 | 3.4340 0.0164 | 3.4340 0.0389 | Time: 2.8796
Epoch: 0098 | TRAIN: 0.0013 1.0000 | 3.4340 0.0300 | 3.4340 0.0553 | Time: 27.8826 | VAL: 0.5754 0.8659 | 3.4340 0.0225 | 3.4340 0.0537 | Time: 2.4444 | TEST: 0.5674 0.8701 | 3.4340 0.0246 | 3.4340 0.0389 | Time: 2.9126
Epoch: 0099 | TRAIN: 0.0013 1.0000 | 3.4340 0.0282 | 3.4340 0.0559 | Time: 27.9745 | VAL: 0.5733 0.8659 | 3.4340 0.0225 | 3.4340 0.0537 | Time: 2.4020 | TEST: 0.5739 0.8667 | 3.4340 0.0164 | 3.4340 0.0500 | Time: 2.8762
========================================
Best Result: Epoch 9, result {'amazon': [0.8478632478632478], 'dslr': [0.02459016393442623], 'webcam': [0.06111111111111111]}
========================================
