========================================
General Configuration:
	Wighting: ITL
	Architecture: HPS
	Rep_Grad: False
	Multi_Input: True
	Seed: 0
	Device: cuda:0
ITL Configuration:
	weighting: ITL
	task_idx: 0
Optimizer Configuration:
	optim: adam
	lr: 1e-06
	weight_decay: 0.001
========================================
Total Params: 11487901
Trainable Params: 11487901
Non-trainable Params: 0
========================================
LOG FORMAT | amazon_LOSS Acc | dslr_LOSS Acc | webcam_LOSS Acc | TIME
Epoch: 0000 | TRAIN: 3.5640 0.0349 | 3.5721 0.0391 | 3.5904 0.0319 | Time: 28.5729 | VAL: 3.5095 0.0290 | 3.4993 0.0337 | 3.5463 0.0201 | Time: 2.4111 | TEST: 3.4697 0.0393 | 3.4927 0.0246 | 3.5054 0.0500 | Time: 2.8697
Epoch: 0001 | TRAIN: 3.5169 0.0463 | 3.5605 0.0361 | 3.6030 0.0312 | Time: 28.0659 | VAL: 3.4718 0.0326 | 3.5033 0.0337 | 3.5528 0.0201 | Time: 2.4295 | TEST: 3.4328 0.0444 | 3.4940 0.0328 | 3.5148 0.0500 | Time: 2.8981
Epoch: 0002 | TRAIN: 3.4786 0.0523 | 3.5875 0.0331 | 3.6152 0.0276 | Time: 27.8900 | VAL: 3.4303 0.0417 | 3.4979 0.0337 | 3.5470 0.0201 | Time: 2.3937 | TEST: 3.3905 0.0530 | 3.4918 0.0246 | 3.5089 0.0500 | Time: 2.8363
Epoch: 0003 | TRAIN: 3.4398 0.0517 | 3.5558 0.0325 | 3.5876 0.0373 | Time: 27.5259 | VAL: 3.3908 0.0543 | 3.5051 0.0337 | 3.5477 0.0201 | Time: 2.4536 | TEST: 3.3510 0.0667 | 3.4968 0.0246 | 3.5095 0.0556 | Time: 2.9255
Epoch: 0004 | TRAIN: 3.3814 0.0727 | 3.5751 0.0276 | 3.5831 0.0367 | Time: 27.4845 | VAL: 3.3519 0.0707 | 3.5026 0.0337 | 3.5458 0.0201 | Time: 2.3851 | TEST: 3.3118 0.0838 | 3.4932 0.0246 | 3.5089 0.0556 | Time: 2.8489
Epoch: 0005 | TRAIN: 3.3485 0.0877 | 3.5631 0.0361 | 3.5926 0.0367 | Time: 27.6441 | VAL: 3.3093 0.0833 | 3.5045 0.0337 | 3.5426 0.0201 | Time: 2.3931 | TEST: 3.2725 0.1111 | 3.4938 0.0246 | 3.5052 0.0556 | Time: 2.8430
Epoch: 0006 | TRAIN: 3.2781 0.1178 | 3.5474 0.0312 | 3.5885 0.0300 | Time: 27.6546 | VAL: 3.2703 0.1087 | 3.5077 0.0337 | 3.5435 0.0201 | Time: 2.3989 | TEST: 3.2340 0.1333 | 3.4940 0.0246 | 3.5075 0.0556 | Time: 2.8715
Epoch: 0007 | TRAIN: 3.2709 0.1004 | 3.5786 0.0276 | 3.6211 0.0300 | Time: 27.5867 | VAL: 3.2264 0.1322 | 3.5019 0.0337 | 3.5445 0.0201 | Time: 2.4129 | TEST: 3.1905 0.1641 | 3.4933 0.0246 | 3.5067 0.0556 | Time: 2.8745
Epoch: 0008 | TRAIN: 3.1749 0.1364 | 3.5720 0.0331 | 3.5725 0.0331 | Time: 27.6592 | VAL: 3.1908 0.1522 | 3.5060 0.0449 | 3.5425 0.0201 | Time: 2.4467 | TEST: 3.1540 0.1863 | 3.4918 0.0246 | 3.5072 0.0556 | Time: 2.9180
Epoch: 0009 | TRAIN: 3.1454 0.1496 | 3.5671 0.0288 | 3.5927 0.0343 | Time: 27.6466 | VAL: 3.1500 0.1830 | 3.5091 0.0337 | 3.5385 0.0268 | Time: 2.4217 | TEST: 3.1151 0.2188 | 3.4939 0.0246 | 3.5047 0.0611 | Time: 2.8740
Epoch: 0010 | TRAIN: 3.1128 0.1683 | 3.5639 0.0367 | 3.6102 0.0300 | Time: 27.5011 | VAL: 3.1100 0.2228 | 3.5081 0.0449 | 3.5414 0.0268 | Time: 2.4248 | TEST: 3.0736 0.2342 | 3.4968 0.0246 | 3.5051 0.0556 | Time: 2.9231
Epoch: 0011 | TRAIN: 3.0426 0.2127 | 3.5659 0.0349 | 3.6025 0.0349 | Time: 27.6737 | VAL: 3.0712 0.2409 | 3.5102 0.0449 | 3.5394 0.0268 | Time: 2.3849 | TEST: 3.0388 0.2718 | 3.4947 0.0246 | 3.5020 0.0611 | Time: 2.8671
Epoch: 0012 | TRAIN: 3.0015 0.2200 | 3.5703 0.0325 | 3.6106 0.0252 | Time: 27.5152 | VAL: 3.0351 0.2591 | 3.5094 0.0449 | 3.5380 0.0268 | Time: 2.3499 | TEST: 2.9997 0.2786 | 3.4961 0.0328 | 3.5019 0.0722 | Time: 2.8062
Epoch: 0013 | TRAIN: 2.9804 0.2242 | 3.5596 0.0367 | 3.5863 0.0312 | Time: 27.3890 | VAL: 2.9932 0.2736 | 3.5092 0.0449 | 3.5392 0.0268 | Time: 2.3958 | TEST: 2.9589 0.3094 | 3.4944 0.0246 | 3.5041 0.0611 | Time: 2.9035
Epoch: 0014 | TRAIN: 2.9208 0.2614 | 3.5814 0.0325 | 3.5835 0.0379 | Time: 27.6577 | VAL: 2.9552 0.2953 | 3.5120 0.0449 | 3.5374 0.0268 | Time: 2.4021 | TEST: 2.9218 0.3299 | 3.4976 0.0328 | 3.5019 0.0611 | Time: 2.9066
Epoch: 0015 | TRAIN: 2.8887 0.2825 | 3.5777 0.0331 | 3.5912 0.0331 | Time: 27.5496 | VAL: 2.9192 0.3062 | 3.5140 0.0449 | 3.5337 0.0201 | Time: 2.4201 | TEST: 2.8858 0.3487 | 3.4958 0.0246 | 3.5009 0.0611 | Time: 2.8701
Epoch: 0016 | TRAIN: 2.8639 0.2987 | 3.5753 0.0379 | 3.5959 0.0391 | Time: 27.5445 | VAL: 2.8756 0.3279 | 3.5128 0.0337 | 3.5351 0.0268 | Time: 2.3808 | TEST: 2.8427 0.3726 | 3.4991 0.0328 | 3.5021 0.0611 | Time: 2.8297
Epoch: 0017 | TRAIN: 2.8133 0.3059 | 3.5740 0.0252 | 3.5945 0.0294 | Time: 27.7522 | VAL: 2.8424 0.3442 | 3.5145 0.0449 | 3.5337 0.0268 | Time: 2.3621 | TEST: 2.8107 0.3915 | 3.5020 0.0328 | 3.4997 0.0611 | Time: 2.8532
Epoch: 0018 | TRAIN: 2.7752 0.3492 | 3.5667 0.0312 | 3.5906 0.0282 | Time: 27.6818 | VAL: 2.8071 0.3768 | 3.5130 0.0449 | 3.5287 0.0268 | Time: 2.3931 | TEST: 2.7746 0.4154 | 3.4994 0.0328 | 3.4992 0.0611 | Time: 2.8974
Epoch: 0019 | TRAIN: 2.7115 0.3600 | 3.6113 0.0246 | 3.6031 0.0325 | Time: 27.6796 | VAL: 2.7717 0.4094 | 3.5125 0.0449 | 3.5315 0.0201 | Time: 2.3915 | TEST: 2.7415 0.4274 | 3.4975 0.0328 | 3.4984 0.0500 | Time: 2.8895
Epoch: 0020 | TRAIN: 2.6886 0.3852 | 3.5622 0.0355 | 3.5881 0.0403 | Time: 27.6852 | VAL: 2.7348 0.4203 | 3.5161 0.0449 | 3.5295 0.0268 | Time: 2.4073 | TEST: 2.7039 0.4444 | 3.4988 0.0328 | 3.4999 0.0611 | Time: 2.9048
Epoch: 0021 | TRAIN: 2.6479 0.4020 | 3.5638 0.0312 | 3.5823 0.0391 | Time: 27.5583 | VAL: 2.7029 0.4420 | 3.5087 0.0337 | 3.5272 0.0201 | Time: 2.3600 | TEST: 2.6740 0.4598 | 3.4954 0.0328 | 3.4965 0.0667 | Time: 2.7995
Epoch: 0022 | TRAIN: 2.6126 0.4189 | 3.5572 0.0349 | 3.5782 0.0385 | Time: 27.6388 | VAL: 2.6663 0.4656 | 3.5111 0.0449 | 3.5260 0.0268 | Time: 2.4331 | TEST: 2.6383 0.4786 | 3.4998 0.0328 | 3.4972 0.0667 | Time: 2.9284
Epoch: 0023 | TRAIN: 2.5993 0.4153 | 3.5648 0.0300 | 3.5749 0.0306 | Time: 27.5869 | VAL: 2.6389 0.4837 | 3.5134 0.0449 | 3.5241 0.0201 | Time: 2.3669 | TEST: 2.6101 0.4889 | 3.4966 0.0328 | 3.4975 0.0667 | Time: 2.8441
Epoch: 0024 | TRAIN: 2.5386 0.4435 | 3.5760 0.0385 | 3.5889 0.0373 | Time: 27.6665 | VAL: 2.5998 0.4982 | 3.5139 0.0337 | 3.5215 0.0268 | Time: 2.3843 | TEST: 2.5721 0.4923 | 3.4994 0.0328 | 3.4945 0.0667 | Time: 2.8681
Epoch: 0025 | TRAIN: 2.5072 0.4706 | 3.5777 0.0343 | 3.5786 0.0319 | Time: 27.6293 | VAL: 2.5654 0.4982 | 3.5138 0.0337 | 3.5248 0.0201 | Time: 2.3727 | TEST: 2.5366 0.5162 | 3.5006 0.0328 | 3.4959 0.0667 | Time: 2.8240
Epoch: 0026 | TRAIN: 2.4699 0.4772 | 3.5856 0.0319 | 3.5831 0.0367 | Time: 27.6690 | VAL: 2.5371 0.5163 | 3.5123 0.0449 | 3.5196 0.0268 | Time: 2.3521 | TEST: 2.5094 0.5162 | 3.4982 0.0328 | 3.4897 0.0667 | Time: 2.7694
Epoch: 0027 | TRAIN: 2.4227 0.5048 | 3.5765 0.0300 | 3.5759 0.0409 | Time: 27.6120 | VAL: 2.5042 0.5272 | 3.5092 0.0449 | 3.5187 0.0201 | Time: 2.3764 | TEST: 2.4779 0.5368 | 3.4966 0.0328 | 3.4932 0.0556 | Time: 2.8231
Epoch: 0028 | TRAIN: 2.3966 0.5144 | 3.5739 0.0367 | 3.5816 0.0373 | Time: 27.5913 | VAL: 2.4739 0.5362 | 3.5143 0.0337 | 3.5172 0.0268 | Time: 2.3888 | TEST: 2.4466 0.5470 | 3.4965 0.0328 | 3.4930 0.0611 | Time: 2.8422
Epoch: 0029 | TRAIN: 2.3873 0.5012 | 3.5741 0.0445 | 3.5737 0.0349 | Time: 27.6123 | VAL: 2.4411 0.5489 | 3.5098 0.0562 | 3.5164 0.0268 | Time: 2.3806 | TEST: 2.4174 0.5590 | 3.4991 0.0328 | 3.4903 0.0611 | Time: 2.8379
Epoch: 0030 | TRAIN: 2.3373 0.5499 | 3.5714 0.0319 | 3.5793 0.0391 | Time: 27.6331 | VAL: 2.4122 0.5634 | 3.5140 0.0449 | 3.5198 0.0268 | Time: 2.3796 | TEST: 2.3862 0.5641 | 3.4950 0.0328 | 3.4933 0.0611 | Time: 2.8733
Epoch: 0031 | TRAIN: 2.3036 0.5457 | 3.5836 0.0234 | 3.5675 0.0367 | Time: 27.6575 | VAL: 2.3825 0.5670 | 3.5090 0.0562 | 3.5136 0.0336 | Time: 2.3953 | TEST: 2.3580 0.5709 | 3.4982 0.0328 | 3.4925 0.0500 | Time: 2.8873
Epoch: 0032 | TRAIN: 2.2812 0.5517 | 3.5782 0.0385 | 3.5632 0.0433 | Time: 27.5643 | VAL: 2.3537 0.5761 | 3.5115 0.0449 | 3.5142 0.0201 | Time: 2.3776 | TEST: 2.3312 0.5744 | 3.4950 0.0328 | 3.4920 0.0500 | Time: 2.8712
Epoch: 0033 | TRAIN: 2.2358 0.5853 | 3.5670 0.0282 | 3.5684 0.0469 | Time: 27.5969 | VAL: 2.3258 0.5815 | 3.5135 0.0562 | 3.5130 0.0336 | Time: 2.3635 | TEST: 2.3027 0.5949 | 3.4973 0.0328 | 3.4937 0.0500 | Time: 2.8402
Epoch: 0034 | TRAIN: 2.2169 0.5841 | 3.5841 0.0288 | 3.5708 0.0415 | Time: 27.6205 | VAL: 2.3071 0.5888 | 3.5149 0.0449 | 3.5106 0.0268 | Time: 2.4091 | TEST: 2.2840 0.5966 | 3.4952 0.0328 | 3.4906 0.0611 | Time: 2.8746
Epoch: 0035 | TRAIN: 2.1785 0.5962 | 3.5939 0.0228 | 3.5570 0.0463 | Time: 27.6498 | VAL: 2.2759 0.5888 | 3.5127 0.0449 | 3.5100 0.0336 | Time: 2.3775 | TEST: 2.2526 0.6085 | 3.4977 0.0328 | 3.4886 0.0556 | Time: 2.8541
Epoch: 0036 | TRAIN: 2.1631 0.6076 | 3.5709 0.0355 | 3.5793 0.0355 | Time: 27.6400 | VAL: 2.2497 0.6014 | 3.5197 0.0674 | 3.5089 0.0336 | Time: 2.3887 | TEST: 2.2279 0.6222 | 3.4989 0.0328 | 3.4895 0.0556 | Time: 2.8741
Epoch: 0037 | TRAIN: 2.1252 0.6172 | 3.5802 0.0361 | 3.5720 0.0379 | Time: 27.5835 | VAL: 2.2186 0.6159 | 3.5137 0.0562 | 3.5083 0.0268 | Time: 2.3544 | TEST: 2.1968 0.6256 | 3.4954 0.0328 | 3.4890 0.0500 | Time: 2.7982
Epoch: 0038 | TRAIN: 2.0897 0.6376 | 3.5657 0.0343 | 3.5786 0.0282 | Time: 27.4956 | VAL: 2.2020 0.6123 | 3.5131 0.0562 | 3.5082 0.0403 | Time: 2.4254 | TEST: 2.1807 0.6342 | 3.4958 0.0328 | 3.4917 0.0556 | Time: 2.9062
Epoch: 0039 | TRAIN: 2.0796 0.6400 | 3.5647 0.0379 | 3.5606 0.0421 | Time: 27.4768 | VAL: 2.1701 0.6214 | 3.5129 0.0562 | 3.5067 0.0403 | Time: 2.3905 | TEST: 2.1512 0.6410 | 3.4962 0.0410 | 3.4884 0.0556 | Time: 2.8916
Epoch: 0040 | TRAIN: 2.0423 0.6502 | 3.5833 0.0319 | 3.5615 0.0499 | Time: 27.6385 | VAL: 2.1456 0.6286 | 3.5141 0.0449 | 3.5056 0.0268 | Time: 2.4000 | TEST: 2.1242 0.6393 | 3.4994 0.0328 | 3.4890 0.0500 | Time: 2.8847
Epoch: 0041 | TRAIN: 2.0293 0.6593 | 3.5688 0.0373 | 3.5786 0.0325 | Time: 27.5492 | VAL: 2.1293 0.6395 | 3.5130 0.0449 | 3.5048 0.0336 | Time: 2.3721 | TEST: 2.1098 0.6496 | 3.4952 0.0328 | 3.4878 0.0500 | Time: 2.8737
Epoch: 0042 | TRAIN: 1.9720 0.6743 | 3.5736 0.0294 | 3.5529 0.0403 | Time: 27.6418 | VAL: 2.1039 0.6486 | 3.5142 0.0562 | 3.5009 0.0403 | Time: 2.3665 | TEST: 2.0875 0.6581 | 3.4987 0.0328 | 3.4863 0.0500 | Time: 2.8405
Epoch: 0043 | TRAIN: 1.9663 0.6743 | 3.5800 0.0403 | 3.5708 0.0391 | Time: 27.6092 | VAL: 2.0849 0.6540 | 3.5146 0.0562 | 3.5045 0.0403 | Time: 2.4072 | TEST: 2.0659 0.6632 | 3.4968 0.0328 | 3.4880 0.0500 | Time: 2.8702
Epoch: 0044 | TRAIN: 1.9495 0.6785 | 3.5986 0.0288 | 3.5585 0.0355 | Time: 27.5597 | VAL: 2.0525 0.6576 | 3.5166 0.0562 | 3.5030 0.0336 | Time: 2.3824 | TEST: 2.0357 0.6735 | 3.4966 0.0492 | 3.4903 0.0444 | Time: 2.8238
Epoch: 0045 | TRAIN: 1.9221 0.6833 | 3.5626 0.0397 | 3.5641 0.0421 | Time: 27.4558 | VAL: 2.0312 0.6649 | 3.5171 0.0562 | 3.4970 0.0403 | Time: 2.3596 | TEST: 2.0145 0.6786 | 3.4998 0.0328 | 3.4864 0.0500 | Time: 2.8691
Epoch: 0046 | TRAIN: 1.9032 0.6761 | 3.5820 0.0409 | 3.5670 0.0331 | Time: 27.7296 | VAL: 2.0104 0.6612 | 3.5170 0.0562 | 3.4985 0.0403 | Time: 2.4406 | TEST: 1.9929 0.6838 | 3.4969 0.0328 | 3.4873 0.0444 | Time: 2.9014
Epoch: 0047 | TRAIN: 1.8646 0.6953 | 3.5794 0.0349 | 3.5561 0.0409 | Time: 27.4469 | VAL: 1.9960 0.6703 | 3.5175 0.0449 | 3.4971 0.0336 | Time: 2.3584 | TEST: 1.9784 0.6889 | 3.4978 0.0410 | 3.4866 0.0444 | Time: 2.8392
Epoch: 0048 | TRAIN: 1.8750 0.6947 | 3.5881 0.0282 | 3.5722 0.0361 | Time: 27.4862 | VAL: 1.9675 0.6721 | 3.5194 0.0449 | 3.4984 0.0403 | Time: 2.3943 | TEST: 1.9527 0.6991 | 3.4973 0.0410 | 3.4895 0.0444 | Time: 2.8934
Epoch: 0049 | TRAIN: 1.8369 0.6989 | 3.5849 0.0355 | 3.5354 0.0385 | Time: 27.6282 | VAL: 1.9530 0.6793 | 3.5204 0.0449 | 3.4966 0.0336 | Time: 2.4295 | TEST: 1.9366 0.6991 | 3.4980 0.0410 | 3.4883 0.0444 | Time: 2.8919
Epoch: 0050 | TRAIN: 1.8182 0.7206 | 3.5850 0.0361 | 3.5576 0.0361 | Time: 27.6187 | VAL: 1.9271 0.6830 | 3.5200 0.0449 | 3.4954 0.0403 | Time: 2.3871 | TEST: 1.9117 0.7026 | 3.5009 0.0410 | 3.4841 0.0444 | Time: 2.8436
Epoch: 0051 | TRAIN: 1.7867 0.7236 | 3.5734 0.0325 | 3.5711 0.0319 | Time: 27.6496 | VAL: 1.9114 0.6902 | 3.5196 0.0449 | 3.4968 0.0403 | Time: 2.3694 | TEST: 1.8949 0.7077 | 3.4972 0.0410 | 3.4879 0.0444 | Time: 2.8665
Epoch: 0052 | TRAIN: 1.7638 0.7332 | 3.5803 0.0319 | 3.5588 0.0397 | Time: 27.7436 | VAL: 1.8951 0.6866 | 3.5210 0.0449 | 3.4906 0.0336 | Time: 2.3979 | TEST: 1.8791 0.7111 | 3.4956 0.0410 | 3.4837 0.0444 | Time: 2.8538
Epoch: 0053 | TRAIN: 1.7507 0.7338 | 3.5884 0.0300 | 3.5551 0.0415 | Time: 27.5528 | VAL: 1.8699 0.6884 | 3.5230 0.0449 | 3.4924 0.0336 | Time: 2.3448 | TEST: 1.8535 0.7162 | 3.5020 0.0410 | 3.4831 0.0444 | Time: 2.8149
Epoch: 0054 | TRAIN: 1.7480 0.7145 | 3.5903 0.0325 | 3.5469 0.0445 | Time: 27.6038 | VAL: 1.8538 0.6938 | 3.5210 0.0449 | 3.4947 0.0336 | Time: 2.4035 | TEST: 1.8395 0.7179 | 3.4993 0.0410 | 3.4841 0.0444 | Time: 2.8810
Epoch: 0055 | TRAIN: 1.6971 0.7356 | 3.5728 0.0276 | 3.5624 0.0391 | Time: 27.6489 | VAL: 1.8350 0.6975 | 3.5212 0.0449 | 3.4901 0.0336 | Time: 2.3998 | TEST: 1.8197 0.7179 | 3.4983 0.0410 | 3.4846 0.0500 | Time: 2.8766
Epoch: 0056 | TRAIN: 1.6999 0.7398 | 3.5721 0.0385 | 3.5633 0.0403 | Time: 27.5774 | VAL: 1.8189 0.6975 | 3.5228 0.0449 | 3.4898 0.0336 | Time: 2.3774 | TEST: 1.8061 0.7214 | 3.4990 0.0410 | 3.4821 0.0444 | Time: 2.8438
Epoch: 0057 | TRAIN: 1.6860 0.7488 | 3.5674 0.0331 | 3.5422 0.0337 | Time: 27.4934 | VAL: 1.7991 0.7047 | 3.5192 0.0449 | 3.4912 0.0336 | Time: 2.3773 | TEST: 1.7878 0.7231 | 3.4947 0.0410 | 3.4848 0.0444 | Time: 2.8900
Epoch: 0058 | TRAIN: 1.6602 0.7560 | 3.5876 0.0258 | 3.5666 0.0331 | Time: 27.5165 | VAL: 1.7809 0.7047 | 3.5234 0.0449 | 3.4891 0.0336 | Time: 2.3671 | TEST: 1.7687 0.7231 | 3.4980 0.0410 | 3.4825 0.0444 | Time: 2.8209
Epoch: 0059 | TRAIN: 1.6471 0.7578 | 3.5662 0.0343 | 3.5451 0.0397 | Time: 27.4886 | VAL: 1.7594 0.7120 | 3.5245 0.0449 | 3.4869 0.0336 | Time: 2.3946 | TEST: 1.7463 0.7265 | 3.4994 0.0410 | 3.4808 0.0500 | Time: 2.8782
Epoch: 0060 | TRAIN: 1.6208 0.7572 | 3.5752 0.0294 | 3.5487 0.0385 | Time: 27.6900 | VAL: 1.7450 0.7120 | 3.5236 0.0449 | 3.4894 0.0336 | Time: 2.3997 | TEST: 1.7333 0.7282 | 3.4992 0.0410 | 3.4847 0.0500 | Time: 2.8670
Epoch: 0061 | TRAIN: 1.5997 0.7584 | 3.5678 0.0391 | 3.5497 0.0391 | Time: 27.4748 | VAL: 1.7276 0.7246 | 3.5235 0.0449 | 3.4863 0.0336 | Time: 2.4043 | TEST: 1.7164 0.7282 | 3.5023 0.0492 | 3.4831 0.0500 | Time: 2.8824
Epoch: 0062 | TRAIN: 1.5817 0.7632 | 3.5791 0.0343 | 3.5472 0.0385 | Time: 27.5135 | VAL: 1.7238 0.7228 | 3.5227 0.0562 | 3.4842 0.0336 | Time: 2.4682 | TEST: 1.7117 0.7248 | 3.4975 0.0410 | 3.4790 0.0444 | Time: 2.9449
Epoch: 0063 | TRAIN: 1.5495 0.7897 | 3.5837 0.0343 | 3.5584 0.0439 | Time: 27.6828 | VAL: 1.7024 0.7246 | 3.5248 0.0449 | 3.4856 0.0336 | Time: 2.3578 | TEST: 1.6897 0.7299 | 3.4958 0.0492 | 3.4846 0.0444 | Time: 2.8139
Epoch: 0064 | TRAIN: 1.5364 0.7837 | 3.5877 0.0312 | 3.5586 0.0349 | Time: 27.5834 | VAL: 1.6878 0.7264 | 3.5256 0.0449 | 3.4847 0.0336 | Time: 2.3989 | TEST: 1.6761 0.7402 | 3.5007 0.0410 | 3.4820 0.0500 | Time: 2.8533
Epoch: 0065 | TRAIN: 1.5282 0.7806 | 3.5764 0.0373 | 3.5456 0.0300 | Time: 27.4998 | VAL: 1.6733 0.7301 | 3.5291 0.0449 | 3.4834 0.0336 | Time: 2.3606 | TEST: 1.6617 0.7350 | 3.5037 0.0492 | 3.4801 0.0500 | Time: 2.8566
Epoch: 0066 | TRAIN: 1.5152 0.7800 | 3.5856 0.0319 | 3.5622 0.0331 | Time: 27.5999 | VAL: 1.6566 0.7283 | 3.5268 0.0449 | 3.4826 0.0336 | Time: 2.4171 | TEST: 1.6462 0.7402 | 3.5032 0.0410 | 3.4812 0.0444 | Time: 2.9075
Epoch: 0067 | TRAIN: 1.4961 0.7812 | 3.5751 0.0343 | 3.5335 0.0481 | Time: 27.4878 | VAL: 1.6498 0.7319 | 3.5237 0.0449 | 3.4835 0.0336 | Time: 2.3873 | TEST: 1.6391 0.7436 | 3.5012 0.0574 | 3.4840 0.0500 | Time: 2.8414
Epoch: 0068 | TRAIN: 1.4781 0.7861 | 3.5661 0.0312 | 3.5484 0.0397 | Time: 27.4818 | VAL: 1.6317 0.7355 | 3.5245 0.0449 | 3.4816 0.0336 | Time: 2.3207 | TEST: 1.6240 0.7436 | 3.5017 0.0574 | 3.4816 0.0500 | Time: 2.8143
Epoch: 0069 | TRAIN: 1.4742 0.7981 | 3.5742 0.0391 | 3.5439 0.0427 | Time: 27.4565 | VAL: 1.6165 0.7337 | 3.5301 0.0449 | 3.4804 0.0403 | Time: 2.3645 | TEST: 1.6078 0.7470 | 3.5012 0.0574 | 3.4801 0.0444 | Time: 2.8511
Epoch: 0070 | TRAIN: 1.4527 0.7933 | 3.5768 0.0337 | 3.5582 0.0409 | Time: 27.4699 | VAL: 1.6026 0.7337 | 3.5257 0.0449 | 3.4789 0.0336 | Time: 2.3741 | TEST: 1.5938 0.7487 | 3.4992 0.0492 | 3.4806 0.0444 | Time: 2.8273
Epoch: 0071 | TRAIN: 1.4444 0.7903 | 3.5901 0.0312 | 3.5692 0.0319 | Time: 27.4890 | VAL: 1.5866 0.7409 | 3.5241 0.0449 | 3.4791 0.0268 | Time: 2.3280 | TEST: 1.5785 0.7521 | 3.5002 0.0492 | 3.4807 0.0500 | Time: 2.7812
Epoch: 0072 | TRAIN: 1.4134 0.8023 | 3.5852 0.0361 | 3.5331 0.0337 | Time: 27.4737 | VAL: 1.5792 0.7428 | 3.5268 0.0449 | 3.4767 0.0403 | Time: 2.3747 | TEST: 1.5706 0.7538 | 3.4976 0.0574 | 3.4805 0.0444 | Time: 2.8189
Epoch: 0073 | TRAIN: 1.4166 0.7794 | 3.5685 0.0367 | 3.5513 0.0331 | Time: 27.5275 | VAL: 1.5635 0.7409 | 3.5265 0.0449 | 3.4793 0.0336 | Time: 2.3372 | TEST: 1.5548 0.7556 | 3.4988 0.0492 | 3.4813 0.0444 | Time: 2.7738
Epoch: 0074 | TRAIN: 1.3953 0.7927 | 3.5748 0.0264 | 3.5339 0.0517 | Time: 27.6392 | VAL: 1.5506 0.7482 | 3.5278 0.0449 | 3.4805 0.0403 | Time: 2.3531 | TEST: 1.5428 0.7573 | 3.4988 0.0574 | 3.4824 0.0500 | Time: 2.7911
Epoch: 0075 | TRAIN: 1.3948 0.8071 | 3.5768 0.0312 | 3.5558 0.0403 | Time: 27.6559 | VAL: 1.5346 0.7428 | 3.5278 0.0449 | 3.4777 0.0268 | Time: 2.3574 | TEST: 1.5258 0.7590 | 3.5019 0.0492 | 3.4796 0.0500 | Time: 2.8153
Epoch: 0076 | TRAIN: 1.3748 0.8023 | 3.5819 0.0361 | 3.5403 0.0367 | Time: 27.7211 | VAL: 1.5280 0.7482 | 3.5308 0.0449 | 3.4764 0.0336 | Time: 2.3921 | TEST: 1.5195 0.7607 | 3.4993 0.0492 | 3.4818 0.0500 | Time: 2.8463
Epoch: 0077 | TRAIN: 1.3544 0.7981 | 3.5874 0.0252 | 3.5241 0.0469 | Time: 27.6099 | VAL: 1.5208 0.7518 | 3.5265 0.0449 | 3.4767 0.0268 | Time: 2.3363 | TEST: 1.5129 0.7624 | 3.4991 0.0492 | 3.4808 0.0444 | Time: 2.7652
Epoch: 0078 | TRAIN: 1.3260 0.8155 | 3.5794 0.0367 | 3.5404 0.0427 | Time: 27.6389 | VAL: 1.5042 0.7464 | 3.5300 0.0449 | 3.4757 0.0268 | Time: 2.4128 | TEST: 1.4972 0.7624 | 3.5025 0.0492 | 3.4826 0.0500 | Time: 2.9105
Epoch: 0079 | TRAIN: 1.3294 0.8167 | 3.5774 0.0264 | 3.5462 0.0294 | Time: 27.4542 | VAL: 1.4923 0.7518 | 3.5308 0.0449 | 3.4753 0.0268 | Time: 2.3315 | TEST: 1.4866 0.7624 | 3.5010 0.0492 | 3.4809 0.0444 | Time: 2.7761
Epoch: 0080 | TRAIN: 1.3120 0.8143 | 3.5666 0.0331 | 3.5322 0.0433 | Time: 28.1071 | VAL: 1.4819 0.7572 | 3.5315 0.0449 | 3.4772 0.0403 | Time: 2.4186 | TEST: 1.4752 0.7624 | 3.5034 0.0574 | 3.4815 0.0500 | Time: 2.8789
Epoch: 0081 | TRAIN: 1.3176 0.8155 | 3.5818 0.0319 | 3.5282 0.0439 | Time: 27.8780 | VAL: 1.4693 0.7536 | 3.5348 0.0449 | 3.4764 0.0268 | Time: 2.4182 | TEST: 1.4618 0.7624 | 3.5016 0.0410 | 3.4814 0.0500 | Time: 2.8708
Epoch: 0082 | TRAIN: 1.2820 0.8311 | 3.5645 0.0325 | 3.5483 0.0433 | Time: 27.8907 | VAL: 1.4572 0.7591 | 3.5330 0.0449 | 3.4812 0.0268 | Time: 2.4662 | TEST: 1.4524 0.7658 | 3.5029 0.0574 | 3.4830 0.0500 | Time: 2.9377
Epoch: 0083 | TRAIN: 1.2888 0.8311 | 3.5882 0.0331 | 3.5154 0.0457 | Time: 27.9922 | VAL: 1.4505 0.7554 | 3.5324 0.0449 | 3.4745 0.0268 | Time: 2.4160 | TEST: 1.4450 0.7658 | 3.5018 0.0574 | 3.4818 0.0444 | Time: 2.8658
Epoch: 0084 | TRAIN: 1.2606 0.8293 | 3.5454 0.0469 | 3.5239 0.0349 | Time: 27.9997 | VAL: 1.4426 0.7554 | 3.5342 0.0449 | 3.4755 0.0268 | Time: 2.4715 | TEST: 1.4368 0.7675 | 3.4995 0.0492 | 3.4826 0.0500 | Time: 2.9346
Epoch: 0085 | TRAIN: 1.2503 0.8275 | 3.5663 0.0331 | 3.5373 0.0409 | Time: 28.0341 | VAL: 1.4263 0.7627 | 3.5345 0.0449 | 3.4777 0.0268 | Time: 2.4557 | TEST: 1.4212 0.7675 | 3.5005 0.0574 | 3.4850 0.0500 | Time: 2.9285
Epoch: 0086 | TRAIN: 1.2416 0.8377 | 3.5755 0.0300 | 3.5277 0.0379 | Time: 27.9226 | VAL: 1.4202 0.7609 | 3.5317 0.0562 | 3.4766 0.0268 | Time: 2.4206 | TEST: 1.4148 0.7692 | 3.5017 0.0656 | 3.4808 0.0500 | Time: 2.8887
Epoch: 0087 | TRAIN: 1.2241 0.8359 | 3.5771 0.0331 | 3.5355 0.0397 | Time: 28.0619 | VAL: 1.4054 0.7627 | 3.5327 0.0562 | 3.4753 0.0268 | Time: 2.4643 | TEST: 1.4006 0.7709 | 3.5025 0.0574 | 3.4817 0.0444 | Time: 2.9327
Epoch: 0088 | TRAIN: 1.2158 0.8347 | 3.5986 0.0264 | 3.5297 0.0294 | Time: 27.8542 | VAL: 1.3998 0.7609 | 3.5359 0.0449 | 3.4711 0.0268 | Time: 2.4320 | TEST: 1.3960 0.7709 | 3.5039 0.0492 | 3.4763 0.0500 | Time: 2.8825
Epoch: 0089 | TRAIN: 1.2219 0.8407 | 3.5687 0.0331 | 3.5266 0.0475 | Time: 27.7292 | VAL: 1.3848 0.7627 | 3.5343 0.0449 | 3.4739 0.0336 | Time: 2.3930 | TEST: 1.3810 0.7744 | 3.4998 0.0656 | 3.4834 0.0500 | Time: 2.8737
Epoch: 0090 | TRAIN: 1.1961 0.8407 | 3.5806 0.0337 | 3.5603 0.0270 | Time: 27.6583 | VAL: 1.3798 0.7627 | 3.5338 0.0449 | 3.4754 0.0268 | Time: 2.4205 | TEST: 1.3739 0.7744 | 3.5041 0.0492 | 3.4789 0.0444 | Time: 2.8813
Epoch: 0091 | TRAIN: 1.1828 0.8534 | 3.5599 0.0397 | 3.5092 0.0481 | Time: 27.7465 | VAL: 1.3669 0.7645 | 3.5364 0.0449 | 3.4726 0.0336 | Time: 2.3907 | TEST: 1.3625 0.7795 | 3.5027 0.0492 | 3.4807 0.0389 | Time: 2.8457
Epoch: 0092 | TRAIN: 1.1871 0.8456 | 3.5772 0.0391 | 3.5343 0.0361 | Time: 27.6687 | VAL: 1.3503 0.7645 | 3.5336 0.0449 | 3.4776 0.0336 | Time: 2.3913 | TEST: 1.3467 0.7744 | 3.5032 0.0492 | 3.4862 0.0389 | Time: 2.8316
Epoch: 0093 | TRAIN: 1.1742 0.8528 | 3.5640 0.0421 | 3.5261 0.0367 | Time: 27.6790 | VAL: 1.3529 0.7681 | 3.5363 0.0449 | 3.4740 0.0336 | Time: 2.4221 | TEST: 1.3483 0.7795 | 3.5041 0.0574 | 3.4828 0.0444 | Time: 2.8795
Epoch: 0094 | TRAIN: 1.1581 0.8492 | 3.5701 0.0306 | 3.5339 0.0379 | Time: 27.6238 | VAL: 1.3480 0.7681 | 3.5333 0.0449 | 3.4751 0.0268 | Time: 2.4538 | TEST: 1.3453 0.7761 | 3.4993 0.0656 | 3.4830 0.0444 | Time: 2.8925
Epoch: 0095 | TRAIN: 1.1502 0.8510 | 3.5631 0.0421 | 3.5447 0.0421 | Time: 27.6895 | VAL: 1.3327 0.7663 | 3.5344 0.0449 | 3.4732 0.0336 | Time: 2.3684 | TEST: 1.3317 0.7778 | 3.5034 0.0656 | 3.4823 0.0389 | Time: 2.8552
Epoch: 0096 | TRAIN: 1.1383 0.8474 | 3.5737 0.0331 | 3.5313 0.0445 | Time: 27.6298 | VAL: 1.3305 0.7663 | 3.5358 0.0449 | 3.4719 0.0201 | Time: 2.3967 | TEST: 1.3262 0.7846 | 3.5021 0.0574 | 3.4826 0.0389 | Time: 2.8499
Epoch: 0097 | TRAIN: 1.1105 0.8570 | 3.5696 0.0403 | 3.5340 0.0445 | Time: 27.5968 | VAL: 1.3156 0.7681 | 3.5339 0.0449 | 3.4713 0.0336 | Time: 2.4273 | TEST: 1.3134 0.7829 | 3.5036 0.0656 | 3.4822 0.0444 | Time: 2.8966
Epoch: 0098 | TRAIN: 1.1170 0.8534 | 3.5697 0.0355 | 3.5212 0.0541 | Time: 27.6720 | VAL: 1.3124 0.7717 | 3.5328 0.0449 | 3.4727 0.0268 | Time: 2.4119 | TEST: 1.3084 0.7829 | 3.5000 0.0656 | 3.4823 0.0444 | Time: 2.8748
Epoch: 0099 | TRAIN: 1.1091 0.8588 | 3.5642 0.0319 | 3.5557 0.0306 | Time: 27.6007 | VAL: 1.3019 0.7681 | 3.5350 0.0449 | 3.4719 0.0336 | Time: 2.4365 | TEST: 1.2990 0.7846 | 3.5014 0.0738 | 3.4810 0.0333 | Time: 2.9213
========================================
Best Result: Epoch 93, result {'amazon': [0.7794871794871795], 'dslr': [0.05737704918032787], 'webcam': [0.044444444444444446]}
========================================
