========================================
General Configuration:
	Wighting: MGDA
	Architecture: HPS
	Rep_Grad: False
	Multi_Input: True
	Seed: 2
	Device: cuda:0
MGDA Configuration:
	weighting: MGDA
	mgda_gn: none
Optimizer Configuration:
	optim: adam
	lr: 0.0001
	weight_decay: 1e-07
========================================
Total Params: 11487901
Trainable Params: 11487901
Non-trainable Params: 0
========================================
LOG FORMAT | amazon_LOSS Acc | dslr_LOSS Acc | webcam_LOSS Acc | TIME
Epoch: 0000 | TRAIN: 2.7856 0.3203 | 1.8973 0.6929 | 2.1143 0.6286 | Time: 68.2766 | VAL: 2.1880 0.6377 | 1.3114 0.9213 | 1.4751 0.8523 | Time: 3.2921 | TEST: 2.2002 0.6222 | 1.3435 0.8770 | 1.5742 0.8611 | Time: 3.9301
Epoch: 0001 | TRAIN: 1.8488 0.6887 | 0.4353 1.0000 | 0.7828 0.9838 | Time: 67.8402 | VAL: 1.9452 0.7101 | 0.7016 0.9888 | 1.0557 0.9530 | Time: 3.2762 | TEST: 1.9589 0.6821 | 0.7520 0.9508 | 1.1483 0.9389 | Time: 3.8845
Epoch: 0002 | TRAIN: 1.6162 0.7602 | 0.1413 1.0000 | 0.4661 0.9976 | Time: 68.1073 | VAL: 1.8829 0.7283 | 0.5009 0.9888 | 0.9296 0.9530 | Time: 3.2955 | TEST: 1.9036 0.7077 | 0.5131 0.9590 | 1.0223 0.9611 | Time: 3.9427
Epoch: 0003 | TRAIN: 1.5022 0.7812 | 0.0773 1.0000 | 0.3533 1.0000 | Time: 67.8976 | VAL: 1.8500 0.7391 | 0.4164 0.9888 | 0.8561 0.9463 | Time: 3.2951 | TEST: 1.8763 0.7145 | 0.4534 0.9590 | 0.9566 0.9556 | Time: 3.9276
Epoch: 0004 | TRAIN: 1.4490 0.7800 | 0.0569 1.0000 | 0.3056 0.9994 | Time: 67.9843 | VAL: 1.7800 0.7518 | 0.3719 0.9888 | 0.8091 0.9597 | Time: 3.3026 | TEST: 1.8097 0.7299 | 0.4019 0.9672 | 0.8970 0.9611 | Time: 3.9202
Epoch: 0005 | TRAIN: 1.3778 0.7873 | 0.0446 1.0000 | 0.2493 1.0000 | Time: 67.6541 | VAL: 1.7180 0.7536 | 0.3381 1.0000 | 0.7397 0.9530 | Time: 3.3126 | TEST: 1.7487 0.7282 | 0.3715 0.9672 | 0.8303 0.9722 | Time: 3.9203
Epoch: 0006 | TRAIN: 1.2955 0.8047 | 0.0356 1.0000 | 0.2147 1.0000 | Time: 67.8158 | VAL: 1.6808 0.7645 | 0.3243 0.9888 | 0.6985 0.9597 | Time: 3.2839 | TEST: 1.7149 0.7419 | 0.3595 0.9672 | 0.7812 0.9778 | Time: 3.8642
Epoch: 0007 | TRAIN: 1.2625 0.8077 | 0.0312 1.0000 | 0.1877 1.0000 | Time: 67.9863 | VAL: 1.6327 0.7736 | 0.3075 0.9888 | 0.6610 0.9597 | Time: 3.2979 | TEST: 1.6648 0.7436 | 0.3354 0.9672 | 0.7386 0.9722 | Time: 3.8948
Epoch: 0008 | TRAIN: 1.2095 0.8161 | 0.0265 1.0000 | 0.1608 1.0000 | Time: 67.8331 | VAL: 1.5936 0.7699 | 0.2912 0.9888 | 0.6194 0.9530 | Time: 3.3111 | TEST: 1.6289 0.7470 | 0.3298 0.9590 | 0.7031 0.9778 | Time: 3.9132
Epoch: 0009 | TRAIN: 1.1565 0.8263 | 0.0236 1.0000 | 0.1398 1.0000 | Time: 67.7585 | VAL: 1.5513 0.7736 | 0.2704 0.9775 | 0.5838 0.9664 | Time: 3.2961 | TEST: 1.5875 0.7453 | 0.3186 0.9672 | 0.6588 0.9778 | Time: 3.9132
Epoch: 0010 | TRAIN: 1.1162 0.8155 | 0.0218 1.0000 | 0.1155 1.0000 | Time: 67.6787 | VAL: 1.5133 0.7808 | 0.2650 0.9775 | 0.5409 0.9664 | Time: 3.2702 | TEST: 1.5474 0.7504 | 0.3012 0.9672 | 0.6189 0.9722 | Time: 3.9118
Epoch: 0011 | TRAIN: 1.0891 0.8263 | 0.0199 1.0000 | 0.1037 1.0000 | Time: 67.8654 | VAL: 1.4670 0.7808 | 0.2612 0.9888 | 0.5149 0.9664 | Time: 3.2939 | TEST: 1.5019 0.7590 | 0.3001 0.9590 | 0.5887 0.9778 | Time: 3.8977
Epoch: 0012 | TRAIN: 1.0334 0.8341 | 0.0175 1.0000 | 0.0907 1.0000 | Time: 67.8158 | VAL: 1.4424 0.7808 | 0.2503 0.9888 | 0.4806 0.9799 | Time: 3.3291 | TEST: 1.4733 0.7538 | 0.2854 0.9672 | 0.5499 0.9778 | Time: 3.8922
Epoch: 0013 | TRAIN: 1.0066 0.8359 | 0.0168 1.0000 | 0.0829 1.0000 | Time: 67.9589 | VAL: 1.4066 0.7808 | 0.2400 0.9888 | 0.4591 0.9664 | Time: 3.2767 | TEST: 1.4409 0.7590 | 0.2757 0.9672 | 0.5248 0.9889 | Time: 3.8685
Epoch: 0014 | TRAIN: 1.0123 0.8281 | 0.0152 1.0000 | 0.0738 1.0000 | Time: 67.8482 | VAL: 1.3985 0.7772 | 0.2508 0.9888 | 0.4411 0.9732 | Time: 3.3307 | TEST: 1.4340 0.7607 | 0.2762 0.9672 | 0.5060 0.9833 | Time: 3.9049
Epoch: 0015 | TRAIN: 0.9660 0.8197 | 0.0135 1.0000 | 0.0665 1.0000 | Time: 67.7349 | VAL: 1.3564 0.7826 | 0.2332 1.0000 | 0.4320 0.9664 | Time: 3.2735 | TEST: 1.3918 0.7675 | 0.2717 0.9754 | 0.4940 0.9833 | Time: 3.9046
Epoch: 0016 | TRAIN: 0.9287 0.8438 | 0.0132 1.0000 | 0.0578 1.0000 | Time: 67.7589 | VAL: 1.3354 0.7862 | 0.2341 0.9888 | 0.4076 0.9732 | Time: 3.2699 | TEST: 1.3698 0.7590 | 0.2704 0.9590 | 0.4660 0.9778 | Time: 3.8912
Epoch: 0017 | TRAIN: 0.9132 0.8516 | 0.0110 1.0000 | 0.0539 1.0000 | Time: 67.6915 | VAL: 1.3029 0.7808 | 0.2229 1.0000 | 0.3860 0.9732 | Time: 3.2904 | TEST: 1.3375 0.7692 | 0.2597 0.9672 | 0.4420 0.9889 | Time: 3.8876
Epoch: 0018 | TRAIN: 0.8966 0.8347 | 0.0105 1.0000 | 0.0467 1.0000 | Time: 67.7077 | VAL: 1.2902 0.7808 | 0.2106 0.9888 | 0.3748 0.9799 | Time: 3.3198 | TEST: 1.3247 0.7692 | 0.2543 0.9672 | 0.4300 0.9833 | Time: 3.9364
Epoch: 0019 | TRAIN: 0.8755 0.8419 | 0.0103 1.0000 | 0.0435 1.0000 | Time: 67.7823 | VAL: 1.2766 0.7899 | 0.2218 0.9888 | 0.3643 0.9799 | Time: 3.3105 | TEST: 1.3118 0.7675 | 0.2541 0.9754 | 0.4160 0.9833 | Time: 3.9299
Epoch: 0020 | TRAIN: 0.8492 0.8492 | 0.0098 1.0000 | 0.0397 1.0000 | Time: 67.6947 | VAL: 1.2544 0.7826 | 0.2093 1.0000 | 0.3507 0.9664 | Time: 3.2856 | TEST: 1.2866 0.7641 | 0.2526 0.9754 | 0.3987 0.9833 | Time: 3.9358
Epoch: 0021 | TRAIN: 0.8224 0.8492 | 0.0094 1.0000 | 0.0352 1.0000 | Time: 67.7592 | VAL: 1.2239 0.7899 | 0.2043 1.0000 | 0.3321 0.9799 | Time: 3.3209 | TEST: 1.2584 0.7726 | 0.2447 0.9672 | 0.3858 0.9833 | Time: 3.9152
Epoch: 0022 | TRAIN: 0.8252 0.8383 | 0.0087 1.0000 | 0.0336 1.0000 | Time: 67.8195 | VAL: 1.2130 0.7862 | 0.2121 0.9888 | 0.3216 0.9799 | Time: 3.2879 | TEST: 1.2462 0.7641 | 0.2502 0.9672 | 0.3766 0.9778 | Time: 3.8884
Epoch: 0023 | TRAIN: 0.7988 0.8504 | 0.0081 1.0000 | 0.0294 1.0000 | Time: 67.7586 | VAL: 1.2007 0.7899 | 0.2101 0.9775 | 0.3072 0.9799 | Time: 3.3121 | TEST: 1.2355 0.7624 | 0.2424 0.9672 | 0.3561 0.9833 | Time: 3.9147
Epoch: 0024 | TRAIN: 0.7929 0.8534 | 0.0083 1.0000 | 0.0268 1.0000 | Time: 67.8447 | VAL: 1.1769 0.7880 | 0.2005 0.9888 | 0.2979 0.9866 | Time: 3.3230 | TEST: 1.2134 0.7675 | 0.2342 0.9672 | 0.3467 0.9833 | Time: 3.9176
Epoch: 0025 | TRAIN: 0.7699 0.8492 | 0.0072 1.0000 | 0.0243 1.0000 | Time: 67.7351 | VAL: 1.1650 0.7917 | 0.2078 0.9888 | 0.2905 0.9799 | Time: 3.2829 | TEST: 1.1983 0.7675 | 0.2429 0.9672 | 0.3410 0.9833 | Time: 3.9155
Epoch: 0026 | TRAIN: 0.7576 0.8576 | 0.0071 1.0000 | 0.0224 1.0000 | Time: 67.9669 | VAL: 1.1471 0.7899 | 0.1981 0.9888 | 0.2853 0.9664 | Time: 3.4133 | TEST: 1.1794 0.7761 | 0.2275 0.9754 | 0.3306 0.9833 | Time: 3.9045
Epoch: 0027 | TRAIN: 0.7492 0.8540 | 0.0069 1.0000 | 0.0218 1.0000 | Time: 67.8400 | VAL: 1.1407 0.7953 | 0.1991 0.9888 | 0.2776 0.9664 | Time: 3.2896 | TEST: 1.1701 0.7709 | 0.2347 0.9754 | 0.3203 0.9833 | Time: 3.9106
Epoch: 0028 | TRAIN: 0.7342 0.8588 | 0.0065 1.0000 | 0.0192 1.0000 | Time: 67.8487 | VAL: 1.1316 0.7880 | 0.2007 0.9888 | 0.2625 0.9732 | Time: 3.3165 | TEST: 1.1647 0.7709 | 0.2306 0.9754 | 0.3087 0.9833 | Time: 3.9107
Epoch: 0029 | TRAIN: 0.7117 0.8612 | 0.0063 1.0000 | 0.0173 1.0000 | Time: 67.7187 | VAL: 1.1182 0.7880 | 0.1917 0.9888 | 0.2595 0.9732 | Time: 3.2888 | TEST: 1.1515 0.7692 | 0.2317 0.9754 | 0.3009 0.9833 | Time: 3.9156
Epoch: 0030 | TRAIN: 0.7172 0.8576 | 0.0057 1.0000 | 0.0170 1.0000 | Time: 67.6755 | VAL: 1.1058 0.7971 | 0.1865 0.9888 | 0.2530 0.9664 | Time: 3.2991 | TEST: 1.1373 0.7744 | 0.2296 0.9754 | 0.2921 0.9833 | Time: 3.8942
Epoch: 0031 | TRAIN: 0.6920 0.8642 | 0.0056 1.0000 | 0.0152 1.0000 | Time: 67.8042 | VAL: 1.0920 0.7989 | 0.1806 0.9888 | 0.2470 0.9799 | Time: 3.2974 | TEST: 1.1191 0.7761 | 0.2225 0.9754 | 0.2879 0.9833 | Time: 3.8963
Epoch: 0032 | TRAIN: 0.6881 0.8678 | 0.0051 1.0000 | 0.0131 1.0000 | Time: 67.8335 | VAL: 1.0849 0.7971 | 0.1879 0.9888 | 0.2438 0.9799 | Time: 3.3206 | TEST: 1.1147 0.7795 | 0.2289 0.9754 | 0.2831 0.9833 | Time: 3.9455
Epoch: 0033 | TRAIN: 0.6717 0.8678 | 0.0052 1.0000 | 0.0138 1.0000 | Time: 67.6062 | VAL: 1.0713 0.7953 | 0.1855 0.9888 | 0.2440 0.9799 | Time: 3.2787 | TEST: 1.1014 0.7795 | 0.2289 0.9754 | 0.2807 0.9833 | Time: 3.8782
Epoch: 0034 | TRAIN: 0.6647 0.8708 | 0.0051 1.0000 | 0.0118 1.0000 | Time: 67.9105 | VAL: 1.0651 0.7953 | 0.1855 0.9888 | 0.2293 0.9799 | Time: 3.2706 | TEST: 1.0950 0.7795 | 0.2297 0.9672 | 0.2644 0.9833 | Time: 3.8824
Epoch: 0035 | TRAIN: 0.6590 0.8654 | 0.0050 1.0000 | 0.0109 1.0000 | Time: 67.5896 | VAL: 1.0595 0.7899 | 0.1772 0.9888 | 0.2238 0.9732 | Time: 3.2952 | TEST: 1.0883 0.7829 | 0.2214 0.9754 | 0.2552 0.9833 | Time: 3.8830
Epoch: 0036 | TRAIN: 0.6594 0.8714 | 0.0047 1.0000 | 0.0101 1.0000 | Time: 67.6175 | VAL: 1.0467 0.7935 | 0.1780 0.9775 | 0.2179 0.9664 | Time: 3.2940 | TEST: 1.0739 0.7829 | 0.2232 0.9754 | 0.2506 0.9833 | Time: 3.8983
Epoch: 0037 | TRAIN: 0.6463 0.8696 | 0.0045 1.0000 | 0.0095 1.0000 | Time: 67.7465 | VAL: 1.0342 0.7971 | 0.1717 0.9888 | 0.2119 0.9732 | Time: 3.2990 | TEST: 1.0631 0.7880 | 0.2149 0.9754 | 0.2429 0.9833 | Time: 3.9225
Epoch: 0038 | TRAIN: 0.6337 0.8738 | 0.0041 1.0000 | 0.0089 1.0000 | Time: 67.8213 | VAL: 1.0287 0.7953 | 0.1766 0.9888 | 0.2083 0.9799 | Time: 3.2839 | TEST: 1.0578 0.7846 | 0.2168 0.9754 | 0.2375 0.9833 | Time: 3.8927
Epoch: 0039 | TRAIN: 0.6347 0.8660 | 0.0040 1.0000 | 0.0078 1.0000 | Time: 67.7771 | VAL: 1.0217 0.7935 | 0.1719 0.9888 | 0.2058 0.9732 | Time: 3.2885 | TEST: 1.0482 0.7829 | 0.2130 0.9754 | 0.2321 0.9833 | Time: 3.8886
Epoch: 0040 | TRAIN: 0.6206 0.8708 | 0.0040 1.0000 | 0.0082 1.0000 | Time: 67.5730 | VAL: 1.0236 0.7899 | 0.1785 0.9888 | 0.2006 0.9732 | Time: 3.2988 | TEST: 1.0528 0.7863 | 0.2203 0.9754 | 0.2337 0.9833 | Time: 3.8759
Epoch: 0041 | TRAIN: 0.6225 0.8714 | 0.0037 1.0000 | 0.0070 1.0000 | Time: 67.7082 | VAL: 1.0117 0.7971 | 0.1706 0.9888 | 0.1985 0.9732 | Time: 3.3069 | TEST: 1.0362 0.7897 | 0.2172 0.9754 | 0.2296 0.9833 | Time: 3.9156
Epoch: 0042 | TRAIN: 0.6127 0.8780 | 0.0039 1.0000 | 0.0065 1.0000 | Time: 67.6546 | VAL: 1.0075 0.7953 | 0.1791 0.9888 | 0.1962 0.9732 | Time: 3.2748 | TEST: 1.0351 0.7846 | 0.2225 0.9754 | 0.2224 0.9833 | Time: 3.8875
Epoch: 0043 | TRAIN: 0.5899 0.8798 | 0.0038 1.0000 | 0.0065 1.0000 | Time: 67.8568 | VAL: 1.0066 0.7989 | 0.1779 0.9888 | 0.1929 0.9664 | Time: 3.2908 | TEST: 1.0313 0.7846 | 0.2172 0.9754 | 0.2182 0.9833 | Time: 3.9285
Epoch: 0044 | TRAIN: 0.6009 0.8756 | 0.0035 1.0000 | 0.0060 1.0000 | Time: 67.8326 | VAL: 0.9980 0.7953 | 0.1664 0.9888 | 0.1882 0.9732 | Time: 3.2900 | TEST: 1.0218 0.7880 | 0.2135 0.9754 | 0.2217 0.9833 | Time: 3.8923
Epoch: 0045 | TRAIN: 0.5921 0.8696 | 0.0032 1.0000 | 0.0063 1.0000 | Time: 67.7682 | VAL: 0.9912 0.7953 | 0.1681 0.9888 | 0.1824 0.9732 | Time: 3.2762 | TEST: 1.0163 0.7812 | 0.2116 0.9754 | 0.2121 0.9833 | Time: 3.8857
Epoch: 0046 | TRAIN: 0.5708 0.8870 | 0.0031 1.0000 | 0.0057 1.0000 | Time: 67.6977 | VAL: 0.9806 0.7989 | 0.1684 0.9888 | 0.1803 0.9799 | Time: 3.2927 | TEST: 1.0102 0.7846 | 0.2084 0.9754 | 0.2104 0.9833 | Time: 3.9028
Epoch: 0047 | TRAIN: 0.5723 0.8804 | 0.0032 1.0000 | 0.0056 1.0000 | Time: 67.8810 | VAL: 0.9855 0.7899 | 0.1628 0.9888 | 0.1828 0.9732 | Time: 3.3071 | TEST: 1.0129 0.7863 | 0.2067 0.9672 | 0.2090 0.9833 | Time: 3.9090
Epoch: 0048 | TRAIN: 0.5723 0.8822 | 0.0030 1.0000 | 0.0051 1.0000 | Time: 67.7356 | VAL: 0.9804 0.7935 | 0.1707 0.9888 | 0.1832 0.9732 | Time: 3.2943 | TEST: 1.0076 0.7915 | 0.2131 0.9754 | 0.2095 0.9833 | Time: 3.8790
Epoch: 0049 | TRAIN: 0.5640 0.8810 | 0.0028 1.0000 | 0.0048 1.0000 | Time: 67.8183 | VAL: 0.9670 0.7935 | 0.1613 0.9888 | 0.1756 0.9732 | Time: 3.2920 | TEST: 0.9961 0.7812 | 0.2072 0.9754 | 0.2010 0.9833 | Time: 3.9231
Epoch: 0050 | TRAIN: 0.5435 0.8834 | 0.0029 1.0000 | 0.0047 1.0000 | Time: 67.7970 | VAL: 0.9607 0.7953 | 0.1634 0.9888 | 0.1708 0.9732 | Time: 3.3045 | TEST: 0.9886 0.7863 | 0.2051 0.9754 | 0.1981 0.9833 | Time: 3.9559
Epoch: 0051 | TRAIN: 0.5536 0.8870 | 0.0026 1.0000 | 0.0042 1.0000 | Time: 67.9234 | VAL: 0.9572 0.7953 | 0.1667 0.9888 | 0.1752 0.9664 | Time: 3.3281 | TEST: 0.9810 0.7829 | 0.2172 0.9672 | 0.1979 0.9833 | Time: 3.9158
Epoch: 0052 | TRAIN: 0.5522 0.8852 | 0.0026 1.0000 | 0.0042 1.0000 | Time: 68.0296 | VAL: 0.9531 0.7935 | 0.1635 0.9888 | 0.1727 0.9664 | Time: 3.3459 | TEST: 0.9772 0.7880 | 0.2187 0.9672 | 0.1975 0.9833 | Time: 3.9273
Epoch: 0053 | TRAIN: 0.5566 0.8714 | 0.0025 1.0000 | 0.0037 1.0000 | Time: 67.9212 | VAL: 0.9460 0.7953 | 0.1623 0.9888 | 0.1695 0.9732 | Time: 3.3056 | TEST: 0.9722 0.7897 | 0.2090 0.9754 | 0.1961 0.9833 | Time: 3.8952
Epoch: 0054 | TRAIN: 0.5361 0.8786 | 0.0025 1.0000 | 0.0038 1.0000 | Time: 67.8665 | VAL: 0.9414 0.7880 | 0.1589 0.9888 | 0.1684 0.9799 | Time: 3.3497 | TEST: 0.9663 0.7915 | 0.2074 0.9754 | 0.1902 0.9833 | Time: 3.9629
Epoch: 0055 | TRAIN: 0.5335 0.8828 | 0.0024 1.0000 | 0.0037 1.0000 | Time: 67.6676 | VAL: 0.9409 0.7953 | 0.1611 0.9888 | 0.1658 0.9732 | Time: 3.3150 | TEST: 0.9671 0.7915 | 0.2066 0.9754 | 0.1864 0.9833 | Time: 3.8939
Epoch: 0056 | TRAIN: 0.5330 0.8792 | 0.0023 1.0000 | 0.0034 1.0000 | Time: 67.4964 | VAL: 0.9316 0.7935 | 0.1561 1.0000 | 0.1602 0.9799 | Time: 3.2805 | TEST: 0.9580 0.7846 | 0.2027 0.9754 | 0.1817 0.9889 | Time: 3.9462
Epoch: 0057 | TRAIN: 0.5318 0.8834 | 0.0023 1.0000 | 0.0031 1.0000 | Time: 67.6445 | VAL: 0.9311 0.7880 | 0.1575 0.9888 | 0.1664 0.9732 | Time: 3.2788 | TEST: 0.9534 0.7915 | 0.2044 0.9754 | 0.1840 0.9833 | Time: 3.8930
Epoch: 0058 | TRAIN: 0.5166 0.8822 | 0.0021 1.0000 | 0.0031 1.0000 | Time: 67.6758 | VAL: 0.9334 0.7899 | 0.1554 0.9888 | 0.1636 0.9732 | Time: 3.2795 | TEST: 0.9576 0.7915 | 0.2057 0.9754 | 0.1844 0.9833 | Time: 3.8868
Epoch: 0059 | TRAIN: 0.5094 0.8942 | 0.0023 1.0000 | 0.0029 1.0000 | Time: 67.6588 | VAL: 0.9251 0.7935 | 0.1511 0.9888 | 0.1593 0.9664 | Time: 3.3012 | TEST: 0.9508 0.7863 | 0.2055 0.9754 | 0.1798 0.9833 | Time: 3.8996
Epoch: 0060 | TRAIN: 0.5247 0.8882 | 0.0021 1.0000 | 0.0028 1.0000 | Time: 67.7275 | VAL: 0.9254 0.7899 | 0.1507 0.9888 | 0.1602 0.9732 | Time: 3.2821 | TEST: 0.9513 0.7846 | 0.2062 0.9754 | 0.1826 0.9889 | Time: 3.8795
Epoch: 0061 | TRAIN: 0.5081 0.8852 | 0.0021 1.0000 | 0.0025 1.0000 | Time: 67.6067 | VAL: 0.9137 0.7953 | 0.1543 0.9888 | 0.1494 0.9799 | Time: 3.3011 | TEST: 0.9386 0.7897 | 0.2030 0.9754 | 0.1686 0.9889 | Time: 3.8816
Epoch: 0062 | TRAIN: 0.5147 0.8810 | 0.0022 1.0000 | 0.0027 1.0000 | Time: 67.9247 | VAL: 0.9238 0.7862 | 0.1544 0.9888 | 0.1518 0.9664 | Time: 3.2551 | TEST: 0.9452 0.7863 | 0.2082 0.9672 | 0.1725 0.9833 | Time: 3.8641
Epoch: 0063 | TRAIN: 0.4915 0.8864 | 0.0020 1.0000 | 0.0027 1.0000 | Time: 67.6497 | VAL: 0.9095 0.8007 | 0.1521 0.9888 | 0.1516 0.9799 | Time: 3.3111 | TEST: 0.9315 0.7915 | 0.1995 0.9754 | 0.1682 0.9833 | Time: 3.9214
Epoch: 0064 | TRAIN: 0.5027 0.8822 | 0.0018 1.0000 | 0.0026 1.0000 | Time: 67.8603 | VAL: 0.9078 0.7917 | 0.1529 0.9888 | 0.1478 0.9866 | Time: 3.2889 | TEST: 0.9320 0.7915 | 0.2020 0.9754 | 0.1683 0.9833 | Time: 3.9040
Epoch: 0065 | TRAIN: 0.5034 0.8912 | 0.0019 1.0000 | 0.0024 1.0000 | Time: 67.7715 | VAL: 0.9030 0.7953 | 0.1494 0.9888 | 0.1445 0.9799 | Time: 3.2937 | TEST: 0.9285 0.7829 | 0.1998 0.9754 | 0.1662 0.9833 | Time: 3.9103
Epoch: 0066 | TRAIN: 0.4997 0.8888 | 0.0018 1.0000 | 0.0024 1.0000 | Time: 68.0861 | VAL: 0.9055 0.7971 | 0.1471 0.9888 | 0.1433 0.9799 | Time: 3.2821 | TEST: 0.9312 0.7915 | 0.1972 0.9754 | 0.1646 0.9833 | Time: 3.9214
Epoch: 0067 | TRAIN: 0.5048 0.8882 | 0.0019 1.0000 | 0.0024 1.0000 | Time: 67.9792 | VAL: 0.9007 0.7917 | 0.1469 1.0000 | 0.1458 0.9732 | Time: 3.2747 | TEST: 0.9245 0.7897 | 0.2018 0.9754 | 0.1638 0.9833 | Time: 3.9234
Epoch: 0068 | TRAIN: 0.4726 0.9002 | 0.0017 1.0000 | 0.0023 1.0000 | Time: 67.7749 | VAL: 0.9015 0.7989 | 0.1519 0.9888 | 0.1517 0.9732 | Time: 3.3243 | TEST: 0.9246 0.7778 | 0.2052 0.9754 | 0.1659 0.9833 | Time: 3.9112
Epoch: 0069 | TRAIN: 0.5022 0.8852 | 0.0017 1.0000 | 0.0019 1.0000 | Time: 67.8646 | VAL: 0.9066 0.8007 | 0.1475 0.9888 | 0.1429 0.9799 | Time: 3.3134 | TEST: 0.9309 0.7863 | 0.1981 0.9754 | 0.1574 0.9833 | Time: 3.9203
Epoch: 0070 | TRAIN: 0.4733 0.8948 | 0.0016 1.0000 | 0.0019 1.0000 | Time: 67.8171 | VAL: 0.9066 0.7953 | 0.1504 0.9888 | 0.1430 0.9799 | Time: 3.2750 | TEST: 0.9297 0.7880 | 0.2048 0.9754 | 0.1621 0.9833 | Time: 3.8789
Epoch: 0071 | TRAIN: 0.4817 0.8894 | 0.0016 1.0000 | 0.0019 1.0000 | Time: 67.8550 | VAL: 0.9064 0.8007 | 0.1477 0.9888 | 0.1482 0.9732 | Time: 3.2921 | TEST: 0.9321 0.7812 | 0.2042 0.9754 | 0.1616 0.9833 | Time: 3.9090
Epoch: 0072 | TRAIN: 0.4754 0.8900 | 0.0016 1.0000 | 0.0018 1.0000 | Time: 67.7671 | VAL: 0.8865 0.8043 | 0.1458 0.9888 | 0.1420 0.9732 | Time: 3.3139 | TEST: 0.9099 0.7897 | 0.1934 0.9754 | 0.1558 0.9833 | Time: 3.8916
Epoch: 0073 | TRAIN: 0.4780 0.8912 | 0.0015 1.0000 | 0.0018 1.0000 | Time: 67.7378 | VAL: 0.8903 0.7935 | 0.1487 0.9888 | 0.1411 0.9799 | Time: 3.2721 | TEST: 0.9135 0.7897 | 0.1908 0.9754 | 0.1586 0.9833 | Time: 3.9130
Epoch: 0074 | TRAIN: 0.4666 0.8948 | 0.0015 1.0000 | 0.0018 1.0000 | Time: 67.9637 | VAL: 0.8902 0.7971 | 0.1509 0.9888 | 0.1422 0.9732 | Time: 3.3042 | TEST: 0.9124 0.7880 | 0.1985 0.9754 | 0.1572 0.9833 | Time: 3.9050
Epoch: 0075 | TRAIN: 0.4666 0.8954 | 0.0015 1.0000 | 0.0016 1.0000 | Time: 67.6770 | VAL: 0.8853 0.7953 | 0.1469 0.9888 | 0.1433 0.9732 | Time: 3.3121 | TEST: 0.9093 0.7915 | 0.1943 0.9754 | 0.1562 0.9833 | Time: 3.8921
Epoch: 0076 | TRAIN: 0.4678 0.8906 | 0.0015 1.0000 | 0.0016 1.0000 | Time: 67.5812 | VAL: 0.8813 0.7953 | 0.1434 0.9888 | 0.1436 0.9732 | Time: 3.2835 | TEST: 0.9050 0.7897 | 0.1891 0.9754 | 0.1570 0.9833 | Time: 3.8757
Epoch: 0077 | TRAIN: 0.4728 0.8996 | 0.0015 1.0000 | 0.0017 1.0000 | Time: 67.7578 | VAL: 0.8764 0.7989 | 0.1478 0.9888 | 0.1435 0.9732 | Time: 3.2991 | TEST: 0.9010 0.7880 | 0.1935 0.9754 | 0.1562 0.9833 | Time: 3.9040
Epoch: 0078 | TRAIN: 0.4607 0.8888 | 0.0012 1.0000 | 0.0017 1.0000 | Time: 67.6314 | VAL: 0.8788 0.7989 | 0.1478 0.9888 | 0.1407 0.9732 | Time: 3.2962 | TEST: 0.9048 0.7829 | 0.1956 0.9672 | 0.1559 0.9833 | Time: 3.8847
Epoch: 0079 | TRAIN: 0.4507 0.8972 | 0.0013 1.0000 | 0.0015 1.0000 | Time: 67.4131 | VAL: 0.8739 0.7917 | 0.1424 0.9888 | 0.1385 0.9799 | Time: 3.2654 | TEST: 0.8968 0.7880 | 0.1918 0.9754 | 0.1560 0.9833 | Time: 3.8485
Epoch: 0080 | TRAIN: 0.4651 0.8990 | 0.0012 1.0000 | 0.0015 1.0000 | Time: 67.2918 | VAL: 0.8787 0.7917 | 0.1485 0.9888 | 0.1352 0.9799 | Time: 3.2849 | TEST: 0.9036 0.7915 | 0.1928 0.9672 | 0.1540 0.9833 | Time: 3.9076
Epoch: 0081 | TRAIN: 0.4494 0.8978 | 0.0013 1.0000 | 0.0015 1.0000 | Time: 67.4789 | VAL: 0.8737 0.7953 | 0.1442 0.9888 | 0.1324 0.9799 | Time: 3.3115 | TEST: 0.8960 0.7880 | 0.1824 0.9754 | 0.1524 0.9833 | Time: 3.8998
Epoch: 0082 | TRAIN: 0.4648 0.8924 | 0.0012 1.0000 | 0.0013 1.0000 | Time: 67.3984 | VAL: 0.8812 0.7899 | 0.1478 0.9888 | 0.1339 0.9866 | Time: 3.2608 | TEST: 0.8993 0.7880 | 0.1906 0.9672 | 0.1547 0.9833 | Time: 3.8546
Epoch: 0083 | TRAIN: 0.4507 0.9002 | 0.0011 1.0000 | 0.0014 1.0000 | Time: 67.6308 | VAL: 0.8657 0.7917 | 0.1418 0.9888 | 0.1350 0.9732 | Time: 3.2846 | TEST: 0.8876 0.7897 | 0.1862 0.9754 | 0.1486 0.9833 | Time: 3.9047
Epoch: 0084 | TRAIN: 0.4444 0.8888 | 0.0012 1.0000 | 0.0014 1.0000 | Time: 67.2404 | VAL: 0.8652 0.7989 | 0.1391 0.9888 | 0.1356 0.9799 | Time: 3.2642 | TEST: 0.8873 0.7949 | 0.1903 0.9672 | 0.1512 0.9833 | Time: 3.8903
Epoch: 0085 | TRAIN: 0.4396 0.9044 | 0.0012 1.0000 | 0.0013 1.0000 | Time: 67.2504 | VAL: 0.8674 0.8007 | 0.1461 0.9888 | 0.1382 0.9732 | Time: 3.2507 | TEST: 0.8905 0.7863 | 0.1936 0.9672 | 0.1490 0.9833 | Time: 3.8900
Epoch: 0086 | TRAIN: 0.4479 0.8954 | 0.0012 1.0000 | 0.0013 1.0000 | Time: 67.5086 | VAL: 0.8652 0.8025 | 0.1417 0.9888 | 0.1343 0.9732 | Time: 3.2542 | TEST: 0.8895 0.7880 | 0.1924 0.9672 | 0.1441 0.9833 | Time: 3.8968
Epoch: 0087 | TRAIN: 0.4381 0.8960 | 0.0011 1.0000 | 0.0013 1.0000 | Time: 67.7246 | VAL: 0.8590 0.7953 | 0.1380 0.9888 | 0.1360 0.9732 | Time: 3.3301 | TEST: 0.8822 0.7897 | 0.1896 0.9672 | 0.1465 0.9833 | Time: 3.9548
Epoch: 0088 | TRAIN: 0.4340 0.8990 | 0.0010 1.0000 | 0.0013 1.0000 | Time: 67.7231 | VAL: 0.8596 0.8007 | 0.1383 0.9888 | 0.1368 0.9732 | Time: 3.3043 | TEST: 0.8817 0.7932 | 0.1893 0.9672 | 0.1452 0.9833 | Time: 3.9266
Epoch: 0089 | TRAIN: 0.4261 0.9038 | 0.0011 1.0000 | 0.0013 1.0000 | Time: 67.7558 | VAL: 0.8538 0.7989 | 0.1388 0.9888 | 0.1362 0.9732 | Time: 3.2984 | TEST: 0.8820 0.7915 | 0.1882 0.9754 | 0.1446 0.9833 | Time: 3.9011
Epoch: 0090 | TRAIN: 0.4179 0.9056 | 0.0010 1.0000 | 0.0012 1.0000 | Time: 67.3934 | VAL: 0.8591 0.7971 | 0.1403 0.9888 | 0.1327 0.9732 | Time: 3.2571 | TEST: 0.8804 0.7932 | 0.1906 0.9672 | 0.1442 0.9833 | Time: 3.8748
Epoch: 0091 | TRAIN: 0.4304 0.9026 | 0.0011 1.0000 | 0.0012 1.0000 | Time: 67.6496 | VAL: 0.8563 0.7953 | 0.1394 0.9888 | 0.1270 0.9732 | Time: 3.2894 | TEST: 0.8780 0.7880 | 0.1890 0.9754 | 0.1413 0.9833 | Time: 3.9262
Epoch: 0092 | TRAIN: 0.4177 0.9026 | 0.0010 1.0000 | 0.0012 1.0000 | Time: 67.3795 | VAL: 0.8592 0.7971 | 0.1354 0.9888 | 0.1340 0.9664 | Time: 3.2956 | TEST: 0.8816 0.7863 | 0.1852 0.9754 | 0.1489 0.9833 | Time: 3.9030
Epoch: 0093 | TRAIN: 0.4303 0.9014 | 0.0009 1.0000 | 0.0011 1.0000 | Time: 67.7958 | VAL: 0.8569 0.7917 | 0.1370 0.9888 | 0.1314 0.9732 | Time: 3.4250 | TEST: 0.8763 0.7846 | 0.1823 0.9672 | 0.1458 0.9833 | Time: 3.9238
Epoch: 0094 | TRAIN: 0.4243 0.9002 | 0.0010 1.0000 | 0.0010 1.0000 | Time: 67.8434 | VAL: 0.8636 0.7989 | 0.1388 0.9888 | 0.1328 0.9732 | Time: 3.3027 | TEST: 0.8844 0.7829 | 0.1872 0.9672 | 0.1449 0.9833 | Time: 3.8981
Epoch: 0095 | TRAIN: 0.4050 0.9026 | 0.0009 1.0000 | 0.0011 1.0000 | Time: 67.9243 | VAL: 0.8513 0.7953 | 0.1363 0.9888 | 0.1274 0.9732 | Time: 3.2903 | TEST: 0.8746 0.7915 | 0.1824 0.9672 | 0.1404 0.9833 | Time: 3.8846
Epoch: 0096 | TRAIN: 0.4244 0.8990 | 0.0009 1.0000 | 0.0011 1.0000 | Time: 67.8012 | VAL: 0.8527 0.7953 | 0.1415 0.9888 | 0.1276 0.9799 | Time: 3.2909 | TEST: 0.8751 0.7983 | 0.1873 0.9754 | 0.1425 0.9833 | Time: 3.9166
Epoch: 0097 | TRAIN: 0.4149 0.9002 | 0.0009 1.0000 | 0.0009 1.0000 | Time: 67.8289 | VAL: 0.8482 0.7917 | 0.1371 0.9888 | 0.1243 0.9799 | Time: 3.3241 | TEST: 0.8713 0.7897 | 0.1811 0.9754 | 0.1392 0.9833 | Time: 3.9497
Epoch: 0098 | TRAIN: 0.4164 0.9014 | 0.0008 1.0000 | 0.0010 1.0000 | Time: 67.8705 | VAL: 0.8420 0.8025 | 0.1359 0.9888 | 0.1291 0.9732 | Time: 3.3137 | TEST: 0.8655 0.7915 | 0.1838 0.9754 | 0.1411 0.9833 | Time: 3.9329
Epoch: 0099 | TRAIN: 0.4104 0.9038 | 0.0009 1.0000 | 0.0009 1.0000 | Time: 68.0526 | VAL: 0.8436 0.7989 | 0.1323 0.9888 | 0.1248 0.9664 | Time: 3.3128 | TEST: 0.8662 0.7880 | 0.1776 0.9754 | 0.1341 0.9833 | Time: 3.9264
========================================
Best Result: Epoch 56, result {'amazon': [0.7846153846153846], 'dslr': [0.9754098360655737], 'webcam': [0.9888888888888889]}
========================================
