========================================
General Configuration:
	Wighting: Nash_MTL
	Architecture: HPS
	Rep_Grad: False
	Multi_Input: True
	Seed: 0
	Device: cuda:2
Nash_MTL Configuration:
	update_weights_every: 1
	optim_niter: 20
	max_norm: 1.0
Optimizer Configuration:
	optim: adam
	lr: 0.0001
	weight_decay: 1e-05
========================================
Total Params: 11487901
Trainable Params: 11487901
Non-trainable Params: 0
========================================
LOG FORMAT | amazon_LOSS Acc | dslr_LOSS Acc | webcam_LOSS Acc | TIME
Epoch: 0000 | TRAIN: 2.7389 0.3468 | 1.8775 0.7085 | 2.0531 0.6280 | Time: 54.2514 | VAL: 2.0254 0.6793 | 1.2926 0.9326 | 1.4170 0.8859 | Time: 3.1494 | TEST: 2.0259 0.6889 | 1.3275 0.9098 | 1.4786 0.8889 | Time: 3.6419
Epoch: 0001 | TRAIN: 1.5861 0.7428 | 0.4332 0.9988 | 0.5910 0.9904 | Time: 53.7239 | VAL: 1.5229 0.7736 | 0.6603 1.0000 | 0.7955 0.9799 | Time: 2.7813 | TEST: 1.5235 0.7726 | 0.7518 0.9590 | 0.9054 0.9611 | Time: 3.4855
Epoch: 0002 | TRAIN: 1.0353 0.8480 | 0.1262 1.0000 | 0.1837 1.0000 | Time: 53.5330 | VAL: 1.3069 0.8116 | 0.4920 1.0000 | 0.5180 0.9799 | Time: 3.0818 | TEST: 1.3194 0.8085 | 0.5762 0.9672 | 0.6139 0.9611 | Time: 3.4501
Epoch: 0003 | TRAIN: 0.6730 0.9339 | 0.0511 1.0000 | 0.0720 1.0000 | Time: 53.6814 | VAL: 1.1429 0.8424 | 0.4228 1.0000 | 0.4081 0.9799 | Time: 2.7672 | TEST: 1.1587 0.8256 | 0.4897 0.9672 | 0.4916 0.9611 | Time: 3.3372
Epoch: 0004 | TRAIN: 0.4108 0.9712 | 0.0259 1.0000 | 0.0349 1.0000 | Time: 53.7535 | VAL: 1.0191 0.8623 | 0.3773 1.0000 | 0.3241 0.9799 | Time: 2.8169 | TEST: 1.0341 0.8256 | 0.4438 0.9754 | 0.4020 0.9556 | Time: 3.4389
Epoch: 0005 | TRAIN: 0.2307 0.9922 | 0.0146 1.0000 | 0.0199 1.0000 | Time: 53.6486 | VAL: 0.9188 0.8533 | 0.3299 1.0000 | 0.2745 0.9866 | Time: 3.0395 | TEST: 0.9338 0.8291 | 0.3926 0.9672 | 0.3583 0.9667 | Time: 3.7328
Epoch: 0006 | TRAIN: 0.1300 0.9994 | 0.0083 1.0000 | 0.0113 1.0000 | Time: 53.8648 | VAL: 0.8371 0.8605 | 0.3129 1.0000 | 0.2563 0.9799 | Time: 2.8066 | TEST: 0.8643 0.8376 | 0.3807 0.9754 | 0.3236 0.9667 | Time: 3.6782
Epoch: 0007 | TRAIN: 0.0734 1.0000 | 0.0053 1.0000 | 0.0069 1.0000 | Time: 54.2261 | VAL: 0.7512 0.8514 | 0.2860 1.0000 | 0.2038 0.9866 | Time: 2.8677 | TEST: 0.7787 0.8410 | 0.3290 0.9672 | 0.2821 0.9667 | Time: 3.4344
Epoch: 0008 | TRAIN: 0.0376 1.0000 | 0.0031 1.0000 | 0.0043 1.0000 | Time: 79.9038 | VAL: 0.7210 0.8659 | 0.2345 0.9888 | 0.1784 0.9866 | Time: 11.0874 | TEST: 0.7454 0.8308 | 0.3055 0.9672 | 0.2743 0.9667 | Time: 15.3218
Epoch: 0009 | TRAIN: 0.0248 1.0000 | 0.0021 1.0000 | 0.0028 1.0000 | Time: 143.2911 | VAL: 0.6743 0.8641 | 0.2448 0.9888 | 0.1832 0.9799 | Time: 12.9645 | TEST: 0.6944 0.8410 | 0.2920 0.9754 | 0.2505 0.9722 | Time: 13.8161
Epoch: 0010 | TRAIN: 0.0166 1.0000 | 0.0014 1.0000 | 0.0020 1.0000 | Time: 142.5848 | VAL: 0.6470 0.8551 | 0.1891 1.0000 | 0.1648 0.9866 | Time: 15.3666 | TEST: 0.6564 0.8444 | 0.2479 0.9754 | 0.2313 0.9611 | Time: 16.7735
Epoch: 0011 | TRAIN: 0.0111 1.0000 | 0.0010 1.0000 | 0.0013 1.0000 | Time: 139.1174 | VAL: 0.6197 0.8551 | 0.1887 0.9888 | 0.1396 0.9866 | Time: 16.4772 | TEST: 0.6473 0.8427 | 0.2223 0.9754 | 0.2182 0.9722 | Time: 11.6191
Epoch: 0012 | TRAIN: 0.0069 1.0000 | 0.0006 1.0000 | 0.0009 1.0000 | Time: 144.0779 | VAL: 0.6193 0.8514 | 0.1537 1.0000 | 0.1331 0.9866 | Time: 11.6312 | TEST: 0.6294 0.8479 | 0.2009 0.9672 | 0.1998 0.9611 | Time: 13.5194
Epoch: 0013 | TRAIN: 0.0049 1.0000 | 0.0004 1.0000 | 0.0006 1.0000 | Time: 142.6414 | VAL: 0.6098 0.8569 | 0.1560 1.0000 | 0.1151 0.9799 | Time: 12.9072 | TEST: 0.6164 0.8444 | 0.2007 0.9672 | 0.1793 0.9667 | Time: 14.5108
Epoch: 0014 | TRAIN: 0.0034 1.0000 | 0.0003 1.0000 | 0.0004 1.0000 | Time: 130.6180 | VAL: 0.5981 0.8551 | 0.1461 1.0000 | 0.1104 0.9799 | Time: 12.3574 | TEST: 0.6219 0.8376 | 0.1824 0.9672 | 0.1898 0.9611 | Time: 14.2008
Epoch: 0015 | TRAIN: 0.0028 1.0000 | 0.0002 1.0000 | 0.0003 1.0000 | Time: 143.1862 | VAL: 0.6177 0.8424 | 0.1276 1.0000 | 0.1042 0.9866 | Time: 12.1969 | TEST: 0.6227 0.8376 | 0.1584 0.9836 | 0.1647 0.9722 | Time: 16.1405
Epoch: 0016 | TRAIN: 0.0018 1.0000 | 0.0001 1.0000 | 0.0002 1.0000 | Time: 150.9439 | VAL: 0.5970 0.8514 | 0.1186 0.9888 | 0.0874 0.9866 | Time: 15.7619 | TEST: 0.5972 0.8513 | 0.1445 0.9754 | 0.1628 0.9667 | Time: 17.8247
Epoch: 0017 | TRAIN: 0.0014 1.0000 | 0.0001 1.0000 | 0.0001 1.0000 | Time: 142.2961 | VAL: 0.5835 0.8569 | 0.0982 1.0000 | 0.0779 0.9866 | Time: 13.5748 | TEST: 0.6001 0.8462 | 0.1378 0.9672 | 0.1546 0.9611 | Time: 16.0297
Epoch: 0018 | TRAIN: 0.0009 1.0000 | 0.0001 1.0000 | 0.0001 1.0000 | Time: 151.3516 | VAL: 0.5736 0.8605 | 0.0911 0.9888 | 0.0797 0.9799 | Time: 15.3206 | TEST: 0.5882 0.8530 | 0.1329 0.9754 | 0.1438 0.9667 | Time: 22.6255
Epoch: 0019 | TRAIN: 0.0007 1.0000 | 0.0001 1.0000 | 0.0001 1.0000 | Time: 146.0857 | VAL: 0.6056 0.8478 | 0.0781 0.9888 | 0.0728 0.9866 | Time: 18.1460 | TEST: 0.6073 0.8393 | 0.1058 0.9836 | 0.1527 0.9611 | Time: 12.3551
Epoch: 0020 | TRAIN: 0.0005 1.0000 | 0.0000 1.0000 | 0.0000 1.0000 | Time: 145.8808 | VAL: 0.6245 0.8496 | 0.0776 1.0000 | 0.0712 0.9866 | Time: 12.2729 | TEST: 0.5917 0.8393 | 0.0990 0.9754 | 0.1259 0.9611 | Time: 15.2243
Epoch: 0021 | TRAIN: 0.0004 1.0000 | 0.0000 1.0000 | 0.0000 1.0000 | Time: 148.0704 | VAL: 0.5958 0.8551 | 0.0711 1.0000 | 0.0728 0.9866 | Time: 16.4425 | TEST: 0.6221 0.8359 | 0.0954 0.9672 | 0.1457 0.9667 | Time: 20.1541
Epoch: 0022 | TRAIN: 0.0003 1.0000 | 0.0000 1.0000 | 0.0000 1.0000 | Time: 142.0662 | VAL: 0.5850 0.8623 | 0.0567 1.0000 | 0.0583 0.9866 | Time: 13.9452 | TEST: 0.5993 0.8496 | 0.1000 0.9672 | 0.1428 0.9722 | Time: 15.0888
Epoch: 0023 | TRAIN: 0.0002 1.0000 | 0.0000 1.0000 | 0.0000 1.0000 | Time: 148.0580 | VAL: 0.5873 0.8678 | 0.0525 1.0000 | 0.0578 0.9866 | Time: 16.4875 | TEST: 0.5961 0.8462 | 0.0909 0.9754 | 0.1088 0.9722 | Time: 14.3718
Epoch: 0024 | TRAIN: 0.0002 1.0000 | 0.0000 1.0000 | 0.0000 1.0000 | Time: 150.6249 | VAL: 0.5969 0.8678 | 0.0559 1.0000 | 0.0562 0.9866 | Time: 13.3237 | TEST: 0.5948 0.8462 | 0.1030 0.9672 | 0.1305 0.9667 | Time: 16.4814
Epoch: 0025 | TRAIN: 0.0001 1.0000 | 0.0000 1.0000 | 0.0000 1.0000 | Time: 143.3486 | VAL: 0.6007 0.8587 | 0.0527 0.9888 | 0.0508 0.9799 | Time: 12.7476 | TEST: 0.5959 0.8513 | 0.0621 0.9836 | 0.1093 0.9778 | Time: 15.4608
Epoch: 0026 | TRAIN: 0.0001 1.0000 | 0.0000 1.0000 | 0.0000 1.0000 | Time: 176.0780 | VAL: 0.6066 0.8533 | 0.0475 0.9888 | 0.0525 0.9866 | Time: 11.6672 | TEST: 0.5982 0.8410 | 0.0738 0.9754 | 0.1248 0.9722 | Time: 20.1422
Epoch: 0027 | TRAIN: 0.0001 1.0000 | 0.0000 1.0000 | 0.0000 1.0000 | Time: 167.0721 | VAL: 0.5853 0.8641 | 0.0401 0.9888 | 0.0495 0.9866 | Time: 16.8693 | TEST: 0.5947 0.8496 | 0.0770 0.9672 | 0.1278 0.9722 | Time: 50.0985
Epoch: 0028 | TRAIN: 0.0001 1.0000 | 0.0000 1.0000 | 0.0000 1.0000 | Time: 261.8779 | VAL: 0.5839 0.8623 | 0.0456 0.9888 | 0.0470 0.9866 | Time: 21.3999 | TEST: 0.5964 0.8444 | 0.0716 0.9754 | 0.1330 0.9611 | Time: 22.0620
Epoch: 0029 | TRAIN: 0.0001 1.0000 | 0.0000 1.0000 | 0.0000 1.0000 | Time: 353.9484 | VAL: 0.5996 0.8587 | 0.0288 1.0000 | 0.0592 0.9866 | Time: 15.7048 | TEST: 0.6232 0.8444 | 0.0841 0.9836 | 0.1323 0.9667 | Time: 16.6257
Epoch: 0030 | TRAIN: 0.0001 1.0000 | 0.0000 1.0000 | 0.0000 1.0000 | Time: 139.3335 | VAL: 0.5739 0.8659 | 0.0222 1.0000 | 0.0536 0.9866 | Time: 14.6695 | TEST: 0.5775 0.8513 | 0.0795 0.9672 | 0.1227 0.9722 | Time: 14.7831
Epoch: 0031 | TRAIN: 0.0001 1.0000 | 0.0000 1.0000 | 0.0000 1.0000 | Time: 713.9559 | VAL: 0.5696 0.8641 | 0.0310 0.9888 | 0.0554 0.9866 | Time: 116.9817 | TEST: 0.6154 0.8427 | 0.0608 0.9754 | 0.1002 0.9722 | Time: 135.4159
Epoch: 0032 | TRAIN: 0.0001 1.0000 | 0.0000 1.0000 | 0.0000 1.0000 | Time: 331.5815 | VAL: 0.5760 0.8569 | 0.0332 0.9888 | 0.0616 0.9866 | Time: 112.5114 | TEST: 0.6269 0.8393 | 0.0622 0.9836 | 0.1218 0.9722 | Time: 115.7613
Epoch: 0033 | TRAIN: 0.0001 1.0000 | 0.0000 1.0000 | 0.0000 1.0000 | Time: 823.6682 | VAL: 0.5640 0.8623 | 0.0272 0.9888 | 0.0522 0.9866 | Time: 105.7764 | TEST: 0.6039 0.8444 | 0.0680 0.9754 | 0.1305 0.9667 | Time: 129.3277
Epoch: 0034 | TRAIN: 0.0000 1.0000 | 0.0000 1.0000 | 0.0000 1.0000 | Time: 778.9511 | VAL: 0.5566 0.8696 | 0.0195 1.0000 | 0.0372 0.9866 | Time: 106.3414 | TEST: 0.6093 0.8479 | 0.0609 0.9836 | 0.1446 0.9667 | Time: 97.9278
Epoch: 0035 | TRAIN: 0.0000 1.0000 | 0.0000 1.0000 | 0.0000 1.0000 | Time: 767.5664 | VAL: 0.5698 0.8623 | 0.0213 1.0000 | 0.0550 0.9799 | Time: 105.1747 | TEST: 0.6110 0.8444 | 0.0808 0.9754 | 0.1440 0.9611 | Time: 116.7290
Epoch: 0036 | TRAIN: 0.0000 1.0000 | 0.0000 1.0000 | 0.0000 1.0000 | Time: 756.8073 | VAL: 0.5658 0.8569 | 0.0137 1.0000 | 0.0356 0.9866 | Time: 109.3732 | TEST: 0.5914 0.8496 | 0.0752 0.9836 | 0.1579 0.9611 | Time: 124.8917
Epoch: 0037 | TRAIN: 0.0000 1.0000 | 0.0000 1.0000 | 0.0000 1.0000 | Time: 742.9428 | VAL: 0.5854 0.8514 | 0.0351 1.0000 | 0.0455 0.9866 | Time: 116.4621 | TEST: 0.5901 0.8496 | 0.1020 0.9754 | 0.1472 0.9667 | Time: 120.6483
Epoch: 0038 | TRAIN: 0.0000 1.0000 | 0.0000 1.0000 | 0.0000 1.0000 | Time: 740.5114 | VAL: 0.5711 0.8551 | 0.0218 1.0000 | 0.0595 0.9866 | Time: 108.9470 | TEST: 0.5783 0.8479 | 0.0706 0.9754 | 0.1337 0.9722 | Time: 121.2863
Epoch: 0039 | TRAIN: 0.0000 1.0000 | 0.0000 1.0000 | 0.0000 1.0000 | Time: 729.8372 | VAL: 0.5781 0.8514 | 0.0177 1.0000 | 0.0355 0.9866 | Time: 68.7678 | TEST: 0.5770 0.8513 | 0.0347 0.9918 | 0.1314 0.9667 | Time: 96.2430
Epoch: 0040 | TRAIN: 0.0000 1.0000 | 0.0000 1.0000 | 0.0000 1.0000 | Time: 720.3369 | VAL: 0.5725 0.8587 | 0.0147 1.0000 | 0.0738 0.9799 | Time: 88.4104 | TEST: 0.5971 0.8479 | 0.0573 0.9754 | 0.1082 0.9722 | Time: 111.5195
Epoch: 0041 | TRAIN: 0.0000 1.0000 | 0.0000 1.0000 | 0.0000 1.0000 | Time: 737.5821 | VAL: 0.5679 0.8641 | 0.0438 0.9888 | 0.0624 0.9866 | Time: 109.4878 | TEST: 0.5902 0.8427 | 0.0897 0.9672 | 0.1094 0.9778 | Time: 122.7350
Epoch: 0042 | TRAIN: 0.0000 1.0000 | 0.0000 1.0000 | 0.0000 1.0000 | Time: 715.1913 | VAL: 0.5618 0.8659 | 0.0254 1.0000 | 0.0597 0.9799 | Time: 100.7501 | TEST: 0.5939 0.8462 | 0.0621 0.9672 | 0.1277 0.9722 | Time: 126.1710
Epoch: 0043 | TRAIN: 0.0000 1.0000 | 0.0000 1.0000 | 0.0000 1.0000 | Time: 806.9455 | VAL: 0.5766 0.8678 | 0.0250 1.0000 | 0.0691 0.9866 | Time: 106.6523 | TEST: 0.6009 0.8410 | 0.0782 0.9754 | 0.1229 0.9722 | Time: 109.1628
Epoch: 0044 | TRAIN: 0.0000 1.0000 | 0.0000 1.0000 | 0.0000 1.0000 | Time: 736.2749 | VAL: 0.5746 0.8659 | 0.0320 0.9888 | 0.0641 0.9866 | Time: 106.7668 | TEST: 0.5924 0.8444 | 0.0477 0.9672 | 0.1019 0.9778 | Time: 128.5891
Epoch: 0045 | TRAIN: 0.0000 1.0000 | 0.0000 1.0000 | 0.0000 1.0000 | Time: 783.1532 | VAL: 0.5721 0.8659 | 0.0366 0.9888 | 0.0785 0.9799 | Time: 105.5910 | TEST: 0.5823 0.8479 | 0.0430 0.9836 | 0.0712 0.9778 | Time: 123.6822
Epoch: 0046 | TRAIN: 0.0000 1.0000 | 0.0000 1.0000 | 0.0000 1.0000 | Time: 736.4237 | VAL: 0.5718 0.8623 | 0.0332 0.9888 | 0.0500 0.9866 | Time: 116.4581 | TEST: 0.5936 0.8427 | 0.0654 0.9836 | 0.1312 0.9722 | Time: 104.3166
Epoch: 0047 | TRAIN: 0.0000 1.0000 | 0.0000 1.0000 | 0.0000 1.0000 | Time: 768.4561 | VAL: 0.5770 0.8587 | 0.0238 1.0000 | 0.0651 0.9799 | Time: 116.5281 | TEST: 0.5764 0.8479 | 0.0581 0.9836 | 0.1304 0.9722 | Time: 109.5982
Epoch: 0048 | TRAIN: 0.0000 1.0000 | 0.0000 1.0000 | 0.0000 1.0000 | Time: 760.0656 | VAL: 0.5834 0.8569 | 0.0241 1.0000 | 0.0934 0.9799 | Time: 93.5673 | TEST: 0.5840 0.8496 | 0.0496 0.9754 | 0.1583 0.9722 | Time: 120.8642
Epoch: 0049 | TRAIN: 0.0000 1.0000 | 0.0000 1.0000 | 0.0000 1.0000 | Time: 751.1554 | VAL: 0.5904 0.8587 | 0.0168 1.0000 | 0.0680 0.9799 | Time: 102.5983 | TEST: 0.5919 0.8530 | 0.0360 0.9754 | 0.1242 0.9722 | Time: 120.3577
Epoch: 0050 | TRAIN: 0.0000 1.0000 | 0.0000 1.0000 | 0.0000 1.0000 | Time: 745.6186 | VAL: 0.5780 0.8696 | 0.0225 0.9888 | 0.0495 0.9866 | Time: 99.7294 | TEST: 0.5844 0.8496 | 0.0275 0.9918 | 0.0910 0.9778 | Time: 122.3706
Epoch: 0051 | TRAIN: 0.0000 1.0000 | 0.0000 1.0000 | 0.0000 1.0000 | Time: 736.6682 | VAL: 0.5801 0.8659 | 0.0246 0.9888 | 0.0767 0.9866 | Time: 110.1055 | TEST: 0.5851 0.8462 | 0.0685 0.9672 | 0.1137 0.9722 | Time: 130.3352
Epoch: 0052 | TRAIN: 0.0000 1.0000 | 0.0000 1.0000 | 0.0000 1.0000 | Time: 781.9746 | VAL: 0.5827 0.8551 | 0.0217 0.9888 | 0.0739 0.9799 | Time: 110.3854 | TEST: 0.5858 0.8496 | 0.0502 0.9754 | 0.1187 0.9722 | Time: 113.5592
Epoch: 0053 | TRAIN: 0.0000 1.0000 | 0.0000 1.0000 | 0.0000 1.0000 | Time: 769.2860 | VAL: 0.5775 0.8641 | 0.0177 0.9888 | 0.0781 0.9799 | Time: 119.5947 | TEST: 0.5895 0.8462 | 0.0544 0.9836 | 0.1319 0.9667 | Time: 109.9786
Epoch: 0054 | TRAIN: 0.0000 1.0000 | 0.0000 1.0000 | 0.0000 1.0000 | Time: 747.2028 | VAL: 0.5769 0.8623 | 0.0153 1.0000 | 0.0797 0.9799 | Time: 109.4929 | TEST: 0.5927 0.8496 | 0.0468 0.9836 | 0.1266 0.9722 | Time: 118.1203
Epoch: 0055 | TRAIN: 0.0000 1.0000 | 0.0000 1.0000 | 0.0000 1.0000 | Time: 780.9510 | VAL: 0.5830 0.8587 | 0.0145 1.0000 | 0.0817 0.9799 | Time: 110.5108 | TEST: 0.5890 0.8547 | 0.0500 0.9754 | 0.1548 0.9667 | Time: 123.9730
Epoch: 0056 | TRAIN: 0.0020 0.9994 | 0.0000 1.0000 | 0.0000 1.0000 | Time: 745.8629 | VAL: 0.5908 0.8533 | 0.0276 0.9888 | 0.0845 0.9866 | Time: 110.1651 | TEST: 0.6285 0.8410 | 0.0686 0.9672 | 0.1254 0.9667 | Time: 112.0941
Epoch: 0057 | TRAIN: 0.0000 1.0000 | 0.0000 1.0000 | 0.0000 1.0000 | Time: 756.7923 | VAL: 0.6115 0.8442 | 0.0326 0.9888 | 0.1231 0.9732 | Time: 104.4093 | TEST: 0.6318 0.8359 | 0.0471 0.9754 | 0.1284 0.9778 | Time: 99.5199
Epoch: 0058 | TRAIN: 0.0000 1.0000 | 0.0000 1.0000 | 0.0000 1.0000 | Time: 721.7761 | VAL: 0.5918 0.8587 | 0.0364 0.9888 | 0.0684 0.9866 | Time: 100.2741 | TEST: 0.6059 0.8530 | 0.0410 0.9754 | 0.1748 0.9667 | Time: 108.2531
Epoch: 0059 | TRAIN: 0.0000 1.0000 | 0.0000 1.0000 | 0.0000 1.0000 | Time: 737.4032 | VAL: 0.6288 0.8424 | 0.0171 1.0000 | 0.0924 0.9732 | Time: 103.4092 | TEST: 0.6355 0.8359 | 0.0506 0.9754 | 0.1720 0.9722 | Time: 119.1317
Epoch: 0060 | TRAIN: 0.0001 1.0000 | 0.0000 1.0000 | 0.0000 1.0000 | Time: 763.6006 | VAL: 0.6302 0.8424 | 0.0321 0.9888 | 0.1458 0.9664 | Time: 109.1370 | TEST: 0.6375 0.8359 | 0.0825 0.9836 | 0.1824 0.9667 | Time: 118.9635
Epoch: 0061 | TRAIN: 0.0000 1.0000 | 0.0000 1.0000 | 0.0000 1.0000 | Time: 715.8578 | VAL: 0.6292 0.8460 | 0.0246 0.9888 | 0.0908 0.9799 | Time: 102.4596 | TEST: 0.6422 0.8188 | 0.0591 0.9836 | 0.1197 0.9722 | Time: 107.4839
Epoch: 0062 | TRAIN: 0.0001 1.0000 | 0.0000 1.0000 | 0.0000 1.0000 | Time: 744.9499 | VAL: 0.6296 0.8388 | 0.0075 1.0000 | 0.0584 0.9799 | Time: 105.9174 | TEST: 0.6315 0.8410 | 0.0367 0.9918 | 0.1323 0.9611 | Time: 103.2008
Epoch: 0063 | TRAIN: 0.0000 1.0000 | 0.0000 1.0000 | 0.0000 1.0000 | Time: 694.7258 | VAL: 0.6125 0.8406 | 0.0167 0.9888 | 0.0790 0.9732 | Time: 106.6428 | TEST: 0.5815 0.8496 | 0.0654 0.9754 | 0.1505 0.9667 | Time: 103.5996
Epoch: 0064 | TRAIN: 0.0000 1.0000 | 0.0000 1.0000 | 0.0000 1.0000 | Time: 743.3490 | VAL: 0.6032 0.8442 | 0.0104 1.0000 | 0.1073 0.9664 | Time: 111.8228 | TEST: 0.6026 0.8410 | 0.0357 0.9918 | 0.1482 0.9722 | Time: 109.7104
Epoch: 0065 | TRAIN: 0.0001 1.0000 | 0.0000 1.0000 | 0.0000 1.0000 | Time: 764.0817 | VAL: 0.6583 0.8460 | 0.0089 1.0000 | 0.0994 0.9732 | Time: 106.8790 | TEST: 0.6421 0.8444 | 0.0157 1.0000 | 0.1121 0.9722 | Time: 104.7306
Epoch: 0066 | TRAIN: 0.0018 0.9994 | 0.0000 1.0000 | 0.0000 1.0000 | Time: 755.3764 | VAL: 0.6794 0.8225 | 0.0036 1.0000 | 0.0941 0.9799 | Time: 101.2228 | TEST: 0.6790 0.8256 | 0.0356 0.9836 | 0.1212 0.9667 | Time: 111.1641
Epoch: 0067 | TRAIN: 0.0002 1.0000 | 0.0000 1.0000 | 0.0000 1.0000 | Time: 761.8708 | VAL: 0.6509 0.8315 | 0.0067 1.0000 | 0.0889 0.9866 | Time: 111.0201 | TEST: 0.6594 0.8308 | 0.0350 1.0000 | 0.1269 0.9667 | Time: 126.1003
Epoch: 0068 | TRAIN: 0.0116 0.9982 | 0.0000 1.0000 | 0.0000 1.0000 | Time: 742.8515 | VAL: 0.6741 0.8243 | 0.0105 1.0000 | 0.0661 0.9799 | Time: 109.7248 | TEST: 0.6727 0.8205 | 0.0574 0.9836 | 0.1236 0.9667 | Time: 122.0850
Epoch: 0069 | TRAIN: 0.0023 0.9994 | 0.0000 1.0000 | 0.0000 1.0000 | Time: 729.4157 | VAL: 0.7208 0.8188 | 0.0322 0.9888 | 0.0982 0.9732 | Time: 116.3754 | TEST: 0.7009 0.8222 | 0.0346 0.9836 | 0.0785 0.9722 | Time: 122.2809
Epoch: 0070 | TRAIN: 0.0031 0.9976 | 0.0000 1.0000 | 0.0000 1.0000 | Time: 742.5219 | VAL: 0.6570 0.8207 | 0.0064 1.0000 | 0.0731 0.9799 | Time: 115.7499 | TEST: 0.6433 0.8376 | 0.0138 1.0000 | 0.1467 0.9667 | Time: 134.9519
Epoch: 0071 | TRAIN: 0.0054 0.9982 | 0.0000 1.0000 | 0.0000 1.0000 | Time: 741.8496 | VAL: 0.6871 0.8243 | 0.0421 0.9888 | 0.0574 0.9866 | Time: 109.1298 | TEST: 0.6914 0.8188 | 0.0216 0.9918 | 0.0803 0.9722 | Time: 123.6234
Epoch: 0072 | TRAIN: 0.0039 0.9994 | 0.0000 1.0000 | 0.0000 1.0000 | Time: 737.9696 | VAL: 0.6757 0.8225 | 0.0943 0.9775 | 0.1025 0.9799 | Time: 105.8208 | TEST: 0.6971 0.8239 | 0.0590 0.9754 | 0.1256 0.9611 | Time: 123.7495
Epoch: 0073 | TRAIN: 0.0052 0.9994 | 0.0000 1.0000 | 0.0000 1.0000 | Time: 743.0847 | VAL: 0.6142 0.8478 | 0.0168 1.0000 | 0.0695 0.9866 | Time: 111.9605 | TEST: 0.6414 0.8256 | 0.0300 0.9918 | 0.0938 0.9722 | Time: 124.8940
Epoch: 0074 | TRAIN: 0.0066 0.9976 | 0.0000 1.0000 | 0.0000 1.0000 | Time: 724.4313 | VAL: 0.6713 0.8442 | 0.0776 0.9775 | 0.0722 0.9799 | Time: 121.0173 | TEST: 0.6731 0.8188 | 0.0155 1.0000 | 0.0775 0.9778 | Time: 130.1605
Epoch: 0075 | TRAIN: 0.0138 0.9970 | 0.0000 1.0000 | 0.0000 1.0000 | Time: 723.7423 | VAL: 0.6870 0.8297 | 0.0052 1.0000 | 0.0978 0.9799 | Time: 112.0411 | TEST: 0.7023 0.8154 | 0.0070 1.0000 | 0.0975 0.9778 | Time: 133.3237
Epoch: 0076 | TRAIN: 0.0034 0.9988 | 0.0000 1.0000 | 0.0000 1.0000 | Time: 738.2780 | VAL: 0.7097 0.8333 | 0.0118 0.9888 | 0.0848 0.9799 | Time: 108.6679 | TEST: 0.7315 0.8222 | 0.0145 1.0000 | 0.0942 0.9667 | Time: 99.9787
Epoch: 0077 | TRAIN: 0.0014 1.0000 | 0.0000 1.0000 | 0.0000 1.0000 | Time: 714.4666 | VAL: 0.7810 0.8170 | 0.0863 0.9888 | 0.1358 0.9799 | Time: 114.8367 | TEST: 0.7303 0.8188 | 0.0558 0.9918 | 0.0897 0.9833 | Time: 134.3784
Epoch: 0078 | TRAIN: 0.0148 0.9970 | 0.0000 1.0000 | 0.0000 1.0000 | Time: 716.6231 | VAL: 0.7369 0.8297 | 0.0040 1.0000 | 0.0755 0.9866 | Time: 107.1068 | TEST: 0.7290 0.8120 | 0.0083 1.0000 | 0.0874 0.9833 | Time: 127.6127
Epoch: 0079 | TRAIN: 0.0047 0.9982 | 0.0000 1.0000 | 0.0000 1.0000 | Time: 735.8384 | VAL: 0.7889 0.8116 | 0.0299 0.9888 | 0.1049 0.9799 | Time: 115.2478 | TEST: 0.7238 0.8171 | 0.0332 0.9918 | 0.0949 0.9833 | Time: 124.8167
Epoch: 0080 | TRAIN: 0.0004 1.0000 | 0.0000 1.0000 | 0.0000 1.0000 | Time: 731.0156 | VAL: 0.7217 0.8261 | 0.0149 1.0000 | 0.0810 0.9866 | Time: 47.4493 | TEST: 0.7043 0.8359 | 0.0200 0.9918 | 0.0858 0.9778 | Time: 15.8385
Epoch: 0081 | TRAIN: 0.0014 0.9994 | 0.0000 1.0000 | 0.0000 1.0000 | Time: 131.3116 | VAL: 0.6906 0.8442 | 0.0174 0.9888 | 0.0699 0.9866 | Time: 11.3155 | TEST: 0.6971 0.8325 | 0.0176 0.9918 | 0.0831 0.9722 | Time: 14.7081
Epoch: 0082 | TRAIN: 0.0002 1.0000 | 0.0000 1.0000 | 0.0000 1.0000 | Time: 141.9354 | VAL: 0.7172 0.8388 | 0.0153 0.9888 | 0.0648 0.9866 | Time: 13.0091 | TEST: 0.6993 0.8239 | 0.0161 0.9918 | 0.0579 0.9833 | Time: 13.9626
Epoch: 0083 | TRAIN: 0.0002 1.0000 | 0.0000 1.0000 | 0.0000 1.0000 | Time: 144.5329 | VAL: 0.7003 0.8370 | 0.0180 0.9888 | 0.1101 0.9866 | Time: 12.6923 | TEST: 0.6799 0.8239 | 0.0122 1.0000 | 0.0400 0.9833 | Time: 17.5587
Epoch: 0084 | TRAIN: 0.0001 1.0000 | 0.0000 1.0000 | 0.0000 1.0000 | Time: 131.9456 | VAL: 0.6944 0.8406 | 0.0164 0.9888 | 0.1178 0.9866 | Time: 15.3160 | TEST: 0.6670 0.8325 | 0.0086 1.0000 | 0.0372 0.9833 | Time: 13.8409
Epoch: 0085 | TRAIN: 0.0001 1.0000 | 0.0000 1.0000 | 0.0000 1.0000 | Time: 146.0830 | VAL: 0.6947 0.8442 | 0.0158 0.9888 | 0.1159 0.9866 | Time: 14.8459 | TEST: 0.6638 0.8342 | 0.0108 1.0000 | 0.0571 0.9833 | Time: 18.6417
Epoch: 0086 | TRAIN: 0.0001 1.0000 | 0.0000 1.0000 | 0.0000 1.0000 | Time: 141.3315 | VAL: 0.7227 0.8279 | 0.0139 0.9888 | 0.1048 0.9866 | Time: 13.5229 | TEST: 0.6772 0.8342 | 0.0119 1.0000 | 0.0560 0.9778 | Time: 17.8019
Epoch: 0087 | TRAIN: 0.0001 1.0000 | 0.0000 1.0000 | 0.0000 1.0000 | Time: 141.6079 | VAL: 0.7103 0.8351 | 0.0153 0.9888 | 0.0989 0.9866 | Time: 14.8635 | TEST: 0.6645 0.8325 | 0.0113 1.0000 | 0.0696 0.9778 | Time: 14.1337
Epoch: 0088 | TRAIN: 0.0001 1.0000 | 0.0000 1.0000 | 0.0000 1.0000 | Time: 144.6604 | VAL: 0.7138 0.8370 | 0.0124 1.0000 | 0.0951 0.9866 | Time: 10.8962 | TEST: 0.6683 0.8342 | 0.0152 1.0000 | 0.0760 0.9778 | Time: 13.1432
Epoch: 0089 | TRAIN: 0.0000 1.0000 | 0.0000 1.0000 | 0.0000 1.0000 | Time: 139.1580 | VAL: 0.7011 0.8333 | 0.0151 0.9888 | 0.0871 0.9866 | Time: 11.6905 | TEST: 0.6609 0.8359 | 0.0116 1.0000 | 0.0660 0.9778 | Time: 18.1823
Epoch: 0090 | TRAIN: 0.0000 1.0000 | 0.0000 1.0000 | 0.0000 1.0000 | Time: 137.9767 | VAL: 0.7016 0.8406 | 0.0163 0.9888 | 0.0880 0.9866 | Time: 15.8256 | TEST: 0.6638 0.8359 | 0.0140 1.0000 | 0.0631 0.9778 | Time: 11.7960
Epoch: 0091 | TRAIN: 0.0000 1.0000 | 0.0000 1.0000 | 0.0000 1.0000 | Time: 137.7745 | VAL: 0.6930 0.8370 | 0.0144 1.0000 | 0.0887 0.9866 | Time: 13.5912 | TEST: 0.6621 0.8410 | 0.0119 1.0000 | 0.0486 0.9778 | Time: 15.9107
Epoch: 0092 | TRAIN: 0.0000 1.0000 | 0.0000 1.0000 | 0.0000 1.0000 | Time: 133.9652 | VAL: 0.6952 0.8406 | 0.0135 0.9888 | 0.0758 0.9866 | Time: 11.4808 | TEST: 0.6589 0.8427 | 0.0108 1.0000 | 0.0501 0.9778 | Time: 12.1941
Epoch: 0093 | TRAIN: 0.0000 1.0000 | 0.0000 1.0000 | 0.0000 1.0000 | Time: 142.1193 | VAL: 0.6926 0.8406 | 0.0132 0.9888 | 0.0848 0.9866 | Time: 13.4279 | TEST: 0.6566 0.8410 | 0.0128 1.0000 | 0.0514 0.9778 | Time: 12.1281
Epoch: 0094 | TRAIN: 0.0000 1.0000 | 0.0000 1.0000 | 0.0000 1.0000 | Time: 145.3556 | VAL: 0.6848 0.8424 | 0.0097 1.0000 | 0.0756 0.9866 | Time: 10.8844 | TEST: 0.6589 0.8376 | 0.0083 1.0000 | 0.0660 0.9722 | Time: 15.0214
Epoch: 0095 | TRAIN: 0.0000 1.0000 | 0.0000 1.0000 | 0.0000 1.0000 | Time: 128.1787 | VAL: 0.6783 0.8406 | 0.0079 1.0000 | 0.0796 0.9866 | Time: 12.0196 | TEST: 0.6469 0.8427 | 0.0132 1.0000 | 0.0712 0.9722 | Time: 14.0970
Epoch: 0096 | TRAIN: 0.0000 1.0000 | 0.0000 1.0000 | 0.0000 1.0000 | Time: 131.0016 | VAL: 0.6803 0.8388 | 0.0074 1.0000 | 0.0735 0.9866 | Time: 11.1236 | TEST: 0.6496 0.8410 | 0.0099 1.0000 | 0.0676 0.9722 | Time: 14.5226
Epoch: 0097 | TRAIN: 0.0000 1.0000 | 0.0000 1.0000 | 0.0000 1.0000 | Time: 152.4106 | VAL: 0.6726 0.8424 | 0.0071 1.0000 | 0.0799 0.9866 | Time: 12.8178 | TEST: 0.6457 0.8393 | 0.0163 1.0000 | 0.0816 0.9722 | Time: 13.1444
Epoch: 0098 | TRAIN: 0.0000 1.0000 | 0.0000 1.0000 | 0.0000 1.0000 | Time: 130.7506 | VAL: 0.6838 0.8388 | 0.0104 1.0000 | 0.0735 0.9866 | Time: 12.5631 | TEST: 0.6530 0.8376 | 0.0149 1.0000 | 0.0786 0.9722 | Time: 13.0406
Epoch: 0099 | TRAIN: 0.0000 1.0000 | 0.0000 1.0000 | 0.0000 1.0000 | Time: 129.8677 | VAL: 0.6814 0.8388 | 0.0098 1.0000 | 0.0780 0.9866 | Time: 15.2334 | TEST: 0.6504 0.8410 | 0.0146 1.0000 | 0.0843 0.9722 | Time: 18.8468
========================================
Best Result: Epoch 34, result {'amazon': [0.8478632478632478], 'dslr': [0.9836065573770492], 'webcam': [0.9666666666666667]}
========================================
