========================================
General Configuration:
	Wighting: MoCo
	Architecture: HPS
	Rep_Grad: False
	Multi_Input: True
	Seed: 0
	Device: cuda:0
MoCo Configuration:
	weighting: MoCo
	beta_moco: 1.0
	gamma_moco: 1.0
	rho_moco: 0.1
	moco_gn: none
Optimizer Configuration:
	optim: adam
	lr: 0.0001
	weight_decay: 1e-05
========================================
Total Params: 11487901
Trainable Params: 11487901
Non-trainable Params: 0
========================================
LOG FORMAT | amazon_LOSS Acc | dslr_LOSS Acc | webcam_LOSS Acc | TIME
Epoch: 0000 | TRAIN: 2.7771 0.3209 | 3.0570 0.2254 | 2.3358 0.5030 | Time: 40.3704 | VAL: 2.1359 0.6250 | 2.2665 0.6404 | 1.7346 0.7383 | Time: 2.4221 | TEST: 2.1253 0.6376 | 2.2792 0.6475 | 1.7923 0.7778 | Time: 2.8869
Epoch: 0001 | TRAIN: 2.0251 0.6340 | 1.1933 0.9417 | 1.0892 0.9141 | Time: 39.8399 | VAL: 2.0479 0.6975 | 1.1143 0.9775 | 1.1110 0.8926 | Time: 2.4082 | TEST: 2.0442 0.6803 | 1.1641 0.9098 | 1.2390 0.9111 | Time: 2.9053
Epoch: 0002 | TRAIN: 1.8275 0.6893 | 0.4869 0.9988 | 0.5290 0.9910 | Time: 39.9247 | VAL: 1.8673 0.7373 | 0.7996 0.9888 | 0.7784 0.9597 | Time: 2.4236 | TEST: 1.8686 0.7214 | 0.9039 0.9262 | 0.8806 0.9611 | Time: 2.8706
Epoch: 0003 | TRAIN: 1.5094 0.7656 | 0.2916 1.0000 | 0.2788 0.9988 | Time: 39.6855 | VAL: 1.5494 0.7717 | 0.7023 1.0000 | 0.5850 0.9732 | Time: 2.4029 | TEST: 1.5511 0.7521 | 0.8143 0.9262 | 0.6945 0.9611 | Time: 2.8619
Epoch: 0004 | TRAIN: 1.1417 0.8149 | 0.2309 1.0000 | 0.1742 1.0000 | Time: 39.7641 | VAL: 1.2532 0.8007 | 0.6743 1.0000 | 0.5338 0.9732 | Time: 2.4188 | TEST: 1.2564 0.7863 | 0.7757 0.9344 | 0.6425 0.9556 | Time: 2.8947
Epoch: 0005 | TRAIN: 0.8721 0.8780 | 0.1849 1.0000 | 0.1305 1.0000 | Time: 39.8654 | VAL: 1.1505 0.8279 | 0.6129 1.0000 | 0.4861 0.9799 | Time: 2.4204 | TEST: 1.1546 0.8154 | 0.7402 0.9426 | 0.5890 0.9611 | Time: 2.8814
Epoch: 0006 | TRAIN: 0.6886 0.9099 | 0.1439 1.0000 | 0.1010 1.0000 | Time: 39.7883 | VAL: 1.0298 0.8424 | 0.5798 1.0000 | 0.4788 0.9799 | Time: 2.4380 | TEST: 1.0435 0.8205 | 0.6844 0.9508 | 0.5764 0.9722 | Time: 2.9136
Epoch: 0007 | TRAIN: 0.5459 0.9375 | 0.1183 1.0000 | 0.0881 1.0000 | Time: 39.8435 | VAL: 0.9270 0.8569 | 0.5566 1.0000 | 0.4354 0.9799 | Time: 2.4397 | TEST: 0.9410 0.8308 | 0.6520 0.9508 | 0.5225 0.9667 | Time: 2.8984
Epoch: 0008 | TRAIN: 0.3886 0.9633 | 0.0927 1.0000 | 0.0763 1.0000 | Time: 39.9223 | VAL: 0.8686 0.8623 | 0.4820 1.0000 | 0.4116 0.9799 | Time: 2.4098 | TEST: 0.8842 0.8393 | 0.5821 0.9590 | 0.5052 0.9667 | Time: 2.8589
Epoch: 0009 | TRAIN: 0.3142 0.9754 | 0.0744 1.0000 | 0.0630 1.0000 | Time: 39.7782 | VAL: 0.8621 0.8678 | 0.4561 1.0000 | 0.3837 0.9866 | Time: 2.4062 | TEST: 0.8813 0.8325 | 0.5555 0.9508 | 0.4825 0.9667 | Time: 2.8483
Epoch: 0010 | TRAIN: 0.2556 0.9820 | 0.0585 1.0000 | 0.0545 1.0000 | Time: 39.6304 | VAL: 0.8505 0.8623 | 0.4121 1.0000 | 0.3662 0.9866 | Time: 2.4145 | TEST: 0.8610 0.8256 | 0.5105 0.9508 | 0.4590 0.9722 | Time: 2.8466
Epoch: 0011 | TRAIN: 0.2131 0.9874 | 0.0493 1.0000 | 0.0465 1.0000 | Time: 39.8371 | VAL: 0.8321 0.8641 | 0.3954 1.0000 | 0.3452 0.9799 | Time: 2.4162 | TEST: 0.8459 0.8325 | 0.4894 0.9508 | 0.4457 0.9667 | Time: 2.9041
Epoch: 0012 | TRAIN: 0.1807 0.9934 | 0.0413 1.0000 | 0.0398 1.0000 | Time: 39.6503 | VAL: 0.8443 0.8641 | 0.3692 1.0000 | 0.3346 0.9866 | Time: 2.4032 | TEST: 0.8523 0.8342 | 0.4649 0.9590 | 0.4350 0.9667 | Time: 2.8741
Epoch: 0013 | TRAIN: 0.1642 0.9934 | 0.0350 1.0000 | 0.0331 1.0000 | Time: 39.6517 | VAL: 0.8356 0.8605 | 0.3557 1.0000 | 0.3205 0.9866 | Time: 2.4131 | TEST: 0.8437 0.8359 | 0.4551 0.9508 | 0.4156 0.9667 | Time: 2.8853
Epoch: 0014 | TRAIN: 0.1505 0.9934 | 0.0311 1.0000 | 0.0303 1.0000 | Time: 39.7415 | VAL: 0.8387 0.8496 | 0.3407 1.0000 | 0.3094 0.9866 | Time: 2.4056 | TEST: 0.8427 0.8325 | 0.4366 0.9590 | 0.4057 0.9667 | Time: 2.8822
Epoch: 0015 | TRAIN: 0.1395 0.9976 | 0.0258 1.0000 | 0.0269 1.0000 | Time: 39.6233 | VAL: 0.8187 0.8569 | 0.3224 1.0000 | 0.2916 0.9866 | Time: 2.4266 | TEST: 0.8289 0.8342 | 0.4143 0.9590 | 0.3886 0.9667 | Time: 2.8750
Epoch: 0016 | TRAIN: 0.1300 0.9976 | 0.0245 1.0000 | 0.0267 1.0000 | Time: 39.6290 | VAL: 0.8174 0.8605 | 0.3136 1.0000 | 0.2873 0.9866 | Time: 2.4203 | TEST: 0.8299 0.8376 | 0.4080 0.9508 | 0.3850 0.9722 | Time: 2.8725
Epoch: 0017 | TRAIN: 0.1214 0.9970 | 0.0211 1.0000 | 0.0220 1.0000 | Time: 39.6883 | VAL: 0.8153 0.8641 | 0.3046 1.0000 | 0.2793 0.9866 | Time: 2.4379 | TEST: 0.8303 0.8410 | 0.4048 0.9508 | 0.3744 0.9667 | Time: 2.8978
Epoch: 0018 | TRAIN: 0.1137 0.9976 | 0.0197 1.0000 | 0.0208 1.0000 | Time: 39.5684 | VAL: 0.8069 0.8641 | 0.2925 1.0000 | 0.2733 0.9866 | Time: 2.4322 | TEST: 0.8210 0.8325 | 0.3903 0.9508 | 0.3641 0.9667 | Time: 2.8833
Epoch: 0019 | TRAIN: 0.1047 0.9976 | 0.0190 1.0000 | 0.0192 1.0000 | Time: 39.7082 | VAL: 0.7968 0.8623 | 0.2908 1.0000 | 0.2667 0.9866 | Time: 2.4375 | TEST: 0.8114 0.8325 | 0.3915 0.9508 | 0.3633 0.9722 | Time: 2.8686
Epoch: 0020 | TRAIN: 0.0988 0.9982 | 0.0171 1.0000 | 0.0176 1.0000 | Time: 39.6203 | VAL: 0.8042 0.8605 | 0.2932 1.0000 | 0.2565 0.9866 | Time: 2.4463 | TEST: 0.8148 0.8325 | 0.3917 0.9508 | 0.3495 0.9667 | Time: 2.8730
Epoch: 0021 | TRAIN: 0.0890 0.9994 | 0.0149 1.0000 | 0.0172 1.0000 | Time: 39.8182 | VAL: 0.7957 0.8623 | 0.2865 1.0000 | 0.2556 0.9866 | Time: 2.4400 | TEST: 0.8088 0.8342 | 0.3816 0.9508 | 0.3520 0.9667 | Time: 2.8912
Epoch: 0022 | TRAIN: 0.0849 0.9994 | 0.0142 1.0000 | 0.0148 1.0000 | Time: 39.6648 | VAL: 0.7923 0.8623 | 0.2796 1.0000 | 0.2475 0.9866 | Time: 2.4004 | TEST: 0.8041 0.8359 | 0.3799 0.9426 | 0.3448 0.9722 | Time: 2.8836
Epoch: 0023 | TRAIN: 0.0776 1.0000 | 0.0143 1.0000 | 0.0142 1.0000 | Time: 39.6830 | VAL: 0.7884 0.8605 | 0.2773 1.0000 | 0.2440 0.9866 | Time: 2.4041 | TEST: 0.8002 0.8359 | 0.3767 0.9426 | 0.3375 0.9667 | Time: 2.8517
Epoch: 0024 | TRAIN: 0.0741 0.9994 | 0.0130 1.0000 | 0.0135 1.0000 | Time: 39.7268 | VAL: 0.7833 0.8659 | 0.2747 1.0000 | 0.2344 0.9866 | Time: 2.4179 | TEST: 0.7936 0.8342 | 0.3765 0.9426 | 0.3327 0.9722 | Time: 2.8814
Epoch: 0025 | TRAIN: 0.0705 0.9988 | 0.0121 1.0000 | 0.0123 1.0000 | Time: 39.6643 | VAL: 0.7807 0.8587 | 0.2673 1.0000 | 0.2351 0.9866 | Time: 2.4015 | TEST: 0.7900 0.8342 | 0.3678 0.9426 | 0.3303 0.9722 | Time: 2.8533
Epoch: 0026 | TRAIN: 0.0691 0.9988 | 0.0119 1.0000 | 0.0118 1.0000 | Time: 39.6789 | VAL: 0.7743 0.8605 | 0.2691 1.0000 | 0.2278 0.9866 | Time: 2.4411 | TEST: 0.7865 0.8325 | 0.3677 0.9426 | 0.3218 0.9667 | Time: 2.9026
Epoch: 0027 | TRAIN: 0.0642 1.0000 | 0.0112 1.0000 | 0.0113 1.0000 | Time: 39.7078 | VAL: 0.7699 0.8623 | 0.2567 1.0000 | 0.2276 0.9866 | Time: 2.4078 | TEST: 0.7799 0.8291 | 0.3635 0.9426 | 0.3267 0.9667 | Time: 2.8507
Epoch: 0028 | TRAIN: 0.0604 0.9994 | 0.0104 1.0000 | 0.0105 1.0000 | Time: 39.6008 | VAL: 0.7622 0.8623 | 0.2601 1.0000 | 0.2199 0.9866 | Time: 2.4140 | TEST: 0.7747 0.8342 | 0.3614 0.9508 | 0.3109 0.9667 | Time: 2.8967
Epoch: 0029 | TRAIN: 0.0578 1.0000 | 0.0099 1.0000 | 0.0101 1.0000 | Time: 39.6952 | VAL: 0.7587 0.8641 | 0.2551 1.0000 | 0.2186 0.9866 | Time: 2.4160 | TEST: 0.7719 0.8342 | 0.3571 0.9426 | 0.3149 0.9667 | Time: 2.8856
Epoch: 0030 | TRAIN: 0.0558 1.0000 | 0.0099 1.0000 | 0.0094 1.0000 | Time: 39.4752 | VAL: 0.7515 0.8641 | 0.2583 1.0000 | 0.2160 0.9866 | Time: 2.3823 | TEST: 0.7632 0.8325 | 0.3532 0.9508 | 0.3082 0.9722 | Time: 2.8540
Epoch: 0031 | TRAIN: 0.0507 1.0000 | 0.0088 1.0000 | 0.0088 1.0000 | Time: 39.4535 | VAL: 0.7520 0.8623 | 0.2513 1.0000 | 0.2175 0.9866 | Time: 2.4201 | TEST: 0.7616 0.8291 | 0.3538 0.9426 | 0.3102 0.9667 | Time: 2.8817
Epoch: 0032 | TRAIN: 0.0496 1.0000 | 0.0085 1.0000 | 0.0084 1.0000 | Time: 39.6662 | VAL: 0.7434 0.8605 | 0.2521 1.0000 | 0.2114 0.9866 | Time: 2.4163 | TEST: 0.7559 0.8342 | 0.3505 0.9508 | 0.3009 0.9667 | Time: 2.8687
Epoch: 0033 | TRAIN: 0.0466 1.0000 | 0.0078 1.0000 | 0.0081 1.0000 | Time: 39.8070 | VAL: 0.7367 0.8587 | 0.2514 1.0000 | 0.2126 0.9866 | Time: 2.4210 | TEST: 0.7471 0.8308 | 0.3477 0.9426 | 0.3067 0.9667 | Time: 2.8643
Epoch: 0034 | TRAIN: 0.0433 1.0000 | 0.0077 1.0000 | 0.0078 1.0000 | Time: 39.6862 | VAL: 0.7348 0.8605 | 0.2448 1.0000 | 0.2125 0.9866 | Time: 2.4119 | TEST: 0.7481 0.8342 | 0.3444 0.9426 | 0.3012 0.9667 | Time: 2.8489
Epoch: 0035 | TRAIN: 0.0408 1.0000 | 0.0075 1.0000 | 0.0073 1.0000 | Time: 39.6122 | VAL: 0.7335 0.8569 | 0.2444 1.0000 | 0.2061 0.9866 | Time: 2.4085 | TEST: 0.7438 0.8325 | 0.3482 0.9426 | 0.3014 0.9667 | Time: 2.8603
Epoch: 0036 | TRAIN: 0.0408 1.0000 | 0.0074 1.0000 | 0.0069 1.0000 | Time: 39.6085 | VAL: 0.7285 0.8641 | 0.2417 1.0000 | 0.2029 0.9866 | Time: 2.4107 | TEST: 0.7421 0.8325 | 0.3472 0.9426 | 0.2971 0.9667 | Time: 2.8507
Epoch: 0037 | TRAIN: 0.0354 1.0000 | 0.0070 1.0000 | 0.0068 1.0000 | Time: 39.5184 | VAL: 0.7194 0.8659 | 0.2420 1.0000 | 0.2013 0.9866 | Time: 2.4105 | TEST: 0.7336 0.8342 | 0.3443 0.9426 | 0.2946 0.9667 | Time: 2.8506
Epoch: 0038 | TRAIN: 0.0328 1.0000 | 0.0069 1.0000 | 0.0070 1.0000 | Time: 39.6011 | VAL: 0.7169 0.8641 | 0.2391 1.0000 | 0.2025 0.9866 | Time: 2.4147 | TEST: 0.7289 0.8342 | 0.3393 0.9426 | 0.2952 0.9667 | Time: 2.8547
Epoch: 0039 | TRAIN: 0.0327 1.0000 | 0.0062 1.0000 | 0.0061 1.0000 | Time: 39.5491 | VAL: 0.7094 0.8641 | 0.2435 1.0000 | 0.2003 0.9866 | Time: 2.4003 | TEST: 0.7199 0.8291 | 0.3497 0.9426 | 0.2985 0.9667 | Time: 2.8629
Epoch: 0040 | TRAIN: 0.0303 1.0000 | 0.0063 1.0000 | 0.0062 1.0000 | Time: 39.5408 | VAL: 0.7138 0.8623 | 0.2335 1.0000 | 0.1988 0.9866 | Time: 2.4258 | TEST: 0.7239 0.8325 | 0.3378 0.9426 | 0.2918 0.9667 | Time: 2.8772
Epoch: 0041 | TRAIN: 0.0269 1.0000 | 0.0059 1.0000 | 0.0059 1.0000 | Time: 39.5219 | VAL: 0.7077 0.8623 | 0.2372 1.0000 | 0.2033 0.9866 | Time: 2.3606 | TEST: 0.7205 0.8308 | 0.3409 0.9426 | 0.2961 0.9667 | Time: 2.8569
Epoch: 0042 | TRAIN: 0.0249 1.0000 | 0.0060 1.0000 | 0.0053 1.0000 | Time: 39.5514 | VAL: 0.6975 0.8659 | 0.2365 1.0000 | 0.2007 0.9866 | Time: 2.3720 | TEST: 0.7125 0.8325 | 0.3378 0.9426 | 0.2942 0.9667 | Time: 2.8627
Epoch: 0043 | TRAIN: 0.0228 1.0000 | 0.0053 1.0000 | 0.0054 1.0000 | Time: 39.6491 | VAL: 0.6988 0.8659 | 0.2393 1.0000 | 0.1948 0.9866 | Time: 2.4249 | TEST: 0.7118 0.8308 | 0.3364 0.9426 | 0.2870 0.9667 | Time: 2.8824
Epoch: 0044 | TRAIN: 0.0230 1.0000 | 0.0052 1.0000 | 0.0049 1.0000 | Time: 39.4956 | VAL: 0.6940 0.8659 | 0.2378 1.0000 | 0.1963 0.9866 | Time: 2.4050 | TEST: 0.7058 0.8342 | 0.3333 0.9426 | 0.2868 0.9667 | Time: 2.8620
Epoch: 0045 | TRAIN: 0.0206 1.0000 | 0.0049 1.0000 | 0.0049 1.0000 | Time: 39.5735 | VAL: 0.6849 0.8678 | 0.2366 1.0000 | 0.1968 0.9866 | Time: 2.4090 | TEST: 0.6929 0.8291 | 0.3320 0.9426 | 0.2868 0.9667 | Time: 2.8426
Epoch: 0046 | TRAIN: 0.0183 1.0000 | 0.0050 1.0000 | 0.0048 1.0000 | Time: 39.4757 | VAL: 0.6832 0.8659 | 0.2434 1.0000 | 0.1946 0.9866 | Time: 2.4044 | TEST: 0.6946 0.8291 | 0.3409 0.9426 | 0.2878 0.9667 | Time: 2.8476
Epoch: 0047 | TRAIN: 0.0175 1.0000 | 0.0050 1.0000 | 0.0048 1.0000 | Time: 39.3797 | VAL: 0.6864 0.8659 | 0.2384 1.0000 | 0.2009 0.9866 | Time: 2.4175 | TEST: 0.6973 0.8274 | 0.3405 0.9426 | 0.2918 0.9611 | Time: 2.8918
Epoch: 0048 | TRAIN: 0.0174 1.0000 | 0.0049 1.0000 | 0.0046 1.0000 | Time: 39.4252 | VAL: 0.6780 0.8623 | 0.2377 1.0000 | 0.1919 0.9866 | Time: 2.4159 | TEST: 0.6920 0.8308 | 0.3338 0.9426 | 0.2863 0.9667 | Time: 2.8624
Epoch: 0049 | TRAIN: 0.0156 1.0000 | 0.0049 1.0000 | 0.0044 1.0000 | Time: 39.3672 | VAL: 0.6777 0.8623 | 0.2312 1.0000 | 0.1901 0.9866 | Time: 2.3808 | TEST: 0.6892 0.8291 | 0.3332 0.9426 | 0.2826 0.9667 | Time: 2.8404
Epoch: 0050 | TRAIN: 0.0144 1.0000 | 0.0046 1.0000 | 0.0047 1.0000 | Time: 39.5598 | VAL: 0.6700 0.8641 | 0.2403 1.0000 | 0.1912 0.9866 | Time: 2.4105 | TEST: 0.6828 0.8291 | 0.3371 0.9426 | 0.2894 0.9667 | Time: 2.8761
Epoch: 0051 | TRAIN: 0.0138 1.0000 | 0.0041 1.0000 | 0.0042 1.0000 | Time: 39.4869 | VAL: 0.6635 0.8659 | 0.2350 1.0000 | 0.1902 0.9866 | Time: 2.4181 | TEST: 0.6760 0.8308 | 0.3329 0.9426 | 0.2833 0.9667 | Time: 2.8862
Epoch: 0052 | TRAIN: 0.0125 1.0000 | 0.0041 1.0000 | 0.0038 1.0000 | Time: 39.5568 | VAL: 0.6639 0.8659 | 0.2329 1.0000 | 0.1893 0.9866 | Time: 2.4053 | TEST: 0.6758 0.8308 | 0.3302 0.9426 | 0.2845 0.9667 | Time: 2.8616
Epoch: 0053 | TRAIN: 0.0113 1.0000 | 0.0038 1.0000 | 0.0038 1.0000 | Time: 39.6386 | VAL: 0.6567 0.8678 | 0.2342 1.0000 | 0.1892 0.9866 | Time: 2.4424 | TEST: 0.6699 0.8359 | 0.3385 0.9426 | 0.2832 0.9667 | Time: 2.8729
Epoch: 0054 | TRAIN: 0.0110 1.0000 | 0.0038 1.0000 | 0.0040 1.0000 | Time: 39.7437 | VAL: 0.6492 0.8678 | 0.2342 1.0000 | 0.1890 0.9866 | Time: 2.4189 | TEST: 0.6677 0.8325 | 0.3405 0.9426 | 0.2811 0.9667 | Time: 2.8945
Epoch: 0055 | TRAIN: 0.0103 1.0000 | 0.0039 1.0000 | 0.0038 1.0000 | Time: 39.7203 | VAL: 0.6507 0.8696 | 0.2408 1.0000 | 0.1915 0.9866 | Time: 2.4129 | TEST: 0.6660 0.8308 | 0.3468 0.9508 | 0.2869 0.9667 | Time: 2.8638
Epoch: 0056 | TRAIN: 0.0103 1.0000 | 0.0037 1.0000 | 0.0037 1.0000 | Time: 39.7099 | VAL: 0.6467 0.8659 | 0.2353 1.0000 | 0.1841 0.9866 | Time: 2.4230 | TEST: 0.6609 0.8308 | 0.3410 0.9426 | 0.2811 0.9667 | Time: 2.8894
Epoch: 0057 | TRAIN: 0.0094 1.0000 | 0.0034 1.0000 | 0.0038 1.0000 | Time: 39.6018 | VAL: 0.6500 0.8641 | 0.2402 1.0000 | 0.1906 0.9866 | Time: 2.4359 | TEST: 0.6621 0.8308 | 0.3406 0.9426 | 0.2822 0.9667 | Time: 2.8920
Epoch: 0058 | TRAIN: 0.0096 1.0000 | 0.0035 1.0000 | 0.0034 1.0000 | Time: 39.9853 | VAL: 0.6408 0.8623 | 0.2374 1.0000 | 0.1915 0.9866 | Time: 2.4434 | TEST: 0.6556 0.8325 | 0.3367 0.9426 | 0.2839 0.9611 | Time: 2.8924
Epoch: 0059 | TRAIN: 0.0083 1.0000 | 0.0033 1.0000 | 0.0034 1.0000 | Time: 40.0293 | VAL: 0.6395 0.8641 | 0.2333 1.0000 | 0.1858 0.9866 | Time: 2.4243 | TEST: 0.6537 0.8325 | 0.3316 0.9426 | 0.2818 0.9611 | Time: 2.8639
Epoch: 0060 | TRAIN: 0.0078 1.0000 | 0.0033 1.0000 | 0.0033 1.0000 | Time: 39.5145 | VAL: 0.6431 0.8678 | 0.2386 1.0000 | 0.1913 0.9866 | Time: 2.4162 | TEST: 0.6548 0.8308 | 0.3398 0.9426 | 0.2813 0.9667 | Time: 2.8936
Epoch: 0061 | TRAIN: 0.0071 1.0000 | 0.0032 1.0000 | 0.0033 1.0000 | Time: 39.3912 | VAL: 0.6334 0.8678 | 0.2358 1.0000 | 0.1864 0.9866 | Time: 2.3988 | TEST: 0.6469 0.8325 | 0.3294 0.9508 | 0.2768 0.9667 | Time: 2.8714
Epoch: 0062 | TRAIN: 0.0068 1.0000 | 0.0033 1.0000 | 0.0032 1.0000 | Time: 39.3742 | VAL: 0.6382 0.8678 | 0.2365 1.0000 | 0.1889 0.9866 | Time: 2.4435 | TEST: 0.6477 0.8342 | 0.3383 0.9508 | 0.2822 0.9667 | Time: 2.8986
Epoch: 0063 | TRAIN: 0.0062 1.0000 | 0.0031 1.0000 | 0.0029 1.0000 | Time: 39.4279 | VAL: 0.6248 0.8696 | 0.2371 1.0000 | 0.1862 0.9866 | Time: 2.3833 | TEST: 0.6393 0.8359 | 0.3358 0.9508 | 0.2786 0.9667 | Time: 2.8541
Epoch: 0064 | TRAIN: 0.0058 1.0000 | 0.0030 1.0000 | 0.0030 1.0000 | Time: 39.4075 | VAL: 0.6225 0.8659 | 0.2338 1.0000 | 0.1873 0.9866 | Time: 2.4174 | TEST: 0.6391 0.8376 | 0.3307 0.9508 | 0.2810 0.9667 | Time: 2.8767
Epoch: 0065 | TRAIN: 0.0059 1.0000 | 0.0032 1.0000 | 0.0028 1.0000 | Time: 39.3747 | VAL: 0.6228 0.8659 | 0.2305 1.0000 | 0.1877 0.9866 | Time: 2.3888 | TEST: 0.6418 0.8359 | 0.3305 0.9508 | 0.2804 0.9667 | Time: 2.8459
Epoch: 0066 | TRAIN: 0.0055 1.0000 | 0.0028 1.0000 | 0.0029 1.0000 | Time: 39.3167 | VAL: 0.6235 0.8696 | 0.2302 1.0000 | 0.1844 0.9866 | Time: 2.4190 | TEST: 0.6443 0.8291 | 0.3301 0.9508 | 0.2780 0.9667 | Time: 2.8922
Epoch: 0067 | TRAIN: 0.0051 1.0000 | 0.0029 1.0000 | 0.0028 1.0000 | Time: 39.3137 | VAL: 0.6222 0.8659 | 0.2322 1.0000 | 0.1825 0.9866 | Time: 2.4153 | TEST: 0.6398 0.8359 | 0.3332 0.9508 | 0.2769 0.9667 | Time: 2.8578
Epoch: 0068 | TRAIN: 0.0052 1.0000 | 0.0027 1.0000 | 0.0025 1.0000 | Time: 39.2998 | VAL: 0.6207 0.8659 | 0.2301 1.0000 | 0.1896 0.9866 | Time: 2.3388 | TEST: 0.6371 0.8359 | 0.3349 0.9508 | 0.2810 0.9667 | Time: 2.8323
Epoch: 0069 | TRAIN: 0.0052 1.0000 | 0.0027 1.0000 | 0.0025 1.0000 | Time: 39.2004 | VAL: 0.6145 0.8696 | 0.2312 1.0000 | 0.1816 0.9866 | Time: 2.4125 | TEST: 0.6309 0.8393 | 0.3350 0.9508 | 0.2735 0.9667 | Time: 2.8732
Epoch: 0070 | TRAIN: 0.0047 1.0000 | 0.0026 1.0000 | 0.0026 1.0000 | Time: 39.3759 | VAL: 0.6164 0.8659 | 0.2293 1.0000 | 0.1883 0.9866 | Time: 2.4151 | TEST: 0.6338 0.8393 | 0.3337 0.9508 | 0.2846 0.9667 | Time: 2.8606
Epoch: 0071 | TRAIN: 0.0045 1.0000 | 0.0026 1.0000 | 0.0025 1.0000 | Time: 39.3906 | VAL: 0.6142 0.8641 | 0.2270 1.0000 | 0.1837 0.9866 | Time: 2.3890 | TEST: 0.6269 0.8342 | 0.3323 0.9426 | 0.2778 0.9667 | Time: 2.8546
Epoch: 0072 | TRAIN: 0.0041 1.0000 | 0.0025 1.0000 | 0.0025 1.0000 | Time: 39.3207 | VAL: 0.6133 0.8641 | 0.2329 1.0000 | 0.1821 0.9866 | Time: 2.4001 | TEST: 0.6299 0.8376 | 0.3335 0.9508 | 0.2768 0.9611 | Time: 2.8360
Epoch: 0073 | TRAIN: 0.0040 1.0000 | 0.0026 1.0000 | 0.0024 1.0000 | Time: 39.3882 | VAL: 0.6122 0.8623 | 0.2312 1.0000 | 0.1841 0.9866 | Time: 2.3966 | TEST: 0.6302 0.8359 | 0.3349 0.9508 | 0.2763 0.9667 | Time: 2.8498
Epoch: 0074 | TRAIN: 0.0040 1.0000 | 0.0023 1.0000 | 0.0022 1.0000 | Time: 39.3633 | VAL: 0.6103 0.8659 | 0.2360 1.0000 | 0.1853 0.9866 | Time: 2.3547 | TEST: 0.6307 0.8376 | 0.3328 0.9508 | 0.2715 0.9611 | Time: 2.8516
Epoch: 0075 | TRAIN: 0.0038 1.0000 | 0.0024 1.0000 | 0.0022 1.0000 | Time: 39.2000 | VAL: 0.6076 0.8659 | 0.2300 1.0000 | 0.1799 0.9866 | Time: 2.4136 | TEST: 0.6233 0.8427 | 0.3278 0.9590 | 0.2704 0.9667 | Time: 2.8611
Epoch: 0076 | TRAIN: 0.0037 1.0000 | 0.0023 1.0000 | 0.0022 1.0000 | Time: 39.3847 | VAL: 0.6107 0.8641 | 0.2327 1.0000 | 0.1836 0.9866 | Time: 2.4065 | TEST: 0.6301 0.8410 | 0.3359 0.9508 | 0.2720 0.9667 | Time: 2.8606
Epoch: 0077 | TRAIN: 0.0037 1.0000 | 0.0023 1.0000 | 0.0021 1.0000 | Time: 39.3731 | VAL: 0.6135 0.8623 | 0.2267 1.0000 | 0.1829 0.9866 | Time: 2.4283 | TEST: 0.6298 0.8376 | 0.3333 0.9508 | 0.2731 0.9556 | Time: 2.8947
Epoch: 0078 | TRAIN: 0.0031 1.0000 | 0.0022 1.0000 | 0.0020 1.0000 | Time: 39.3344 | VAL: 0.6057 0.8696 | 0.2253 1.0000 | 0.1849 0.9866 | Time: 2.4173 | TEST: 0.6240 0.8376 | 0.3289 0.9508 | 0.2749 0.9667 | Time: 2.8793
Epoch: 0079 | TRAIN: 0.0033 1.0000 | 0.0021 1.0000 | 0.0020 1.0000 | Time: 39.3727 | VAL: 0.6041 0.8678 | 0.2293 1.0000 | 0.1791 0.9866 | Time: 2.4082 | TEST: 0.6202 0.8427 | 0.3323 0.9508 | 0.2749 0.9722 | Time: 2.8725
Epoch: 0080 | TRAIN: 0.0031 1.0000 | 0.0020 1.0000 | 0.0019 1.0000 | Time: 39.3673 | VAL: 0.6013 0.8641 | 0.2213 1.0000 | 0.1767 0.9866 | Time: 2.3805 | TEST: 0.6174 0.8410 | 0.3248 0.9508 | 0.2673 0.9667 | Time: 2.8485
Epoch: 0081 | TRAIN: 0.0035 1.0000 | 0.0021 1.0000 | 0.0019 1.0000 | Time: 39.5932 | VAL: 0.6054 0.8623 | 0.2224 1.0000 | 0.1737 0.9866 | Time: 2.4130 | TEST: 0.6244 0.8376 | 0.3267 0.9508 | 0.2679 0.9667 | Time: 2.8613
Epoch: 0082 | TRAIN: 0.0028 1.0000 | 0.0019 1.0000 | 0.0019 1.0000 | Time: 39.4333 | VAL: 0.6068 0.8587 | 0.2166 1.0000 | 0.1736 0.9866 | Time: 2.4177 | TEST: 0.6220 0.8410 | 0.3206 0.9508 | 0.2630 0.9667 | Time: 2.8690
Epoch: 0083 | TRAIN: 0.0033 1.0000 | 0.0019 1.0000 | 0.0019 1.0000 | Time: 39.4285 | VAL: 0.5998 0.8587 | 0.2204 1.0000 | 0.1711 0.9866 | Time: 2.3503 | TEST: 0.6164 0.8376 | 0.3185 0.9508 | 0.2622 0.9722 | Time: 2.7992
Epoch: 0084 | TRAIN: 0.0029 1.0000 | 0.0019 1.0000 | 0.0018 1.0000 | Time: 39.5451 | VAL: 0.5993 0.8623 | 0.2246 1.0000 | 0.1687 0.9866 | Time: 2.4200 | TEST: 0.6167 0.8427 | 0.3193 0.9508 | 0.2619 0.9722 | Time: 2.8769
Epoch: 0085 | TRAIN: 0.0028 1.0000 | 0.0018 1.0000 | 0.0018 1.0000 | Time: 39.4738 | VAL: 0.5989 0.8696 | 0.2224 1.0000 | 0.1740 0.9866 | Time: 2.4223 | TEST: 0.6151 0.8410 | 0.3198 0.9508 | 0.2648 0.9667 | Time: 2.8895
Epoch: 0086 | TRAIN: 0.0027 1.0000 | 0.0019 1.0000 | 0.0018 1.0000 | Time: 39.5536 | VAL: 0.6003 0.8605 | 0.2145 1.0000 | 0.1719 0.9866 | Time: 2.3811 | TEST: 0.6097 0.8410 | 0.3119 0.9508 | 0.2614 0.9667 | Time: 2.8314
Epoch: 0087 | TRAIN: 0.0026 1.0000 | 0.0018 1.0000 | 0.0017 1.0000 | Time: 39.4463 | VAL: 0.6058 0.8623 | 0.2215 1.0000 | 0.1712 0.9866 | Time: 2.3711 | TEST: 0.6171 0.8376 | 0.3143 0.9508 | 0.2639 0.9667 | Time: 2.8171
Epoch: 0088 | TRAIN: 0.0025 1.0000 | 0.0018 1.0000 | 0.0016 1.0000 | Time: 39.4566 | VAL: 0.6056 0.8678 | 0.2250 1.0000 | 0.1749 0.9866 | Time: 2.4164 | TEST: 0.6217 0.8342 | 0.3197 0.9426 | 0.2667 0.9611 | Time: 2.8617
Epoch: 0089 | TRAIN: 0.0026 1.0000 | 0.0016 1.0000 | 0.0016 1.0000 | Time: 39.2764 | VAL: 0.6001 0.8678 | 0.2212 1.0000 | 0.1685 0.9866 | Time: 2.4166 | TEST: 0.6160 0.8393 | 0.3204 0.9426 | 0.2602 0.9667 | Time: 2.8715
Epoch: 0090 | TRAIN: 0.0025 1.0000 | 0.0016 1.0000 | 0.0017 1.0000 | Time: 39.3290 | VAL: 0.6070 0.8659 | 0.2181 1.0000 | 0.1753 0.9866 | Time: 2.3423 | TEST: 0.6182 0.8376 | 0.3234 0.9426 | 0.2657 0.9667 | Time: 2.8482
Epoch: 0091 | TRAIN: 0.0023 1.0000 | 0.0017 1.0000 | 0.0015 1.0000 | Time: 39.2900 | VAL: 0.6051 0.8623 | 0.2182 1.0000 | 0.1701 0.9866 | Time: 2.3959 | TEST: 0.6186 0.8376 | 0.3210 0.9508 | 0.2577 0.9667 | Time: 2.8554
Epoch: 0092 | TRAIN: 0.0023 1.0000 | 0.0016 1.0000 | 0.0015 1.0000 | Time: 39.5793 | VAL: 0.6050 0.8587 | 0.2153 1.0000 | 0.1701 0.9866 | Time: 2.4146 | TEST: 0.6144 0.8376 | 0.3216 0.9508 | 0.2665 0.9667 | Time: 2.8625
Epoch: 0093 | TRAIN: 0.0024 1.0000 | 0.0015 1.0000 | 0.0015 1.0000 | Time: 39.6387 | VAL: 0.6095 0.8605 | 0.2126 1.0000 | 0.1729 0.9866 | Time: 2.4476 | TEST: 0.6141 0.8427 | 0.3174 0.9508 | 0.2645 0.9667 | Time: 2.9018
Epoch: 0094 | TRAIN: 0.0020 1.0000 | 0.0015 1.0000 | 0.0015 1.0000 | Time: 39.8212 | VAL: 0.6014 0.8678 | 0.2115 1.0000 | 0.1647 0.9866 | Time: 2.4483 | TEST: 0.6175 0.8462 | 0.3079 0.9508 | 0.2622 0.9667 | Time: 2.9102
Epoch: 0095 | TRAIN: 0.0020 1.0000 | 0.0014 1.0000 | 0.0014 1.0000 | Time: 39.8010 | VAL: 0.6002 0.8678 | 0.2137 1.0000 | 0.1646 0.9866 | Time: 2.3721 | TEST: 0.6152 0.8410 | 0.3173 0.9508 | 0.2594 0.9667 | Time: 2.8366
Epoch: 0096 | TRAIN: 0.0021 1.0000 | 0.0014 1.0000 | 0.0014 1.0000 | Time: 39.7799 | VAL: 0.6036 0.8659 | 0.2156 1.0000 | 0.1678 0.9866 | Time: 2.3672 | TEST: 0.6156 0.8444 | 0.3163 0.9508 | 0.2607 0.9667 | Time: 2.8184
Epoch: 0097 | TRAIN: 0.0020 1.0000 | 0.0013 1.0000 | 0.0015 1.0000 | Time: 39.7378 | VAL: 0.6001 0.8641 | 0.2127 1.0000 | 0.1683 0.9866 | Time: 2.4018 | TEST: 0.6108 0.8410 | 0.3170 0.9508 | 0.2592 0.9667 | Time: 2.8484
Epoch: 0098 | TRAIN: 0.0020 1.0000 | 0.0014 1.0000 | 0.0013 1.0000 | Time: 39.7160 | VAL: 0.6064 0.8605 | 0.2139 1.0000 | 0.1687 0.9866 | Time: 2.3828 | TEST: 0.6161 0.8393 | 0.3148 0.9508 | 0.2557 0.9667 | Time: 2.8681
Epoch: 0099 | TRAIN: 0.0020 1.0000 | 0.0015 1.0000 | 0.0014 1.0000 | Time: 39.6918 | VAL: 0.6043 0.8605 | 0.2153 1.0000 | 0.1691 0.9866 | Time: 2.4136 | TEST: 0.6177 0.8427 | 0.3135 0.9508 | 0.2564 0.9667 | Time: 2.8638
========================================
Best Result: Epoch 55, result {'amazon': [0.8307692307692308], 'dslr': [0.9508196721311475], 'webcam': [0.9666666666666667]}
========================================
