========================================
General Configuration:
	Wighting: MoCo
	Architecture: HPS
	Rep_Grad: False
	Multi_Input: True
	Seed: 0
	Device: cuda:0
MoCo Configuration:
	weighting: MoCo
	beta_moco: 1.0
	gamma_moco: 0.01
	rho_moco: 0.01
	moco_gn: none
Optimizer Configuration:
	optim: adam
	lr: 0.01
	weight_decay: 1e-05
========================================
Total Params: 11487901
Trainable Params: 11487901
Non-trainable Params: 0
========================================
LOG FORMAT | amazon_LOSS Acc | dslr_LOSS Acc | webcam_LOSS Acc | TIME
Epoch: 0000 | TRAIN: 3.7724 0.0421 | 3.4701 0.0859 | 3.7246 0.0637 | Time: 40.3441 | VAL: 6.6224 0.0399 | 4.3221 0.0787 | 3.8859 0.1074 | Time: 2.4165 | TEST: 5.9873 0.0342 | 3.9092 0.0738 | 3.5956 0.1167 | Time: 2.8914
Epoch: 0001 | TRAIN: 3.7339 0.0487 | 3.1854 0.1022 | 3.2709 0.1226 | Time: 39.7713 | VAL: 15.7533 0.0308 | 4.7921 0.0674 | 4.1709 0.1007 | Time: 2.4082 | TEST: 12.7031 0.0325 | 3.6282 0.0820 | 4.0130 0.1111 | Time: 2.8902
Epoch: 0002 | TRAIN: 3.6554 0.0709 | 2.8539 0.1659 | 2.8215 0.1899 | Time: 40.0168 | VAL: 4.0495 0.0489 | 4.1185 0.0562 | 3.3982 0.0872 | Time: 2.4594 | TEST: 4.4292 0.0274 | 3.8503 0.0738 | 3.3672 0.0833 | Time: 2.9009
Epoch: 0003 | TRAIN: 3.5445 0.1160 | 2.4024 0.2776 | 2.3294 0.2746 | Time: 40.2087 | VAL: 4.3004 0.0399 | 4.3623 0.1124 | 2.7628 0.2081 | Time: 2.4005 | TEST: 5.0026 0.0393 | 3.9155 0.1475 | 2.6480 0.2056 | Time: 2.8645
Epoch: 0004 | TRAIN: 3.2336 0.1677 | 1.8938 0.3894 | 1.9142 0.4020 | Time: 40.0273 | VAL: 4.0180 0.0833 | 4.9570 0.1461 | 2.1070 0.3490 | Time: 2.4528 | TEST: 4.3394 0.0632 | 4.2441 0.2049 | 2.1266 0.3889 | Time: 2.9068
Epoch: 0005 | TRAIN: 2.9877 0.1971 | 1.4176 0.5264 | 1.5573 0.4838 | Time: 40.1067 | VAL: 4.1756 0.1123 | 6.4514 0.1124 | 1.8529 0.4362 | Time: 2.4368 | TEST: 4.3188 0.1077 | 5.5952 0.2131 | 1.8466 0.4167 | Time: 2.8556
Epoch: 0006 | TRAIN: 2.8576 0.2061 | 0.9483 0.6713 | 1.1250 0.6238 | Time: 40.2037 | VAL: 4.2978 0.1014 | 6.1597 0.2360 | 1.8454 0.4497 | Time: 2.4635 | TEST: 4.3897 0.0974 | 5.3139 0.2951 | 1.8640 0.4722 | Time: 2.9079
Epoch: 0007 | TRAIN: 2.6841 0.2825 | 0.6243 0.7927 | 0.8394 0.7224 | Time: 39.9534 | VAL: 3.7350 0.1739 | 6.2874 0.1461 | 1.0571 0.6711 | Time: 2.4309 | TEST: 3.9025 0.1709 | 5.7957 0.2295 | 1.3275 0.6611 | Time: 2.8565
Epoch: 0008 | TRAIN: 2.5151 0.2963 | 0.4324 0.8750 | 0.6368 0.8071 | Time: 39.8839 | VAL: 3.9685 0.1775 | 6.1206 0.2022 | 1.4754 0.5839 | Time: 2.4230 | TEST: 4.0393 0.1675 | 5.5339 0.2869 | 1.8737 0.5111 | Time: 2.8798
Epoch: 0009 | TRAIN: 2.3118 0.3504 | 0.2948 0.9123 | 0.4069 0.8714 | Time: 39.9959 | VAL: 4.1921 0.2428 | 5.5471 0.2360 | 1.1193 0.6846 | Time: 2.4378 | TEST: 4.1953 0.2154 | 5.0074 0.2787 | 1.4109 0.5889 | Time: 2.8833
Epoch: 0010 | TRAIN: 2.1326 0.3912 | 0.2313 0.9357 | 0.3286 0.9069 | Time: 40.0369 | VAL: 4.5397 0.1920 | 6.5501 0.2472 | 0.9238 0.7450 | Time: 2.4342 | TEST: 4.5734 0.1812 | 5.9513 0.2295 | 1.0876 0.6611 | Time: 2.8651
Epoch: 0011 | TRAIN: 2.0438 0.4177 | 0.1620 0.9561 | 0.2560 0.9123 | Time: 39.9605 | VAL: 4.0895 0.2065 | 4.8727 0.3596 | 0.7626 0.7785 | Time: 2.4159 | TEST: 4.3477 0.1949 | 4.4003 0.3934 | 1.0295 0.7222 | Time: 2.8661
Epoch: 0012 | TRAIN: 1.8619 0.4585 | 0.1182 0.9688 | 0.1686 0.9489 | Time: 40.2400 | VAL: 4.7904 0.2210 | 5.0438 0.3933 | 0.9241 0.7584 | Time: 2.4335 | TEST: 4.7450 0.1915 | 4.7890 0.3852 | 1.3259 0.6778 | Time: 2.9570
Epoch: 0013 | TRAIN: 1.7611 0.4784 | 0.1086 0.9748 | 0.1661 0.9513 | Time: 40.2644 | VAL: 3.7875 0.2428 | 5.6380 0.2697 | 0.8668 0.7383 | Time: 2.4484 | TEST: 3.7845 0.2274 | 5.2962 0.2869 | 1.1542 0.6889 | Time: 2.8857
Epoch: 0014 | TRAIN: 1.6307 0.5276 | 0.1052 0.9724 | 0.1254 0.9645 | Time: 40.1114 | VAL: 4.7357 0.2101 | 5.1471 0.2809 | 0.9384 0.7651 | Time: 2.4705 | TEST: 4.7855 0.2034 | 5.2198 0.2623 | 1.1804 0.7056 | Time: 2.8815
Epoch: 0015 | TRAIN: 1.5717 0.5355 | 0.0497 0.9916 | 0.0878 0.9784 | Time: 39.8909 | VAL: 6.0034 0.1793 | 5.5942 0.4045 | 1.0777 0.7248 | Time: 2.4140 | TEST: 6.1144 0.1692 | 5.2649 0.3770 | 1.4919 0.6222 | Time: 2.8485
Epoch: 0016 | TRAIN: 1.4417 0.5775 | 0.0602 0.9832 | 0.1113 0.9681 | Time: 40.0231 | VAL: 5.5569 0.1721 | 7.7362 0.2135 | 1.3841 0.6913 | Time: 2.4317 | TEST: 5.7189 0.1453 | 7.1474 0.2459 | 1.6628 0.6111 | Time: 2.8834
Epoch: 0017 | TRAIN: 1.4037 0.5938 | 0.0569 0.9832 | 0.0804 0.9808 | Time: 40.0398 | VAL: 6.2718 0.1975 | 5.1670 0.3933 | 0.8852 0.8188 | Time: 2.4447 | TEST: 6.3899 0.1983 | 4.9819 0.3525 | 1.0431 0.7889 | Time: 2.9201
Epoch: 0018 | TRAIN: 1.2233 0.6226 | 0.0418 0.9910 | 0.0577 0.9862 | Time: 40.1120 | VAL: 5.0378 0.2645 | 4.7423 0.3708 | 0.6207 0.8322 | Time: 2.4348 | TEST: 4.9964 0.2752 | 4.8039 0.3115 | 0.7990 0.7833 | Time: 2.9765
Epoch: 0019 | TRAIN: 1.1399 0.6562 | 0.0217 0.9952 | 0.0359 0.9922 | Time: 40.2007 | VAL: 5.3604 0.2572 | 4.2217 0.3371 | 0.8164 0.8121 | Time: 2.4491 | TEST: 5.4541 0.2444 | 4.3450 0.3689 | 1.0638 0.7389 | Time: 2.9133
Epoch: 0020 | TRAIN: 0.9897 0.6929 | 0.0123 0.9982 | 0.0265 0.9952 | Time: 40.1141 | VAL: 5.3811 0.2464 | 4.3187 0.4270 | 0.8828 0.7987 | Time: 2.4441 | TEST: 5.3131 0.2581 | 4.2957 0.4180 | 1.0847 0.7389 | Time: 2.8892
Epoch: 0021 | TRAIN: 0.9208 0.7188 | 0.0191 0.9958 | 0.0381 0.9904 | Time: 40.0716 | VAL: 5.5773 0.2645 | 4.4712 0.4607 | 0.6702 0.8591 | Time: 2.4541 | TEST: 5.3570 0.2786 | 4.2352 0.4508 | 0.9226 0.7833 | Time: 2.9156
Epoch: 0022 | TRAIN: 0.9066 0.7139 | 0.0155 0.9964 | 0.0343 0.9904 | Time: 40.1289 | VAL: 6.2434 0.2373 | 4.5128 0.4607 | 0.8901 0.7987 | Time: 2.4215 | TEST: 6.0438 0.2359 | 4.4420 0.4344 | 1.1442 0.7556 | Time: 2.8823
Epoch: 0023 | TRAIN: 0.9334 0.7055 | 0.0185 0.9958 | 0.0355 0.9886 | Time: 40.0220 | VAL: 6.2690 0.1612 | 4.0805 0.4157 | 0.8137 0.7987 | Time: 2.4306 | TEST: 6.4791 0.1863 | 4.1275 0.4344 | 1.0169 0.7611 | Time: 2.8793
Epoch: 0024 | TRAIN: 0.9534 0.7067 | 0.0202 0.9952 | 0.0334 0.9910 | Time: 39.9324 | VAL: 6.4755 0.1812 | 6.0157 0.3708 | 0.8858 0.8054 | Time: 2.4361 | TEST: 6.4306 0.1863 | 5.8323 0.4016 | 1.2109 0.7056 | Time: 2.9021
Epoch: 0025 | TRAIN: 1.0843 0.6659 | 0.0396 0.9892 | 0.0423 0.9892 | Time: 39.9310 | VAL: 9.8846 0.1467 | 5.0964 0.3933 | 2.0607 0.6242 | Time: 2.4190 | TEST: 10.1101 0.1419 | 5.0813 0.4426 | 2.5798 0.5500 | Time: 2.8644
Epoch: 0026 | TRAIN: 1.3274 0.6058 | 0.0810 0.9772 | 0.1074 0.9657 | Time: 39.9762 | VAL: 4.7643 0.2790 | 4.1352 0.5169 | 1.2037 0.7450 | Time: 2.4170 | TEST: 4.6711 0.2803 | 4.0913 0.4836 | 1.4263 0.6833 | Time: 2.8739
Epoch: 0027 | TRAIN: 1.7353 0.5138 | 0.1404 0.9537 | 0.1491 0.9483 | Time: 39.9911 | VAL: 4.7692 0.2301 | 4.9921 0.3483 | 1.3134 0.7181 | Time: 2.4639 | TEST: 4.8629 0.2154 | 5.1634 0.3361 | 1.4388 0.6889 | Time: 2.9107
Epoch: 0028 | TRAIN: 1.7869 0.4892 | 0.1003 0.9718 | 0.1553 0.9531 | Time: 39.7820 | VAL: 9.5173 0.0906 | 8.7908 0.2584 | 1.6711 0.6913 | Time: 2.4217 | TEST: 9.6731 0.0786 | 8.7366 0.2213 | 2.1830 0.6222 | Time: 2.8634
Epoch: 0029 | TRAIN: 1.6742 0.5216 | 0.0335 0.9946 | 0.0571 0.9844 | Time: 39.7862 | VAL: 5.5816 0.2174 | 5.8524 0.3258 | 0.5906 0.8456 | Time: 2.4278 | TEST: 5.5543 0.2171 | 5.4493 0.4098 | 0.8238 0.8056 | Time: 2.8580
Epoch: 0030 | TRAIN: 1.2858 0.6238 | 0.0104 0.9988 | 0.0139 0.9982 | Time: 40.0712 | VAL: 5.2897 0.2591 | 4.7843 0.4157 | 0.7990 0.8188 | Time: 2.4430 | TEST: 5.2357 0.2803 | 4.6762 0.4426 | 1.0449 0.8056 | Time: 2.8963
Epoch: 0031 | TRAIN: 1.0844 0.6653 | 0.0039 0.9994 | 0.0124 0.9964 | Time: 39.9172 | VAL: 5.9925 0.2554 | 3.4939 0.4719 | 0.6497 0.8523 | Time: 2.4470 | TEST: 5.9760 0.2547 | 3.5939 0.4754 | 0.9772 0.7889 | Time: 2.8822
Epoch: 0032 | TRAIN: 0.9779 0.6863 | 0.0031 1.0000 | 0.0110 0.9970 | Time: 39.9416 | VAL: 5.7516 0.2572 | 3.4003 0.4719 | 0.5372 0.8725 | Time: 2.4452 | TEST: 5.6379 0.2650 | 3.5147 0.4426 | 0.9406 0.8111 | Time: 2.8969
Epoch: 0033 | TRAIN: 0.8586 0.7248 | 0.0021 1.0000 | 0.0082 0.9982 | Time: 39.8208 | VAL: 6.4781 0.2446 | 3.8697 0.4494 | 0.5903 0.8725 | Time: 2.4317 | TEST: 6.5827 0.2462 | 4.1614 0.4426 | 0.8829 0.8056 | Time: 2.9332
Epoch: 0034 | TRAIN: 0.7686 0.7512 | 0.0021 1.0000 | 0.0085 0.9982 | Time: 40.1230 | VAL: 7.0114 0.2409 | 4.0530 0.4157 | 0.6816 0.8255 | Time: 2.4521 | TEST: 7.0507 0.2393 | 4.0517 0.4590 | 0.9584 0.8111 | Time: 2.9025
Epoch: 0035 | TRAIN: 0.7730 0.7536 | 0.0041 0.9994 | 0.0070 0.9982 | Time: 40.1475 | VAL: 6.5764 0.2627 | 4.0911 0.4045 | 0.5424 0.8658 | Time: 2.4655 | TEST: 6.4445 0.2615 | 4.2906 0.4508 | 0.8910 0.7944 | Time: 2.9197
Epoch: 0036 | TRAIN: 0.7905 0.7404 | 0.0022 1.0000 | 0.0061 0.9982 | Time: 40.0509 | VAL: 6.6858 0.2500 | 3.2220 0.4719 | 0.6258 0.8389 | Time: 2.4242 | TEST: 6.6949 0.2513 | 3.5748 0.5000 | 1.1525 0.7722 | Time: 2.9032
Epoch: 0037 | TRAIN: 0.7221 0.7524 | 0.0021 1.0000 | 0.0028 0.9994 | Time: 39.9432 | VAL: 7.1343 0.2609 | 3.7733 0.4494 | 0.6263 0.8792 | Time: 2.4243 | TEST: 7.1621 0.2444 | 3.9307 0.4426 | 1.0550 0.7833 | Time: 2.8722
Epoch: 0038 | TRAIN: 0.6219 0.7891 | 0.0010 1.0000 | 0.0039 0.9994 | Time: 40.0219 | VAL: 8.2985 0.2446 | 3.6455 0.4944 | 0.5188 0.8725 | Time: 2.4490 | TEST: 8.3519 0.2085 | 3.7612 0.4836 | 0.9248 0.8333 | Time: 2.9097
Epoch: 0039 | TRAIN: 0.5751 0.8143 | 0.0006 1.0000 | 0.0017 1.0000 | Time: 39.9861 | VAL: 9.3074 0.2065 | 3.8361 0.4944 | 0.7235 0.8456 | Time: 2.4463 | TEST: 9.5325 0.1983 | 4.0165 0.4918 | 1.0599 0.7833 | Time: 2.9364
Epoch: 0040 | TRAIN: 0.5230 0.8281 | 0.0005 1.0000 | 0.0016 1.0000 | Time: 40.1986 | VAL: 9.6906 0.2083 | 3.6545 0.5393 | 0.5339 0.8725 | Time: 2.4699 | TEST: 9.9217 0.1744 | 3.9949 0.4836 | 0.9933 0.8056 | Time: 2.9121
Epoch: 0041 | TRAIN: 0.5964 0.8089 | 0.0027 1.0000 | 0.0113 0.9964 | Time: 39.8207 | VAL: 5.9861 0.2917 | 4.9275 0.4045 | 0.6905 0.8658 | Time: 2.4213 | TEST: 5.8316 0.2786 | 5.1440 0.4426 | 1.0487 0.7889 | Time: 2.8323
Epoch: 0042 | TRAIN: 1.7279 0.5817 | 0.1093 0.9627 | 0.1702 0.9537 | Time: 39.8600 | VAL: 11.2003 0.1341 | 7.1500 0.2360 | 2.3532 0.6376 | Time: 2.4341 | TEST: 10.8321 0.1556 | 6.7246 0.2869 | 3.2823 0.5444 | Time: 2.8915
Epoch: 0043 | TRAIN: 2.6160 0.3798 | 0.2211 0.9345 | 0.3720 0.8852 | Time: 39.8908 | VAL: 4.5222 0.2373 | 7.0459 0.2247 | 1.2820 0.7248 | Time: 2.4917 | TEST: 4.6410 0.2615 | 6.2444 0.2869 | 1.5426 0.6833 | Time: 2.8578
Epoch: 0044 | TRAIN: 2.3459 0.3960 | 0.0801 0.9772 | 0.1561 0.9495 | Time: 39.8499 | VAL: 6.3555 0.2138 | 4.8230 0.3146 | 1.1455 0.7315 | Time: 2.4223 | TEST: 6.4299 0.2000 | 3.9308 0.4180 | 1.6177 0.6722 | Time: 2.8592
Epoch: 0045 | TRAIN: 1.9084 0.4904 | 0.0248 0.9946 | 0.0517 0.9850 | Time: 39.7026 | VAL: 4.8213 0.2391 | 3.9215 0.4382 | 0.8255 0.8188 | Time: 2.3923 | TEST: 4.7778 0.2496 | 3.9386 0.5246 | 1.2399 0.7667 | Time: 2.9127
Epoch: 0046 | TRAIN: 1.6873 0.5306 | 0.0166 0.9958 | 0.0321 0.9916 | Time: 39.8073 | VAL: 4.3331 0.3043 | 4.1235 0.3708 | 0.6427 0.8591 | Time: 2.4238 | TEST: 4.2173 0.2838 | 4.0404 0.4426 | 1.0541 0.7889 | Time: 2.8595
Epoch: 0047 | TRAIN: 1.4862 0.5553 | 0.0069 0.9988 | 0.0110 0.9982 | Time: 39.7070 | VAL: 5.9902 0.2355 | 3.8630 0.4831 | 0.4593 0.8926 | Time: 2.4181 | TEST: 5.9757 0.2308 | 3.9523 0.4918 | 0.9120 0.8111 | Time: 2.8922
Epoch: 0048 | TRAIN: 1.2055 0.6334 | 0.0021 1.0000 | 0.0049 0.9994 | Time: 39.7669 | VAL: 5.8099 0.2609 | 3.5407 0.4494 | 0.5526 0.8792 | Time: 2.4197 | TEST: 5.6691 0.2513 | 3.3511 0.5000 | 0.9741 0.8056 | Time: 2.8688
Epoch: 0049 | TRAIN: 1.1471 0.6526 | 0.0023 1.0000 | 0.0062 0.9988 | Time: 39.9350 | VAL: 6.2082 0.2319 | 3.1338 0.4831 | 0.6247 0.8792 | Time: 2.4345 | TEST: 6.1911 0.2137 | 3.1630 0.5656 | 0.9987 0.7889 | Time: 2.8575
Epoch: 0050 | TRAIN: 1.0836 0.6617 | 0.0019 1.0000 | 0.0048 0.9982 | Time: 39.8385 | VAL: 5.8968 0.2681 | 4.3969 0.3820 | 0.5106 0.8792 | Time: 2.4491 | TEST: 5.6855 0.2564 | 4.3219 0.4590 | 0.9006 0.8056 | Time: 2.8566
Epoch: 0051 | TRAIN: 0.9725 0.6959 | 0.0008 1.0000 | 0.0040 0.9988 | Time: 39.7539 | VAL: 5.8162 0.2482 | 4.1594 0.3596 | 0.5803 0.8792 | Time: 2.4272 | TEST: 5.5909 0.2513 | 4.0676 0.4672 | 0.9638 0.8222 | Time: 2.8635
Epoch: 0052 | TRAIN: 0.9157 0.7007 | 0.0008 1.0000 | 0.0020 1.0000 | Time: 39.9463 | VAL: 5.4280 0.2717 | 3.3179 0.4944 | 0.5128 0.8792 | Time: 2.4251 | TEST: 5.2977 0.3043 | 3.4387 0.5328 | 0.8883 0.8111 | Time: 2.8877
Epoch: 0053 | TRAIN: 0.8842 0.7248 | 0.0012 1.0000 | 0.0021 1.0000 | Time: 39.9638 | VAL: 5.8443 0.2681 | 3.4530 0.4719 | 0.5039 0.8792 | Time: 2.4633 | TEST: 5.7123 0.2701 | 3.5741 0.5246 | 0.9529 0.7889 | Time: 2.8936
Epoch: 0054 | TRAIN: 0.7961 0.7464 | 0.0006 1.0000 | 0.0018 1.0000 | Time: 39.9905 | VAL: 5.5450 0.2971 | 3.6742 0.4157 | 0.4751 0.8859 | Time: 2.4550 | TEST: 5.4098 0.2872 | 3.6714 0.4918 | 0.9318 0.8167 | Time: 2.8753
Epoch: 0055 | TRAIN: 0.7550 0.7614 | 0.0005 1.0000 | 0.0022 0.9994 | Time: 40.0540 | VAL: 6.3393 0.2609 | 4.1484 0.4270 | 0.5671 0.8792 | Time: 2.4517 | TEST: 6.2346 0.2769 | 4.0964 0.4836 | 0.9970 0.8111 | Time: 2.9094
Epoch: 0056 | TRAIN: 0.9222 0.7212 | 0.0041 0.9994 | 0.0125 0.9964 | Time: 40.1705 | VAL: 7.5098 0.2101 | 4.8213 0.3708 | 0.7181 0.8322 | Time: 2.4673 | TEST: 7.4467 0.2000 | 4.2029 0.4590 | 1.0606 0.7667 | Time: 2.9259
Epoch: 0057 | TRAIN: 1.5493 0.5944 | 0.0270 0.9934 | 0.0564 0.9832 | Time: 40.4492 | VAL: 6.4104 0.2101 | 5.8276 0.3034 | 1.0199 0.8188 | Time: 2.4497 | TEST: 6.0925 0.2239 | 5.4141 0.4016 | 1.4656 0.7333 | Time: 2.9912
Epoch: 0058 | TRAIN: 2.4296 0.4117 | 0.1234 0.9621 | 0.1940 0.9393 | Time: 40.5279 | VAL: 7.4544 0.1649 | 8.0884 0.1685 | 2.3002 0.6242 | Time: 2.5429 | TEST: 7.2408 0.1932 | 7.5359 0.1967 | 2.6890 0.5778 | Time: 2.9935
Epoch: 0059 | TRAIN: 2.6156 0.3864 | 0.1045 0.9706 | 0.1813 0.9441 | Time: 40.7742 | VAL: 5.7321 0.2301 | 7.6833 0.2921 | 1.1255 0.7718 | Time: 2.4633 | TEST: 5.6327 0.2188 | 6.8715 0.4262 | 1.6183 0.7222 | Time: 2.9452
Epoch: 0060 | TRAIN: 2.2577 0.4273 | 0.0619 0.9790 | 0.1252 0.9651 | Time: 40.3469 | VAL: 5.4290 0.2264 | 4.6263 0.4270 | 0.6088 0.8389 | Time: 2.6254 | TEST: 5.1373 0.2359 | 4.4079 0.4672 | 1.1450 0.7556 | Time: 2.9565
Epoch: 0061 | TRAIN: 1.9387 0.4519 | 0.0265 0.9940 | 0.0609 0.9886 | Time: 40.6840 | VAL: 6.6137 0.2192 | 4.8090 0.4494 | 0.9171 0.8121 | Time: 2.4425 | TEST: 6.5194 0.2171 | 3.9458 0.4836 | 1.0819 0.8000 | Time: 3.2908
Epoch: 0062 | TRAIN: 1.6264 0.5180 | 0.0058 0.9988 | 0.0137 0.9970 | Time: 40.3457 | VAL: 4.7887 0.2844 | 4.3487 0.4719 | 0.6208 0.8725 | Time: 2.4782 | TEST: 4.4266 0.2735 | 3.9765 0.5246 | 0.8606 0.8222 | Time: 2.9279
Epoch: 0063 | TRAIN: 1.4245 0.5751 | 0.0026 1.0000 | 0.0062 0.9994 | Time: 40.2262 | VAL: 6.1978 0.2428 | 4.9548 0.3820 | 0.6156 0.8792 | Time: 2.4733 | TEST: 5.8997 0.2547 | 4.3348 0.4508 | 0.9017 0.8278 | Time: 2.9062
Epoch: 0064 | TRAIN: 1.2925 0.6004 | 0.0014 1.0000 | 0.0035 0.9988 | Time: 39.8881 | VAL: 5.5688 0.2862 | 4.2885 0.5169 | 0.5341 0.9060 | Time: 2.4469 | TEST: 5.2005 0.2752 | 3.8557 0.5164 | 0.8515 0.8278 | Time: 2.9130
Epoch: 0065 | TRAIN: 1.1431 0.6388 | 0.0010 1.0000 | 0.0042 0.9994 | Time: 39.8376 | VAL: 5.1515 0.2971 | 4.2608 0.4045 | 0.5724 0.8926 | Time: 2.4499 | TEST: 4.9416 0.3009 | 3.7205 0.4918 | 0.9608 0.8222 | Time: 2.9035
Epoch: 0066 | TRAIN: 1.0878 0.6581 | 0.0010 1.0000 | 0.0031 1.0000 | Time: 40.0475 | VAL: 5.6346 0.2699 | 3.9453 0.4831 | 0.5769 0.8859 | Time: 2.4920 | TEST: 5.2625 0.2889 | 3.5238 0.5492 | 0.7828 0.8167 | Time: 2.9031
Epoch: 0067 | TRAIN: 0.9855 0.6905 | 0.0007 1.0000 | 0.0016 1.0000 | Time: 39.9697 | VAL: 6.3228 0.2572 | 3.9316 0.4831 | 0.5729 0.8993 | Time: 2.4430 | TEST: 6.0872 0.2632 | 3.5422 0.5492 | 0.8532 0.8278 | Time: 2.9254
Epoch: 0068 | TRAIN: 0.9235 0.6983 | 0.0006 1.0000 | 0.0015 1.0000 | Time: 40.2726 | VAL: 5.8162 0.2989 | 4.0372 0.4607 | 0.5271 0.8993 | Time: 2.4539 | TEST: 5.5055 0.2923 | 3.6332 0.5246 | 0.7978 0.8278 | Time: 2.8958
Epoch: 0069 | TRAIN: 0.9260 0.7067 | 0.0005 1.0000 | 0.0017 1.0000 | Time: 40.3029 | VAL: 6.2860 0.2880 | 3.8590 0.5056 | 0.5413 0.8926 | Time: 2.4103 | TEST: 5.9415 0.2872 | 3.5374 0.5246 | 0.7990 0.8389 | Time: 2.8530
Epoch: 0070 | TRAIN: 0.8313 0.7260 | 0.0003 1.0000 | 0.0009 1.0000 | Time: 40.3168 | VAL: 6.5693 0.2826 | 3.5839 0.5169 | 0.5675 0.8859 | Time: 2.5119 | TEST: 6.2834 0.2752 | 3.3434 0.5656 | 0.8829 0.8167 | Time: 3.0847
Epoch: 0071 | TRAIN: 0.8064 0.7464 | 0.0003 1.0000 | 0.0012 1.0000 | Time: 40.1069 | VAL: 7.0286 0.2518 | 3.4660 0.5169 | 0.5177 0.9060 | Time: 2.5308 | TEST: 6.8584 0.2564 | 3.1895 0.5656 | 0.8727 0.8222 | Time: 2.9109
Epoch: 0072 | TRAIN: 0.7567 0.7578 | 0.0002 1.0000 | 0.0010 1.0000 | Time: 40.0309 | VAL: 6.7440 0.2953 | 3.7209 0.4944 | 0.5443 0.8926 | Time: 2.4425 | TEST: 6.4642 0.2821 | 3.3444 0.5656 | 0.8695 0.8167 | Time: 2.9033
Epoch: 0073 | TRAIN: 0.7108 0.7614 | 0.0003 1.0000 | 0.0014 0.9994 | Time: 40.7783 | VAL: 6.5576 0.2772 | 3.5353 0.5281 | 0.5182 0.9060 | Time: 2.4975 | TEST: 6.4237 0.2684 | 3.1691 0.5820 | 0.8259 0.8278 | Time: 3.0846
Epoch: 0074 | TRAIN: 0.9336 0.7079 | 0.0046 0.9976 | 0.0081 0.9982 | Time: 41.1103 | VAL: 6.9737 0.2808 | 5.4113 0.4494 | 0.8204 0.8322 | Time: 2.4359 | TEST: 6.5105 0.2786 | 4.6615 0.5000 | 1.0859 0.8111 | Time: 2.8694
Epoch: 0075 | TRAIN: 1.7450 0.5343 | 0.0418 0.9886 | 0.0654 0.9796 | Time: 40.2939 | VAL: 7.1945 0.1467 | 8.2865 0.2921 | 1.5004 0.7248 | Time: 2.4198 | TEST: 6.9157 0.1590 | 7.4337 0.3279 | 2.2401 0.6833 | Time: 2.8683
Epoch: 0076 | TRAIN: 2.5510 0.4050 | 0.0956 0.9688 | 0.1599 0.9501 | Time: 39.9933 | VAL: 11.8483 0.0815 | 5.4546 0.3933 | 2.6642 0.5772 | Time: 2.4455 | TEST: 12.1162 0.0684 | 5.1290 0.4180 | 3.4943 0.5111 | Time: 2.8862
Epoch: 0077 | TRAIN: 2.6404 0.3690 | 0.1018 0.9700 | 0.1749 0.9459 | Time: 40.0699 | VAL: 8.7826 0.1739 | 4.9290 0.3708 | 1.1153 0.8188 | Time: 2.4659 | TEST: 8.7089 0.1709 | 4.8844 0.4426 | 1.5505 0.7278 | Time: 2.9009
Epoch: 0078 | TRAIN: 2.5506 0.3822 | 0.0593 0.9814 | 0.1279 0.9627 | Time: 39.9374 | VAL: 7.5909 0.1703 | 6.6181 0.3034 | 0.9617 0.8255 | Time: 2.4501 | TEST: 7.3229 0.1692 | 5.9712 0.3443 | 1.5101 0.7667 | Time: 2.8844
Epoch: 0079 | TRAIN: 2.1401 0.4459 | 0.0407 0.9892 | 0.0726 0.9790 | Time: 39.9087 | VAL: 4.7971 0.2500 | 4.6732 0.3820 | 0.6950 0.8456 | Time: 2.4209 | TEST: 4.6457 0.2581 | 4.3204 0.3934 | 1.2994 0.7667 | Time: 2.8806
Epoch: 0080 | TRAIN: 1.9707 0.4706 | 0.0172 0.9928 | 0.0274 0.9886 | Time: 39.7243 | VAL: 5.8432 0.2337 | 3.6981 0.4270 | 0.7268 0.8389 | Time: 2.4409 | TEST: 5.4427 0.2325 | 3.9763 0.5000 | 1.0676 0.8444 | Time: 2.8772
Epoch: 0081 | TRAIN: 1.7097 0.5078 | 0.0128 0.9982 | 0.0193 0.9946 | Time: 39.9042 | VAL: 5.2661 0.2174 | 4.7502 0.3596 | 0.7212 0.8322 | Time: 2.4159 | TEST: 5.1373 0.2154 | 4.5985 0.4508 | 1.2094 0.7500 | Time: 2.8959
Epoch: 0082 | TRAIN: 1.6502 0.5252 | 0.0142 0.9946 | 0.0187 0.9928 | Time: 39.9547 | VAL: 4.4573 0.2971 | 4.5647 0.3258 | 1.0431 0.7785 | Time: 2.4657 | TEST: 4.1046 0.3026 | 4.5682 0.3443 | 1.6983 0.7333 | Time: 2.9125
Epoch: 0083 | TRAIN: 1.7244 0.5060 | 0.0121 0.9970 | 0.0375 0.9892 | Time: 39.9042 | VAL: 4.4825 0.2736 | 3.8772 0.4831 | 0.7793 0.8188 | Time: 2.4460 | TEST: 4.1702 0.2667 | 4.3047 0.5328 | 0.9748 0.7889 | Time: 2.8726
Epoch: 0084 | TRAIN: 1.7847 0.5030 | 0.0210 0.9910 | 0.0352 0.9862 | Time: 39.7344 | VAL: 4.2848 0.2754 | 4.5831 0.5169 | 0.8249 0.8054 | Time: 2.4318 | TEST: 4.0067 0.2838 | 4.8141 0.4918 | 1.7415 0.7667 | Time: 2.8890
Epoch: 0085 | TRAIN: 1.8548 0.4922 | 0.0138 0.9958 | 0.0339 0.9922 | Time: 39.6845 | VAL: 5.3619 0.2373 | 4.5373 0.4494 | 0.8751 0.8456 | Time: 2.4839 | TEST: 5.0322 0.2530 | 4.6039 0.4508 | 1.3597 0.7556 | Time: 2.8774
Epoch: 0086 | TRAIN: 1.7145 0.5174 | 0.0117 0.9970 | 0.0349 0.9916 | Time: 39.8571 | VAL: 4.2320 0.2971 | 5.2390 0.4270 | 0.7531 0.8389 | Time: 2.4728 | TEST: 3.9827 0.3060 | 5.1214 0.4836 | 1.1522 0.8000 | Time: 2.8675
Epoch: 0087 | TRAIN: 1.6644 0.5156 | 0.0070 0.9970 | 0.0187 0.9940 | Time: 39.9422 | VAL: 5.0240 0.2554 | 3.2618 0.4719 | 0.9802 0.8322 | Time: 2.4523 | TEST: 4.8456 0.2410 | 3.3976 0.5492 | 1.3949 0.7556 | Time: 2.9185
Epoch: 0088 | TRAIN: 1.5177 0.5667 | 0.0014 1.0000 | 0.0171 0.9964 | Time: 39.9102 | VAL: 5.1842 0.2627 | 4.6608 0.4607 | 0.9386 0.8389 | Time: 2.4169 | TEST: 4.8869 0.2718 | 4.6406 0.4918 | 1.4367 0.7778 | Time: 2.8630
Epoch: 0089 | TRAIN: 1.3481 0.5938 | 0.0013 1.0000 | 0.0076 0.9976 | Time: 40.1305 | VAL: 5.3111 0.2591 | 4.4331 0.4270 | 0.7989 0.8456 | Time: 2.4876 | TEST: 5.1438 0.2530 | 4.2368 0.5328 | 1.1858 0.7889 | Time: 2.9745
Epoch: 0090 | TRAIN: 1.1966 0.6346 | 0.0010 1.0000 | 0.0029 1.0000 | Time: 40.4444 | VAL: 5.2817 0.2663 | 4.2548 0.4382 | 0.6511 0.8658 | Time: 2.4365 | TEST: 5.0362 0.2547 | 4.2666 0.5574 | 1.0792 0.7889 | Time: 3.0785
Epoch: 0091 | TRAIN: 1.1037 0.6587 | 0.0004 1.0000 | 0.0038 0.9994 | Time: 40.4892 | VAL: 5.5701 0.2699 | 4.1981 0.4607 | 0.6570 0.8725 | Time: 2.5379 | TEST: 5.3197 0.2701 | 4.0953 0.5328 | 1.0971 0.8111 | Time: 2.9662
Epoch: 0092 | TRAIN: 1.0313 0.6725 | 0.0006 1.0000 | 0.0010 1.0000 | Time: 39.9662 | VAL: 4.6807 0.3025 | 3.8990 0.4719 | 0.6063 0.8523 | Time: 2.4033 | TEST: 4.4226 0.3111 | 3.9130 0.5410 | 1.0338 0.8111 | Time: 2.9651
Epoch: 0093 | TRAIN: 0.9616 0.6959 | 0.0005 1.0000 | 0.0012 1.0000 | Time: 39.8942 | VAL: 5.6731 0.2790 | 3.8765 0.4494 | 0.6100 0.8591 | Time: 2.4084 | TEST: 5.3375 0.2718 | 3.9615 0.5410 | 1.1335 0.8056 | Time: 2.9184
Epoch: 0094 | TRAIN: 0.9535 0.6995 | 0.0004 1.0000 | 0.0006 1.0000 | Time: 40.3492 | VAL: 5.1195 0.2935 | 3.8908 0.4382 | 0.5574 0.8523 | Time: 2.5547 | TEST: 4.8035 0.2855 | 3.9197 0.5410 | 1.1119 0.8000 | Time: 3.2641
Epoch: 0095 | TRAIN: 0.9161 0.7151 | 0.0006 1.0000 | 0.0023 0.9988 | Time: 40.8907 | VAL: 5.6878 0.2536 | 3.6405 0.5281 | 0.5733 0.8523 | Time: 2.4614 | TEST: 5.3818 0.2581 | 3.5946 0.5738 | 1.1390 0.8167 | Time: 3.0999
Epoch: 0096 | TRAIN: 0.9647 0.7001 | 0.0025 0.9988 | 0.0012 0.9994 | Time: 39.9988 | VAL: 5.9920 0.2464 | 4.2457 0.4607 | 0.6857 0.8658 | Time: 2.4673 | TEST: 5.6494 0.2325 | 4.0324 0.5164 | 1.4523 0.7722 | Time: 2.9303
Epoch: 0097 | TRAIN: 1.1921 0.6436 | 0.0047 0.9988 | 0.0223 0.9952 | Time: 40.2045 | VAL: 5.3756 0.2772 | 4.2465 0.3483 | 0.9354 0.8121 | Time: 2.3971 | TEST: 5.1877 0.2462 | 4.3886 0.4590 | 1.5928 0.7556 | Time: 2.9209
Epoch: 0098 | TRAIN: 1.8796 0.4946 | 0.0564 0.9832 | 0.1053 0.9712 | Time: 40.1255 | VAL: 8.2644 0.2301 | 6.3323 0.3708 | 1.2219 0.7584 | Time: 2.4774 | TEST: 7.8663 0.1983 | 5.5792 0.4016 | 2.2927 0.6944 | Time: 3.0011
Epoch: 0099 | TRAIN: 2.3860 0.3924 | 0.1303 0.9627 | 0.1656 0.9501 | Time: 39.9155 | VAL: 5.5088 0.2029 | 7.5561 0.2697 | 1.7124 0.7852 | Time: 2.4044 | TEST: 5.2061 0.2239 | 6.8019 0.3279 | 2.1306 0.6722 | Time: 2.8811
========================================
Best Result: Epoch 64, result {'amazon': [0.27521367521367524], 'dslr': [0.5163934426229508], 'webcam': [0.8277777777777777]}
========================================
