========================================
General Configuration:
	Wighting: MoCo
	Architecture: HPS
	Rep_Grad: False
	Multi_Input: True
	Seed: 0
	Device: cuda:0
MoCo Configuration:
	weighting: MoCo
	beta_moco: 1.0
	gamma_moco: 0.01
	rho_moco: 0.01
	moco_gn: none
Optimizer Configuration:
	optim: adam
	lr: 0.001
	weight_decay: 1e-05
========================================
Total Params: 11487901
Trainable Params: 11487901
Non-trainable Params: 0
========================================
LOG FORMAT | amazon_LOSS Acc | dslr_LOSS Acc | webcam_LOSS Acc | TIME
Epoch: 0000 | TRAIN: 2.0357 0.5108 | 0.7904 0.8708 | 1.0223 0.8197 | Time: 40.3005 | VAL: 1.5409 0.6757 | 0.1881 0.9888 | 0.3152 0.9664 | Time: 2.4598 | TEST: 1.5080 0.6974 | 0.2439 0.9672 | 0.3352 0.9611 | Time: 2.8761
Epoch: 0001 | TRAIN: 0.9702 0.7752 | 0.0347 1.0000 | 0.0564 1.0000 | Time: 40.0652 | VAL: 1.2452 0.7446 | 0.0575 1.0000 | 0.1332 0.9866 | Time: 2.3950 | TEST: 1.1974 0.7658 | 0.0866 0.9918 | 0.1382 0.9722 | Time: 2.8738
Epoch: 0002 | TRAIN: 0.6323 0.8468 | 0.0111 1.0000 | 0.0157 1.0000 | Time: 39.9181 | VAL: 1.0923 0.7645 | 0.0371 1.0000 | 0.1072 0.9799 | Time: 2.4184 | TEST: 1.0564 0.7829 | 0.0738 0.9836 | 0.0961 0.9778 | Time: 2.8659
Epoch: 0003 | TRAIN: 0.4834 0.8870 | 0.0066 1.0000 | 0.0095 1.0000 | Time: 40.0452 | VAL: 1.0326 0.7554 | 0.0301 1.0000 | 0.0915 0.9866 | Time: 2.4136 | TEST: 0.9798 0.7846 | 0.0637 0.9918 | 0.0976 0.9778 | Time: 2.8683
Epoch: 0004 | TRAIN: 0.4228 0.8990 | 0.0048 1.0000 | 0.0069 1.0000 | Time: 39.8943 | VAL: 0.9784 0.7699 | 0.0283 1.0000 | 0.0957 0.9866 | Time: 2.4332 | TEST: 0.9306 0.7949 | 0.0632 0.9754 | 0.0848 0.9722 | Time: 2.8900
Epoch: 0005 | TRAIN: 0.3692 0.9062 | 0.0041 1.0000 | 0.0055 1.0000 | Time: 39.9050 | VAL: 0.9335 0.7736 | 0.0204 1.0000 | 0.0761 0.9866 | Time: 2.3958 | TEST: 0.8890 0.7915 | 0.0524 0.9918 | 0.0875 0.9778 | Time: 2.8311
Epoch: 0006 | TRAIN: 0.3378 0.9099 | 0.0031 1.0000 | 0.0042 1.0000 | Time: 39.6729 | VAL: 0.9141 0.7808 | 0.0172 1.0000 | 0.0695 0.9866 | Time: 2.4282 | TEST: 0.8750 0.7897 | 0.0584 0.9918 | 0.0832 0.9778 | Time: 2.8767
Epoch: 0007 | TRAIN: 0.3240 0.9141 | 0.0027 1.0000 | 0.0036 1.0000 | Time: 39.8224 | VAL: 0.9138 0.7826 | 0.0173 1.0000 | 0.0744 0.9866 | Time: 2.4123 | TEST: 0.8706 0.7897 | 0.0521 0.9918 | 0.0745 0.9778 | Time: 2.8461
Epoch: 0008 | TRAIN: 0.2710 0.9363 | 0.0022 1.0000 | 0.0031 1.0000 | Time: 39.8672 | VAL: 0.8994 0.7826 | 0.0156 1.0000 | 0.0695 0.9866 | Time: 2.4719 | TEST: 0.8603 0.7829 | 0.0521 0.9918 | 0.0818 0.9778 | Time: 2.8578
Epoch: 0009 | TRAIN: 0.2630 0.9393 | 0.0019 1.0000 | 0.0027 1.0000 | Time: 39.9454 | VAL: 0.8936 0.7880 | 0.0170 1.0000 | 0.0686 0.9866 | Time: 2.4188 | TEST: 0.8539 0.7795 | 0.0523 0.9918 | 0.0949 0.9778 | Time: 2.8714
Epoch: 0010 | TRAIN: 0.2315 0.9441 | 0.0017 1.0000 | 0.0025 1.0000 | Time: 39.9915 | VAL: 0.8720 0.7953 | 0.0172 1.0000 | 0.0708 0.9866 | Time: 2.4124 | TEST: 0.8372 0.7863 | 0.0532 0.9918 | 0.0831 0.9778 | Time: 2.8727
Epoch: 0011 | TRAIN: 0.2070 0.9501 | 0.0015 1.0000 | 0.0020 1.0000 | Time: 39.8349 | VAL: 0.8932 0.7772 | 0.0121 1.0000 | 0.0679 0.9866 | Time: 2.4118 | TEST: 0.8547 0.7726 | 0.0499 0.9754 | 0.0790 0.9778 | Time: 2.8654
Epoch: 0012 | TRAIN: 0.1810 0.9579 | 0.0013 1.0000 | 0.0018 1.0000 | Time: 40.0453 | VAL: 0.8878 0.7790 | 0.0146 1.0000 | 0.0711 0.9866 | Time: 2.3970 | TEST: 0.8539 0.7846 | 0.0517 0.9918 | 0.0797 0.9778 | Time: 2.8570
Epoch: 0013 | TRAIN: 0.1735 0.9627 | 0.0013 1.0000 | 0.0015 1.0000 | Time: 40.2750 | VAL: 0.8764 0.7754 | 0.0122 1.0000 | 0.0670 0.9866 | Time: 2.4484 | TEST: 0.8422 0.7812 | 0.0503 0.9918 | 0.0832 0.9778 | Time: 2.9261
Epoch: 0014 | TRAIN: 0.1522 0.9681 | 0.0011 1.0000 | 0.0014 1.0000 | Time: 39.9576 | VAL: 0.8822 0.7790 | 0.0118 1.0000 | 0.0646 0.9866 | Time: 2.4177 | TEST: 0.8404 0.7846 | 0.0501 0.9918 | 0.0825 0.9778 | Time: 2.8603
Epoch: 0015 | TRAIN: 0.1477 0.9651 | 0.0009 1.0000 | 0.0013 1.0000 | Time: 39.8270 | VAL: 0.8787 0.7844 | 0.0090 1.0000 | 0.0593 0.9866 | Time: 2.4081 | TEST: 0.8421 0.7863 | 0.0467 0.9836 | 0.0787 0.9722 | Time: 2.8965
Epoch: 0016 | TRAIN: 0.1250 0.9724 | 0.0009 1.0000 | 0.0013 1.0000 | Time: 39.7567 | VAL: 0.8809 0.7826 | 0.0112 1.0000 | 0.0628 0.9866 | Time: 2.4481 | TEST: 0.8452 0.7778 | 0.0508 0.9754 | 0.0805 0.9778 | Time: 2.9066
Epoch: 0017 | TRAIN: 0.1040 0.9808 | 0.0008 1.0000 | 0.0010 1.0000 | Time: 40.0373 | VAL: 0.8791 0.7790 | 0.0097 1.0000 | 0.0606 0.9866 | Time: 2.4316 | TEST: 0.8444 0.7778 | 0.0519 0.9754 | 0.0818 0.9778 | Time: 2.8976
Epoch: 0018 | TRAIN: 0.1009 0.9784 | 0.0008 1.0000 | 0.0010 1.0000 | Time: 39.8594 | VAL: 0.8772 0.7790 | 0.0091 1.0000 | 0.0595 0.9866 | Time: 2.4161 | TEST: 0.8433 0.7846 | 0.0513 0.9836 | 0.0879 0.9722 | Time: 2.8546
Epoch: 0019 | TRAIN: 0.0845 0.9892 | 0.0007 1.0000 | 0.0009 1.0000 | Time: 39.9198 | VAL: 0.8519 0.7880 | 0.0091 1.0000 | 0.0589 0.9866 | Time: 2.4677 | TEST: 0.8211 0.7829 | 0.0482 0.9918 | 0.0835 0.9778 | Time: 2.8651
Epoch: 0020 | TRAIN: 0.0699 0.9898 | 0.0007 1.0000 | 0.0009 1.0000 | Time: 39.8638 | VAL: 0.8737 0.7844 | 0.0091 1.0000 | 0.0570 0.9866 | Time: 2.4500 | TEST: 0.8446 0.7829 | 0.0527 0.9836 | 0.0762 0.9722 | Time: 2.8932
Epoch: 0021 | TRAIN: 0.0594 0.9970 | 0.0005 1.0000 | 0.0008 1.0000 | Time: 40.3125 | VAL: 0.8454 0.7808 | 0.0088 1.0000 | 0.0598 0.9866 | Time: 2.4583 | TEST: 0.8372 0.7778 | 0.0507 0.9918 | 0.0833 0.9778 | Time: 2.8998
Epoch: 0022 | TRAIN: 0.0504 0.9958 | 0.0006 1.0000 | 0.0007 1.0000 | Time: 39.9662 | VAL: 0.8656 0.7754 | 0.0088 1.0000 | 0.0612 0.9866 | Time: 2.4058 | TEST: 0.8395 0.7761 | 0.0465 0.9918 | 0.0796 0.9778 | Time: 2.8687
Epoch: 0023 | TRAIN: 0.0394 0.9982 | 0.0006 1.0000 | 0.0007 1.0000 | Time: 40.0260 | VAL: 0.8535 0.7754 | 0.0103 1.0000 | 0.0634 0.9866 | Time: 2.4543 | TEST: 0.8233 0.7932 | 0.0482 0.9918 | 0.0800 0.9722 | Time: 2.8792
Epoch: 0024 | TRAIN: 0.0381 0.9964 | 0.0005 1.0000 | 0.0007 1.0000 | Time: 39.9912 | VAL: 0.8524 0.7844 | 0.0098 1.0000 | 0.0611 0.9866 | Time: 2.4284 | TEST: 0.8262 0.7846 | 0.0577 0.9754 | 0.0804 0.9778 | Time: 2.8922
Epoch: 0025 | TRAIN: 0.0313 0.9976 | 0.0005 1.0000 | 0.0006 1.0000 | Time: 39.9221 | VAL: 0.8664 0.7790 | 0.0085 1.0000 | 0.0536 0.9866 | Time: 2.4214 | TEST: 0.8450 0.7897 | 0.0524 0.9836 | 0.0801 0.9722 | Time: 2.8729
Epoch: 0026 | TRAIN: 0.0267 0.9982 | 0.0005 1.0000 | 0.0006 1.0000 | Time: 39.8178 | VAL: 0.8601 0.7862 | 0.0096 1.0000 | 0.0586 0.9866 | Time: 2.4399 | TEST: 0.8393 0.7846 | 0.0547 0.9836 | 0.0880 0.9722 | Time: 2.8910
Epoch: 0027 | TRAIN: 0.0230 0.9988 | 0.0005 1.0000 | 0.0005 1.0000 | Time: 39.9224 | VAL: 0.8868 0.7717 | 0.0071 1.0000 | 0.0578 0.9866 | Time: 2.3887 | TEST: 0.8646 0.7795 | 0.0549 0.9754 | 0.0896 0.9667 | Time: 2.8589
Epoch: 0028 | TRAIN: 0.0162 1.0000 | 0.0004 1.0000 | 0.0005 1.0000 | Time: 39.9855 | VAL: 0.8503 0.7917 | 0.0087 1.0000 | 0.0570 0.9866 | Time: 2.4517 | TEST: 0.8407 0.7778 | 0.0463 0.9836 | 0.0847 0.9722 | Time: 2.8876
Epoch: 0029 | TRAIN: 0.0174 0.9994 | 0.0004 1.0000 | 0.0005 1.0000 | Time: 40.1431 | VAL: 0.8656 0.7826 | 0.0078 1.0000 | 0.0536 0.9866 | Time: 2.4241 | TEST: 0.8556 0.7829 | 0.0497 0.9836 | 0.0921 0.9667 | Time: 2.9441
Epoch: 0030 | TRAIN: 0.0136 0.9994 | 0.0004 1.0000 | 0.0005 1.0000 | Time: 39.9647 | VAL: 0.8597 0.7790 | 0.0073 1.0000 | 0.0564 0.9866 | Time: 2.4397 | TEST: 0.8482 0.7726 | 0.0544 0.9836 | 0.0752 0.9722 | Time: 2.8913
Epoch: 0031 | TRAIN: 0.0152 0.9994 | 0.0004 1.0000 | 0.0004 1.0000 | Time: 40.0402 | VAL: 0.8675 0.7844 | 0.0078 1.0000 | 0.0570 0.9866 | Time: 2.4546 | TEST: 0.8467 0.7846 | 0.0493 0.9836 | 0.0901 0.9722 | Time: 2.8988
Epoch: 0032 | TRAIN: 0.0117 1.0000 | 0.0003 1.0000 | 0.0004 1.0000 | Time: 39.7726 | VAL: 0.8640 0.7935 | 0.0101 1.0000 | 0.0653 0.9866 | Time: 2.4233 | TEST: 0.8592 0.7829 | 0.0614 0.9836 | 0.0888 0.9722 | Time: 2.8573
Epoch: 0033 | TRAIN: 0.0090 1.0000 | 0.0003 1.0000 | 0.0004 1.0000 | Time: 39.7649 | VAL: 0.8727 0.7862 | 0.0079 1.0000 | 0.0612 0.9866 | Time: 2.4135 | TEST: 0.8524 0.7744 | 0.0510 0.9754 | 0.0816 0.9722 | Time: 2.8516
Epoch: 0034 | TRAIN: 0.0074 0.9994 | 0.0003 1.0000 | 0.0004 1.0000 | Time: 39.8587 | VAL: 0.8657 0.7935 | 0.0079 1.0000 | 0.0643 0.9866 | Time: 2.4161 | TEST: 0.8482 0.7812 | 0.0533 0.9754 | 0.0806 0.9722 | Time: 2.9019
Epoch: 0035 | TRAIN: 0.0061 1.0000 | 0.0003 1.0000 | 0.0004 1.0000 | Time: 40.2461 | VAL: 0.8856 0.7880 | 0.0073 1.0000 | 0.0509 0.9866 | Time: 2.4472 | TEST: 0.8609 0.7812 | 0.0556 0.9836 | 0.0868 0.9722 | Time: 2.9213
Epoch: 0036 | TRAIN: 0.0057 1.0000 | 0.0003 1.0000 | 0.0004 1.0000 | Time: 40.1129 | VAL: 0.8781 0.7953 | 0.0061 1.0000 | 0.0589 0.9866 | Time: 2.4375 | TEST: 0.8622 0.7795 | 0.0580 0.9836 | 0.0849 0.9722 | Time: 2.9130
Epoch: 0037 | TRAIN: 0.0044 1.0000 | 0.0003 1.0000 | 0.0004 1.0000 | Time: 40.0578 | VAL: 0.8439 0.7989 | 0.0061 1.0000 | 0.0549 0.9866 | Time: 2.4488 | TEST: 0.8418 0.7880 | 0.0567 0.9836 | 0.0845 0.9722 | Time: 2.8965
Epoch: 0038 | TRAIN: 0.0037 1.0000 | 0.0003 1.0000 | 0.0004 1.0000 | Time: 40.1485 | VAL: 0.8337 0.7899 | 0.0055 1.0000 | 0.0568 0.9866 | Time: 2.4247 | TEST: 0.8182 0.7915 | 0.0517 0.9836 | 0.0816 0.9722 | Time: 2.9234
Epoch: 0039 | TRAIN: 0.0039 1.0000 | 0.0003 1.0000 | 0.0003 1.0000 | Time: 40.0276 | VAL: 0.8366 0.7953 | 0.0067 1.0000 | 0.0517 0.9866 | Time: 2.4495 | TEST: 0.8219 0.7915 | 0.0458 0.9836 | 0.0850 0.9722 | Time: 2.8927
Epoch: 0040 | TRAIN: 0.0036 1.0000 | 0.0003 1.0000 | 0.0003 1.0000 | Time: 40.2009 | VAL: 0.8542 0.7826 | 0.0059 1.0000 | 0.0505 0.9866 | Time: 2.4536 | TEST: 0.8295 0.7829 | 0.0514 0.9836 | 0.0804 0.9722 | Time: 2.9141
Epoch: 0041 | TRAIN: 0.0027 1.0000 | 0.0003 1.0000 | 0.0003 1.0000 | Time: 40.1077 | VAL: 0.8392 0.7989 | 0.0069 1.0000 | 0.0519 0.9866 | Time: 2.4556 | TEST: 0.8260 0.7915 | 0.0541 0.9754 | 0.0846 0.9722 | Time: 2.8978
Epoch: 0042 | TRAIN: 0.0023 1.0000 | 0.0002 1.0000 | 0.0003 1.0000 | Time: 39.9581 | VAL: 0.8424 0.7917 | 0.0065 1.0000 | 0.0517 0.9866 | Time: 2.4231 | TEST: 0.8355 0.7829 | 0.0610 0.9836 | 0.0878 0.9722 | Time: 2.8725
Epoch: 0043 | TRAIN: 0.0023 1.0000 | 0.0002 1.0000 | 0.0003 1.0000 | Time: 39.9892 | VAL: 0.8565 0.7880 | 0.0079 1.0000 | 0.0515 0.9866 | Time: 2.4461 | TEST: 0.8338 0.7846 | 0.0544 0.9754 | 0.0906 0.9722 | Time: 2.9044
Epoch: 0044 | TRAIN: 0.0027 1.0000 | 0.0002 1.0000 | 0.0003 1.0000 | Time: 40.2837 | VAL: 0.8686 0.7880 | 0.0072 1.0000 | 0.0522 0.9866 | Time: 2.4797 | TEST: 0.8489 0.7897 | 0.0600 0.9836 | 0.0786 0.9778 | Time: 2.8835
Epoch: 0045 | TRAIN: 0.0365 0.9904 | 0.0002 1.0000 | 0.0003 1.0000 | Time: 40.1128 | VAL: 0.9240 0.7899 | 0.0111 1.0000 | 0.0557 0.9866 | Time: 2.5159 | TEST: 0.8556 0.7880 | 0.0626 0.9836 | 0.1046 0.9611 | Time: 2.9199
Epoch: 0046 | TRAIN: 0.0358 0.9934 | 0.0003 1.0000 | 0.0003 1.0000 | Time: 40.0674 | VAL: 0.9324 0.7862 | 0.0063 1.0000 | 0.0579 0.9866 | Time: 2.4294 | TEST: 0.8896 0.7846 | 0.0342 0.9918 | 0.0941 0.9667 | Time: 2.8457
Epoch: 0047 | TRAIN: 0.0135 0.9976 | 0.0002 1.0000 | 0.0003 1.0000 | Time: 40.2013 | VAL: 0.8841 0.7844 | 0.0060 1.0000 | 0.0658 0.9866 | Time: 2.4493 | TEST: 0.8361 0.7966 | 0.0403 0.9836 | 0.0857 0.9722 | Time: 2.8800
Epoch: 0048 | TRAIN: 0.0063 1.0000 | 0.0002 1.0000 | 0.0003 1.0000 | Time: 39.9984 | VAL: 0.8525 0.8007 | 0.0049 1.0000 | 0.0559 0.9866 | Time: 2.4317 | TEST: 0.8324 0.8017 | 0.0375 0.9836 | 0.0867 0.9611 | Time: 2.9031
Epoch: 0049 | TRAIN: 0.0040 1.0000 | 0.0002 1.0000 | 0.0002 1.0000 | Time: 39.9025 | VAL: 0.8503 0.8007 | 0.0046 1.0000 | 0.0535 0.9866 | Time: 2.4508 | TEST: 0.8160 0.7983 | 0.0408 0.9836 | 0.0845 0.9611 | Time: 2.9032
Epoch: 0050 | TRAIN: 0.0035 0.9994 | 0.0002 1.0000 | 0.0003 1.0000 | Time: 39.9630 | VAL: 0.8389 0.8062 | 0.0046 1.0000 | 0.0489 0.9866 | Time: 2.4502 | TEST: 0.8023 0.8051 | 0.0320 0.9836 | 0.0806 0.9611 | Time: 2.8890
Epoch: 0051 | TRAIN: 0.0055 0.9994 | 0.0002 1.0000 | 0.0002 1.0000 | Time: 39.8902 | VAL: 0.8658 0.7935 | 0.0061 1.0000 | 0.0487 0.9866 | Time: 2.4362 | TEST: 0.8193 0.8017 | 0.0420 0.9836 | 0.0804 0.9667 | Time: 2.8709
Epoch: 0052 | TRAIN: 0.0066 0.9994 | 0.0002 1.0000 | 0.0002 1.0000 | Time: 39.9813 | VAL: 0.8549 0.8025 | 0.0078 1.0000 | 0.0555 0.9866 | Time: 2.4187 | TEST: 0.8199 0.7966 | 0.0349 0.9836 | 0.0870 0.9667 | Time: 2.8635
Epoch: 0053 | TRAIN: 0.0036 1.0000 | 0.0002 1.0000 | 0.0002 1.0000 | Time: 39.9177 | VAL: 0.8736 0.7917 | 0.0060 1.0000 | 0.0564 0.9866 | Time: 2.4461 | TEST: 0.8486 0.8034 | 0.0364 0.9918 | 0.0884 0.9611 | Time: 2.8886
Epoch: 0054 | TRAIN: 0.0030 1.0000 | 0.0002 1.0000 | 0.0002 1.0000 | Time: 39.9837 | VAL: 0.8844 0.7826 | 0.0054 1.0000 | 0.0482 0.9866 | Time: 2.4385 | TEST: 0.8393 0.7915 | 0.0380 0.9918 | 0.0888 0.9667 | Time: 2.8849
Epoch: 0055 | TRAIN: 0.0021 1.0000 | 0.0002 1.0000 | 0.0002 1.0000 | Time: 39.8818 | VAL: 0.8569 0.7953 | 0.0065 1.0000 | 0.0532 0.9866 | Time: 2.4413 | TEST: 0.8226 0.8017 | 0.0362 0.9918 | 0.0889 0.9611 | Time: 2.9170
Epoch: 0056 | TRAIN: 0.0021 1.0000 | 0.0002 1.0000 | 0.0002 1.0000 | Time: 39.9495 | VAL: 0.8794 0.7880 | 0.0069 1.0000 | 0.0511 0.9866 | Time: 2.4461 | TEST: 0.8401 0.7915 | 0.0404 0.9918 | 0.0870 0.9722 | Time: 2.8913
Epoch: 0057 | TRAIN: 0.0016 1.0000 | 0.0001 1.0000 | 0.0002 1.0000 | Time: 39.8118 | VAL: 0.8720 0.7917 | 0.0062 1.0000 | 0.0538 0.9866 | Time: 2.4330 | TEST: 0.8380 0.8000 | 0.0361 0.9836 | 0.0951 0.9722 | Time: 2.8856
Epoch: 0058 | TRAIN: 0.0019 1.0000 | 0.0002 1.0000 | 0.0002 1.0000 | Time: 40.0600 | VAL: 0.8836 0.7862 | 0.0103 1.0000 | 0.0540 0.9866 | Time: 2.4474 | TEST: 0.8252 0.7897 | 0.0439 0.9836 | 0.1045 0.9722 | Time: 2.9093
Epoch: 0059 | TRAIN: 0.0250 0.9934 | 0.0002 1.0000 | 0.0002 1.0000 | Time: 39.9218 | VAL: 0.9156 0.7917 | 0.0144 1.0000 | 0.0511 0.9866 | Time: 2.4401 | TEST: 0.8609 0.7863 | 0.0573 0.9918 | 0.0995 0.9722 | Time: 2.8576
Epoch: 0060 | TRAIN: 0.0278 0.9922 | 0.0002 1.0000 | 0.0003 1.0000 | Time: 39.8978 | VAL: 0.9537 0.7844 | 0.0171 1.0000 | 0.0539 0.9866 | Time: 2.4316 | TEST: 0.9112 0.7846 | 0.0377 1.0000 | 0.0904 0.9778 | Time: 2.8908
Epoch: 0061 | TRAIN: 0.0066 0.9994 | 0.0002 1.0000 | 0.0002 1.0000 | Time: 39.8053 | VAL: 0.8689 0.8043 | 0.0118 1.0000 | 0.0612 0.9866 | Time: 2.4344 | TEST: 0.8523 0.8017 | 0.0376 0.9918 | 0.0925 0.9722 | Time: 2.8851
Epoch: 0062 | TRAIN: 0.0039 1.0000 | 0.0002 1.0000 | 0.0002 1.0000 | Time: 39.9426 | VAL: 0.8877 0.7953 | 0.0074 1.0000 | 0.0476 0.9866 | Time: 2.4517 | TEST: 0.8610 0.7983 | 0.0342 0.9918 | 0.0965 0.9722 | Time: 2.8989
Epoch: 0063 | TRAIN: 0.0027 1.0000 | 0.0001 1.0000 | 0.0002 1.0000 | Time: 39.9366 | VAL: 0.8891 0.7953 | 0.0070 1.0000 | 0.0565 0.9866 | Time: 2.4391 | TEST: 0.8648 0.7915 | 0.0325 0.9918 | 0.1056 0.9722 | Time: 2.9022
Epoch: 0064 | TRAIN: 0.0024 1.0000 | 0.0001 1.0000 | 0.0002 1.0000 | Time: 39.9773 | VAL: 0.8578 0.8062 | 0.0093 1.0000 | 0.0552 0.9866 | Time: 2.4290 | TEST: 0.8567 0.8017 | 0.0346 0.9918 | 0.0997 0.9667 | Time: 2.8846
Epoch: 0065 | TRAIN: 0.0023 1.0000 | 0.0002 1.0000 | 0.0002 1.0000 | Time: 39.9794 | VAL: 0.8801 0.7971 | 0.0096 1.0000 | 0.0516 0.9866 | Time: 2.4367 | TEST: 0.8635 0.7932 | 0.0356 0.9918 | 0.1123 0.9722 | Time: 2.8888
Epoch: 0066 | TRAIN: 0.0021 1.0000 | 0.0001 1.0000 | 0.0002 1.0000 | Time: 39.8716 | VAL: 0.8705 0.8062 | 0.0080 1.0000 | 0.0490 0.9866 | Time: 2.4170 | TEST: 0.8660 0.7863 | 0.0395 0.9918 | 0.1112 0.9778 | Time: 2.8889
Epoch: 0067 | TRAIN: 0.0013 1.0000 | 0.0001 1.0000 | 0.0002 1.0000 | Time: 39.9017 | VAL: 0.8728 0.7971 | 0.0074 1.0000 | 0.0499 0.9866 | Time: 2.4544 | TEST: 0.8638 0.7932 | 0.0371 0.9918 | 0.1152 0.9722 | Time: 2.8932
Epoch: 0068 | TRAIN: 0.0014 1.0000 | 0.0001 1.0000 | 0.0002 1.0000 | Time: 40.0047 | VAL: 0.8607 0.7971 | 0.0085 1.0000 | 0.0510 0.9866 | Time: 2.4270 | TEST: 0.8395 0.8051 | 0.0481 0.9754 | 0.1104 0.9667 | Time: 2.8938
Epoch: 0069 | TRAIN: 0.0014 1.0000 | 0.0001 1.0000 | 0.0001 1.0000 | Time: 39.8786 | VAL: 0.8494 0.8007 | 0.0089 1.0000 | 0.0467 0.9866 | Time: 2.4439 | TEST: 0.8418 0.7949 | 0.0407 0.9836 | 0.1087 0.9722 | Time: 2.9186
Epoch: 0070 | TRAIN: 0.0010 1.0000 | 0.0001 1.0000 | 0.0001 1.0000 | Time: 40.0557 | VAL: 0.8743 0.7989 | 0.0072 1.0000 | 0.0513 0.9866 | Time: 2.4862 | TEST: 0.8602 0.7880 | 0.0466 0.9836 | 0.1200 0.9667 | Time: 2.9022
Epoch: 0071 | TRAIN: 0.0010 1.0000 | 0.0001 1.0000 | 0.0002 1.0000 | Time: 40.0857 | VAL: 0.8497 0.8025 | 0.0070 1.0000 | 0.0465 0.9866 | Time: 2.4209 | TEST: 0.8438 0.8017 | 0.0430 0.9836 | 0.1079 0.9722 | Time: 2.8917
Epoch: 0072 | TRAIN: 0.0008 1.0000 | 0.0001 1.0000 | 0.0002 1.0000 | Time: 39.8902 | VAL: 0.8633 0.8007 | 0.0069 1.0000 | 0.0398 0.9866 | Time: 2.4412 | TEST: 0.8499 0.7983 | 0.0480 0.9836 | 0.1120 0.9667 | Time: 2.8833
Epoch: 0073 | TRAIN: 0.0008 1.0000 | 0.0001 1.0000 | 0.0002 1.0000 | Time: 40.1299 | VAL: 0.8551 0.8025 | 0.0063 1.0000 | 0.0443 0.9866 | Time: 2.4636 | TEST: 0.8526 0.8017 | 0.0478 0.9836 | 0.0997 0.9667 | Time: 2.8937
Epoch: 0074 | TRAIN: 0.0008 1.0000 | 0.0001 1.0000 | 0.0001 1.0000 | Time: 39.8372 | VAL: 0.8601 0.8043 | 0.0066 1.0000 | 0.0365 0.9866 | Time: 2.4379 | TEST: 0.8622 0.8000 | 0.0406 0.9918 | 0.0960 0.9667 | Time: 2.8989
Epoch: 0075 | TRAIN: 0.0020 0.9994 | 0.0001 1.0000 | 0.0001 1.0000 | Time: 39.8867 | VAL: 0.9732 0.7917 | 0.0108 1.0000 | 0.0430 0.9866 | Time: 2.4506 | TEST: 0.9549 0.7761 | 0.0536 0.9754 | 0.1165 0.9722 | Time: 2.9110
Epoch: 0076 | TRAIN: 0.1407 0.9609 | 0.0002 1.0000 | 0.0003 1.0000 | Time: 39.8434 | VAL: 1.2053 0.7210 | 0.0230 1.0000 | 0.1106 0.9732 | Time: 2.4469 | TEST: 1.1280 0.7316 | 0.0779 0.9672 | 0.1021 0.9667 | Time: 2.9031
Epoch: 0077 | TRAIN: 2.8293 0.3684 | 1.7469 0.5228 | 1.9191 0.4988 | Time: 39.9417 | VAL: 13.2922 0.0290 | 9.9694 0.0225 | 4.4839 0.1275 | Time: 2.4037 | TEST: 12.8926 0.0393 | 9.7537 0.0328 | 4.9767 0.1111 | Time: 2.8957
Epoch: 0078 | TRAIN: 3.0250 0.2266 | 0.8602 0.7350 | 1.2698 0.5980 | Time: 39.9671 | VAL: 4.7485 0.1612 | 2.6457 0.3708 | 1.2170 0.6242 | Time: 2.4377 | TEST: 4.5395 0.1761 | 2.5606 0.3770 | 1.2184 0.6056 | Time: 2.8965
Epoch: 0079 | TRAIN: 2.4346 0.3383 | 0.2042 0.9453 | 0.4458 0.8576 | Time: 40.0232 | VAL: 3.7124 0.2391 | 2.5030 0.4382 | 0.8695 0.7651 | Time: 2.4340 | TEST: 3.6271 0.2427 | 2.2914 0.4672 | 0.9122 0.7611 | Time: 2.8983
Epoch: 0080 | TRAIN: 2.1394 0.4117 | 0.0541 0.9892 | 0.1535 0.9681 | Time: 39.8820 | VAL: 3.4198 0.2283 | 2.9566 0.5056 | 0.7630 0.7919 | Time: 2.4356 | TEST: 3.4466 0.2359 | 2.8834 0.4836 | 0.7541 0.8000 | Time: 2.8982
Epoch: 0081 | TRAIN: 1.8639 0.4567 | 0.0262 0.9976 | 0.0768 0.9856 | Time: 39.8656 | VAL: 4.2208 0.1957 | 3.4997 0.4157 | 0.8647 0.7651 | Time: 2.4205 | TEST: 4.3498 0.2034 | 3.3352 0.3525 | 0.8702 0.7667 | Time: 2.9075
Epoch: 0082 | TRAIN: 1.8008 0.4856 | 0.0177 0.9970 | 0.0434 0.9952 | Time: 39.8643 | VAL: 3.2995 0.2736 | 2.7622 0.4944 | 0.6652 0.8456 | Time: 2.4394 | TEST: 3.4079 0.2632 | 2.7221 0.4836 | 0.5603 0.8833 | Time: 2.9143
Epoch: 0083 | TRAIN: 1.7209 0.4934 | 0.0097 0.9988 | 0.0335 0.9958 | Time: 40.0174 | VAL: 3.3527 0.2808 | 2.7409 0.4719 | 0.5762 0.8523 | Time: 2.4514 | TEST: 3.4314 0.2667 | 2.3833 0.4836 | 0.5195 0.8667 | Time: 2.9093
Epoch: 0084 | TRAIN: 1.5952 0.5463 | 0.0068 0.9994 | 0.0181 0.9988 | Time: 39.8566 | VAL: 3.4331 0.2536 | 3.5455 0.4607 | 0.5318 0.8926 | Time: 2.4051 | TEST: 3.5473 0.2581 | 3.4555 0.4262 | 0.4677 0.8556 | Time: 2.8876
Epoch: 0085 | TRAIN: 1.5425 0.5469 | 0.0041 1.0000 | 0.0109 0.9994 | Time: 40.0912 | VAL: 3.3093 0.2754 | 3.4611 0.4831 | 0.4613 0.8658 | Time: 2.4125 | TEST: 3.4548 0.2769 | 3.3012 0.4590 | 0.5636 0.8556 | Time: 2.8629
Epoch: 0086 | TRAIN: 1.4664 0.5631 | 0.0022 1.0000 | 0.0072 0.9994 | Time: 39.9644 | VAL: 3.5648 0.2663 | 3.3743 0.5281 | 0.4862 0.8658 | Time: 2.4545 | TEST: 3.6810 0.2547 | 3.1593 0.4426 | 0.4930 0.8778 | Time: 2.8969
Epoch: 0087 | TRAIN: 1.4265 0.5859 | 0.0017 1.0000 | 0.0038 1.0000 | Time: 40.0086 | VAL: 3.5432 0.2754 | 3.0384 0.5169 | 0.4779 0.8658 | Time: 2.4425 | TEST: 3.6356 0.2581 | 2.8458 0.4918 | 0.4782 0.8833 | Time: 2.8861
Epoch: 0088 | TRAIN: 1.3504 0.5889 | 0.0015 1.0000 | 0.0025 1.0000 | Time: 39.6761 | VAL: 3.5971 0.2663 | 3.0660 0.5169 | 0.4724 0.8591 | Time: 2.4313 | TEST: 3.6609 0.2564 | 2.8666 0.4918 | 0.4570 0.8889 | Time: 2.8684
Epoch: 0089 | TRAIN: 1.4007 0.5919 | 0.0011 1.0000 | 0.0026 1.0000 | Time: 39.8841 | VAL: 3.6581 0.2844 | 3.2321 0.4607 | 0.5146 0.8658 | Time: 2.4141 | TEST: 3.7655 0.2632 | 3.0393 0.4672 | 0.4758 0.8889 | Time: 2.8710
Epoch: 0090 | TRAIN: 1.3291 0.5992 | 0.0011 1.0000 | 0.0022 1.0000 | Time: 39.7187 | VAL: 3.7102 0.2428 | 2.9396 0.5393 | 0.4629 0.8859 | Time: 2.4765 | TEST: 3.8114 0.2564 | 2.8194 0.5000 | 0.4459 0.9000 | Time: 2.8995
Epoch: 0091 | TRAIN: 1.3344 0.5859 | 0.0010 1.0000 | 0.0021 1.0000 | Time: 39.8955 | VAL: 3.8142 0.2681 | 3.0028 0.5169 | 0.4811 0.8859 | Time: 2.4395 | TEST: 3.9157 0.2496 | 2.8578 0.4836 | 0.4545 0.8944 | Time: 2.8616
Epoch: 0092 | TRAIN: 1.3124 0.6106 | 0.0009 1.0000 | 0.0025 1.0000 | Time: 39.8780 | VAL: 3.6763 0.2609 | 3.1101 0.4831 | 0.5089 0.8725 | Time: 2.4136 | TEST: 3.7802 0.2581 | 2.8815 0.4836 | 0.4761 0.9056 | Time: 2.9106
Epoch: 0093 | TRAIN: 1.3382 0.6022 | 0.0008 1.0000 | 0.0015 1.0000 | Time: 39.5579 | VAL: 3.8446 0.2591 | 2.8535 0.5169 | 0.5017 0.8725 | Time: 2.4097 | TEST: 3.9459 0.2513 | 2.6853 0.5246 | 0.4859 0.8889 | Time: 2.8748
Epoch: 0094 | TRAIN: 1.2532 0.6220 | 0.0008 1.0000 | 0.0017 1.0000 | Time: 39.8418 | VAL: 3.7453 0.2772 | 2.9668 0.4831 | 0.4849 0.8859 | Time: 2.4244 | TEST: 3.8475 0.2701 | 2.7712 0.5246 | 0.4572 0.9000 | Time: 2.8664
Epoch: 0095 | TRAIN: 1.2590 0.6238 | 0.0008 1.0000 | 0.0016 1.0000 | Time: 39.6816 | VAL: 3.7961 0.2717 | 2.6597 0.5281 | 0.4668 0.8859 | Time: 2.4527 | TEST: 3.9107 0.2598 | 2.5214 0.5328 | 0.4455 0.8944 | Time: 2.9018
Epoch: 0096 | TRAIN: 1.2173 0.6208 | 0.0007 1.0000 | 0.0013 1.0000 | Time: 40.0929 | VAL: 3.9836 0.2609 | 2.8046 0.5056 | 0.4810 0.8859 | Time: 2.4439 | TEST: 4.0996 0.2479 | 2.6659 0.5164 | 0.4853 0.8833 | Time: 2.9048
Epoch: 0097 | TRAIN: 1.2204 0.6202 | 0.0007 1.0000 | 0.0015 1.0000 | Time: 39.7677 | VAL: 3.8339 0.2717 | 2.7679 0.5169 | 0.4965 0.8792 | Time: 2.4306 | TEST: 3.9287 0.2718 | 2.5933 0.5164 | 0.4954 0.8889 | Time: 2.8795
Epoch: 0098 | TRAIN: 1.2074 0.6280 | 0.0007 1.0000 | 0.0013 1.0000 | Time: 39.7802 | VAL: 3.9532 0.2699 | 2.8847 0.5056 | 0.5095 0.8725 | Time: 2.4414 | TEST: 4.0537 0.2667 | 2.7074 0.4918 | 0.5054 0.8889 | Time: 2.8969
Epoch: 0099 | TRAIN: 1.2116 0.6370 | 0.0008 1.0000 | 0.0014 1.0000 | Time: 39.8854 | VAL: 3.7311 0.2880 | 2.9295 0.5169 | 0.5064 0.8725 | Time: 2.4329 | TEST: 3.8526 0.2650 | 2.7462 0.5164 | 0.4530 0.8944 | Time: 2.8931
========================================
Best Result: Epoch 50, result {'amazon': [0.8051282051282052], 'dslr': [0.9836065573770492], 'webcam': [0.9611111111111111]}
========================================
