========================================
General Configuration:
	Wighting: MoCo
	Architecture: HPS
	Rep_Grad: False
	Multi_Input: True
	Seed: 0
	Device: cuda:0
MoCo Configuration:
	weighting: MoCo
	beta_moco: 1.0
	gamma_moco: 1.0
	rho_moco: 0.1
	moco_gn: none
Optimizer Configuration:
	optim: adam
	lr: 0.001
	weight_decay: 1e-05
========================================
Total Params: 11487901
Trainable Params: 11487901
Non-trainable Params: 0
========================================
LOG FORMAT | amazon_LOSS Acc | dslr_LOSS Acc | webcam_LOSS Acc | TIME
Epoch: 0000 | TRAIN: 2.1201 0.4657 | 1.5761 0.6989 | 2.0165 0.5270 | Time: 40.2474 | VAL: 1.5603 0.6232 | 0.8295 0.8764 | 0.8835 0.8188 | Time: 2.4669 | TEST: 1.5204 0.6188 | 0.9802 0.8115 | 0.8991 0.8333 | Time: 2.8715
Epoch: 0001 | TRAIN: 1.1833 0.7133 | 0.2844 0.9868 | 0.3322 0.9585 | Time: 39.9395 | VAL: 1.1611 0.7156 | 0.3229 0.9663 | 0.2899 0.9597 | Time: 2.4056 | TEST: 1.1342 0.7231 | 0.3090 0.9426 | 0.3327 0.9444 | Time: 2.8530
Epoch: 0002 | TRAIN: 0.7347 0.8185 | 0.0336 1.0000 | 0.0703 0.9982 | Time: 39.9648 | VAL: 0.9750 0.7482 | 0.1337 0.9663 | 0.1554 0.9799 | Time: 2.4327 | TEST: 0.9421 0.7487 | 0.1801 0.9508 | 0.1643 0.9722 | Time: 2.8967
Epoch: 0003 | TRAIN: 0.5097 0.8786 | 0.0116 1.0000 | 0.0231 1.0000 | Time: 39.9124 | VAL: 0.9020 0.7627 | 0.0743 0.9888 | 0.1034 0.9933 | Time: 2.4034 | TEST: 0.8515 0.7761 | 0.1276 0.9590 | 0.1215 0.9778 | Time: 2.8496
Epoch: 0004 | TRAIN: 0.4044 0.9032 | 0.0082 1.0000 | 0.0136 1.0000 | Time: 39.8546 | VAL: 0.8521 0.7862 | 0.0753 0.9775 | 0.0896 0.9866 | Time: 2.4297 | TEST: 0.8143 0.7795 | 0.1325 0.9590 | 0.1026 0.9667 | Time: 2.8847
Epoch: 0005 | TRAIN: 0.3161 0.9297 | 0.0067 1.0000 | 0.0098 1.0000 | Time: 39.8751 | VAL: 0.8231 0.7953 | 0.0627 0.9888 | 0.0809 0.9866 | Time: 2.4050 | TEST: 0.7815 0.7949 | 0.1236 0.9590 | 0.0929 0.9667 | Time: 2.8607
Epoch: 0006 | TRAIN: 0.2483 0.9375 | 0.0055 1.0000 | 0.0077 1.0000 | Time: 39.9059 | VAL: 0.7994 0.8043 | 0.0577 1.0000 | 0.0717 0.9866 | Time: 2.4191 | TEST: 0.7697 0.7897 | 0.1363 0.9590 | 0.0784 0.9722 | Time: 2.8604
Epoch: 0007 | TRAIN: 0.1975 0.9597 | 0.0045 1.0000 | 0.0057 1.0000 | Time: 39.9480 | VAL: 0.7936 0.8062 | 0.0509 1.0000 | 0.0716 0.9866 | Time: 2.4266 | TEST: 0.7581 0.7949 | 0.1243 0.9590 | 0.0765 0.9667 | Time: 2.8513
Epoch: 0008 | TRAIN: 0.1383 0.9760 | 0.0039 1.0000 | 0.0049 1.0000 | Time: 40.0563 | VAL: 0.8015 0.7971 | 0.0493 0.9888 | 0.0721 0.9866 | Time: 2.4428 | TEST: 0.7632 0.8000 | 0.1110 0.9672 | 0.0701 0.9722 | Time: 2.9048
Epoch: 0009 | TRAIN: 0.1116 0.9790 | 0.0034 1.0000 | 0.0041 1.0000 | Time: 40.1104 | VAL: 0.7871 0.7971 | 0.0433 1.0000 | 0.0677 0.9866 | Time: 2.4305 | TEST: 0.7420 0.8017 | 0.1231 0.9590 | 0.0748 0.9667 | Time: 2.8828
Epoch: 0010 | TRAIN: 0.0781 0.9850 | 0.0030 1.0000 | 0.0039 1.0000 | Time: 40.1176 | VAL: 0.7854 0.7989 | 0.0421 1.0000 | 0.0691 0.9799 | Time: 2.4210 | TEST: 0.7299 0.8051 | 0.1176 0.9590 | 0.0744 0.9667 | Time: 2.9092
Epoch: 0011 | TRAIN: 0.0514 0.9952 | 0.0027 1.0000 | 0.0033 1.0000 | Time: 39.7587 | VAL: 0.7935 0.8007 | 0.0384 0.9888 | 0.0614 0.9866 | Time: 2.4198 | TEST: 0.7351 0.8085 | 0.0964 0.9672 | 0.0739 0.9722 | Time: 2.8637
Epoch: 0012 | TRAIN: 0.0341 0.9982 | 0.0024 1.0000 | 0.0028 1.0000 | Time: 39.6957 | VAL: 0.7920 0.8062 | 0.0493 1.0000 | 0.0718 0.9799 | Time: 2.4326 | TEST: 0.7582 0.8103 | 0.1095 0.9590 | 0.0649 0.9722 | Time: 2.8642
Epoch: 0013 | TRAIN: 0.0211 1.0000 | 0.0023 1.0000 | 0.0024 1.0000 | Time: 39.7779 | VAL: 0.7811 0.8080 | 0.0370 1.0000 | 0.0665 0.9799 | Time: 2.4185 | TEST: 0.7330 0.8051 | 0.1137 0.9590 | 0.0780 0.9667 | Time: 2.8495
Epoch: 0014 | TRAIN: 0.0164 0.9994 | 0.0021 1.0000 | 0.0024 1.0000 | Time: 39.6639 | VAL: 0.7834 0.8025 | 0.0478 1.0000 | 0.0692 0.9866 | Time: 2.3548 | TEST: 0.7278 0.8103 | 0.0976 0.9590 | 0.0694 0.9722 | Time: 2.8233
Epoch: 0015 | TRAIN: 0.0137 0.9988 | 0.0017 1.0000 | 0.0022 1.0000 | Time: 39.8622 | VAL: 0.8018 0.8062 | 0.0432 0.9888 | 0.0686 0.9799 | Time: 2.4231 | TEST: 0.7557 0.8154 | 0.0916 0.9672 | 0.0880 0.9611 | Time: 2.8775
Epoch: 0016 | TRAIN: 0.0108 0.9982 | 0.0016 1.0000 | 0.0022 1.0000 | Time: 39.5778 | VAL: 0.7770 0.8098 | 0.0426 0.9888 | 0.0675 0.9732 | Time: 2.3793 | TEST: 0.7479 0.8137 | 0.0889 0.9672 | 0.0677 0.9667 | Time: 2.8396
Epoch: 0017 | TRAIN: 0.0082 1.0000 | 0.0014 1.0000 | 0.0017 1.0000 | Time: 39.6343 | VAL: 0.7920 0.7953 | 0.0347 1.0000 | 0.0611 0.9933 | Time: 2.4291 | TEST: 0.7485 0.8068 | 0.0849 0.9754 | 0.0595 0.9778 | Time: 2.8825
Epoch: 0018 | TRAIN: 0.0079 0.9994 | 0.0014 1.0000 | 0.0017 1.0000 | Time: 39.7868 | VAL: 0.7968 0.8080 | 0.0337 1.0000 | 0.0665 0.9799 | Time: 2.4140 | TEST: 0.7250 0.8120 | 0.0950 0.9590 | 0.0616 0.9722 | Time: 2.8695
Epoch: 0019 | TRAIN: 0.0052 1.0000 | 0.0012 1.0000 | 0.0015 1.0000 | Time: 39.8673 | VAL: 0.8103 0.8098 | 0.0428 0.9888 | 0.0628 0.9866 | Time: 2.4508 | TEST: 0.7326 0.8171 | 0.1152 0.9590 | 0.0480 0.9889 | Time: 2.8844
Epoch: 0020 | TRAIN: 0.0051 0.9994 | 0.0013 1.0000 | 0.0015 1.0000 | Time: 39.7195 | VAL: 0.8041 0.8116 | 0.0484 1.0000 | 0.0575 0.9799 | Time: 2.4208 | TEST: 0.7183 0.8239 | 0.1134 0.9672 | 0.0508 0.9778 | Time: 2.8567
Epoch: 0021 | TRAIN: 0.0031 1.0000 | 0.0011 1.0000 | 0.0014 1.0000 | Time: 39.7754 | VAL: 0.7893 0.8134 | 0.0570 0.9888 | 0.0523 0.9866 | Time: 2.4253 | TEST: 0.7192 0.8188 | 0.0820 0.9754 | 0.0575 0.9722 | Time: 2.8729
Epoch: 0022 | TRAIN: 0.0026 1.0000 | 0.0011 1.0000 | 0.0011 1.0000 | Time: 39.6667 | VAL: 0.8174 0.8098 | 0.0566 0.9888 | 0.0690 0.9799 | Time: 2.4080 | TEST: 0.7500 0.8188 | 0.0864 0.9672 | 0.0689 0.9667 | Time: 2.8682
Epoch: 0023 | TRAIN: 0.0023 1.0000 | 0.0011 1.0000 | 0.0013 1.0000 | Time: 39.7706 | VAL: 0.8154 0.8152 | 0.0482 0.9888 | 0.0574 0.9866 | Time: 2.4206 | TEST: 0.7556 0.8239 | 0.0818 0.9754 | 0.0691 0.9667 | Time: 2.8604
Epoch: 0024 | TRAIN: 0.0020 1.0000 | 0.0010 1.0000 | 0.0012 1.0000 | Time: 39.6639 | VAL: 0.8230 0.8025 | 0.0388 1.0000 | 0.0632 0.9799 | Time: 2.3713 | TEST: 0.7397 0.8256 | 0.1219 0.9672 | 0.0756 0.9611 | Time: 2.8677
Epoch: 0025 | TRAIN: 0.0062 0.9982 | 0.0010 1.0000 | 0.0011 1.0000 | Time: 39.7565 | VAL: 0.8540 0.8098 | 0.0477 0.9888 | 0.0618 0.9799 | Time: 2.4224 | TEST: 0.7706 0.8137 | 0.1100 0.9672 | 0.0654 0.9778 | Time: 2.8808
Epoch: 0026 | TRAIN: 0.0035 1.0000 | 0.0009 1.0000 | 0.0010 1.0000 | Time: 39.7805 | VAL: 0.8734 0.8007 | 0.0623 0.9888 | 0.0716 0.9732 | Time: 2.4180 | TEST: 0.7489 0.8256 | 0.0915 0.9672 | 0.0631 0.9667 | Time: 2.8597
Epoch: 0027 | TRAIN: 0.0035 0.9994 | 0.0009 1.0000 | 0.0009 1.0000 | Time: 39.7802 | VAL: 0.8622 0.7917 | 0.0472 0.9888 | 0.0632 0.9799 | Time: 2.4235 | TEST: 0.7448 0.8222 | 0.0930 0.9672 | 0.0670 0.9722 | Time: 2.8717
Epoch: 0028 | TRAIN: 0.0014 1.0000 | 0.0007 1.0000 | 0.0009 1.0000 | Time: 39.5418 | VAL: 0.7987 0.8025 | 0.0503 0.9888 | 0.0575 0.9866 | Time: 2.3987 | TEST: 0.7215 0.8325 | 0.0825 0.9672 | 0.0624 0.9667 | Time: 2.8674
Epoch: 0029 | TRAIN: 0.0013 1.0000 | 0.0007 1.0000 | 0.0009 1.0000 | Time: 39.6201 | VAL: 0.8065 0.7989 | 0.0375 0.9888 | 0.0544 0.9799 | Time: 2.4313 | TEST: 0.7325 0.8376 | 0.0864 0.9754 | 0.0685 0.9611 | Time: 2.9348
Epoch: 0030 | TRAIN: 0.0010 1.0000 | 0.0008 1.0000 | 0.0008 1.0000 | Time: 39.8588 | VAL: 0.8134 0.8080 | 0.0457 0.9888 | 0.0496 0.9866 | Time: 2.3977 | TEST: 0.7395 0.8308 | 0.0838 0.9672 | 0.0618 0.9722 | Time: 2.8421
Epoch: 0031 | TRAIN: 0.0010 1.0000 | 0.0006 1.0000 | 0.0007 1.0000 | Time: 39.7832 | VAL: 0.7928 0.8116 | 0.0337 1.0000 | 0.0500 0.9799 | Time: 2.4150 | TEST: 0.7119 0.8376 | 0.0765 0.9836 | 0.0640 0.9722 | Time: 2.8671
Epoch: 0032 | TRAIN: 0.0008 1.0000 | 0.0006 1.0000 | 0.0007 1.0000 | Time: 39.7747 | VAL: 0.8143 0.8062 | 0.0370 1.0000 | 0.0512 0.9866 | Time: 2.4277 | TEST: 0.7332 0.8359 | 0.0849 0.9754 | 0.0651 0.9722 | Time: 2.8779
Epoch: 0033 | TRAIN: 0.0008 1.0000 | 0.0005 1.0000 | 0.0006 1.0000 | Time: 39.8093 | VAL: 0.8084 0.8098 | 0.0369 1.0000 | 0.0502 0.9866 | Time: 2.4323 | TEST: 0.7136 0.8342 | 0.0844 0.9672 | 0.0719 0.9611 | Time: 2.8788
Epoch: 0034 | TRAIN: 0.0007 1.0000 | 0.0005 1.0000 | 0.0006 1.0000 | Time: 39.8603 | VAL: 0.8055 0.8080 | 0.0398 0.9888 | 0.0553 0.9866 | Time: 2.4084 | TEST: 0.7189 0.8342 | 0.0888 0.9754 | 0.0638 0.9722 | Time: 2.8730
Epoch: 0035 | TRAIN: 0.0006 1.0000 | 0.0006 1.0000 | 0.0006 1.0000 | Time: 39.6123 | VAL: 0.8076 0.8188 | 0.0354 1.0000 | 0.0515 0.9799 | Time: 2.4177 | TEST: 0.7092 0.8359 | 0.0919 0.9754 | 0.0612 0.9722 | Time: 2.8586
Epoch: 0036 | TRAIN: 0.0006 1.0000 | 0.0005 1.0000 | 0.0006 1.0000 | Time: 39.7600 | VAL: 0.8067 0.8170 | 0.0329 1.0000 | 0.0503 0.9866 | Time: 2.4269 | TEST: 0.7142 0.8308 | 0.1008 0.9754 | 0.0611 0.9722 | Time: 2.8721
Epoch: 0037 | TRAIN: 0.0005 1.0000 | 0.0005 1.0000 | 0.0005 1.0000 | Time: 39.7063 | VAL: 0.8112 0.8134 | 0.0326 0.9888 | 0.0488 0.9866 | Time: 2.4136 | TEST: 0.7234 0.8274 | 0.0898 0.9754 | 0.0618 0.9722 | Time: 2.9041
Epoch: 0038 | TRAIN: 0.0005 1.0000 | 0.0005 1.0000 | 0.0006 1.0000 | Time: 39.9069 | VAL: 0.7955 0.8134 | 0.0332 1.0000 | 0.0543 0.9799 | Time: 2.4651 | TEST: 0.7151 0.8325 | 0.0831 0.9754 | 0.0646 0.9722 | Time: 2.9015
Epoch: 0039 | TRAIN: 0.0006 1.0000 | 0.0004 1.0000 | 0.0005 1.0000 | Time: 39.8585 | VAL: 0.8022 0.8152 | 0.0339 1.0000 | 0.0495 0.9866 | Time: 2.3937 | TEST: 0.7153 0.8376 | 0.0823 0.9754 | 0.0620 0.9722 | Time: 2.9012
Epoch: 0040 | TRAIN: 0.0005 1.0000 | 0.0004 1.0000 | 0.0005 1.0000 | Time: 39.6841 | VAL: 0.8090 0.8116 | 0.0324 0.9888 | 0.0485 0.9799 | Time: 2.4128 | TEST: 0.7292 0.8291 | 0.0816 0.9754 | 0.0645 0.9722 | Time: 2.8393
Epoch: 0041 | TRAIN: 0.0004 1.0000 | 0.0004 1.0000 | 0.0005 1.0000 | Time: 39.8336 | VAL: 0.7982 0.8134 | 0.0300 1.0000 | 0.0494 0.9866 | Time: 2.4068 | TEST: 0.7188 0.8359 | 0.0774 0.9754 | 0.0666 0.9722 | Time: 2.8542
Epoch: 0042 | TRAIN: 0.0004 1.0000 | 0.0004 1.0000 | 0.0004 1.0000 | Time: 39.7307 | VAL: 0.7895 0.8134 | 0.0298 1.0000 | 0.0460 0.9866 | Time: 2.4054 | TEST: 0.7168 0.8342 | 0.0781 0.9836 | 0.0630 0.9722 | Time: 2.8791
Epoch: 0043 | TRAIN: 0.0004 1.0000 | 0.0004 1.0000 | 0.0005 1.0000 | Time: 39.5798 | VAL: 0.8016 0.8170 | 0.0344 0.9888 | 0.0486 0.9866 | Time: 2.4156 | TEST: 0.7246 0.8308 | 0.0827 0.9672 | 0.0675 0.9667 | Time: 2.8712
Epoch: 0044 | TRAIN: 0.0004 1.0000 | 0.0004 1.0000 | 0.0004 1.0000 | Time: 39.7316 | VAL: 0.7970 0.8170 | 0.0312 1.0000 | 0.0513 0.9866 | Time: 2.3815 | TEST: 0.7183 0.8291 | 0.0707 0.9836 | 0.0664 0.9722 | Time: 2.8841
Epoch: 0045 | TRAIN: 0.0004 1.0000 | 0.0003 1.0000 | 0.0004 1.0000 | Time: 39.8034 | VAL: 0.7893 0.8188 | 0.0285 1.0000 | 0.0515 0.9866 | Time: 2.4165 | TEST: 0.7047 0.8359 | 0.0808 0.9754 | 0.0664 0.9667 | Time: 2.8668
Epoch: 0046 | TRAIN: 0.0003 1.0000 | 0.0004 1.0000 | 0.0004 1.0000 | Time: 39.7595 | VAL: 0.8104 0.8170 | 0.0278 1.0000 | 0.0529 0.9799 | Time: 2.4250 | TEST: 0.7261 0.8359 | 0.0974 0.9754 | 0.0664 0.9667 | Time: 2.8724
Epoch: 0047 | TRAIN: 0.0004 1.0000 | 0.0003 1.0000 | 0.0004 1.0000 | Time: 40.0317 | VAL: 0.8032 0.8007 | 0.0299 1.0000 | 0.0499 0.9933 | Time: 2.4178 | TEST: 0.7204 0.8342 | 0.0858 0.9754 | 0.0607 0.9722 | Time: 2.8649
Epoch: 0048 | TRAIN: 0.0003 1.0000 | 0.0004 1.0000 | 0.0004 1.0000 | Time: 39.6928 | VAL: 0.8032 0.8188 | 0.0274 1.0000 | 0.0487 0.9866 | Time: 2.4195 | TEST: 0.7305 0.8325 | 0.0858 0.9754 | 0.0619 0.9722 | Time: 2.8676
Epoch: 0049 | TRAIN: 0.0003 1.0000 | 0.0003 1.0000 | 0.0003 1.0000 | Time: 39.7546 | VAL: 0.8072 0.8188 | 0.0255 1.0000 | 0.0504 0.9799 | Time: 2.3841 | TEST: 0.7242 0.8359 | 0.0850 0.9672 | 0.0646 0.9722 | Time: 2.8704
Epoch: 0050 | TRAIN: 0.0003 1.0000 | 0.0003 1.0000 | 0.0004 1.0000 | Time: 39.7966 | VAL: 0.7994 0.8134 | 0.0285 1.0000 | 0.0504 0.9866 | Time: 2.4252 | TEST: 0.7187 0.8376 | 0.0769 0.9836 | 0.0617 0.9722 | Time: 2.8611
Epoch: 0051 | TRAIN: 0.0003 1.0000 | 0.0003 1.0000 | 0.0004 1.0000 | Time: 39.6880 | VAL: 0.8140 0.8152 | 0.0348 1.0000 | 0.0513 0.9866 | Time: 2.4336 | TEST: 0.7292 0.8325 | 0.0894 0.9672 | 0.0617 0.9667 | Time: 2.9020
Epoch: 0052 | TRAIN: 0.0003 1.0000 | 0.0003 1.0000 | 0.0003 1.0000 | Time: 39.9815 | VAL: 0.8227 0.8152 | 0.0323 1.0000 | 0.0493 0.9866 | Time: 2.4082 | TEST: 0.7414 0.8325 | 0.0821 0.9672 | 0.0597 0.9722 | Time: 2.8759
Epoch: 0053 | TRAIN: 0.0003 1.0000 | 0.0003 1.0000 | 0.0003 1.0000 | Time: 39.9001 | VAL: 0.8189 0.8188 | 0.0316 0.9888 | 0.0478 0.9799 | Time: 2.4650 | TEST: 0.7450 0.8256 | 0.0892 0.9754 | 0.0599 0.9722 | Time: 2.8629
Epoch: 0054 | TRAIN: 0.0003 1.0000 | 0.0003 1.0000 | 0.0003 1.0000 | Time: 39.7417 | VAL: 0.8167 0.8152 | 0.0296 0.9888 | 0.0453 0.9866 | Time: 2.4053 | TEST: 0.7387 0.8205 | 0.0842 0.9754 | 0.0551 0.9722 | Time: 2.8597
Epoch: 0055 | TRAIN: 0.0003 1.0000 | 0.0003 1.0000 | 0.0003 1.0000 | Time: 39.6656 | VAL: 0.8222 0.8134 | 0.0270 1.0000 | 0.0503 0.9799 | Time: 2.3653 | TEST: 0.7412 0.8291 | 0.0788 0.9754 | 0.0666 0.9667 | Time: 2.8910
Epoch: 0056 | TRAIN: 0.0003 1.0000 | 0.0003 1.0000 | 0.0003 1.0000 | Time: 39.8286 | VAL: 0.8315 0.8134 | 0.0261 1.0000 | 0.0442 0.9866 | Time: 2.4029 | TEST: 0.7436 0.8325 | 0.0873 0.9754 | 0.0674 0.9667 | Time: 2.8481
Epoch: 0057 | TRAIN: 0.0003 1.0000 | 0.0003 1.0000 | 0.0003 1.0000 | Time: 39.8062 | VAL: 0.8256 0.8170 | 0.0273 1.0000 | 0.0485 0.9799 | Time: 2.4254 | TEST: 0.7371 0.8239 | 0.0731 0.9754 | 0.0597 0.9667 | Time: 2.8663
Epoch: 0058 | TRAIN: 0.0003 1.0000 | 0.0003 1.0000 | 0.0003 1.0000 | Time: 39.5937 | VAL: 0.8298 0.8207 | 0.0296 1.0000 | 0.0479 0.9799 | Time: 2.3877 | TEST: 0.7359 0.8308 | 0.0862 0.9672 | 0.0599 0.9778 | Time: 2.8611
Epoch: 0059 | TRAIN: 0.0003 1.0000 | 0.0002 1.0000 | 0.0003 1.0000 | Time: 39.5791 | VAL: 0.8200 0.8188 | 0.0262 1.0000 | 0.0444 0.9799 | Time: 2.4449 | TEST: 0.7302 0.8256 | 0.0898 0.9590 | 0.0647 0.9722 | Time: 2.9067
Epoch: 0060 | TRAIN: 0.0003 1.0000 | 0.0002 1.0000 | 0.0003 1.0000 | Time: 39.5423 | VAL: 0.8088 0.8225 | 0.0272 1.0000 | 0.0507 0.9799 | Time: 2.3506 | TEST: 0.7198 0.8308 | 0.0947 0.9672 | 0.0633 0.9722 | Time: 2.8520
Epoch: 0061 | TRAIN: 0.0003 1.0000 | 0.0002 1.0000 | 0.0003 1.0000 | Time: 39.4049 | VAL: 0.8149 0.8225 | 0.0265 1.0000 | 0.0501 0.9799 | Time: 2.4369 | TEST: 0.7246 0.8274 | 0.0773 0.9672 | 0.0602 0.9722 | Time: 2.8831
Epoch: 0062 | TRAIN: 0.0002 1.0000 | 0.0002 1.0000 | 0.0003 1.0000 | Time: 39.5459 | VAL: 0.8214 0.8207 | 0.0267 1.0000 | 0.0510 0.9799 | Time: 2.4105 | TEST: 0.7362 0.8325 | 0.0811 0.9754 | 0.0576 0.9722 | Time: 2.8511
Epoch: 0063 | TRAIN: 0.0002 1.0000 | 0.0002 1.0000 | 0.0003 1.0000 | Time: 39.5270 | VAL: 0.8321 0.8152 | 0.0295 0.9888 | 0.0543 0.9799 | Time: 2.3805 | TEST: 0.7424 0.8325 | 0.0711 0.9672 | 0.0615 0.9667 | Time: 2.8549
Epoch: 0064 | TRAIN: 0.0002 1.0000 | 0.0002 1.0000 | 0.0002 1.0000 | Time: 39.4995 | VAL: 0.8313 0.8170 | 0.0258 1.0000 | 0.0489 0.9799 | Time: 2.3723 | TEST: 0.7329 0.8308 | 0.0715 0.9754 | 0.0616 0.9667 | Time: 2.8525
Epoch: 0065 | TRAIN: 0.0002 1.0000 | 0.0002 1.0000 | 0.0002 1.0000 | Time: 39.5934 | VAL: 0.8283 0.8243 | 0.0280 1.0000 | 0.0479 0.9799 | Time: 2.4277 | TEST: 0.7294 0.8308 | 0.0721 0.9754 | 0.0573 0.9722 | Time: 2.8615
Epoch: 0066 | TRAIN: 0.0002 1.0000 | 0.0002 1.0000 | 0.0002 1.0000 | Time: 39.7809 | VAL: 0.8408 0.8134 | 0.0265 1.0000 | 0.0481 0.9866 | Time: 2.3830 | TEST: 0.7479 0.8274 | 0.0771 0.9754 | 0.0537 0.9722 | Time: 2.8391
Epoch: 0067 | TRAIN: 0.0002 1.0000 | 0.0002 1.0000 | 0.0003 1.0000 | Time: 39.7928 | VAL: 0.8405 0.8134 | 0.0282 0.9888 | 0.0495 0.9799 | Time: 2.4124 | TEST: 0.7505 0.8274 | 0.0701 0.9754 | 0.0607 0.9667 | Time: 2.8840
Epoch: 0068 | TRAIN: 0.0002 1.0000 | 0.0002 1.0000 | 0.0002 1.0000 | Time: 39.6812 | VAL: 0.8441 0.8134 | 0.0243 1.0000 | 0.0510 0.9799 | Time: 2.4550 | TEST: 0.7347 0.8376 | 0.0823 0.9754 | 0.0658 0.9667 | Time: 2.8697
Epoch: 0069 | TRAIN: 0.0002 1.0000 | 0.0002 1.0000 | 0.0002 1.0000 | Time: 39.4996 | VAL: 0.8232 0.8134 | 0.0308 0.9888 | 0.0466 0.9799 | Time: 2.4238 | TEST: 0.7269 0.8325 | 0.0762 0.9754 | 0.0636 0.9667 | Time: 2.8646
Epoch: 0070 | TRAIN: 0.0002 1.0000 | 0.0002 1.0000 | 0.0002 1.0000 | Time: 39.4550 | VAL: 0.8322 0.8134 | 0.0301 0.9888 | 0.0482 0.9799 | Time: 2.4348 | TEST: 0.7400 0.8308 | 0.0773 0.9836 | 0.0687 0.9667 | Time: 2.8496
Epoch: 0071 | TRAIN: 0.0002 1.0000 | 0.0002 1.0000 | 0.0002 1.0000 | Time: 39.6867 | VAL: 0.8365 0.8188 | 0.0277 1.0000 | 0.0462 0.9799 | Time: 2.4207 | TEST: 0.7367 0.8342 | 0.0799 0.9836 | 0.0684 0.9667 | Time: 2.8602
Epoch: 0072 | TRAIN: 0.0002 1.0000 | 0.0002 1.0000 | 0.0002 1.0000 | Time: 39.7760 | VAL: 0.8342 0.8225 | 0.0263 1.0000 | 0.0460 0.9866 | Time: 2.4295 | TEST: 0.7356 0.8393 | 0.0895 0.9672 | 0.0705 0.9611 | Time: 2.8610
Epoch: 0073 | TRAIN: 0.0002 1.0000 | 0.0002 1.0000 | 0.0002 1.0000 | Time: 39.8704 | VAL: 0.8300 0.8188 | 0.0299 0.9888 | 0.0502 0.9866 | Time: 2.3995 | TEST: 0.7383 0.8427 | 0.0837 0.9754 | 0.0642 0.9667 | Time: 2.8602
Epoch: 0074 | TRAIN: 0.0002 1.0000 | 0.0002 1.0000 | 0.0002 1.0000 | Time: 39.9382 | VAL: 0.8267 0.8207 | 0.0316 0.9888 | 0.0484 0.9866 | Time: 2.3916 | TEST: 0.7437 0.8342 | 0.0884 0.9672 | 0.0650 0.9667 | Time: 2.8748
Epoch: 0075 | TRAIN: 0.0005 1.0000 | 0.0002 1.0000 | 0.0002 1.0000 | Time: 39.6671 | VAL: 0.8488 0.8134 | 0.0277 1.0000 | 0.0568 0.9866 | Time: 2.3468 | TEST: 0.7622 0.8308 | 0.0919 0.9754 | 0.0684 0.9722 | Time: 2.8106
Epoch: 0076 | TRAIN: 0.0021 0.9994 | 0.0002 1.0000 | 0.0002 1.0000 | Time: 39.7036 | VAL: 0.9149 0.8098 | 0.0268 1.0000 | 0.0647 0.9799 | Time: 2.4218 | TEST: 0.7987 0.8222 | 0.0923 0.9672 | 0.0665 0.9667 | Time: 2.9284
Epoch: 0077 | TRAIN: 0.0148 0.9970 | 0.0002 1.0000 | 0.0004 1.0000 | Time: 39.7573 | VAL: 1.0475 0.7844 | 0.0410 0.9888 | 0.0888 0.9732 | Time: 2.4497 | TEST: 0.8884 0.7949 | 0.1265 0.9672 | 0.0845 0.9556 | Time: 2.9022
Epoch: 0078 | TRAIN: 0.2219 0.9507 | 0.0079 0.9982 | 0.0050 1.0000 | Time: 39.6957 | VAL: 6.6508 0.1395 | 4.6138 0.2022 | 6.8431 0.1611 | Time: 2.4210 | TEST: 6.3487 0.1368 | 5.0964 0.1885 | 7.0706 0.1444 | Time: 2.8889
Epoch: 0079 | TRAIN: 3.6230 0.0931 | 3.1684 0.1532 | 3.3500 0.1196 | Time: 39.6323 | VAL: 14.4755 0.0236 | 5.8853 0.0899 | 6.9594 0.0537 | Time: 2.4089 | TEST: 14.2165 0.0239 | 5.3271 0.0984 | 5.7898 0.0556 | Time: 2.8769
Epoch: 0080 | TRAIN: 3.3837 0.0859 | 2.9325 0.1472 | 3.0759 0.1172 | Time: 39.6130 | VAL: 4.0681 0.0725 | 3.6373 0.0449 | 2.7757 0.1745 | Time: 2.3860 | TEST: 4.0267 0.0667 | 3.8263 0.0328 | 2.8667 0.1667 | Time: 2.8644
Epoch: 0081 | TRAIN: 3.1793 0.1262 | 2.3173 0.2831 | 2.4495 0.2386 | Time: 39.5532 | VAL: 3.0802 0.1486 | 4.0483 0.1348 | 2.8142 0.2013 | Time: 2.4367 | TEST: 3.1805 0.1231 | 4.3365 0.0820 | 2.7729 0.2056 | Time: 2.8772
Epoch: 0082 | TRAIN: 2.9044 0.2025 | 1.6375 0.4501 | 1.8813 0.3924 | Time: 39.6581 | VAL: 3.9145 0.1522 | 5.2488 0.1236 | 2.1407 0.3624 | Time: 2.3712 | TEST: 3.9452 0.1556 | 4.9825 0.1639 | 2.1644 0.3833 | Time: 2.8771
Epoch: 0083 | TRAIN: 2.7075 0.2572 | 1.2368 0.5829 | 1.5799 0.5000 | Time: 39.7261 | VAL: 2.8798 0.2156 | 4.3579 0.1910 | 1.7455 0.5034 | Time: 2.3470 | TEST: 2.8326 0.2051 | 4.2217 0.2213 | 1.7660 0.5000 | Time: 2.8510
Epoch: 0084 | TRAIN: 2.4241 0.3143 | 0.8347 0.7103 | 1.1437 0.6160 | Time: 39.5819 | VAL: 3.6419 0.1739 | 5.4863 0.1910 | 1.6743 0.5168 | Time: 2.3917 | TEST: 3.5808 0.1846 | 5.1370 0.2869 | 1.5398 0.5500 | Time: 2.8499
Epoch: 0085 | TRAIN: 2.2027 0.3648 | 0.4926 0.8444 | 0.7523 0.7506 | Time: 39.7471 | VAL: 3.2297 0.2355 | 4.4010 0.3146 | 1.3352 0.6242 | Time: 2.4786 | TEST: 3.2932 0.2239 | 4.0853 0.3279 | 1.2665 0.6000 | Time: 2.8666
Epoch: 0086 | TRAIN: 2.0045 0.4147 | 0.2449 0.9309 | 0.5100 0.8323 | Time: 39.7095 | VAL: 3.4177 0.2174 | 4.8795 0.1798 | 1.3683 0.6174 | Time: 2.3938 | TEST: 3.3903 0.2154 | 4.6892 0.2213 | 1.5048 0.6444 | Time: 2.8565
Epoch: 0087 | TRAIN: 1.9434 0.4357 | 0.1941 0.9459 | 0.4367 0.8594 | Time: 39.9717 | VAL: 2.6999 0.3243 | 5.4410 0.2360 | 1.3997 0.6644 | Time: 2.4341 | TEST: 2.7828 0.3145 | 5.1081 0.3033 | 1.4756 0.5778 | Time: 2.8946
Epoch: 0088 | TRAIN: 1.7200 0.5024 | 0.0966 0.9790 | 0.2037 0.9465 | Time: 39.8607 | VAL: 2.5993 0.3170 | 3.9892 0.4270 | 0.8846 0.7919 | Time: 2.3639 | TEST: 2.6240 0.3385 | 3.7544 0.4344 | 0.9029 0.7500 | Time: 2.8339
Epoch: 0089 | TRAIN: 1.6229 0.5216 | 0.0538 0.9910 | 0.1241 0.9688 | Time: 39.5591 | VAL: 2.7649 0.3279 | 4.1356 0.3708 | 0.9741 0.7919 | Time: 2.4157 | TEST: 2.8132 0.3282 | 4.1505 0.3689 | 1.0415 0.7389 | Time: 2.8703
Epoch: 0090 | TRAIN: 1.4495 0.5673 | 0.0232 0.9958 | 0.0589 0.9910 | Time: 39.6077 | VAL: 2.6498 0.3424 | 3.9759 0.4045 | 0.9822 0.7785 | Time: 2.4278 | TEST: 2.7042 0.3419 | 4.2166 0.4508 | 0.9751 0.7556 | Time: 2.8383
Epoch: 0091 | TRAIN: 1.3551 0.5974 | 0.0110 1.0000 | 0.0282 0.9994 | Time: 39.5738 | VAL: 2.6513 0.3623 | 3.6059 0.4494 | 0.9325 0.8255 | Time: 2.4221 | TEST: 2.6759 0.3504 | 3.8653 0.4180 | 0.9100 0.7833 | Time: 2.9402
Epoch: 0092 | TRAIN: 1.2657 0.6178 | 0.0082 0.9994 | 0.0241 0.9982 | Time: 39.6339 | VAL: 2.5341 0.3786 | 4.0162 0.4157 | 0.9541 0.8121 | Time: 2.4295 | TEST: 2.5536 0.3744 | 3.9149 0.4426 | 0.8523 0.7833 | Time: 2.8657
Epoch: 0093 | TRAIN: 1.2309 0.6310 | 0.0053 1.0000 | 0.0138 0.9988 | Time: 39.6111 | VAL: 2.6411 0.3696 | 3.5180 0.4607 | 0.9347 0.8121 | Time: 2.4336 | TEST: 2.6297 0.3504 | 3.7098 0.4918 | 0.8198 0.8000 | Time: 2.8133
Epoch: 0094 | TRAIN: 1.1628 0.6641 | 0.0052 0.9994 | 0.0101 1.0000 | Time: 39.6230 | VAL: 2.6828 0.3696 | 3.4884 0.4607 | 0.8799 0.8523 | Time: 2.3889 | TEST: 2.6692 0.3538 | 3.5970 0.4508 | 0.7857 0.7944 | Time: 2.8425
Epoch: 0095 | TRAIN: 1.1177 0.6599 | 0.0042 1.0000 | 0.0077 1.0000 | Time: 39.5254 | VAL: 2.5922 0.3859 | 3.2394 0.5056 | 0.8639 0.8523 | Time: 2.3516 | TEST: 2.5233 0.3812 | 3.3883 0.5246 | 0.7607 0.8056 | Time: 2.8190
Epoch: 0096 | TRAIN: 1.0815 0.6725 | 0.0040 1.0000 | 0.0059 1.0000 | Time: 39.4208 | VAL: 2.7110 0.3569 | 3.2781 0.4944 | 0.8498 0.8389 | Time: 2.4079 | TEST: 2.7035 0.3590 | 3.4354 0.5082 | 0.7789 0.8111 | Time: 2.8505
Epoch: 0097 | TRAIN: 0.9859 0.6971 | 0.0029 1.0000 | 0.0062 1.0000 | Time: 39.4536 | VAL: 2.6875 0.3714 | 3.0004 0.5169 | 0.8848 0.8389 | Time: 2.3949 | TEST: 2.6445 0.3675 | 3.1696 0.5082 | 0.7905 0.7944 | Time: 2.8397
Epoch: 0098 | TRAIN: 0.9265 0.7200 | 0.0029 1.0000 | 0.0044 1.0000 | Time: 39.5419 | VAL: 2.7649 0.3678 | 3.2194 0.4944 | 0.8885 0.8523 | Time: 2.4177 | TEST: 2.7387 0.3470 | 3.4369 0.4836 | 0.7865 0.8278 | Time: 2.8793
Epoch: 0099 | TRAIN: 0.9039 0.7266 | 0.0027 1.0000 | 0.0046 1.0000 | Time: 39.5984 | VAL: 2.7677 0.3732 | 3.3781 0.4944 | 0.9116 0.8456 | Time: 2.4095 | TEST: 2.7018 0.3675 | 3.6650 0.4672 | 0.8189 0.7944 | Time: 2.8715
========================================
Best Result: Epoch 72, result {'amazon': [0.8393162393162393], 'dslr': [0.9672131147540983], 'webcam': [0.9611111111111111]}
========================================
