========================================
General Configuration:
	Wighting: MoCo
	Architecture: HPS
	Rep_Grad: False
	Multi_Input: True
	Seed: 0
	Device: cuda:0
MoCo Configuration:
	weighting: MoCo
	beta_moco: 1.0
	gamma_moco: 0.01
	rho_moco: 1.0
	moco_gn: none
Optimizer Configuration:
	optim: adam
	lr: 0.01
	weight_decay: 1e-05
========================================
Total Params: 11487901
Trainable Params: 11487901
Non-trainable Params: 0
========================================
LOG FORMAT | amazon_LOSS Acc | dslr_LOSS Acc | webcam_LOSS Acc | TIME
Epoch: 0000 | TRAIN: 3.7531 0.0403 | 3.6622 0.0637 | 3.7045 0.0601 | Time: 41.0542 | VAL: 26.0554 0.0362 | 44.8028 0.0112 | 64.1987 0.0671 | Time: 2.4734 | TEST: 26.7240 0.0342 | 44.1519 0.0082 | 70.7523 0.0667 | Time: 2.9944
Epoch: 0001 | TRAIN: 3.7816 0.0451 | 3.2746 0.1016 | 3.2089 0.1334 | Time: 40.4774 | VAL: 7.1205 0.0380 | 3.5813 0.0562 | 3.3479 0.1275 | Time: 2.4420 | TEST: 6.7678 0.0393 | 3.6124 0.1148 | 3.5218 0.1278 | Time: 3.0644
Epoch: 0002 | TRAIN: 3.6230 0.0535 | 2.9645 0.1629 | 2.6544 0.2145 | Time: 41.3558 | VAL: 5.7848 0.0380 | 4.3845 0.0674 | 2.5382 0.2483 | Time: 2.4569 | TEST: 5.4661 0.0393 | 4.4609 0.0574 | 2.5990 0.1833 | Time: 2.9442
Epoch: 0003 | TRAIN: 3.5928 0.0919 | 2.4653 0.2686 | 2.2934 0.2806 | Time: 41.3626 | VAL: 7.8852 0.0290 | 4.9880 0.0562 | 2.7225 0.2483 | Time: 2.9096 | TEST: 7.7271 0.0205 | 5.1644 0.0820 | 2.6294 0.2444 | Time: 3.0320
Epoch: 0004 | TRAIN: 3.4657 0.1046 | 2.0494 0.3389 | 1.9443 0.3870 | Time: 40.1535 | VAL: 9.2094 0.0399 | 4.9543 0.0787 | 2.4861 0.3154 | Time: 2.4429 | TEST: 8.8651 0.0376 | 5.0593 0.0738 | 2.4400 0.2833 | Time: 2.8802
Epoch: 0005 | TRAIN: 3.2595 0.1478 | 1.5456 0.5006 | 1.5438 0.5120 | Time: 40.0255 | VAL: 6.2525 0.0290 | 5.4550 0.1011 | 1.9592 0.4362 | Time: 2.4196 | TEST: 6.2294 0.0342 | 5.4744 0.1148 | 2.0838 0.3833 | Time: 2.8524
Epoch: 0006 | TRAIN: 2.9557 0.2001 | 0.9622 0.6863 | 1.0403 0.6605 | Time: 39.7984 | VAL: 5.0244 0.0688 | 5.9437 0.1348 | 1.5844 0.5436 | Time: 2.4295 | TEST: 5.0059 0.0581 | 6.1394 0.1393 | 1.7242 0.4667 | Time: 2.8782
Epoch: 0007 | TRAIN: 2.7777 0.2542 | 0.7041 0.7710 | 0.7767 0.7440 | Time: 39.7874 | VAL: 4.5067 0.0743 | 6.5512 0.1348 | 1.6686 0.5570 | Time: 2.4625 | TEST: 4.4595 0.0615 | 6.3627 0.1639 | 1.8535 0.4889 | Time: 2.8532
Epoch: 0008 | TRAIN: 2.6457 0.2855 | 0.4497 0.8648 | 0.5779 0.8119 | Time: 39.8122 | VAL: 5.0435 0.0924 | 5.8437 0.1236 | 1.8596 0.5369 | Time: 2.3952 | TEST: 4.9651 0.1009 | 5.3895 0.2213 | 1.9273 0.5056 | Time: 2.8651
Epoch: 0009 | TRAIN: 2.4475 0.3197 | 0.2932 0.9195 | 0.3814 0.8852 | Time: 40.2254 | VAL: 5.1174 0.0634 | 5.9317 0.2135 | 1.3534 0.6711 | Time: 2.5840 | TEST: 5.0279 0.0735 | 5.5274 0.2377 | 1.6136 0.5778 | Time: 2.9157
Epoch: 0010 | TRAIN: 2.3145 0.3606 | 0.2168 0.9417 | 0.2736 0.9159 | Time: 39.9099 | VAL: 6.0199 0.0616 | 6.1836 0.1798 | 1.4862 0.6510 | Time: 2.4497 | TEST: 6.0343 0.0427 | 5.8505 0.1721 | 1.6486 0.5889 | Time: 2.8935
Epoch: 0011 | TRAIN: 2.2610 0.3570 | 0.1736 0.9525 | 0.2356 0.9309 | Time: 39.7935 | VAL: 6.1994 0.0489 | 7.6133 0.0899 | 1.5256 0.6309 | Time: 2.4303 | TEST: 6.1616 0.0393 | 7.2821 0.1557 | 1.7453 0.5444 | Time: 2.8660
Epoch: 0012 | TRAIN: 2.0483 0.4159 | 0.1316 0.9633 | 0.1730 0.9549 | Time: 40.2526 | VAL: 6.1370 0.0489 | 5.8341 0.2247 | 1.3317 0.7181 | Time: 2.4275 | TEST: 6.0878 0.0496 | 5.3977 0.2541 | 1.4997 0.6556 | Time: 2.8950
Epoch: 0013 | TRAIN: 1.9570 0.4273 | 0.0960 0.9760 | 0.1571 0.9537 | Time: 40.2360 | VAL: 5.4943 0.1069 | 6.1746 0.2697 | 1.1142 0.7181 | Time: 2.4401 | TEST: 5.3955 0.0991 | 5.8676 0.3197 | 1.2203 0.7167 | Time: 3.1635
Epoch: 0014 | TRAIN: 1.8562 0.4778 | 0.0795 0.9796 | 0.1232 0.9657 | Time: 40.7318 | VAL: 5.2936 0.0924 | 6.5114 0.1573 | 1.6834 0.6040 | Time: 2.4120 | TEST: 5.2020 0.0667 | 5.9966 0.2213 | 2.0693 0.5833 | Time: 2.8765
Epoch: 0015 | TRAIN: 1.7315 0.4856 | 0.0529 0.9910 | 0.0700 0.9844 | Time: 40.4044 | VAL: 5.6670 0.0870 | 7.2475 0.2247 | 1.9652 0.6040 | Time: 2.5129 | TEST: 5.4991 0.0632 | 7.2081 0.1721 | 1.9994 0.5056 | Time: 2.9614
Epoch: 0016 | TRAIN: 1.6033 0.5276 | 0.0441 0.9940 | 0.1021 0.9730 | Time: 40.2383 | VAL: 6.2925 0.0688 | 6.9798 0.1910 | 1.4559 0.7114 | Time: 2.4922 | TEST: 6.2089 0.0615 | 6.3261 0.2295 | 1.4673 0.6722 | Time: 2.9275
Epoch: 0017 | TRAIN: 1.5397 0.5469 | 0.0702 0.9808 | 0.0794 0.9796 | Time: 41.0276 | VAL: 5.7489 0.1141 | 4.9193 0.2472 | 1.4483 0.6711 | Time: 2.7771 | TEST: 5.7074 0.1026 | 4.7471 0.2787 | 1.5539 0.6500 | Time: 3.3502
Epoch: 0018 | TRAIN: 1.4484 0.5685 | 0.0593 0.9856 | 0.0766 0.9826 | Time: 43.3760 | VAL: 5.8802 0.1033 | 5.8986 0.1798 | 1.0474 0.7517 | Time: 2.4650 | TEST: 5.7795 0.0991 | 5.8588 0.2131 | 1.4501 0.6889 | Time: 2.8773
Epoch: 0019 | TRAIN: 1.3666 0.5968 | 0.0458 0.9874 | 0.0658 0.9820 | Time: 40.8911 | VAL: 7.7318 0.0688 | 5.8693 0.1798 | 1.2709 0.7315 | Time: 2.4443 | TEST: 7.7961 0.0393 | 5.2102 0.2623 | 1.5685 0.6444 | Time: 2.9153
Epoch: 0020 | TRAIN: 1.3538 0.5944 | 0.0504 0.9892 | 0.0663 0.9826 | Time: 40.0211 | VAL: 8.5589 0.0435 | 6.4495 0.1798 | 1.7237 0.7047 | Time: 2.4042 | TEST: 8.8815 0.0256 | 5.8643 0.2541 | 2.0723 0.5944 | Time: 2.8968
Epoch: 0021 | TRAIN: 1.2508 0.6172 | 0.0457 0.9886 | 0.0661 0.9838 | Time: 39.8726 | VAL: 7.8577 0.0525 | 4.3413 0.3146 | 1.3504 0.7047 | Time: 2.4109 | TEST: 7.9758 0.0291 | 4.3506 0.3279 | 1.8293 0.5833 | Time: 2.8287
Epoch: 0022 | TRAIN: 1.1855 0.6328 | 0.0398 0.9916 | 0.0576 0.9862 | Time: 40.0776 | VAL: 6.8886 0.0942 | 6.2613 0.2584 | 1.3192 0.7315 | Time: 2.3895 | TEST: 6.8381 0.0940 | 5.3884 0.2787 | 1.5292 0.6778 | Time: 2.9345
Epoch: 0023 | TRAIN: 1.0686 0.6701 | 0.0229 0.9940 | 0.0471 0.9874 | Time: 40.1558 | VAL: 6.9203 0.0743 | 6.0960 0.2022 | 1.2164 0.7248 | Time: 2.3774 | TEST: 6.9305 0.0684 | 5.4875 0.3115 | 1.6290 0.6778 | Time: 2.8287
Epoch: 0024 | TRAIN: 0.9870 0.6917 | 0.0207 0.9958 | 0.0403 0.9904 | Time: 40.0061 | VAL: 6.0392 0.0779 | 5.5587 0.1461 | 1.3170 0.7718 | Time: 2.4519 | TEST: 6.0560 0.0684 | 5.1792 0.2049 | 1.5537 0.6889 | Time: 2.9147
Epoch: 0025 | TRAIN: 0.9457 0.7037 | 0.0311 0.9928 | 0.0341 0.9916 | Time: 40.0046 | VAL: 9.2950 0.0616 | 5.3947 0.2022 | 1.6266 0.6913 | Time: 2.4607 | TEST: 9.3528 0.0427 | 5.1623 0.2705 | 1.9332 0.6389 | Time: 2.8944
Epoch: 0026 | TRAIN: 1.0030 0.6779 | 0.0304 0.9934 | 0.0408 0.9868 | Time: 39.8763 | VAL: 9.6239 0.0525 | 5.8568 0.2360 | 1.6714 0.7383 | Time: 2.4236 | TEST: 9.6856 0.0393 | 5.2935 0.3033 | 2.0183 0.6056 | Time: 2.8890
Epoch: 0027 | TRAIN: 0.9844 0.6929 | 0.0338 0.9898 | 0.0701 0.9802 | Time: 39.9412 | VAL: 7.9706 0.0688 | 8.2330 0.2135 | 1.3698 0.7181 | Time: 2.4505 | TEST: 7.9955 0.0718 | 6.9756 0.2869 | 1.9170 0.6611 | Time: 2.8687
Epoch: 0028 | TRAIN: 0.9138 0.7181 | 0.0356 0.9898 | 0.0448 0.9874 | Time: 40.3059 | VAL: 9.6290 0.0562 | 4.7795 0.2360 | 1.3122 0.7315 | Time: 2.4284 | TEST: 9.5723 0.0444 | 4.7794 0.2787 | 1.3898 0.7111 | Time: 2.8617
Epoch: 0029 | TRAIN: 0.8454 0.7380 | 0.0309 0.9916 | 0.0385 0.9904 | Time: 40.1474 | VAL: 7.2279 0.0634 | 6.0884 0.2360 | 1.2420 0.7248 | Time: 2.4092 | TEST: 7.3253 0.0462 | 5.3579 0.2869 | 1.7522 0.6389 | Time: 2.8396
Epoch: 0030 | TRAIN: 0.7261 0.7596 | 0.0144 0.9976 | 0.0419 0.9886 | Time: 39.9799 | VAL: 10.6516 0.0598 | 4.9665 0.3146 | 1.1458 0.8121 | Time: 2.5120 | TEST: 10.7792 0.0410 | 4.6529 0.3525 | 1.4510 0.7278 | Time: 3.0704
Epoch: 0031 | TRAIN: 0.6968 0.7806 | 0.0113 0.9982 | 0.0285 0.9934 | Time: 40.1888 | VAL: 9.3631 0.0507 | 6.0970 0.2584 | 1.3769 0.7584 | Time: 2.4382 | TEST: 9.4530 0.0376 | 5.6012 0.3361 | 1.7250 0.6833 | Time: 2.8952
Epoch: 0032 | TRAIN: 0.6679 0.7957 | 0.0186 0.9946 | 0.0224 0.9952 | Time: 41.0401 | VAL: 7.9600 0.0942 | 5.5075 0.2584 | 1.7220 0.6779 | Time: 2.4514 | TEST: 8.1790 0.0838 | 4.8062 0.3443 | 2.2168 0.5556 | Time: 2.8861
Epoch: 0033 | TRAIN: 0.6395 0.7939 | 0.0191 0.9946 | 0.0489 0.9850 | Time: 40.9519 | VAL: 10.0408 0.0779 | 5.6367 0.3146 | 1.3067 0.7785 | Time: 2.4630 | TEST: 10.3548 0.0479 | 5.1355 0.3279 | 1.3281 0.7167 | Time: 2.9868
Epoch: 0034 | TRAIN: 0.6589 0.7788 | 0.0450 0.9862 | 0.0370 0.9886 | Time: 40.4051 | VAL: 7.4124 0.1087 | 5.9161 0.1798 | 1.0738 0.7987 | Time: 2.4819 | TEST: 7.4091 0.1026 | 5.7760 0.2049 | 1.3766 0.7222 | Time: 2.9877
Epoch: 0035 | TRAIN: 0.6062 0.8155 | 0.0174 0.9952 | 0.0407 0.9880 | Time: 40.4623 | VAL: 9.5236 0.0688 | 5.0733 0.2697 | 1.1775 0.7114 | Time: 2.4598 | TEST: 9.7146 0.0530 | 4.6667 0.3361 | 1.7766 0.7111 | Time: 3.0968
Epoch: 0036 | TRAIN: 0.5484 0.8359 | 0.0194 0.9970 | 0.0383 0.9874 | Time: 40.3283 | VAL: 8.3065 0.1123 | 6.2287 0.2472 | 1.5930 0.7248 | Time: 2.5322 | TEST: 8.2850 0.0855 | 5.3582 0.3115 | 1.6558 0.7222 | Time: 3.2883
Epoch: 0037 | TRAIN: 0.4755 0.8450 | 0.0218 0.9910 | 0.0324 0.9916 | Time: 39.6695 | VAL: 11.0787 0.0435 | 7.4929 0.1685 | 1.6419 0.6846 | Time: 2.4362 | TEST: 11.2180 0.0462 | 6.5615 0.2951 | 2.0865 0.6222 | Time: 2.8758
Epoch: 0038 | TRAIN: 0.4484 0.8630 | 0.0189 0.9946 | 0.0270 0.9922 | Time: 39.8492 | VAL: 9.5117 0.0815 | 6.4312 0.2360 | 1.5178 0.7315 | Time: 2.4330 | TEST: 9.6207 0.0684 | 5.4728 0.3033 | 1.7389 0.6722 | Time: 2.8913
Epoch: 0039 | TRAIN: 0.4397 0.8444 | 0.0170 0.9946 | 0.0386 0.9880 | Time: 40.0227 | VAL: 10.8776 0.0688 | 6.3162 0.2697 | 1.5438 0.7047 | Time: 2.4434 | TEST: 10.8438 0.0444 | 5.3466 0.3689 | 2.0187 0.6611 | Time: 2.9579
Epoch: 0040 | TRAIN: 0.5558 0.8365 | 0.0242 0.9946 | 0.0342 0.9928 | Time: 39.8489 | VAL: 7.5564 0.1232 | 6.6315 0.1910 | 1.7038 0.7248 | Time: 2.4659 | TEST: 7.4257 0.1214 | 6.1880 0.2705 | 2.2993 0.6500 | Time: 2.9523
Epoch: 0041 | TRAIN: 0.5504 0.8311 | 0.0207 0.9964 | 0.0317 0.9904 | Time: 40.0028 | VAL: 12.6976 0.0616 | 5.9461 0.2360 | 1.3793 0.7584 | Time: 2.3944 | TEST: 12.8872 0.0581 | 4.9119 0.3443 | 1.8623 0.6944 | Time: 2.8608
Epoch: 0042 | TRAIN: 0.4235 0.8738 | 0.0141 0.9964 | 0.0246 0.9904 | Time: 39.9167 | VAL: 10.9040 0.0471 | 4.7992 0.3483 | 1.4635 0.7651 | Time: 2.4395 | TEST: 11.0532 0.0410 | 4.2705 0.3115 | 1.9393 0.6556 | Time: 2.8995
Epoch: 0043 | TRAIN: 0.4405 0.8606 | 0.0288 0.9916 | 0.0523 0.9850 | Time: 39.9053 | VAL: 10.9898 0.0743 | 5.7079 0.2472 | 1.5653 0.7651 | Time: 2.4271 | TEST: 11.4630 0.0547 | 5.0744 0.3033 | 2.3202 0.6389 | Time: 2.8461
Epoch: 0044 | TRAIN: 0.5094 0.8486 | 0.0333 0.9904 | 0.0439 0.9844 | Time: 40.1891 | VAL: 11.2163 0.0525 | 5.1200 0.3034 | 1.6178 0.7181 | Time: 2.4458 | TEST: 11.5374 0.0513 | 4.4506 0.3443 | 2.0576 0.6333 | Time: 2.8975
Epoch: 0045 | TRAIN: 0.5158 0.8438 | 0.0395 0.9892 | 0.0807 0.9754 | Time: 39.9075 | VAL: 12.1431 0.0598 | 6.8589 0.2135 | 2.0025 0.6443 | Time: 2.4030 | TEST: 12.4712 0.0547 | 5.9429 0.3279 | 2.1304 0.5778 | Time: 2.9289
Epoch: 0046 | TRAIN: 0.4800 0.8552 | 0.0282 0.9922 | 0.0351 0.9910 | Time: 40.0149 | VAL: 9.0889 0.0978 | 5.0261 0.2360 | 1.4709 0.7651 | Time: 2.4617 | TEST: 9.2426 0.0735 | 4.3266 0.3934 | 1.6919 0.7167 | Time: 2.9089
Epoch: 0047 | TRAIN: 0.4715 0.8456 | 0.0163 0.9958 | 0.0249 0.9922 | Time: 39.8751 | VAL: 10.4364 0.0616 | 6.6379 0.2022 | 1.4706 0.7248 | Time: 2.3994 | TEST: 10.6896 0.0462 | 6.0518 0.2787 | 1.8050 0.6444 | Time: 2.8460
Epoch: 0048 | TRAIN: 0.4625 0.8570 | 0.0109 0.9976 | 0.0167 0.9970 | Time: 39.7116 | VAL: 9.9968 0.0598 | 7.0457 0.2809 | 1.3335 0.7584 | Time: 2.4206 | TEST: 10.1124 0.0564 | 6.1178 0.3197 | 1.4132 0.7056 | Time: 2.8683
Epoch: 0049 | TRAIN: 0.3247 0.8954 | 0.0132 0.9964 | 0.0206 0.9922 | Time: 39.6155 | VAL: 9.1484 0.0688 | 5.5241 0.3034 | 1.2589 0.7450 | Time: 2.4217 | TEST: 9.5493 0.0684 | 4.9280 0.3607 | 1.5108 0.7167 | Time: 2.8678
Epoch: 0050 | TRAIN: 0.2690 0.9195 | 0.0072 0.9982 | 0.0138 0.9952 | Time: 39.6396 | VAL: 9.9481 0.0652 | 5.4884 0.2809 | 1.4638 0.7450 | Time: 2.4416 | TEST: 10.1569 0.0598 | 4.8338 0.3197 | 1.6505 0.7000 | Time: 2.8728
Epoch: 0051 | TRAIN: 0.3677 0.8954 | 0.0041 1.0000 | 0.0083 0.9982 | Time: 39.8048 | VAL: 9.7942 0.0906 | 5.2883 0.3258 | 1.1580 0.7114 | Time: 2.4248 | TEST: 10.1598 0.0769 | 4.4379 0.3770 | 1.7577 0.7056 | Time: 2.9351
Epoch: 0052 | TRAIN: 0.3995 0.8780 | 0.0102 0.9988 | 0.0157 0.9958 | Time: 39.6042 | VAL: 11.4745 0.0598 | 6.3786 0.3034 | 1.6814 0.7047 | Time: 2.4103 | TEST: 11.9523 0.0530 | 5.6160 0.3443 | 2.0207 0.6556 | Time: 2.8890
Epoch: 0053 | TRAIN: 0.3820 0.8798 | 0.0178 0.9946 | 0.0346 0.9886 | Time: 39.7039 | VAL: 11.3830 0.0815 | 4.3438 0.3933 | 1.6339 0.6779 | Time: 2.4034 | TEST: 11.6976 0.0735 | 3.7043 0.4426 | 2.1687 0.6111 | Time: 2.9208
Epoch: 0054 | TRAIN: 0.3725 0.8714 | 0.0258 0.9928 | 0.0302 0.9886 | Time: 39.6214 | VAL: 13.6279 0.0670 | 5.7659 0.3258 | 1.9281 0.6644 | Time: 2.4441 | TEST: 14.0631 0.0410 | 5.4354 0.3197 | 2.2406 0.6222 | Time: 2.8769
Epoch: 0055 | TRAIN: 0.2451 0.9195 | 0.0114 0.9964 | 0.0225 0.9910 | Time: 39.6164 | VAL: 7.6781 0.1721 | 4.6353 0.3258 | 1.2495 0.7450 | Time: 2.4202 | TEST: 7.9182 0.1470 | 4.3302 0.3443 | 1.7351 0.6944 | Time: 2.9579
Epoch: 0056 | TRAIN: 0.3180 0.8996 | 0.0136 0.9964 | 0.0383 0.9874 | Time: 39.5641 | VAL: 8.2805 0.1214 | 5.5135 0.2921 | 1.6542 0.7047 | Time: 2.4223 | TEST: 8.5449 0.1094 | 4.7220 0.3852 | 2.0143 0.6444 | Time: 2.8824
Epoch: 0057 | TRAIN: 0.3782 0.8768 | 0.0149 0.9976 | 0.0601 0.9820 | Time: 39.7519 | VAL: 11.6988 0.0761 | 6.9514 0.3146 | 1.3278 0.7852 | Time: 2.4183 | TEST: 12.1016 0.0581 | 5.6367 0.3934 | 1.7101 0.7111 | Time: 2.8722
Epoch: 0058 | TRAIN: 0.3239 0.8882 | 0.0139 0.9958 | 0.0284 0.9910 | Time: 39.8479 | VAL: 7.8554 0.1250 | 5.1715 0.3371 | 1.3393 0.6980 | Time: 2.4272 | TEST: 7.8828 0.1111 | 4.5064 0.4262 | 1.6386 0.6833 | Time: 2.9051
Epoch: 0059 | TRAIN: 0.3617 0.8828 | 0.0157 0.9952 | 0.0213 0.9916 | Time: 39.7703 | VAL: 11.7127 0.0562 | 5.6854 0.2809 | 1.5509 0.7450 | Time: 2.4225 | TEST: 11.8529 0.0530 | 4.8126 0.3934 | 1.8342 0.6667 | Time: 2.8530
Epoch: 0060 | TRAIN: 0.3423 0.8828 | 0.0188 0.9940 | 0.0153 0.9952 | Time: 39.6839 | VAL: 11.5228 0.0634 | 5.1590 0.3483 | 1.5706 0.7248 | Time: 2.3830 | TEST: 11.7722 0.0479 | 4.8778 0.4016 | 1.8822 0.6778 | Time: 2.8450
Epoch: 0061 | TRAIN: 0.3871 0.8936 | 0.0128 0.9958 | 0.0163 0.9952 | Time: 39.7200 | VAL: 15.1987 0.0743 | 4.2731 0.3146 | 1.6877 0.6980 | Time: 2.4089 | TEST: 15.3956 0.0684 | 3.7225 0.3934 | 2.0171 0.6278 | Time: 2.9374
Epoch: 0062 | TRAIN: 0.2597 0.9111 | 0.0051 0.9994 | 0.0108 0.9958 | Time: 39.8989 | VAL: 11.1522 0.0743 | 5.4584 0.3596 | 1.3929 0.7785 | Time: 2.4594 | TEST: 11.1982 0.0684 | 4.5849 0.4098 | 1.5976 0.7389 | Time: 2.8934
Epoch: 0063 | TRAIN: 0.2098 0.9357 | 0.0133 0.9964 | 0.0119 0.9952 | Time: 39.7398 | VAL: 9.8906 0.1105 | 7.1388 0.2809 | 1.6837 0.6980 | Time: 2.4238 | TEST: 10.0082 0.0940 | 6.2476 0.3033 | 1.8107 0.6833 | Time: 2.8951
Epoch: 0064 | TRAIN: 0.2035 0.9375 | 0.0256 0.9910 | 0.0245 0.9916 | Time: 39.7450 | VAL: 11.9918 0.0670 | 4.4104 0.3596 | 1.3852 0.7315 | Time: 2.4327 | TEST: 12.3259 0.0650 | 4.2321 0.3934 | 1.8156 0.7000 | Time: 2.9077
Epoch: 0065 | TRAIN: 0.2925 0.9099 | 0.0163 0.9946 | 0.0235 0.9940 | Time: 39.8045 | VAL: 13.2877 0.0797 | 4.9494 0.3258 | 1.3701 0.7584 | Time: 2.4212 | TEST: 13.8422 0.0667 | 4.3528 0.3852 | 1.7574 0.6611 | Time: 2.8692
Epoch: 0066 | TRAIN: 0.3152 0.9020 | 0.0219 0.9928 | 0.0357 0.9898 | Time: 39.9470 | VAL: 8.6368 0.0942 | 7.1045 0.2360 | 2.2747 0.6779 | Time: 2.4257 | TEST: 9.0683 0.0786 | 6.3565 0.3607 | 2.5308 0.6222 | Time: 2.8980
Epoch: 0067 | TRAIN: 0.3540 0.8984 | 0.0346 0.9886 | 0.0334 0.9862 | Time: 39.8418 | VAL: 7.1392 0.1558 | 4.0332 0.3483 | 1.5015 0.7517 | Time: 2.4075 | TEST: 7.1914 0.1453 | 4.0633 0.4098 | 1.8863 0.6500 | Time: 2.8632
Epoch: 0068 | TRAIN: 0.3124 0.9014 | 0.0215 0.9904 | 0.0298 0.9904 | Time: 39.9170 | VAL: 9.7975 0.0996 | 5.2883 0.2472 | 1.9976 0.6980 | Time: 2.4447 | TEST: 9.9953 0.0821 | 4.7170 0.3115 | 1.8725 0.6889 | Time: 2.8883
Epoch: 0069 | TRAIN: 0.3913 0.8810 | 0.0420 0.9880 | 0.0439 0.9862 | Time: 40.2537 | VAL: 11.0980 0.0489 | 5.4286 0.3258 | 1.9686 0.6846 | Time: 2.3904 | TEST: 11.3429 0.0701 | 4.1532 0.4016 | 2.4065 0.6167 | Time: 2.8582
Epoch: 0070 | TRAIN: 0.3824 0.8846 | 0.0138 0.9952 | 0.0418 0.9868 | Time: 40.0358 | VAL: 8.7930 0.1286 | 5.9630 0.2697 | 1.9215 0.6913 | Time: 2.4243 | TEST: 8.9690 0.1385 | 4.3331 0.3525 | 2.0755 0.6722 | Time: 2.8836
Epoch: 0071 | TRAIN: 0.2790 0.9117 | 0.0154 0.9958 | 0.0327 0.9868 | Time: 40.1726 | VAL: 9.3934 0.1069 | 6.0937 0.2584 | 1.5043 0.7450 | Time: 2.5969 | TEST: 9.6215 0.1043 | 5.2538 0.3279 | 1.6071 0.7167 | Time: 3.2351
Epoch: 0072 | TRAIN: 0.2569 0.9183 | 0.0148 0.9958 | 0.0351 0.9874 | Time: 40.3484 | VAL: 10.5576 0.0779 | 3.9100 0.3371 | 1.6619 0.7114 | Time: 2.4248 | TEST: 11.0105 0.0821 | 3.7241 0.3770 | 1.8387 0.7278 | Time: 2.9157
Epoch: 0073 | TRAIN: 0.2320 0.9315 | 0.0067 0.9994 | 0.0252 0.9916 | Time: 40.1280 | VAL: 9.5104 0.0616 | 4.3333 0.2921 | 1.7722 0.7047 | Time: 2.4163 | TEST: 9.5785 0.0855 | 4.0551 0.4180 | 1.8588 0.7000 | Time: 3.0162
Epoch: 0074 | TRAIN: 0.2075 0.9381 | 0.0128 0.9964 | 0.0064 0.9976 | Time: 40.6676 | VAL: 8.2968 0.1178 | 5.2656 0.3258 | 1.7918 0.6846 | Time: 2.5253 | TEST: 8.4780 0.1350 | 4.3435 0.4426 | 1.8527 0.6889 | Time: 3.0086
Epoch: 0075 | TRAIN: 0.2058 0.9435 | 0.0078 0.9982 | 0.0112 0.9964 | Time: 40.1704 | VAL: 9.7862 0.1051 | 6.3854 0.2921 | 1.5976 0.7517 | Time: 2.4805 | TEST: 9.8743 0.1179 | 5.0773 0.4016 | 1.9262 0.6944 | Time: 3.0485
Epoch: 0076 | TRAIN: 0.2108 0.9417 | 0.0074 0.9982 | 0.0120 0.9964 | Time: 40.4706 | VAL: 10.4522 0.1322 | 3.8784 0.4719 | 1.6742 0.7315 | Time: 2.9156 | TEST: 10.7936 0.1333 | 3.3787 0.4590 | 2.1304 0.6778 | Time: 2.8912
Epoch: 0077 | TRAIN: 0.2455 0.9279 | 0.0085 0.9970 | 0.0173 0.9934 | Time: 39.7967 | VAL: 11.3565 0.1123 | 5.6544 0.3371 | 1.4839 0.7450 | Time: 2.4248 | TEST: 11.7720 0.1060 | 4.0484 0.3689 | 1.6076 0.7556 | Time: 2.9280
Epoch: 0078 | TRAIN: 0.2415 0.9327 | 0.0081 0.9976 | 0.0273 0.9904 | Time: 40.0099 | VAL: 8.5071 0.1630 | 4.7738 0.3596 | 1.5634 0.7517 | Time: 2.4559 | TEST: 8.9281 0.1402 | 3.9379 0.4836 | 1.9368 0.6889 | Time: 2.8809
Epoch: 0079 | TRAIN: 0.2009 0.9387 | 0.0110 0.9970 | 0.0343 0.9922 | Time: 39.9966 | VAL: 11.6129 0.1087 | 5.0344 0.3596 | 1.3244 0.7383 | Time: 2.5000 | TEST: 11.9447 0.1026 | 4.1485 0.4426 | 1.9904 0.6889 | Time: 2.8619
Epoch: 0080 | TRAIN: 0.2290 0.9291 | 0.0114 0.9964 | 0.0264 0.9934 | Time: 39.8789 | VAL: 15.1759 0.0797 | 3.8531 0.3371 | 1.7792 0.7248 | Time: 2.4205 | TEST: 15.6636 0.0598 | 3.2683 0.4262 | 2.0229 0.6722 | Time: 2.8735
Epoch: 0081 | TRAIN: 0.2757 0.9195 | 0.0165 0.9946 | 0.0196 0.9934 | Time: 39.8906 | VAL: 9.8996 0.1268 | 3.7908 0.3483 | 1.8879 0.7248 | Time: 2.4199 | TEST: 10.2036 0.1179 | 3.2688 0.4098 | 1.6625 0.6833 | Time: 2.8746
Epoch: 0082 | TRAIN: 0.2469 0.9261 | 0.0103 0.9970 | 0.0321 0.9898 | Time: 39.8062 | VAL: 7.2958 0.1938 | 5.3917 0.3371 | 1.9497 0.6376 | Time: 2.4345 | TEST: 7.4738 0.1812 | 4.5864 0.3934 | 2.3190 0.6333 | Time: 2.9045
Epoch: 0083 | TRAIN: 0.2206 0.9315 | 0.0085 0.9982 | 0.0122 0.9982 | Time: 39.9099 | VAL: 7.8096 0.1467 | 3.7268 0.3371 | 1.3826 0.7383 | Time: 2.4547 | TEST: 8.1318 0.1487 | 3.4037 0.4344 | 1.7568 0.7222 | Time: 2.8949
Epoch: 0084 | TRAIN: 0.2011 0.9423 | 0.0038 0.9994 | 0.0131 0.9952 | Time: 39.8878 | VAL: 15.1273 0.0833 | 4.4451 0.3258 | 1.4300 0.7383 | Time: 2.4539 | TEST: 15.7668 0.0581 | 3.6986 0.3934 | 1.8038 0.7444 | Time: 2.8837
Epoch: 0085 | TRAIN: 0.2072 0.9387 | 0.0152 0.9970 | 0.0162 0.9928 | Time: 39.7723 | VAL: 8.9283 0.1612 | 5.8130 0.3034 | 1.6355 0.7047 | Time: 2.4444 | TEST: 9.0992 0.1436 | 4.7854 0.4016 | 2.1563 0.6111 | Time: 2.9021
Epoch: 0086 | TRAIN: 0.2248 0.9351 | 0.0156 0.9958 | 0.0234 0.9928 | Time: 39.7735 | VAL: 13.5199 0.1087 | 4.5841 0.3146 | 1.8637 0.6711 | Time: 2.4505 | TEST: 13.9272 0.0803 | 3.5874 0.4098 | 2.4377 0.6444 | Time: 2.8702
Epoch: 0087 | TRAIN: 0.3055 0.9159 | 0.0299 0.9910 | 0.0279 0.9934 | Time: 40.0089 | VAL: 12.2114 0.1105 | 5.5609 0.2247 | 1.3963 0.7987 | Time: 2.4355 | TEST: 12.4769 0.0974 | 4.5613 0.3279 | 1.6990 0.7722 | Time: 2.8945
Epoch: 0088 | TRAIN: 0.2826 0.9159 | 0.0174 0.9928 | 0.0168 0.9970 | Time: 40.2974 | VAL: 10.6057 0.1268 | 4.5999 0.2921 | 1.6356 0.6913 | Time: 2.4509 | TEST: 10.9226 0.1094 | 3.7303 0.3607 | 2.1434 0.6722 | Time: 2.9513
Epoch: 0089 | TRAIN: 0.1922 0.9423 | 0.0057 0.9988 | 0.0141 0.9958 | Time: 40.5351 | VAL: 7.5330 0.1957 | 5.4344 0.2921 | 1.6655 0.7517 | Time: 2.4127 | TEST: 7.2822 0.2085 | 4.9511 0.3770 | 2.1393 0.6944 | Time: 2.8861
Epoch: 0090 | TRAIN: 0.1749 0.9483 | 0.0082 0.9982 | 0.0105 0.9982 | Time: 40.3782 | VAL: 9.6784 0.1540 | 5.4667 0.3034 | 1.4256 0.7651 | Time: 2.4145 | TEST: 10.0613 0.1573 | 4.4768 0.3770 | 1.9005 0.6833 | Time: 2.9055
Epoch: 0091 | TRAIN: 0.1101 0.9645 | 0.0059 0.9982 | 0.0046 0.9988 | Time: 40.0439 | VAL: 9.2084 0.1486 | 3.7999 0.3371 | 1.4263 0.7987 | Time: 2.4393 | TEST: 9.7844 0.1590 | 3.3850 0.4262 | 1.7774 0.7056 | Time: 2.9090
Epoch: 0092 | TRAIN: 0.1326 0.9591 | 0.0048 0.9994 | 0.0121 0.9964 | Time: 40.2986 | VAL: 9.0351 0.1866 | 4.0135 0.3483 | 1.6449 0.7450 | Time: 2.4457 | TEST: 9.5025 0.1761 | 3.7014 0.3689 | 1.6150 0.7333 | Time: 2.9419
Epoch: 0093 | TRAIN: 0.2409 0.9351 | 0.0053 0.9994 | 0.0149 0.9958 | Time: 40.2652 | VAL: 11.2643 0.0924 | 5.0759 0.1910 | 1.6796 0.7181 | Time: 2.7926 | TEST: 11.4527 0.0923 | 4.6295 0.3525 | 2.0923 0.6778 | Time: 3.0013
Epoch: 0094 | TRAIN: 0.2246 0.9369 | 0.0143 0.9946 | 0.0272 0.9916 | Time: 40.0494 | VAL: 11.4621 0.1087 | 4.9096 0.4157 | 1.9024 0.7181 | Time: 2.4704 | TEST: 11.9037 0.0991 | 4.1698 0.4098 | 2.4291 0.6556 | Time: 2.8693
Epoch: 0095 | TRAIN: 0.3022 0.9117 | 0.0426 0.9856 | 0.0673 0.9850 | Time: 40.2363 | VAL: 13.0768 0.0978 | 6.1958 0.3146 | 2.5352 0.6846 | Time: 2.4511 | TEST: 13.5114 0.0855 | 5.1989 0.3607 | 2.5843 0.5722 | Time: 3.0038
Epoch: 0096 | TRAIN: 0.2830 0.9093 | 0.0480 0.9868 | 0.0446 0.9862 | Time: 40.2337 | VAL: 11.8210 0.0725 | 5.1018 0.3146 | 1.8348 0.6980 | Time: 2.6069 | TEST: 12.0671 0.0701 | 4.7528 0.3279 | 1.9669 0.7056 | Time: 3.2389
Epoch: 0097 | TRAIN: 0.2981 0.9177 | 0.0338 0.9910 | 0.0560 0.9862 | Time: 40.5802 | VAL: 10.7250 0.1069 | 4.5276 0.2921 | 2.0515 0.7315 | Time: 2.4041 | TEST: 11.2583 0.0786 | 4.1515 0.3279 | 2.0433 0.6944 | Time: 2.8766
Epoch: 0098 | TRAIN: 0.3121 0.9111 | 0.0233 0.9940 | 0.0435 0.9880 | Time: 40.1245 | VAL: 10.3994 0.1141 | 5.4863 0.2809 | 2.0679 0.7315 | Time: 2.4119 | TEST: 11.0718 0.1145 | 4.6903 0.4098 | 2.0975 0.6667 | Time: 2.8882
Epoch: 0099 | TRAIN: 0.2724 0.9225 | 0.0227 0.9934 | 0.0224 0.9928 | Time: 40.9831 | VAL: 12.1505 0.0797 | 6.0125 0.3371 | 2.1433 0.6711 | Time: 2.5919 | TEST: 12.5438 0.0718 | 5.2133 0.3525 | 2.5001 0.6333 | Time: 2.9515
========================================
Best Result: Epoch 76, result {'amazon': [0.13333333333333333], 'dslr': [0.45901639344262296], 'webcam': [0.6777777777777778]}
========================================
