========================================
General Configuration:
	Wighting: MoCo
	Architecture: HPS
	Rep_Grad: False
	Multi_Input: True
	Seed: 0
	Device: cuda:0
MoCo Configuration:
	weighting: MoCo
	beta_moco: 1.0
	gamma_moco: 0.1
	rho_moco: 1.0
	moco_gn: none
Optimizer Configuration:
	optim: adam
	lr: 0.01
	weight_decay: 1e-05
========================================
Total Params: 11487901
Trainable Params: 11487901
Non-trainable Params: 0
========================================
LOG FORMAT | amazon_LOSS Acc | dslr_LOSS Acc | webcam_LOSS Acc | TIME
Epoch: 0000 | TRAIN: 3.8516 0.0463 | 3.4553 0.0962 | 3.3288 0.1250 | Time: 40.6212 | VAL: 7.4564 0.0598 | 6.2609 0.0562 | 3.6467 0.1409 | Time: 2.4239 | TEST: 5.8982 0.0530 | 5.9315 0.0656 | 3.3813 0.1722 | Time: 2.9033
Epoch: 0001 | TRAIN: 3.5272 0.1130 | 2.4553 0.2566 | 2.3822 0.2861 | Time: 39.9146 | VAL: 6.0093 0.0652 | 5.9714 0.1124 | 2.2993 0.2483 | Time: 2.4371 | TEST: 6.8939 0.0735 | 5.9784 0.1393 | 2.3024 0.3222 | Time: 2.9012
Epoch: 0002 | TRAIN: 3.3189 0.1550 | 1.7782 0.4567 | 1.8641 0.4135 | Time: 39.9708 | VAL: 5.4089 0.0652 | 5.3879 0.1124 | 2.3637 0.3557 | Time: 2.4137 | TEST: 5.5305 0.0530 | 5.0591 0.1475 | 2.6377 0.2889 | Time: 2.8723
Epoch: 0003 | TRAIN: 3.1520 0.1929 | 1.1353 0.6244 | 1.3521 0.5619 | Time: 39.8257 | VAL: 5.4234 0.0471 | 4.8731 0.1573 | 1.8625 0.4295 | Time: 2.4203 | TEST: 5.6903 0.0530 | 4.2891 0.1967 | 1.9018 0.4389 | Time: 2.9241
Epoch: 0004 | TRAIN: 3.0830 0.2344 | 0.7371 0.7530 | 1.0163 0.6749 | Time: 39.7637 | VAL: 5.5433 0.0906 | 5.9570 0.1573 | 1.4439 0.5638 | Time: 2.4336 | TEST: 5.3643 0.1145 | 5.5578 0.1721 | 1.5655 0.5611 | Time: 2.8689
Epoch: 0005 | TRAIN: 2.8229 0.2470 | 0.5075 0.8305 | 0.7923 0.7266 | Time: 39.7311 | VAL: 5.3457 0.1232 | 4.9106 0.2247 | 1.6865 0.5034 | Time: 2.4385 | TEST: 5.3550 0.1316 | 4.2567 0.3115 | 1.8211 0.4778 | Time: 2.8673
Epoch: 0006 | TRAIN: 2.5999 0.3083 | 0.3202 0.9002 | 0.5569 0.8209 | Time: 39.8047 | VAL: 4.9454 0.0761 | 4.5159 0.1798 | 1.2723 0.6174 | Time: 2.4225 | TEST: 4.8925 0.1009 | 3.9581 0.3361 | 1.4611 0.6167 | Time: 2.8699
Epoch: 0007 | TRAIN: 2.4418 0.3456 | 0.2028 0.9399 | 0.3780 0.8774 | Time: 39.8665 | VAL: 5.0753 0.0888 | 5.3052 0.2584 | 1.0493 0.6913 | Time: 2.4402 | TEST: 5.0865 0.1060 | 4.7347 0.2869 | 1.2890 0.6778 | Time: 2.8875
Epoch: 0008 | TRAIN: 2.2872 0.3510 | 0.1587 0.9549 | 0.3126 0.9008 | Time: 40.0833 | VAL: 5.4632 0.0978 | 4.8304 0.1910 | 0.9295 0.7584 | Time: 2.4228 | TEST: 5.4501 0.0974 | 4.4123 0.2295 | 1.0089 0.7278 | Time: 2.8761
Epoch: 0009 | TRAIN: 2.1441 0.3876 | 0.1091 0.9766 | 0.2081 0.9381 | Time: 40.0605 | VAL: 5.3265 0.1395 | 4.8669 0.2809 | 0.8730 0.7584 | Time: 2.4358 | TEST: 5.2883 0.1282 | 4.6238 0.2459 | 1.1331 0.7389 | Time: 2.8699
Epoch: 0010 | TRAIN: 1.9957 0.4297 | 0.0772 0.9844 | 0.1460 0.9555 | Time: 39.7955 | VAL: 4.9864 0.1322 | 5.2818 0.2360 | 0.9383 0.7785 | Time: 2.3850 | TEST: 4.9002 0.1487 | 4.8368 0.2869 | 1.3842 0.7111 | Time: 2.8262
Epoch: 0011 | TRAIN: 1.8886 0.4724 | 0.0796 0.9832 | 0.1569 0.9615 | Time: 39.8089 | VAL: 4.7322 0.1395 | 5.4160 0.2247 | 0.8999 0.7718 | Time: 2.4325 | TEST: 4.4907 0.1402 | 4.5318 0.2787 | 1.1733 0.7111 | Time: 2.8850
Epoch: 0012 | TRAIN: 1.7644 0.4826 | 0.0715 0.9820 | 0.1065 0.9724 | Time: 39.8215 | VAL: 4.7746 0.1703 | 5.6327 0.2135 | 0.8834 0.8054 | Time: 2.4077 | TEST: 4.5978 0.1709 | 5.2098 0.2705 | 1.1883 0.7500 | Time: 2.8978
Epoch: 0013 | TRAIN: 1.6355 0.5325 | 0.0472 0.9904 | 0.0785 0.9844 | Time: 39.7122 | VAL: 5.7536 0.1377 | 4.5555 0.2809 | 0.9553 0.7852 | Time: 2.4447 | TEST: 5.6869 0.1470 | 3.8841 0.3279 | 1.1904 0.7167 | Time: 2.8846
Epoch: 0014 | TRAIN: 1.5002 0.5583 | 0.0383 0.9946 | 0.0668 0.9838 | Time: 39.8099 | VAL: 5.3520 0.1594 | 4.2922 0.2921 | 0.7877 0.8255 | Time: 2.4346 | TEST: 5.2855 0.1521 | 3.7824 0.3852 | 1.2805 0.7389 | Time: 2.8785
Epoch: 0015 | TRAIN: 1.3926 0.5763 | 0.0394 0.9940 | 0.0562 0.9892 | Time: 39.6970 | VAL: 6.1629 0.1395 | 4.4192 0.2809 | 1.0316 0.7584 | Time: 2.3971 | TEST: 5.9871 0.1470 | 3.7447 0.3443 | 1.3927 0.7056 | Time: 2.8555
Epoch: 0016 | TRAIN: 1.3291 0.5968 | 0.0376 0.9898 | 0.0885 0.9730 | Time: 39.7744 | VAL: 4.3689 0.2246 | 4.2685 0.3820 | 0.9499 0.7718 | Time: 2.4086 | TEST: 4.1699 0.2393 | 3.2399 0.4344 | 1.1600 0.7222 | Time: 2.8748
Epoch: 0017 | TRAIN: 1.3480 0.5962 | 0.0537 0.9874 | 0.0781 0.9772 | Time: 39.7501 | VAL: 3.7365 0.2808 | 4.9825 0.2809 | 2.1650 0.5369 | Time: 2.3559 | TEST: 3.5968 0.2735 | 4.6789 0.3197 | 2.8204 0.5167 | Time: 2.9132
Epoch: 0018 | TRAIN: 1.4049 0.5865 | 0.0952 0.9730 | 0.1176 0.9651 | Time: 39.6986 | VAL: 5.7934 0.2301 | 4.1567 0.3258 | 1.1456 0.7047 | Time: 2.3749 | TEST: 5.6221 0.2291 | 3.9683 0.3770 | 1.1725 0.7278 | Time: 2.8025
Epoch: 0019 | TRAIN: 1.2597 0.6238 | 0.0368 0.9934 | 0.0804 0.9748 | Time: 39.8597 | VAL: 4.7579 0.2101 | 4.2968 0.2809 | 0.9342 0.7785 | Time: 2.4369 | TEST: 4.5157 0.2085 | 3.8449 0.3525 | 1.4091 0.7111 | Time: 2.8681
Epoch: 0020 | TRAIN: 1.1236 0.6532 | 0.0177 0.9988 | 0.0475 0.9886 | Time: 39.7452 | VAL: 4.7713 0.2246 | 5.1284 0.2584 | 0.8462 0.8523 | Time: 2.4275 | TEST: 4.6079 0.2120 | 4.6663 0.2869 | 1.2092 0.7722 | Time: 2.8647
Epoch: 0021 | TRAIN: 0.9193 0.7188 | 0.0203 0.9970 | 0.0432 0.9886 | Time: 39.9269 | VAL: 5.2745 0.2428 | 4.3197 0.3146 | 0.8111 0.7852 | Time: 2.3984 | TEST: 5.1807 0.2462 | 4.4043 0.3361 | 1.2819 0.7333 | Time: 2.8999
Epoch: 0022 | TRAIN: 0.8723 0.7212 | 0.0207 0.9964 | 0.0382 0.9874 | Time: 39.6883 | VAL: 7.4162 0.1467 | 4.2269 0.3483 | 1.1389 0.7383 | Time: 2.4264 | TEST: 7.3401 0.1487 | 3.8959 0.3607 | 1.6469 0.6722 | Time: 2.8741
Epoch: 0023 | TRAIN: 0.9900 0.7043 | 0.0460 0.9886 | 0.0557 0.9856 | Time: 39.7582 | VAL: 5.9895 0.2065 | 4.6946 0.3483 | 1.1312 0.7248 | Time: 2.3861 | TEST: 5.8062 0.2171 | 4.3622 0.3279 | 1.5350 0.7056 | Time: 2.8663
Epoch: 0024 | TRAIN: 0.8557 0.7200 | 0.0277 0.9940 | 0.0457 0.9892 | Time: 39.9401 | VAL: 6.3616 0.2337 | 4.0909 0.2809 | 1.1068 0.7517 | Time: 2.4328 | TEST: 5.9982 0.2359 | 3.9838 0.3525 | 1.7238 0.6889 | Time: 2.8742
Epoch: 0025 | TRAIN: 0.8140 0.7380 | 0.0208 0.9964 | 0.0411 0.9892 | Time: 39.8620 | VAL: 7.8048 0.1322 | 3.7845 0.3708 | 0.7734 0.8658 | Time: 2.3739 | TEST: 7.6128 0.1231 | 3.9392 0.4098 | 1.2838 0.7611 | Time: 2.8674
Epoch: 0026 | TRAIN: 0.7731 0.7596 | 0.0254 0.9940 | 0.0501 0.9874 | Time: 39.8485 | VAL: 6.1094 0.2174 | 3.9266 0.3146 | 1.6523 0.6846 | Time: 2.4455 | TEST: 5.6276 0.2325 | 3.6467 0.3607 | 1.4158 0.6500 | Time: 2.8900
Epoch: 0027 | TRAIN: 0.7995 0.7500 | 0.0296 0.9916 | 0.0760 0.9796 | Time: 39.7092 | VAL: 7.7313 0.1685 | 4.9678 0.3708 | 1.1685 0.7651 | Time: 2.4278 | TEST: 7.4642 0.1675 | 4.4611 0.4426 | 1.3365 0.7278 | Time: 2.9009
Epoch: 0028 | TRAIN: 0.7287 0.7800 | 0.0304 0.9922 | 0.0493 0.9838 | Time: 39.8605 | VAL: 7.9923 0.1721 | 3.8110 0.3708 | 0.9489 0.8054 | Time: 2.3831 | TEST: 7.6855 0.1556 | 2.9867 0.4754 | 1.1323 0.7444 | Time: 2.8598
Epoch: 0029 | TRAIN: 0.7443 0.7746 | 0.0351 0.9892 | 0.0694 0.9808 | Time: 39.8267 | VAL: 4.8321 0.2808 | 4.8907 0.3371 | 1.1479 0.7114 | Time: 2.3781 | TEST: 4.5001 0.2872 | 4.2595 0.4754 | 1.3114 0.6889 | Time: 2.8317
Epoch: 0030 | TRAIN: 0.7375 0.7710 | 0.0239 0.9928 | 0.0497 0.9850 | Time: 39.7471 | VAL: 6.6360 0.2373 | 4.7267 0.2135 | 0.9644 0.7919 | Time: 2.3933 | TEST: 6.4606 0.2513 | 4.6304 0.3115 | 1.1534 0.7444 | Time: 2.9136
Epoch: 0031 | TRAIN: 0.5450 0.8263 | 0.0262 0.9946 | 0.0288 0.9910 | Time: 39.9008 | VAL: 5.9357 0.1920 | 4.9019 0.3034 | 1.0827 0.8121 | Time: 2.3871 | TEST: 5.6079 0.2188 | 4.8140 0.3033 | 1.1237 0.7667 | Time: 2.8382
Epoch: 0032 | TRAIN: 0.5116 0.8413 | 0.0127 0.9982 | 0.0162 0.9970 | Time: 39.7154 | VAL: 4.6457 0.2736 | 4.8535 0.3933 | 0.9280 0.8322 | Time: 2.4360 | TEST: 4.3135 0.2803 | 4.2765 0.5246 | 1.1140 0.7778 | Time: 2.8535
Epoch: 0033 | TRAIN: 0.3937 0.8744 | 0.0077 0.9982 | 0.0166 0.9946 | Time: 39.6678 | VAL: 7.4403 0.1612 | 3.6647 0.3708 | 0.8646 0.8188 | Time: 2.3891 | TEST: 7.3567 0.1453 | 3.6680 0.4426 | 1.4595 0.7389 | Time: 2.8792
Epoch: 0034 | TRAIN: 0.4040 0.8804 | 0.0118 0.9958 | 0.0185 0.9952 | Time: 39.6653 | VAL: 6.7144 0.1957 | 4.2597 0.3708 | 0.9789 0.7785 | Time: 2.4243 | TEST: 6.1794 0.2205 | 4.2553 0.4262 | 1.6197 0.7056 | Time: 2.8500
Epoch: 0035 | TRAIN: 0.5627 0.8359 | 0.0253 0.9952 | 0.0332 0.9910 | Time: 39.7728 | VAL: 8.3919 0.1612 | 3.8893 0.3371 | 1.0637 0.7718 | Time: 2.4473 | TEST: 8.1856 0.1487 | 3.4637 0.4180 | 1.6080 0.6722 | Time: 2.9043
Epoch: 0036 | TRAIN: 0.5611 0.8161 | 0.0345 0.9892 | 0.0341 0.9898 | Time: 39.8628 | VAL: 6.8294 0.2156 | 5.1761 0.2921 | 1.2688 0.7584 | Time: 2.4066 | TEST: 6.4515 0.2342 | 3.9968 0.4180 | 1.7343 0.7000 | Time: 2.8306
Epoch: 0037 | TRAIN: 0.5408 0.8305 | 0.0268 0.9934 | 0.0533 0.9832 | Time: 39.7516 | VAL: 7.8762 0.1993 | 4.7297 0.2584 | 1.1640 0.7651 | Time: 2.4394 | TEST: 7.5818 0.2359 | 4.1242 0.3525 | 1.4426 0.7056 | Time: 2.8837
Epoch: 0038 | TRAIN: 0.4724 0.8498 | 0.0165 0.9952 | 0.0388 0.9886 | Time: 39.8493 | VAL: 5.5775 0.2554 | 4.7333 0.2584 | 0.9667 0.7852 | Time: 2.3784 | TEST: 5.3906 0.2581 | 4.4012 0.2623 | 1.2812 0.7556 | Time: 2.8076
Epoch: 0039 | TRAIN: 0.4846 0.8486 | 0.0304 0.9916 | 0.0433 0.9868 | Time: 39.7678 | VAL: 8.0635 0.1612 | 4.4753 0.3034 | 0.9825 0.7987 | Time: 2.4295 | TEST: 8.1883 0.1590 | 4.0544 0.3525 | 1.4953 0.7389 | Time: 2.8489
Epoch: 0040 | TRAIN: 0.4975 0.8377 | 0.0230 0.9940 | 0.0398 0.9886 | Time: 39.6718 | VAL: 7.3855 0.1975 | 6.0198 0.3146 | 1.0497 0.7852 | Time: 2.3634 | TEST: 7.1096 0.2137 | 4.9673 0.4344 | 1.7412 0.7000 | Time: 2.8385
Epoch: 0041 | TRAIN: 0.4164 0.8714 | 0.0158 0.9958 | 0.0183 0.9964 | Time: 39.6089 | VAL: 8.1337 0.1957 | 3.9878 0.4045 | 1.1574 0.7852 | Time: 2.3767 | TEST: 8.0747 0.1897 | 3.6820 0.4590 | 1.5607 0.6667 | Time: 2.8702
Epoch: 0042 | TRAIN: 0.3136 0.9020 | 0.0061 0.9994 | 0.0171 0.9970 | Time: 39.6129 | VAL: 7.2627 0.2083 | 3.8703 0.3933 | 1.0543 0.7987 | Time: 2.4506 | TEST: 7.0449 0.2034 | 3.3230 0.4180 | 1.3651 0.7278 | Time: 2.9086
Epoch: 0043 | TRAIN: 0.2754 0.9135 | 0.0097 0.9976 | 0.0163 0.9958 | Time: 39.7491 | VAL: 6.8643 0.2210 | 3.6246 0.3596 | 1.1186 0.7651 | Time: 2.4784 | TEST: 6.6139 0.2342 | 3.2574 0.5000 | 1.4642 0.7444 | Time: 2.8928
Epoch: 0044 | TRAIN: 0.3761 0.8804 | 0.0084 0.9982 | 0.0168 0.9958 | Time: 39.7491 | VAL: 6.6595 0.2047 | 4.8530 0.2809 | 1.1030 0.7919 | Time: 2.4064 | TEST: 6.3140 0.2274 | 4.3358 0.3443 | 1.4397 0.7444 | Time: 2.8285
Epoch: 0045 | TRAIN: 0.3249 0.8960 | 0.0145 0.9952 | 0.0260 0.9928 | Time: 39.7772 | VAL: 9.3448 0.2120 | 4.8143 0.2697 | 1.8193 0.6913 | Time: 2.4220 | TEST: 9.1747 0.1863 | 4.1297 0.3852 | 2.1609 0.6778 | Time: 2.8646
Epoch: 0046 | TRAIN: 0.4497 0.8636 | 0.0508 0.9844 | 0.0881 0.9742 | Time: 39.6046 | VAL: 6.4686 0.2482 | 6.2500 0.2472 | 1.4453 0.7248 | Time: 2.4297 | TEST: 6.2042 0.2547 | 5.8559 0.2705 | 1.7111 0.7056 | Time: 2.8490
Epoch: 0047 | TRAIN: 0.5300 0.8287 | 0.0372 0.9898 | 0.0575 0.9820 | Time: 39.8485 | VAL: 7.2769 0.2446 | 4.0735 0.3371 | 1.2204 0.7785 | Time: 2.4023 | TEST: 7.1101 0.2427 | 4.0931 0.3770 | 1.5444 0.7222 | Time: 2.8356
Epoch: 0048 | TRAIN: 0.4457 0.8648 | 0.0333 0.9898 | 0.0469 0.9844 | Time: 39.8609 | VAL: 7.2933 0.1341 | 4.1247 0.3034 | 1.0891 0.7517 | Time: 2.3720 | TEST: 6.9942 0.1504 | 3.7542 0.4098 | 1.6547 0.6778 | Time: 2.8371
Epoch: 0049 | TRAIN: 0.4276 0.8732 | 0.0261 0.9916 | 0.0426 0.9850 | Time: 39.8482 | VAL: 5.2431 0.3098 | 5.5210 0.2921 | 1.2388 0.7517 | Time: 2.4441 | TEST: 5.2597 0.3026 | 5.0543 0.3033 | 1.5503 0.7278 | Time: 2.8365
Epoch: 0050 | TRAIN: 0.3776 0.8756 | 0.0250 0.9934 | 0.0271 0.9910 | Time: 39.7883 | VAL: 5.2512 0.3315 | 4.8781 0.2697 | 0.9994 0.7852 | Time: 2.4315 | TEST: 4.8580 0.3179 | 4.8004 0.3770 | 1.3992 0.7333 | Time: 2.8803
Epoch: 0051 | TRAIN: 0.3695 0.8882 | 0.0162 0.9952 | 0.0186 0.9940 | Time: 39.6106 | VAL: 7.1753 0.2138 | 3.5374 0.4045 | 1.1408 0.7651 | Time: 2.4141 | TEST: 7.0312 0.2068 | 3.3959 0.4344 | 1.3727 0.7167 | Time: 2.9063
Epoch: 0052 | TRAIN: 0.3520 0.8936 | 0.0051 0.9994 | 0.0194 0.9946 | Time: 39.8448 | VAL: 6.8516 0.2428 | 4.7460 0.3483 | 1.1048 0.7852 | Time: 2.4502 | TEST: 6.5728 0.2786 | 4.5138 0.4180 | 1.4774 0.7222 | Time: 2.8947
Epoch: 0053 | TRAIN: 0.2542 0.9177 | 0.0086 0.9982 | 0.0154 0.9964 | Time: 39.8207 | VAL: 7.2822 0.2536 | 5.0148 0.3146 | 1.0945 0.7785 | Time: 2.3980 | TEST: 7.2482 0.2342 | 4.5209 0.3197 | 1.5187 0.7222 | Time: 2.8657
Epoch: 0054 | TRAIN: 0.3113 0.9069 | 0.0079 0.9970 | 0.0190 0.9934 | Time: 39.7358 | VAL: 6.0867 0.2373 | 4.3464 0.3371 | 1.2836 0.7517 | Time: 2.4169 | TEST: 6.0761 0.2496 | 4.5915 0.3607 | 1.4078 0.7278 | Time: 2.8477
Epoch: 0055 | TRAIN: 0.2758 0.9141 | 0.0205 0.9952 | 0.0157 0.9958 | Time: 39.7353 | VAL: 6.7259 0.2428 | 4.8563 0.3146 | 1.3085 0.7718 | Time: 2.4216 | TEST: 6.7882 0.2274 | 4.4215 0.4016 | 1.3373 0.7778 | Time: 2.9006
Epoch: 0056 | TRAIN: 0.3078 0.9026 | 0.0113 0.9982 | 0.0245 0.9916 | Time: 39.8766 | VAL: 5.3161 0.2754 | 4.6642 0.3258 | 1.4329 0.6980 | Time: 2.4199 | TEST: 5.4595 0.2786 | 4.5017 0.4098 | 1.4818 0.7333 | Time: 2.8772
Epoch: 0057 | TRAIN: 0.3612 0.8918 | 0.0171 0.9934 | 0.0317 0.9928 | Time: 39.7657 | VAL: 7.0781 0.2591 | 5.2857 0.2809 | 1.3787 0.7517 | Time: 2.4209 | TEST: 7.0512 0.2564 | 4.9443 0.3525 | 1.4631 0.7222 | Time: 2.8931
Epoch: 0058 | TRAIN: 0.3404 0.8978 | 0.0197 0.9946 | 0.0358 0.9874 | Time: 39.7782 | VAL: 7.2869 0.2808 | 4.8555 0.3371 | 1.2994 0.7718 | Time: 2.4151 | TEST: 7.2625 0.2598 | 4.4248 0.3197 | 1.6332 0.7278 | Time: 2.9014
Epoch: 0059 | TRAIN: 0.3084 0.8978 | 0.0210 0.9928 | 0.0333 0.9910 | Time: 39.6866 | VAL: 8.5958 0.2011 | 3.4517 0.4831 | 1.8422 0.7181 | Time: 2.4414 | TEST: 8.7615 0.1915 | 3.3583 0.5246 | 1.8552 0.6833 | Time: 2.8853
Epoch: 0060 | TRAIN: 0.3068 0.9081 | 0.0272 0.9898 | 0.0393 0.9892 | Time: 39.6765 | VAL: 6.2062 0.2989 | 4.3865 0.4045 | 1.4829 0.7651 | Time: 2.3700 | TEST: 6.3014 0.2940 | 3.7435 0.4590 | 1.5765 0.7056 | Time: 2.8790
Epoch: 0061 | TRAIN: 0.2946 0.9123 | 0.0223 0.9946 | 0.0145 0.9958 | Time: 39.7936 | VAL: 6.0224 0.2844 | 4.0793 0.3820 | 1.6268 0.7584 | Time: 2.4287 | TEST: 6.0004 0.3060 | 4.0449 0.4016 | 1.4674 0.7222 | Time: 2.8720
Epoch: 0062 | TRAIN: 0.2416 0.9273 | 0.0179 0.9952 | 0.0130 0.9952 | Time: 39.7864 | VAL: 7.8326 0.2446 | 4.6268 0.3258 | 1.2066 0.7987 | Time: 2.4286 | TEST: 7.4517 0.2803 | 4.7328 0.3852 | 1.5424 0.6944 | Time: 2.8744
Epoch: 0063 | TRAIN: 0.2465 0.9249 | 0.0160 0.9958 | 0.0126 0.9958 | Time: 39.9281 | VAL: 8.3001 0.2572 | 3.7847 0.4382 | 1.0470 0.8121 | Time: 2.4137 | TEST: 8.1589 0.2803 | 3.8382 0.4344 | 1.3101 0.7722 | Time: 2.8798
Epoch: 0064 | TRAIN: 0.2841 0.9123 | 0.0114 0.9958 | 0.0288 0.9922 | Time: 39.6753 | VAL: 5.3870 0.3333 | 4.4335 0.4045 | 1.4361 0.7718 | Time: 2.4393 | TEST: 5.2056 0.3624 | 3.7331 0.4426 | 1.5754 0.7389 | Time: 2.8695
Epoch: 0065 | TRAIN: 0.2916 0.9117 | 0.0259 0.9910 | 0.0246 0.9922 | Time: 39.5676 | VAL: 5.6924 0.3207 | 4.7789 0.4045 | 1.9258 0.6779 | Time: 2.3968 | TEST: 5.7899 0.3094 | 4.4943 0.4098 | 2.0809 0.6889 | Time: 2.8469
Epoch: 0066 | TRAIN: 0.3403 0.9087 | 0.0316 0.9892 | 0.0416 0.9844 | Time: 39.4430 | VAL: 7.6971 0.2228 | 5.9029 0.2472 | 2.5968 0.6443 | Time: 2.4107 | TEST: 7.7847 0.2256 | 5.0044 0.3443 | 3.3616 0.5333 | Time: 2.8123
Epoch: 0067 | TRAIN: 0.3137 0.8996 | 0.0177 0.9958 | 0.0545 0.9844 | Time: 39.5095 | VAL: 4.9657 0.2790 | 5.2840 0.3483 | 1.3807 0.7651 | Time: 2.3482 | TEST: 4.7661 0.2940 | 4.6042 0.4016 | 1.5169 0.7056 | Time: 2.8258
Epoch: 0068 | TRAIN: 0.3264 0.9044 | 0.0151 0.9976 | 0.0381 0.9886 | Time: 39.6932 | VAL: 8.3834 0.2572 | 3.0489 0.4494 | 1.4210 0.7584 | Time: 2.4410 | TEST: 8.3990 0.2205 | 3.1599 0.4590 | 1.5068 0.6611 | Time: 2.8847
Epoch: 0069 | TRAIN: 0.2768 0.9135 | 0.0067 0.9994 | 0.0276 0.9904 | Time: 39.7814 | VAL: 6.1980 0.2772 | 3.4743 0.3708 | 1.3182 0.7383 | Time: 2.3555 | TEST: 5.9164 0.2889 | 3.3140 0.4672 | 1.4713 0.7389 | Time: 2.8209
Epoch: 0070 | TRAIN: 0.2163 0.9333 | 0.0062 0.9988 | 0.0200 0.9916 | Time: 39.7515 | VAL: 5.7279 0.3442 | 2.9649 0.3933 | 1.2564 0.7919 | Time: 2.4417 | TEST: 5.4664 0.3162 | 2.7543 0.5574 | 1.1086 0.7833 | Time: 2.8940
Epoch: 0071 | TRAIN: 0.2475 0.9249 | 0.0088 0.9970 | 0.0348 0.9934 | Time: 39.6777 | VAL: 5.7086 0.2917 | 4.5907 0.3708 | 1.2770 0.7785 | Time: 2.3611 | TEST: 5.6737 0.2855 | 4.2670 0.4344 | 1.5830 0.7611 | Time: 2.8269
Epoch: 0072 | TRAIN: 0.1943 0.9369 | 0.0092 0.9964 | 0.0108 0.9964 | Time: 39.7018 | VAL: 6.1858 0.3333 | 3.6876 0.4494 | 1.2718 0.7718 | Time: 2.3855 | TEST: 6.2107 0.3026 | 3.8704 0.4426 | 1.3843 0.7556 | Time: 2.8197
Epoch: 0073 | TRAIN: 0.2069 0.9339 | 0.0047 0.9988 | 0.0145 0.9958 | Time: 39.7348 | VAL: 7.3167 0.2754 | 4.8199 0.3146 | 1.6550 0.7248 | Time: 2.4112 | TEST: 7.4398 0.2769 | 4.7373 0.4016 | 1.5959 0.7056 | Time: 2.8504
Epoch: 0074 | TRAIN: 0.2237 0.9363 | 0.0054 0.9994 | 0.0149 0.9946 | Time: 39.7895 | VAL: 7.1190 0.2935 | 4.7530 0.3933 | 1.5219 0.7248 | Time: 2.4517 | TEST: 6.8155 0.3060 | 4.5500 0.4426 | 1.6254 0.7222 | Time: 2.9048
Epoch: 0075 | TRAIN: 0.2507 0.9207 | 0.0110 0.9970 | 0.0168 0.9946 | Time: 40.0285 | VAL: 6.3898 0.2808 | 4.1809 0.3258 | 1.2822 0.7517 | Time: 2.5931 | TEST: 6.3169 0.2838 | 4.4436 0.3689 | 1.9787 0.7556 | Time: 2.9384
Epoch: 0076 | TRAIN: 0.1890 0.9477 | 0.0220 0.9928 | 0.0248 0.9916 | Time: 39.9716 | VAL: 5.7965 0.3533 | 4.0253 0.4045 | 1.5341 0.7047 | Time: 2.4624 | TEST: 5.5931 0.3402 | 4.1092 0.3607 | 1.5061 0.6889 | Time: 3.0985
Epoch: 0077 | TRAIN: 0.2708 0.9237 | 0.0415 0.9910 | 0.0489 0.9850 | Time: 39.9476 | VAL: 6.9950 0.2536 | 3.7097 0.4157 | 1.4995 0.7383 | Time: 2.4830 | TEST: 6.8740 0.2564 | 4.1877 0.4262 | 1.8167 0.6944 | Time: 2.8725
Epoch: 0078 | TRAIN: 0.3636 0.9026 | 0.0272 0.9916 | 0.0328 0.9904 | Time: 40.2346 | VAL: 6.3612 0.2754 | 3.8029 0.4270 | 1.3429 0.7114 | Time: 2.4554 | TEST: 6.5686 0.2410 | 3.7469 0.4508 | 1.7863 0.6889 | Time: 2.8435
Epoch: 0079 | TRAIN: 0.3210 0.8990 | 0.0209 0.9922 | 0.0368 0.9892 | Time: 40.0512 | VAL: 7.5396 0.2428 | 3.8122 0.4157 | 1.6043 0.7181 | Time: 2.4033 | TEST: 7.4985 0.2496 | 3.5094 0.4262 | 2.0834 0.6722 | Time: 2.8634
Epoch: 0080 | TRAIN: 0.2837 0.9141 | 0.0158 0.9964 | 0.0210 0.9940 | Time: 41.1961 | VAL: 6.0245 0.3007 | 3.9019 0.3933 | 1.6092 0.7248 | Time: 2.4833 | TEST: 6.1383 0.2872 | 4.0158 0.4098 | 1.6913 0.6944 | Time: 2.9619
Epoch: 0081 | TRAIN: 0.2421 0.9291 | 0.0076 0.9994 | 0.0063 0.9982 | Time: 40.8772 | VAL: 6.1999 0.3098 | 3.7820 0.4494 | 1.0396 0.7852 | Time: 2.5007 | TEST: 5.8870 0.3214 | 3.8695 0.4590 | 1.4053 0.7556 | Time: 3.0149
Epoch: 0082 | TRAIN: 0.2031 0.9441 | 0.0054 0.9982 | 0.0158 0.9952 | Time: 41.3523 | VAL: 5.6116 0.3043 | 3.7627 0.4494 | 1.5394 0.7315 | Time: 2.5217 | TEST: 5.2931 0.3009 | 3.9448 0.4180 | 1.6879 0.7333 | Time: 2.9439
Epoch: 0083 | TRAIN: 0.2108 0.9363 | 0.0176 0.9940 | 0.0413 0.9874 | Time: 41.0003 | VAL: 6.1685 0.3152 | 4.2644 0.3933 | 1.5300 0.7651 | Time: 2.5141 | TEST: 5.9882 0.3214 | 3.7372 0.5000 | 1.5521 0.7167 | Time: 2.9652
Epoch: 0084 | TRAIN: 0.2715 0.9225 | 0.0181 0.9928 | 0.0243 0.9934 | Time: 40.8367 | VAL: 4.6809 0.3496 | 5.3250 0.3034 | 1.3777 0.7517 | Time: 2.8204 | TEST: 4.5605 0.3436 | 4.6836 0.3770 | 1.6384 0.6944 | Time: 3.1178
Epoch: 0085 | TRAIN: 0.2149 0.9321 | 0.0111 0.9982 | 0.0261 0.9922 | Time: 40.7446 | VAL: 5.6217 0.3406 | 4.7952 0.3596 | 1.4882 0.7584 | Time: 2.6684 | TEST: 5.4724 0.3179 | 4.8831 0.3770 | 1.5782 0.7222 | Time: 3.0412
Epoch: 0086 | TRAIN: 0.2541 0.9207 | 0.0158 0.9958 | 0.0356 0.9880 | Time: 40.8078 | VAL: 5.0759 0.3623 | 4.0069 0.4157 | 1.5333 0.7248 | Time: 2.4542 | TEST: 4.8698 0.3692 | 3.9870 0.3934 | 1.8529 0.6667 | Time: 2.8966
Epoch: 0087 | TRAIN: 0.2298 0.9333 | 0.0137 0.9964 | 0.0270 0.9898 | Time: 40.6498 | VAL: 7.8757 0.2264 | 4.2138 0.3820 | 1.6026 0.7181 | Time: 2.4300 | TEST: 7.2737 0.2821 | 3.8729 0.4426 | 1.7910 0.7444 | Time: 2.8944
Epoch: 0088 | TRAIN: 0.1728 0.9423 | 0.0098 0.9970 | 0.0158 0.9928 | Time: 40.7405 | VAL: 5.3999 0.3514 | 4.8398 0.2921 | 1.6189 0.7114 | Time: 2.7419 | TEST: 4.7603 0.3949 | 4.3161 0.3115 | 1.8324 0.7056 | Time: 3.1211
Epoch: 0089 | TRAIN: 0.2352 0.9411 | 0.0112 0.9976 | 0.0247 0.9916 | Time: 40.9263 | VAL: 6.6921 0.2446 | 2.8460 0.4719 | 1.4885 0.7517 | Time: 2.5414 | TEST: 6.7163 0.2479 | 3.0824 0.4836 | 1.5380 0.7278 | Time: 2.9855
Epoch: 0090 | TRAIN: 0.2082 0.9423 | 0.0066 0.9982 | 0.0246 0.9922 | Time: 41.0256 | VAL: 6.7203 0.2717 | 3.4305 0.4494 | 1.4453 0.7785 | Time: 2.5906 | TEST: 6.4535 0.2598 | 3.3011 0.4098 | 1.8922 0.7222 | Time: 2.9946
Epoch: 0091 | TRAIN: 0.2087 0.9321 | 0.0084 0.9976 | 0.0345 0.9898 | Time: 41.1958 | VAL: 6.8670 0.2826 | 2.7111 0.4607 | 1.6086 0.7181 | Time: 2.4993 | TEST: 6.4923 0.2581 | 3.0343 0.4836 | 1.7078 0.7222 | Time: 2.9255
Epoch: 0092 | TRAIN: 0.2474 0.9243 | 0.0110 0.9964 | 0.0160 0.9964 | Time: 40.9509 | VAL: 7.4060 0.2790 | 4.1332 0.4270 | 1.5084 0.7651 | Time: 2.5442 | TEST: 7.1740 0.2855 | 4.4121 0.4672 | 1.4083 0.7556 | Time: 2.9882
Epoch: 0093 | TRAIN: 0.2088 0.9375 | 0.0124 0.9958 | 0.0219 0.9928 | Time: 40.9720 | VAL: 5.1381 0.3623 | 3.7693 0.4270 | 2.0032 0.6376 | Time: 2.5441 | TEST: 4.9704 0.3915 | 3.8340 0.4344 | 2.0782 0.6667 | Time: 3.0685
Epoch: 0094 | TRAIN: 0.2170 0.9315 | 0.0101 0.9976 | 0.0234 0.9934 | Time: 40.6572 | VAL: 7.8092 0.2264 | 3.2768 0.4831 | 1.6792 0.7584 | Time: 2.4684 | TEST: 7.6695 0.2444 | 3.3653 0.4672 | 2.0132 0.6444 | Time: 2.8604
Epoch: 0095 | TRAIN: 0.2446 0.9327 | 0.0176 0.9970 | 0.0198 0.9940 | Time: 40.1349 | VAL: 5.9949 0.3478 | 3.4195 0.4831 | 1.0710 0.7852 | Time: 2.3820 | TEST: 5.7486 0.3709 | 3.2218 0.5082 | 1.7314 0.7111 | Time: 2.8240
Epoch: 0096 | TRAIN: 0.1767 0.9447 | 0.0083 0.9982 | 0.0088 0.9976 | Time: 39.7941 | VAL: 6.5491 0.2844 | 3.7725 0.4157 | 1.3884 0.7785 | Time: 2.4470 | TEST: 6.5263 0.2974 | 3.4747 0.4426 | 1.7749 0.7333 | Time: 2.8866
Epoch: 0097 | TRAIN: 0.1381 0.9555 | 0.0110 0.9982 | 0.0045 0.9994 | Time: 39.7150 | VAL: 6.4442 0.2935 | 4.0754 0.3483 | 1.7687 0.6779 | Time: 2.3479 | TEST: 6.3797 0.3128 | 4.3840 0.3525 | 1.8871 0.7056 | Time: 2.7975
Epoch: 0098 | TRAIN: 0.1006 0.9700 | 0.0066 0.9976 | 0.0098 0.9958 | Time: 39.8211 | VAL: 5.7050 0.3533 | 3.0347 0.5169 | 1.9590 0.7047 | Time: 2.3824 | TEST: 5.6852 0.3453 | 3.4855 0.4918 | 1.8081 0.7222 | Time: 2.8642
Epoch: 0099 | TRAIN: 0.1425 0.9573 | 0.0072 0.9976 | 0.0186 0.9934 | Time: 39.6530 | VAL: 6.8946 0.3315 | 4.1352 0.3146 | 1.5328 0.7315 | Time: 2.4321 | TEST: 6.3817 0.3658 | 4.5735 0.3443 | 2.0320 0.7389 | Time: 2.8794
========================================
Best Result: Epoch 98, result {'amazon': [0.3452991452991453], 'dslr': [0.4918032786885246], 'webcam': [0.7222222222222222]}
========================================
