========================================
General Configuration:
	Wighting: MoCo
	Architecture: HPS
	Rep_Grad: False
	Multi_Input: True
	Seed: 0
	Device: cuda:0
MoCo Configuration:
	weighting: MoCo
	beta_moco: 1.0
	gamma_moco: 0.1
	rho_moco: 1.0
	moco_gn: none
Optimizer Configuration:
	optim: adam
	lr: 0.0001
	weight_decay: 1e-05
========================================
Total Params: 11487901
Trainable Params: 11487901
Non-trainable Params: 0
========================================
LOG FORMAT | amazon_LOSS Acc | dslr_LOSS Acc | webcam_LOSS Acc | TIME
Epoch: 0000 | TRAIN: 2.9774 0.2422 | 2.3959 0.5216 | 2.1934 0.5559 | Time: 40.4996 | VAL: 2.5046 0.5507 | 1.8196 0.8090 | 1.4341 0.8255 | Time: 2.4072 | TEST: 2.5029 0.5624 | 1.8967 0.8033 | 1.4967 0.8389 | Time: 2.8662
Epoch: 0001 | TRAIN: 2.1550 0.5944 | 1.0885 0.9627 | 0.7902 0.9603 | Time: 40.0555 | VAL: 1.9780 0.7065 | 1.1619 0.9775 | 0.9363 0.9195 | Time: 2.4493 | TEST: 1.9770 0.6974 | 1.2726 0.9098 | 1.0078 0.9278 | Time: 2.8919
Epoch: 0002 | TRAIN: 1.5866 0.7422 | 0.5680 0.9970 | 0.3768 0.9904 | Time: 39.9799 | VAL: 1.5805 0.7518 | 0.8623 0.9888 | 0.6947 0.9664 | Time: 2.4497 | TEST: 1.5912 0.7453 | 0.9827 0.9344 | 0.8009 0.9556 | Time: 2.9041
Epoch: 0003 | TRAIN: 1.2017 0.8275 | 0.3144 1.0000 | 0.2250 1.0000 | Time: 39.7690 | VAL: 1.3905 0.7717 | 0.6756 0.9888 | 0.5652 0.9799 | Time: 2.4506 | TEST: 1.4001 0.7658 | 0.7980 0.9344 | 0.6542 0.9556 | Time: 2.8747
Epoch: 0004 | TRAIN: 0.9991 0.8666 | 0.1899 1.0000 | 0.1414 1.0000 | Time: 39.8243 | VAL: 1.3289 0.7862 | 0.5476 1.0000 | 0.4912 0.9732 | Time: 2.4130 | TEST: 1.3362 0.7829 | 0.6623 0.9344 | 0.5784 0.9556 | Time: 2.8886
Epoch: 0005 | TRAIN: 0.8756 0.8900 | 0.1253 1.0000 | 0.1033 1.0000 | Time: 39.7916 | VAL: 1.2786 0.8043 | 0.4771 1.0000 | 0.4411 0.9799 | Time: 2.4189 | TEST: 1.2935 0.8000 | 0.5858 0.9344 | 0.5229 0.9556 | Time: 2.8645
Epoch: 0006 | TRAIN: 0.8008 0.9002 | 0.0896 1.0000 | 0.0785 1.0000 | Time: 39.7100 | VAL: 1.2340 0.8080 | 0.4345 1.0000 | 0.4124 0.9799 | Time: 2.4026 | TEST: 1.2502 0.8034 | 0.5420 0.9344 | 0.4891 0.9556 | Time: 2.9059
Epoch: 0007 | TRAIN: 0.7503 0.9026 | 0.0704 1.0000 | 0.0658 1.0000 | Time: 39.7445 | VAL: 1.1959 0.8225 | 0.4033 1.0000 | 0.3744 0.9799 | Time: 2.4069 | TEST: 1.2115 0.8017 | 0.5109 0.9426 | 0.4520 0.9611 | Time: 2.8681
Epoch: 0008 | TRAIN: 0.6676 0.9231 | 0.0562 1.0000 | 0.0544 1.0000 | Time: 39.8506 | VAL: 1.1744 0.8207 | 0.3786 1.0000 | 0.3650 0.9799 | Time: 2.3983 | TEST: 1.1888 0.8034 | 0.4817 0.9508 | 0.4427 0.9667 | Time: 2.8501
Epoch: 0009 | TRAIN: 0.6381 0.9225 | 0.0481 1.0000 | 0.0477 1.0000 | Time: 39.7731 | VAL: 1.1373 0.8225 | 0.3821 1.0000 | 0.3516 0.9799 | Time: 2.4156 | TEST: 1.1549 0.8051 | 0.4870 0.9426 | 0.4305 0.9611 | Time: 2.8557
Epoch: 0010 | TRAIN: 0.5844 0.9351 | 0.0408 1.0000 | 0.0423 1.0000 | Time: 39.7799 | VAL: 1.1066 0.8261 | 0.3463 1.0000 | 0.3439 0.9799 | Time: 2.4221 | TEST: 1.1216 0.8051 | 0.4596 0.9426 | 0.4167 0.9611 | Time: 2.8755
Epoch: 0011 | TRAIN: 0.5293 0.9435 | 0.0370 1.0000 | 0.0360 1.0000 | Time: 39.7369 | VAL: 1.0809 0.8225 | 0.3441 1.0000 | 0.3306 0.9799 | Time: 2.4201 | TEST: 1.0974 0.8103 | 0.4516 0.9508 | 0.4050 0.9611 | Time: 2.8758
Epoch: 0012 | TRAIN: 0.4852 0.9507 | 0.0330 1.0000 | 0.0320 1.0000 | Time: 39.7585 | VAL: 1.0743 0.8315 | 0.3370 1.0000 | 0.3260 0.9799 | Time: 2.4153 | TEST: 1.0886 0.8154 | 0.4429 0.9426 | 0.4010 0.9611 | Time: 2.8652
Epoch: 0013 | TRAIN: 0.4566 0.9549 | 0.0289 1.0000 | 0.0274 1.0000 | Time: 39.8864 | VAL: 1.0391 0.8370 | 0.3312 1.0000 | 0.3138 0.9799 | Time: 2.4115 | TEST: 1.0548 0.8188 | 0.4357 0.9344 | 0.3858 0.9556 | Time: 2.8640
Epoch: 0014 | TRAIN: 0.4216 0.9567 | 0.0264 1.0000 | 0.0251 1.0000 | Time: 39.8788 | VAL: 1.0222 0.8333 | 0.3265 1.0000 | 0.3088 0.9799 | Time: 2.4006 | TEST: 1.0376 0.8188 | 0.4312 0.9426 | 0.3800 0.9556 | Time: 2.8805
Epoch: 0015 | TRAIN: 0.3936 0.9597 | 0.0224 1.0000 | 0.0229 1.0000 | Time: 39.8077 | VAL: 0.9886 0.8351 | 0.3132 1.0000 | 0.2925 0.9799 | Time: 2.4349 | TEST: 1.0048 0.8239 | 0.4146 0.9590 | 0.3649 0.9611 | Time: 2.9017
Epoch: 0016 | TRAIN: 0.3750 0.9591 | 0.0215 1.0000 | 0.0226 1.0000 | Time: 39.9259 | VAL: 0.9719 0.8406 | 0.3109 1.0000 | 0.2859 0.9799 | Time: 2.4285 | TEST: 0.9888 0.8222 | 0.4128 0.9508 | 0.3590 0.9556 | Time: 2.8941
Epoch: 0017 | TRAIN: 0.3386 0.9712 | 0.0189 1.0000 | 0.0188 1.0000 | Time: 39.9843 | VAL: 0.9583 0.8442 | 0.3113 1.0000 | 0.2782 0.9799 | Time: 2.4118 | TEST: 0.9777 0.8256 | 0.4158 0.9426 | 0.3530 0.9556 | Time: 2.8488
Epoch: 0018 | TRAIN: 0.3179 0.9718 | 0.0178 1.0000 | 0.0177 1.0000 | Time: 39.9534 | VAL: 0.9338 0.8442 | 0.2983 1.0000 | 0.2720 0.9799 | Time: 2.4432 | TEST: 0.9513 0.8256 | 0.3983 0.9590 | 0.3413 0.9611 | Time: 2.8858
Epoch: 0019 | TRAIN: 0.2836 0.9796 | 0.0173 1.0000 | 0.0164 1.0000 | Time: 40.1045 | VAL: 0.9142 0.8406 | 0.2985 1.0000 | 0.2677 0.9799 | Time: 2.4375 | TEST: 0.9329 0.8256 | 0.4002 0.9590 | 0.3455 0.9556 | Time: 2.8903
Epoch: 0020 | TRAIN: 0.2664 0.9790 | 0.0156 1.0000 | 0.0153 1.0000 | Time: 39.9597 | VAL: 0.9086 0.8460 | 0.3048 1.0000 | 0.2592 0.9799 | Time: 2.4382 | TEST: 0.9237 0.8256 | 0.4059 0.9426 | 0.3342 0.9611 | Time: 2.8872
Epoch: 0021 | TRAIN: 0.2414 0.9832 | 0.0139 1.0000 | 0.0146 1.0000 | Time: 40.0746 | VAL: 0.8888 0.8496 | 0.3027 1.0000 | 0.2620 0.9799 | Time: 2.4190 | TEST: 0.9074 0.8274 | 0.3990 0.9344 | 0.3386 0.9556 | Time: 2.8823
Epoch: 0022 | TRAIN: 0.2194 0.9874 | 0.0135 1.0000 | 0.0128 1.0000 | Time: 39.9672 | VAL: 0.8706 0.8460 | 0.2971 1.0000 | 0.2532 0.9799 | Time: 2.4221 | TEST: 0.8898 0.8274 | 0.4017 0.9426 | 0.3338 0.9556 | Time: 2.8614
Epoch: 0023 | TRAIN: 0.1887 0.9940 | 0.0134 1.0000 | 0.0125 1.0000 | Time: 40.0248 | VAL: 0.8548 0.8533 | 0.2956 1.0000 | 0.2528 0.9799 | Time: 2.4173 | TEST: 0.8754 0.8239 | 0.3988 0.9426 | 0.3278 0.9556 | Time: 2.8681
Epoch: 0024 | TRAIN: 0.1692 0.9946 | 0.0124 1.0000 | 0.0118 1.0000 | Time: 39.7586 | VAL: 0.8461 0.8496 | 0.2968 1.0000 | 0.2438 0.9799 | Time: 2.4285 | TEST: 0.8640 0.8256 | 0.3986 0.9426 | 0.3249 0.9611 | Time: 2.8568
Epoch: 0025 | TRAIN: 0.1492 0.9940 | 0.0113 1.0000 | 0.0110 1.0000 | Time: 39.9368 | VAL: 0.8335 0.8533 | 0.2924 1.0000 | 0.2450 0.9799 | Time: 2.4077 | TEST: 0.8541 0.8171 | 0.3956 0.9426 | 0.3248 0.9556 | Time: 2.8683
Epoch: 0026 | TRAIN: 0.1360 0.9982 | 0.0114 1.0000 | 0.0106 1.0000 | Time: 39.8861 | VAL: 0.8191 0.8496 | 0.2933 1.0000 | 0.2348 0.9799 | Time: 2.4456 | TEST: 0.8396 0.8171 | 0.3936 0.9344 | 0.3133 0.9556 | Time: 2.8916
Epoch: 0027 | TRAIN: 0.1176 0.9982 | 0.0106 1.0000 | 0.0101 1.0000 | Time: 40.0390 | VAL: 0.8021 0.8478 | 0.2880 1.0000 | 0.2380 0.9799 | Time: 2.4189 | TEST: 0.8200 0.8256 | 0.3970 0.9426 | 0.3224 0.9556 | Time: 2.8489
Epoch: 0028 | TRAIN: 0.0992 0.9994 | 0.0100 1.0000 | 0.0095 1.0000 | Time: 39.8753 | VAL: 0.7900 0.8569 | 0.3021 1.0000 | 0.2338 0.9799 | Time: 2.4393 | TEST: 0.8114 0.8291 | 0.4049 0.9344 | 0.3119 0.9556 | Time: 2.8887
Epoch: 0029 | TRAIN: 0.0870 1.0000 | 0.0094 1.0000 | 0.0092 1.0000 | Time: 39.7780 | VAL: 0.7708 0.8587 | 0.2951 1.0000 | 0.2326 0.9799 | Time: 2.4021 | TEST: 0.7928 0.8274 | 0.3997 0.9426 | 0.3142 0.9556 | Time: 2.8497
Epoch: 0030 | TRAIN: 0.0723 0.9994 | 0.0098 1.0000 | 0.0087 1.0000 | Time: 39.7214 | VAL: 0.7542 0.8605 | 0.2998 1.0000 | 0.2317 0.9799 | Time: 2.4104 | TEST: 0.7736 0.8256 | 0.3980 0.9426 | 0.3142 0.9611 | Time: 2.8756
Epoch: 0031 | TRAIN: 0.0595 1.0000 | 0.0087 1.0000 | 0.0082 1.0000 | Time: 39.7294 | VAL: 0.7360 0.8623 | 0.2992 1.0000 | 0.2373 0.9799 | Time: 2.4036 | TEST: 0.7543 0.8274 | 0.3996 0.9426 | 0.3160 0.9556 | Time: 2.8544
Epoch: 0032 | TRAIN: 0.0498 1.0000 | 0.0084 1.0000 | 0.0080 1.0000 | Time: 39.7298 | VAL: 0.7306 0.8551 | 0.3027 1.0000 | 0.2327 0.9799 | Time: 2.3992 | TEST: 0.7563 0.8188 | 0.3973 0.9426 | 0.3096 0.9556 | Time: 2.8712
Epoch: 0033 | TRAIN: 0.0419 1.0000 | 0.0077 1.0000 | 0.0078 1.0000 | Time: 39.8975 | VAL: 0.7030 0.8605 | 0.3048 1.0000 | 0.2361 0.9866 | Time: 2.4259 | TEST: 0.7246 0.8222 | 0.3998 0.9426 | 0.3147 0.9611 | Time: 2.9014
Epoch: 0034 | TRAIN: 0.0349 1.0000 | 0.0077 1.0000 | 0.0075 1.0000 | Time: 39.7159 | VAL: 0.6908 0.8623 | 0.3043 1.0000 | 0.2348 0.9799 | Time: 2.4012 | TEST: 0.7207 0.8291 | 0.4026 0.9426 | 0.3131 0.9556 | Time: 2.8437
Epoch: 0035 | TRAIN: 0.0294 1.0000 | 0.0076 1.0000 | 0.0072 1.0000 | Time: 39.7189 | VAL: 0.6915 0.8605 | 0.3036 1.0000 | 0.2342 0.9799 | Time: 2.4154 | TEST: 0.7121 0.8274 | 0.4100 0.9426 | 0.3175 0.9556 | Time: 2.8481
Epoch: 0036 | TRAIN: 0.0256 1.0000 | 0.0075 1.0000 | 0.0069 1.0000 | Time: 39.7290 | VAL: 0.6799 0.8641 | 0.3062 1.0000 | 0.2289 0.9866 | Time: 2.4000 | TEST: 0.7065 0.8274 | 0.4135 0.9426 | 0.3097 0.9611 | Time: 2.8885
Epoch: 0037 | TRAIN: 0.0209 1.0000 | 0.0071 1.0000 | 0.0068 1.0000 | Time: 39.7680 | VAL: 0.6630 0.8623 | 0.3126 1.0000 | 0.2277 0.9866 | Time: 2.4174 | TEST: 0.6878 0.8308 | 0.4125 0.9426 | 0.3147 0.9611 | Time: 2.8598
Epoch: 0038 | TRAIN: 0.0175 1.0000 | 0.0070 1.0000 | 0.0070 1.0000 | Time: 39.8506 | VAL: 0.6584 0.8678 | 0.3105 1.0000 | 0.2290 0.9866 | Time: 2.3948 | TEST: 0.6810 0.8308 | 0.4044 0.9426 | 0.3116 0.9611 | Time: 2.8558
Epoch: 0039 | TRAIN: 0.0169 1.0000 | 0.0063 1.0000 | 0.0061 1.0000 | Time: 39.7256 | VAL: 0.6574 0.8641 | 0.3164 1.0000 | 0.2256 0.9799 | Time: 2.3908 | TEST: 0.6818 0.8291 | 0.4178 0.9426 | 0.3109 0.9611 | Time: 2.8475
Epoch: 0040 | TRAIN: 0.0150 1.0000 | 0.0064 1.0000 | 0.0061 1.0000 | Time: 39.8785 | VAL: 0.6420 0.8659 | 0.3069 1.0000 | 0.2274 0.9866 | Time: 2.4138 | TEST: 0.6715 0.8274 | 0.4006 0.9508 | 0.3033 0.9611 | Time: 2.8832
Epoch: 0041 | TRAIN: 0.0126 1.0000 | 0.0060 1.0000 | 0.0058 1.0000 | Time: 39.8249 | VAL: 0.6362 0.8641 | 0.3067 1.0000 | 0.2349 0.9799 | Time: 2.4038 | TEST: 0.6665 0.8256 | 0.4074 0.9426 | 0.3128 0.9556 | Time: 2.8562
Epoch: 0042 | TRAIN: 0.0113 1.0000 | 0.0060 1.0000 | 0.0053 1.0000 | Time: 39.6965 | VAL: 0.6336 0.8696 | 0.3057 1.0000 | 0.2292 0.9799 | Time: 2.4197 | TEST: 0.6613 0.8291 | 0.4007 0.9426 | 0.3072 0.9611 | Time: 2.8723
Epoch: 0043 | TRAIN: 0.0105 1.0000 | 0.0055 1.0000 | 0.0054 1.0000 | Time: 39.7668 | VAL: 0.6342 0.8696 | 0.3080 1.0000 | 0.2253 0.9799 | Time: 2.4212 | TEST: 0.6541 0.8291 | 0.4016 0.9426 | 0.2996 0.9611 | Time: 2.8631
Epoch: 0044 | TRAIN: 0.0103 1.0000 | 0.0053 1.0000 | 0.0048 1.0000 | Time: 39.7905 | VAL: 0.6306 0.8714 | 0.3051 1.0000 | 0.2258 0.9799 | Time: 2.4311 | TEST: 0.6502 0.8291 | 0.3927 0.9426 | 0.3011 0.9611 | Time: 2.8786
Epoch: 0045 | TRAIN: 0.0092 1.0000 | 0.0049 1.0000 | 0.0049 1.0000 | Time: 39.7267 | VAL: 0.6226 0.8605 | 0.3048 1.0000 | 0.2264 0.9866 | Time: 2.4161 | TEST: 0.6453 0.8308 | 0.3969 0.9426 | 0.3012 0.9611 | Time: 2.8725
Epoch: 0046 | TRAIN: 0.0080 1.0000 | 0.0050 1.0000 | 0.0047 1.0000 | Time: 39.8166 | VAL: 0.6193 0.8678 | 0.3036 1.0000 | 0.2199 0.9799 | Time: 2.4149 | TEST: 0.6481 0.8308 | 0.3953 0.9426 | 0.3009 0.9611 | Time: 2.8655
Epoch: 0047 | TRAIN: 0.0081 1.0000 | 0.0050 1.0000 | 0.0047 1.0000 | Time: 39.8123 | VAL: 0.6254 0.8696 | 0.2984 1.0000 | 0.2285 0.9799 | Time: 2.3803 | TEST: 0.6510 0.8342 | 0.4011 0.9426 | 0.3033 0.9556 | Time: 2.8670
Epoch: 0048 | TRAIN: 0.0081 1.0000 | 0.0051 1.0000 | 0.0045 1.0000 | Time: 39.7578 | VAL: 0.6219 0.8678 | 0.2985 1.0000 | 0.2185 0.9799 | Time: 2.4037 | TEST: 0.6509 0.8308 | 0.3997 0.9426 | 0.2960 0.9611 | Time: 2.8584
Epoch: 0049 | TRAIN: 0.0072 1.0000 | 0.0048 1.0000 | 0.0042 1.0000 | Time: 39.7869 | VAL: 0.6176 0.8696 | 0.2899 1.0000 | 0.2183 0.9799 | Time: 2.4278 | TEST: 0.6435 0.8342 | 0.3914 0.9426 | 0.2924 0.9611 | Time: 2.9051
Epoch: 0050 | TRAIN: 0.0070 1.0000 | 0.0046 1.0000 | 0.0045 1.0000 | Time: 39.8648 | VAL: 0.6144 0.8696 | 0.3031 1.0000 | 0.2178 0.9866 | Time: 2.3986 | TEST: 0.6367 0.8359 | 0.3991 0.9426 | 0.3021 0.9611 | Time: 2.8583
Epoch: 0051 | TRAIN: 0.0067 1.0000 | 0.0040 1.0000 | 0.0040 1.0000 | Time: 39.7899 | VAL: 0.6096 0.8696 | 0.2928 1.0000 | 0.2134 0.9866 | Time: 2.4209 | TEST: 0.6354 0.8342 | 0.3922 0.9426 | 0.2922 0.9611 | Time: 2.8646
Epoch: 0052 | TRAIN: 0.0062 1.0000 | 0.0040 1.0000 | 0.0035 1.0000 | Time: 39.8696 | VAL: 0.6177 0.8714 | 0.2907 1.0000 | 0.2145 0.9866 | Time: 2.4335 | TEST: 0.6398 0.8291 | 0.3885 0.9426 | 0.2952 0.9611 | Time: 2.9138
Epoch: 0053 | TRAIN: 0.0057 1.0000 | 0.0038 1.0000 | 0.0036 1.0000 | Time: 39.8223 | VAL: 0.6101 0.8732 | 0.2906 1.0000 | 0.2119 0.9799 | Time: 2.4447 | TEST: 0.6353 0.8325 | 0.3940 0.9426 | 0.2905 0.9611 | Time: 2.9022
Epoch: 0054 | TRAIN: 0.0057 1.0000 | 0.0037 1.0000 | 0.0038 1.0000 | Time: 39.9009 | VAL: 0.6074 0.8732 | 0.2888 1.0000 | 0.2128 0.9799 | Time: 2.4224 | TEST: 0.6370 0.8256 | 0.3912 0.9426 | 0.2879 0.9556 | Time: 2.8666
Epoch: 0055 | TRAIN: 0.0056 1.0000 | 0.0037 1.0000 | 0.0036 1.0000 | Time: 39.9598 | VAL: 0.6094 0.8732 | 0.2960 1.0000 | 0.2128 0.9866 | Time: 2.4229 | TEST: 0.6362 0.8342 | 0.4021 0.9426 | 0.2930 0.9611 | Time: 2.8691
Epoch: 0056 | TRAIN: 0.0058 1.0000 | 0.0036 1.0000 | 0.0034 1.0000 | Time: 39.9343 | VAL: 0.6104 0.8696 | 0.2939 1.0000 | 0.2048 0.9866 | Time: 2.4184 | TEST: 0.6348 0.8308 | 0.3948 0.9426 | 0.2872 0.9611 | Time: 2.8553
Epoch: 0057 | TRAIN: 0.0052 1.0000 | 0.0032 1.0000 | 0.0034 1.0000 | Time: 40.0316 | VAL: 0.6159 0.8678 | 0.2985 1.0000 | 0.2108 0.9866 | Time: 2.4372 | TEST: 0.6375 0.8239 | 0.3946 0.9508 | 0.2875 0.9611 | Time: 2.8826
Epoch: 0058 | TRAIN: 0.0054 1.0000 | 0.0033 1.0000 | 0.0032 1.0000 | Time: 39.9003 | VAL: 0.6070 0.8696 | 0.2907 1.0000 | 0.2150 0.9799 | Time: 2.4153 | TEST: 0.6320 0.8256 | 0.3869 0.9426 | 0.2877 0.9611 | Time: 2.8778
Epoch: 0059 | TRAIN: 0.0047 1.0000 | 0.0031 1.0000 | 0.0032 1.0000 | Time: 39.8362 | VAL: 0.6061 0.8732 | 0.2856 1.0000 | 0.2084 0.9866 | Time: 2.4252 | TEST: 0.6291 0.8274 | 0.3801 0.9426 | 0.2855 0.9611 | Time: 2.8649
Epoch: 0060 | TRAIN: 0.0047 1.0000 | 0.0032 1.0000 | 0.0030 1.0000 | Time: 39.8972 | VAL: 0.6076 0.8714 | 0.2899 1.0000 | 0.2128 0.9866 | Time: 2.4292 | TEST: 0.6312 0.8308 | 0.3853 0.9508 | 0.2847 0.9611 | Time: 2.8817
Epoch: 0061 | TRAIN: 0.0044 1.0000 | 0.0030 1.0000 | 0.0030 1.0000 | Time: 39.8442 | VAL: 0.6039 0.8768 | 0.2845 1.0000 | 0.2059 0.9866 | Time: 2.4213 | TEST: 0.6257 0.8291 | 0.3774 0.9426 | 0.2769 0.9611 | Time: 2.8378
Epoch: 0062 | TRAIN: 0.0043 1.0000 | 0.0030 1.0000 | 0.0029 1.0000 | Time: 39.8722 | VAL: 0.6067 0.8732 | 0.2810 1.0000 | 0.2094 0.9799 | Time: 2.4526 | TEST: 0.6276 0.8325 | 0.3839 0.9426 | 0.2837 0.9611 | Time: 2.8974
Epoch: 0063 | TRAIN: 0.0039 1.0000 | 0.0029 1.0000 | 0.0027 1.0000 | Time: 39.9450 | VAL: 0.6006 0.8696 | 0.2830 1.0000 | 0.2066 0.9866 | Time: 2.4041 | TEST: 0.6207 0.8325 | 0.3814 0.9426 | 0.2804 0.9611 | Time: 2.8630
Epoch: 0064 | TRAIN: 0.0038 1.0000 | 0.0028 1.0000 | 0.0027 1.0000 | Time: 39.8658 | VAL: 0.6041 0.8641 | 0.2830 1.0000 | 0.2058 0.9866 | Time: 2.4321 | TEST: 0.6249 0.8291 | 0.3784 0.9426 | 0.2818 0.9611 | Time: 2.9083
Epoch: 0065 | TRAIN: 0.0040 1.0000 | 0.0030 1.0000 | 0.0026 1.0000 | Time: 39.8415 | VAL: 0.5973 0.8750 | 0.2797 1.0000 | 0.2031 0.9866 | Time: 2.4015 | TEST: 0.6210 0.8325 | 0.3773 0.9426 | 0.2795 0.9611 | Time: 2.8833
Epoch: 0066 | TRAIN: 0.0037 1.0000 | 0.0026 1.0000 | 0.0026 1.0000 | Time: 39.8393 | VAL: 0.6006 0.8750 | 0.2778 1.0000 | 0.2021 0.9866 | Time: 2.4080 | TEST: 0.6256 0.8256 | 0.3765 0.9426 | 0.2767 0.9611 | Time: 2.8837
Epoch: 0067 | TRAIN: 0.0034 1.0000 | 0.0027 1.0000 | 0.0026 1.0000 | Time: 39.7999 | VAL: 0.6012 0.8696 | 0.2789 1.0000 | 0.1969 0.9866 | Time: 2.4180 | TEST: 0.6245 0.8325 | 0.3785 0.9508 | 0.2738 0.9611 | Time: 2.8561
Epoch: 0068 | TRAIN: 0.0036 1.0000 | 0.0025 1.0000 | 0.0022 1.0000 | Time: 40.0102 | VAL: 0.5971 0.8768 | 0.2783 1.0000 | 0.2056 0.9866 | Time: 2.4216 | TEST: 0.6191 0.8308 | 0.3781 0.9508 | 0.2774 0.9611 | Time: 2.8575
Epoch: 0069 | TRAIN: 0.0036 1.0000 | 0.0024 1.0000 | 0.0022 1.0000 | Time: 39.8697 | VAL: 0.5959 0.8732 | 0.2793 1.0000 | 0.1965 0.9866 | Time: 2.3986 | TEST: 0.6194 0.8325 | 0.3811 0.9508 | 0.2714 0.9611 | Time: 2.8618
Epoch: 0070 | TRAIN: 0.0034 1.0000 | 0.0024 1.0000 | 0.0023 1.0000 | Time: 39.9780 | VAL: 0.5969 0.8732 | 0.2754 1.0000 | 0.2025 0.9799 | Time: 2.4159 | TEST: 0.6212 0.8325 | 0.3763 0.9508 | 0.2820 0.9611 | Time: 2.8694
Epoch: 0071 | TRAIN: 0.0032 1.0000 | 0.0024 1.0000 | 0.0022 1.0000 | Time: 39.8638 | VAL: 0.5923 0.8750 | 0.2752 1.0000 | 0.1974 0.9799 | Time: 2.4117 | TEST: 0.6131 0.8342 | 0.3756 0.9426 | 0.2759 0.9611 | Time: 2.8627
Epoch: 0072 | TRAIN: 0.0029 1.0000 | 0.0023 1.0000 | 0.0022 1.0000 | Time: 39.9023 | VAL: 0.5911 0.8732 | 0.2775 1.0000 | 0.1960 0.9866 | Time: 2.4456 | TEST: 0.6163 0.8325 | 0.3770 0.9426 | 0.2750 0.9611 | Time: 2.9046
Epoch: 0073 | TRAIN: 0.0029 1.0000 | 0.0023 1.0000 | 0.0021 1.0000 | Time: 39.8650 | VAL: 0.5918 0.8696 | 0.2752 1.0000 | 0.1942 0.9866 | Time: 2.4570 | TEST: 0.6177 0.8291 | 0.3762 0.9426 | 0.2729 0.9611 | Time: 2.8998
Epoch: 0074 | TRAIN: 0.0030 1.0000 | 0.0021 1.0000 | 0.0020 1.0000 | Time: 39.7955 | VAL: 0.5906 0.8696 | 0.2787 1.0000 | 0.1988 0.9799 | Time: 2.4115 | TEST: 0.6194 0.8325 | 0.3761 0.9426 | 0.2686 0.9611 | Time: 2.8428
Epoch: 0075 | TRAIN: 0.0029 1.0000 | 0.0022 1.0000 | 0.0019 1.0000 | Time: 39.7495 | VAL: 0.5904 0.8732 | 0.2707 1.0000 | 0.1928 0.9866 | Time: 2.4071 | TEST: 0.6109 0.8342 | 0.3688 0.9590 | 0.2655 0.9611 | Time: 2.8529
Epoch: 0076 | TRAIN: 0.0028 1.0000 | 0.0021 1.0000 | 0.0019 1.0000 | Time: 39.6733 | VAL: 0.5905 0.8714 | 0.2738 1.0000 | 0.1954 0.9866 | Time: 2.4127 | TEST: 0.6162 0.8325 | 0.3750 0.9426 | 0.2692 0.9611 | Time: 2.8751
Epoch: 0077 | TRAIN: 0.0029 1.0000 | 0.0021 1.0000 | 0.0018 1.0000 | Time: 39.6160 | VAL: 0.5936 0.8768 | 0.2674 1.0000 | 0.1953 0.9799 | Time: 2.4235 | TEST: 0.6189 0.8308 | 0.3723 0.9426 | 0.2691 0.9611 | Time: 2.8821
Epoch: 0078 | TRAIN: 0.0025 1.0000 | 0.0020 1.0000 | 0.0018 1.0000 | Time: 39.9109 | VAL: 0.5872 0.8768 | 0.2692 1.0000 | 0.1996 0.9866 | Time: 2.4212 | TEST: 0.6174 0.8274 | 0.3712 0.9508 | 0.2722 0.9611 | Time: 2.8524
Epoch: 0079 | TRAIN: 0.0028 1.0000 | 0.0019 1.0000 | 0.0017 1.0000 | Time: 39.9556 | VAL: 0.5876 0.8732 | 0.2704 1.0000 | 0.1922 0.9866 | Time: 2.4071 | TEST: 0.6135 0.8308 | 0.3708 0.9426 | 0.2703 0.9611 | Time: 2.8585
Epoch: 0080 | TRAIN: 0.0024 1.0000 | 0.0018 1.0000 | 0.0017 1.0000 | Time: 39.9413 | VAL: 0.5848 0.8750 | 0.2616 1.0000 | 0.1884 0.9866 | Time: 2.4391 | TEST: 0.6077 0.8359 | 0.3641 0.9508 | 0.2627 0.9611 | Time: 2.9094
Epoch: 0081 | TRAIN: 0.0028 1.0000 | 0.0019 1.0000 | 0.0017 1.0000 | Time: 39.9730 | VAL: 0.5888 0.8714 | 0.2606 1.0000 | 0.1847 0.9866 | Time: 2.4182 | TEST: 0.6168 0.8256 | 0.3614 0.9426 | 0.2633 0.9611 | Time: 2.8652
Epoch: 0082 | TRAIN: 0.0023 1.0000 | 0.0018 1.0000 | 0.0016 1.0000 | Time: 39.9403 | VAL: 0.5906 0.8714 | 0.2587 1.0000 | 0.1877 0.9866 | Time: 2.3999 | TEST: 0.6119 0.8342 | 0.3585 0.9426 | 0.2596 0.9611 | Time: 2.8504
Epoch: 0083 | TRAIN: 0.0026 1.0000 | 0.0017 1.0000 | 0.0016 1.0000 | Time: 39.8838 | VAL: 0.5861 0.8714 | 0.2581 1.0000 | 0.1851 0.9866 | Time: 2.4246 | TEST: 0.6093 0.8325 | 0.3545 0.9590 | 0.2596 0.9611 | Time: 2.8796
Epoch: 0084 | TRAIN: 0.0024 1.0000 | 0.0018 1.0000 | 0.0016 1.0000 | Time: 39.8732 | VAL: 0.5865 0.8659 | 0.2616 1.0000 | 0.1811 0.9866 | Time: 2.4017 | TEST: 0.6075 0.8376 | 0.3570 0.9508 | 0.2590 0.9611 | Time: 2.8645
Epoch: 0085 | TRAIN: 0.0023 1.0000 | 0.0016 1.0000 | 0.0016 1.0000 | Time: 39.7938 | VAL: 0.5837 0.8678 | 0.2602 1.0000 | 0.1862 0.9866 | Time: 2.4011 | TEST: 0.6040 0.8342 | 0.3585 0.9426 | 0.2634 0.9611 | Time: 2.8645
Epoch: 0086 | TRAIN: 0.0023 1.0000 | 0.0017 1.0000 | 0.0016 1.0000 | Time: 39.7600 | VAL: 0.5847 0.8696 | 0.2498 1.0000 | 0.1822 0.9866 | Time: 2.4354 | TEST: 0.6014 0.8359 | 0.3479 0.9426 | 0.2590 0.9611 | Time: 2.8889
Epoch: 0087 | TRAIN: 0.0022 1.0000 | 0.0016 1.0000 | 0.0014 1.0000 | Time: 39.8149 | VAL: 0.5877 0.8641 | 0.2584 1.0000 | 0.1835 0.9866 | Time: 2.4280 | TEST: 0.6065 0.8359 | 0.3538 0.9426 | 0.2624 0.9611 | Time: 2.8837
Epoch: 0088 | TRAIN: 0.0021 1.0000 | 0.0016 1.0000 | 0.0014 1.0000 | Time: 39.7560 | VAL: 0.5879 0.8659 | 0.2626 1.0000 | 0.1872 0.9799 | Time: 2.4073 | TEST: 0.6102 0.8325 | 0.3579 0.9508 | 0.2643 0.9611 | Time: 2.8717
Epoch: 0089 | TRAIN: 0.0022 1.0000 | 0.0015 1.0000 | 0.0014 1.0000 | Time: 39.6285 | VAL: 0.5857 0.8678 | 0.2596 1.0000 | 0.1805 0.9866 | Time: 2.4271 | TEST: 0.6077 0.8393 | 0.3579 0.9426 | 0.2588 0.9611 | Time: 2.8420
Epoch: 0090 | TRAIN: 0.0021 1.0000 | 0.0014 1.0000 | 0.0014 1.0000 | Time: 39.6864 | VAL: 0.5916 0.8750 | 0.2570 1.0000 | 0.1874 0.9866 | Time: 2.3785 | TEST: 0.6103 0.8325 | 0.3599 0.9426 | 0.2636 0.9611 | Time: 2.8040
Epoch: 0091 | TRAIN: 0.0020 1.0000 | 0.0015 1.0000 | 0.0014 1.0000 | Time: 39.6017 | VAL: 0.5875 0.8714 | 0.2558 1.0000 | 0.1813 0.9866 | Time: 2.4042 | TEST: 0.6097 0.8325 | 0.3595 0.9426 | 0.2547 0.9611 | Time: 2.8621
Epoch: 0092 | TRAIN: 0.0020 1.0000 | 0.0014 1.0000 | 0.0013 1.0000 | Time: 39.5984 | VAL: 0.5890 0.8696 | 0.2521 1.0000 | 0.1811 0.9866 | Time: 2.4249 | TEST: 0.6038 0.8342 | 0.3624 0.9426 | 0.2617 0.9611 | Time: 2.8742
Epoch: 0093 | TRAIN: 0.0020 1.0000 | 0.0014 1.0000 | 0.0013 1.0000 | Time: 39.8033 | VAL: 0.5950 0.8678 | 0.2470 1.0000 | 0.1821 0.9866 | Time: 2.4322 | TEST: 0.6046 0.8410 | 0.3535 0.9508 | 0.2601 0.9611 | Time: 2.8561
Epoch: 0094 | TRAIN: 0.0018 1.0000 | 0.0013 1.0000 | 0.0013 1.0000 | Time: 39.7048 | VAL: 0.5851 0.8696 | 0.2481 1.0000 | 0.1759 0.9866 | Time: 2.4367 | TEST: 0.6102 0.8410 | 0.3433 0.9590 | 0.2563 0.9611 | Time: 2.9036
Epoch: 0095 | TRAIN: 0.0018 1.0000 | 0.0013 1.0000 | 0.0012 1.0000 | Time: 39.7218 | VAL: 0.5856 0.8714 | 0.2523 1.0000 | 0.1759 0.9866 | Time: 2.4045 | TEST: 0.6105 0.8342 | 0.3560 0.9426 | 0.2546 0.9611 | Time: 2.8640
Epoch: 0096 | TRAIN: 0.0018 1.0000 | 0.0013 1.0000 | 0.0012 1.0000 | Time: 39.7521 | VAL: 0.5858 0.8678 | 0.2561 1.0000 | 0.1787 0.9866 | Time: 2.4117 | TEST: 0.6078 0.8308 | 0.3567 0.9508 | 0.2564 0.9611 | Time: 2.8499
Epoch: 0097 | TRAIN: 0.0017 1.0000 | 0.0012 1.0000 | 0.0013 1.0000 | Time: 39.7040 | VAL: 0.5839 0.8714 | 0.2496 1.0000 | 0.1781 0.9866 | Time: 2.4095 | TEST: 0.6016 0.8359 | 0.3532 0.9426 | 0.2558 0.9611 | Time: 2.8751
Epoch: 0098 | TRAIN: 0.0018 1.0000 | 0.0012 1.0000 | 0.0011 1.0000 | Time: 39.6860 | VAL: 0.5894 0.8696 | 0.2515 1.0000 | 0.1789 0.9866 | Time: 2.4081 | TEST: 0.6109 0.8359 | 0.3500 0.9508 | 0.2509 0.9611 | Time: 2.8487
Epoch: 0099 | TRAIN: 0.0018 1.0000 | 0.0013 1.0000 | 0.0012 1.0000 | Time: 39.5989 | VAL: 0.5884 0.8714 | 0.2561 1.0000 | 0.1795 0.9866 | Time: 2.4143 | TEST: 0.6105 0.8325 | 0.3519 0.9590 | 0.2539 0.9611 | Time: 2.8464
========================================
Best Result: Epoch 61, result {'amazon': [0.8290598290598291], 'dslr': [0.9426229508196722], 'webcam': [0.9611111111111111]}
========================================
