========================================
General Configuration:
	Wighting: MoCo
	Architecture: HPS
	Rep_Grad: False
	Multi_Input: True
	Seed: 0
	Device: cuda:0
MoCo Configuration:
	weighting: MoCo
	beta_moco: 1.0
	gamma_moco: 1.0
	rho_moco: 0.01
	moco_gn: none
Optimizer Configuration:
	optim: adam
	lr: 0.001
	weight_decay: 1e-05
========================================
Total Params: 11487901
Trainable Params: 11487901
Non-trainable Params: 0
========================================
LOG FORMAT | amazon_LOSS Acc | dslr_LOSS Acc | webcam_LOSS Acc | TIME
Epoch: 0000 | TRAIN: 2.1203 0.4645 | 1.5757 0.6989 | 2.0160 0.5264 | Time: 43.8028 | VAL: 1.5637 0.6178 | 0.8282 0.8764 | 0.8828 0.8121 | Time: 2.4846 | TEST: 1.5229 0.6222 | 0.9789 0.8033 | 0.8995 0.8333 | Time: 2.9787
Epoch: 0001 | TRAIN: 1.1876 0.7175 | 0.2804 0.9904 | 0.3294 0.9585 | Time: 43.2816 | VAL: 1.1619 0.7120 | 0.3031 0.9775 | 0.2756 0.9597 | Time: 2.5698 | TEST: 1.1342 0.7162 | 0.3048 0.9508 | 0.3211 0.9500 | Time: 3.3644
Epoch: 0002 | TRAIN: 0.7490 0.8143 | 0.0313 1.0000 | 0.0684 0.9988 | Time: 44.0967 | VAL: 1.0111 0.7464 | 0.1119 0.9775 | 0.1548 0.9866 | Time: 2.5031 | TEST: 0.9792 0.7453 | 0.1793 0.9508 | 0.1627 0.9611 | Time: 3.0031
Epoch: 0003 | TRAIN: 0.5724 0.8606 | 0.0103 1.0000 | 0.0268 1.0000 | Time: 43.3290 | VAL: 0.9516 0.7518 | 0.0682 0.9888 | 0.1161 0.9933 | Time: 2.5341 | TEST: 0.8958 0.7658 | 0.1442 0.9590 | 0.1208 0.9667 | Time: 3.2266
Epoch: 0004 | TRAIN: 0.5097 0.8732 | 0.0070 1.0000 | 0.0171 1.0000 | Time: 43.3870 | VAL: 0.9150 0.7645 | 0.0681 0.9888 | 0.0984 0.9866 | Time: 2.6399 | TEST: 0.8641 0.7641 | 0.1441 0.9590 | 0.1019 0.9722 | Time: 3.0621
Epoch: 0005 | TRAIN: 0.4562 0.8828 | 0.0056 1.0000 | 0.0123 1.0000 | Time: 43.2313 | VAL: 0.8886 0.7681 | 0.0526 0.9888 | 0.0839 0.9866 | Time: 2.6153 | TEST: 0.8398 0.7692 | 0.1290 0.9590 | 0.0921 0.9722 | Time: 3.0302
Epoch: 0006 | TRAIN: 0.4160 0.8882 | 0.0045 1.0000 | 0.0096 1.0000 | Time: 43.6415 | VAL: 0.8687 0.7754 | 0.0478 1.0000 | 0.0720 0.9933 | Time: 2.5055 | TEST: 0.8288 0.7726 | 0.1412 0.9590 | 0.0760 0.9778 | Time: 3.0274
Epoch: 0007 | TRAIN: 0.3908 0.8984 | 0.0038 1.0000 | 0.0071 1.0000 | Time: 43.3872 | VAL: 0.8625 0.7736 | 0.0465 1.0000 | 0.0686 0.9866 | Time: 2.5363 | TEST: 0.8168 0.7761 | 0.1331 0.9590 | 0.0727 0.9722 | Time: 3.0632
Epoch: 0008 | TRAIN: 0.3487 0.9129 | 0.0033 1.0000 | 0.0058 1.0000 | Time: 44.1645 | VAL: 0.8652 0.7790 | 0.0432 1.0000 | 0.0655 0.9933 | Time: 2.5740 | TEST: 0.8185 0.7795 | 0.1291 0.9590 | 0.0674 0.9833 | Time: 3.0248
Epoch: 0009 | TRAIN: 0.3287 0.9171 | 0.0030 1.0000 | 0.0046 1.0000 | Time: 44.0107 | VAL: 0.8477 0.7754 | 0.0406 1.0000 | 0.0629 0.9933 | Time: 2.5351 | TEST: 0.7978 0.7778 | 0.1313 0.9590 | 0.0697 0.9778 | Time: 2.9732
Epoch: 0010 | TRAIN: 0.2907 0.9255 | 0.0026 1.0000 | 0.0043 1.0000 | Time: 43.5508 | VAL: 0.8414 0.7736 | 0.0335 1.0000 | 0.0624 0.9933 | Time: 2.6466 | TEST: 0.7881 0.7812 | 0.1252 0.9590 | 0.0701 0.9722 | Time: 3.0065
Epoch: 0011 | TRAIN: 0.2641 0.9339 | 0.0024 1.0000 | 0.0036 1.0000 | Time: 43.4510 | VAL: 0.8425 0.7826 | 0.0328 1.0000 | 0.0554 0.9933 | Time: 2.5308 | TEST: 0.7906 0.7880 | 0.1178 0.9590 | 0.0660 0.9778 | Time: 3.0578
Epoch: 0012 | TRAIN: 0.2501 0.9369 | 0.0021 1.0000 | 0.0030 1.0000 | Time: 43.2863 | VAL: 0.8483 0.7736 | 0.0370 1.0000 | 0.0607 0.9933 | Time: 2.6491 | TEST: 0.7971 0.7863 | 0.1177 0.9590 | 0.0577 0.9833 | Time: 3.4810
Epoch: 0013 | TRAIN: 0.2344 0.9387 | 0.0020 1.0000 | 0.0024 1.0000 | Time: 44.1648 | VAL: 0.8493 0.7754 | 0.0308 1.0000 | 0.0569 0.9866 | Time: 2.7562 | TEST: 0.7893 0.7846 | 0.1190 0.9590 | 0.0604 0.9778 | Time: 3.0908
Epoch: 0014 | TRAIN: 0.2053 0.9453 | 0.0019 1.0000 | 0.0024 1.0000 | Time: 43.6622 | VAL: 0.8515 0.7736 | 0.0313 1.0000 | 0.0571 0.9866 | Time: 2.5922 | TEST: 0.7848 0.7846 | 0.1232 0.9590 | 0.0597 0.9778 | Time: 3.0525
Epoch: 0015 | TRAIN: 0.2073 0.9459 | 0.0016 1.0000 | 0.0021 1.0000 | Time: 43.0191 | VAL: 0.8555 0.7699 | 0.0340 1.0000 | 0.0545 0.9866 | Time: 2.5083 | TEST: 0.7978 0.7829 | 0.1162 0.9590 | 0.0639 0.9778 | Time: 3.0115
Epoch: 0016 | TRAIN: 0.1783 0.9561 | 0.0015 1.0000 | 0.0021 1.0000 | Time: 43.5180 | VAL: 0.8518 0.7808 | 0.0307 1.0000 | 0.0563 0.9866 | Time: 2.9409 | TEST: 0.7942 0.7915 | 0.1130 0.9590 | 0.0615 0.9778 | Time: 2.9711
Epoch: 0017 | TRAIN: 0.1557 0.9681 | 0.0013 1.0000 | 0.0016 1.0000 | Time: 43.0761 | VAL: 0.8551 0.7808 | 0.0235 1.0000 | 0.0519 0.9866 | Time: 2.4899 | TEST: 0.7921 0.7897 | 0.1130 0.9590 | 0.0626 0.9833 | Time: 2.9784
Epoch: 0018 | TRAIN: 0.1551 0.9633 | 0.0012 1.0000 | 0.0016 1.0000 | Time: 43.0912 | VAL: 0.8595 0.7808 | 0.0258 1.0000 | 0.0542 0.9866 | Time: 2.5010 | TEST: 0.7902 0.7863 | 0.1195 0.9590 | 0.0568 0.9833 | Time: 2.9959
Epoch: 0019 | TRAIN: 0.1241 0.9736 | 0.0011 1.0000 | 0.0014 1.0000 | Time: 43.1659 | VAL: 0.8608 0.7772 | 0.0269 0.9888 | 0.0517 0.9933 | Time: 2.5168 | TEST: 0.7879 0.7915 | 0.1165 0.9590 | 0.0527 0.9833 | Time: 2.9951
Epoch: 0020 | TRAIN: 0.1178 0.9724 | 0.0012 1.0000 | 0.0014 1.0000 | Time: 43.1593 | VAL: 0.8624 0.7826 | 0.0226 1.0000 | 0.0498 0.9866 | Time: 2.5064 | TEST: 0.7876 0.7880 | 0.1173 0.9590 | 0.0503 0.9833 | Time: 3.0821
Epoch: 0021 | TRAIN: 0.1065 0.9838 | 0.0010 1.0000 | 0.0013 1.0000 | Time: 43.7760 | VAL: 0.8607 0.7808 | 0.0246 1.0000 | 0.0520 0.9866 | Time: 3.0968 | TEST: 0.7914 0.7915 | 0.1041 0.9590 | 0.0553 0.9833 | Time: 3.3680
Epoch: 0022 | TRAIN: 0.0934 0.9838 | 0.0010 1.0000 | 0.0010 1.0000 | Time: 43.0165 | VAL: 0.8659 0.7844 | 0.0232 1.0000 | 0.0483 0.9799 | Time: 2.5243 | TEST: 0.7959 0.7983 | 0.1014 0.9590 | 0.0563 0.9778 | Time: 2.9985
Epoch: 0023 | TRAIN: 0.0824 0.9844 | 0.0010 1.0000 | 0.0011 1.0000 | Time: 43.2788 | VAL: 0.8776 0.7790 | 0.0227 1.0000 | 0.0513 0.9799 | Time: 2.5280 | TEST: 0.8071 0.7966 | 0.0999 0.9672 | 0.0542 0.9778 | Time: 3.0537
Epoch: 0024 | TRAIN: 0.0801 0.9862 | 0.0009 1.0000 | 0.0011 1.0000 | Time: 43.1879 | VAL: 0.8733 0.7844 | 0.0187 1.0000 | 0.0462 0.9866 | Time: 2.5271 | TEST: 0.8007 0.8017 | 0.1209 0.9590 | 0.0555 0.9833 | Time: 3.0941
Epoch: 0025 | TRAIN: 0.0668 0.9928 | 0.0009 1.0000 | 0.0009 1.0000 | Time: 43.2612 | VAL: 0.8860 0.7899 | 0.0196 1.0000 | 0.0461 0.9933 | Time: 2.5088 | TEST: 0.8004 0.7966 | 0.1113 0.9672 | 0.0567 0.9833 | Time: 2.9598
Epoch: 0026 | TRAIN: 0.0613 0.9940 | 0.0008 1.0000 | 0.0009 1.0000 | Time: 43.6349 | VAL: 0.8915 0.7862 | 0.0211 1.0000 | 0.0500 0.9799 | Time: 2.5521 | TEST: 0.8015 0.7915 | 0.1165 0.9590 | 0.0607 0.9722 | Time: 3.1183
Epoch: 0027 | TRAIN: 0.0544 0.9928 | 0.0008 1.0000 | 0.0008 1.0000 | Time: 43.0870 | VAL: 0.9006 0.7808 | 0.0182 1.0000 | 0.0474 0.9866 | Time: 2.8433 | TEST: 0.8128 0.7966 | 0.1109 0.9590 | 0.0598 0.9722 | Time: 3.3915
Epoch: 0028 | TRAIN: 0.0481 0.9964 | 0.0007 1.0000 | 0.0008 1.0000 | Time: 43.2942 | VAL: 0.8913 0.7862 | 0.0213 1.0000 | 0.0494 0.9799 | Time: 2.5131 | TEST: 0.8174 0.7966 | 0.0997 0.9672 | 0.0541 0.9833 | Time: 2.9852
Epoch: 0029 | TRAIN: 0.0459 0.9970 | 0.0007 1.0000 | 0.0008 1.0000 | Time: 43.4058 | VAL: 0.9034 0.7880 | 0.0162 1.0000 | 0.0477 0.9866 | Time: 2.5773 | TEST: 0.8179 0.7915 | 0.1010 0.9590 | 0.0614 0.9722 | Time: 3.0126
Epoch: 0030 | TRAIN: 0.0358 0.9982 | 0.0007 1.0000 | 0.0008 1.0000 | Time: 43.4555 | VAL: 0.9085 0.7808 | 0.0188 1.0000 | 0.0465 0.9866 | Time: 2.4724 | TEST: 0.8222 0.7897 | 0.1090 0.9672 | 0.0506 0.9833 | Time: 3.2652
Epoch: 0031 | TRAIN: 0.0347 0.9982 | 0.0006 1.0000 | 0.0007 1.0000 | Time: 43.3605 | VAL: 0.9018 0.7862 | 0.0178 1.0000 | 0.0454 0.9866 | Time: 2.7016 | TEST: 0.8074 0.7966 | 0.1011 0.9672 | 0.0538 0.9778 | Time: 3.3415
Epoch: 0032 | TRAIN: 0.0275 0.9988 | 0.0006 1.0000 | 0.0007 1.0000 | Time: 43.3352 | VAL: 0.9086 0.7880 | 0.0203 1.0000 | 0.0483 0.9866 | Time: 2.5388 | TEST: 0.8265 0.7915 | 0.1095 0.9590 | 0.0522 0.9778 | Time: 3.0239
Epoch: 0033 | TRAIN: 0.0279 0.9988 | 0.0005 1.0000 | 0.0006 1.0000 | Time: 43.5057 | VAL: 0.9164 0.7880 | 0.0198 1.0000 | 0.0472 0.9866 | Time: 2.5420 | TEST: 0.8161 0.8000 | 0.1129 0.9672 | 0.0580 0.9778 | Time: 3.0198
Epoch: 0034 | TRAIN: 0.0219 0.9988 | 0.0005 1.0000 | 0.0006 1.0000 | Time: 44.0051 | VAL: 0.9174 0.7899 | 0.0197 1.0000 | 0.0500 0.9799 | Time: 2.5967 | TEST: 0.8313 0.7949 | 0.1055 0.9590 | 0.0493 0.9722 | Time: 3.3297
Epoch: 0035 | TRAIN: 0.0170 1.0000 | 0.0006 1.0000 | 0.0006 1.0000 | Time: 42.9577 | VAL: 0.9267 0.7917 | 0.0160 1.0000 | 0.0470 0.9799 | Time: 2.5390 | TEST: 0.8304 0.7966 | 0.1123 0.9672 | 0.0479 0.9778 | Time: 3.0088
Epoch: 0036 | TRAIN: 0.0162 0.9988 | 0.0005 1.0000 | 0.0006 1.0000 | Time: 43.2056 | VAL: 0.9199 0.7899 | 0.0156 1.0000 | 0.0475 0.9799 | Time: 2.5322 | TEST: 0.8194 0.8034 | 0.1116 0.9672 | 0.0490 0.9833 | Time: 2.9507
Epoch: 0037 | TRAIN: 0.0140 0.9994 | 0.0005 1.0000 | 0.0005 1.0000 | Time: 43.7043 | VAL: 0.9326 0.7844 | 0.0136 1.0000 | 0.0456 0.9799 | Time: 2.6554 | TEST: 0.8384 0.7949 | 0.0987 0.9590 | 0.0564 0.9778 | Time: 3.5937
Epoch: 0038 | TRAIN: 0.0122 1.0000 | 0.0005 1.0000 | 0.0006 1.0000 | Time: 43.6560 | VAL: 0.9227 0.7844 | 0.0137 1.0000 | 0.0510 0.9799 | Time: 2.5836 | TEST: 0.8399 0.7966 | 0.0949 0.9590 | 0.0516 0.9833 | Time: 3.2241
Epoch: 0039 | TRAIN: 0.0126 0.9994 | 0.0004 1.0000 | 0.0004 1.0000 | Time: 43.4695 | VAL: 0.9311 0.7917 | 0.0120 1.0000 | 0.0518 0.9799 | Time: 2.5842 | TEST: 0.8415 0.7983 | 0.0926 0.9590 | 0.0478 0.9833 | Time: 3.0135
Epoch: 0040 | TRAIN: 0.0105 1.0000 | 0.0004 1.0000 | 0.0005 1.0000 | Time: 43.4076 | VAL: 0.9423 0.7862 | 0.0146 1.0000 | 0.0504 0.9799 | Time: 2.6059 | TEST: 0.8525 0.8017 | 0.0975 0.9672 | 0.0471 0.9833 | Time: 3.1444
Epoch: 0041 | TRAIN: 0.0077 1.0000 | 0.0004 1.0000 | 0.0005 1.0000 | Time: 43.6088 | VAL: 0.9255 0.7935 | 0.0157 1.0000 | 0.0528 0.9799 | Time: 2.6342 | TEST: 0.8512 0.7949 | 0.0998 0.9672 | 0.0518 0.9778 | Time: 3.4098
Epoch: 0042 | TRAIN: 0.0063 1.0000 | 0.0004 1.0000 | 0.0004 1.0000 | Time: 44.0481 | VAL: 0.9345 0.7917 | 0.0150 1.0000 | 0.0520 0.9799 | Time: 2.5289 | TEST: 0.8577 0.7949 | 0.0859 0.9590 | 0.0468 0.9833 | Time: 2.9824
Epoch: 0043 | TRAIN: 0.0052 1.0000 | 0.0004 1.0000 | 0.0004 1.0000 | Time: 43.9835 | VAL: 0.9250 0.7917 | 0.0156 1.0000 | 0.0501 0.9799 | Time: 2.5478 | TEST: 0.8283 0.7966 | 0.0974 0.9754 | 0.0563 0.9722 | Time: 3.1872
Epoch: 0044 | TRAIN: 0.0051 1.0000 | 0.0004 1.0000 | 0.0004 1.0000 | Time: 43.4588 | VAL: 0.9539 0.7971 | 0.0173 1.0000 | 0.0560 0.9799 | Time: 2.6114 | TEST: 0.8557 0.7949 | 0.0855 0.9672 | 0.0556 0.9778 | Time: 3.0193
Epoch: 0045 | TRAIN: 0.0052 0.9994 | 0.0004 1.0000 | 0.0004 1.0000 | Time: 43.5220 | VAL: 0.9298 0.8007 | 0.0153 1.0000 | 0.0551 0.9799 | Time: 2.5692 | TEST: 0.8224 0.8034 | 0.1017 0.9672 | 0.0594 0.9833 | Time: 3.1498
Epoch: 0046 | TRAIN: 0.0038 1.0000 | 0.0004 1.0000 | 0.0004 1.0000 | Time: 43.8776 | VAL: 0.9555 0.8025 | 0.0132 1.0000 | 0.0543 0.9799 | Time: 2.5775 | TEST: 0.8547 0.8051 | 0.1128 0.9590 | 0.0555 0.9833 | Time: 3.0546
Epoch: 0047 | TRAIN: 0.0035 1.0000 | 0.0004 1.0000 | 0.0004 1.0000 | Time: 43.3693 | VAL: 0.9834 0.7953 | 0.0114 1.0000 | 0.0559 0.9732 | Time: 2.5343 | TEST: 0.8801 0.8000 | 0.0919 0.9672 | 0.0548 0.9722 | Time: 3.1705
Epoch: 0048 | TRAIN: 0.0029 1.0000 | 0.0004 1.0000 | 0.0004 1.0000 | Time: 43.4893 | VAL: 0.9598 0.8007 | 0.0100 1.0000 | 0.0513 0.9799 | Time: 2.7881 | TEST: 0.8576 0.8000 | 0.0989 0.9590 | 0.0608 0.9667 | Time: 2.9530
Epoch: 0049 | TRAIN: 0.0027 1.0000 | 0.0004 1.0000 | 0.0003 1.0000 | Time: 40.1183 | VAL: 0.9423 0.7989 | 0.0146 1.0000 | 0.0516 0.9799 | Time: 2.4358 | TEST: 0.8467 0.8034 | 0.1012 0.9590 | 0.0526 0.9722 | Time: 2.9450
Epoch: 0050 | TRAIN: 0.0024 1.0000 | 0.0003 1.0000 | 0.0004 1.0000 | Time: 40.0722 | VAL: 0.9394 0.7989 | 0.0126 1.0000 | 0.0517 0.9732 | Time: 2.4519 | TEST: 0.8267 0.8120 | 0.0944 0.9672 | 0.0472 0.9778 | Time: 2.8901
Epoch: 0051 | TRAIN: 0.0021 1.0000 | 0.0003 1.0000 | 0.0004 1.0000 | Time: 40.1225 | VAL: 0.9699 0.7953 | 0.0155 1.0000 | 0.0568 0.9799 | Time: 2.4292 | TEST: 0.8574 0.8017 | 0.1145 0.9590 | 0.0592 0.9667 | Time: 2.8932
Epoch: 0052 | TRAIN: 0.0019 1.0000 | 0.0003 1.0000 | 0.0003 1.0000 | Time: 40.2232 | VAL: 0.9835 0.8062 | 0.0124 1.0000 | 0.0508 0.9799 | Time: 2.4499 | TEST: 0.8868 0.7932 | 0.0993 0.9754 | 0.0525 0.9778 | Time: 2.8923
Epoch: 0053 | TRAIN: 0.0021 1.0000 | 0.0003 1.0000 | 0.0003 1.0000 | Time: 40.0274 | VAL: 1.0046 0.7953 | 0.0112 1.0000 | 0.0514 0.9799 | Time: 2.4157 | TEST: 0.8988 0.7915 | 0.1149 0.9672 | 0.0636 0.9722 | Time: 2.8874
Epoch: 0054 | TRAIN: 0.0027 1.0000 | 0.0003 1.0000 | 0.0003 1.0000 | Time: 39.8725 | VAL: 0.9950 0.7953 | 0.0107 1.0000 | 0.0529 0.9799 | Time: 2.4006 | TEST: 0.8954 0.7863 | 0.1106 0.9672 | 0.0533 0.9722 | Time: 2.8548
Epoch: 0055 | TRAIN: 0.0014 1.0000 | 0.0003 1.0000 | 0.0003 1.0000 | Time: 39.8992 | VAL: 0.9744 0.8025 | 0.0123 1.0000 | 0.0580 0.9799 | Time: 2.3943 | TEST: 0.8938 0.8085 | 0.0940 0.9590 | 0.0559 0.9778 | Time: 2.8577
Epoch: 0056 | TRAIN: 0.0057 0.9988 | 0.0003 1.0000 | 0.0003 1.0000 | Time: 39.8346 | VAL: 0.9999 0.7899 | 0.0166 1.0000 | 0.0572 0.9799 | Time: 2.4382 | TEST: 0.8842 0.8000 | 0.1161 0.9426 | 0.0784 0.9667 | Time: 2.9152
Epoch: 0057 | TRAIN: 0.0041 0.9988 | 0.0003 1.0000 | 0.0003 1.0000 | Time: 39.9507 | VAL: 0.9844 0.7953 | 0.0174 1.0000 | 0.0588 0.9732 | Time: 2.4437 | TEST: 0.8891 0.7863 | 0.1053 0.9590 | 0.0664 0.9722 | Time: 2.9073
Epoch: 0058 | TRAIN: 0.0021 1.0000 | 0.0003 1.0000 | 0.0003 1.0000 | Time: 40.1790 | VAL: 0.9785 0.8007 | 0.0152 1.0000 | 0.0463 0.9732 | Time: 2.4411 | TEST: 0.8612 0.8017 | 0.0990 0.9590 | 0.0701 0.9722 | Time: 2.9001
Epoch: 0059 | TRAIN: 0.0016 1.0000 | 0.0002 1.0000 | 0.0003 1.0000 | Time: 40.0611 | VAL: 0.9964 0.7844 | 0.0109 1.0000 | 0.0451 0.9866 | Time: 2.4478 | TEST: 0.8811 0.7932 | 0.1066 0.9590 | 0.0794 0.9667 | Time: 2.8888
Epoch: 0060 | TRAIN: 0.0011 1.0000 | 0.0002 1.0000 | 0.0003 1.0000 | Time: 39.9812 | VAL: 0.9698 0.7953 | 0.0115 1.0000 | 0.0502 0.9732 | Time: 2.4327 | TEST: 0.8589 0.8017 | 0.1191 0.9508 | 0.0713 0.9722 | Time: 2.9025
Epoch: 0061 | TRAIN: 0.0016 0.9994 | 0.0002 1.0000 | 0.0003 1.0000 | Time: 39.9723 | VAL: 1.0178 0.7899 | 0.0117 1.0000 | 0.0594 0.9732 | Time: 2.4438 | TEST: 0.9012 0.8154 | 0.0965 0.9590 | 0.0690 0.9722 | Time: 2.8896
Epoch: 0062 | TRAIN: 0.0125 0.9976 | 0.0003 1.0000 | 0.0003 1.0000 | Time: 39.9978 | VAL: 0.9904 0.7899 | 0.0144 1.0000 | 0.0601 0.9732 | Time: 2.4457 | TEST: 0.9242 0.7983 | 0.0868 0.9672 | 0.0594 0.9778 | Time: 2.8914
Epoch: 0063 | TRAIN: 0.0022 0.9994 | 0.0002 1.0000 | 0.0003 1.0000 | Time: 40.0809 | VAL: 0.9958 0.7953 | 0.0135 1.0000 | 0.0610 0.9732 | Time: 2.4281 | TEST: 0.9076 0.8103 | 0.0919 0.9672 | 0.0675 0.9611 | Time: 2.9085
Epoch: 0064 | TRAIN: 0.0008 1.0000 | 0.0002 1.0000 | 0.0002 1.0000 | Time: 39.9839 | VAL: 0.9925 0.7917 | 0.0101 1.0000 | 0.0590 0.9732 | Time: 2.4315 | TEST: 0.9059 0.8051 | 0.0943 0.9672 | 0.0682 0.9611 | Time: 2.8740
Epoch: 0065 | TRAIN: 0.0013 1.0000 | 0.0002 1.0000 | 0.0002 1.0000 | Time: 39.9901 | VAL: 0.9697 0.8080 | 0.0127 1.0000 | 0.0506 0.9866 | Time: 2.4288 | TEST: 0.8873 0.8051 | 0.0735 0.9672 | 0.0610 0.9722 | Time: 2.8936
Epoch: 0066 | TRAIN: 0.0014 1.0000 | 0.0002 1.0000 | 0.0003 1.0000 | Time: 39.9931 | VAL: 0.9967 0.8098 | 0.0095 1.0000 | 0.0491 0.9866 | Time: 2.4395 | TEST: 0.8933 0.8051 | 0.0940 0.9590 | 0.0563 0.9778 | Time: 2.9156
Epoch: 0067 | TRAIN: 0.0008 1.0000 | 0.0002 1.0000 | 0.0003 1.0000 | Time: 40.0842 | VAL: 0.9861 0.8043 | 0.0100 1.0000 | 0.0483 0.9866 | Time: 2.4341 | TEST: 0.8998 0.8103 | 0.0902 0.9590 | 0.0606 0.9722 | Time: 2.9098
Epoch: 0068 | TRAIN: 0.0015 1.0000 | 0.0002 1.0000 | 0.0002 1.0000 | Time: 39.9156 | VAL: 1.0398 0.7989 | 0.0150 1.0000 | 0.0535 0.9866 | Time: 2.4208 | TEST: 0.9132 0.7983 | 0.1191 0.9426 | 0.0633 0.9722 | Time: 2.8668
Epoch: 0069 | TRAIN: 0.0089 0.9976 | 0.0002 1.0000 | 0.0002 1.0000 | Time: 39.9200 | VAL: 0.9585 0.8188 | 0.0191 1.0000 | 0.0434 0.9866 | Time: 2.4218 | TEST: 0.9062 0.7983 | 0.1185 0.9590 | 0.0614 0.9778 | Time: 2.9416
Epoch: 0070 | TRAIN: 0.0016 1.0000 | 0.0002 1.0000 | 0.0002 1.0000 | Time: 39.9561 | VAL: 0.9643 0.8080 | 0.0109 1.0000 | 0.0451 0.9866 | Time: 2.4241 | TEST: 0.9225 0.8103 | 0.1006 0.9672 | 0.0693 0.9722 | Time: 2.8936
Epoch: 0071 | TRAIN: 0.0012 1.0000 | 0.0002 1.0000 | 0.0002 1.0000 | Time: 39.8910 | VAL: 0.9603 0.8080 | 0.0113 1.0000 | 0.0439 0.9866 | Time: 2.4362 | TEST: 0.8894 0.8068 | 0.1066 0.9754 | 0.0646 0.9722 | Time: 2.8942
Epoch: 0072 | TRAIN: 0.0007 1.0000 | 0.0002 1.0000 | 0.0002 1.0000 | Time: 39.9651 | VAL: 0.9663 0.8062 | 0.0139 1.0000 | 0.0446 0.9866 | Time: 2.4203 | TEST: 0.8935 0.8137 | 0.0757 0.9590 | 0.0650 0.9667 | Time: 2.9004
Epoch: 0073 | TRAIN: 0.0111 0.9994 | 0.0002 1.0000 | 0.0003 1.0000 | Time: 40.0774 | VAL: 1.0326 0.8007 | 0.0126 1.0000 | 0.0436 0.9866 | Time: 2.4273 | TEST: 0.8982 0.8068 | 0.0937 0.9590 | 0.0692 0.9722 | Time: 2.8935
Epoch: 0074 | TRAIN: 0.0052 0.9988 | 0.0002 1.0000 | 0.0002 1.0000 | Time: 39.9636 | VAL: 1.0137 0.8025 | 0.0176 1.0000 | 0.0480 0.9799 | Time: 2.4174 | TEST: 0.8943 0.8120 | 0.0865 0.9590 | 0.0658 0.9722 | Time: 2.8797
Epoch: 0075 | TRAIN: 0.0026 0.9994 | 0.0002 1.0000 | 0.0002 1.0000 | Time: 39.7541 | VAL: 0.9802 0.8043 | 0.0201 0.9888 | 0.0547 0.9799 | Time: 2.4211 | TEST: 0.8623 0.8171 | 0.0936 0.9590 | 0.0634 0.9833 | Time: 2.8760
Epoch: 0076 | TRAIN: 0.0034 0.9994 | 0.0002 1.0000 | 0.0002 1.0000 | Time: 39.9113 | VAL: 0.9910 0.8062 | 0.0132 1.0000 | 0.0532 0.9799 | Time: 2.4268 | TEST: 0.8854 0.8103 | 0.1007 0.9590 | 0.0658 0.9722 | Time: 2.9216
Epoch: 0077 | TRAIN: 0.0020 0.9994 | 0.0002 1.0000 | 0.0002 1.0000 | Time: 39.7355 | VAL: 0.9955 0.8062 | 0.0135 1.0000 | 0.0556 0.9732 | Time: 2.4372 | TEST: 0.8887 0.8068 | 0.1141 0.9508 | 0.0565 0.9778 | Time: 2.8831
Epoch: 0078 | TRAIN: 0.0036 0.9994 | 0.0002 1.0000 | 0.0002 1.0000 | Time: 39.9327 | VAL: 0.9872 0.8062 | 0.0131 1.0000 | 0.0570 0.9732 | Time: 2.4467 | TEST: 0.9114 0.8085 | 0.0923 0.9590 | 0.0623 0.9778 | Time: 2.8903
Epoch: 0079 | TRAIN: 0.0043 0.9982 | 0.0002 1.0000 | 0.0002 1.0000 | Time: 39.8844 | VAL: 0.9714 0.8152 | 0.0095 1.0000 | 0.0523 0.9799 | Time: 2.4331 | TEST: 0.9052 0.8085 | 0.1055 0.9590 | 0.0729 0.9778 | Time: 2.8950
Epoch: 0080 | TRAIN: 0.0011 1.0000 | 0.0001 1.0000 | 0.0002 1.0000 | Time: 39.8819 | VAL: 0.9670 0.8152 | 0.0098 1.0000 | 0.0542 0.9799 | Time: 2.4344 | TEST: 0.8866 0.8103 | 0.0860 0.9672 | 0.0721 0.9722 | Time: 2.8721
Epoch: 0081 | TRAIN: 0.0005 1.0000 | 0.0002 1.0000 | 0.0002 1.0000 | Time: 39.9849 | VAL: 0.9726 0.8152 | 0.0101 1.0000 | 0.0500 0.9799 | Time: 2.4480 | TEST: 0.9056 0.8051 | 0.0793 0.9754 | 0.0675 0.9722 | Time: 2.8866
Epoch: 0082 | TRAIN: 0.0003 1.0000 | 0.0002 1.0000 | 0.0002 1.0000 | Time: 39.8756 | VAL: 0.9887 0.8007 | 0.0150 1.0000 | 0.0515 0.9799 | Time: 2.4926 | TEST: 0.8972 0.8171 | 0.0895 0.9754 | 0.0758 0.9722 | Time: 2.8983
Epoch: 0083 | TRAIN: 0.0004 1.0000 | 0.0002 1.0000 | 0.0002 1.0000 | Time: 39.9532 | VAL: 0.9904 0.8062 | 0.0161 1.0000 | 0.0483 0.9799 | Time: 2.4432 | TEST: 0.8847 0.8222 | 0.0802 0.9754 | 0.0624 0.9778 | Time: 2.8895
Epoch: 0084 | TRAIN: 0.0221 0.9976 | 0.0002 1.0000 | 0.0002 1.0000 | Time: 39.7993 | VAL: 1.1704 0.7717 | 0.0391 1.0000 | 0.0801 0.9732 | Time: 2.4019 | TEST: 1.1393 0.7761 | 0.1023 0.9590 | 0.1109 0.9667 | Time: 2.8454
Epoch: 0085 | TRAIN: 0.0379 0.9916 | 0.0002 1.0000 | 0.0003 1.0000 | Time: 39.6438 | VAL: 1.1296 0.7826 | 0.0233 0.9888 | 0.0601 0.9866 | Time: 2.3705 | TEST: 1.0591 0.7949 | 0.0677 0.9754 | 0.0795 0.9833 | Time: 2.8351
Epoch: 0086 | TRAIN: 0.0068 0.9982 | 0.0002 1.0000 | 0.0002 1.0000 | Time: 39.5986 | VAL: 1.0446 0.7917 | 0.0116 1.0000 | 0.0553 0.9799 | Time: 2.4220 | TEST: 0.9664 0.8017 | 0.0705 0.9672 | 0.0779 0.9778 | Time: 2.9118
Epoch: 0087 | TRAIN: 0.0025 0.9994 | 0.0002 1.0000 | 0.0002 1.0000 | Time: 39.7244 | VAL: 1.0191 0.8007 | 0.0098 1.0000 | 0.0511 0.9799 | Time: 2.4498 | TEST: 0.9399 0.8000 | 0.0592 0.9754 | 0.0690 0.9778 | Time: 2.8812
Epoch: 0088 | TRAIN: 0.0011 1.0000 | 0.0001 1.0000 | 0.0002 1.0000 | Time: 39.5447 | VAL: 1.0220 0.8043 | 0.0166 1.0000 | 0.0478 0.9866 | Time: 2.4266 | TEST: 1.0042 0.7863 | 0.0561 0.9836 | 0.0614 0.9833 | Time: 2.8913
Epoch: 0089 | TRAIN: 0.0056 0.9982 | 0.0002 1.0000 | 0.0002 1.0000 | Time: 39.5110 | VAL: 1.0837 0.8116 | 0.0118 1.0000 | 0.0364 0.9933 | Time: 2.4049 | TEST: 0.9852 0.8068 | 0.0575 0.9836 | 0.0626 0.9833 | Time: 2.8790
Epoch: 0090 | TRAIN: 0.0059 0.9976 | 0.0001 1.0000 | 0.0002 1.0000 | Time: 39.7572 | VAL: 1.0664 0.8080 | 0.0165 1.0000 | 0.0433 0.9799 | Time: 2.4574 | TEST: 0.9727 0.8000 | 0.0774 0.9672 | 0.0613 0.9778 | Time: 2.8485
Epoch: 0091 | TRAIN: 0.0026 0.9994 | 0.0001 1.0000 | 0.0002 1.0000 | Time: 39.5252 | VAL: 1.0504 0.8170 | 0.0124 1.0000 | 0.0518 0.9799 | Time: 2.4346 | TEST: 0.9657 0.8085 | 0.0672 0.9754 | 0.0493 0.9833 | Time: 2.9524
Epoch: 0092 | TRAIN: 0.0015 1.0000 | 0.0002 1.0000 | 0.0002 1.0000 | Time: 39.6636 | VAL: 1.0298 0.8062 | 0.0198 1.0000 | 0.0549 0.9799 | Time: 2.4203 | TEST: 0.9765 0.8017 | 0.0785 0.9590 | 0.0645 0.9778 | Time: 2.8779
Epoch: 0093 | TRAIN: 0.0012 1.0000 | 0.0001 1.0000 | 0.0002 1.0000 | Time: 39.8675 | VAL: 1.0654 0.8098 | 0.0123 1.0000 | 0.0663 0.9799 | Time: 2.4372 | TEST: 0.9423 0.8103 | 0.0845 0.9672 | 0.0792 0.9722 | Time: 2.8565
Epoch: 0094 | TRAIN: 0.0010 1.0000 | 0.0001 1.0000 | 0.0002 1.0000 | Time: 39.8597 | VAL: 1.0800 0.8007 | 0.0116 1.0000 | 0.0551 0.9732 | Time: 2.4417 | TEST: 0.9798 0.7966 | 0.0598 0.9836 | 0.0750 0.9833 | Time: 2.8773
Epoch: 0095 | TRAIN: 0.0013 0.9994 | 0.0001 1.0000 | 0.0002 1.0000 | Time: 39.9569 | VAL: 1.0681 0.8043 | 0.0115 1.0000 | 0.0660 0.9732 | Time: 2.4484 | TEST: 0.9565 0.8103 | 0.0764 0.9754 | 0.0704 0.9833 | Time: 2.8652
Epoch: 0096 | TRAIN: 0.0022 0.9994 | 0.0001 1.0000 | 0.0002 1.0000 | Time: 39.8583 | VAL: 1.0338 0.8098 | 0.0158 1.0000 | 0.0604 0.9732 | Time: 2.4412 | TEST: 0.9654 0.8051 | 0.0713 0.9672 | 0.0704 0.9833 | Time: 2.8642
Epoch: 0097 | TRAIN: 0.0022 0.9994 | 0.0001 1.0000 | 0.0002 1.0000 | Time: 39.9005 | VAL: 0.9965 0.8152 | 0.0101 1.0000 | 0.0558 0.9732 | Time: 2.4035 | TEST: 0.9537 0.8103 | 0.0771 0.9754 | 0.0806 0.9778 | Time: 2.8736
Epoch: 0098 | TRAIN: 0.0020 0.9994 | 0.0001 1.0000 | 0.0001 1.0000 | Time: 39.6993 | VAL: 1.0131 0.8134 | 0.0117 1.0000 | 0.0566 0.9732 | Time: 2.4097 | TEST: 0.9492 0.7983 | 0.0743 0.9836 | 0.0722 0.9778 | Time: 2.8770
Epoch: 0099 | TRAIN: 0.0005 1.0000 | 0.0001 1.0000 | 0.0001 1.0000 | Time: 39.6105 | VAL: 1.0596 0.8098 | 0.0133 1.0000 | 0.0589 0.9799 | Time: 2.3846 | TEST: 0.9909 0.8017 | 0.0724 0.9754 | 0.0835 0.9778 | Time: 2.8252
========================================
Best Result: Epoch 69, result {'amazon': [0.7982905982905983], 'dslr': [0.9590163934426229], 'webcam': [0.9777777777777777]}
========================================
