========================================
General Configuration:
	Wighting: MoDo
	Architecture: HPS
	Rep_Grad: False
	Multi_Input: True
	Seed: 0
	Device: cuda:0
MoDo Configuration:
	weighting: MoDo
	gamma_modo: 0.01
	rho_modo: 0.01
	modo_gn: none
Optimizer Configuration:
	optim: adam
	lr: 0.01
	weight_decay: 1e-05
========================================
Total Params: 11487901
Trainable Params: 11487901
Non-trainable Params: 0
========================================
LOG FORMAT | amazon_LOSS Acc | dslr_LOSS Acc | webcam_LOSS Acc | TIME
Epoch: 0000 | TRAIN: 3.6670 0.0610 | 3.0613 0.1343 | 3.1402 0.1250 | Time: 117.3609 | VAL: 3.8821 0.0471 | 3.2091 0.1573 | 2.4233 0.2148 | Time: 2.3761 | TEST: 3.8387 0.0376 | 3.3451 0.1393 | 2.4490 0.2556 | Time: 2.8240
Epoch: 0001 | TRAIN: 3.2921 0.1280 | 2.0161 0.3570 | 2.1305 0.3359 | Time: 116.8787 | VAL: 3.4425 0.1141 | 4.4718 0.1573 | 2.1642 0.4161 | Time: 2.4066 | TEST: 3.4943 0.1043 | 4.2771 0.1557 | 2.1152 0.3944 | Time: 2.8381
Epoch: 0002 | TRAIN: 2.8477 0.2254 | 1.0074 0.6761 | 1.3490 0.5568 | Time: 116.7926 | VAL: 3.3927 0.1268 | 5.1960 0.2360 | 1.5955 0.5302 | Time: 2.3846 | TEST: 3.4769 0.1333 | 5.2958 0.1557 | 1.8784 0.4889 | Time: 2.8268
Epoch: 0003 | TRAIN: 2.4315 0.3218 | 0.4497 0.8603 | 0.7791 0.7440 | Time: 117.3707 | VAL: 4.4029 0.1322 | 5.2828 0.2135 | 1.8485 0.4832 | Time: 2.3825 | TEST: 4.5596 0.0957 | 5.2251 0.2131 | 2.2130 0.4333 | Time: 2.8372
Epoch: 0004 | TRAIN: 2.1652 0.3825 | 0.2673 0.9216 | 0.5130 0.8305 | Time: 117.3516 | VAL: 4.6061 0.1649 | 5.0799 0.2697 | 1.3051 0.6846 | Time: 2.4104 | TEST: 4.7999 0.1521 | 4.7113 0.3115 | 1.5878 0.5833 | Time: 2.8261
Epoch: 0005 | TRAIN: 1.8656 0.4624 | 0.1622 0.9564 | 0.3246 0.9008 | Time: 116.9573 | VAL: 3.5844 0.2228 | 3.7373 0.2921 | 1.0082 0.6980 | Time: 2.4183 | TEST: 3.6880 0.1983 | 3.6987 0.3115 | 1.2985 0.6556 | Time: 2.8642
Epoch: 0006 | TRAIN: 1.6148 0.5316 | 0.1002 0.9754 | 0.2723 0.9168 | Time: 117.1471 | VAL: 4.0827 0.1975 | 4.4884 0.3034 | 1.1745 0.6376 | Time: 2.3627 | TEST: 4.1345 0.1932 | 3.8023 0.3607 | 1.3990 0.6389 | Time: 2.7969
Epoch: 0007 | TRAIN: 1.3588 0.5986 | 0.0796 0.9781 | 0.2025 0.9396 | Time: 117.1705 | VAL: 3.6304 0.2717 | 2.7143 0.4157 | 1.1060 0.7181 | Time: 2.3786 | TEST: 3.7318 0.2325 | 3.1073 0.3934 | 1.1591 0.6944 | Time: 2.8175
Epoch: 0008 | TRAIN: 1.1013 0.6719 | 0.0498 0.9883 | 0.1605 0.9459 | Time: 117.1792 | VAL: 5.4712 0.1540 | 2.6050 0.4270 | 0.8838 0.7584 | Time: 2.3889 | TEST: 5.5438 0.1385 | 2.5087 0.4426 | 1.1237 0.7000 | Time: 2.9743
Epoch: 0009 | TRAIN: 1.0002 0.7028 | 0.0552 0.9853 | 0.1294 0.9552 | Time: 117.4690 | VAL: 3.8458 0.2446 | 3.2053 0.4607 | 0.7051 0.7852 | Time: 2.4049 | TEST: 3.9867 0.2256 | 3.1673 0.4836 | 1.1764 0.7333 | Time: 2.8606
Epoch: 0010 | TRAIN: 0.7988 0.7533 | 0.0352 0.9913 | 0.1173 0.9642 | Time: 117.0561 | VAL: 3.6301 0.2953 | 3.8294 0.4157 | 0.6862 0.8054 | Time: 2.3779 | TEST: 3.5869 0.3299 | 4.0137 0.4180 | 1.0417 0.7278 | Time: 2.8730
Epoch: 0011 | TRAIN: 0.6712 0.7906 | 0.0346 0.9910 | 0.0878 0.9736 | Time: 117.0293 | VAL: 4.5787 0.2754 | 4.0569 0.3708 | 0.8033 0.7919 | Time: 2.4202 | TEST: 4.6180 0.2701 | 3.6799 0.5000 | 1.1389 0.7722 | Time: 2.8737
Epoch: 0012 | TRAIN: 0.5546 0.8326 | 0.0238 0.9946 | 0.0773 0.9760 | Time: 116.8021 | VAL: 5.5835 0.2210 | 3.6100 0.4382 | 0.7815 0.8188 | Time: 2.4074 | TEST: 5.6861 0.2291 | 3.1321 0.4508 | 1.1525 0.7500 | Time: 2.8462
Epoch: 0013 | TRAIN: 0.4297 0.8618 | 0.0260 0.9928 | 0.0716 0.9793 | Time: 117.5483 | VAL: 5.0305 0.2409 | 3.7300 0.3708 | 0.6679 0.8322 | Time: 2.3635 | TEST: 5.1545 0.2393 | 3.6045 0.4344 | 1.1709 0.7611 | Time: 2.7971
Epoch: 0014 | TRAIN: 0.4283 0.8549 | 0.0219 0.9931 | 0.0706 0.9775 | Time: 117.2243 | VAL: 5.3165 0.2953 | 4.3851 0.3596 | 0.7251 0.8389 | Time: 2.3941 | TEST: 5.3880 0.2752 | 4.3604 0.3852 | 1.2787 0.7778 | Time: 2.8411
Epoch: 0015 | TRAIN: 0.3756 0.8807 | 0.0174 0.9961 | 0.0616 0.9811 | Time: 117.3504 | VAL: 5.7864 0.2283 | 4.0280 0.3596 | 0.8134 0.7919 | Time: 2.4556 | TEST: 5.9905 0.2308 | 3.3775 0.4590 | 1.2161 0.7722 | Time: 2.8818
Epoch: 0016 | TRAIN: 0.3082 0.9014 | 0.0172 0.9964 | 0.0500 0.9850 | Time: 116.9865 | VAL: 6.9155 0.2192 | 4.7654 0.4157 | 0.8105 0.7919 | Time: 2.3963 | TEST: 7.2729 0.2154 | 3.9039 0.4754 | 1.1615 0.7667 | Time: 2.8443
Epoch: 0017 | TRAIN: 0.2346 0.9291 | 0.0132 0.9967 | 0.0370 0.9877 | Time: 116.9951 | VAL: 5.6908 0.2536 | 5.3353 0.4045 | 0.8501 0.8255 | Time: 2.3815 | TEST: 6.0371 0.2547 | 4.7241 0.4836 | 1.0497 0.8000 | Time: 2.8280
Epoch: 0018 | TRAIN: 0.1977 0.9408 | 0.0143 0.9970 | 0.0603 0.9808 | Time: 116.9618 | VAL: 7.3182 0.2156 | 3.0379 0.4719 | 1.4533 0.7517 | Time: 2.4017 | TEST: 7.6064 0.2000 | 3.2101 0.4836 | 1.8519 0.7000 | Time: 2.8413
Epoch: 0019 | TRAIN: 0.2177 0.9264 | 0.0182 0.9952 | 0.0456 0.9859 | Time: 116.8549 | VAL: 6.4930 0.2717 | 4.2253 0.3708 | 0.8466 0.8121 | Time: 2.4063 | TEST: 6.4720 0.2803 | 3.9864 0.4180 | 1.3112 0.7833 | Time: 2.8361
Epoch: 0020 | TRAIN: 0.2813 0.9114 | 0.0289 0.9931 | 0.0562 0.9838 | Time: 116.3906 | VAL: 8.3952 0.2029 | 5.1218 0.3146 | 1.3236 0.7852 | Time: 2.4241 | TEST: 8.4380 0.2068 | 4.4659 0.4262 | 1.5409 0.7500 | Time: 2.8831
Epoch: 0021 | TRAIN: 0.3333 0.8954 | 0.0287 0.9898 | 0.0595 0.9820 | Time: 116.9355 | VAL: 5.5683 0.2645 | 4.3324 0.3933 | 0.9872 0.8255 | Time: 2.3700 | TEST: 5.6920 0.2957 | 3.7124 0.4590 | 1.4777 0.7444 | Time: 2.8118
Epoch: 0022 | TRAIN: 0.2285 0.9264 | 0.0197 0.9943 | 0.0559 0.9817 | Time: 116.5322 | VAL: 8.9245 0.1793 | 4.5193 0.3820 | 0.8535 0.8456 | Time: 2.4020 | TEST: 9.1597 0.1880 | 3.6322 0.4672 | 1.2899 0.7778 | Time: 2.8505
Epoch: 0023 | TRAIN: 0.1655 0.9537 | 0.0215 0.9940 | 0.0404 0.9874 | Time: 116.3688 | VAL: 5.4060 0.3007 | 3.5694 0.4607 | 1.0362 0.7919 | Time: 2.3928 | TEST: 5.7180 0.3009 | 3.6783 0.5000 | 1.1270 0.7944 | Time: 2.8170
Epoch: 0024 | TRAIN: 0.1776 0.9435 | 0.0159 0.9949 | 0.0431 0.9859 | Time: 116.9681 | VAL: 7.2871 0.2736 | 4.6205 0.3596 | 0.8631 0.8121 | Time: 2.3941 | TEST: 6.9798 0.2957 | 5.0093 0.3770 | 1.2686 0.7722 | Time: 2.8679
Epoch: 0025 | TRAIN: 0.2688 0.9198 | 0.0219 0.9952 | 0.0454 0.9856 | Time: 117.0341 | VAL: 7.8155 0.2391 | 3.9591 0.4719 | 1.1105 0.7919 | Time: 2.4358 | TEST: 8.0794 0.2410 | 4.1071 0.3934 | 1.2776 0.7333 | Time: 2.8914
Epoch: 0026 | TRAIN: 0.3186 0.9059 | 0.0306 0.9892 | 0.0740 0.9760 | Time: 117.4447 | VAL: 7.0840 0.2808 | 2.4265 0.4831 | 1.5262 0.7450 | Time: 2.4134 | TEST: 7.3048 0.2530 | 2.6740 0.5246 | 1.9366 0.7000 | Time: 2.8801
Epoch: 0027 | TRAIN: 0.3158 0.9005 | 0.0412 0.9868 | 0.0564 0.9814 | Time: 117.1429 | VAL: 5.2782 0.2880 | 4.1947 0.4719 | 0.7789 0.7987 | Time: 2.4151 | TEST: 5.1119 0.2855 | 3.9016 0.4754 | 1.1610 0.7778 | Time: 2.8734
Epoch: 0028 | TRAIN: 0.1862 0.9408 | 0.0147 0.9964 | 0.0265 0.9922 | Time: 116.9499 | VAL: 8.4149 0.2047 | 4.9106 0.4382 | 0.7762 0.8389 | Time: 2.3648 | TEST: 8.7513 0.2017 | 4.5188 0.4918 | 1.3581 0.7611 | Time: 2.8184
Epoch: 0029 | TRAIN: 0.1306 0.9606 | 0.0156 0.9922 | 0.0143 0.9976 | Time: 117.2129 | VAL: 7.7513 0.2681 | 3.6221 0.4831 | 0.8802 0.8188 | Time: 2.4178 | TEST: 7.8462 0.2615 | 3.7084 0.4672 | 1.6407 0.7056 | Time: 2.8803
Epoch: 0030 | TRAIN: 0.1562 0.9474 | 0.0174 0.9940 | 0.0267 0.9928 | Time: 117.3575 | VAL: 9.6997 0.2283 | 5.3698 0.3708 | 1.0427 0.7852 | Time: 2.4152 | TEST: 9.9103 0.2000 | 3.7971 0.5082 | 2.0421 0.6833 | Time: 2.8353
Epoch: 0031 | TRAIN: 0.1401 0.9543 | 0.0063 0.9979 | 0.0386 0.9865 | Time: 117.2714 | VAL: 7.6855 0.2083 | 3.0787 0.4719 | 1.2078 0.7852 | Time: 2.3976 | TEST: 8.0930 0.1949 | 2.9407 0.4918 | 1.3490 0.7611 | Time: 2.8392
Epoch: 0032 | TRAIN: 0.1182 0.9633 | 0.0035 0.9994 | 0.0263 0.9919 | Time: 116.6817 | VAL: 5.8371 0.3170 | 2.7726 0.4382 | 0.9109 0.8389 | Time: 2.3828 | TEST: 6.0345 0.3094 | 2.9413 0.5410 | 1.7098 0.7500 | Time: 2.8472
Epoch: 0033 | TRAIN: 0.1522 0.9522 | 0.0135 0.9964 | 0.0191 0.9934 | Time: 116.4981 | VAL: 7.6809 0.2138 | 3.6438 0.4157 | 0.8672 0.8188 | Time: 2.4208 | TEST: 7.5785 0.2274 | 3.4833 0.4672 | 1.4833 0.7500 | Time: 2.8604
Epoch: 0034 | TRAIN: 0.2250 0.9300 | 0.0227 0.9940 | 0.0483 0.9853 | Time: 116.5758 | VAL: 8.5090 0.2355 | 3.2774 0.4719 | 0.8419 0.8121 | Time: 2.4296 | TEST: 8.9157 0.2239 | 3.0978 0.5082 | 1.8066 0.7444 | Time: 2.8902
Epoch: 0035 | TRAIN: 0.2187 0.9345 | 0.0070 0.9985 | 0.0345 0.9880 | Time: 116.8770 | VAL: 12.5115 0.1938 | 5.1352 0.3483 | 0.9639 0.8255 | Time: 2.4172 | TEST: 12.7324 0.1880 | 4.2232 0.4918 | 1.4903 0.7833 | Time: 2.8614
Epoch: 0036 | TRAIN: 0.1874 0.9486 | 0.0070 0.9973 | 0.0233 0.9934 | Time: 117.5926 | VAL: 8.2004 0.2373 | 4.4368 0.4045 | 1.1528 0.8121 | Time: 2.4345 | TEST: 8.6117 0.2308 | 3.7149 0.5164 | 1.5849 0.7500 | Time: 2.8900
Epoch: 0037 | TRAIN: 0.1431 0.9555 | 0.0104 0.9976 | 0.0216 0.9925 | Time: 117.0816 | VAL: 10.0430 0.2736 | 4.2945 0.4831 | 1.1128 0.7919 | Time: 2.4198 | TEST: 10.2481 0.2444 | 3.9218 0.4836 | 1.5252 0.7722 | Time: 2.8902
Epoch: 0038 | TRAIN: 0.1068 0.9663 | 0.0058 0.9982 | 0.0151 0.9955 | Time: 117.2659 | VAL: 7.5557 0.2808 | 4.9136 0.3820 | 1.1980 0.8322 | Time: 2.3866 | TEST: 7.8004 0.2769 | 4.3063 0.5000 | 1.6640 0.7500 | Time: 2.8132
Epoch: 0039 | TRAIN: 0.1640 0.9462 | 0.0116 0.9970 | 0.0335 0.9877 | Time: 116.6563 | VAL: 8.4913 0.2283 | 3.9346 0.4045 | 1.1471 0.7919 | Time: 2.4147 | TEST: 8.7421 0.2205 | 3.7468 0.5000 | 1.4269 0.7556 | Time: 2.8689
Epoch: 0040 | TRAIN: 0.2348 0.9330 | 0.0203 0.9925 | 0.0482 0.9850 | Time: 116.9198 | VAL: 8.3307 0.1957 | 4.9939 0.4157 | 1.3348 0.7584 | Time: 2.4076 | TEST: 8.3835 0.2222 | 4.9104 0.4836 | 1.6933 0.7111 | Time: 2.8543
Epoch: 0041 | TRAIN: 0.2266 0.9315 | 0.0108 0.9973 | 0.0434 0.9844 | Time: 117.0673 | VAL: 7.5166 0.2663 | 3.2382 0.4382 | 0.7816 0.8389 | Time: 2.3745 | TEST: 8.1466 0.2701 | 2.9882 0.4918 | 1.4322 0.7611 | Time: 2.8370
Epoch: 0042 | TRAIN: 0.2022 0.9456 | 0.0204 0.9952 | 0.0468 0.9877 | Time: 117.1327 | VAL: 6.7962 0.2337 | 3.5256 0.5618 | 0.9169 0.7852 | Time: 2.4143 | TEST: 7.1333 0.2120 | 2.6071 0.5984 | 2.1093 0.6722 | Time: 2.8729
Epoch: 0043 | TRAIN: 0.1864 0.9468 | 0.0154 0.9952 | 0.0295 0.9901 | Time: 116.6545 | VAL: 5.8562 0.3243 | 4.8183 0.4045 | 0.8166 0.8121 | Time: 2.3975 | TEST: 5.9843 0.3145 | 4.3829 0.3934 | 1.4062 0.7500 | Time: 2.8015
Epoch: 0044 | TRAIN: 0.2691 0.9156 | 0.0321 0.9919 | 0.0583 0.9814 | Time: 117.1783 | VAL: 5.6658 0.3732 | 6.1692 0.3820 | 1.2506 0.7785 | Time: 2.4249 | TEST: 5.7736 0.3111 | 5.9042 0.3770 | 1.2813 0.7444 | Time: 2.9187
Epoch: 0045 | TRAIN: 0.2555 0.9225 | 0.0177 0.9943 | 0.0547 0.9841 | Time: 117.1988 | VAL: 5.4495 0.3152 | 4.2175 0.4719 | 1.1199 0.7785 | Time: 2.3959 | TEST: 5.5944 0.3282 | 3.8871 0.4836 | 1.3388 0.7722 | Time: 2.8758
Epoch: 0046 | TRAIN: 0.2300 0.9309 | 0.0165 0.9958 | 0.0361 0.9886 | Time: 117.0344 | VAL: 6.6134 0.2699 | 3.7172 0.4607 | 0.9417 0.8255 | Time: 2.4396 | TEST: 6.9530 0.2615 | 3.4792 0.4590 | 1.5335 0.7444 | Time: 2.8646
Epoch: 0047 | TRAIN: 0.1014 0.9651 | 0.0024 0.9997 | 0.0152 0.9949 | Time: 116.5811 | VAL: 6.8020 0.2663 | 3.0421 0.5281 | 1.1132 0.8188 | Time: 2.3592 | TEST: 7.0772 0.2752 | 2.5097 0.5656 | 1.7199 0.7056 | Time: 2.8263
Epoch: 0048 | TRAIN: 0.0777 0.9769 | 0.0054 0.9985 | 0.0125 0.9952 | Time: 116.0800 | VAL: 5.6065 0.3496 | 2.5890 0.5955 | 1.1159 0.7718 | Time: 2.4040 | TEST: 6.0469 0.3368 | 2.9313 0.5656 | 1.8393 0.6722 | Time: 2.8237
Epoch: 0049 | TRAIN: 0.1224 0.9615 | 0.0060 0.9982 | 0.0283 0.9922 | Time: 116.5883 | VAL: 7.9051 0.3134 | 3.8369 0.4607 | 1.0544 0.7919 | Time: 2.4653 | TEST: 8.3069 0.2581 | 3.3241 0.5164 | 1.6720 0.8000 | Time: 2.8872
Epoch: 0050 | TRAIN: 0.2077 0.9438 | 0.0193 0.9940 | 0.0355 0.9874 | Time: 116.6952 | VAL: 13.5445 0.1993 | 6.1733 0.3483 | 1.1199 0.8121 | Time: 2.3994 | TEST: 13.8884 0.1726 | 4.7987 0.4262 | 1.4459 0.7889 | Time: 2.8910
Epoch: 0051 | TRAIN: 0.2774 0.9207 | 0.0194 0.9925 | 0.0453 0.9862 | Time: 116.2727 | VAL: 5.1886 0.3062 | 5.0647 0.4270 | 1.0922 0.7987 | Time: 2.3836 | TEST: 5.3883 0.2650 | 3.8179 0.5164 | 1.7765 0.7278 | Time: 2.8229
Epoch: 0052 | TRAIN: 0.2131 0.9339 | 0.0162 0.9967 | 0.0370 0.9880 | Time: 116.6987 | VAL: 6.0504 0.2989 | 5.7607 0.3483 | 0.9237 0.8389 | Time: 2.4051 | TEST: 6.0936 0.3282 | 4.5006 0.4262 | 1.7060 0.7722 | Time: 2.8395
Epoch: 0053 | TRAIN: 0.2182 0.9354 | 0.0138 0.9958 | 0.0331 0.9907 | Time: 116.7816 | VAL: 5.7893 0.3080 | 3.1444 0.5169 | 1.0194 0.8121 | Time: 2.4054 | TEST: 5.7649 0.3162 | 2.7493 0.5656 | 1.5837 0.7889 | Time: 2.8951
Epoch: 0054 | TRAIN: 0.1929 0.9438 | 0.0119 0.9964 | 0.0239 0.9925 | Time: 117.0090 | VAL: 8.0390 0.2554 | 4.9871 0.4831 | 0.7769 0.8322 | Time: 2.3716 | TEST: 8.2021 0.2359 | 4.2094 0.5246 | 1.3880 0.7667 | Time: 2.8426
Epoch: 0055 | TRAIN: 0.1559 0.9561 | 0.0118 0.9982 | 0.0209 0.9931 | Time: 116.8620 | VAL: 6.5411 0.2681 | 3.1869 0.5843 | 1.0093 0.7718 | Time: 2.3975 | TEST: 6.3469 0.2991 | 2.9790 0.5820 | 1.5751 0.7333 | Time: 2.8197
Epoch: 0056 | TRAIN: 0.1516 0.9543 | 0.0094 0.9976 | 0.0358 0.9898 | Time: 116.5821 | VAL: 7.9216 0.2337 | 3.2611 0.5393 | 0.6500 0.8725 | Time: 2.4336 | TEST: 7.8639 0.2598 | 3.5518 0.5246 | 1.8499 0.7556 | Time: 2.8641
Epoch: 0057 | TRAIN: 0.3551 0.9029 | 0.0442 0.9874 | 0.0785 0.9763 | Time: 116.9105 | VAL: 11.3181 0.2301 | 4.4258 0.4607 | 1.0292 0.7785 | Time: 2.4195 | TEST: 11.8095 0.2291 | 3.5169 0.5164 | 1.5005 0.7611 | Time: 2.8848
Epoch: 0058 | TRAIN: 0.2901 0.9228 | 0.0165 0.9955 | 0.0327 0.9907 | Time: 116.4356 | VAL: 8.7251 0.2337 | 3.9810 0.5618 | 1.0076 0.8389 | Time: 2.4151 | TEST: 8.8003 0.2120 | 3.4408 0.5656 | 1.7494 0.7389 | Time: 2.8685
Epoch: 0059 | TRAIN: 0.1001 0.9694 | 0.0042 0.9988 | 0.0103 0.9970 | Time: 116.7385 | VAL: 9.1661 0.2337 | 3.3547 0.5618 | 0.9426 0.8456 | Time: 2.4122 | TEST: 9.4223 0.2308 | 3.1797 0.6148 | 1.5530 0.7944 | Time: 2.9269
Epoch: 0060 | TRAIN: 0.0450 0.9835 | 0.0012 0.9994 | 0.0058 0.9979 | Time: 116.1346 | VAL: 7.5224 0.2862 | 3.6397 0.5169 | 0.7902 0.8591 | Time: 2.3594 | TEST: 7.7274 0.2906 | 3.0882 0.5820 | 1.0959 0.8444 | Time: 2.8063
Epoch: 0061 | TRAIN: 0.0378 0.9874 | 0.0013 0.9997 | 0.0027 0.9994 | Time: 116.8855 | VAL: 7.2374 0.2880 | 3.5640 0.4719 | 0.6258 0.8591 | Time: 2.4449 | TEST: 7.5330 0.2821 | 3.0476 0.5574 | 1.1919 0.8000 | Time: 2.8884
Epoch: 0062 | TRAIN: 0.0952 0.9724 | 0.0141 0.9973 | 0.0210 0.9952 | Time: 117.3006 | VAL: 7.4672 0.2736 | 2.0325 0.5955 | 1.1170 0.7987 | Time: 2.4169 | TEST: 7.7222 0.2735 | 2.4430 0.6066 | 1.8378 0.7556 | Time: 2.8684
Epoch: 0063 | TRAIN: 0.2926 0.9219 | 0.0129 0.9970 | 0.0644 0.9853 | Time: 116.8754 | VAL: 7.6931 0.2355 | 3.8713 0.4607 | 1.1160 0.7919 | Time: 2.3885 | TEST: 7.7412 0.2291 | 3.5389 0.5246 | 1.4127 0.7667 | Time: 2.8227
Epoch: 0064 | TRAIN: 0.2164 0.9402 | 0.0085 0.9964 | 0.0335 0.9901 | Time: 116.5310 | VAL: 6.9037 0.3279 | 3.5723 0.5056 | 1.1804 0.8188 | Time: 2.3650 | TEST: 7.1038 0.3179 | 3.3978 0.5082 | 1.4560 0.7556 | Time: 2.8319
Epoch: 0065 | TRAIN: 0.2384 0.9285 | 0.0188 0.9931 | 0.0284 0.9901 | Time: 117.0687 | VAL: 5.4148 0.3496 | 2.5811 0.6067 | 1.1728 0.7651 | Time: 2.4079 | TEST: 5.2650 0.3368 | 2.4057 0.6721 | 1.6964 0.7556 | Time: 2.8868
Epoch: 0066 | TRAIN: 0.1850 0.9492 | 0.0076 0.9979 | 0.0304 0.9916 | Time: 116.8495 | VAL: 7.2348 0.2446 | 3.1623 0.5618 | 1.0281 0.8322 | Time: 2.3823 | TEST: 7.3829 0.2308 | 2.5437 0.6066 | 1.9543 0.7500 | Time: 2.8228
Epoch: 0067 | TRAIN: 0.2617 0.9339 | 0.0160 0.9961 | 0.0317 0.9895 | Time: 116.8215 | VAL: 7.1977 0.2228 | 4.3080 0.5618 | 0.9182 0.8255 | Time: 2.4351 | TEST: 7.5658 0.2034 | 3.3099 0.5738 | 1.5463 0.7667 | Time: 2.8272
Epoch: 0068 | TRAIN: 0.2258 0.9375 | 0.0188 0.9943 | 0.0307 0.9913 | Time: 116.7604 | VAL: 8.2949 0.2409 | 3.2999 0.6180 | 1.4767 0.7383 | Time: 2.3867 | TEST: 8.7698 0.2154 | 3.1196 0.5738 | 1.8184 0.7611 | Time: 2.8088
Epoch: 0069 | TRAIN: 0.2612 0.9249 | 0.0114 0.9961 | 0.0472 0.9862 | Time: 116.7515 | VAL: 11.4981 0.2047 | 5.1538 0.4719 | 1.1909 0.7987 | Time: 2.4288 | TEST: 11.5294 0.1812 | 4.4378 0.4754 | 2.0649 0.7556 | Time: 2.8709
Epoch: 0070 | TRAIN: 0.2097 0.9417 | 0.0141 0.9964 | 0.0208 0.9934 | Time: 116.8459 | VAL: 9.6725 0.2120 | 5.7264 0.3258 | 1.2924 0.7919 | Time: 2.3838 | TEST: 9.8106 0.2017 | 4.8271 0.4016 | 2.2159 0.7056 | Time: 2.8957
Epoch: 0071 | TRAIN: 0.2545 0.9309 | 0.0326 0.9910 | 0.0311 0.9898 | Time: 117.2150 | VAL: 13.5551 0.1775 | 4.7935 0.4719 | 1.7536 0.7114 | Time: 2.4076 | TEST: 13.9812 0.1419 | 3.8213 0.5328 | 2.6324 0.6444 | Time: 2.8634
Epoch: 0072 | TRAIN: 0.3925 0.8945 | 0.0420 0.9889 | 0.0644 0.9817 | Time: 118.6998 | VAL: 8.3891 0.2283 | 3.3238 0.5393 | 1.0900 0.7919 | Time: 2.4835 | TEST: 8.7284 0.2034 | 2.7902 0.6311 | 1.8920 0.7167 | Time: 3.0517
Epoch: 0073 | TRAIN: 0.1947 0.9381 | 0.0087 0.9982 | 0.0167 0.9958 | Time: 118.6742 | VAL: 9.1684 0.2482 | 2.8068 0.5281 | 1.0064 0.8591 | Time: 2.4301 | TEST: 9.2673 0.2581 | 2.8763 0.5492 | 1.5900 0.7722 | Time: 2.8666
Epoch: 0074 | TRAIN: 0.0949 0.9718 | 0.0027 0.9994 | 0.0039 0.9994 | Time: 118.5424 | VAL: 11.5429 0.2138 | 3.3885 0.4831 | 1.1372 0.8255 | Time: 2.5050 | TEST: 11.5441 0.2274 | 3.0091 0.6066 | 1.7820 0.8000 | Time: 2.8976
Epoch: 0075 | TRAIN: 0.1087 0.9678 | 0.0148 0.9955 | 0.0213 0.9937 | Time: 118.7729 | VAL: 7.0207 0.2572 | 4.0141 0.4944 | 1.3440 0.7785 | Time: 2.4455 | TEST: 6.7254 0.2701 | 3.3214 0.5246 | 1.8786 0.7556 | Time: 2.9504
Epoch: 0076 | TRAIN: 0.1676 0.9519 | 0.0080 0.9976 | 0.0316 0.9916 | Time: 118.7879 | VAL: 6.0108 0.3261 | 3.7413 0.5281 | 1.0738 0.8255 | Time: 2.5284 | TEST: 5.8282 0.3299 | 3.1595 0.5984 | 1.8002 0.7278 | Time: 2.8981
Epoch: 0077 | TRAIN: 0.1509 0.9558 | 0.0052 0.9988 | 0.0166 0.9955 | Time: 118.0925 | VAL: 5.7209 0.3170 | 3.4405 0.5393 | 1.0607 0.8188 | Time: 2.3835 | TEST: 5.6245 0.2957 | 2.7918 0.5984 | 1.8586 0.7500 | Time: 2.8602
Epoch: 0078 | TRAIN: 0.0827 0.9724 | 0.0007 1.0000 | 0.0053 0.9982 | Time: 121.2921 | VAL: 5.8233 0.3243 | 2.2526 0.6517 | 1.0162 0.8188 | Time: 2.5691 | TEST: 5.6044 0.3538 | 2.2560 0.6148 | 1.8360 0.7778 | Time: 3.0465
Epoch: 0079 | TRAIN: 0.0767 0.9775 | 0.0007 1.0000 | 0.0038 0.9994 | Time: 130.3499 | VAL: 5.9819 0.3333 | 2.6047 0.6180 | 0.8134 0.8523 | Time: 2.7295 | TEST: 5.9056 0.3350 | 2.5537 0.6148 | 1.6981 0.7889 | Time: 3.0120
Epoch: 0080 | TRAIN: 0.0378 0.9889 | 0.0009 1.0000 | 0.0054 0.9982 | Time: 129.4154 | VAL: 7.1094 0.3188 | 3.4438 0.6067 | 0.9311 0.7987 | Time: 2.5465 | TEST: 6.8309 0.3145 | 3.4745 0.5738 | 1.6399 0.7833 | Time: 3.0492
Epoch: 0081 | TRAIN: 0.0682 0.9784 | 0.0021 0.9991 | 0.0158 0.9946 | Time: 130.0978 | VAL: 8.0158 0.2754 | 3.8289 0.5281 | 0.9486 0.8188 | Time: 2.5495 | TEST: 7.8984 0.2752 | 3.2246 0.5656 | 1.8682 0.7611 | Time: 3.0877
Epoch: 0082 | TRAIN: 0.2228 0.9423 | 0.0169 0.9955 | 0.0458 0.9886 | Time: 129.6249 | VAL: 8.3144 0.2844 | 3.4504 0.5843 | 1.3711 0.7517 | Time: 2.5169 | TEST: 8.3969 0.2547 | 3.4466 0.5328 | 2.0997 0.7000 | Time: 2.9755
Epoch: 0083 | TRAIN: 0.4838 0.8831 | 0.0321 0.9901 | 0.0776 0.9781 | Time: 128.9146 | VAL: 11.6423 0.1975 | 4.5205 0.4382 | 1.3207 0.7651 | Time: 2.4851 | TEST: 11.6919 0.2017 | 4.3282 0.4754 | 2.1580 0.7167 | Time: 3.0222
Epoch: 0084 | TRAIN: 0.4690 0.8789 | 0.0317 0.9910 | 0.0627 0.9805 | Time: 129.3734 | VAL: 15.3976 0.1612 | 2.7758 0.5843 | 1.2201 0.7517 | Time: 2.6097 | TEST: 16.0911 0.1675 | 2.9865 0.5984 | 2.0989 0.7389 | Time: 3.2411
Epoch: 0085 | TRAIN: 0.3331 0.9035 | 0.0215 0.9946 | 0.0482 0.9853 | Time: 130.3055 | VAL: 8.7785 0.2264 | 2.8457 0.6180 | 0.8749 0.8389 | Time: 2.5710 | TEST: 9.1364 0.2222 | 2.9090 0.6230 | 1.6285 0.7778 | Time: 3.0014
Epoch: 0086 | TRAIN: 0.2346 0.9285 | 0.0168 0.9949 | 0.0214 0.9919 | Time: 129.0377 | VAL: 5.6542 0.3496 | 3.3131 0.4831 | 1.3488 0.7852 | Time: 2.5225 | TEST: 5.9191 0.3402 | 2.8296 0.5574 | 2.0399 0.6833 | Time: 3.0319
Epoch: 0087 | TRAIN: 0.1619 0.9480 | 0.0043 0.9991 | 0.0091 0.9976 | Time: 129.9165 | VAL: 6.1100 0.2808 | 3.4070 0.5955 | 0.6781 0.8389 | Time: 2.6104 | TEST: 6.2664 0.2821 | 2.6510 0.5738 | 1.5726 0.7722 | Time: 3.0077
Epoch: 0088 | TRAIN: 0.1531 0.9534 | 0.0149 0.9949 | 0.0195 0.9952 | Time: 129.6295 | VAL: 6.2702 0.3315 | 4.5578 0.4494 | 0.9897 0.7987 | Time: 2.6572 | TEST: 6.3594 0.3316 | 3.7567 0.5082 | 1.6424 0.7611 | Time: 3.0760
Epoch: 0089 | TRAIN: 0.1677 0.9507 | 0.0028 0.9991 | 0.0173 0.9949 | Time: 129.5175 | VAL: 7.1187 0.2627 | 5.1581 0.5393 | 0.5487 0.8523 | Time: 2.7470 | TEST: 7.1195 0.2667 | 3.6651 0.5410 | 1.4663 0.7556 | Time: 3.1928
Epoch: 0090 | TRAIN: 0.1023 0.9697 | 0.0015 0.9991 | 0.0094 0.9976 | Time: 129.5923 | VAL: 6.3187 0.2953 | 3.5006 0.4944 | 0.7853 0.8389 | Time: 2.6722 | TEST: 6.3024 0.3248 | 3.1455 0.5902 | 1.2648 0.8000 | Time: 3.0832
Epoch: 0091 | TRAIN: 0.1127 0.9657 | 0.0042 0.9988 | 0.0196 0.9958 | Time: 129.9633 | VAL: 9.1080 0.2591 | 3.1990 0.4944 | 2.3904 0.7315 | Time: 2.6470 | TEST: 9.7340 0.2650 | 3.0234 0.5410 | 3.2347 0.6278 | Time: 3.0192
Epoch: 0092 | TRAIN: 0.2015 0.9450 | 0.0033 0.9991 | 0.0178 0.9940 | Time: 130.1456 | VAL: 7.5496 0.2699 | 4.1974 0.4494 | 1.0425 0.8054 | Time: 2.5562 | TEST: 7.4659 0.2838 | 2.8722 0.5738 | 1.7635 0.7278 | Time: 3.0139
Epoch: 0093 | TRAIN: 0.1584 0.9534 | 0.0035 0.9991 | 0.0162 0.9958 | Time: 129.4663 | VAL: 9.2543 0.2627 | 3.5102 0.5506 | 1.0881 0.8389 | Time: 2.6537 | TEST: 9.4116 0.2496 | 2.9859 0.6393 | 1.8275 0.7722 | Time: 3.0380
Epoch: 0094 | TRAIN: 0.0913 0.9688 | 0.0022 0.9991 | 0.0082 0.9976 | Time: 129.0163 | VAL: 8.7434 0.2228 | 4.1934 0.4719 | 1.0607 0.7987 | Time: 2.5601 | TEST: 9.0520 0.2256 | 3.1960 0.5984 | 1.8548 0.7556 | Time: 3.0007
Epoch: 0095 | TRAIN: 0.1328 0.9585 | 0.0141 0.9964 | 0.0139 0.9964 | Time: 129.3915 | VAL: 10.1857 0.2554 | 3.2042 0.5056 | 1.4369 0.7987 | Time: 2.5304 | TEST: 10.4989 0.2308 | 3.3739 0.5820 | 1.7678 0.7667 | Time: 3.0162
Epoch: 0096 | TRAIN: 0.4394 0.8915 | 0.0330 0.9886 | 0.0670 0.9799 | Time: 129.1655 | VAL: 10.7447 0.2029 | 2.2968 0.5955 | 1.5912 0.7718 | Time: 2.7275 | TEST: 10.8056 0.1761 | 2.4375 0.6393 | 2.4538 0.6667 | Time: 3.0567
Epoch: 0097 | TRAIN: 0.5250 0.8699 | 0.0223 0.9910 | 0.0438 0.9844 | Time: 130.3636 | VAL: 9.9174 0.2210 | 4.2889 0.4719 | 0.9061 0.8523 | Time: 2.5186 | TEST: 10.2036 0.2222 | 3.9859 0.5000 | 1.8348 0.7222 | Time: 3.2287
Epoch: 0098 | TRAIN: 0.4529 0.8795 | 0.0269 0.9916 | 0.0579 0.9844 | Time: 129.3021 | VAL: 5.3350 0.2627 | 3.2715 0.5506 | 2.1328 0.6913 | Time: 2.7707 | TEST: 5.7038 0.2444 | 2.8254 0.5574 | 2.6908 0.7000 | Time: 3.1114
Epoch: 0099 | TRAIN: 0.4568 0.8825 | 0.0144 0.9946 | 0.0451 0.9880 | Time: 129.7676 | VAL: 7.9334 0.2192 | 3.6463 0.5618 | 1.3512 0.7315 | Time: 2.5843 | TEST: 8.0339 0.2154 | 3.2308 0.5738 | 1.8181 0.7389 | Time: 3.0359
========================================
Best Result: Epoch 79, result {'amazon': [0.335042735042735], 'dslr': [0.6147540983606558], 'webcam': [0.7888888888888889]}
========================================
