========================================
General Configuration:
	Wighting: MoDo
	Architecture: HPS
	Rep_Grad: False
	Multi_Input: True
	Seed: 0
	Device: cuda:0
MoDo Configuration:
	weighting: MoDo
	gamma_modo: 0.1
	rho_modo: 1.0
	modo_gn: none
Optimizer Configuration:
	optim: adam
	lr: 0.01
	weight_decay: 1e-05
========================================
Total Params: 11487901
Trainable Params: 11487901
Non-trainable Params: 0
========================================
LOG FORMAT | amazon_LOSS Acc | dslr_LOSS Acc | webcam_LOSS Acc | TIME
Epoch: 0000 | TRAIN: 3.7658 0.0712 | 3.2257 0.1244 | 3.3465 0.0998 | Time: 130.5903 | VAL: 5.3238 0.0634 | 4.1204 0.1236 | 2.9967 0.1611 | Time: 2.9419 | TEST: 4.1802 0.0650 | 4.4356 0.0738 | 2.9591 0.1444 | Time: 3.0383
Epoch: 0001 | TRAIN: 3.4351 0.1313 | 2.2326 0.3287 | 2.3060 0.3038 | Time: 129.6219 | VAL: 3.9266 0.1033 | 4.1505 0.1910 | 2.0279 0.3624 | Time: 2.4958 | TEST: 3.8526 0.1128 | 4.2527 0.1311 | 2.1238 0.3556 | Time: 2.9122
Epoch: 0002 | TRAIN: 2.9021 0.2070 | 1.2179 0.5983 | 1.4126 0.5312 | Time: 129.1787 | VAL: 2.9078 0.2083 | 4.0815 0.2921 | 1.8357 0.4094 | Time: 2.6072 | TEST: 2.9584 0.2137 | 3.9801 0.3115 | 1.9899 0.4333 | Time: 3.0169
Epoch: 0003 | TRAIN: 2.4935 0.3041 | 0.5254 0.8401 | 0.7745 0.7500 | Time: 130.0418 | VAL: 2.8345 0.2591 | 4.2379 0.3708 | 1.2967 0.6309 | Time: 2.4958 | TEST: 2.9013 0.2359 | 4.1033 0.3279 | 1.5504 0.5944 | Time: 3.0372
Epoch: 0004 | TRAIN: 2.2340 0.3663 | 0.2728 0.9201 | 0.4574 0.8525 | Time: 128.8451 | VAL: 3.3600 0.2355 | 5.8553 0.2921 | 0.8660 0.7584 | Time: 2.4730 | TEST: 3.4603 0.2274 | 5.1747 0.3607 | 1.2882 0.6333 | Time: 3.4864
Epoch: 0005 | TRAIN: 1.9256 0.4321 | 0.1596 0.9546 | 0.2814 0.9165 | Time: 129.3039 | VAL: 4.0445 0.2120 | 2.8075 0.4607 | 0.7554 0.8121 | Time: 3.1535 | TEST: 4.1760 0.1966 | 2.5881 0.4672 | 1.0615 0.7778 | Time: 3.5074
Epoch: 0006 | TRAIN: 1.6753 0.5093 | 0.0720 0.9847 | 0.1465 0.9585 | Time: 128.8531 | VAL: 4.1850 0.2355 | 3.3567 0.4157 | 1.0902 0.6913 | Time: 2.6484 | TEST: 4.2995 0.2120 | 3.0661 0.4098 | 1.3042 0.6556 | Time: 3.0078
Epoch: 0007 | TRAIN: 1.4230 0.5811 | 0.0722 0.9814 | 0.1009 0.9739 | Time: 129.7305 | VAL: 4.9729 0.2228 | 3.4462 0.3820 | 0.8847 0.7987 | Time: 2.7324 | TEST: 5.0863 0.1966 | 2.7546 0.4672 | 1.0384 0.7722 | Time: 2.9836
Epoch: 0008 | TRAIN: 1.2794 0.6109 | 0.0528 0.9889 | 0.0945 0.9736 | Time: 129.2913 | VAL: 3.8622 0.2717 | 3.9743 0.4382 | 0.9274 0.7584 | Time: 2.5638 | TEST: 3.9374 0.2838 | 3.5786 0.5000 | 0.9596 0.7500 | Time: 3.0507
Epoch: 0009 | TRAIN: 1.0660 0.6719 | 0.0584 0.9823 | 0.0770 0.9790 | Time: 129.5550 | VAL: 3.9659 0.2935 | 3.0573 0.4831 | 1.1661 0.7383 | Time: 2.5265 | TEST: 3.8775 0.3111 | 2.5867 0.5082 | 1.1941 0.7389 | Time: 3.1020
Epoch: 0010 | TRAIN: 0.8575 0.7374 | 0.0309 0.9937 | 0.0597 0.9814 | Time: 129.7853 | VAL: 5.9698 0.2409 | 3.0159 0.4382 | 1.1853 0.7517 | Time: 2.9353 | TEST: 6.0890 0.2274 | 2.4806 0.5410 | 1.4325 0.6722 | Time: 3.0895
Epoch: 0011 | TRAIN: 0.7150 0.7800 | 0.0305 0.9940 | 0.0485 0.9874 | Time: 129.6225 | VAL: 6.3049 0.2138 | 3.4815 0.4719 | 0.7910 0.8121 | Time: 2.4891 | TEST: 6.2880 0.2000 | 2.7859 0.5082 | 1.0728 0.7667 | Time: 2.9842
Epoch: 0012 | TRAIN: 0.6272 0.8020 | 0.0321 0.9907 | 0.0573 0.9844 | Time: 129.5462 | VAL: 4.2436 0.3116 | 2.9396 0.5393 | 0.7541 0.7785 | Time: 2.4764 | TEST: 4.0812 0.3214 | 2.5000 0.5492 | 1.0497 0.7833 | Time: 3.0167
Epoch: 0013 | TRAIN: 0.5579 0.8230 | 0.0339 0.9907 | 0.0608 0.9808 | Time: 129.6813 | VAL: 5.6197 0.2681 | 3.1294 0.4494 | 0.7250 0.8322 | Time: 2.5082 | TEST: 5.5025 0.2701 | 2.8825 0.5082 | 1.1676 0.7667 | Time: 2.9423
Epoch: 0014 | TRAIN: 0.4486 0.8576 | 0.0328 0.9919 | 0.0445 0.9886 | Time: 129.9439 | VAL: 5.5759 0.2772 | 2.5810 0.5169 | 0.6516 0.8322 | Time: 2.5926 | TEST: 5.4040 0.2650 | 2.7312 0.5328 | 1.1890 0.7778 | Time: 3.0079
Epoch: 0015 | TRAIN: 0.3903 0.8729 | 0.0241 0.9937 | 0.0382 0.9904 | Time: 129.2467 | VAL: 5.6029 0.2772 | 2.4905 0.5056 | 0.9588 0.7987 | Time: 2.5419 | TEST: 5.3571 0.2940 | 2.3524 0.5492 | 1.4383 0.7056 | Time: 2.9578
Epoch: 0016 | TRAIN: 0.3624 0.8858 | 0.0263 0.9928 | 0.0368 0.9901 | Time: 129.9773 | VAL: 6.4687 0.2899 | 2.6058 0.4944 | 1.0938 0.7852 | Time: 2.5010 | TEST: 6.3359 0.2752 | 2.7608 0.5410 | 1.2642 0.7167 | Time: 2.9917
Epoch: 0017 | TRAIN: 0.3452 0.8930 | 0.0266 0.9931 | 0.0414 0.9874 | Time: 129.3869 | VAL: 5.6938 0.3080 | 3.5171 0.4944 | 1.1953 0.7651 | Time: 2.5663 | TEST: 5.6248 0.2872 | 2.5792 0.5984 | 1.1374 0.8000 | Time: 3.3460
Epoch: 0018 | TRAIN: 0.3423 0.8915 | 0.0236 0.9931 | 0.0339 0.9892 | Time: 129.4540 | VAL: 5.5102 0.3261 | 2.7669 0.5169 | 0.9675 0.7517 | Time: 2.5203 | TEST: 5.4968 0.3179 | 2.4485 0.5656 | 1.0400 0.7667 | Time: 3.0309
Epoch: 0019 | TRAIN: 0.2552 0.9144 | 0.0181 0.9946 | 0.0309 0.9904 | Time: 129.2512 | VAL: 6.4761 0.3025 | 2.9958 0.4944 | 1.0911 0.7785 | Time: 2.5402 | TEST: 6.6837 0.3043 | 2.2453 0.5574 | 1.5145 0.7056 | Time: 2.9628
Epoch: 0020 | TRAIN: 0.2384 0.9258 | 0.0210 0.9937 | 0.0394 0.9871 | Time: 129.5425 | VAL: 6.7057 0.3080 | 3.5562 0.4270 | 1.0720 0.7718 | Time: 2.5657 | TEST: 6.6094 0.2923 | 3.2745 0.4590 | 1.4251 0.7389 | Time: 3.1083
Epoch: 0021 | TRAIN: 0.2531 0.9258 | 0.0159 0.9949 | 0.0423 0.9865 | Time: 129.7566 | VAL: 6.6050 0.3134 | 5.1795 0.3933 | 0.9863 0.7987 | Time: 2.5437 | TEST: 6.6932 0.2821 | 3.7478 0.4590 | 1.3661 0.7222 | Time: 3.0375
Epoch: 0022 | TRAIN: 0.2321 0.9297 | 0.0177 0.9961 | 0.0353 0.9910 | Time: 128.6381 | VAL: 4.7054 0.3822 | 2.6928 0.5169 | 0.8745 0.7987 | Time: 2.5221 | TEST: 4.5142 0.3880 | 2.0251 0.6230 | 1.2317 0.7944 | Time: 3.0336
Epoch: 0023 | TRAIN: 0.2013 0.9369 | 0.0133 0.9964 | 0.0250 0.9937 | Time: 129.4016 | VAL: 9.4175 0.3098 | 3.7038 0.4382 | 1.0377 0.7785 | Time: 2.5121 | TEST: 9.1977 0.2957 | 3.0796 0.5410 | 1.2780 0.7278 | Time: 2.9616
Epoch: 0024 | TRAIN: 0.2088 0.9363 | 0.0156 0.9952 | 0.0305 0.9910 | Time: 129.7594 | VAL: 4.8976 0.3967 | 2.5296 0.4944 | 1.1699 0.7450 | Time: 2.5222 | TEST: 4.7984 0.4051 | 2.3655 0.5164 | 1.3762 0.7111 | Time: 3.0635
Epoch: 0025 | TRAIN: 0.1832 0.9417 | 0.0290 0.9913 | 0.0325 0.9895 | Time: 129.7047 | VAL: 6.0518 0.3478 | 2.9906 0.4944 | 1.0103 0.7852 | Time: 2.4999 | TEST: 6.2666 0.3282 | 2.7264 0.5656 | 1.2471 0.7556 | Time: 3.0056
Epoch: 0026 | TRAIN: 0.2908 0.9156 | 0.0294 0.9916 | 0.0337 0.9910 | Time: 129.8698 | VAL: 7.2950 0.3279 | 2.9468 0.4831 | 1.1703 0.7718 | Time: 2.9372 | TEST: 7.1706 0.3231 | 2.8748 0.4836 | 1.2551 0.8056 | Time: 3.5322
Epoch: 0027 | TRAIN: 0.2383 0.9288 | 0.0202 0.9928 | 0.0346 0.9892 | Time: 130.2843 | VAL: 6.9611 0.3188 | 2.4674 0.5393 | 1.2623 0.7651 | Time: 2.4442 | TEST: 7.1671 0.3316 | 2.3486 0.6311 | 1.2151 0.7667 | Time: 2.9402
Epoch: 0028 | TRAIN: 0.1353 0.9561 | 0.0182 0.9943 | 0.0221 0.9922 | Time: 129.3180 | VAL: 5.1884 0.3822 | 3.1596 0.4944 | 1.1593 0.7718 | Time: 2.5087 | TEST: 5.3485 0.3915 | 3.0820 0.5082 | 1.2408 0.7944 | Time: 2.9689
Epoch: 0029 | TRAIN: 0.1539 0.9537 | 0.0124 0.9955 | 0.0143 0.9958 | Time: 129.8161 | VAL: 8.2256 0.3152 | 2.5261 0.5730 | 1.3273 0.7718 | Time: 2.4900 | TEST: 8.0532 0.3009 | 2.4332 0.5820 | 1.3222 0.7389 | Time: 3.0185
Epoch: 0030 | TRAIN: 0.1512 0.9513 | 0.0209 0.9943 | 0.0219 0.9934 | Time: 130.0699 | VAL: 5.6763 0.3641 | 3.9643 0.4270 | 1.3376 0.7450 | Time: 2.5684 | TEST: 5.5781 0.3556 | 3.3811 0.4754 | 1.6109 0.6889 | Time: 2.9586
Epoch: 0031 | TRAIN: 0.1886 0.9444 | 0.0153 0.9952 | 0.0347 0.9886 | Time: 129.9433 | VAL: 5.4823 0.3333 | 3.1118 0.5618 | 1.3241 0.7248 | Time: 2.6198 | TEST: 5.2103 0.3607 | 3.0028 0.5574 | 1.3461 0.7667 | Time: 3.0312
Epoch: 0032 | TRAIN: 0.2165 0.9318 | 0.0186 0.9943 | 0.0393 0.9883 | Time: 128.6107 | VAL: 8.1405 0.3333 | 3.1608 0.5730 | 1.5060 0.7651 | Time: 2.7822 | TEST: 7.7493 0.3538 | 3.0947 0.5820 | 1.6854 0.7278 | Time: 3.2013
Epoch: 0033 | TRAIN: 0.1557 0.9531 | 0.0181 0.9958 | 0.0326 0.9880 | Time: 129.4500 | VAL: 5.1923 0.3841 | 2.6725 0.6292 | 1.1594 0.7718 | Time: 2.8767 | TEST: 5.1799 0.3778 | 2.5097 0.5738 | 1.3265 0.7611 | Time: 3.6693
Epoch: 0034 | TRAIN: 0.1914 0.9420 | 0.0219 0.9928 | 0.0339 0.9901 | Time: 129.0456 | VAL: 5.4788 0.3659 | 3.6032 0.5056 | 1.3339 0.7785 | Time: 2.4918 | TEST: 5.5495 0.4051 | 3.1152 0.5246 | 1.6099 0.7222 | Time: 2.9378
Epoch: 0035 | TRAIN: 0.1370 0.9594 | 0.0101 0.9961 | 0.0261 0.9928 | Time: 129.9951 | VAL: 5.8519 0.3551 | 3.5627 0.5169 | 1.1238 0.7987 | Time: 2.5169 | TEST: 5.7577 0.3641 | 3.4784 0.5492 | 1.6233 0.7167 | Time: 2.9467
Epoch: 0036 | TRAIN: 0.0924 0.9712 | 0.0075 0.9979 | 0.0171 0.9955 | Time: 129.8049 | VAL: 6.3178 0.3768 | 2.0058 0.6629 | 1.1442 0.7987 | Time: 2.7952 | TEST: 6.7021 0.3983 | 2.3500 0.6721 | 1.4524 0.7500 | Time: 3.0163
Epoch: 0037 | TRAIN: 0.1014 0.9715 | 0.0075 0.9976 | 0.0260 0.9916 | Time: 129.1127 | VAL: 4.8130 0.4185 | 3.7581 0.4831 | 1.3169 0.7785 | Time: 2.6005 | TEST: 4.9270 0.4444 | 3.3737 0.5492 | 1.3506 0.7389 | Time: 3.1674
Epoch: 0038 | TRAIN: 0.2130 0.9432 | 0.0147 0.9934 | 0.0294 0.9910 | Time: 129.9425 | VAL: 5.3986 0.3986 | 3.6448 0.4494 | 1.1757 0.7315 | Time: 2.4836 | TEST: 5.4254 0.4256 | 3.1900 0.5574 | 1.4728 0.6944 | Time: 2.9469
Epoch: 0039 | TRAIN: 0.2227 0.9354 | 0.0207 0.9943 | 0.0464 0.9874 | Time: 128.2779 | VAL: 6.1111 0.3822 | 2.8384 0.5393 | 1.1131 0.8054 | Time: 2.4745 | TEST: 6.0845 0.3744 | 3.1847 0.4590 | 1.4150 0.7500 | Time: 3.2555
Epoch: 0040 | TRAIN: 0.2034 0.9417 | 0.0256 0.9925 | 0.0323 0.9883 | Time: 129.6317 | VAL: 6.3690 0.3732 | 3.0656 0.4944 | 1.0363 0.7852 | Time: 2.5004 | TEST: 6.1006 0.4103 | 3.0369 0.5410 | 1.1519 0.7944 | Time: 2.9382
Epoch: 0041 | TRAIN: 0.1350 0.9591 | 0.0182 0.9943 | 0.0346 0.9883 | Time: 128.4463 | VAL: 5.6260 0.3551 | 3.1333 0.5955 | 1.2029 0.8121 | Time: 2.5921 | TEST: 5.8630 0.3692 | 3.5824 0.5246 | 1.3277 0.7444 | Time: 3.2979
Epoch: 0042 | TRAIN: 0.1317 0.9582 | 0.0136 0.9964 | 0.0246 0.9922 | Time: 128.8733 | VAL: 5.3418 0.3768 | 3.6775 0.4944 | 1.0350 0.8389 | Time: 2.5229 | TEST: 5.2884 0.3744 | 3.9571 0.5246 | 1.4028 0.7778 | Time: 3.2574
Epoch: 0043 | TRAIN: 0.0940 0.9715 | 0.0109 0.9961 | 0.0110 0.9967 | Time: 129.1991 | VAL: 6.0438 0.3895 | 2.7627 0.5955 | 1.1976 0.7852 | Time: 2.4862 | TEST: 6.1063 0.3897 | 2.9603 0.5656 | 1.5057 0.7667 | Time: 2.9212
Epoch: 0044 | TRAIN: 0.1577 0.9564 | 0.0099 0.9973 | 0.0219 0.9916 | Time: 128.9109 | VAL: 6.0723 0.3605 | 3.1658 0.4944 | 1.7028 0.6913 | Time: 2.6537 | TEST: 6.2196 0.3932 | 3.0411 0.5492 | 1.6113 0.6944 | Time: 2.9766
Epoch: 0045 | TRAIN: 0.1343 0.9588 | 0.0122 0.9967 | 0.0277 0.9907 | Time: 129.5092 | VAL: 5.5514 0.4058 | 3.4364 0.5730 | 1.1232 0.7852 | Time: 2.4987 | TEST: 5.4722 0.4308 | 3.4410 0.5574 | 1.4670 0.7500 | Time: 2.9593
Epoch: 0046 | TRAIN: 0.1399 0.9606 | 0.0154 0.9958 | 0.0265 0.9916 | Time: 129.8010 | VAL: 8.4582 0.3207 | 2.8549 0.5955 | 1.2678 0.7919 | Time: 2.4909 | TEST: 8.0846 0.3282 | 3.1835 0.5328 | 1.8232 0.7389 | Time: 2.9348
Epoch: 0047 | TRAIN: 0.1660 0.9513 | 0.0135 0.9964 | 0.0222 0.9931 | Time: 128.8001 | VAL: 5.9937 0.3696 | 3.2241 0.5393 | 1.3042 0.7987 | Time: 2.5903 | TEST: 6.1161 0.3744 | 3.1457 0.5328 | 1.7006 0.7444 | Time: 3.0652
Epoch: 0048 | TRAIN: 0.1684 0.9486 | 0.0217 0.9928 | 0.0208 0.9928 | Time: 129.9592 | VAL: 7.1840 0.3442 | 3.1729 0.5056 | 1.2682 0.7785 | Time: 2.5716 | TEST: 7.5666 0.3299 | 2.9382 0.5656 | 1.6682 0.7167 | Time: 3.0216
Epoch: 0049 | TRAIN: 0.1304 0.9597 | 0.0204 0.9934 | 0.0173 0.9940 | Time: 129.5462 | VAL: 5.2691 0.4203 | 3.1835 0.5281 | 1.3436 0.7517 | Time: 2.9391 | TEST: 5.6496 0.4171 | 2.9703 0.5246 | 1.4567 0.7111 | Time: 2.9782
Epoch: 0050 | TRAIN: 0.1061 0.9697 | 0.0169 0.9952 | 0.0138 0.9943 | Time: 128.9049 | VAL: 4.8713 0.4493 | 3.4383 0.5169 | 1.7865 0.7181 | Time: 2.6688 | TEST: 5.2897 0.4222 | 3.2042 0.5246 | 2.1664 0.7167 | Time: 3.1312
Epoch: 0051 | TRAIN: 0.1385 0.9588 | 0.0252 0.9919 | 0.0226 0.9916 | Time: 129.3399 | VAL: 5.4565 0.4185 | 2.9507 0.5506 | 1.3049 0.7919 | Time: 2.4760 | TEST: 5.7191 0.4068 | 2.8842 0.5820 | 1.5028 0.7611 | Time: 3.1249
Epoch: 0052 | TRAIN: 0.1829 0.9483 | 0.0195 0.9928 | 0.0322 0.9916 | Time: 128.3353 | VAL: 5.8848 0.4112 | 2.8144 0.5506 | 1.5315 0.7248 | Time: 2.8033 | TEST: 6.0844 0.4103 | 2.8015 0.5492 | 1.8733 0.6944 | Time: 3.2522
Epoch: 0053 | TRAIN: 0.1416 0.9627 | 0.0235 0.9940 | 0.0381 0.9880 | Time: 129.2762 | VAL: 5.4217 0.4112 | 3.1932 0.5281 | 1.4076 0.7852 | Time: 2.5949 | TEST: 5.3083 0.4393 | 3.1171 0.5328 | 1.3745 0.7444 | Time: 2.9790
Epoch: 0054 | TRAIN: 0.1229 0.9654 | 0.0180 0.9940 | 0.0213 0.9940 | Time: 129.8329 | VAL: 5.9568 0.3678 | 3.2460 0.5393 | 1.0465 0.8121 | Time: 2.5090 | TEST: 5.8003 0.3846 | 3.0682 0.5738 | 1.2121 0.7611 | Time: 2.9319
Epoch: 0055 | TRAIN: 0.1136 0.9663 | 0.0176 0.9949 | 0.0204 0.9943 | Time: 129.3486 | VAL: 6.2374 0.3931 | 4.0641 0.4944 | 1.2289 0.7785 | Time: 2.7035 | TEST: 6.3869 0.3880 | 3.8009 0.5164 | 1.7899 0.7278 | Time: 3.0414
Epoch: 0056 | TRAIN: 0.1281 0.9627 | 0.0124 0.9967 | 0.0109 0.9967 | Time: 129.8144 | VAL: 6.4582 0.3949 | 2.4443 0.5169 | 1.1835 0.8054 | Time: 2.5255 | TEST: 6.2728 0.3949 | 2.5467 0.6066 | 1.7522 0.7333 | Time: 2.9802
Epoch: 0057 | TRAIN: 0.1267 0.9651 | 0.0105 0.9958 | 0.0106 0.9967 | Time: 128.5814 | VAL: 5.0281 0.4348 | 2.8255 0.5955 | 0.9314 0.8322 | Time: 2.5144 | TEST: 4.8694 0.4496 | 3.3557 0.6230 | 1.2518 0.7778 | Time: 2.9434
Epoch: 0058 | TRAIN: 0.1194 0.9663 | 0.0266 0.9922 | 0.0157 0.9949 | Time: 128.6348 | VAL: 5.6069 0.4076 | 2.9601 0.5955 | 1.3030 0.7785 | Time: 2.6714 | TEST: 5.5803 0.4034 | 2.6618 0.6148 | 1.4504 0.7333 | Time: 3.1591
Epoch: 0059 | TRAIN: 0.1210 0.9691 | 0.0198 0.9943 | 0.0176 0.9937 | Time: 129.1957 | VAL: 8.5124 0.3152 | 4.1067 0.4719 | 1.7166 0.7785 | Time: 2.6040 | TEST: 8.5710 0.3248 | 3.8977 0.5000 | 1.8587 0.7167 | Time: 3.0033
Epoch: 0060 | TRAIN: 0.1030 0.9684 | 0.0070 0.9973 | 0.0222 0.9934 | Time: 129.1028 | VAL: 5.7733 0.4076 | 2.7304 0.5843 | 1.1758 0.7987 | Time: 2.6825 | TEST: 5.5060 0.4513 | 2.3822 0.5656 | 1.2009 0.7722 | Time: 2.9552
Epoch: 0061 | TRAIN: 0.0960 0.9721 | 0.0064 0.9976 | 0.0162 0.9955 | Time: 129.4906 | VAL: 8.0883 0.3533 | 2.7515 0.5169 | 1.2409 0.7584 | Time: 2.4898 | TEST: 8.1245 0.3624 | 2.1289 0.6230 | 1.6372 0.7167 | Time: 2.9581
Epoch: 0062 | TRAIN: 0.1460 0.9567 | 0.0205 0.9934 | 0.0271 0.9907 | Time: 129.8015 | VAL: 7.6946 0.3370 | 3.4962 0.5169 | 1.4176 0.7718 | Time: 2.5107 | TEST: 7.4090 0.3385 | 3.3349 0.5738 | 2.1152 0.7056 | Time: 2.9447
Epoch: 0063 | TRAIN: 0.1036 0.9691 | 0.0142 0.9943 | 0.0282 0.9910 | Time: 128.7722 | VAL: 6.8124 0.3496 | 3.5341 0.5056 | 1.2674 0.7852 | Time: 2.5133 | TEST: 7.1287 0.3368 | 3.2396 0.5820 | 1.9211 0.6833 | Time: 3.1278
Epoch: 0064 | TRAIN: 0.0754 0.9760 | 0.0131 0.9964 | 0.0130 0.9952 | Time: 128.9688 | VAL: 6.7271 0.3859 | 4.5483 0.4494 | 1.2108 0.7517 | Time: 2.5749 | TEST: 6.3655 0.3983 | 3.9017 0.5082 | 1.7943 0.7222 | Time: 2.9168
Epoch: 0065 | TRAIN: 0.1195 0.9672 | 0.0094 0.9964 | 0.0261 0.9928 | Time: 129.6098 | VAL: 5.9287 0.3841 | 3.6092 0.5056 | 1.0885 0.7987 | Time: 2.5716 | TEST: 6.3038 0.3966 | 3.2475 0.5082 | 1.8423 0.7278 | Time: 2.9800
Epoch: 0066 | TRAIN: 0.1304 0.9594 | 0.0220 0.9940 | 0.0219 0.9940 | Time: 128.8381 | VAL: 7.5964 0.3804 | 3.8876 0.5169 | 1.2847 0.7517 | Time: 2.5071 | TEST: 7.4070 0.3897 | 3.2569 0.5410 | 1.6410 0.7278 | Time: 3.0338
Epoch: 0067 | TRAIN: 0.1743 0.9519 | 0.0139 0.9961 | 0.0369 0.9892 | Time: 130.2813 | VAL: 7.0664 0.3152 | 4.5584 0.4494 | 1.2891 0.7987 | Time: 2.4662 | TEST: 6.7588 0.3419 | 3.9535 0.5082 | 1.7930 0.7222 | Time: 2.9594
Epoch: 0068 | TRAIN: 0.1449 0.9597 | 0.0116 0.9952 | 0.0264 0.9919 | Time: 128.4715 | VAL: 6.0347 0.3859 | 3.8177 0.4045 | 1.1179 0.7852 | Time: 2.8583 | TEST: 5.9355 0.4120 | 3.4609 0.4918 | 1.5156 0.7444 | Time: 2.9146
Epoch: 0069 | TRAIN: 0.0837 0.9730 | 0.0164 0.9952 | 0.0190 0.9934 | Time: 128.5934 | VAL: 7.2729 0.3442 | 4.1015 0.4607 | 1.0924 0.7718 | Time: 2.4292 | TEST: 7.4029 0.3778 | 3.5835 0.5246 | 1.4290 0.7278 | Time: 2.9839
Epoch: 0070 | TRAIN: 0.0840 0.9760 | 0.0113 0.9961 | 0.0141 0.9958 | Time: 129.5227 | VAL: 6.2286 0.4094 | 3.3864 0.5506 | 1.1894 0.7919 | Time: 2.5579 | TEST: 5.7532 0.4496 | 3.5209 0.5246 | 2.1155 0.7167 | Time: 2.9610
Epoch: 0071 | TRAIN: 0.0848 0.9760 | 0.0085 0.9976 | 0.0206 0.9919 | Time: 129.1926 | VAL: 5.2225 0.4312 | 3.8994 0.4719 | 1.6109 0.7181 | Time: 2.5548 | TEST: 5.1342 0.4479 | 3.7053 0.5082 | 2.0429 0.7056 | Time: 2.9826
Epoch: 0072 | TRAIN: 0.0896 0.9736 | 0.0119 0.9946 | 0.0368 0.9889 | Time: 129.1935 | VAL: 8.2649 0.3659 | 3.8575 0.5506 | 1.4229 0.7315 | Time: 2.7155 | TEST: 7.8665 0.3744 | 3.4577 0.5738 | 2.0251 0.7056 | Time: 3.0108
Epoch: 0073 | TRAIN: 0.1177 0.9612 | 0.0147 0.9964 | 0.0237 0.9937 | Time: 128.5095 | VAL: 6.2770 0.3533 | 3.7924 0.5169 | 1.2460 0.7852 | Time: 2.4687 | TEST: 5.7998 0.3744 | 3.7250 0.5000 | 1.8760 0.7444 | Time: 3.0578
Epoch: 0074 | TRAIN: 0.1520 0.9591 | 0.0210 0.9943 | 0.0256 0.9922 | Time: 128.6104 | VAL: 5.6750 0.3949 | 4.2003 0.4719 | 1.4400 0.7383 | Time: 2.5239 | TEST: 5.4821 0.4239 | 4.1042 0.4918 | 2.0241 0.7000 | Time: 2.9943
Epoch: 0075 | TRAIN: 0.1106 0.9669 | 0.0121 0.9961 | 0.0255 0.9907 | Time: 128.7507 | VAL: 6.3160 0.3804 | 3.6577 0.4831 | 1.1701 0.8121 | Time: 2.6439 | TEST: 6.0082 0.3778 | 2.8611 0.5328 | 1.7675 0.7056 | Time: 2.9826
Epoch: 0076 | TRAIN: 0.1271 0.9660 | 0.0145 0.9955 | 0.0155 0.9952 | Time: 129.5903 | VAL: 5.8714 0.4094 | 5.1458 0.3820 | 1.4247 0.7651 | Time: 2.5858 | TEST: 5.4550 0.4205 | 4.9931 0.4344 | 1.7831 0.7500 | Time: 3.0378
Epoch: 0077 | TRAIN: 0.1069 0.9721 | 0.0115 0.9961 | 0.0162 0.9961 | Time: 128.6035 | VAL: 5.4125 0.4203 | 3.1585 0.5618 | 1.3932 0.7450 | Time: 3.2810 | TEST: 5.3091 0.4376 | 3.2936 0.5902 | 1.6666 0.7389 | Time: 3.6263
Epoch: 0078 | TRAIN: 0.0988 0.9712 | 0.0112 0.9967 | 0.0357 0.9913 | Time: 129.1335 | VAL: 7.2352 0.3659 | 3.3101 0.5169 | 1.4431 0.7114 | Time: 2.5042 | TEST: 7.2752 0.3932 | 3.1087 0.5984 | 1.8154 0.7222 | Time: 2.9348
Epoch: 0079 | TRAIN: 0.0988 0.9712 | 0.0157 0.9952 | 0.0246 0.9928 | Time: 129.6012 | VAL: 6.9395 0.3768 | 3.4216 0.5169 | 1.4676 0.7383 | Time: 2.5833 | TEST: 6.8691 0.3487 | 2.8312 0.5738 | 2.1472 0.6833 | Time: 3.0718
Epoch: 0080 | TRAIN: 0.0635 0.9799 | 0.0123 0.9961 | 0.0270 0.9940 | Time: 130.0659 | VAL: 5.7727 0.3822 | 3.5256 0.5056 | 1.0521 0.7987 | Time: 2.4768 | TEST: 5.3888 0.3846 | 2.6705 0.6066 | 1.7658 0.7389 | Time: 2.9949
Epoch: 0081 | TRAIN: 0.1004 0.9718 | 0.0104 0.9967 | 0.0210 0.9937 | Time: 129.4660 | VAL: 10.0366 0.3098 | 3.5783 0.5169 | 1.3332 0.7718 | Time: 2.5263 | TEST: 9.4362 0.3385 | 2.8877 0.5574 | 2.1491 0.7056 | Time: 3.0019
Epoch: 0082 | TRAIN: 0.0906 0.9733 | 0.0165 0.9955 | 0.0201 0.9925 | Time: 128.8471 | VAL: 6.0332 0.4076 | 3.8119 0.4494 | 1.4046 0.7852 | Time: 2.6097 | TEST: 6.0950 0.4068 | 3.5514 0.4836 | 1.9626 0.7056 | Time: 3.3873
Epoch: 0083 | TRAIN: 0.1285 0.9639 | 0.0216 0.9934 | 0.0131 0.9955 | Time: 129.4221 | VAL: 7.3345 0.3696 | 2.9731 0.5618 | 1.4149 0.7919 | Time: 2.4965 | TEST: 7.3645 0.3538 | 3.1731 0.5246 | 1.8888 0.7556 | Time: 2.9111
Epoch: 0084 | TRAIN: 0.1288 0.9654 | 0.0225 0.9937 | 0.0156 0.9952 | Time: 130.0491 | VAL: 6.3466 0.4004 | 4.0369 0.4944 | 1.5767 0.7584 | Time: 2.5048 | TEST: 6.1575 0.4085 | 4.1657 0.4836 | 1.8144 0.7500 | Time: 2.9951
Epoch: 0085 | TRAIN: 0.0794 0.9772 | 0.0119 0.9958 | 0.0257 0.9931 | Time: 128.2123 | VAL: 6.9073 0.3841 | 3.4792 0.5618 | 1.3994 0.7517 | Time: 2.8950 | TEST: 6.5555 0.3983 | 3.1254 0.5492 | 1.6653 0.7611 | Time: 3.0214
Epoch: 0086 | TRAIN: 0.0852 0.9778 | 0.0082 0.9976 | 0.0191 0.9958 | Time: 128.9841 | VAL: 6.8739 0.3768 | 3.0205 0.5843 | 1.1939 0.7718 | Time: 2.8119 | TEST: 6.7267 0.3778 | 2.7410 0.5984 | 1.5026 0.7667 | Time: 2.9049
Epoch: 0087 | TRAIN: 0.0816 0.9754 | 0.0158 0.9955 | 0.0149 0.9946 | Time: 129.2545 | VAL: 6.6540 0.3967 | 4.4357 0.4944 | 1.4422 0.7517 | Time: 2.5421 | TEST: 6.1851 0.4154 | 4.2494 0.5000 | 1.8216 0.7333 | Time: 3.1991
Epoch: 0088 | TRAIN: 0.0916 0.9742 | 0.0128 0.9964 | 0.0189 0.9931 | Time: 130.4851 | VAL: 7.0086 0.3804 | 4.0471 0.5056 | 1.2863 0.7919 | Time: 2.4895 | TEST: 6.4295 0.4017 | 3.2513 0.5656 | 1.6581 0.7389 | Time: 2.9301
Epoch: 0089 | TRAIN: 0.1136 0.9730 | 0.0118 0.9973 | 0.0258 0.9931 | Time: 128.7458 | VAL: 7.2738 0.4004 | 5.0907 0.3258 | 1.3904 0.7383 | Time: 2.5064 | TEST: 7.1288 0.4068 | 3.8709 0.4508 | 2.3192 0.7000 | Time: 2.9604
Epoch: 0090 | TRAIN: 0.1244 0.9675 | 0.0212 0.9952 | 0.0196 0.9937 | Time: 129.3112 | VAL: 9.8882 0.3043 | 3.8502 0.4494 | 1.2857 0.7718 | Time: 2.5289 | TEST: 9.3135 0.3214 | 4.0002 0.4918 | 1.8821 0.6667 | Time: 2.9826
Epoch: 0091 | TRAIN: 0.1292 0.9681 | 0.0157 0.9967 | 0.0230 0.9898 | Time: 130.0176 | VAL: 6.6934 0.3931 | 3.7669 0.4045 | 1.0830 0.7852 | Time: 2.6550 | TEST: 6.7384 0.3795 | 3.3725 0.4754 | 1.8846 0.7167 | Time: 2.9881
Epoch: 0092 | TRAIN: 0.0728 0.9781 | 0.0102 0.9973 | 0.0219 0.9943 | Time: 128.8342 | VAL: 5.6822 0.4004 | 2.7260 0.6292 | 1.0166 0.7785 | Time: 2.5026 | TEST: 5.7715 0.3880 | 2.7970 0.5984 | 1.6087 0.7611 | Time: 3.1908
Epoch: 0093 | TRAIN: 0.0818 0.9769 | 0.0116 0.9952 | 0.0176 0.9943 | Time: 129.6742 | VAL: 7.7664 0.3859 | 3.0475 0.6404 | 1.4086 0.7517 | Time: 2.5769 | TEST: 7.9622 0.3573 | 2.7952 0.6066 | 1.9572 0.6944 | Time: 3.0120
Epoch: 0094 | TRAIN: 0.0660 0.9772 | 0.0105 0.9958 | 0.0208 0.9937 | Time: 129.3005 | VAL: 7.1396 0.3804 | 4.2209 0.5169 | 1.5072 0.7584 | Time: 2.4945 | TEST: 7.4599 0.3915 | 4.0187 0.5082 | 1.9020 0.7556 | Time: 3.1626
Epoch: 0095 | TRAIN: 0.1052 0.9763 | 0.0112 0.9973 | 0.0226 0.9916 | Time: 128.8601 | VAL: 11.9804 0.3225 | 3.0087 0.4719 | 1.5723 0.7584 | Time: 2.5030 | TEST: 12.4484 0.3197 | 3.1531 0.5574 | 2.2331 0.6833 | Time: 2.9577
Epoch: 0096 | TRAIN: 0.1233 0.9700 | 0.0124 0.9964 | 0.0300 0.9910 | Time: 129.4035 | VAL: 8.9937 0.3297 | 3.7733 0.4719 | 1.1651 0.8121 | Time: 2.6114 | TEST: 8.6662 0.3436 | 3.3820 0.5000 | 2.1907 0.7333 | Time: 2.9486
Epoch: 0097 | TRAIN: 0.1459 0.9642 | 0.0176 0.9931 | 0.0188 0.9931 | Time: 129.6517 | VAL: 9.4212 0.3388 | 4.3246 0.4607 | 1.5362 0.7852 | Time: 2.5166 | TEST: 9.7114 0.3231 | 3.6068 0.5328 | 1.9891 0.6889 | Time: 2.9789
Epoch: 0098 | TRAIN: 0.1407 0.9621 | 0.0130 0.9958 | 0.0219 0.9934 | Time: 128.9229 | VAL: 5.0063 0.4293 | 3.8449 0.4494 | 1.3858 0.7584 | Time: 2.5478 | TEST: 4.5868 0.4462 | 3.1632 0.5410 | 1.8941 0.7222 | Time: 2.9024
Epoch: 0099 | TRAIN: 0.0808 0.9772 | 0.0166 0.9952 | 0.0160 0.9946 | Time: 129.2035 | VAL: 6.9070 0.4167 | 3.3750 0.4944 | 1.3626 0.7785 | Time: 2.9350 | TEST: 6.2831 0.4325 | 3.2296 0.5738 | 1.7902 0.7667 | Time: 3.5992
========================================
Best Result: Epoch 57, result {'amazon': [0.4495726495726496], 'dslr': [0.6229508196721312], 'webcam': [0.7777777777777778]}
========================================
