========================================
General Configuration:
	Wighting: MoDo
	Architecture: HPS
	Rep_Grad: False
	Multi_Input: True
	Seed: 0
	Device: cuda:0
MoDo Configuration:
	weighting: MoDo
	gamma_modo: 1.0
	rho_modo: 1.0
	modo_gn: none
Optimizer Configuration:
	optim: adam
	lr: 1e-05
	weight_decay: 1e-05
========================================
Total Params: 11487901
Trainable Params: 11487901
Non-trainable Params: 0
========================================
LOG FORMAT | amazon_LOSS Acc | dslr_LOSS Acc | webcam_LOSS Acc | TIME
Epoch: 0000 | TRAIN: 3.4368 0.0634 | 3.1526 0.1526 | 3.3400 0.0977 | Time: 117.3588 | VAL: 3.2555 0.1087 | 2.9112 0.2921 | 3.1510 0.1745 | Time: 2.3778 | TEST: 3.2169 0.1350 | 2.9144 0.3279 | 3.1316 0.2389 | Time: 2.8255
Epoch: 0001 | TRAIN: 3.1339 0.1572 | 2.4463 0.5117 | 2.7917 0.3185 | Time: 117.2990 | VAL: 3.0386 0.2500 | 2.4507 0.5955 | 2.6677 0.4698 | Time: 2.4260 | TEST: 3.0035 0.2803 | 2.4606 0.6148 | 2.6778 0.4833 | Time: 2.8865
Epoch: 0002 | TRAIN: 2.9507 0.2491 | 1.9181 0.7891 | 2.2478 0.6025 | Time: 116.2922 | VAL: 2.8822 0.3279 | 2.0464 0.7640 | 2.2821 0.6577 | Time: 2.4058 | TEST: 2.8514 0.3795 | 2.0696 0.7295 | 2.3045 0.6611 | Time: 2.8289
Epoch: 0003 | TRAIN: 2.8203 0.3023 | 1.4478 0.9372 | 1.8447 0.7731 | Time: 116.6941 | VAL: 2.7724 0.4058 | 1.7433 0.8539 | 1.9766 0.7584 | Time: 2.3953 | TEST: 2.7463 0.4359 | 1.7829 0.8279 | 2.0189 0.7778 | Time: 2.8203
Epoch: 0004 | TRAIN: 2.7078 0.3705 | 1.1742 0.9745 | 1.4983 0.8759 | Time: 116.0649 | VAL: 2.6911 0.4565 | 1.5487 0.8652 | 1.7006 0.8389 | Time: 2.4071 | TEST: 2.6652 0.4786 | 1.5863 0.8689 | 1.7558 0.8722 | Time: 2.8964
Epoch: 0005 | TRAIN: 2.6429 0.4087 | 0.9482 0.9922 | 1.2186 0.9357 | Time: 116.6024 | VAL: 2.6695 0.4801 | 1.3515 0.8989 | 1.4998 0.8859 | Time: 2.4178 | TEST: 2.6470 0.5043 | 1.4034 0.8852 | 1.5663 0.8944 | Time: 2.8802
Epoch: 0006 | TRAIN: 2.6157 0.4141 | 0.7612 0.9955 | 0.9927 0.9706 | Time: 116.9156 | VAL: 2.6350 0.5072 | 1.2048 0.9101 | 1.3383 0.9060 | Time: 2.3937 | TEST: 2.6194 0.5197 | 1.2657 0.9016 | 1.4193 0.9000 | Time: 2.8542
Epoch: 0007 | TRAIN: 2.5573 0.4402 | 0.6361 0.9976 | 0.8286 0.9850 | Time: 117.1825 | VAL: 2.5713 0.5308 | 1.0813 0.9775 | 1.1912 0.9128 | Time: 2.4054 | TEST: 2.5550 0.5590 | 1.1441 0.9180 | 1.2696 0.9167 | Time: 2.8420
Epoch: 0008 | TRAIN: 2.4774 0.4766 | 0.5317 0.9994 | 0.7014 0.9967 | Time: 116.8668 | VAL: 2.4733 0.5761 | 1.0012 0.9663 | 1.1027 0.9396 | Time: 2.4425 | TEST: 2.4637 0.5829 | 1.0743 0.9344 | 1.1916 0.9167 | Time: 2.8396
Epoch: 0009 | TRAIN: 2.3737 0.5162 | 0.4648 1.0000 | 0.6132 0.9952 | Time: 117.0290 | VAL: 2.3825 0.6087 | 0.9280 0.9775 | 1.0242 0.9463 | Time: 2.3600 | TEST: 2.3714 0.6239 | 1.0018 0.9262 | 1.1180 0.9389 | Time: 2.8331
Epoch: 0010 | TRAIN: 2.2384 0.5595 | 0.4027 0.9997 | 0.5367 0.9976 | Time: 116.7259 | VAL: 2.2555 0.6395 | 0.8793 0.9888 | 0.9931 0.9396 | Time: 2.4295 | TEST: 2.2468 0.6581 | 0.9673 0.9180 | 1.0876 0.9389 | Time: 2.8921
Epoch: 0011 | TRAIN: 2.0507 0.6361 | 0.3650 1.0000 | 0.4846 0.9982 | Time: 116.5929 | VAL: 2.0702 0.6975 | 0.8483 0.9775 | 0.9310 0.9530 | Time: 2.4209 | TEST: 2.0702 0.6974 | 0.9357 0.9262 | 1.0275 0.9444 | Time: 2.8570
Epoch: 0012 | TRAIN: 1.8546 0.6941 | 0.3420 1.0000 | 0.4312 0.9991 | Time: 116.8015 | VAL: 1.8649 0.7192 | 0.8182 0.9888 | 0.9118 0.9664 | Time: 2.3817 | TEST: 1.8655 0.7111 | 0.9088 0.9262 | 1.0148 0.9389 | Time: 2.8396
Epoch: 0013 | TRAIN: 1.6435 0.7377 | 0.3181 1.0000 | 0.4204 0.9994 | Time: 116.2723 | VAL: 1.7096 0.7500 | 0.8250 0.9888 | 0.8907 0.9664 | Time: 2.3951 | TEST: 1.7136 0.7316 | 0.9126 0.9262 | 0.9931 0.9500 | Time: 2.8659
Epoch: 0014 | TRAIN: 1.4953 0.7659 | 0.3039 1.0000 | 0.3833 0.9994 | Time: 116.3125 | VAL: 1.5968 0.7572 | 0.7884 0.9888 | 0.8382 0.9732 | Time: 2.3897 | TEST: 1.6048 0.7487 | 0.8849 0.9262 | 0.9426 0.9500 | Time: 2.8337
Epoch: 0015 | TRAIN: 1.3878 0.7942 | 0.2885 1.0000 | 0.3595 0.9997 | Time: 116.2747 | VAL: 1.5152 0.7645 | 0.7778 0.9888 | 0.8341 0.9732 | Time: 2.3882 | TEST: 1.5240 0.7658 | 0.8714 0.9262 | 0.9409 0.9500 | Time: 2.8331
Epoch: 0016 | TRAIN: 1.2518 0.8233 | 0.2677 1.0000 | 0.3264 1.0000 | Time: 116.5406 | VAL: 1.4264 0.7826 | 0.7604 0.9888 | 0.7994 0.9799 | Time: 2.3614 | TEST: 1.4366 0.7709 | 0.8460 0.9344 | 0.8998 0.9500 | Time: 2.8195
Epoch: 0017 | TRAIN: 1.1435 0.8486 | 0.2566 1.0000 | 0.3087 1.0000 | Time: 116.7171 | VAL: 1.3462 0.7880 | 0.7466 0.9888 | 0.7754 0.9732 | Time: 2.3567 | TEST: 1.3582 0.7863 | 0.8406 0.9344 | 0.8821 0.9611 | Time: 2.8075
Epoch: 0018 | TRAIN: 1.0583 0.8582 | 0.2409 1.0000 | 0.2829 1.0000 | Time: 116.4278 | VAL: 1.3000 0.7826 | 0.7194 0.9888 | 0.7513 0.9732 | Time: 2.3668 | TEST: 1.3136 0.7863 | 0.8234 0.9262 | 0.8509 0.9556 | Time: 2.8181
Epoch: 0019 | TRAIN: 0.9908 0.8753 | 0.2236 1.0000 | 0.2637 1.0000 | Time: 116.2265 | VAL: 1.2486 0.8007 | 0.6986 0.9888 | 0.7269 0.9732 | Time: 2.3694 | TEST: 1.2615 0.8034 | 0.8022 0.9426 | 0.8307 0.9611 | Time: 2.8427
Epoch: 0020 | TRAIN: 0.9283 0.8834 | 0.2102 1.0000 | 0.2476 1.0000 | Time: 116.2284 | VAL: 1.2062 0.8080 | 0.6771 0.9888 | 0.6917 0.9732 | Time: 2.4019 | TEST: 1.2157 0.8051 | 0.7803 0.9344 | 0.7898 0.9611 | Time: 2.8365
Epoch: 0021 | TRAIN: 0.8619 0.9017 | 0.2004 1.0000 | 0.2311 1.0000 | Time: 116.6213 | VAL: 1.1665 0.8207 | 0.6665 0.9888 | 0.6893 0.9732 | Time: 2.3865 | TEST: 1.1763 0.8120 | 0.7718 0.9344 | 0.7834 0.9556 | Time: 2.8054
Epoch: 0022 | TRAIN: 0.8013 0.9168 | 0.1873 1.0000 | 0.2132 1.0000 | Time: 116.7548 | VAL: 1.1354 0.8225 | 0.6488 0.9888 | 0.6750 0.9732 | Time: 2.3835 | TEST: 1.1448 0.8171 | 0.7580 0.9426 | 0.7736 0.9611 | Time: 2.8363
Epoch: 0023 | TRAIN: 0.7462 0.9228 | 0.1753 1.0000 | 0.1961 1.0000 | Time: 116.8991 | VAL: 1.1098 0.8279 | 0.6473 1.0000 | 0.6707 0.9732 | Time: 2.3868 | TEST: 1.1204 0.8222 | 0.7546 0.9426 | 0.7671 0.9611 | Time: 2.8420
Epoch: 0024 | TRAIN: 0.6956 0.9339 | 0.1646 1.0000 | 0.1912 1.0000 | Time: 117.1763 | VAL: 1.0758 0.8315 | 0.6249 1.0000 | 0.6490 0.9732 | Time: 2.4255 | TEST: 1.0913 0.8222 | 0.7309 0.9508 | 0.7434 0.9611 | Time: 2.8785
Epoch: 0025 | TRAIN: 0.6599 0.9426 | 0.1530 1.0000 | 0.1751 1.0000 | Time: 116.3783 | VAL: 1.0533 0.8424 | 0.6159 1.0000 | 0.6245 0.9799 | Time: 2.3858 | TEST: 1.0698 0.8256 | 0.7201 0.9426 | 0.7259 0.9667 | Time: 2.8329
Epoch: 0026 | TRAIN: 0.6131 0.9504 | 0.1456 1.0000 | 0.1660 1.0000 | Time: 116.6169 | VAL: 1.0466 0.8315 | 0.6130 1.0000 | 0.6171 0.9732 | Time: 2.4317 | TEST: 1.0610 0.8256 | 0.7214 0.9344 | 0.7042 0.9611 | Time: 2.8924
Epoch: 0027 | TRAIN: 0.5711 0.9564 | 0.1335 1.0000 | 0.1599 1.0000 | Time: 117.1418 | VAL: 1.0183 0.8388 | 0.5948 1.0000 | 0.6037 0.9732 | Time: 2.4194 | TEST: 1.0385 0.8291 | 0.7031 0.9508 | 0.6949 0.9500 | Time: 2.8797
Epoch: 0028 | TRAIN: 0.5385 0.9588 | 0.1286 1.0000 | 0.1485 1.0000 | Time: 117.1658 | VAL: 0.9966 0.8424 | 0.5891 1.0000 | 0.5871 0.9732 | Time: 2.3957 | TEST: 1.0178 0.8274 | 0.6914 0.9508 | 0.6857 0.9556 | Time: 2.8475
Epoch: 0029 | TRAIN: 0.4977 0.9663 | 0.1193 1.0000 | 0.1362 1.0000 | Time: 116.5735 | VAL: 0.9869 0.8533 | 0.5746 1.0000 | 0.5859 0.9732 | Time: 2.4155 | TEST: 1.0094 0.8274 | 0.6840 0.9508 | 0.6785 0.9611 | Time: 2.9013
Epoch: 0030 | TRAIN: 0.4755 0.9742 | 0.1142 1.0000 | 0.1294 1.0000 | Time: 116.6769 | VAL: 0.9688 0.8496 | 0.5590 1.0000 | 0.5672 0.9732 | Time: 2.3595 | TEST: 0.9880 0.8342 | 0.6717 0.9426 | 0.6527 0.9556 | Time: 2.8221
Epoch: 0031 | TRAIN: 0.4446 0.9784 | 0.1066 1.0000 | 0.1228 1.0000 | Time: 116.2521 | VAL: 0.9578 0.8460 | 0.5580 1.0000 | 0.5526 0.9732 | Time: 2.3920 | TEST: 0.9821 0.8256 | 0.6677 0.9508 | 0.6457 0.9556 | Time: 2.8136
Epoch: 0032 | TRAIN: 0.4144 0.9772 | 0.1027 1.0000 | 0.1190 1.0000 | Time: 116.5318 | VAL: 0.9417 0.8514 | 0.5586 1.0000 | 0.5623 0.9732 | Time: 2.4156 | TEST: 0.9654 0.8325 | 0.6626 0.9426 | 0.6493 0.9556 | Time: 2.8708
Epoch: 0033 | TRAIN: 0.3926 0.9793 | 0.0990 1.0000 | 0.1137 1.0000 | Time: 116.9340 | VAL: 0.9223 0.8533 | 0.5499 1.0000 | 0.5298 0.9732 | Time: 2.4216 | TEST: 0.9487 0.8325 | 0.6575 0.9262 | 0.6246 0.9667 | Time: 2.8291
Epoch: 0034 | TRAIN: 0.3611 0.9850 | 0.0902 1.0000 | 0.1084 1.0000 | Time: 116.5000 | VAL: 0.9238 0.8460 | 0.5420 1.0000 | 0.5309 0.9732 | Time: 2.3823 | TEST: 0.9484 0.8325 | 0.6500 0.9426 | 0.6216 0.9556 | Time: 2.8407
Epoch: 0035 | TRAIN: 0.3334 0.9874 | 0.0854 1.0000 | 0.0999 1.0000 | Time: 116.6534 | VAL: 0.9105 0.8514 | 0.5321 1.0000 | 0.5238 0.9732 | Time: 2.3945 | TEST: 0.9313 0.8376 | 0.6392 0.9508 | 0.6100 0.9556 | Time: 2.8462
Epoch: 0036 | TRAIN: 0.3191 0.9931 | 0.0849 1.0000 | 0.0980 1.0000 | Time: 116.9828 | VAL: 0.8933 0.8569 | 0.5229 1.0000 | 0.5148 0.9732 | Time: 2.4217 | TEST: 0.9159 0.8376 | 0.6340 0.9508 | 0.5983 0.9611 | Time: 2.8659
Epoch: 0037 | TRAIN: 0.2921 0.9934 | 0.0818 1.0000 | 0.0923 1.0000 | Time: 116.6227 | VAL: 0.8947 0.8587 | 0.5260 1.0000 | 0.5096 0.9732 | Time: 2.4027 | TEST: 0.9149 0.8342 | 0.6350 0.9508 | 0.5964 0.9667 | Time: 2.8468
Epoch: 0038 | TRAIN: 0.2693 0.9943 | 0.0756 1.0000 | 0.0875 1.0000 | Time: 116.9528 | VAL: 0.8874 0.8605 | 0.5187 1.0000 | 0.4971 0.9732 | Time: 2.3864 | TEST: 0.9096 0.8410 | 0.6282 0.9426 | 0.5832 0.9667 | Time: 2.8408
Epoch: 0039 | TRAIN: 0.2573 0.9961 | 0.0716 1.0000 | 0.0846 1.0000 | Time: 116.6275 | VAL: 0.8725 0.8569 | 0.5111 1.0000 | 0.4942 0.9732 | Time: 2.4297 | TEST: 0.8919 0.8359 | 0.6254 0.9426 | 0.5850 0.9611 | Time: 2.8543
Epoch: 0040 | TRAIN: 0.2435 0.9964 | 0.0712 1.0000 | 0.0790 1.0000 | Time: 117.1751 | VAL: 0.8628 0.8569 | 0.5059 1.0000 | 0.4789 0.9799 | Time: 2.4005 | TEST: 0.8829 0.8308 | 0.6086 0.9590 | 0.5695 0.9667 | Time: 2.8415
Epoch: 0041 | TRAIN: 0.2223 0.9979 | 0.0685 1.0000 | 0.0783 1.0000 | Time: 116.5391 | VAL: 0.8564 0.8551 | 0.5047 1.0000 | 0.4732 0.9732 | Time: 2.4109 | TEST: 0.8781 0.8342 | 0.6102 0.9508 | 0.5641 0.9444 | Time: 2.8192
Epoch: 0042 | TRAIN: 0.2061 0.9979 | 0.0644 1.0000 | 0.0744 1.0000 | Time: 116.6898 | VAL: 0.8463 0.8605 | 0.4912 1.0000 | 0.4741 0.9732 | Time: 2.4111 | TEST: 0.8681 0.8359 | 0.6052 0.9426 | 0.5594 0.9444 | Time: 2.8725
Epoch: 0043 | TRAIN: 0.1974 0.9997 | 0.0618 1.0000 | 0.0675 1.0000 | Time: 116.7640 | VAL: 0.8406 0.8605 | 0.4950 1.0000 | 0.4681 0.9732 | Time: 2.3938 | TEST: 0.8624 0.8325 | 0.6061 0.9508 | 0.5594 0.9667 | Time: 2.8237
Epoch: 0044 | TRAIN: 0.1863 0.9994 | 0.0602 1.0000 | 0.0658 1.0000 | Time: 116.3896 | VAL: 0.8315 0.8605 | 0.4887 1.0000 | 0.4584 0.9799 | Time: 2.3969 | TEST: 0.8577 0.8308 | 0.5917 0.9590 | 0.5455 0.9667 | Time: 2.8487
Epoch: 0045 | TRAIN: 0.1715 0.9997 | 0.0566 1.0000 | 0.0673 1.0000 | Time: 116.8048 | VAL: 0.8162 0.8641 | 0.4929 1.0000 | 0.4494 0.9799 | Time: 2.4333 | TEST: 0.8414 0.8376 | 0.5962 0.9590 | 0.5392 0.9667 | Time: 2.8880
Epoch: 0046 | TRAIN: 0.1649 0.9991 | 0.0558 1.0000 | 0.0632 1.0000 | Time: 116.9333 | VAL: 0.8213 0.8641 | 0.4862 1.0000 | 0.4486 0.9799 | Time: 2.3835 | TEST: 0.8494 0.8342 | 0.5918 0.9590 | 0.5416 0.9722 | Time: 2.8451
Epoch: 0047 | TRAIN: 0.1533 1.0000 | 0.0531 1.0000 | 0.0594 1.0000 | Time: 116.9981 | VAL: 0.8112 0.8569 | 0.4703 1.0000 | 0.4477 0.9799 | Time: 2.3787 | TEST: 0.8350 0.8359 | 0.5849 0.9508 | 0.5321 0.9667 | Time: 2.8176
Epoch: 0048 | TRAIN: 0.1426 0.9997 | 0.0510 1.0000 | 0.0594 1.0000 | Time: 116.1561 | VAL: 0.8111 0.8678 | 0.4696 1.0000 | 0.4399 0.9732 | Time: 2.4142 | TEST: 0.8357 0.8239 | 0.5807 0.9508 | 0.5320 0.9556 | Time: 2.8199
Epoch: 0049 | TRAIN: 0.1326 1.0000 | 0.0491 1.0000 | 0.0546 1.0000 | Time: 116.6172 | VAL: 0.7905 0.8659 | 0.4693 1.0000 | 0.4270 0.9799 | Time: 2.3893 | TEST: 0.8156 0.8291 | 0.5741 0.9508 | 0.5153 0.9722 | Time: 2.8317
Epoch: 0050 | TRAIN: 0.1242 1.0000 | 0.0482 1.0000 | 0.0542 1.0000 | Time: 116.5693 | VAL: 0.7929 0.8641 | 0.4735 1.0000 | 0.4303 0.9732 | Time: 2.3831 | TEST: 0.8156 0.8291 | 0.5806 0.9508 | 0.5180 0.9611 | Time: 2.8229
Epoch: 0051 | TRAIN: 0.1184 1.0000 | 0.0466 1.0000 | 0.0519 1.0000 | Time: 116.4735 | VAL: 0.7927 0.8641 | 0.4671 1.0000 | 0.4378 0.9732 | Time: 2.3722 | TEST: 0.8230 0.8325 | 0.5815 0.9590 | 0.5198 0.9556 | Time: 2.8155
Epoch: 0052 | TRAIN: 0.1127 1.0000 | 0.0430 1.0000 | 0.0489 1.0000 | Time: 116.2893 | VAL: 0.7747 0.8623 | 0.4751 1.0000 | 0.4252 0.9799 | Time: 2.3791 | TEST: 0.7993 0.8325 | 0.5800 0.9590 | 0.5092 0.9667 | Time: 2.8328
Epoch: 0053 | TRAIN: 0.1076 1.0000 | 0.0421 1.0000 | 0.0467 1.0000 | Time: 116.6869 | VAL: 0.7786 0.8659 | 0.4639 1.0000 | 0.4210 0.9799 | Time: 2.4117 | TEST: 0.8076 0.8376 | 0.5690 0.9590 | 0.5089 0.9611 | Time: 2.8590
Epoch: 0054 | TRAIN: 0.0999 0.9997 | 0.0418 1.0000 | 0.0464 1.0000 | Time: 117.0046 | VAL: 0.7747 0.8569 | 0.4559 1.0000 | 0.4147 0.9732 | Time: 2.3928 | TEST: 0.8012 0.8308 | 0.5627 0.9590 | 0.4996 0.9667 | Time: 2.8117
Epoch: 0055 | TRAIN: 0.0988 0.9997 | 0.0397 1.0000 | 0.0433 1.0000 | Time: 116.8729 | VAL: 0.7733 0.8605 | 0.4536 1.0000 | 0.4135 0.9799 | Time: 2.3909 | TEST: 0.7999 0.8274 | 0.5672 0.9508 | 0.5056 0.9611 | Time: 2.8355
Epoch: 0056 | TRAIN: 0.0918 0.9997 | 0.0386 1.0000 | 0.0451 1.0000 | Time: 116.6515 | VAL: 0.7575 0.8623 | 0.4546 1.0000 | 0.4053 0.9799 | Time: 2.4221 | TEST: 0.7846 0.8325 | 0.5590 0.9508 | 0.4965 0.9722 | Time: 2.8702
Epoch: 0057 | TRAIN: 0.0875 1.0000 | 0.0374 1.0000 | 0.0405 1.0000 | Time: 116.6206 | VAL: 0.7675 0.8605 | 0.4435 1.0000 | 0.4050 0.9732 | Time: 2.3874 | TEST: 0.7941 0.8239 | 0.5531 0.9426 | 0.4913 0.9556 | Time: 2.8408
Epoch: 0058 | TRAIN: 0.0855 1.0000 | 0.0370 1.0000 | 0.0389 1.0000 | Time: 116.8034 | VAL: 0.7552 0.8678 | 0.4420 1.0000 | 0.3932 0.9799 | Time: 2.3780 | TEST: 0.7831 0.8308 | 0.5486 0.9590 | 0.4797 0.9611 | Time: 2.8306
Epoch: 0059 | TRAIN: 0.0793 1.0000 | 0.0355 1.0000 | 0.0384 1.0000 | Time: 117.1702 | VAL: 0.7558 0.8587 | 0.4395 1.0000 | 0.4032 0.9799 | Time: 2.3965 | TEST: 0.7847 0.8325 | 0.5476 0.9590 | 0.4920 0.9611 | Time: 2.8475
Epoch: 0060 | TRAIN: 0.0750 1.0000 | 0.0328 1.0000 | 0.0372 1.0000 | Time: 117.4597 | VAL: 0.7487 0.8605 | 0.4449 1.0000 | 0.3971 0.9799 | Time: 2.3896 | TEST: 0.7781 0.8325 | 0.5494 0.9590 | 0.4892 0.9667 | Time: 2.8317
Epoch: 0061 | TRAIN: 0.0712 1.0000 | 0.0326 1.0000 | 0.0374 1.0000 | Time: 117.1260 | VAL: 0.7504 0.8641 | 0.4359 1.0000 | 0.3952 0.9799 | Time: 2.3990 | TEST: 0.7806 0.8274 | 0.5452 0.9508 | 0.4812 0.9611 | Time: 2.8310
Epoch: 0062 | TRAIN: 0.0721 1.0000 | 0.0327 1.0000 | 0.0346 1.0000 | Time: 116.8724 | VAL: 0.7341 0.8623 | 0.4347 1.0000 | 0.3853 0.9799 | Time: 2.3881 | TEST: 0.7646 0.8308 | 0.5402 0.9508 | 0.4771 0.9667 | Time: 2.8209
Epoch: 0063 | TRAIN: 0.0673 1.0000 | 0.0295 1.0000 | 0.0332 1.0000 | Time: 117.2801 | VAL: 0.7332 0.8587 | 0.4193 1.0000 | 0.3883 0.9799 | Time: 2.4219 | TEST: 0.7622 0.8291 | 0.5271 0.9590 | 0.4743 0.9556 | Time: 2.8923
Epoch: 0064 | TRAIN: 0.0626 1.0000 | 0.0290 1.0000 | 0.0323 1.0000 | Time: 116.7949 | VAL: 0.7386 0.8641 | 0.4334 1.0000 | 0.3923 0.9732 | Time: 2.3880 | TEST: 0.7697 0.8291 | 0.5414 0.9590 | 0.4775 0.9500 | Time: 2.8472
Epoch: 0065 | TRAIN: 0.0623 1.0000 | 0.0273 1.0000 | 0.0318 1.0000 | Time: 116.4470 | VAL: 0.7271 0.8623 | 0.4363 1.0000 | 0.3858 0.9732 | Time: 2.4184 | TEST: 0.7600 0.8308 | 0.5440 0.9508 | 0.4721 0.9500 | Time: 2.8712
Epoch: 0066 | TRAIN: 0.0574 1.0000 | 0.0267 1.0000 | 0.0303 1.0000 | Time: 116.8893 | VAL: 0.7278 0.8641 | 0.4236 1.0000 | 0.3832 0.9799 | Time: 2.3862 | TEST: 0.7575 0.8308 | 0.5403 0.9508 | 0.4677 0.9611 | Time: 2.8189
Epoch: 0067 | TRAIN: 0.0571 1.0000 | 0.0267 1.0000 | 0.0292 1.0000 | Time: 116.2156 | VAL: 0.7296 0.8678 | 0.4252 1.0000 | 0.3833 0.9799 | Time: 2.3661 | TEST: 0.7559 0.8342 | 0.5270 0.9590 | 0.4661 0.9611 | Time: 2.7950
Epoch: 0068 | TRAIN: 0.0538 1.0000 | 0.0255 1.0000 | 0.0275 1.0000 | Time: 116.4564 | VAL: 0.7219 0.8659 | 0.4164 1.0000 | 0.3763 0.9732 | Time: 2.4154 | TEST: 0.7516 0.8308 | 0.5236 0.9590 | 0.4625 0.9556 | Time: 2.8779
Epoch: 0069 | TRAIN: 0.0526 1.0000 | 0.0239 1.0000 | 0.0285 1.0000 | Time: 116.4109 | VAL: 0.7178 0.8659 | 0.4120 1.0000 | 0.3631 0.9732 | Time: 2.3927 | TEST: 0.7455 0.8342 | 0.5149 0.9590 | 0.4532 0.9444 | Time: 2.8257
Epoch: 0070 | TRAIN: 0.0517 1.0000 | 0.0249 1.0000 | 0.0263 1.0000 | Time: 117.0274 | VAL: 0.7118 0.8623 | 0.4065 1.0000 | 0.3614 0.9799 | Time: 2.3900 | TEST: 0.7400 0.8376 | 0.5060 0.9590 | 0.4530 0.9556 | Time: 2.8217
Epoch: 0071 | TRAIN: 0.0491 1.0000 | 0.0223 1.0000 | 0.0265 1.0000 | Time: 116.5247 | VAL: 0.7133 0.8659 | 0.4106 1.0000 | 0.3610 0.9799 | Time: 2.3845 | TEST: 0.7449 0.8291 | 0.5185 0.9508 | 0.4449 0.9611 | Time: 2.8392
Epoch: 0072 | TRAIN: 0.0476 1.0000 | 0.0232 1.0000 | 0.0252 1.0000 | Time: 117.1939 | VAL: 0.7110 0.8678 | 0.4087 1.0000 | 0.3597 0.9799 | Time: 2.3888 | TEST: 0.7415 0.8308 | 0.5107 0.9590 | 0.4502 0.9556 | Time: 2.8337
Epoch: 0073 | TRAIN: 0.0468 1.0000 | 0.0218 1.0000 | 0.0239 1.0000 | Time: 116.5105 | VAL: 0.7111 0.8659 | 0.3938 1.0000 | 0.3535 0.9732 | Time: 2.3738 | TEST: 0.7413 0.8256 | 0.5043 0.9590 | 0.4405 0.9556 | Time: 2.8249
Epoch: 0074 | TRAIN: 0.0430 1.0000 | 0.0210 1.0000 | 0.0241 1.0000 | Time: 116.1542 | VAL: 0.7036 0.8605 | 0.4061 1.0000 | 0.3606 0.9866 | Time: 2.3791 | TEST: 0.7370 0.8342 | 0.5131 0.9590 | 0.4528 0.9611 | Time: 2.8234
Epoch: 0075 | TRAIN: 0.0421 1.0000 | 0.0201 1.0000 | 0.0233 1.0000 | Time: 116.2588 | VAL: 0.6977 0.8587 | 0.3998 1.0000 | 0.3587 0.9799 | Time: 2.4223 | TEST: 0.7295 0.8325 | 0.5091 0.9508 | 0.4450 0.9389 | Time: 2.8826
Epoch: 0076 | TRAIN: 0.0394 1.0000 | 0.0197 1.0000 | 0.0227 1.0000 | Time: 116.6842 | VAL: 0.6990 0.8623 | 0.4161 1.0000 | 0.3479 0.9799 | Time: 2.3876 | TEST: 0.7303 0.8342 | 0.5162 0.9426 | 0.4340 0.9667 | Time: 2.8338
Epoch: 0077 | TRAIN: 0.0393 1.0000 | 0.0193 1.0000 | 0.0221 1.0000 | Time: 116.8601 | VAL: 0.6973 0.8623 | 0.3938 1.0000 | 0.3478 0.9799 | Time: 2.3917 | TEST: 0.7257 0.8308 | 0.5019 0.9590 | 0.4356 0.9556 | Time: 2.8474
Epoch: 0078 | TRAIN: 0.0369 1.0000 | 0.0192 1.0000 | 0.0208 1.0000 | Time: 116.4205 | VAL: 0.6951 0.8605 | 0.3910 1.0000 | 0.3511 0.9799 | Time: 2.3696 | TEST: 0.7232 0.8256 | 0.4987 0.9508 | 0.4352 0.9500 | Time: 2.8212
Epoch: 0079 | TRAIN: 0.0366 1.0000 | 0.0183 1.0000 | 0.0203 1.0000 | Time: 116.9237 | VAL: 0.6916 0.8623 | 0.3919 1.0000 | 0.3408 0.9799 | Time: 2.3953 | TEST: 0.7249 0.8325 | 0.4968 0.9590 | 0.4289 0.9500 | Time: 2.8696
Epoch: 0080 | TRAIN: 0.0353 1.0000 | 0.0179 1.0000 | 0.0204 1.0000 | Time: 116.8781 | VAL: 0.6903 0.8623 | 0.4012 1.0000 | 0.3455 0.9799 | Time: 2.3959 | TEST: 0.7225 0.8325 | 0.5028 0.9590 | 0.4302 0.9500 | Time: 2.8242
Epoch: 0081 | TRAIN: 0.0347 1.0000 | 0.0169 1.0000 | 0.0189 1.0000 | Time: 116.4109 | VAL: 0.6940 0.8641 | 0.3892 1.0000 | 0.3440 0.9799 | Time: 2.4131 | TEST: 0.7259 0.8291 | 0.4995 0.9426 | 0.4271 0.9556 | Time: 2.8339
Epoch: 0082 | TRAIN: 0.0324 1.0000 | 0.0175 1.0000 | 0.0183 1.0000 | Time: 116.2472 | VAL: 0.6820 0.8678 | 0.3866 1.0000 | 0.3348 0.9799 | Time: 2.3915 | TEST: 0.7146 0.8325 | 0.4939 0.9590 | 0.4231 0.9556 | Time: 2.8455
Epoch: 0083 | TRAIN: 0.0320 1.0000 | 0.0167 1.0000 | 0.0178 1.0000 | Time: 116.7786 | VAL: 0.6845 0.8641 | 0.3909 1.0000 | 0.3376 0.9799 | Time: 2.3883 | TEST: 0.7194 0.8393 | 0.4957 0.9590 | 0.4248 0.9500 | Time: 2.8302
Epoch: 0084 | TRAIN: 0.0306 1.0000 | 0.0155 1.0000 | 0.0176 1.0000 | Time: 116.6339 | VAL: 0.6785 0.8623 | 0.3911 1.0000 | 0.3376 0.9799 | Time: 2.3941 | TEST: 0.7117 0.8342 | 0.4986 0.9508 | 0.4312 0.9611 | Time: 2.8228
Epoch: 0085 | TRAIN: 0.0302 1.0000 | 0.0146 1.0000 | 0.0176 1.0000 | Time: 116.6059 | VAL: 0.6784 0.8623 | 0.3829 1.0000 | 0.3321 0.9799 | Time: 2.3631 | TEST: 0.7104 0.8376 | 0.4904 0.9590 | 0.4162 0.9556 | Time: 2.8295
Epoch: 0086 | TRAIN: 0.0288 1.0000 | 0.0152 1.0000 | 0.0159 1.0000 | Time: 116.4337 | VAL: 0.6814 0.8659 | 0.3828 1.0000 | 0.3338 0.9799 | Time: 2.3951 | TEST: 0.7112 0.8376 | 0.4912 0.9508 | 0.4211 0.9556 | Time: 2.8359
Epoch: 0087 | TRAIN: 0.0280 1.0000 | 0.0146 1.0000 | 0.0157 1.0000 | Time: 116.5570 | VAL: 0.6822 0.8641 | 0.3809 1.0000 | 0.3255 0.9799 | Time: 2.3938 | TEST: 0.7115 0.8342 | 0.4865 0.9590 | 0.4102 0.9556 | Time: 2.8982
Epoch: 0088 | TRAIN: 0.0284 1.0000 | 0.0148 1.0000 | 0.0155 1.0000 | Time: 116.5218 | VAL: 0.6780 0.8623 | 0.3776 1.0000 | 0.3428 0.9799 | Time: 2.4190 | TEST: 0.7109 0.8359 | 0.4882 0.9672 | 0.4217 0.9500 | Time: 2.8872
Epoch: 0089 | TRAIN: 0.0269 1.0000 | 0.0135 1.0000 | 0.0155 1.0000 | Time: 117.0156 | VAL: 0.6724 0.8641 | 0.3789 1.0000 | 0.3228 0.9799 | Time: 2.4278 | TEST: 0.7062 0.8359 | 0.4887 0.9508 | 0.4058 0.9556 | Time: 2.8430
Epoch: 0090 | TRAIN: 0.0262 1.0000 | 0.0129 1.0000 | 0.0146 1.0000 | Time: 116.5048 | VAL: 0.6702 0.8605 | 0.3756 1.0000 | 0.3255 0.9799 | Time: 2.3809 | TEST: 0.7050 0.8342 | 0.4800 0.9590 | 0.4135 0.9500 | Time: 2.7967
Epoch: 0091 | TRAIN: 0.0270 1.0000 | 0.0125 1.0000 | 0.0146 1.0000 | Time: 116.6627 | VAL: 0.6630 0.8678 | 0.3710 1.0000 | 0.3242 0.9799 | Time: 2.3956 | TEST: 0.6938 0.8359 | 0.4734 0.9672 | 0.4157 0.9556 | Time: 2.8519
Epoch: 0092 | TRAIN: 0.0235 1.0000 | 0.0126 1.0000 | 0.0145 1.0000 | Time: 116.8687 | VAL: 0.6679 0.8659 | 0.3715 1.0000 | 0.3197 0.9866 | Time: 2.3907 | TEST: 0.7001 0.8325 | 0.4793 0.9508 | 0.4114 0.9611 | Time: 2.8402
Epoch: 0093 | TRAIN: 0.0229 1.0000 | 0.0123 1.0000 | 0.0137 1.0000 | Time: 116.6083 | VAL: 0.6612 0.8659 | 0.3673 1.0000 | 0.3197 0.9799 | Time: 2.3765 | TEST: 0.6934 0.8393 | 0.4763 0.9590 | 0.4058 0.9556 | Time: 2.8138
Epoch: 0094 | TRAIN: 0.0237 1.0000 | 0.0116 1.0000 | 0.0129 1.0000 | Time: 116.5433 | VAL: 0.6697 0.8623 | 0.3730 1.0000 | 0.3081 0.9799 | Time: 2.3971 | TEST: 0.6951 0.8359 | 0.4742 0.9590 | 0.3952 0.9667 | Time: 2.8294
Epoch: 0095 | TRAIN: 0.0222 1.0000 | 0.0116 1.0000 | 0.0130 1.0000 | Time: 117.0865 | VAL: 0.6588 0.8696 | 0.3674 1.0000 | 0.3222 0.9799 | Time: 2.4214 | TEST: 0.6914 0.8342 | 0.4813 0.9590 | 0.4076 0.9500 | Time: 2.8828
Epoch: 0096 | TRAIN: 0.0208 1.0000 | 0.0112 1.0000 | 0.0119 1.0000 | Time: 117.1613 | VAL: 0.6596 0.8659 | 0.3657 1.0000 | 0.3141 0.9799 | Time: 2.4052 | TEST: 0.6959 0.8342 | 0.4782 0.9508 | 0.4036 0.9556 | Time: 2.8464
Epoch: 0097 | TRAIN: 0.0213 1.0000 | 0.0104 1.0000 | 0.0117 1.0000 | Time: 116.7483 | VAL: 0.6557 0.8678 | 0.3625 1.0000 | 0.3087 0.9799 | Time: 2.3994 | TEST: 0.6854 0.8393 | 0.4727 0.9590 | 0.3935 0.9556 | Time: 2.8556
Epoch: 0098 | TRAIN: 0.0203 1.0000 | 0.0107 1.0000 | 0.0120 1.0000 | Time: 116.8565 | VAL: 0.6606 0.8641 | 0.3552 1.0000 | 0.3009 0.9799 | Time: 2.4055 | TEST: 0.6940 0.8325 | 0.4571 0.9590 | 0.3901 0.9500 | Time: 2.8553
Epoch: 0099 | TRAIN: 0.0193 1.0000 | 0.0099 1.0000 | 0.0115 1.0000 | Time: 117.0385 | VAL: 0.6549 0.8641 | 0.3583 1.0000 | 0.3058 0.9799 | Time: 2.4111 | TEST: 0.6873 0.8393 | 0.4698 0.9590 | 0.3936 0.9500 | Time: 2.8584
========================================
Best Result: Epoch 92, result {'amazon': [0.8324786324786325], 'dslr': [0.9508196721311475], 'webcam': [0.9611111111111111]}
========================================
