========================================
General Configuration:
	Wighting: ITL
	Architecture: HPS
	Rep_Grad: False
	Multi_Input: True
	Seed: 0
	Device: cuda:1
ITL Configuration:
	weighting: ITL
	task_idx: 1
Optimizer Configuration:
	optim: adam
	lr: 0.01
	weight_decay: 1e-07
========================================
Total Params: 11487901
Trainable Params: 11487901
Non-trainable Params: 0
========================================
LOG FORMAT | amazon_LOSS Acc | dslr_LOSS Acc | webcam_LOSS Acc | TIME
Epoch: 0000 | TRAIN: 3.4742 0.0312 | 3.4985 0.0992 | 3.4557 0.0355 | Time: 32.7161 | VAL: 5.8561 0.0380 | 6.1629 0.0449 | 3.7142 0.0268 | Time: 2.9102 | TEST: 5.5163 0.0342 | 4.7716 0.0820 | 3.7621 0.0333 | Time: 3.4957
Epoch: 0001 | TRAIN: 3.4343 0.0325 | 2.9348 0.1725 | 3.4382 0.0288 | Time: 32.4311 | VAL: 3.4367 0.0453 | 4.2506 0.0787 | 3.4353 0.0671 | Time: 2.8776 | TEST: 3.4352 0.0462 | 3.7764 0.1066 | 3.4350 0.0667 | Time: 3.3854
Epoch: 0002 | TRAIN: 3.4340 0.0349 | 2.6786 0.2518 | 3.4338 0.0319 | Time: 32.1478 | VAL: 3.4360 0.0272 | 3.9808 0.1011 | 3.4323 0.0336 | Time: 2.7545 | TEST: 3.4365 0.0376 | 4.1377 0.1066 | 3.4322 0.0444 | Time: 3.3403
Epoch: 0003 | TRAIN: 3.4339 0.0319 | 2.3226 0.3227 | 3.4337 0.0409 | Time: 32.4677 | VAL: 3.4341 0.0290 | 4.7803 0.1236 | 3.4341 0.0067 | Time: 2.8822 | TEST: 3.4339 0.0222 | 4.5557 0.1230 | 3.4341 0.0333 | Time: 3.3798
Epoch: 0004 | TRAIN: 3.4340 0.0325 | 1.8431 0.4399 | 3.4341 0.0258 | Time: 32.3231 | VAL: 3.4340 0.0272 | 6.3037 0.1124 | 3.4340 0.0336 | Time: 2.8539 | TEST: 3.4340 0.0359 | 6.8625 0.1230 | 3.4340 0.0222 | Time: 3.2879
Epoch: 0005 | TRAIN: 3.4340 0.0373 | 1.5387 0.5186 | 3.4340 0.0367 | Time: 32.0118 | VAL: 3.4340 0.0362 | 5.5470 0.1573 | 3.4340 0.0134 | Time: 2.9141 | TEST: 3.4340 0.0188 | 5.7537 0.1721 | 3.4340 0.0167 | Time: 3.3473
Epoch: 0006 | TRAIN: 3.4340 0.0343 | 0.9301 0.6785 | 3.4340 0.0451 | Time: 32.1706 | VAL: 3.4340 0.0362 | 7.6391 0.1798 | 3.4340 0.0134 | Time: 2.7063 | TEST: 3.4340 0.0188 | 7.7789 0.1475 | 3.4340 0.0333 | Time: 3.3812
Epoch: 0007 | TRAIN: 3.4340 0.0319 | 0.6855 0.7746 | 3.4340 0.0306 | Time: 31.5849 | VAL: 3.4340 0.0272 | 9.2954 0.1798 | 3.4340 0.0403 | Time: 2.7609 | TEST: 3.4340 0.0342 | 8.6604 0.1393 | 3.4340 0.0500 | Time: 3.2978
Epoch: 0008 | TRAIN: 3.4340 0.0300 | 0.4790 0.8389 | 3.4340 0.0415 | Time: 32.0477 | VAL: 3.4340 0.0471 | 6.3159 0.3596 | 3.4340 0.0201 | Time: 2.8179 | TEST: 3.4340 0.0239 | 6.2113 0.2459 | 3.4340 0.0444 | Time: 3.3927
Epoch: 0009 | TRAIN: 3.4340 0.0331 | 0.3902 0.8678 | 3.4340 0.0373 | Time: 32.0192 | VAL: 3.4340 0.0308 | 8.8772 0.1910 | 3.4340 0.0268 | Time: 2.7256 | TEST: 3.4340 0.0274 | 8.0035 0.2295 | 3.4340 0.0167 | Time: 3.3031
Epoch: 0010 | TRAIN: 3.4340 0.0325 | 0.2471 0.9195 | 3.4340 0.0270 | Time: 31.5528 | VAL: 3.4340 0.0308 | 10.1074 0.2472 | 3.4340 0.0336 | Time: 2.7508 | TEST: 3.4340 0.0325 | 9.3435 0.2623 | 3.4340 0.0111 | Time: 3.5190
Epoch: 0011 | TRAIN: 3.4340 0.0403 | 0.0954 0.9730 | 3.4340 0.0457 | Time: 32.0396 | VAL: 3.4340 0.0326 | 10.1645 0.2921 | 3.4340 0.0336 | Time: 2.8610 | TEST: 3.4340 0.0325 | 10.0136 0.2541 | 3.4340 0.0389 | Time: 3.5395
Epoch: 0012 | TRAIN: 3.4340 0.0331 | 0.1101 0.9706 | 3.4340 0.0367 | Time: 32.1911 | VAL: 3.4340 0.0326 | 8.1921 0.2921 | 3.4340 0.0336 | Time: 2.8186 | TEST: 3.4340 0.0325 | 7.5904 0.2705 | 3.4340 0.0389 | Time: 3.5806
Epoch: 0013 | TRAIN: 3.4340 0.0325 | 0.0510 0.9868 | 3.4340 0.0385 | Time: 32.1712 | VAL: 3.4340 0.0326 | 9.1212 0.3034 | 3.4340 0.0336 | Time: 2.9027 | TEST: 3.4340 0.0325 | 8.5498 0.2623 | 3.4340 0.0389 | Time: 3.3882
Epoch: 0014 | TRAIN: 3.4340 0.0319 | 0.0745 0.9796 | 3.4340 0.0361 | Time: 32.2797 | VAL: 3.4340 0.0326 | 9.4180 0.2247 | 3.4340 0.0336 | Time: 2.7860 | TEST: 3.4340 0.0325 | 8.3002 0.2541 | 3.4340 0.0389 | Time: 3.4834
Epoch: 0015 | TRAIN: 3.4340 0.0325 | 0.0595 0.9838 | 3.4340 0.0367 | Time: 31.9829 | VAL: 3.4340 0.0326 | 7.0712 0.2921 | 3.4340 0.0336 | Time: 2.7520 | TEST: 3.4340 0.0325 | 7.0229 0.3525 | 3.4340 0.0389 | Time: 3.2498
Epoch: 0016 | TRAIN: 3.4340 0.0331 | 0.0799 0.9760 | 3.4340 0.0355 | Time: 31.8458 | VAL: 3.4340 0.0326 | 8.7280 0.2697 | 3.4340 0.0336 | Time: 2.7420 | TEST: 3.4340 0.0325 | 8.4202 0.2623 | 3.4340 0.0389 | Time: 3.2543
Epoch: 0017 | TRAIN: 3.4340 0.0331 | 0.0546 0.9844 | 3.4340 0.0337 | Time: 32.0716 | VAL: 3.4340 0.0326 | 7.1382 0.3483 | 3.4340 0.0336 | Time: 2.7336 | TEST: 3.4340 0.0325 | 7.0132 0.3689 | 3.4340 0.0389 | Time: 3.3284
Epoch: 0018 | TRAIN: 3.4340 0.0331 | 0.0367 0.9880 | 3.4340 0.0409 | Time: 32.3776 | VAL: 3.4340 0.0326 | 10.6789 0.3596 | 3.4340 0.0336 | Time: 2.8106 | TEST: 3.4340 0.0325 | 10.0944 0.2623 | 3.4340 0.0389 | Time: 3.2906
Epoch: 0019 | TRAIN: 3.4340 0.0331 | 0.0323 0.9922 | 3.4340 0.0367 | Time: 31.5994 | VAL: 3.4340 0.0326 | 11.5562 0.2584 | 3.4340 0.0336 | Time: 2.6772 | TEST: 3.4340 0.0325 | 11.0092 0.2377 | 3.4340 0.0389 | Time: 3.4008
Epoch: 0020 | TRAIN: 3.4340 0.0325 | 0.0368 0.9898 | 3.4340 0.0361 | Time: 31.7463 | VAL: 3.4340 0.0326 | 10.8892 0.2921 | 3.4340 0.0336 | Time: 2.8127 | TEST: 3.4340 0.0325 | 9.5026 0.3361 | 3.4340 0.0389 | Time: 3.3628
Epoch: 0021 | TRAIN: 3.4340 0.0331 | 0.0472 0.9856 | 3.4340 0.0379 | Time: 31.8934 | VAL: 3.4340 0.0326 | 10.4317 0.3034 | 3.4340 0.0336 | Time: 2.8420 | TEST: 3.4340 0.0325 | 9.3013 0.2869 | 3.4340 0.0389 | Time: 3.3932
Epoch: 0022 | TRAIN: 3.4340 0.0331 | 0.0226 0.9928 | 3.4340 0.0361 | Time: 31.9491 | VAL: 3.4340 0.0326 | 8.8608 0.3258 | 3.4340 0.0336 | Time: 2.7653 | TEST: 3.4340 0.0325 | 7.9811 0.3361 | 3.4340 0.0389 | Time: 3.3321
Epoch: 0023 | TRAIN: 3.4340 0.0331 | 0.0366 0.9874 | 3.4340 0.0379 | Time: 31.8495 | VAL: 3.4340 0.0326 | 11.6622 0.1910 | 3.4340 0.0336 | Time: 2.7792 | TEST: 3.4340 0.0325 | 11.4057 0.2213 | 3.4340 0.0389 | Time: 3.2735
Epoch: 0024 | TRAIN: 3.4340 0.0325 | 0.0360 0.9892 | 3.4340 0.0337 | Time: 31.9704 | VAL: 3.4340 0.0326 | 10.6225 0.2697 | 3.4340 0.0336 | Time: 2.7007 | TEST: 3.4340 0.0325 | 9.7263 0.2377 | 3.4340 0.0389 | Time: 3.2808
Epoch: 0025 | TRAIN: 3.4340 0.0319 | 0.0349 0.9886 | 3.4340 0.0367 | Time: 31.7152 | VAL: 3.4340 0.0326 | 9.4489 0.3034 | 3.4340 0.0336 | Time: 2.7306 | TEST: 3.4340 0.0325 | 8.7587 0.3115 | 3.4340 0.0389 | Time: 3.2508
Epoch: 0026 | TRAIN: 3.4340 0.0331 | 0.0302 0.9904 | 3.4340 0.0373 | Time: 31.9156 | VAL: 3.4340 0.0326 | 9.7099 0.3034 | 3.4340 0.0336 | Time: 2.8592 | TEST: 3.4340 0.0325 | 8.9724 0.2951 | 3.4340 0.0389 | Time: 3.4276
Epoch: 0027 | TRAIN: 3.4340 0.0325 | 0.0427 0.9886 | 3.4340 0.0355 | Time: 31.9791 | VAL: 3.4340 0.0326 | 8.6931 0.3146 | 3.4340 0.0336 | Time: 2.8038 | TEST: 3.4340 0.0325 | 8.3121 0.3443 | 3.4340 0.0389 | Time: 3.3544
Epoch: 0028 | TRAIN: 3.4340 0.0331 | 0.0839 0.9766 | 3.4340 0.0349 | Time: 32.2951 | VAL: 3.4340 0.0326 | 14.8924 0.2135 | 3.4340 0.0336 | Time: 2.7692 | TEST: 3.4340 0.0325 | 15.3556 0.2131 | 3.4340 0.0389 | Time: 3.4358
Epoch: 0029 | TRAIN: 3.4340 0.0331 | 0.0789 0.9760 | 3.4340 0.0379 | Time: 31.8350 | VAL: 3.4340 0.0326 | 9.3600 0.3034 | 3.4340 0.0336 | Time: 2.7904 | TEST: 3.4340 0.0325 | 8.2550 0.3115 | 3.4340 0.0389 | Time: 3.3965
Epoch: 0030 | TRAIN: 3.4340 0.0325 | 0.0355 0.9898 | 3.4340 0.0361 | Time: 31.9798 | VAL: 3.4340 0.0326 | 10.3472 0.2697 | 3.4340 0.0336 | Time: 2.8290 | TEST: 3.4340 0.0325 | 9.0534 0.2787 | 3.4340 0.0389 | Time: 3.3369
Epoch: 0031 | TRAIN: 3.4340 0.0331 | 0.0376 0.9862 | 3.4340 0.0355 | Time: 31.8857 | VAL: 3.4340 0.0326 | 11.4371 0.2584 | 3.4340 0.0336 | Time: 2.8074 | TEST: 3.4340 0.0325 | 10.8118 0.2705 | 3.4340 0.0389 | Time: 3.3781
Epoch: 0032 | TRAIN: 3.4340 0.0331 | 0.0106 0.9982 | 3.4340 0.0373 | Time: 31.7043 | VAL: 3.4340 0.0326 | 11.6038 0.2809 | 3.4340 0.0336 | Time: 2.7276 | TEST: 3.4340 0.0325 | 10.0914 0.2787 | 3.4340 0.0389 | Time: 3.3485
Epoch: 0033 | TRAIN: 3.4340 0.0325 | 0.0034 1.0000 | 3.4340 0.0349 | Time: 31.9525 | VAL: 3.4340 0.0326 | 10.8328 0.3034 | 3.4340 0.0336 | Time: 2.6819 | TEST: 3.4340 0.0325 | 9.5672 0.3115 | 3.4340 0.0389 | Time: 3.2583
Epoch: 0034 | TRAIN: 3.4340 0.0331 | 0.0019 1.0000 | 3.4340 0.0367 | Time: 31.6674 | VAL: 3.4340 0.0326 | 10.4993 0.3371 | 3.4340 0.0336 | Time: 2.7015 | TEST: 3.4340 0.0325 | 9.1073 0.3115 | 3.4340 0.0389 | Time: 3.3231
Epoch: 0035 | TRAIN: 3.4340 0.0325 | 0.0018 1.0000 | 3.4340 0.0385 | Time: 31.6824 | VAL: 3.4340 0.0326 | 10.4597 0.3596 | 3.4340 0.0336 | Time: 2.7811 | TEST: 3.4340 0.0325 | 9.3906 0.3115 | 3.4340 0.0389 | Time: 3.2868
Epoch: 0036 | TRAIN: 3.4340 0.0331 | 0.0030 0.9994 | 3.4340 0.0385 | Time: 31.7013 | VAL: 3.4340 0.0326 | 10.8556 0.3258 | 3.4340 0.0336 | Time: 2.7751 | TEST: 3.4340 0.0325 | 9.7004 0.3115 | 3.4340 0.0389 | Time: 3.3526
Epoch: 0037 | TRAIN: 3.4340 0.0325 | 0.0010 1.0000 | 3.4340 0.0331 | Time: 32.0600 | VAL: 3.4340 0.0326 | 10.3749 0.3483 | 3.4340 0.0336 | Time: 2.8011 | TEST: 3.4340 0.0325 | 9.2128 0.2951 | 3.4340 0.0389 | Time: 3.3313
Epoch: 0038 | TRAIN: 3.4340 0.0331 | 0.0006 1.0000 | 3.4340 0.0355 | Time: 31.7295 | VAL: 3.4340 0.0326 | 9.7032 0.3708 | 3.4340 0.0336 | Time: 2.7590 | TEST: 3.4340 0.0325 | 8.5927 0.3033 | 3.4340 0.0389 | Time: 3.2918
Epoch: 0039 | TRAIN: 3.4340 0.0325 | 0.0004 1.0000 | 3.4340 0.0331 | Time: 31.6537 | VAL: 3.4340 0.0326 | 10.6974 0.3258 | 3.4340 0.0336 | Time: 2.9396 | TEST: 3.4340 0.0325 | 9.4013 0.3115 | 3.4340 0.0389 | Time: 3.4185
Epoch: 0040 | TRAIN: 3.4340 0.0331 | 0.0003 1.0000 | 3.4340 0.0367 | Time: 31.7504 | VAL: 3.4340 0.0326 | 9.7588 0.3371 | 3.4340 0.0336 | Time: 2.7742 | TEST: 3.4340 0.0325 | 8.5171 0.3361 | 3.4340 0.0389 | Time: 3.2472
Epoch: 0041 | TRAIN: 3.4340 0.0325 | 0.0006 1.0000 | 3.4340 0.0373 | Time: 31.9308 | VAL: 3.4340 0.0326 | 9.8107 0.3708 | 3.4340 0.0336 | Time: 2.7738 | TEST: 3.4340 0.0325 | 8.5550 0.3197 | 3.4340 0.0389 | Time: 3.4244
Epoch: 0042 | TRAIN: 3.4340 0.0331 | 0.0004 1.0000 | 3.4340 0.0379 | Time: 31.6142 | VAL: 3.4340 0.0326 | 10.6312 0.3596 | 3.4340 0.0336 | Time: 2.9221 | TEST: 3.4340 0.0325 | 9.2796 0.3197 | 3.4340 0.0389 | Time: 3.3377
Epoch: 0043 | TRAIN: 3.4340 0.0325 | 0.0004 1.0000 | 3.4340 0.0343 | Time: 31.8373 | VAL: 3.4340 0.0326 | 10.9640 0.3146 | 3.4340 0.0336 | Time: 2.9162 | TEST: 3.4340 0.0325 | 9.6553 0.3115 | 3.4340 0.0389 | Time: 3.2865
Epoch: 0044 | TRAIN: 3.4340 0.0319 | 0.0002 1.0000 | 3.4340 0.0391 | Time: 31.7215 | VAL: 3.4340 0.0326 | 10.7960 0.3146 | 3.4340 0.0336 | Time: 2.7749 | TEST: 3.4340 0.0325 | 9.4717 0.3115 | 3.4340 0.0389 | Time: 3.3788
Epoch: 0045 | TRAIN: 3.4340 0.0325 | 0.0002 1.0000 | 3.4340 0.0373 | Time: 31.9244 | VAL: 3.4340 0.0326 | 10.5547 0.3371 | 3.4340 0.0336 | Time: 2.7944 | TEST: 3.4340 0.0325 | 9.2774 0.3197 | 3.4340 0.0389 | Time: 3.3126
Epoch: 0046 | TRAIN: 3.4340 0.0325 | 0.0009 1.0000 | 3.4340 0.0385 | Time: 32.0219 | VAL: 3.4340 0.0326 | 11.2184 0.3146 | 3.4340 0.0336 | Time: 2.8398 | TEST: 3.4340 0.0325 | 9.8238 0.3197 | 3.4340 0.0389 | Time: 3.2540
Epoch: 0047 | TRAIN: 3.4340 0.0331 | 0.0016 0.9994 | 3.4340 0.0373 | Time: 31.9988 | VAL: 3.4340 0.0326 | 11.2313 0.3146 | 3.4340 0.0336 | Time: 2.8339 | TEST: 3.4340 0.0325 | 9.5349 0.3033 | 3.4340 0.0389 | Time: 3.4793
Epoch: 0048 | TRAIN: 3.4340 0.0331 | 0.0163 0.9946 | 3.4340 0.0361 | Time: 31.8826 | VAL: 3.4340 0.0326 | 10.0203 0.3258 | 3.4340 0.0336 | Time: 2.7731 | TEST: 3.4340 0.0325 | 8.1529 0.3033 | 3.4340 0.0389 | Time: 3.3444
Epoch: 0049 | TRAIN: 3.4340 0.0331 | 0.0249 0.9946 | 3.4340 0.0355 | Time: 32.4355 | VAL: 3.4340 0.0326 | 9.1767 0.3596 | 3.4340 0.0336 | Time: 2.8842 | TEST: 3.4340 0.0325 | 8.3666 0.3443 | 3.4340 0.0389 | Time: 3.3044
Epoch: 0050 | TRAIN: 3.4340 0.0331 | 0.0317 0.9874 | 3.4340 0.0373 | Time: 31.9837 | VAL: 3.4340 0.0326 | 10.3848 0.3258 | 3.4340 0.0336 | Time: 2.6992 | TEST: 3.4340 0.0325 | 9.3024 0.4016 | 3.4340 0.0389 | Time: 3.2923
Epoch: 0051 | TRAIN: 3.4340 0.0331 | 0.1431 0.9621 | 3.4340 0.0367 | Time: 32.4215 | VAL: 3.4340 0.0326 | 12.2828 0.2247 | 3.4340 0.0336 | Time: 2.7971 | TEST: 3.4340 0.0325 | 11.0480 0.2459 | 3.4340 0.0389 | Time: 3.2598
Epoch: 0052 | TRAIN: 3.4340 0.0325 | 0.2546 0.9297 | 3.4340 0.0367 | Time: 31.8601 | VAL: 3.4340 0.0326 | 15.3912 0.2472 | 3.4340 0.0336 | Time: 2.7528 | TEST: 3.4340 0.0325 | 13.2026 0.2623 | 3.4340 0.0389 | Time: 3.2742
Epoch: 0053 | TRAIN: 3.4340 0.0325 | 0.1944 0.9435 | 3.4340 0.0343 | Time: 31.7942 | VAL: 3.4340 0.0326 | 10.6416 0.2921 | 3.4340 0.0336 | Time: 2.8120 | TEST: 3.4340 0.0325 | 9.8321 0.3197 | 3.4340 0.0389 | Time: 3.3183
Epoch: 0054 | TRAIN: 3.4340 0.0325 | 0.0774 0.9730 | 3.4340 0.0385 | Time: 31.8208 | VAL: 3.4340 0.0326 | 11.5723 0.2921 | 3.4340 0.0336 | Time: 2.7417 | TEST: 3.4340 0.0325 | 10.7694 0.3115 | 3.4340 0.0389 | Time: 3.2139
Epoch: 0055 | TRAIN: 3.4340 0.0325 | 0.0607 0.9808 | 3.4340 0.0361 | Time: 31.4330 | VAL: 3.4340 0.0326 | 11.5664 0.2584 | 3.4340 0.0336 | Time: 2.9091 | TEST: 3.4340 0.0325 | 9.7932 0.2951 | 3.4340 0.0389 | Time: 3.3749
Epoch: 0056 | TRAIN: 3.4340 0.0331 | 0.0476 0.9856 | 3.4340 0.0391 | Time: 32.1094 | VAL: 3.4340 0.0326 | 8.4968 0.3933 | 3.4340 0.0336 | Time: 2.7929 | TEST: 3.4340 0.0325 | 7.1025 0.4590 | 3.4340 0.0389 | Time: 3.3230
Epoch: 0057 | TRAIN: 3.4340 0.0331 | 0.0333 0.9874 | 3.4340 0.0349 | Time: 31.7365 | VAL: 3.4340 0.0326 | 12.9873 0.2584 | 3.4340 0.0336 | Time: 2.8384 | TEST: 3.4340 0.0325 | 11.5568 0.2705 | 3.4340 0.0389 | Time: 3.4072
Epoch: 0058 | TRAIN: 3.4340 0.0325 | 0.0093 0.9976 | 3.4340 0.0355 | Time: 31.6633 | VAL: 3.4340 0.0326 | 10.7856 0.3371 | 3.4340 0.0336 | Time: 2.7716 | TEST: 3.4340 0.0325 | 8.5128 0.3934 | 3.4340 0.0389 | Time: 3.3140
Epoch: 0059 | TRAIN: 3.4340 0.0331 | 0.0118 0.9958 | 3.4340 0.0373 | Time: 31.5236 | VAL: 3.4340 0.0326 | 9.3039 0.3483 | 3.4340 0.0336 | Time: 2.7337 | TEST: 3.4340 0.0325 | 8.6846 0.3852 | 3.4340 0.0389 | Time: 3.2737
Epoch: 0060 | TRAIN: 3.4340 0.0331 | 0.0146 0.9958 | 3.4340 0.0367 | Time: 31.5466 | VAL: 3.4340 0.0326 | 11.6120 0.2921 | 3.4340 0.0336 | Time: 2.7237 | TEST: 3.4340 0.0325 | 10.2718 0.3279 | 3.4340 0.0389 | Time: 3.3552
Epoch: 0061 | TRAIN: 3.4340 0.0325 | 0.0120 0.9964 | 3.4340 0.0349 | Time: 31.7968 | VAL: 3.4340 0.0326 | 13.6072 0.2809 | 3.4340 0.0336 | Time: 2.6529 | TEST: 3.4340 0.0325 | 12.8218 0.3033 | 3.4340 0.0389 | Time: 3.2122
Epoch: 0062 | TRAIN: 3.4340 0.0319 | 0.0070 0.9970 | 3.4340 0.0385 | Time: 31.5911 | VAL: 3.4340 0.0326 | 10.7122 0.3483 | 3.4340 0.0336 | Time: 2.9104 | TEST: 3.4340 0.0325 | 9.3557 0.3525 | 3.4340 0.0389 | Time: 3.2841
Epoch: 0063 | TRAIN: 3.4340 0.0325 | 0.0095 0.9964 | 3.4340 0.0361 | Time: 32.2049 | VAL: 3.4340 0.0326 | 10.0274 0.3708 | 3.4340 0.0336 | Time: 2.7384 | TEST: 3.4340 0.0325 | 8.5569 0.3443 | 3.4340 0.0389 | Time: 3.3739
Epoch: 0064 | TRAIN: 3.4340 0.0331 | 0.0059 0.9982 | 3.4340 0.0367 | Time: 31.5135 | VAL: 3.4340 0.0326 | 11.2584 0.3146 | 3.4340 0.0336 | Time: 2.7803 | TEST: 3.4340 0.0325 | 10.0201 0.3197 | 3.4340 0.0389 | Time: 3.2705
Epoch: 0065 | TRAIN: 3.4340 0.0331 | 0.0137 0.9946 | 3.4340 0.0373 | Time: 31.5917 | VAL: 3.4340 0.0326 | 11.7806 0.3483 | 3.4340 0.0336 | Time: 2.7563 | TEST: 3.4340 0.0325 | 10.0562 0.3279 | 3.4340 0.0389 | Time: 3.3354
Epoch: 0066 | TRAIN: 3.4340 0.0325 | 0.0184 0.9976 | 3.4340 0.0391 | Time: 31.1386 | VAL: 3.4340 0.0326 | 6.8312 0.4270 | 3.4340 0.0336 | Time: 2.7774 | TEST: 3.4340 0.0325 | 6.3550 0.4262 | 3.4340 0.0389 | Time: 3.3312
Epoch: 0067 | TRAIN: 3.4340 0.0325 | 0.0371 0.9886 | 3.4340 0.0355 | Time: 32.1539 | VAL: 3.4340 0.0326 | 11.3759 0.2472 | 3.4340 0.0336 | Time: 2.7177 | TEST: 3.4340 0.0325 | 9.9771 0.2459 | 3.4340 0.0389 | Time: 3.3751
Epoch: 0068 | TRAIN: 3.4340 0.0331 | 0.0352 0.9874 | 3.4340 0.0385 | Time: 31.6657 | VAL: 3.4340 0.0326 | 9.9362 0.3146 | 3.4340 0.0336 | Time: 2.8832 | TEST: 3.4340 0.0325 | 8.9952 0.2951 | 3.4340 0.0389 | Time: 3.4576
Epoch: 0069 | TRAIN: 3.4340 0.0325 | 0.0347 0.9868 | 3.4340 0.0355 | Time: 32.0753 | VAL: 3.4340 0.0326 | 15.5376 0.3596 | 3.4340 0.0336 | Time: 2.7498 | TEST: 3.4340 0.0325 | 14.0268 0.3443 | 3.4340 0.0389 | Time: 3.2217
Epoch: 0070 | TRAIN: 3.4340 0.0331 | 0.0163 0.9970 | 3.4340 0.0349 | Time: 32.1571 | VAL: 3.4340 0.0326 | 11.0845 0.2809 | 3.4340 0.0336 | Time: 2.6906 | TEST: 3.4340 0.0325 | 9.5937 0.3525 | 3.4340 0.0389 | Time: 3.3002
Epoch: 0071 | TRAIN: 3.4340 0.0325 | 0.0093 0.9964 | 3.4340 0.0385 | Time: 31.8266 | VAL: 3.4340 0.0326 | 12.7402 0.2360 | 3.4340 0.0336 | Time: 2.7546 | TEST: 3.4340 0.0325 | 11.8932 0.3279 | 3.4340 0.0389 | Time: 3.1890
Epoch: 0072 | TRAIN: 3.4340 0.0331 | 0.0024 0.9988 | 3.4340 0.0373 | Time: 32.0058 | VAL: 3.4340 0.0326 | 12.5166 0.2247 | 3.4340 0.0336 | Time: 2.7246 | TEST: 3.4340 0.0325 | 11.7102 0.3443 | 3.4340 0.0389 | Time: 3.2446
Epoch: 0073 | TRAIN: 3.4340 0.0325 | 0.0254 0.9940 | 3.4340 0.0343 | Time: 31.3593 | VAL: 3.4340 0.0326 | 10.7634 0.3483 | 3.4340 0.0336 | Time: 2.7307 | TEST: 3.4340 0.0325 | 10.0511 0.3525 | 3.4340 0.0389 | Time: 3.2048
Epoch: 0074 | TRAIN: 3.4340 0.0319 | 0.0282 0.9910 | 3.4340 0.0361 | Time: 31.3587 | VAL: 3.4340 0.0326 | 7.2425 0.4607 | 3.4340 0.0336 | Time: 2.8476 | TEST: 3.4340 0.0325 | 7.6618 0.4344 | 3.4340 0.0389 | Time: 3.3429
Epoch: 0075 | TRAIN: 3.4340 0.0331 | 0.0481 0.9862 | 3.4340 0.0367 | Time: 31.9207 | VAL: 3.4340 0.0326 | 10.7238 0.3820 | 3.4340 0.0336 | Time: 2.7628 | TEST: 3.4340 0.0325 | 12.0493 0.2951 | 3.4340 0.0389 | Time: 3.2381
Epoch: 0076 | TRAIN: 3.4340 0.0331 | 0.0320 0.9898 | 3.4340 0.0361 | Time: 31.6083 | VAL: 3.4340 0.0326 | 14.6052 0.2697 | 3.4340 0.0336 | Time: 2.7484 | TEST: 3.4340 0.0325 | 12.4777 0.2869 | 3.4340 0.0389 | Time: 3.3064
Epoch: 0077 | TRAIN: 3.4340 0.0325 | 0.0488 0.9880 | 3.4340 0.0367 | Time: 31.7200 | VAL: 3.4340 0.0326 | 14.1471 0.2472 | 3.4340 0.0336 | Time: 2.7588 | TEST: 3.4340 0.0325 | 13.5649 0.1885 | 3.4340 0.0389 | Time: 3.2925
Epoch: 0078 | TRAIN: 3.4340 0.0325 | 0.0425 0.9862 | 3.4340 0.0367 | Time: 32.0869 | VAL: 3.4340 0.0326 | 15.6192 0.1573 | 3.4340 0.0336 | Time: 2.7461 | TEST: 3.4340 0.0325 | 14.7209 0.1885 | 3.4340 0.0389 | Time: 3.3558
Epoch: 0079 | TRAIN: 3.4340 0.0331 | 0.0625 0.9826 | 3.4340 0.0355 | Time: 32.1370 | VAL: 3.4340 0.0326 | 17.6054 0.2247 | 3.4340 0.0336 | Time: 2.8272 | TEST: 3.4340 0.0325 | 17.6318 0.2459 | 3.4340 0.0389 | Time: 3.3959
Epoch: 0080 | TRAIN: 3.4340 0.0325 | 0.0799 0.9808 | 3.4340 0.0355 | Time: 31.5106 | VAL: 3.4340 0.0326 | 9.3761 0.3483 | 3.4340 0.0336 | Time: 2.7589 | TEST: 3.4340 0.0325 | 8.0569 0.3607 | 3.4340 0.0389 | Time: 3.2486
Epoch: 0081 | TRAIN: 3.4340 0.0331 | 0.0655 0.9796 | 3.4340 0.0373 | Time: 31.5028 | VAL: 3.4340 0.0326 | 15.8396 0.2697 | 3.4340 0.0336 | Time: 2.8078 | TEST: 3.4340 0.0325 | 13.9445 0.3033 | 3.4340 0.0389 | Time: 3.3590
Epoch: 0082 | TRAIN: 3.4340 0.0319 | 0.0273 0.9928 | 3.4340 0.0391 | Time: 31.8810 | VAL: 3.4340 0.0326 | 12.7580 0.3034 | 3.4340 0.0336 | Time: 2.8038 | TEST: 3.4340 0.0325 | 11.1207 0.3033 | 3.4340 0.0389 | Time: 3.3088
Epoch: 0083 | TRAIN: 3.4340 0.0325 | 0.0277 0.9916 | 3.4340 0.0367 | Time: 31.8537 | VAL: 3.4340 0.0326 | 11.2221 0.3146 | 3.4340 0.0336 | Time: 2.7233 | TEST: 3.4340 0.0325 | 10.3454 0.3279 | 3.4340 0.0389 | Time: 3.3531
Epoch: 0084 | TRAIN: 3.4340 0.0331 | 0.0130 0.9970 | 3.4340 0.0373 | Time: 31.8021 | VAL: 3.4340 0.0326 | 10.0847 0.3483 | 3.4340 0.0336 | Time: 2.6717 | TEST: 3.4340 0.0325 | 9.8291 0.3361 | 3.4340 0.0389 | Time: 3.2643
Epoch: 0085 | TRAIN: 3.4340 0.0331 | 0.0313 0.9898 | 3.4340 0.0367 | Time: 31.5242 | VAL: 3.4340 0.0326 | 9.7408 0.3483 | 3.4340 0.0336 | Time: 2.6897 | TEST: 3.4340 0.0325 | 8.9536 0.3197 | 3.4340 0.0389 | Time: 3.2912
Epoch: 0086 | TRAIN: 3.4340 0.0331 | 0.0154 0.9964 | 3.4340 0.0337 | Time: 31.4051 | VAL: 3.4340 0.0326 | 9.8168 0.3933 | 3.4340 0.0336 | Time: 2.7564 | TEST: 3.4340 0.0325 | 9.4684 0.3607 | 3.4340 0.0389 | Time: 3.3123
Epoch: 0087 | TRAIN: 3.4340 0.0331 | 0.0169 0.9958 | 3.4340 0.0373 | Time: 31.7517 | VAL: 3.4340 0.0326 | 10.9427 0.3708 | 3.4340 0.0336 | Time: 2.6977 | TEST: 3.4340 0.0325 | 10.8909 0.2869 | 3.4340 0.0389 | Time: 3.2655
Epoch: 0088 | TRAIN: 3.4340 0.0331 | 0.0050 0.9976 | 3.4340 0.0349 | Time: 31.4330 | VAL: 3.4340 0.0326 | 11.1567 0.3483 | 3.4340 0.0336 | Time: 2.7973 | TEST: 3.4340 0.0325 | 10.4058 0.2787 | 3.4340 0.0389 | Time: 3.2793
Epoch: 0089 | TRAIN: 3.4340 0.0325 | 0.0039 0.9982 | 3.4340 0.0373 | Time: 32.1847 | VAL: 3.4340 0.0326 | 11.0768 0.3483 | 3.4340 0.0336 | Time: 2.7573 | TEST: 3.4340 0.0325 | 10.3401 0.3361 | 3.4340 0.0389 | Time: 3.2993
Epoch: 0090 | TRAIN: 3.4340 0.0331 | 0.0091 0.9970 | 3.4340 0.0367 | Time: 31.5635 | VAL: 3.4340 0.0326 | 11.7311 0.4157 | 3.4340 0.0336 | Time: 2.7830 | TEST: 3.4340 0.0325 | 10.5977 0.3934 | 3.4340 0.0389 | Time: 3.2547
Epoch: 0091 | TRAIN: 3.4340 0.0325 | 0.0074 0.9964 | 3.4340 0.0367 | Time: 31.5137 | VAL: 3.4340 0.0326 | 13.3503 0.2809 | 3.4340 0.0336 | Time: 2.8273 | TEST: 3.4340 0.0325 | 12.7748 0.2623 | 3.4340 0.0389 | Time: 3.4977
Epoch: 0092 | TRAIN: 3.4340 0.0331 | 0.0169 0.9964 | 3.4340 0.0361 | Time: 31.5707 | VAL: 3.4340 0.0326 | 14.3137 0.3034 | 3.4340 0.0336 | Time: 2.7389 | TEST: 3.4340 0.0325 | 13.1560 0.2951 | 3.4340 0.0389 | Time: 3.2093
Epoch: 0093 | TRAIN: 3.4340 0.0331 | 0.0094 0.9982 | 3.4340 0.0367 | Time: 31.8733 | VAL: 3.4340 0.0326 | 12.7119 0.3146 | 3.4340 0.0336 | Time: 2.7820 | TEST: 3.4340 0.0325 | 11.5800 0.3607 | 3.4340 0.0389 | Time: 3.3635
Epoch: 0094 | TRAIN: 3.4340 0.0331 | 0.0049 0.9976 | 3.4340 0.0385 | Time: 31.8621 | VAL: 3.4340 0.0326 | 12.3435 0.3483 | 3.4340 0.0336 | Time: 2.7673 | TEST: 3.4340 0.0325 | 11.7878 0.3607 | 3.4340 0.0389 | Time: 3.3339
Epoch: 0095 | TRAIN: 3.4340 0.0331 | 0.0068 0.9988 | 3.4340 0.0373 | Time: 31.4349 | VAL: 3.4340 0.0326 | 12.0365 0.3708 | 3.4340 0.0336 | Time: 2.7935 | TEST: 3.4340 0.0325 | 10.7586 0.3607 | 3.4340 0.0389 | Time: 3.2366
Epoch: 0096 | TRAIN: 3.4340 0.0331 | 0.0034 0.9988 | 3.4340 0.0331 | Time: 31.5738 | VAL: 3.4340 0.0326 | 12.2690 0.3258 | 3.4340 0.0336 | Time: 2.7738 | TEST: 3.4340 0.0325 | 11.2844 0.3443 | 3.4340 0.0389 | Time: 3.2839
Epoch: 0097 | TRAIN: 3.4340 0.0325 | 0.0009 1.0000 | 3.4340 0.0373 | Time: 32.2377 | VAL: 3.4340 0.0326 | 11.3010 0.3258 | 3.4340 0.0336 | Time: 2.8157 | TEST: 3.4340 0.0325 | 10.7524 0.3443 | 3.4340 0.0389 | Time: 3.3086
Epoch: 0098 | TRAIN: 3.4340 0.0331 | 0.0010 0.9994 | 3.4340 0.0379 | Time: 32.0015 | VAL: 3.4340 0.0326 | 10.7182 0.3146 | 3.4340 0.0336 | Time: 2.6880 | TEST: 3.4340 0.0325 | 10.4231 0.3607 | 3.4340 0.0389 | Time: 3.0342
Epoch: 0099 | TRAIN: 3.4340 0.0325 | 0.0008 1.0000 | 3.4340 0.0361 | Time: 31.7156 | VAL: 3.4340 0.0326 | 11.9297 0.3146 | 3.4340 0.0336 | Time: 2.9310 | TEST: 3.4340 0.0325 | 10.9604 0.3525 | 3.4340 0.0389 | Time: 3.4296
========================================
Best Result: Epoch 74, result {'amazon': [0.03247863247863248], 'dslr': [0.4344262295081967], 'webcam': [0.03888888888888889]}
========================================
