Namespace(batch_size=64, beta_moco=0.1, gamma_moco=0.1, gamma_modo=0.01, lr=0.025, moo_method='MoDo', num_epochs=1000, rho_moco=0.0, rho_modo=0.0, seed=0)

==================================================
Model parameter count per layer
==================================================
fc1.weight 	: 401408
fc1.bias 	: 512
fc2.weight 	: 5120
fc2.bias 	: 10
Total number of parametrs : 407050
--------------------------------------------------

======================================================================
LOG FORMAT: Epoch: EPOCH | Train: LOSS1 LOSS2 LOSS3
======================================================================
Epoch:      0 | Train: 2.3186 0.0904 0.0131
Epoch:    100 | Train: 1.5095 0.0665 0.0107
Epoch:    200 | Train: 1.3 0.0578 0.0097
Epoch:    300 | Train: 1.1901 0.0523 0.009
Epoch:    400 | Train: 1.0513 0.0461 0.0082
Epoch:    500 | Train: 1.1751 0.0516 0.0089
Epoch:    600 | Train: 1.2088 0.0539 0.0093
Epoch:    700 | Train: 1.1148 0.0486 0.0085
Epoch:    800 | Train: 0.8785 0.0384 0.0073
Epoch:    900 | Train: 0.8284 0.0356 0.0067
Epoch:    999 | Train: 0.9245 0.0393 0.0072

======================================================================
PERF FORMAT: DATASET | Acuracy: ACC | Loss: LOSS1 LOSS2 LOSS3 | PS: PS
======================================================================
Train | Acuracy:  80.19% | Loss: 0.94493 0.04129 0.00752 | PS: 0.00495 
Val   | Acuracy:  79.52% | Loss: 0.9499 0.04149 0.00752 | PS: 0.00501 
Test  | Acuracy:  81.28% | Loss: 0.92171 0.04031 0.0074 | PS: 0.00502 
----------------------------------------------------------------------
Optimization error  : 0.00495
Population error    : 0.00502
Generalization error: 7e-05
