Namespace(batch_size=64, beta_moco=0.1, gamma_moco=0.1, gamma_modo=0.01, lr=0.5, moo_method='MoDo', num_epochs=1000, rho_moco=0.0, rho_modo=0.0, seed=4)

==================================================
Model parameter count per layer
==================================================
fc1.weight 	: 401408
fc1.bias 	: 512
fc2.weight 	: 5120
fc2.bias 	: 10
Total number of parametrs : 407050
--------------------------------------------------

======================================================================
LOG FORMAT: Epoch: EPOCH | Train: LOSS1 LOSS2 LOSS3
======================================================================
Epoch:      0 | Train: 2.389 0.0916 0.0132
Epoch:    100 | Train: 0.3697 0.0192 0.0029
Epoch:    200 | Train: 0.2638 0.012 0.0022
Epoch:    300 | Train: 0.2246 0.0083 0.0016
Epoch:    400 | Train: 0.3248 0.0126 0.0022
Epoch:    500 | Train: 0.4006 0.0152 0.0023
Epoch:    600 | Train: 0.2286 0.0118 0.002
Epoch:    700 | Train: 0.2782 0.0131 0.002
Epoch:    800 | Train: 0.2864 0.01 0.0018
Epoch:    900 | Train: 0.1464 0.0077 0.0016
Epoch:    999 | Train: 0.2974 0.0157 0.0025

======================================================================
PERF FORMAT: DATASET | Acuracy: ACC | Loss: LOSS1 LOSS2 LOSS3 | PS: PS
======================================================================
Train | Acuracy:  91.09% | Loss: 0.317 0.01356 0.00215 | PS: 0.00396 
Val   | Acuracy:  90.58% | Loss: 0.34314 0.01459 0.00227 | PS: 0.00378 
Test  | Acuracy:  91.22% | Loss: 0.32139 0.01352 0.00211 | PS: 0.00378 
----------------------------------------------------------------------
Optimization error  : 0.00396
Population error    : 0.00378
Generalization error: -0.00018
