Namespace(batch_size=64, beta_moco=0.1, gamma_moco=0.1, gamma_modo=0.01, lr=0.5, moo_method='MoDo', num_epochs=1000, rho_moco=0.0, rho_modo=0.0, seed=8)

==================================================
Model parameter count per layer
==================================================
fc1.weight 	: 401408
fc1.bias 	: 512
fc2.weight 	: 5120
fc2.bias 	: 10
Total number of parametrs : 407050
--------------------------------------------------

======================================================================
LOG FORMAT: Epoch: EPOCH | Train: LOSS1 LOSS2 LOSS3
======================================================================
Epoch:      0 | Train: 2.3867 0.0917 0.0132
Epoch:    100 | Train: 0.2324 0.0105 0.0021
Epoch:    200 | Train: 0.5441 0.0204 0.0031
Epoch:    300 | Train: 0.213 0.0093 0.0019
Epoch:    400 | Train: 0.766 0.0251 0.0037
Epoch:    500 | Train: 0.4019 0.0175 0.0026
Epoch:    600 | Train: 0.3017 0.0128 0.0021
Epoch:    700 | Train: 0.1867 0.0107 0.0016
Epoch:    800 | Train: 0.1892 0.0077 0.0012
Epoch:    900 | Train: 0.3783 0.0163 0.0026
Epoch:    999 | Train: 0.471 0.0173 0.0025

======================================================================
PERF FORMAT: DATASET | Acuracy: ACC | Loss: LOSS1 LOSS2 LOSS3 | PS: PS
======================================================================
Train | Acuracy:  91.94% | Loss: 0.29474 0.01236 0.00198 | PS: 0.00153 
Val   | Acuracy:  91.15% | Loss: 0.32657 0.01345 0.0021 | PS: 0.00154 
Test  | Acuracy:  91.97% | Loss: 0.2957 0.01227 0.00194 | PS: 0.00156 
----------------------------------------------------------------------
Optimization error  : 0.00153
Population error    : 0.00156
Generalization error: 3e-05
