Namespace(batch_size=64, beta_moco=0.1, gamma_moco=0.1, gamma_modo=0.01, lr=0.05, moo_method='MoDo', num_epochs=1000, rho_moco=0.0, rho_modo=0.0, seed=8)

==================================================
Model parameter count per layer
==================================================
fc1.weight 	: 401408
fc1.bias 	: 512
fc2.weight 	: 5120
fc2.bias 	: 10
Total number of parametrs : 407050
--------------------------------------------------

======================================================================
LOG FORMAT: Epoch: EPOCH | Train: LOSS1 LOSS2 LOSS3
======================================================================
Epoch:      0 | Train: 2.3867 0.0917 0.0132
Epoch:    100 | Train: 0.9112 0.0396 0.0074
Epoch:    200 | Train: 0.8317 0.0357 0.0066
Epoch:    300 | Train: 0.5321 0.0233 0.0049
Epoch:    400 | Train: 0.8055 0.0322 0.006
Epoch:    500 | Train: 0.6403 0.0274 0.0052
Epoch:    600 | Train: 0.4834 0.021 0.0042
Epoch:    700 | Train: 0.3519 0.0159 0.0031
Epoch:    800 | Train: 0.405 0.0174 0.0035
Epoch:    900 | Train: 0.5492 0.0244 0.0044
Epoch:    999 | Train: 0.5686 0.0228 0.0042

======================================================================
PERF FORMAT: DATASET | Acuracy: ACC | Loss: LOSS1 LOSS2 LOSS3 | PS: PS
======================================================================
Train | Acuracy:  88.35% | Loss: 0.44811 0.01937 0.00364 | PS: 0.00229 
Val   | Acuracy:  87.93% | Loss: 0.45956 0.01972 0.00367 | PS: 0.0023 
Test  | Acuracy:  88.74% | Loss: 0.43007 0.01847 0.0035 | PS: 0.00262 
----------------------------------------------------------------------
Optimization error  : 0.00229
Population error    : 0.00262
Generalization error: 0.00033
