Namespace(batch_size=64, beta_moco=0.1, gamma_moco=0.1, gamma_modo=0.01, lr=1.25, moo_method='MoDo', num_epochs=1000, rho_moco=0.0, rho_modo=0.0, seed=2)

==================================================
Model parameter count per layer
==================================================
fc1.weight 	: 401408
fc1.bias 	: 512
fc2.weight 	: 5120
fc2.bias 	: 10
Total number of parametrs : 407050
--------------------------------------------------

======================================================================
LOG FORMAT: Epoch: EPOCH | Train: LOSS1 LOSS2 LOSS3
======================================================================
Epoch:      0 | Train: 2.2467 0.0888 0.0129
Epoch:    100 | Train: 0.4034 0.0197 0.0035
Epoch:    200 | Train: 0.402 0.0173 0.0028
Epoch:    300 | Train: 0.4717 0.0179 0.0028
Epoch:    400 | Train: 0.5451 0.0222 0.0032
Epoch:    500 | Train: 0.4455 0.0183 0.0028
Epoch:    600 | Train: 0.3783 0.0163 0.0025
Epoch:    700 | Train: 0.3073 0.0154 0.0024
Epoch:    800 | Train: 0.4721 0.0155 0.0021
Epoch:    900 | Train: 0.3853 0.0126 0.0018
Epoch:    999 | Train: 0.2941 0.012 0.002

======================================================================
PERF FORMAT: DATASET | Acuracy: ACC | Loss: LOSS1 LOSS2 LOSS3 | PS: PS
======================================================================
Train | Acuracy:  91.62% | Loss: 0.31694 0.01303 0.00209 | PS: 0.00326 
Val   | Acuracy:  90.79% | Loss: 0.33731 0.01388 0.00216 | PS: 0.00334 
Test  | Acuracy:  91.41% | Loss: 0.31889 0.01307 0.00206 | PS: 0.00347 
----------------------------------------------------------------------
Optimization error  : 0.00326
Population error    : 0.00347
Generalization error: 0.00021
