Namespace(batch_size=64, beta_moco=0.1, gamma_moco=0.1, gamma_modo=0.01, lr=0.5, moo_method='MoDo', num_epochs=1000, rho_moco=0.0, rho_modo=0.0, seed=6)

==================================================
Model parameter count per layer
==================================================
fc1.weight 	: 401408
fc1.bias 	: 512
fc2.weight 	: 5120
fc2.bias 	: 10
Total number of parametrs : 407050
--------------------------------------------------

======================================================================
LOG FORMAT: Epoch: EPOCH | Train: LOSS1 LOSS2 LOSS3
======================================================================
Epoch:      0 | Train: 2.3515 0.091 0.0131
Epoch:    100 | Train: 0.5515 0.0222 0.0034
Epoch:    200 | Train: 0.1919 0.0078 0.0017
Epoch:    300 | Train: 0.3842 0.0196 0.0031
Epoch:    400 | Train: 0.5211 0.0189 0.0027
Epoch:    500 | Train: 0.279 0.0121 0.0021
Epoch:    600 | Train: 0.2852 0.0125 0.0021
Epoch:    700 | Train: 0.3343 0.0156 0.0024
Epoch:    800 | Train: 0.156 0.0083 0.0016
Epoch:    900 | Train: 0.5563 0.0207 0.0028
Epoch:    999 | Train: 0.6396 0.0255 0.0037

======================================================================
PERF FORMAT: DATASET | Acuracy: ACC | Loss: LOSS1 LOSS2 LOSS3 | PS: PS
======================================================================
Train | Acuracy:  91.85% | Loss: 0.29841 0.01254 0.00205 | PS: 0.0022 
Val   | Acuracy:  90.99% | Loss: 0.31101 0.01329 0.00215 | PS: 0.0022 
Test  | Acuracy:  92.05% | Loss: 0.29476 0.01235 0.00201 | PS: 0.00251 
----------------------------------------------------------------------
Optimization error  : 0.0022
Population error    : 0.00251
Generalization error: 0.00031
