Namespace(batch_size=64, beta_moco=0.1, gamma_moco=0.1, gamma_modo=0.01, lr=0.001, moo_method='MoDo', num_epochs=1000, rho_moco=0.0, rho_modo=0.0, seed=6)

==================================================
Model parameter count per layer
==================================================
fc1.weight 	: 401408
fc1.bias 	: 512
fc2.weight 	: 5120
fc2.bias 	: 10
Total number of parametrs : 407050
--------------------------------------------------

======================================================================
LOG FORMAT: Epoch: EPOCH | Train: LOSS1 LOSS2 LOSS3
======================================================================
Epoch:      0 | Train: 2.3515 0.091 0.0131
Epoch:    100 | Train: 2.3529 0.091 0.0131
Epoch:    200 | Train: 2.26 0.0892 0.0129
Epoch:    300 | Train: 2.3013 0.09 0.013
Epoch:    400 | Train: 2.2722 0.0893 0.013
Epoch:    500 | Train: 2.2797 0.0896 0.013
Epoch:    600 | Train: 2.2875 0.0896 0.013
Epoch:    700 | Train: 2.2764 0.0894 0.013
Epoch:    800 | Train: 2.2993 0.0899 0.013
Epoch:    900 | Train: 2.2455 0.0888 0.0129
Epoch:    999 | Train: 2.2819 0.0894 0.013

======================================================================
PERF FORMAT: DATASET | Acuracy: ACC | Loss: LOSS1 LOSS2 LOSS3 | PS: PS
======================================================================
Train | Acuracy:  16.84% | Loss: 2.28079 0.08952 0.01299 | PS: 0.00331 
Val   | Acuracy:  17.12% | Loss: 2.28231 0.08955 0.01299 | PS: 0.00329 
Test  | Acuracy:  16.90% | Loss: 2.28171 0.08953 0.01299 | PS: 0.00338 
----------------------------------------------------------------------
Optimization error  : 0.00331
Population error    : 0.00338
Generalization error: 7e-05
