Namespace(batch_size=64, beta_moco=0.1, gamma_moco=0.1, gamma_modo=0.01, lr=0.001, moo_method='MoDo', num_epochs=1000, rho_moco=0.0, rho_modo=0.0, seed=1)

==================================================
Model parameter count per layer
==================================================
fc1.weight 	: 401408
fc1.bias 	: 512
fc2.weight 	: 5120
fc2.bias 	: 10
Total number of parametrs : 407050
--------------------------------------------------

======================================================================
LOG FORMAT: Epoch: EPOCH | Train: LOSS1 LOSS2 LOSS3
======================================================================
Epoch:      0 | Train: 2.3314 0.0906 0.0131
Epoch:    100 | Train: 2.2707 0.0894 0.013
Epoch:    200 | Train: 2.3055 0.09 0.013
Epoch:    300 | Train: 2.2781 0.0895 0.013
Epoch:    400 | Train: 2.3051 0.0901 0.013
Epoch:    500 | Train: 2.2879 0.0897 0.013
Epoch:    600 | Train: 2.2739 0.0895 0.013
Epoch:    700 | Train: 2.2748 0.0894 0.013
Epoch:    800 | Train: 2.297 0.0898 0.013
Epoch:    900 | Train: 2.2501 0.089 0.0129
Epoch:    999 | Train: 2.2942 0.0899 0.013

======================================================================
PERF FORMAT: DATASET | Acuracy: ACC | Loss: LOSS1 LOSS2 LOSS3 | PS: PS
======================================================================
Train | Acuracy:  11.06% | Loss: 2.28734 0.08973 0.01301 | PS: 0.00331 
Val   | Acuracy:  10.97% | Loss: 2.28939 0.08978 0.01301 | PS: 0.00334 
Test  | Acuracy:  10.91% | Loss: 2.28813 0.08976 0.01301 | PS: 0.00343 
----------------------------------------------------------------------
Optimization error  : 0.00331
Population error    : 0.00343
Generalization error: 0.00012
