Namespace(batch_size=64, beta_moco=0.1, gamma_moco=0.1, gamma_modo=0.01, lr=0.005, moo_method='MoDo', num_epochs=1000, rho_moco=0.0, rho_modo=0.0, seed=5)

==================================================
Model parameter count per layer
==================================================
fc1.weight 	: 401408
fc1.bias 	: 512
fc2.weight 	: 5120
fc2.bias 	: 10
Total number of parametrs : 407050
--------------------------------------------------

======================================================================
LOG FORMAT: Epoch: EPOCH | Train: LOSS1 LOSS2 LOSS3
======================================================================
Epoch:      0 | Train: 2.2981 0.09 0.013
Epoch:    100 | Train: 2.1557 0.0868 0.0127
Epoch:    200 | Train: 2.0956 0.0852 0.0126
Epoch:    300 | Train: 2.0644 0.0846 0.0125
Epoch:    400 | Train: 2.0309 0.0837 0.0124
Epoch:    500 | Train: 2.0195 0.0831 0.0124
Epoch:    600 | Train: 2.0232 0.0833 0.0124
Epoch:    700 | Train: 1.9442 0.081 0.0122
Epoch:    800 | Train: 1.9968 0.0826 0.0123
Epoch:    900 | Train: 1.9674 0.0814 0.0122
Epoch:    999 | Train: 1.9092 0.0798 0.012

======================================================================
PERF FORMAT: DATASET | Acuracy: ACC | Loss: LOSS1 LOSS2 LOSS3 | PS: PS
======================================================================
Train | Acuracy:  54.79% | Loss: 1.94526 0.08096 0.01214 | PS: 0.00429 
Val   | Acuracy:  54.51% | Loss: 1.94808 0.08104 0.01215 | PS: 0.00424 
Test  | Acuracy:  55.53% | Loss: 1.94155 0.08089 0.01214 | PS: 0.00435 
----------------------------------------------------------------------
Optimization error  : 0.00429
Population error    : 0.00435
Generalization error: 6e-05
