Namespace(batch_size=64, beta_moco=0.1, gamma_moco=0.1, gamma_modo=0.01, lr=1.25, moo_method='MoDo', num_epochs=1000, rho_moco=0.0, rho_modo=0.0, seed=6)

==================================================
Model parameter count per layer
==================================================
fc1.weight 	: 401408
fc1.bias 	: 512
fc2.weight 	: 5120
fc2.bias 	: 10
Total number of parametrs : 407050
--------------------------------------------------

======================================================================
LOG FORMAT: Epoch: EPOCH | Train: LOSS1 LOSS2 LOSS3
======================================================================
Epoch:      0 | Train: 2.3515 0.091 0.0131
Epoch:    100 | Train: 0.5463 0.0218 0.0032
Epoch:    200 | Train: 0.1897 0.0077 0.0016
Epoch:    300 | Train: 0.3807 0.0195 0.003
Epoch:    400 | Train: 0.5317 0.0186 0.0026
Epoch:    500 | Train: 0.2826 0.0124 0.0021
Epoch:    600 | Train: 0.2779 0.0117 0.002
Epoch:    700 | Train: 0.3352 0.0152 0.0024
Epoch:    800 | Train: 0.1407 0.0073 0.0014
Epoch:    900 | Train: 0.5888 0.0207 0.0028
Epoch:    999 | Train: 0.6589 0.0257 0.0036

======================================================================
PERF FORMAT: DATASET | Acuracy: ACC | Loss: LOSS1 LOSS2 LOSS3 | PS: PS
======================================================================
Train | Acuracy:  92.01% | Loss: 0.30335 0.01241 0.00199 | PS: 0.00249 
Val   | Acuracy:  91.07% | Loss: 0.3151 0.01323 0.0021 | PS: 0.00246 
Test  | Acuracy:  92.09% | Loss: 0.29917 0.01231 0.00196 | PS: 0.00277 
----------------------------------------------------------------------
Optimization error  : 0.00249
Population error    : 0.00277
Generalization error: 0.00028
