Namespace(batch_size=64, beta_moco=0.1, gamma_moco=0.1, gamma_modo=0.01, lr=0.01, moo_method='MoDo', num_epochs=1000, rho_moco=0.0, rho_modo=0.0, seed=2)

==================================================
Model parameter count per layer
==================================================
fc1.weight 	: 401408
fc1.bias 	: 512
fc2.weight 	: 5120
fc2.bias 	: 10
Total number of parametrs : 407050
--------------------------------------------------

======================================================================
LOG FORMAT: Epoch: EPOCH | Train: LOSS1 LOSS2 LOSS3
======================================================================
Epoch:      0 | Train: 2.2467 0.0888 0.0129
Epoch:    100 | Train: 1.9434 0.0813 0.0122
Epoch:    200 | Train: 1.8258 0.0777 0.0118
Epoch:    300 | Train: 1.8003 0.0764 0.0117
Epoch:    400 | Train: 1.8337 0.077 0.0117
Epoch:    500 | Train: 1.7188 0.0728 0.0113
Epoch:    600 | Train: 1.6902 0.0727 0.0113
Epoch:    700 | Train: 1.7048 0.0731 0.0114
Epoch:    800 | Train: 1.6472 0.0704 0.0111
Epoch:    900 | Train: 1.6198 0.0698 0.011
Epoch:    999 | Train: 1.5682 0.0675 0.0107

======================================================================
PERF FORMAT: DATASET | Acuracy: ACC | Loss: LOSS1 LOSS2 LOSS3 | PS: PS
======================================================================
Train | Acuracy:  67.69% | Loss: 1.60193 0.0688 0.01087 | PS: 0.00509 
Val   | Acuracy:  67.48% | Loss: 1.60942 0.06915 0.01092 | PS: 0.00494 
Test  | Acuracy:  68.12% | Loss: 1.595 0.06859 0.01086 | PS: 0.00514 
----------------------------------------------------------------------
Optimization error  : 0.00509
Population error    : 0.00514
Generalization error: 5e-05
