Namespace(batch_size=64, beta_moco=0.1, gamma_moco=0.1, gamma_modo=0.01, lr=0.1, moo_method='MoDo', num_epochs=1000, rho_moco=0.0, rho_modo=0.0, seed=7)

==================================================
Model parameter count per layer
==================================================
fc1.weight 	: 401408
fc1.bias 	: 512
fc2.weight 	: 5120
fc2.bias 	: 10
Total number of parametrs : 407050
--------------------------------------------------

======================================================================
LOG FORMAT: Epoch: EPOCH | Train: LOSS1 LOSS2 LOSS3
======================================================================
Epoch:      0 | Train: 2.3284 0.0905 0.0131
Epoch:    100 | Train: 0.5893 0.0246 0.0051
Epoch:    200 | Train: 0.5603 0.0232 0.0041
Epoch:    300 | Train: 0.5693 0.023 0.0037
Epoch:    400 | Train: 0.6918 0.0266 0.0042
Epoch:    500 | Train: 0.1296 0.0045 0.0013
Epoch:    600 | Train: 0.2404 0.0101 0.0022
Epoch:    700 | Train: 0.3263 0.0139 0.0024
Epoch:    800 | Train: 0.3891 0.0194 0.0029
Epoch:    900 | Train: 0.2058 0.0093 0.0017
Epoch:    999 | Train: 0.3932 0.0189 0.0033

======================================================================
PERF FORMAT: DATASET | Acuracy: ACC | Loss: LOSS1 LOSS2 LOSS3 | PS: PS
======================================================================
Train | Acuracy:  90.41% | Loss: 0.33784 0.01468 0.00248 | PS: 0.00183 
Val   | Acuracy:  90.55% | Loss: 0.33852 0.01457 0.00248 | PS: 0.00212 
Test  | Acuracy:  90.81% | Loss: 0.32521 0.01401 0.00239 | PS: 0.0024 
----------------------------------------------------------------------
Optimization error  : 0.00183
Population error    : 0.0024
Generalization error: 0.00057
