Namespace(batch_size=64, beta_moco=0.1, gamma_moco=0.1, gamma_modo=0.01, lr=0.75, moo_method='MoDo', num_epochs=1000, rho_moco=0.0, rho_modo=0.0, seed=6)

==================================================
Model parameter count per layer
==================================================
fc1.weight 	: 401408
fc1.bias 	: 512
fc2.weight 	: 5120
fc2.bias 	: 10
Total number of parametrs : 407050
--------------------------------------------------

======================================================================
LOG FORMAT: Epoch: EPOCH | Train: LOSS1 LOSS2 LOSS3
======================================================================
Epoch:      0 | Train: 2.3515 0.091 0.0131
Epoch:    100 | Train: 0.5661 0.0222 0.0033
Epoch:    200 | Train: 0.1871 0.0078 0.0016
Epoch:    300 | Train: 0.3773 0.0192 0.003
Epoch:    400 | Train: 0.5066 0.018 0.0026
Epoch:    500 | Train: 0.2765 0.0123 0.0021
Epoch:    600 | Train: 0.2745 0.0119 0.002
Epoch:    700 | Train: 0.331 0.0155 0.0024
Epoch:    800 | Train: 0.154 0.0082 0.0016
Epoch:    900 | Train: 0.5655 0.0207 0.0028
Epoch:    999 | Train: 0.6502 0.0255 0.0036

======================================================================
PERF FORMAT: DATASET | Acuracy: ACC | Loss: LOSS1 LOSS2 LOSS3 | PS: PS
======================================================================
Train | Acuracy:  91.93% | Loss: 0.29828 0.01244 0.00202 | PS: 0.00239 
Val   | Acuracy:  91.11% | Loss: 0.31174 0.01323 0.00212 | PS: 0.00236 
Test  | Acuracy:  92.06% | Loss: 0.29568 0.01231 0.00199 | PS: 0.00269 
----------------------------------------------------------------------
Optimization error  : 0.00239
Population error    : 0.00269
Generalization error: 0.0003
