Namespace(batch_size=64, beta_moco=0.1, gamma_moco=0.1, gamma_modo=0.01, lr=0.05, moo_method='MoDo', num_epochs=1000, rho_moco=0.0, rho_modo=0.0, seed=3)

==================================================
Model parameter count per layer
==================================================
fc1.weight 	: 401408
fc1.bias 	: 512
fc2.weight 	: 5120
fc2.bias 	: 10
Total number of parametrs : 407050
--------------------------------------------------

======================================================================
LOG FORMAT: Epoch: EPOCH | Train: LOSS1 LOSS2 LOSS3
======================================================================
Epoch:      0 | Train: 2.363 0.0911 0.0132
Epoch:    100 | Train: 1.0274 0.0453 0.0082
Epoch:    200 | Train: 0.8948 0.0375 0.0067
Epoch:    300 | Train: 0.5911 0.0266 0.0052
Epoch:    400 | Train: 0.5421 0.0244 0.0046
Epoch:    500 | Train: 0.6209 0.0257 0.0048
Epoch:    600 | Train: 0.5255 0.0233 0.0047
Epoch:    700 | Train: 0.4858 0.022 0.0042
Epoch:    800 | Train: 0.5643 0.0239 0.0043
Epoch:    900 | Train: 0.4763 0.0205 0.0036
Epoch:    999 | Train: 0.4192 0.0191 0.0034

======================================================================
PERF FORMAT: DATASET | Acuracy: ACC | Loss: LOSS1 LOSS2 LOSS3 | PS: PS
======================================================================
Train | Acuracy:  88.56% | Loss: 0.44268 0.01908 0.00358 | PS: 0.00231 
Val   | Acuracy:  87.87% | Loss: 0.45216 0.01958 0.00364 | PS: 0.00242 
Test  | Acuracy:  89.14% | Loss: 0.42313 0.01817 0.00344 | PS: 0.00263 
----------------------------------------------------------------------
Optimization error  : 0.00231
Population error    : 0.00263
Generalization error: 0.00032
