Namespace(batch_size=64, beta_moco=0.1, gamma_moco=0.1, gamma_modo=0.01, lr=0.075, moo_method='MoDo', num_epochs=1000, rho_moco=0.0, rho_modo=0.0, seed=6)

==================================================
Model parameter count per layer
==================================================
fc1.weight 	: 401408
fc1.bias 	: 512
fc2.weight 	: 5120
fc2.bias 	: 10
Total number of parametrs : 407050
--------------------------------------------------

======================================================================
LOG FORMAT: Epoch: EPOCH | Train: LOSS1 LOSS2 LOSS3
======================================================================
Epoch:      0 | Train: 2.3515 0.091 0.0131
Epoch:    100 | Train: 0.7157 0.0306 0.0059
Epoch:    200 | Train: 0.4889 0.0216 0.0043
Epoch:    300 | Train: 0.5362 0.0262 0.0049
Epoch:    400 | Train: 0.6405 0.0229 0.0037
Epoch:    500 | Train: 0.4564 0.0192 0.0036
Epoch:    600 | Train: 0.4544 0.0195 0.0033
Epoch:    700 | Train: 0.3896 0.0177 0.0029
Epoch:    800 | Train: 0.2269 0.0104 0.002
Epoch:    900 | Train: 0.5716 0.0231 0.0036
Epoch:    999 | Train: 0.6892 0.0307 0.0047

======================================================================
PERF FORMAT: DATASET | Acuracy: ACC | Loss: LOSS1 LOSS2 LOSS3 | PS: PS
======================================================================
Train | Acuracy:  89.75% | Loss: 0.37039 0.01596 0.00284 | PS: 0.00164 
Val   | Acuracy:  89.63% | Loss: 0.37368 0.01621 0.00288 | PS: 0.00174 
Test  | Acuracy:  90.45% | Loss: 0.35323 0.01517 0.00272 | PS: 0.00196 
----------------------------------------------------------------------
Optimization error  : 0.00164
Population error    : 0.00196
Generalization error: 0.00031
