Namespace(batch_size=64, beta_moco=0.1, gamma_moco=0.1, gamma_modo=0.01, lr=0.5, moo_method='MoDo', num_epochs=1000, rho_moco=0.0, rho_modo=0.0, seed=0)

==================================================
Model parameter count per layer
==================================================
fc1.weight 	: 401408
fc1.bias 	: 512
fc2.weight 	: 5120
fc2.bias 	: 10
Total number of parametrs : 407050
--------------------------------------------------

======================================================================
LOG FORMAT: Epoch: EPOCH | Train: LOSS1 LOSS2 LOSS3
======================================================================
Epoch:      0 | Train: 2.3186 0.0904 0.0131
Epoch:    100 | Train: 0.4085 0.0164 0.0029
Epoch:    200 | Train: 0.432 0.0236 0.0036
Epoch:    300 | Train: 0.3588 0.0162 0.0024
Epoch:    400 | Train: 0.3768 0.017 0.0024
Epoch:    500 | Train: 0.3785 0.0191 0.003
Epoch:    600 | Train: 0.4065 0.0169 0.0026
Epoch:    700 | Train: 0.3795 0.0192 0.0029
Epoch:    800 | Train: 0.1412 0.0066 0.0013
Epoch:    900 | Train: 0.1941 0.0099 0.0017
Epoch:    999 | Train: 0.4453 0.015 0.002

======================================================================
PERF FORMAT: DATASET | Acuracy: ACC | Loss: LOSS1 LOSS2 LOSS3 | PS: PS
======================================================================
Train | Acuracy:  91.78% | Loss: 0.29884 0.0126 0.00203 | PS: 0.00151 
Val   | Acuracy:  91.38% | Loss: 0.31529 0.01339 0.0021 | PS: 0.00159 
Test  | Acuracy:  91.93% | Loss: 0.29795 0.01253 0.002 | PS: 0.00193 
----------------------------------------------------------------------
Optimization error  : 0.00151
Population error    : 0.00193
Generalization error: 0.00042
