Namespace(batch_size=64, beta_moco=0.1, gamma_moco=0.1, gamma_modo=0.01, lr=0.001, moo_method='MoDo', num_epochs=1000, rho_moco=0.0, rho_modo=0.0, seed=5)

==================================================
Model parameter count per layer
==================================================
fc1.weight 	: 401408
fc1.bias 	: 512
fc2.weight 	: 5120
fc2.bias 	: 10
Total number of parametrs : 407050
--------------------------------------------------

======================================================================
LOG FORMAT: Epoch: EPOCH | Train: LOSS1 LOSS2 LOSS3
======================================================================
Epoch:      0 | Train: 2.2981 0.09 0.013
Epoch:    100 | Train: 2.325 0.0906 0.0131
Epoch:    200 | Train: 2.2769 0.0895 0.013
Epoch:    300 | Train: 2.255 0.0891 0.013
Epoch:    400 | Train: 2.2464 0.0889 0.0129
Epoch:    500 | Train: 2.2836 0.0896 0.013
Epoch:    600 | Train: 2.2445 0.0888 0.0129
Epoch:    700 | Train: 2.254 0.0892 0.013
Epoch:    800 | Train: 2.2486 0.0889 0.0129
Epoch:    900 | Train: 2.2502 0.0889 0.0129
Epoch:    999 | Train: 2.1985 0.0878 0.0128

======================================================================
PERF FORMAT: DATASET | Acuracy: ACC | Loss: LOSS1 LOSS2 LOSS3 | PS: PS
======================================================================
Train | Acuracy:  17.33% | Loss: 2.23821 0.0887 0.01291 | PS: 0.00344 
Val   | Acuracy:  17.26% | Loss: 2.23879 0.08871 0.01291 | PS: 0.00344 
Test  | Acuracy:  17.13% | Loss: 2.23994 0.08875 0.01292 | PS: 0.00356 
----------------------------------------------------------------------
Optimization error  : 0.00344
Population error    : 0.00356
Generalization error: 0.00011
