Namespace(batch_size=64, beta_moco=0.1, gamma_moco=0.1, gamma_modo=0.01, lr=0.075, moo_method='MoDo', num_epochs=1000, rho_moco=0.0, rho_modo=0.0, seed=3)

==================================================
Model parameter count per layer
==================================================
fc1.weight 	: 401408
fc1.bias 	: 512
fc2.weight 	: 5120
fc2.bias 	: 10
Total number of parametrs : 407050
--------------------------------------------------

======================================================================
LOG FORMAT: Epoch: EPOCH | Train: LOSS1 LOSS2 LOSS3
======================================================================
Epoch:      0 | Train: 2.363 0.0911 0.0132
Epoch:    100 | Train: 0.7975 0.0348 0.0067
Epoch:    200 | Train: 0.7364 0.0308 0.0054
Epoch:    300 | Train: 0.4323 0.0205 0.0039
Epoch:    400 | Train: 0.4064 0.0195 0.0036
Epoch:    500 | Train: 0.5102 0.0207 0.0037
Epoch:    600 | Train: 0.3845 0.0169 0.0034
Epoch:    700 | Train: 0.3783 0.0182 0.0033
Epoch:    800 | Train: 0.512 0.022 0.0036
Epoch:    900 | Train: 0.3868 0.0162 0.0027
Epoch:    999 | Train: 0.3441 0.0161 0.0027

======================================================================
PERF FORMAT: DATASET | Acuracy: ACC | Loss: LOSS1 LOSS2 LOSS3 | PS: PS
======================================================================
Train | Acuracy:  89.94% | Loss: 0.36835 0.01588 0.00281 | PS: 0.00193 
Val   | Acuracy:  89.16% | Loss: 0.38195 0.01656 0.0029 | PS: 0.00204 
Test  | Acuracy:  90.26% | Loss: 0.3527 0.01515 0.00271 | PS: 0.00233 
----------------------------------------------------------------------
Optimization error  : 0.00193
Population error    : 0.00233
Generalization error: 0.0004
