Namespace(batch_size=64, beta_moco=0.1, gamma_moco=0.1, gamma_modo=0.01, lr=0.075, moo_method='MoDo', num_epochs=1000, rho_moco=0.0, rho_modo=0.0, seed=7)

==================================================
Model parameter count per layer
==================================================
fc1.weight 	: 401408
fc1.bias 	: 512
fc2.weight 	: 5120
fc2.bias 	: 10
Total number of parametrs : 407050
--------------------------------------------------

======================================================================
LOG FORMAT: Epoch: EPOCH | Train: LOSS1 LOSS2 LOSS3
======================================================================
Epoch:      0 | Train: 2.3284 0.0905 0.0131
Epoch:    100 | Train: 0.7204 0.0308 0.0062
Epoch:    200 | Train: 0.6297 0.0261 0.0049
Epoch:    300 | Train: 0.6139 0.025 0.0042
Epoch:    400 | Train: 0.6921 0.0282 0.0046
Epoch:    500 | Train: 0.1629 0.0057 0.0016
Epoch:    600 | Train: 0.2936 0.0123 0.0026
Epoch:    700 | Train: 0.3532 0.015 0.0027
Epoch:    800 | Train: 0.4137 0.0201 0.0031
Epoch:    900 | Train: 0.2282 0.01 0.0019
Epoch:    999 | Train: 0.4215 0.0199 0.0035

======================================================================
PERF FORMAT: DATASET | Acuracy: ACC | Loss: LOSS1 LOSS2 LOSS3 | PS: PS
======================================================================
Train | Acuracy:  89.90% | Loss: 0.36035 0.01565 0.00273 | PS: 0.00167 
Val   | Acuracy:  90.11% | Loss: 0.35854 0.01546 0.00271 | PS: 0.00196 
Test  | Acuracy:  90.33% | Loss: 0.34403 0.01481 0.00261 | PS: 0.00219 
----------------------------------------------------------------------
Optimization error  : 0.00167
Population error    : 0.00219
Generalization error: 0.00052
