Namespace(batch_size=64, beta_moco=0.1, gamma_moco=0.1, gamma_modo=0.01, lr=0.75, moo_method='MoDo', num_epochs=1000, rho_moco=0.0, rho_modo=0.0, seed=9)

==================================================
Model parameter count per layer
==================================================
fc1.weight 	: 401408
fc1.bias 	: 512
fc2.weight 	: 5120
fc2.bias 	: 10
Total number of parametrs : 407050
--------------------------------------------------

======================================================================
LOG FORMAT: Epoch: EPOCH | Train: LOSS1 LOSS2 LOSS3
======================================================================
Epoch:      0 | Train: 2.3852 0.0916 0.0132
Epoch:    100 | Train: 0.302 0.0124 0.0022
Epoch:    200 | Train: 0.4018 0.016 0.0024
Epoch:    300 | Train: 0.2367 0.0087 0.0017
Epoch:    400 | Train: 0.4129 0.0146 0.0022
Epoch:    500 | Train: 0.1972 0.0088 0.0017
Epoch:    600 | Train: 0.3911 0.0138 0.0024
Epoch:    700 | Train: 0.3165 0.0143 0.0021
Epoch:    800 | Train: 0.3464 0.0161 0.0026
Epoch:    900 | Train: 0.2095 0.0107 0.0017
Epoch:    999 | Train: 0.636 0.0169 0.0025

======================================================================
PERF FORMAT: DATASET | Acuracy: ACC | Loss: LOSS1 LOSS2 LOSS3 | PS: PS
======================================================================
Train | Acuracy:  92.04% | Loss: 0.29344 0.0122 0.00196 | PS: 0.00111 
Val   | Acuracy:  91.51% | Loss: 0.30987 0.01286 0.00202 | PS: 0.00118 
Test  | Acuracy:  91.98% | Loss: 0.29407 0.01227 0.00194 | PS: 0.00139 
----------------------------------------------------------------------
Optimization error  : 0.00111
Population error    : 0.00139
Generalization error: 0.00028
