Namespace(batch_size=64, beta_moco=0.1, gamma_moco=0.1, gamma_modo=0.01, lr=1.25, moo_method='MoDo', num_epochs=1000, rho_moco=0.0, rho_modo=0.0, seed=4)

==================================================
Model parameter count per layer
==================================================
fc1.weight 	: 401408
fc1.bias 	: 512
fc2.weight 	: 5120
fc2.bias 	: 10
Total number of parametrs : 407050
--------------------------------------------------

======================================================================
LOG FORMAT: Epoch: EPOCH | Train: LOSS1 LOSS2 LOSS3
======================================================================
Epoch:      0 | Train: 2.389 0.0916 0.0132
Epoch:    100 | Train: 0.3696 0.019 0.003
Epoch:    200 | Train: 0.2553 0.0113 0.0023
Epoch:    300 | Train: 0.2128 0.0078 0.0016
Epoch:    400 | Train: 0.3092 0.0114 0.0021
Epoch:    500 | Train: 0.4231 0.0152 0.0024
Epoch:    600 | Train: 0.2358 0.0114 0.0019
Epoch:    700 | Train: 0.3047 0.0136 0.002
Epoch:    800 | Train: 0.2973 0.01 0.0017
Epoch:    900 | Train: 0.161 0.009 0.0017
Epoch:    999 | Train: 0.2911 0.0159 0.0025

======================================================================
PERF FORMAT: DATASET | Acuracy: ACC | Loss: LOSS1 LOSS2 LOSS3 | PS: PS
======================================================================
Train | Acuracy:  91.10% | Loss: 0.3297 0.01356 0.00213 | PS: 0.00425 
Val   | Acuracy:  90.41% | Loss: 0.34982 0.01454 0.00224 | PS: 0.00399 
Test  | Acuracy:  91.15% | Loss: 0.3288 0.01345 0.00208 | PS: 0.00408 
----------------------------------------------------------------------
Optimization error  : 0.00425
Population error    : 0.00408
Generalization error: -0.00018
