Namespace(batch_size=64, beta_moco=0.1, gamma_moco=0.1, gamma_modo=0.01, lr=1.25, moo_method='MoDo', num_epochs=1000, rho_moco=0.0, rho_modo=0.0, seed=8)

==================================================
Model parameter count per layer
==================================================
fc1.weight 	: 401408
fc1.bias 	: 512
fc2.weight 	: 5120
fc2.bias 	: 10
Total number of parametrs : 407050
--------------------------------------------------

======================================================================
LOG FORMAT: Epoch: EPOCH | Train: LOSS1 LOSS2 LOSS3
======================================================================
Epoch:      0 | Train: 2.3867 0.0917 0.0132
Epoch:    100 | Train: 0.2382 0.0107 0.0021
Epoch:    200 | Train: 0.5605 0.0208 0.0031
Epoch:    300 | Train: 0.2049 0.009 0.0018
Epoch:    400 | Train: 0.745 0.0239 0.0035
Epoch:    500 | Train: 0.4147 0.018 0.0027
Epoch:    600 | Train: 0.3022 0.0126 0.002
Epoch:    700 | Train: 0.1762 0.0102 0.0016
Epoch:    800 | Train: 0.1887 0.0076 0.0012
Epoch:    900 | Train: 0.3738 0.0161 0.0025
Epoch:    999 | Train: 0.4799 0.0173 0.0025

======================================================================
PERF FORMAT: DATASET | Acuracy: ACC | Loss: LOSS1 LOSS2 LOSS3 | PS: PS
======================================================================
Train | Acuracy:  92.04% | Loss: 0.30001 0.0122 0.00193 | PS: 0.00128 
Val   | Acuracy:  91.25% | Loss: 0.33193 0.01334 0.00205 | PS: 0.0013 
Test  | Acuracy:  92.11% | Loss: 0.29856 0.01212 0.00189 | PS: 0.00141 
----------------------------------------------------------------------
Optimization error  : 0.00128
Population error    : 0.00141
Generalization error: 0.00013
