Namespace(batch_size=64, beta_moco=0.1, gamma_moco=0.1, gamma_modo=0.01, lr=1.0, moo_method='MoDo', num_epochs=1000, rho_moco=0.0, rho_modo=0.0, seed=3)

==================================================
Model parameter count per layer
==================================================
fc1.weight 	: 401408
fc1.bias 	: 512
fc2.weight 	: 5120
fc2.bias 	: 10
Total number of parametrs : 407050
--------------------------------------------------

======================================================================
LOG FORMAT: Epoch: EPOCH | Train: LOSS1 LOSS2 LOSS3
======================================================================
Epoch:      0 | Train: 2.363 0.0911 0.0132
Epoch:    100 | Train: 0.4571 0.0203 0.0034
Epoch:    200 | Train: 0.4655 0.0187 0.0031
Epoch:    300 | Train: 0.192 0.0098 0.002
Epoch:    400 | Train: 0.2176 0.0122 0.002
Epoch:    500 | Train: 0.3714 0.0149 0.0022
Epoch:    600 | Train: 0.2296 0.01 0.0019
Epoch:    700 | Train: 0.2955 0.0154 0.0024
Epoch:    800 | Train: 0.5276 0.0207 0.0027
Epoch:    900 | Train: 0.2728 0.0088 0.0016
Epoch:    999 | Train: 0.1826 0.009 0.0016

======================================================================
PERF FORMAT: DATASET | Acuracy: ACC | Loss: LOSS1 LOSS2 LOSS3 | PS: PS
======================================================================
Train | Acuracy:  91.78% | Loss: 0.30652 0.01269 0.00201 | PS: 0.0028 
Val   | Acuracy:  90.94% | Loss: 0.33646 0.01393 0.00215 | PS: 0.0029 
Test  | Acuracy:  91.67% | Loss: 0.30577 0.01266 0.00199 | PS: 0.00287 
----------------------------------------------------------------------
Optimization error  : 0.0028
Population error    : 0.00287
Generalization error: 8e-05
