Namespace(batch_size=64, beta_moco=0.1, gamma_moco=0.1, gamma_modo=0.01, lr=0.005, moo_method='MoDo', num_epochs=1000, rho_moco=0.0, rho_modo=0.0, seed=6)

==================================================
Model parameter count per layer
==================================================
fc1.weight 	: 401408
fc1.bias 	: 512
fc2.weight 	: 5120
fc2.bias 	: 10
Total number of parametrs : 407050
--------------------------------------------------

======================================================================
LOG FORMAT: Epoch: EPOCH | Train: LOSS1 LOSS2 LOSS3
======================================================================
Epoch:      0 | Train: 2.3515 0.091 0.0131
Epoch:    100 | Train: 2.1777 0.0873 0.0128
Epoch:    200 | Train: 2.0457 0.0841 0.0125
Epoch:    300 | Train: 2.1019 0.0854 0.0126
Epoch:    400 | Train: 2.0489 0.0837 0.0124
Epoch:    500 | Train: 2.0529 0.0843 0.0125
Epoch:    600 | Train: 2.0264 0.083 0.0123
Epoch:    700 | Train: 2.0203 0.0831 0.0124
Epoch:    800 | Train: 2.0121 0.0828 0.0123
Epoch:    900 | Train: 1.9783 0.082 0.0122
Epoch:    999 | Train: 2.0208 0.0827 0.0123

======================================================================
PERF FORMAT: DATASET | Acuracy: ACC | Loss: LOSS1 LOSS2 LOSS3 | PS: PS
======================================================================
Train | Acuracy:  49.47% | Loss: 1.99267 0.08216 0.01226 | PS: 0.0042 
Val   | Acuracy:  49.03% | Loss: 1.99584 0.08227 0.01227 | PS: 0.00413 
Test  | Acuracy:  49.79% | Loss: 1.98845 0.08208 0.01225 | PS: 0.00424 
----------------------------------------------------------------------
Optimization error  : 0.0042
Population error    : 0.00424
Generalization error: 4e-05
