Namespace(batch_size=64, beta_moco=0.1, gamma_moco=0.1, gamma_modo=0.01, lr=0.001, moo_method='MoDo', num_epochs=1000, rho_moco=0.0, rho_modo=0.0, seed=0)

==================================================
Model parameter count per layer
==================================================
fc1.weight 	: 401408
fc1.bias 	: 512
fc2.weight 	: 5120
fc2.bias 	: 10
Total number of parametrs : 407050
--------------------------------------------------

======================================================================
LOG FORMAT: Epoch: EPOCH | Train: LOSS1 LOSS2 LOSS3
======================================================================
Epoch:      0 | Train: 2.3186 0.0904 0.0131
Epoch:    100 | Train: 2.2728 0.0895 0.013
Epoch:    200 | Train: 2.2661 0.0893 0.013
Epoch:    300 | Train: 2.2496 0.089 0.0129
Epoch:    400 | Train: 2.2418 0.0888 0.0129
Epoch:    500 | Train: 2.2935 0.0898 0.013
Epoch:    600 | Train: 2.277 0.0896 0.013
Epoch:    700 | Train: 2.2767 0.0895 0.013
Epoch:    800 | Train: 2.2184 0.0883 0.0129
Epoch:    900 | Train: 2.2485 0.089 0.0129
Epoch:    999 | Train: 2.2564 0.0891 0.0129

======================================================================
PERF FORMAT: DATASET | Acuracy: ACC | Loss: LOSS1 LOSS2 LOSS3 | PS: PS
======================================================================
Train | Acuracy:  16.58% | Loss: 2.25564 0.08907 0.01294 | PS: 0.00333 
Val   | Acuracy:  16.35% | Loss: 2.25651 0.08908 0.01294 | PS: 0.00345 
Test  | Acuracy:  16.36% | Loss: 2.2555 0.08907 0.01294 | PS: 0.00342 
----------------------------------------------------------------------
Optimization error  : 0.00333
Population error    : 0.00342
Generalization error: 9e-05
