Namespace(batch_size=64, beta_moco=0.1, gamma_moco=0.1, gamma_modo=0.01, lr=1.25, moo_method='MoDo', num_epochs=1000, rho_moco=0.0, rho_modo=0.0, seed=1)

==================================================
Model parameter count per layer
==================================================
fc1.weight 	: 401408
fc1.bias 	: 512
fc2.weight 	: 5120
fc2.bias 	: 10
Total number of parametrs : 407050
--------------------------------------------------

======================================================================
LOG FORMAT: Epoch: EPOCH | Train: LOSS1 LOSS2 LOSS3
======================================================================
Epoch:      0 | Train: 2.3314 0.0906 0.0131
Epoch:    100 | Train: 0.4831 0.0199 0.0032
Epoch:    200 | Train: 0.4101 0.0136 0.0023
Epoch:    300 | Train: 0.3292 0.0182 0.0028
Epoch:    400 | Train: 0.2574 0.0139 0.0024
Epoch:    500 | Train: 0.3229 0.016 0.0024
Epoch:    600 | Train: 0.5399 0.0289 0.0038
Epoch:    700 | Train: 0.2735 0.0126 0.0018
Epoch:    800 | Train: 0.3017 0.0133 0.0021
Epoch:    900 | Train: 0.166 0.008 0.0014
Epoch:    999 | Train: 0.1371 0.0067 0.0013

======================================================================
PERF FORMAT: DATASET | Acuracy: ACC | Loss: LOSS1 LOSS2 LOSS3 | PS: PS
======================================================================
Train | Acuracy:  91.83% | Loss: 0.30416 0.01254 0.00197 | PS: 0.00214 
Val   | Acuracy:  91.47% | Loss: 0.31572 0.01314 0.00205 | PS: 0.00201 
Test  | Acuracy:  91.88% | Loss: 0.30571 0.01256 0.00195 | PS: 0.00228 
----------------------------------------------------------------------
Optimization error  : 0.00214
Population error    : 0.00228
Generalization error: 0.00014
