Namespace(batch_size=64, beta_moco=0.1, gamma_moco=0.1, gamma_modo=0.01, lr=1.0, moo_method='MoDo', num_epochs=1000, rho_moco=0.0, rho_modo=0.0, seed=0)

==================================================
Model parameter count per layer
==================================================
fc1.weight 	: 401408
fc1.bias 	: 512
fc2.weight 	: 5120
fc2.bias 	: 10
Total number of parametrs : 407050
--------------------------------------------------

======================================================================
LOG FORMAT: Epoch: EPOCH | Train: LOSS1 LOSS2 LOSS3
======================================================================
Epoch:      0 | Train: 2.3186 0.0904 0.0131
Epoch:    100 | Train: 0.409 0.0166 0.0029
Epoch:    200 | Train: 0.4269 0.0233 0.0036
Epoch:    300 | Train: 0.3704 0.0164 0.0025
Epoch:    400 | Train: 0.3722 0.0165 0.0024
Epoch:    500 | Train: 0.3775 0.0188 0.0029
Epoch:    600 | Train: 0.4088 0.0168 0.0026
Epoch:    700 | Train: 0.4033 0.0201 0.003
Epoch:    800 | Train: 0.1393 0.0064 0.0013
Epoch:    900 | Train: 0.2005 0.0103 0.0017
Epoch:    999 | Train: 0.4708 0.0149 0.0019

======================================================================
PERF FORMAT: DATASET | Acuracy: ACC | Loss: LOSS1 LOSS2 LOSS3 | PS: PS
======================================================================
Train | Acuracy:  91.90% | Loss: 0.30156 0.01239 0.00198 | PS: 0.00125 
Val   | Acuracy:  91.49% | Loss: 0.31708 0.01318 0.00205 | PS: 0.00133 
Test  | Acuracy:  92.00% | Loss: 0.2998 0.01232 0.00195 | PS: 0.00171 
----------------------------------------------------------------------
Optimization error  : 0.00125
Population error    : 0.00171
Generalization error: 0.00047
