Namespace(batch_size=64, beta_moco=0.1, gamma_moco=0.1, gamma_modo=0.1, lr=0.1, moo_method='EW', num_epochs=1000, rho_moco=0.1, rho_modo=0.1, seed=8)

==================================================
Model parameter count per layer
==================================================
fc1.weight 	: 401408
fc1.bias 	: 512
fc2.weight 	: 5120
fc2.bias 	: 10
Total number of parametrs : 407050
--------------------------------------------------

======================================================================
LOG FORMAT: Epoch: EPOCH | Train: LOSS1 LOSS2 LOSS3
======================================================================
Epoch:      0 | Train: 2.3661 0.1811 0.9435
Epoch:    100 | Train: 0.5976 0.0588 0.1257
Epoch:    200 | Train: 0.4854 0.0533 0.07
Epoch:    300 | Train: 0.2745 0.0354 0.0287
Epoch:    400 | Train: 0.5379 0.0457 0.0917
Epoch:    500 | Train: 0.3809 0.041 0.0571
Epoch:    600 | Train: 0.2929 0.0331 0.0388
Epoch:    700 | Train: 0.154 0.0203 0.0124
Epoch:    800 | Train: 0.5059 0.0348 0.1122
Epoch:    900 | Train: 0.34 0.0315 0.0553
Epoch:    999 | Train: 0.2889 0.0331 0.0336

======================================================================
PERF FORMAT: DATASET | Acuracy: ACC | Loss: LOSS1 LOSS2 LOSS3 | PS: PS
======================================================================
Train | Acuracy:  90.90% | Loss: 0.31036 0.0305 0.05178 | PS: 0.0254 
Val   | Acuracy:  90.48% | Loss: 0.33822 0.03144 0.06072 | PS: 0.02522 
Test  | Acuracy:  91.39% | Loss: 0.30483 0.02955 0.05202 | PS: 0.02583 
----------------------------------------------------------------------
Optimization error  : 0.0254
Population error    : 0.02583
Generalization error: 0.00043
