Namespace(batch_size=64, beta_moco=0.1, gamma_moco=0.1, gamma_modo=0.1, lr=0.1, moo_method='EW', num_epochs=1000, rho_moco=0.1, rho_modo=0.1, seed=7)

==================================================
Model parameter count per layer
==================================================
fc1.weight 	: 401408
fc1.bias 	: 512
fc2.weight 	: 5120
fc2.bias 	: 10
Total number of parametrs : 407050
--------------------------------------------------

======================================================================
LOG FORMAT: Epoch: EPOCH | Train: LOSS1 LOSS2 LOSS3
======================================================================
Epoch:      0 | Train: 2.3424 0.1801 0.9117
Epoch:    100 | Train: 0.5304 0.0586 0.0846
Epoch:    200 | Train: 0.216 0.031 0.0206
Epoch:    300 | Train: 0.2559 0.0317 0.0263
Epoch:    400 | Train: 0.5806 0.0478 0.1286
Epoch:    500 | Train: 0.184 0.0268 0.0164
Epoch:    600 | Train: 0.426 0.0454 0.0575
Epoch:    700 | Train: 0.2592 0.0263 0.031
Epoch:    800 | Train: 0.5551 0.0391 0.1273
Epoch:    900 | Train: 0.228 0.0299 0.0163
Epoch:    999 | Train: 0.5726 0.0348 0.1433

======================================================================
PERF FORMAT: DATASET | Acuracy: ACC | Loss: LOSS1 LOSS2 LOSS3 | PS: PS
======================================================================
Train | Acuracy:  90.90% | Loss: 0.31528 0.03108 0.0532 | PS: 0.03141 
Val   | Acuracy:  90.91% | Loss: 0.31887 0.03106 0.05451 | PS: 0.03201 
Test  | Acuracy:  91.21% | Loss: 0.30645 0.03001 0.05259 | PS: 0.03086 
----------------------------------------------------------------------
Optimization error  : 0.03141
Population error    : 0.03086
Generalization error: -0.00055
