Namespace(batch_size=64, beta_moco=0.1, gamma_moco=0.1, gamma_modo=0.1, lr=0.1, moo_method='EW', num_epochs=1000, rho_moco=0.1, rho_modo=0.1, seed=5)

==================================================
Model parameter count per layer
==================================================
fc1.weight 	: 401408
fc1.bias 	: 512
fc2.weight 	: 5120
fc2.bias 	: 10
Total number of parametrs : 407050
--------------------------------------------------

======================================================================
LOG FORMAT: Epoch: EPOCH | Train: LOSS1 LOSS2 LOSS3
======================================================================
Epoch:      0 | Train: 2.2779 0.1792 0.8557
Epoch:    100 | Train: 0.4201 0.06 0.0265
Epoch:    200 | Train: 0.3295 0.0376 0.038
Epoch:    300 | Train: 0.3606 0.0412 0.062
Epoch:    400 | Train: 0.358 0.0397 0.0478
Epoch:    500 | Train: 0.2261 0.031 0.0237
Epoch:    600 | Train: 0.2261 0.0307 0.0233
Epoch:    700 | Train: 0.4359 0.0421 0.0677
Epoch:    800 | Train: 0.2591 0.03 0.034
Epoch:    900 | Train: 0.3046 0.0362 0.0445
Epoch:    999 | Train: 0.3867 0.0302 0.0782

======================================================================
PERF FORMAT: DATASET | Acuracy: ACC | Loss: LOSS1 LOSS2 LOSS3 | PS: PS
======================================================================
Train | Acuracy:  91.44% | Loss: 0.30607 0.03057 0.0507 | PS: 0.01763 
Val   | Acuracy:  90.45% | Loss: 0.33507 0.03199 0.05865 | PS: 0.01828 
Test  | Acuracy:  91.60% | Loss: 0.30421 0.02975 0.05198 | PS: 0.02255 
----------------------------------------------------------------------
Optimization error  : 0.01763
Population error    : 0.02255
Generalization error: 0.00492
