Namespace(batch_size=64, beta_moco=0.1, gamma_moco=0.1, gamma_modo=0.1, lr=0.1, moo_method='EW', num_epochs=1000, rho_moco=0.1, rho_modo=0.1, seed=3)

==================================================
Model parameter count per layer
==================================================
fc1.weight 	: 401408
fc1.bias 	: 512
fc2.weight 	: 5120
fc2.bias 	: 10
Total number of parametrs : 407050
--------------------------------------------------

======================================================================
LOG FORMAT: Epoch: EPOCH | Train: LOSS1 LOSS2 LOSS3
======================================================================
Epoch:      0 | Train: 2.3914 0.181 0.9599
Epoch:    100 | Train: 0.4273 0.0563 0.0347
Epoch:    200 | Train: 0.434 0.0492 0.0607
Epoch:    300 | Train: 0.4991 0.0465 0.0921
Epoch:    400 | Train: 0.3243 0.0352 0.054
Epoch:    500 | Train: 0.2917 0.0381 0.0271
Epoch:    600 | Train: 0.2611 0.0267 0.053
Epoch:    700 | Train: 0.3172 0.0316 0.0473
Epoch:    800 | Train: 0.2492 0.0274 0.0321
Epoch:    900 | Train: 0.2069 0.0216 0.0198
Epoch:    999 | Train: 0.342 0.0289 0.0976

======================================================================
PERF FORMAT: DATASET | Acuracy: ACC | Loss: LOSS1 LOSS2 LOSS3 | PS: PS
======================================================================
Train | Acuracy:  90.68% | Loss: 0.31628 0.03092 0.05358 | PS: 0.03202 
Val   | Acuracy:  90.05% | Loss: 0.33666 0.03214 0.05819 | PS: 0.0312 
Test  | Acuracy:  91.16% | Loss: 0.30795 0.02978 0.0525 | PS: 0.02993 
----------------------------------------------------------------------
Optimization error  : 0.03202
Population error    : 0.02993
Generalization error: -0.00209
