Namespace(batch_size=64, beta_moco=0.1, gamma_moco=0.1, gamma_modo=0.1, lr=1.0, moo_method='MGDA', num_epochs=1000, rho_moco=0.1, rho_modo=0.1, seed=1)

==================================================
Model parameter count per layer
==================================================
fc1.weight 	: 401408
fc1.bias 	: 512
fc2.weight 	: 5120
fc2.bias 	: 10
Total number of parametrs : 407050
--------------------------------------------------

======================================================================
LOG FORMAT: Epoch: EPOCH | Train: LOSS1 LOSS2 LOSS3
======================================================================
Epoch:      0 | Train: 2.3398 0.1804 0.9146
Epoch:    100 | Train: 0.6934 0.0509 0.189
Epoch:    200 | Train: 0.6045 0.0396 0.1112
Epoch:    300 | Train: 0.3549 0.0258 0.069
Epoch:    400 | Train: 0.1735 0.018 0.024
Epoch:    500 | Train: 0.5865 0.0172 0.1835
Epoch:    600 | Train: 0.5604 0.0284 0.1404
Epoch:    700 | Train: 0.3768 0.0229 0.0698
Epoch:    800 | Train: 0.0806 0.0091 0.0092
Epoch:    900 | Train: 0.121 0.0132 0.0166
Epoch:    999 | Train: 0.5754 0.0182 0.1985

======================================================================
PERF FORMAT: DATASET | Acuracy: ACC | Loss: LOSS1 LOSS2 LOSS3 | PS: PS
======================================================================
Train | Acuracy:  91.09% | Loss: 0.50743 0.02017 0.12124 | PS: 0.01206 
Val   | Acuracy:  90.55% | Loss: 0.50687 0.02103 0.11573 | PS: 0.01226 
Test  | Acuracy:  91.32% | Loss: 0.47804 0.01962 0.11511 | PS: 0.01418 
----------------------------------------------------------------------
Optimization error  : 0.01206
Population error    : 0.01418
Generalization error: 0.00212
