Namespace(batch_size=64, beta_moco=0.1, gamma_moco=0.1, gamma_modo=0.1, lr=1.0, moo_method='MGDA', num_epochs=1000, rho_moco=0.1, rho_modo=0.1, seed=4)

==================================================
Model parameter count per layer
==================================================
fc1.weight 	: 401408
fc1.bias 	: 512
fc2.weight 	: 5120
fc2.bias 	: 10
Total number of parametrs : 407050
--------------------------------------------------

======================================================================
LOG FORMAT: Epoch: EPOCH | Train: LOSS1 LOSS2 LOSS3
======================================================================
Epoch:      0 | Train: 2.3279 0.18 0.9058
Epoch:    100 | Train: 0.6105 0.0403 0.1687
Epoch:    200 | Train: 0.8826 0.0459 0.2265
Epoch:    300 | Train: 0.7031 0.0397 0.1797
Epoch:    400 | Train: 0.2801 0.0241 0.0567
Epoch:    500 | Train: 0.9113 0.0389 0.2815
Epoch:    600 | Train: 0.046 0.0078 0.0029
Epoch:    700 | Train: 0.3559 0.0187 0.0624
Epoch:    800 | Train: 0.2872 0.0124 0.0703
Epoch:    900 | Train: 0.3687 0.021 0.0709
Epoch:    999 | Train: 0.3589 0.0222 0.0586

======================================================================
PERF FORMAT: DATASET | Acuracy: ACC | Loss: LOSS1 LOSS2 LOSS3 | PS: PS
======================================================================
Train | Acuracy:  91.07% | Loss: 0.50163 0.0205 0.12281 | PS: 0.01917 
Val   | Acuracy:  90.18% | Loss: 0.52805 0.0221 0.12464 | PS: 0.01919 
Test  | Acuracy:  91.25% | Loss: 0.47906 0.02008 0.11611 | PS: 0.01885 
----------------------------------------------------------------------
Optimization error  : 0.01917
Population error    : 0.01885
Generalization error: -0.00032
