Namespace(batch_size=64, beta_moco=0.1, gamma_moco=0.1, gamma_modo=0.1, lr=1.0, moo_method='MGDA', num_epochs=1000, rho_moco=0.1, rho_modo=0.1, seed=3)

==================================================
Model parameter count per layer
==================================================
fc1.weight 	: 401408
fc1.bias 	: 512
fc2.weight 	: 5120
fc2.bias 	: 10
Total number of parametrs : 407050
--------------------------------------------------

======================================================================
LOG FORMAT: Epoch: EPOCH | Train: LOSS1 LOSS2 LOSS3
======================================================================
Epoch:      0 | Train: 2.3914 0.181 0.9599
Epoch:    100 | Train: 0.753 0.0531 0.1945
Epoch:    200 | Train: 0.5578 0.0412 0.0958
Epoch:    300 | Train: 0.6783 0.0336 0.1853
Epoch:    400 | Train: 0.3148 0.0245 0.0659
Epoch:    500 | Train: 0.2765 0.0239 0.0379
Epoch:    600 | Train: 0.3755 0.0178 0.1046
Epoch:    700 | Train: 0.5044 0.0208 0.1097
Epoch:    800 | Train: 0.3764 0.024 0.0827
Epoch:    900 | Train: 0.3178 0.0134 0.0489
Epoch:    999 | Train: 0.5945 0.021 0.2004

======================================================================
PERF FORMAT: DATASET | Acuracy: ACC | Loss: LOSS1 LOSS2 LOSS3 | PS: PS
======================================================================
Train | Acuracy:  91.09% | Loss: 0.49345 0.02024 0.11586 | PS: 0.01629 
Val   | Acuracy:  90.55% | Loss: 0.50761 0.02153 0.11639 | PS: 0.01415 
Test  | Acuracy:  91.57% | Loss: 0.46528 0.0194 0.10925 | PS: 0.01534 
----------------------------------------------------------------------
Optimization error  : 0.01629
Population error    : 0.01534
Generalization error: -0.00096
