Namespace(batch_size=64, beta_moco=0.1, gamma_moco=0.1, gamma_modo=0.1, lr=1.0, moo_method='MGDA', num_epochs=1000, rho_moco=0.1, rho_modo=0.1, seed=2)

==================================================
Model parameter count per layer
==================================================
fc1.weight 	: 401408
fc1.bias 	: 512
fc2.weight 	: 5120
fc2.bias 	: 10
Total number of parametrs : 407050
--------------------------------------------------

======================================================================
LOG FORMAT: Epoch: EPOCH | Train: LOSS1 LOSS2 LOSS3
======================================================================
Epoch:      0 | Train: 2.2541 0.1786 0.8261
Epoch:    100 | Train: 0.6053 0.0406 0.1554
Epoch:    200 | Train: 0.3982 0.0284 0.0469
Epoch:    300 | Train: 0.212 0.0229 0.0278
Epoch:    400 | Train: 0.435 0.0294 0.0707
Epoch:    500 | Train: 0.9057 0.0284 0.1905
Epoch:    600 | Train: 0.6775 0.0195 0.2023
Epoch:    700 | Train: 0.3073 0.0198 0.0674
Epoch:    800 | Train: 0.6951 0.0281 0.1443
Epoch:    900 | Train: 0.5375 0.0256 0.1065
Epoch:    999 | Train: 0.4268 0.0153 0.1037

======================================================================
PERF FORMAT: DATASET | Acuracy: ACC | Loss: LOSS1 LOSS2 LOSS3 | PS: PS
======================================================================
Train | Acuracy:  91.32% | Loss: 0.48678 0.01988 0.11306 | PS: 0.00987 
Val   | Acuracy:  90.70% | Loss: 0.51629 0.02086 0.12104 | PS: 0.01046 
Test  | Acuracy:  91.48% | Loss: 0.46578 0.01938 0.10835 | PS: 0.00986 
----------------------------------------------------------------------
Optimization error  : 0.00987
Population error    : 0.00986
Generalization error: -1e-05
