Namespace(batch_size=64, beta_moco=0.1, gamma_moco=0.01, gamma_modo=0.1, lr=0.1, moo_method='MoCo', num_epochs=1000, rho_moco=0.1, rho_modo=0.1, seed=1)

==================================================
Model parameter count per layer
==================================================
fc1.weight 	: 401408
fc1.bias 	: 512
fc2.weight 	: 5120
fc2.bias 	: 10
Total number of parametrs : 407050
--------------------------------------------------

======================================================================
LOG FORMAT: Epoch: EPOCH | Train: LOSS1 LOSS2 LOSS3
======================================================================
Epoch:      0 | Train: 2.3398 0.1804 0.9146
Epoch:    100 | Train: 0.5924 0.0675 0.0953
Epoch:    200 | Train: 0.4721 0.0495 0.0589
Epoch:    300 | Train: 0.3576 0.04 0.0482
Epoch:    400 | Train: 0.251 0.0327 0.0307
Epoch:    500 | Train: 0.4001 0.0327 0.0967
Epoch:    600 | Train: 0.4024 0.0408 0.069
Epoch:    700 | Train: 0.2966 0.0345 0.0372
Epoch:    800 | Train: 0.1416 0.0213 0.0098
Epoch:    900 | Train: 0.1567 0.0236 0.0117
Epoch:    999 | Train: 0.3003 0.0281 0.0631

======================================================================
PERF FORMAT: DATASET | Acuracy: ACC | Loss: LOSS1 LOSS2 LOSS3 | PS: PS
======================================================================
Train | Acuracy:  90.73% | Loss: 0.32499 0.03207 0.0543 | PS: 0.03494 
Val   | Acuracy:  90.60% | Loss: 0.33057 0.03265 0.05437 | PS: 0.03307 
Test  | Acuracy:  90.85% | Loss: 0.31889 0.0313 0.05408 | PS: 0.03948 
----------------------------------------------------------------------
Optimization error  : 0.03494
Population error    : 0.03948
Generalization error: 0.00454
