Namespace(batch_size=64, beta_moco=0.1, gamma_moco=0.01, gamma_modo=0.1, lr=0.1, moo_method='MoCo', num_epochs=1000, rho_moco=0.1, rho_modo=0.1, seed=4)

==================================================
Model parameter count per layer
==================================================
fc1.weight 	: 401408
fc1.bias 	: 512
fc2.weight 	: 5120
fc2.bias 	: 10
Total number of parametrs : 407050
--------------------------------------------------

======================================================================
LOG FORMAT: Epoch: EPOCH | Train: LOSS1 LOSS2 LOSS3
======================================================================
Epoch:      0 | Train: 2.3279 0.18 0.9058
Epoch:    100 | Train: 0.444 0.0542 0.0576
Epoch:    200 | Train: 0.3882 0.0455 0.0504
Epoch:    300 | Train: 0.5857 0.0515 0.1362
Epoch:    400 | Train: 0.2567 0.0334 0.0295
Epoch:    500 | Train: 0.5715 0.0464 0.1415
Epoch:    600 | Train: 0.1452 0.0231 0.0083
Epoch:    700 | Train: 0.2864 0.0306 0.0379
Epoch:    800 | Train: 0.1778 0.0218 0.023
Epoch:    900 | Train: 0.2169 0.0249 0.0285
Epoch:    999 | Train: 0.2816 0.0306 0.0409

======================================================================
PERF FORMAT: DATASET | Acuracy: ACC | Loss: LOSS1 LOSS2 LOSS3 | PS: PS
======================================================================
Train | Acuracy:  91.09% | Loss: 0.31424 0.03166 0.05223 | PS: 0.02153 
Val   | Acuracy:  90.48% | Loss: 0.33505 0.0327 0.05665 | PS: 0.02336 
Test  | Acuracy:  91.16% | Loss: 0.30957 0.03077 0.05244 | PS: 0.0247 
----------------------------------------------------------------------
Optimization error  : 0.02153
Population error    : 0.0247
Generalization error: 0.00317
