Namespace(batch_size=64, beta_moco=0.1, gamma_moco=0.01, gamma_modo=0.1, lr=0.1, moo_method='MoCo', num_epochs=1000, rho_moco=0.1, rho_modo=0.1, seed=5)

==================================================
Model parameter count per layer
==================================================
fc1.weight 	: 401408
fc1.bias 	: 512
fc2.weight 	: 5120
fc2.bias 	: 10
Total number of parametrs : 407050
--------------------------------------------------

======================================================================
LOG FORMAT: Epoch: EPOCH | Train: LOSS1 LOSS2 LOSS3
======================================================================
Epoch:      0 | Train: 2.2779 0.1792 0.8557
Epoch:    100 | Train: 0.4554 0.0635 0.0317
Epoch:    200 | Train: 0.3607 0.0423 0.0439
Epoch:    300 | Train: 0.3518 0.0413 0.0606
Epoch:    400 | Train: 0.3685 0.041 0.0508
Epoch:    500 | Train: 0.2086 0.0299 0.0188
Epoch:    600 | Train: 0.2424 0.0335 0.0216
Epoch:    700 | Train: 0.4031 0.0431 0.0582
Epoch:    800 | Train: 0.2848 0.0323 0.0408
Epoch:    900 | Train: 0.3096 0.0358 0.0483
Epoch:    999 | Train: 0.3698 0.0301 0.0685

======================================================================
PERF FORMAT: DATASET | Acuracy: ACC | Loss: LOSS1 LOSS2 LOSS3 | PS: PS
======================================================================
Train | Acuracy:  91.14% | Loss: 0.31543 0.03205 0.05143 | PS: 0.02492 
Val   | Acuracy:  90.15% | Loss: 0.34232 0.03338 0.05868 | PS: 0.02399 
Test  | Acuracy:  91.46% | Loss: 0.31052 0.03106 0.05194 | PS: 0.02636 
----------------------------------------------------------------------
Optimization error  : 0.02492
Population error    : 0.02636
Generalization error: 0.00144
