Namespace(batch_size=64, beta_moco=0.1, gamma_moco=0.01, gamma_modo=0.1, lr=0.1, moo_method='MoCo', num_epochs=1000, rho_moco=0.1, rho_modo=0.1, seed=9)

==================================================
Model parameter count per layer
==================================================
fc1.weight 	: 401408
fc1.bias 	: 512
fc2.weight 	: 5120
fc2.bias 	: 10
Total number of parametrs : 407050
--------------------------------------------------

======================================================================
LOG FORMAT: Epoch: EPOCH | Train: LOSS1 LOSS2 LOSS3
======================================================================
Epoch:      0 | Train: 2.3994 0.1815 0.9788
Epoch:    100 | Train: 0.4277 0.0514 0.0612
Epoch:    200 | Train: 0.3764 0.0468 0.0457
Epoch:    300 | Train: 0.6252 0.0564 0.1425
Epoch:    400 | Train: 0.2323 0.0321 0.0224
Epoch:    500 | Train: 0.5011 0.0461 0.0813
Epoch:    600 | Train: 0.2783 0.0313 0.049
Epoch:    700 | Train: 0.2765 0.0323 0.039
Epoch:    800 | Train: 0.1197 0.0194 0.0046
Epoch:    900 | Train: 0.3011 0.0326 0.0426
Epoch:    999 | Train: 0.2517 0.0312 0.0264

======================================================================
PERF FORMAT: DATASET | Acuracy: ACC | Loss: LOSS1 LOSS2 LOSS3 | PS: PS
======================================================================
Train | Acuracy:  91.04% | Loss: 0.31642 0.03152 0.05256 | PS: 0.01945 
Val   | Acuracy:  90.81% | Loss: 0.32408 0.03172 0.05512 | PS: 0.0197 
Test  | Acuracy:  91.29% | Loss: 0.30792 0.03041 0.05182 | PS: 0.02289 
----------------------------------------------------------------------
Optimization error  : 0.01945
Population error    : 0.02289
Generalization error: 0.00344
