Namespace(batch_size=64, beta_moco=0.1, gamma_moco=0.01, gamma_modo=0.1, lr=0.1, moo_method='MoCo', num_epochs=1000, rho_moco=0.1, rho_modo=0.1, seed=7)

==================================================
Model parameter count per layer
==================================================
fc1.weight 	: 401408
fc1.bias 	: 512
fc2.weight 	: 5120
fc2.bias 	: 10
Total number of parametrs : 407050
--------------------------------------------------

======================================================================
LOG FORMAT: Epoch: EPOCH | Train: LOSS1 LOSS2 LOSS3
======================================================================
Epoch:      0 | Train: 2.3424 0.1801 0.9117
Epoch:    100 | Train: 0.523 0.059 0.079
Epoch:    200 | Train: 0.2392 0.0342 0.0231
Epoch:    300 | Train: 0.265 0.0337 0.0249
Epoch:    400 | Train: 0.5574 0.0486 0.1184
Epoch:    500 | Train: 0.1982 0.0292 0.016
Epoch:    600 | Train: 0.4501 0.0467 0.0628
Epoch:    700 | Train: 0.2521 0.0275 0.028
Epoch:    800 | Train: 0.5302 0.0389 0.1164
Epoch:    900 | Train: 0.2387 0.0312 0.0172
Epoch:    999 | Train: 0.5469 0.0342 0.1369

======================================================================
PERF FORMAT: DATASET | Acuracy: ACC | Loss: LOSS1 LOSS2 LOSS3 | PS: PS
======================================================================
Train | Acuracy:  90.86% | Loss: 0.3211 0.03203 0.05368 | PS: 0.03063 
Val   | Acuracy:  91.05% | Loss: 0.32127 0.03187 0.05455 | PS: 0.02933 
Test  | Acuracy:  91.09% | Loss: 0.30885 0.03078 0.05211 | PS: 0.02984 
----------------------------------------------------------------------
Optimization error  : 0.03063
Population error    : 0.02984
Generalization error: -0.0008
