Namespace(batch_size=64, beta_moco=0.1, gamma_moco=0.01, gamma_modo=0.1, lr=0.1, moo_method='MoCo', num_epochs=1000, rho_moco=0.1, rho_modo=0.1, seed=8)

==================================================
Model parameter count per layer
==================================================
fc1.weight 	: 401408
fc1.bias 	: 512
fc2.weight 	: 5120
fc2.bias 	: 10
Total number of parametrs : 407050
--------------------------------------------------

======================================================================
LOG FORMAT: Epoch: EPOCH | Train: LOSS1 LOSS2 LOSS3
======================================================================
Epoch:      0 | Train: 2.3661 0.1811 0.9435
Epoch:    100 | Train: 0.6228 0.0598 0.1317
Epoch:    200 | Train: 0.5055 0.0558 0.0733
Epoch:    300 | Train: 0.3119 0.0394 0.0331
Epoch:    400 | Train: 0.5641 0.0493 0.0955
Epoch:    500 | Train: 0.4032 0.0431 0.0591
Epoch:    600 | Train: 0.3019 0.0339 0.0404
Epoch:    700 | Train: 0.1735 0.0225 0.0137
Epoch:    800 | Train: 0.4954 0.0367 0.1061
Epoch:    900 | Train: 0.3362 0.0328 0.0534
Epoch:    999 | Train: 0.3109 0.0337 0.0376

======================================================================
PERF FORMAT: DATASET | Acuracy: ACC | Loss: LOSS1 LOSS2 LOSS3 | PS: PS
======================================================================
Train | Acuracy:  90.95% | Loss: 0.3151 0.03146 0.0519 | PS: 0.02096 
Val   | Acuracy:  90.48% | Loss: 0.33837 0.03225 0.05986 | PS: 0.02091 
Test  | Acuracy:  91.38% | Loss: 0.30898 0.0303 0.05281 | PS: 0.02151 
----------------------------------------------------------------------
Optimization error  : 0.02096
Population error    : 0.02151
Generalization error: 0.00056
