Namespace(batch_size=64, beta_moco=0.1, gamma_moco=0.1, gamma_modo=0.01, lr=0.1, moo_method='MoDo', num_epochs=1000, rho_moco=0.1, rho_modo=0.1, seed=7)

==================================================
Model parameter count per layer
==================================================
fc1.weight 	: 401408
fc1.bias 	: 512
fc2.weight 	: 5120
fc2.bias 	: 10
Total number of parametrs : 407050
--------------------------------------------------

======================================================================
LOG FORMAT: Epoch: EPOCH | Train: LOSS1 LOSS2 LOSS3
======================================================================
Epoch:      0 | Train: 2.3284 0.18 0.9007
Epoch:    100 | Train: 0.4851 0.063 0.0561
Epoch:    200 | Train: 0.5054 0.0506 0.0791
Epoch:    300 | Train: 0.5225 0.0461 0.0907
Epoch:    400 | Train: 0.7068 0.0495 0.1802
Epoch:    500 | Train: 0.1094 0.0186 0.0027
Epoch:    600 | Train: 0.2005 0.0285 0.017
Epoch:    700 | Train: 0.3034 0.0309 0.0421
Epoch:    800 | Train: 0.3621 0.0361 0.0577
Epoch:    900 | Train: 0.1825 0.0229 0.0216
Epoch:    999 | Train: 0.3776 0.0411 0.056

======================================================================
PERF FORMAT: DATASET | Acuracy: ACC | Loss: LOSS1 LOSS2 LOSS3 | PS: PS
======================================================================
Train | Acuracy:  90.64% | Loss: 0.32268 0.03194 0.05361 | PS: 0.03131 
Val   | Acuracy:  90.84% | Loss: 0.32743 0.03205 0.05528 | PS: 0.03389 
Test  | Acuracy:  90.71% | Loss: 0.31652 0.03115 0.05352 | PS: 0.03789 
----------------------------------------------------------------------
Optimization error  : 0.03131
Population error    : 0.03789
Generalization error: 0.00659
