Namespace(batch_size=64, beta_moco=0.1, gamma_moco=0.1, gamma_modo=0.1, lr=0.1, moo_method='EW', num_epochs=1000, rho_moco=0.1, rho_modo=0.1, seed=4)

==================================================
Model parameter count per layer
==================================================
fc1.weight 	: 401408
fc1.bias 	: 512
fc2.weight 	: 5120
fc2.bias 	: 10
Total number of parametrs : 407050
--------------------------------------------------

================================================================================
LOG FORMAT: Epoch: EPOCH | Train: LOSS1 LOSS2 LOSS3 | Test: LOSS1 LOSS2 LOSS3
================================================================================
Epoch:      0 | Train: 2.3068 0.1796 0.8833 | Test: 2.3125 0.1797 0.889
Epoch:    100 | Train: 0.5075 0.0606 0.0671 | Test: 0.4909 0.0591 0.0638
Epoch:    200 | Train: 0.4097 0.0459 0.0623 | Test: 0.3953 0.0443 0.0602
Epoch:    300 | Train: 0.3781 0.0405 0.06 | Test: 0.361 0.039 0.0568
Epoch:    400 | Train: 0.3516 0.0372 0.0563 | Test: 0.3407 0.036 0.0548
Epoch:    500 | Train: 0.3385 0.0349 0.0555 | Test: 0.3311 0.0339 0.0547
Epoch:    600 | Train: 0.3277 0.0333 0.0542 | Test: 0.3195 0.0322 0.0534
Epoch:    700 | Train: 0.3205 0.0321 0.0533 | Test: 0.3145 0.0313 0.0528
Epoch:    800 | Train: 0.3154 0.0313 0.0525 | Test: 0.3103 0.0304 0.0523
Epoch:    900 | Train: 0.3184 0.0313 0.0538 | Test: 0.3143 0.0304 0.0541
Epoch:    999 | Train: 0.3128 0.0311 0.0516 | Test: 0.3132 0.0304 0.053

================================================================================
PERF FORMAT: DATASET | Acuracy: ACC | Loss: LOSS1 LOSS2 LOSS3 | PS: PS
======================================================================
Train | Acuracy:  91.03% | Loss: 0.3132 0.03099 0.05177 | PS: 0.0336 
Val   | Acuracy:  90.26% | Loss: 0.33404 0.03217 0.05567 | PS: 0.03295 
Test  | Acuracy:  91.11% | Loss: 0.31424 0.03042 0.05334 | PS: 0.03793 
--------------------------------------------------------------------------------
Optimization error  : 0.0336
Population error    : 0.03793
Generalization error: 0.00434
