Namespace(batch_size=64, beta_moco=0.1, gamma_moco=0.1, gamma_modo=0.1, lr=0.1, moo_method='EW', num_epochs=1000, rho_moco=0.1, rho_modo=0.1, seed=9)

==================================================
Model parameter count per layer
==================================================
fc1.weight 	: 401408
fc1.bias 	: 512
fc2.weight 	: 5120
fc2.bias 	: 10
Total number of parametrs : 407050
--------------------------------------------------

================================================================================
LOG FORMAT: Epoch: EPOCH | Train: LOSS1 LOSS2 LOSS3 | Test: LOSS1 LOSS2 LOSS3
================================================================================
Epoch:      0 | Train: 2.3789 0.181 0.9549 | Test: 2.3839 0.1811 0.9595
Epoch:    100 | Train: 0.5132 0.0604 0.0694 | Test: 0.4925 0.0586 0.065
Epoch:    200 | Train: 0.4076 0.0461 0.061 | Test: 0.3906 0.0444 0.0584
Epoch:    300 | Train: 0.377 0.0404 0.0593 | Test: 0.3559 0.0385 0.0557
Epoch:    400 | Train: 0.3561 0.0373 0.0575 | Test: 0.3424 0.0358 0.055
Epoch:    500 | Train: 0.3414 0.0354 0.0557 | Test: 0.3289 0.034 0.0545
Epoch:    600 | Train: 0.3281 0.0332 0.0538 | Test: 0.3186 0.0321 0.053
Epoch:    700 | Train: 0.3272 0.0328 0.0548 | Test: 0.3231 0.0318 0.0555
Epoch:    800 | Train: 0.3173 0.0315 0.0528 | Test: 0.3081 0.0306 0.0517
Epoch:    900 | Train: 0.3142 0.031 0.0519 | Test: 0.3105 0.0302 0.0521
Epoch:    999 | Train: 0.3128 0.0305 0.0524 | Test: 0.309 0.0298 0.0522

================================================================================
PERF FORMAT: DATASET | Acuracy: ACC | Loss: LOSS1 LOSS2 LOSS3 | PS: PS
======================================================================
Train | Acuracy:  91.17% | Loss: 0.31614 0.03083 0.05284 | PS: 0.03421 
Val   | Acuracy:  90.97% | Loss: 0.32794 0.03116 0.05643 | PS: 0.03454 
Test  | Acuracy:  91.39% | Loss: 0.31277 0.03019 0.0528 | PS: 0.03939 
--------------------------------------------------------------------------------
Optimization error  : 0.03421
Population error    : 0.03939
Generalization error: 0.00519
