Namespace(batch_size=64, beta_moco=0.1, gamma_moco=0.1, gamma_modo=0.1, lr=0.1, moo_method='EW', num_epochs=1000, rho_moco=0.1, rho_modo=0.1, seed=0)

==================================================
Model parameter count per layer
==================================================
fc1.weight 	: 401408
fc1.bias 	: 512
fc2.weight 	: 5120
fc2.bias 	: 10
Total number of parametrs : 407050
--------------------------------------------------

================================================================================
LOG FORMAT: Epoch: EPOCH | Train: LOSS1 LOSS2 LOSS3 | Test: LOSS1 LOSS2 LOSS3
================================================================================
Epoch:      0 | Train: 2.3229 0.1802 0.9055 | Test: 2.3241 0.1802 0.9065
Epoch:    100 | Train: 0.5184 0.0614 0.071 | Test: 0.5002 0.0598 0.0673
Epoch:    200 | Train: 0.4089 0.0452 0.0631 | Test: 0.3905 0.0436 0.0599
Epoch:    300 | Train: 0.3735 0.0396 0.0608 | Test: 0.3554 0.0381 0.0574
Epoch:    400 | Train: 0.3524 0.0365 0.0579 | Test: 0.3343 0.0348 0.0546
Epoch:    500 | Train: 0.3416 0.0345 0.0571 | Test: 0.3277 0.0332 0.0546
Epoch:    600 | Train: 0.3355 0.0337 0.0563 | Test: 0.324 0.0326 0.0546
Epoch:    700 | Train: 0.3233 0.0325 0.0535 | Test: 0.3124 0.0312 0.0526
Epoch:    800 | Train: 0.3214 0.0321 0.0529 | Test: 0.3095 0.031 0.051
Epoch:    900 | Train: 0.313 0.0308 0.053 | Test: 0.3065 0.0299 0.0528
Epoch:    999 | Train: 0.3096 0.0308 0.0517 | Test: 0.305 0.0299 0.0518

================================================================================
PERF FORMAT: DATASET | Acuracy: ACC | Loss: LOSS1 LOSS2 LOSS3 | PS: PS
======================================================================
Train | Acuracy:  91.14% | Loss: 0.31091 0.0308 0.05182 | PS: 0.02519 
Val   | Acuracy:  90.64% | Loss: 0.32433 0.03152 0.05459 | PS: 0.02711 
Test  | Acuracy:  91.58% | Loss: 0.30494 0.02988 0.05168 | PS: 0.02713 
--------------------------------------------------------------------------------
Optimization error  : 0.02519
Population error    : 0.02713
Generalization error: 0.00194
