========================================
General Configuration:
	Wighting: MGDA
	Architecture: HPS
	Rep_Grad: False
	Multi_Input: True
	Seed: 0
	Device: cuda:0
MGDA Configuration:
	weighting: MGDA
	mgda_gn: none
Optimizer Configuration:
	optim: adam
	lr: 0.0001
	weight_decay: 1e-06
========================================
Total Params: 11487901
Trainable Params: 11487901
Non-trainable Params: 0
========================================
LOG FORMAT | amazon_LOSS Acc | dslr_LOSS Acc | webcam_LOSS Acc | TIME
Epoch: 0000 | TRAIN: 2.7807 0.3317 | 1.8615 0.7151 | 2.0895 0.6214 | Time: 41.5406 | VAL: 2.1753 0.6649 | 1.2668 0.9213 | 1.4795 0.8859 | Time: 2.4604 | TEST: 2.1706 0.6615 | 1.3010 0.9180 | 1.5378 0.8833 | Time: 2.8805
Epoch: 0001 | TRAIN: 1.8669 0.6923 | 0.4360 0.9988 | 0.7279 0.9850 | Time: 40.7457 | VAL: 1.9219 0.7373 | 0.6454 0.9888 | 0.9979 0.9530 | Time: 2.4810 | TEST: 1.9216 0.7179 | 0.7167 0.9508 | 1.0996 0.9444 | Time: 3.4088
Epoch: 0002 | TRAIN: 1.6075 0.7542 | 0.1479 1.0000 | 0.4055 1.0000 | Time: 41.2834 | VAL: 1.8654 0.7518 | 0.4428 1.0000 | 0.8621 0.9732 | Time: 2.4200 | TEST: 1.8711 0.7350 | 0.5214 0.9590 | 0.9577 0.9611 | Time: 2.9045
Epoch: 0003 | TRAIN: 1.5152 0.7873 | 0.0796 1.0000 | 0.3077 1.0000 | Time: 40.1046 | VAL: 1.8243 0.7518 | 0.3701 1.0000 | 0.8014 0.9732 | Time: 2.4443 | TEST: 1.8343 0.7333 | 0.4659 0.9590 | 0.8887 0.9611 | Time: 2.9831
Epoch: 0004 | TRAIN: 1.4368 0.7963 | 0.0572 1.0000 | 0.2458 1.0000 | Time: 40.9993 | VAL: 1.7688 0.7572 | 0.3389 1.0000 | 0.7602 0.9732 | Time: 2.4145 | TEST: 1.7765 0.7487 | 0.4193 0.9590 | 0.8419 0.9500 | Time: 2.8663
Epoch: 0005 | TRAIN: 1.3605 0.8113 | 0.0450 1.0000 | 0.2098 1.0000 | Time: 47.5641 | VAL: 1.7094 0.7663 | 0.3110 1.0000 | 0.7003 0.9732 | Time: 3.6660 | TEST: 1.7194 0.7436 | 0.3906 0.9672 | 0.7842 0.9556 | Time: 4.4465
Epoch: 0006 | TRAIN: 1.3010 0.8155 | 0.0360 1.0000 | 0.1759 1.0000 | Time: 57.1728 | VAL: 1.6578 0.7663 | 0.2927 1.0000 | 0.6609 0.9732 | Time: 4.6097 | TEST: 1.6694 0.7573 | 0.3692 0.9590 | 0.7484 0.9667 | Time: 5.3248
Epoch: 0007 | TRAIN: 1.2700 0.8155 | 0.0313 1.0000 | 0.1548 1.0000 | Time: 59.1258 | VAL: 1.6081 0.7663 | 0.2748 1.0000 | 0.6185 0.9799 | Time: 4.4751 | TEST: 1.6186 0.7624 | 0.3512 0.9754 | 0.6958 0.9611 | Time: 5.2110
Epoch: 0008 | TRAIN: 1.1843 0.8305 | 0.0265 1.0000 | 0.1314 1.0000 | Time: 63.6728 | VAL: 1.5685 0.7681 | 0.2573 1.0000 | 0.5788 0.9732 | Time: 4.6821 | TEST: 1.5789 0.7658 | 0.3271 0.9672 | 0.6527 0.9611 | Time: 5.4699
Epoch: 0009 | TRAIN: 1.1617 0.8281 | 0.0240 1.0000 | 0.1166 1.0000 | Time: 58.5188 | VAL: 1.5269 0.7717 | 0.2592 1.0000 | 0.5593 0.9732 | Time: 6.2682 | TEST: 1.5375 0.7812 | 0.3359 0.9672 | 0.6284 0.9611 | Time: 9.0765
Epoch: 0010 | TRAIN: 1.1122 0.8221 | 0.0211 1.0000 | 0.1031 1.0000 | Time: 64.3343 | VAL: 1.5000 0.7736 | 0.2378 1.0000 | 0.5349 0.9732 | Time: 4.9230 | TEST: 1.5052 0.7863 | 0.3168 0.9590 | 0.6004 0.9667 | Time: 7.4080
Epoch: 0011 | TRAIN: 1.0674 0.8401 | 0.0198 1.0000 | 0.0894 1.0000 | Time: 68.4773 | VAL: 1.4499 0.7717 | 0.2349 1.0000 | 0.5023 0.9732 | Time: 4.3893 | TEST: 1.4590 0.7880 | 0.3106 0.9590 | 0.5675 0.9667 | Time: 4.9653
Epoch: 0012 | TRAIN: 1.0176 0.8395 | 0.0181 1.0000 | 0.0784 1.0000 | Time: 55.2478 | VAL: 1.4401 0.7790 | 0.2251 1.0000 | 0.4914 0.9799 | Time: 4.0298 | TEST: 1.4465 0.7915 | 0.3067 0.9590 | 0.5558 0.9611 | Time: 5.0322
Epoch: 0013 | TRAIN: 0.9933 0.8486 | 0.0162 1.0000 | 0.0671 1.0000 | Time: 61.2735 | VAL: 1.4013 0.7808 | 0.2154 1.0000 | 0.4618 0.9799 | Time: 4.1057 | TEST: 1.4087 0.7812 | 0.2960 0.9590 | 0.5272 0.9722 | Time: 5.0986
Epoch: 0014 | TRAIN: 0.9708 0.8474 | 0.0154 1.0000 | 0.0604 1.0000 | Time: 56.0362 | VAL: 1.3792 0.7826 | 0.2103 1.0000 | 0.4453 0.9732 | Time: 4.1894 | TEST: 1.3828 0.7949 | 0.2907 0.9672 | 0.5063 0.9667 | Time: 4.9431
Epoch: 0015 | TRAIN: 0.9423 0.8438 | 0.0134 1.0000 | 0.0526 1.0000 | Time: 56.0302 | VAL: 1.3428 0.7844 | 0.2016 1.0000 | 0.4137 0.9799 | Time: 4.3884 | TEST: 1.3458 0.8000 | 0.2823 0.9672 | 0.4766 0.9667 | Time: 5.0190
Epoch: 0016 | TRAIN: 0.9348 0.8419 | 0.0129 1.0000 | 0.0512 1.0000 | Time: 57.6793 | VAL: 1.3149 0.7899 | 0.2044 1.0000 | 0.4011 0.9732 | Time: 4.5699 | TEST: 1.3202 0.7846 | 0.2822 0.9508 | 0.4588 0.9722 | Time: 6.0000
Epoch: 0017 | TRAIN: 0.8969 0.8486 | 0.0115 1.0000 | 0.0430 1.0000 | Time: 63.1396 | VAL: 1.2997 0.7899 | 0.1987 1.0000 | 0.3881 0.9799 | Time: 4.9065 | TEST: 1.3059 0.7897 | 0.2792 0.9590 | 0.4443 0.9722 | Time: 5.4694
Epoch: 0018 | TRAIN: 0.8857 0.8450 | 0.0110 1.0000 | 0.0390 1.0000 | Time: 57.2265 | VAL: 1.2738 0.7899 | 0.1887 1.0000 | 0.3712 0.9732 | Time: 4.4286 | TEST: 1.2811 0.7863 | 0.2708 0.9590 | 0.4224 0.9722 | Time: 5.2363
Epoch: 0019 | TRAIN: 0.8472 0.8558 | 0.0108 1.0000 | 0.0365 1.0000 | Time: 55.9593 | VAL: 1.2484 0.7844 | 0.1903 1.0000 | 0.3582 0.9799 | Time: 4.1784 | TEST: 1.2549 0.7897 | 0.2639 0.9508 | 0.4136 0.9667 | Time: 4.9041
Epoch: 0020 | TRAIN: 0.8337 0.8413 | 0.0097 1.0000 | 0.0318 1.0000 | Time: 63.3972 | VAL: 1.2394 0.7989 | 0.1920 1.0000 | 0.3411 0.9799 | Time: 4.3145 | TEST: 1.2433 0.7932 | 0.2712 0.9426 | 0.3970 0.9667 | Time: 5.1461
Epoch: 0021 | TRAIN: 0.8118 0.8492 | 0.0087 1.0000 | 0.0296 1.0000 | Time: 54.9330 | VAL: 1.2194 0.7971 | 0.1874 1.0000 | 0.3413 0.9799 | Time: 4.5569 | TEST: 1.2255 0.8068 | 0.2653 0.9508 | 0.3966 0.9667 | Time: 4.7350
Epoch: 0022 | TRAIN: 0.7908 0.8570 | 0.0086 1.0000 | 0.0254 1.0000 | Time: 61.1215 | VAL: 1.1993 0.8043 | 0.1815 1.0000 | 0.3218 0.9799 | Time: 4.2924 | TEST: 1.2061 0.7949 | 0.2631 0.9590 | 0.3754 0.9778 | Time: 4.8031
Epoch: 0023 | TRAIN: 0.7808 0.8582 | 0.0086 1.0000 | 0.0238 1.0000 | Time: 56.6627 | VAL: 1.1850 0.8134 | 0.1855 1.0000 | 0.3161 0.9799 | Time: 4.5788 | TEST: 1.1916 0.7932 | 0.2679 0.9508 | 0.3654 0.9722 | Time: 5.5677
Epoch: 0024 | TRAIN: 0.7610 0.8654 | 0.0078 1.0000 | 0.0217 1.0000 | Time: 62.9040 | VAL: 1.1654 0.7989 | 0.1846 1.0000 | 0.2994 0.9799 | Time: 4.5982 | TEST: 1.1697 0.7966 | 0.2646 0.9508 | 0.3529 0.9722 | Time: 4.7563
Epoch: 0025 | TRAIN: 0.7431 0.8618 | 0.0074 1.0000 | 0.0196 1.0000 | Time: 57.6921 | VAL: 1.1592 0.8062 | 0.1818 1.0000 | 0.2967 0.9799 | Time: 4.5332 | TEST: 1.1652 0.7949 | 0.2629 0.9590 | 0.3458 0.9722 | Time: 5.2567
Epoch: 0026 | TRAIN: 0.7450 0.8516 | 0.0075 1.0000 | 0.0183 1.0000 | Time: 61.5331 | VAL: 1.1499 0.8062 | 0.1815 1.0000 | 0.2821 0.9799 | Time: 4.5955 | TEST: 1.1531 0.8017 | 0.2623 0.9426 | 0.3308 0.9722 | Time: 4.8715
Epoch: 0027 | TRAIN: 0.7213 0.8690 | 0.0069 1.0000 | 0.0170 1.0000 | Time: 57.4704 | VAL: 1.1329 0.8007 | 0.1742 1.0000 | 0.2756 0.9799 | Time: 4.3928 | TEST: 1.1343 0.8000 | 0.2585 0.9426 | 0.3301 0.9722 | Time: 4.8591
Epoch: 0028 | TRAIN: 0.7032 0.8642 | 0.0065 1.0000 | 0.0154 1.0000 | Time: 56.1095 | VAL: 1.1172 0.8152 | 0.1823 1.0000 | 0.2681 0.9866 | Time: 4.3729 | TEST: 1.1207 0.7966 | 0.2550 0.9672 | 0.3174 0.9722 | Time: 4.9323
Epoch: 0029 | TRAIN: 0.7086 0.8612 | 0.0062 1.0000 | 0.0144 1.0000 | Time: 54.4713 | VAL: 1.1051 0.8098 | 0.1726 1.0000 | 0.2610 0.9799 | Time: 4.5034 | TEST: 1.1096 0.8034 | 0.2542 0.9590 | 0.3110 0.9667 | Time: 5.1076
Epoch: 0030 | TRAIN: 0.6923 0.8618 | 0.0062 1.0000 | 0.0129 1.0000 | Time: 62.3425 | VAL: 1.0882 0.8116 | 0.1811 1.0000 | 0.2569 0.9866 | Time: 4.8357 | TEST: 1.0919 0.7983 | 0.2514 0.9508 | 0.3083 0.9667 | Time: 4.8269
Epoch: 0031 | TRAIN: 0.6812 0.8648 | 0.0056 1.0000 | 0.0114 1.0000 | Time: 56.4244 | VAL: 1.0847 0.8134 | 0.1732 1.0000 | 0.2501 0.9799 | Time: 4.4949 | TEST: 1.0876 0.8068 | 0.2551 0.9426 | 0.2969 0.9722 | Time: 5.5878
Epoch: 0032 | TRAIN: 0.6799 0.8660 | 0.0055 1.0000 | 0.0112 1.0000 | Time: 55.7393 | VAL: 1.0771 0.8152 | 0.1748 1.0000 | 0.2461 0.9799 | Time: 6.1242 | TEST: 1.0831 0.7966 | 0.2520 0.9508 | 0.2925 0.9722 | Time: 8.1112
Epoch: 0033 | TRAIN: 0.6526 0.8768 | 0.0049 1.0000 | 0.0105 1.0000 | Time: 59.4651 | VAL: 1.0628 0.8043 | 0.1759 1.0000 | 0.2427 0.9799 | Time: 4.5224 | TEST: 1.0645 0.8034 | 0.2470 0.9426 | 0.2927 0.9667 | Time: 5.0519
Epoch: 0034 | TRAIN: 0.6521 0.8732 | 0.0050 1.0000 | 0.0098 1.0000 | Time: 56.1438 | VAL: 1.0664 0.8098 | 0.1696 1.0000 | 0.2412 0.9799 | Time: 4.6162 | TEST: 1.0687 0.7949 | 0.2507 0.9590 | 0.2890 0.9722 | Time: 5.1494
Epoch: 0035 | TRAIN: 0.6392 0.8690 | 0.0049 1.0000 | 0.0089 1.0000 | Time: 56.2206 | VAL: 1.0513 0.8080 | 0.1632 1.0000 | 0.2284 0.9799 | Time: 4.4916 | TEST: 1.0511 0.8068 | 0.2481 0.9590 | 0.2792 0.9722 | Time: 5.5197
Epoch: 0036 | TRAIN: 0.6407 0.8726 | 0.0047 1.0000 | 0.0085 1.0000 | Time: 55.3129 | VAL: 1.0411 0.8134 | 0.1674 1.0000 | 0.2230 0.9799 | Time: 4.1990 | TEST: 1.0427 0.8085 | 0.2510 0.9426 | 0.2729 0.9722 | Time: 4.8901
Epoch: 0037 | TRAIN: 0.6163 0.8792 | 0.0046 1.0000 | 0.0080 1.0000 | Time: 66.8722 | VAL: 1.0283 0.8170 | 0.1681 1.0000 | 0.2185 0.9799 | Time: 5.9933 | TEST: 1.0303 0.8085 | 0.2490 0.9426 | 0.2684 0.9722 | Time: 6.4138
Epoch: 0038 | TRAIN: 0.6038 0.8774 | 0.0044 1.0000 | 0.0081 1.0000 | Time: 54.2670 | VAL: 1.0223 0.8116 | 0.1669 1.0000 | 0.2192 0.9866 | Time: 3.9761 | TEST: 1.0258 0.8034 | 0.2456 0.9426 | 0.2650 0.9778 | Time: 4.9871
Epoch: 0039 | TRAIN: 0.6171 0.8762 | 0.0040 1.0000 | 0.0067 1.0000 | Time: 55.8804 | VAL: 1.0165 0.8152 | 0.1666 1.0000 | 0.2120 0.9866 | Time: 4.5769 | TEST: 1.0180 0.8068 | 0.2432 0.9590 | 0.2615 0.9778 | Time: 4.8092
Epoch: 0040 | TRAIN: 0.6021 0.8750 | 0.0041 1.0000 | 0.0067 1.0000 | Time: 55.7860 | VAL: 1.0150 0.8152 | 0.1601 1.0000 | 0.2064 0.9799 | Time: 4.3986 | TEST: 1.0158 0.8068 | 0.2364 0.9672 | 0.2572 0.9722 | Time: 5.0504
Epoch: 0041 | TRAIN: 0.6023 0.8726 | 0.0039 1.0000 | 0.0062 1.0000 | Time: 66.3247 | VAL: 1.0105 0.8207 | 0.1632 1.0000 | 0.2125 0.9866 | Time: 5.7226 | TEST: 1.0129 0.8051 | 0.2458 0.9426 | 0.2615 0.9722 | Time: 6.1046
Epoch: 0042 | TRAIN: 0.5848 0.8828 | 0.0038 1.0000 | 0.0056 1.0000 | Time: 59.9920 | VAL: 1.0041 0.8188 | 0.1643 1.0000 | 0.2072 0.9866 | Time: 4.1803 | TEST: 1.0041 0.8068 | 0.2409 0.9508 | 0.2562 0.9722 | Time: 5.0745
Epoch: 0043 | TRAIN: 0.5856 0.8780 | 0.0035 1.0000 | 0.0054 1.0000 | Time: 56.8161 | VAL: 0.9995 0.8134 | 0.1670 1.0000 | 0.1997 0.9866 | Time: 4.4883 | TEST: 0.9997 0.8068 | 0.2396 0.9590 | 0.2519 0.9722 | Time: 5.3870
Epoch: 0044 | TRAIN: 0.5794 0.8798 | 0.0034 1.0000 | 0.0049 1.0000 | Time: 56.1138 | VAL: 0.9880 0.8134 | 0.1660 1.0000 | 0.1956 0.9866 | Time: 4.3657 | TEST: 0.9924 0.8051 | 0.2359 0.9590 | 0.2400 0.9778 | Time: 4.9453
Epoch: 0045 | TRAIN: 0.5770 0.8756 | 0.0032 1.0000 | 0.0049 1.0000 | Time: 55.4217 | VAL: 0.9821 0.8134 | 0.1643 1.0000 | 0.1951 0.9866 | Time: 4.0147 | TEST: 0.9820 0.8034 | 0.2395 0.9426 | 0.2408 0.9722 | Time: 4.6664
Epoch: 0046 | TRAIN: 0.5651 0.8762 | 0.0032 1.0000 | 0.0047 1.0000 | Time: 55.2427 | VAL: 0.9780 0.8152 | 0.1658 1.0000 | 0.1879 0.9866 | Time: 4.4393 | TEST: 0.9772 0.8017 | 0.2471 0.9426 | 0.2354 0.9722 | Time: 4.7286
Epoch: 0047 | TRAIN: 0.5543 0.8786 | 0.0032 1.0000 | 0.0045 1.0000 | Time: 53.9236 | VAL: 0.9804 0.8188 | 0.1637 1.0000 | 0.1933 0.9799 | Time: 4.3285 | TEST: 0.9785 0.8051 | 0.2472 0.9344 | 0.2379 0.9667 | Time: 5.4184
Epoch: 0048 | TRAIN: 0.5751 0.8762 | 0.0032 1.0000 | 0.0043 1.0000 | Time: 57.2178 | VAL: 0.9721 0.8134 | 0.1608 1.0000 | 0.1826 0.9866 | Time: 4.2059 | TEST: 0.9749 0.8000 | 0.2398 0.9426 | 0.2316 0.9667 | Time: 4.7753
Epoch: 0049 | TRAIN: 0.5487 0.8858 | 0.0030 1.0000 | 0.0039 1.0000 | Time: 56.1873 | VAL: 0.9665 0.8098 | 0.1564 1.0000 | 0.1823 0.9866 | Time: 4.5167 | TEST: 0.9671 0.7983 | 0.2390 0.9426 | 0.2297 0.9722 | Time: 4.8358
Epoch: 0050 | TRAIN: 0.5367 0.8918 | 0.0029 1.0000 | 0.0043 1.0000 | Time: 56.4139 | VAL: 0.9547 0.8188 | 0.1634 1.0000 | 0.1802 0.9866 | Time: 4.3548 | TEST: 0.9559 0.8051 | 0.2353 0.9508 | 0.2350 0.9722 | Time: 4.6814
Epoch: 0051 | TRAIN: 0.5503 0.8810 | 0.0027 1.0000 | 0.0038 1.0000 | Time: 55.4701 | VAL: 0.9581 0.8152 | 0.1588 1.0000 | 0.1785 0.9866 | Time: 4.4346 | TEST: 0.9608 0.8017 | 0.2409 0.9344 | 0.2314 0.9722 | Time: 4.9452
Epoch: 0052 | TRAIN: 0.5384 0.8816 | 0.0026 1.0000 | 0.0033 1.0000 | Time: 55.6616 | VAL: 0.9539 0.8152 | 0.1575 1.0000 | 0.1748 0.9866 | Time: 4.5403 | TEST: 0.9545 0.8017 | 0.2394 0.9426 | 0.2289 0.9722 | Time: 5.6182
Epoch: 0053 | TRAIN: 0.5224 0.8876 | 0.0024 1.0000 | 0.0032 1.0000 | Time: 56.5924 | VAL: 0.9454 0.8098 | 0.1580 1.0000 | 0.1737 0.9866 | Time: 4.7773 | TEST: 0.9464 0.8017 | 0.2412 0.9426 | 0.2267 0.9667 | Time: 4.8521
Epoch: 0054 | TRAIN: 0.5265 0.8798 | 0.0025 1.0000 | 0.0033 1.0000 | Time: 54.2616 | VAL: 0.9424 0.8170 | 0.1564 1.0000 | 0.1723 0.9799 | Time: 4.3898 | TEST: 0.9468 0.8017 | 0.2412 0.9508 | 0.2227 0.9667 | Time: 5.3419
Epoch: 0055 | TRAIN: 0.5223 0.8816 | 0.0024 1.0000 | 0.0031 1.0000 | Time: 53.8910 | VAL: 0.9401 0.8134 | 0.1575 1.0000 | 0.1717 0.9866 | Time: 4.4417 | TEST: 0.9415 0.8000 | 0.2466 0.9344 | 0.2253 0.9722 | Time: 4.9499
Epoch: 0056 | TRAIN: 0.5310 0.8786 | 0.0024 1.0000 | 0.0031 1.0000 | Time: 56.0796 | VAL: 0.9338 0.8134 | 0.1539 1.0000 | 0.1661 0.9866 | Time: 4.3282 | TEST: 0.9328 0.8034 | 0.2361 0.9426 | 0.2223 0.9667 | Time: 4.7531
Epoch: 0057 | TRAIN: 0.5190 0.8708 | 0.0021 1.0000 | 0.0031 1.0000 | Time: 55.7923 | VAL: 0.9328 0.8152 | 0.1565 1.0000 | 0.1665 0.9866 | Time: 4.4449 | TEST: 0.9349 0.8017 | 0.2296 0.9590 | 0.2185 0.9722 | Time: 4.8852
Epoch: 0058 | TRAIN: 0.5118 0.8858 | 0.0022 1.0000 | 0.0027 1.0000 | Time: 56.3462 | VAL: 0.9246 0.8170 | 0.1552 1.0000 | 0.1709 0.9866 | Time: 4.3926 | TEST: 0.9268 0.8017 | 0.2311 0.9426 | 0.2159 0.9722 | Time: 5.6535
Epoch: 0059 | TRAIN: 0.5149 0.8870 | 0.0021 1.0000 | 0.0028 1.0000 | Time: 56.2900 | VAL: 0.9169 0.8152 | 0.1508 1.0000 | 0.1616 0.9866 | Time: 4.6768 | TEST: 0.9196 0.7983 | 0.2263 0.9508 | 0.2133 0.9667 | Time: 5.6424
Epoch: 0060 | TRAIN: 0.5138 0.8894 | 0.0021 1.0000 | 0.0026 1.0000 | Time: 55.5827 | VAL: 0.9209 0.8188 | 0.1572 1.0000 | 0.1654 0.9866 | Time: 4.2814 | TEST: 0.9261 0.8034 | 0.2282 0.9590 | 0.2114 0.9722 | Time: 5.1277
Epoch: 0061 | TRAIN: 0.4933 0.8822 | 0.0020 1.0000 | 0.0026 1.0000 | Time: 55.8906 | VAL: 0.9122 0.8170 | 0.1521 1.0000 | 0.1625 0.9866 | Time: 4.1332 | TEST: 0.9151 0.8034 | 0.2249 0.9508 | 0.2084 0.9722 | Time: 5.2315
Epoch: 0062 | TRAIN: 0.4847 0.8960 | 0.0020 1.0000 | 0.0025 1.0000 | Time: 55.3835 | VAL: 0.9272 0.8116 | 0.1502 1.0000 | 0.1658 0.9866 | Time: 4.4052 | TEST: 0.9251 0.7983 | 0.2355 0.9344 | 0.2130 0.9722 | Time: 5.3008
Epoch: 0063 | TRAIN: 0.4689 0.8966 | 0.0019 1.0000 | 0.0023 1.0000 | Time: 55.3725 | VAL: 0.9087 0.8134 | 0.1553 1.0000 | 0.1593 0.9866 | Time: 4.0620 | TEST: 0.9095 0.7949 | 0.2266 0.9754 | 0.2116 0.9722 | Time: 4.8151
Epoch: 0064 | TRAIN: 0.4866 0.8840 | 0.0019 1.0000 | 0.0023 1.0000 | Time: 56.1194 | VAL: 0.9080 0.8152 | 0.1505 1.0000 | 0.1606 0.9866 | Time: 4.4796 | TEST: 0.9077 0.7966 | 0.2229 0.9508 | 0.2112 0.9722 | Time: 5.5173
Epoch: 0065 | TRAIN: 0.4739 0.8978 | 0.0020 1.0000 | 0.0022 1.0000 | Time: 56.9273 | VAL: 0.9063 0.8134 | 0.1482 1.0000 | 0.1579 0.9866 | Time: 4.6085 | TEST: 0.9049 0.8034 | 0.2309 0.9426 | 0.2094 0.9722 | Time: 4.9929
Epoch: 0066 | TRAIN: 0.4782 0.8912 | 0.0018 1.0000 | 0.0022 1.0000 | Time: 55.8150 | VAL: 0.9028 0.8225 | 0.1464 1.0000 | 0.1545 0.9866 | Time: 4.2246 | TEST: 0.9035 0.7983 | 0.2250 0.9508 | 0.2069 0.9667 | Time: 4.8434
Epoch: 0067 | TRAIN: 0.4687 0.8894 | 0.0018 1.0000 | 0.0022 1.0000 | Time: 56.2999 | VAL: 0.9065 0.8152 | 0.1528 1.0000 | 0.1507 0.9866 | Time: 4.4301 | TEST: 0.9094 0.8017 | 0.2291 0.9426 | 0.2059 0.9722 | Time: 5.1031
Epoch: 0068 | TRAIN: 0.4695 0.8876 | 0.0017 1.0000 | 0.0019 1.0000 | Time: 56.0734 | VAL: 0.8946 0.8152 | 0.1475 1.0000 | 0.1577 0.9866 | Time: 4.4526 | TEST: 0.8972 0.8034 | 0.2299 0.9344 | 0.2092 0.9722 | Time: 5.1673
Epoch: 0069 | TRAIN: 0.4713 0.8900 | 0.0016 1.0000 | 0.0019 1.0000 | Time: 56.1401 | VAL: 0.8973 0.8152 | 0.1534 1.0000 | 0.1486 0.9866 | Time: 4.3559 | TEST: 0.8977 0.8068 | 0.2299 0.9344 | 0.2020 0.9722 | Time: 5.1116
Epoch: 0070 | TRAIN: 0.4606 0.8966 | 0.0016 1.0000 | 0.0019 1.0000 | Time: 55.2352 | VAL: 0.9001 0.8170 | 0.1490 1.0000 | 0.1509 0.9866 | Time: 4.2143 | TEST: 0.9000 0.7966 | 0.2341 0.9426 | 0.2069 0.9667 | Time: 4.7589
Epoch: 0071 | TRAIN: 0.4624 0.8978 | 0.0016 1.0000 | 0.0018 1.0000 | Time: 57.3517 | VAL: 0.8867 0.8207 | 0.1485 1.0000 | 0.1483 0.9866 | Time: 3.9049 | TEST: 0.8877 0.8000 | 0.2268 0.9426 | 0.2033 0.9667 | Time: 4.5621
Epoch: 0072 | TRAIN: 0.4514 0.8990 | 0.0015 1.0000 | 0.0018 1.0000 | Time: 54.7910 | VAL: 0.8829 0.8225 | 0.1509 1.0000 | 0.1459 0.9866 | Time: 4.3504 | TEST: 0.8851 0.8034 | 0.2250 0.9344 | 0.2029 0.9722 | Time: 5.0356
Epoch: 0073 | TRAIN: 0.4693 0.8954 | 0.0016 1.0000 | 0.0018 1.0000 | Time: 57.3564 | VAL: 0.8808 0.8134 | 0.1495 1.0000 | 0.1451 0.9866 | Time: 4.8462 | TEST: 0.8803 0.8000 | 0.2270 0.9426 | 0.1995 0.9722 | Time: 4.8558
Epoch: 0074 | TRAIN: 0.4481 0.8948 | 0.0014 1.0000 | 0.0016 1.0000 | Time: 55.9796 | VAL: 0.8819 0.8207 | 0.1490 1.0000 | 0.1461 0.9866 | Time: 4.2958 | TEST: 0.8843 0.8000 | 0.2288 0.9426 | 0.1973 0.9722 | Time: 4.9680
Epoch: 0075 | TRAIN: 0.4516 0.8984 | 0.0015 1.0000 | 0.0016 1.0000 | Time: 56.4005 | VAL: 0.8810 0.8152 | 0.1474 1.0000 | 0.1429 0.9866 | Time: 4.1900 | TEST: 0.8790 0.8000 | 0.2317 0.9344 | 0.1965 0.9722 | Time: 5.4376
Epoch: 0076 | TRAIN: 0.4532 0.9008 | 0.0015 1.0000 | 0.0015 1.0000 | Time: 56.1175 | VAL: 0.8764 0.8170 | 0.1493 1.0000 | 0.1456 0.9866 | Time: 4.1693 | TEST: 0.8809 0.8034 | 0.2315 0.9344 | 0.1963 0.9667 | Time: 5.1467
Epoch: 0077 | TRAIN: 0.4432 0.8972 | 0.0014 1.0000 | 0.0015 1.0000 | Time: 56.5730 | VAL: 0.8799 0.8134 | 0.1465 1.0000 | 0.1446 0.9866 | Time: 4.4496 | TEST: 0.8839 0.8017 | 0.2329 0.9344 | 0.1989 0.9611 | Time: 5.2687
Epoch: 0078 | TRAIN: 0.4398 0.8918 | 0.0013 1.0000 | 0.0015 1.0000 | Time: 55.4322 | VAL: 0.8702 0.8134 | 0.1405 1.0000 | 0.1416 0.9866 | Time: 3.9648 | TEST: 0.8733 0.8034 | 0.2192 0.9672 | 0.1961 0.9722 | Time: 4.7536
Epoch: 0079 | TRAIN: 0.4398 0.8942 | 0.0013 1.0000 | 0.0014 1.0000 | Time: 54.5707 | VAL: 0.8665 0.8170 | 0.1475 1.0000 | 0.1391 0.9866 | Time: 4.5074 | TEST: 0.8710 0.8000 | 0.2252 0.9590 | 0.1945 0.9611 | Time: 4.5650
Epoch: 0080 | TRAIN: 0.4339 0.8984 | 0.0012 1.0000 | 0.0014 1.0000 | Time: 54.9805 | VAL: 0.8612 0.8152 | 0.1433 1.0000 | 0.1391 0.9866 | Time: 4.3485 | TEST: 0.8638 0.8000 | 0.2211 0.9508 | 0.1898 0.9611 | Time: 5.1762
Epoch: 0081 | TRAIN: 0.4374 0.8984 | 0.0013 1.0000 | 0.0014 1.0000 | Time: 56.1947 | VAL: 0.8661 0.8134 | 0.1430 1.0000 | 0.1344 0.9866 | Time: 4.2305 | TEST: 0.8693 0.8034 | 0.2215 0.9508 | 0.1905 0.9667 | Time: 5.1819
Epoch: 0082 | TRAIN: 0.4308 0.8972 | 0.0012 1.0000 | 0.0014 1.0000 | Time: 57.3864 | VAL: 0.8613 0.8188 | 0.1382 1.0000 | 0.1352 0.9866 | Time: 4.1367 | TEST: 0.8691 0.8034 | 0.2128 0.9590 | 0.1838 0.9667 | Time: 4.8914
Epoch: 0083 | TRAIN: 0.4369 0.8936 | 0.0012 1.0000 | 0.0014 1.0000 | Time: 56.4224 | VAL: 0.8620 0.8152 | 0.1392 1.0000 | 0.1316 0.9866 | Time: 4.4105 | TEST: 0.8653 0.8085 | 0.2107 0.9590 | 0.1885 0.9667 | Time: 4.8726
Epoch: 0084 | TRAIN: 0.4134 0.9032 | 0.0012 1.0000 | 0.0013 1.0000 | Time: 56.0686 | VAL: 0.8583 0.8134 | 0.1439 1.0000 | 0.1300 0.9866 | Time: 4.1395 | TEST: 0.8604 0.8068 | 0.2141 0.9508 | 0.1881 0.9667 | Time: 4.9697
Epoch: 0085 | TRAIN: 0.4201 0.9002 | 0.0011 1.0000 | 0.0013 1.0000 | Time: 56.4631 | VAL: 0.8523 0.8152 | 0.1426 1.0000 | 0.1341 0.9866 | Time: 4.3200 | TEST: 0.8551 0.8000 | 0.2145 0.9344 | 0.1889 0.9667 | Time: 5.0795
Epoch: 0086 | TRAIN: 0.4077 0.9020 | 0.0012 1.0000 | 0.0013 1.0000 | Time: 54.9304 | VAL: 0.8606 0.8170 | 0.1380 1.0000 | 0.1338 0.9866 | Time: 3.9811 | TEST: 0.8599 0.8000 | 0.2096 0.9508 | 0.1876 0.9667 | Time: 4.9077
Epoch: 0087 | TRAIN: 0.4195 0.8954 | 0.0011 1.0000 | 0.0012 1.0000 | Time: 54.5424 | VAL: 0.8570 0.8170 | 0.1428 1.0000 | 0.1332 0.9866 | Time: 4.6379 | TEST: 0.8580 0.8051 | 0.2143 0.9590 | 0.1902 0.9611 | Time: 5.3830
Epoch: 0088 | TRAIN: 0.4085 0.9056 | 0.0011 1.0000 | 0.0012 1.0000 | Time: 54.8993 | VAL: 0.8623 0.8134 | 0.1455 1.0000 | 0.1348 0.9866 | Time: 4.1436 | TEST: 0.8641 0.7966 | 0.2193 0.9426 | 0.1937 0.9667 | Time: 5.0298
Epoch: 0089 | TRAIN: 0.4213 0.8984 | 0.0010 1.0000 | 0.0011 1.0000 | Time: 55.1129 | VAL: 0.8502 0.8116 | 0.1414 1.0000 | 0.1300 0.9866 | Time: 4.8196 | TEST: 0.8523 0.7949 | 0.2156 0.9426 | 0.1857 0.9611 | Time: 5.2597
Epoch: 0090 | TRAIN: 0.4225 0.9002 | 0.0010 1.0000 | 0.0012 1.0000 | Time: 56.7511 | VAL: 0.8545 0.8152 | 0.1375 1.0000 | 0.1321 0.9866 | Time: 4.4482 | TEST: 0.8551 0.7966 | 0.2126 0.9672 | 0.1918 0.9611 | Time: 4.7778
Epoch: 0091 | TRAIN: 0.4090 0.9062 | 0.0010 1.0000 | 0.0011 1.0000 | Time: 56.1024 | VAL: 0.8541 0.8116 | 0.1440 1.0000 | 0.1327 0.9866 | Time: 4.4838 | TEST: 0.8543 0.7983 | 0.2176 0.9426 | 0.1808 0.9722 | Time: 4.9722
Epoch: 0092 | TRAIN: 0.4017 0.9044 | 0.0010 1.0000 | 0.0011 1.0000 | Time: 55.9598 | VAL: 0.8536 0.8116 | 0.1422 1.0000 | 0.1317 0.9799 | Time: 4.6966 | TEST: 0.8520 0.8051 | 0.2189 0.9344 | 0.1861 0.9611 | Time: 4.9619
Epoch: 0093 | TRAIN: 0.4092 0.8996 | 0.0009 1.0000 | 0.0011 1.0000 | Time: 55.3386 | VAL: 0.8527 0.8134 | 0.1369 1.0000 | 0.1286 0.9866 | Time: 4.3110 | TEST: 0.8510 0.8000 | 0.2152 0.9344 | 0.1798 0.9778 | Time: 5.0858
Epoch: 0094 | TRAIN: 0.4051 0.9062 | 0.0009 1.0000 | 0.0011 1.0000 | Time: 55.6273 | VAL: 0.8452 0.8152 | 0.1389 1.0000 | 0.1247 0.9866 | Time: 4.7283 | TEST: 0.8500 0.8034 | 0.2091 0.9590 | 0.1823 0.9611 | Time: 4.8690
Epoch: 0095 | TRAIN: 0.3959 0.9038 | 0.0008 1.0000 | 0.0010 1.0000 | Time: 54.7536 | VAL: 0.8450 0.8134 | 0.1353 1.0000 | 0.1243 0.9866 | Time: 4.5373 | TEST: 0.8459 0.8034 | 0.2137 0.9508 | 0.1798 0.9667 | Time: 4.7694
Epoch: 0096 | TRAIN: 0.3970 0.9008 | 0.0009 1.0000 | 0.0010 1.0000 | Time: 54.1762 | VAL: 0.8516 0.8188 | 0.1350 1.0000 | 0.1253 0.9866 | Time: 4.1463 | TEST: 0.8512 0.8000 | 0.2153 0.9508 | 0.1823 0.9722 | Time: 5.2377
Epoch: 0097 | TRAIN: 0.3759 0.9081 | 0.0008 1.0000 | 0.0010 1.0000 | Time: 55.5121 | VAL: 0.8460 0.8152 | 0.1379 1.0000 | 0.1286 0.9866 | Time: 4.3768 | TEST: 0.8472 0.7949 | 0.2153 0.9426 | 0.1816 0.9667 | Time: 4.9226
Epoch: 0098 | TRAIN: 0.3866 0.9129 | 0.0008 1.0000 | 0.0009 1.0000 | Time: 56.2208 | VAL: 0.8483 0.8152 | 0.1386 1.0000 | 0.1292 0.9866 | Time: 4.4404 | TEST: 0.8487 0.7966 | 0.2123 0.9426 | 0.1790 0.9722 | Time: 5.2609
Epoch: 0099 | TRAIN: 0.3874 0.9111 | 0.0009 1.0000 | 0.0010 1.0000 | Time: 57.5028 | VAL: 0.8437 0.8152 | 0.1358 1.0000 | 0.1266 0.9866 | Time: 4.2895 | TEST: 0.8456 0.8017 | 0.2085 0.9426 | 0.1813 0.9611 | Time: 5.1975
========================================
Best Result: Epoch 66, result {'amazon': [0.7982905982905983], 'dslr': [0.9508196721311475], 'webcam': [0.9666666666666667]}
========================================
