Looking in indexes: https://pypi.org/simple, https://pip.repos.neuron.amazonaws.com
Collecting cvxpy
  Downloading cvxpy-1.3.1-cp38-cp38-manylinux_2_17_x86_64.manylinux2014_x86_64.whl (4.0 MB)
     ━━━━━━━━━━━━━━━━━━━━━━━━━━━━━━━━━━━━━━━━ 4.0/4.0 MB 68.9 MB/s eta 0:00:00
Collecting osqp>=0.4.1 (from cvxpy)
  Downloading osqp-0.6.2.post9-cp38-cp38-manylinux_2_5_x86_64.manylinux1_x86_64.manylinux_2_17_x86_64.manylinux2014_x86_64.whl (299 kB)
     ━━━━━━━━━━━━━━━━━━━━━━━━━━━━━━━━━━━━━━━━ 299.7/299.7 kB 51.3 MB/s eta 0:00:00
Collecting ecos>=2 (from cvxpy)
  Downloading ecos-2.0.12-cp38-cp38-manylinux_2_17_x86_64.manylinux2014_x86_64.whl (221 kB)
     ━━━━━━━━━━━━━━━━━━━━━━━━━━━━━━━━━━━━━━━━ 221.6/221.6 kB 41.0 MB/s eta 0:00:00
Collecting scs>=1.1.6 (from cvxpy)
  Downloading scs-3.2.3-cp38-cp38-manylinux_2_17_x86_64.manylinux2014_x86_64.whl (10.7 MB)
     ━━━━━━━━━━━━━━━━━━━━━━━━━━━━━━━━━━━━━━━━ 10.7/10.7 MB 93.9 MB/s eta 0:00:00
Requirement already satisfied: numpy>=1.15 in /home/ec2-user/anaconda3/envs/libmtl/lib/python3.8/site-packages (from cvxpy) (1.24.3)
Requirement already satisfied: scipy>=1.1.0 in /home/ec2-user/anaconda3/envs/libmtl/lib/python3.8/site-packages (from cvxpy) (1.10.1)
Requirement already satisfied: setuptools>65.5.1 in /home/ec2-user/anaconda3/envs/libmtl/lib/python3.8/site-packages (from cvxpy) (67.7.2)
Collecting qdldl (from osqp>=0.4.1->cvxpy)
  Downloading qdldl-0.1.7-cp38-cp38-manylinux_2_17_x86_64.manylinux2014_x86_64.whl (1.0 MB)
     ━━━━━━━━━━━━━━━━━━━━━━━━━━━━━━━━━━━━━━━━ 1.0/1.0 MB 22.0 MB/s eta 0:00:00
Installing collected packages: scs, qdldl, ecos, osqp, cvxpy
Successfully installed cvxpy-1.3.1 ecos-2.0.12 osqp-0.6.2.post9 qdldl-0.1.7 scs-3.2.3
========================================
General Configuration:
	Wighting: MoDo
	Architecture: HPS
	Rep_Grad: False
	Multi_Input: True
	Seed: 2
	Device: cuda:2
MoDo Configuration:
	weighting: MoDo
	gamma_modo: 0.001
	rho_modo: 0.0
	modo_gn: none
Optimizer Configuration:
	optim: adam
	lr: 0.0001
	weight_decay: 1e-05
========================================
Total Params: 11487901
Trainable Params: 11487901
Non-trainable Params: 0
========================================
LOG FORMAT | amazon_LOSS Acc | dslr_LOSS Acc | webcam_LOSS Acc | TIME
Epoch: 0000 | TRAIN: 2.2131 0.5162 | 1.3684 0.8266 | 1.5436 0.7876 | Time: 140.4037 | VAL: 1.5094 0.7572 | 0.9275 0.9663 | 1.0193 0.9396 | Time: 3.5995 | TEST: 1.5141 0.7470 | 0.9709 0.9426 | 1.1317 0.9444 | Time: 4.2296
Epoch: 0001 | TRAIN: 0.9752 0.8627 | 0.2623 1.0000 | 0.3613 0.9988 | Time: 141.9025 | VAL: 1.0716 0.8261 | 0.6434 0.9888 | 0.6799 0.9530 | Time: 3.6478 | TEST: 1.0779 0.8137 | 0.7123 0.9508 | 0.7658 0.9833 | Time: 4.4658
Epoch: 0002 | TRAIN: 0.4747 0.9660 | 0.1245 1.0000 | 0.1618 1.0000 | Time: 142.6370 | VAL: 0.8949 0.8460 | 0.5576 0.9888 | 0.5627 0.9597 | Time: 4.1070 | TEST: 0.9111 0.8444 | 0.6308 0.9508 | 0.6360 0.9889 | Time: 4.4046
Epoch: 0003 | TRAIN: 0.2242 0.9946 | 0.0761 1.0000 | 0.0957 1.0000 | Time: 144.9538 | VAL: 0.8082 0.8659 | 0.5215 1.0000 | 0.4964 0.9530 | Time: 3.6139 | TEST: 0.8259 0.8598 | 0.5898 0.9426 | 0.5614 0.9889 | Time: 4.1711
Epoch: 0004 | TRAIN: 0.1193 0.9997 | 0.0526 1.0000 | 0.0636 1.0000 | Time: 142.9988 | VAL: 0.7639 0.8641 | 0.5038 1.0000 | 0.4693 0.9597 | Time: 3.5381 | TEST: 0.7877 0.8581 | 0.5718 0.9590 | 0.5268 0.9833 | Time: 4.2565
Epoch: 0005 | TRAIN: 0.0804 1.0000 | 0.0386 1.0000 | 0.0468 1.0000 | Time: 139.3789 | VAL: 0.7379 0.8641 | 0.4976 1.0000 | 0.4494 0.9530 | Time: 3.6762 | TEST: 0.7636 0.8479 | 0.5694 0.9590 | 0.4941 0.9889 | Time: 4.3534
Epoch: 0006 | TRAIN: 0.0560 1.0000 | 0.0301 1.0000 | 0.0358 1.0000 | Time: 142.7585 | VAL: 0.7037 0.8641 | 0.4666 1.0000 | 0.4304 0.9530 | Time: 3.6126 | TEST: 0.7334 0.8547 | 0.5465 0.9672 | 0.4858 0.9833 | Time: 4.3465
Epoch: 0007 | TRAIN: 0.0452 1.0000 | 0.0239 1.0000 | 0.0289 1.0000 | Time: 140.1179 | VAL: 0.6826 0.8696 | 0.4679 1.0000 | 0.4255 0.9530 | Time: 3.7344 | TEST: 0.7170 0.8581 | 0.5432 0.9508 | 0.4716 0.9833 | Time: 4.7640
Epoch: 0008 | TRAIN: 0.0375 1.0000 | 0.0198 1.0000 | 0.0233 1.0000 | Time: 147.4767 | VAL: 0.6750 0.8623 | 0.4622 1.0000 | 0.4208 0.9530 | Time: 3.5308 | TEST: 0.7050 0.8564 | 0.5297 0.9426 | 0.4679 0.9778 | Time: 4.2714
Epoch: 0009 | TRAIN: 0.0328 1.0000 | 0.0175 1.0000 | 0.0207 1.0000 | Time: 143.0144 | VAL: 0.6554 0.8696 | 0.4661 1.0000 | 0.4031 0.9530 | Time: 3.8693 | TEST: 0.6864 0.8598 | 0.5383 0.9508 | 0.4579 0.9778 | Time: 4.3501
Epoch: 0010 | TRAIN: 0.0264 1.0000 | 0.0150 1.0000 | 0.0170 1.0000 | Time: 140.7230 | VAL: 0.6592 0.8678 | 0.4570 0.9888 | 0.3868 0.9530 | Time: 3.5118 | TEST: 0.6928 0.8530 | 0.5180 0.9508 | 0.4351 0.9833 | Time: 4.2272
Epoch: 0011 | TRAIN: 0.0210 1.0000 | 0.0123 1.0000 | 0.0149 1.0000 | Time: 140.9777 | VAL: 0.6400 0.8714 | 0.4377 0.9888 | 0.3802 0.9530 | Time: 3.6780 | TEST: 0.6696 0.8564 | 0.5098 0.9508 | 0.4320 0.9833 | Time: 4.2902
Epoch: 0012 | TRAIN: 0.0200 1.0000 | 0.0110 1.0000 | 0.0134 1.0000 | Time: 142.3449 | VAL: 0.6434 0.8678 | 0.4294 0.9775 | 0.3668 0.9530 | Time: 3.7050 | TEST: 0.6678 0.8530 | 0.5059 0.9590 | 0.4125 0.9833 | Time: 4.5238
Epoch: 0013 | TRAIN: 0.0175 1.0000 | 0.0104 1.0000 | 0.0121 1.0000 | Time: 141.6558 | VAL: 0.6407 0.8678 | 0.4291 1.0000 | 0.3699 0.9396 | Time: 3.6872 | TEST: 0.6671 0.8547 | 0.5039 0.9508 | 0.4082 0.9778 | Time: 4.3659
Epoch: 0014 | TRAIN: 0.0156 1.0000 | 0.0089 1.0000 | 0.0104 1.0000 | Time: 142.6589 | VAL: 0.6330 0.8696 | 0.4343 1.0000 | 0.3652 0.9463 | Time: 3.7100 | TEST: 0.6616 0.8547 | 0.5032 0.9508 | 0.4058 0.9778 | Time: 4.8579
Epoch: 0015 | TRAIN: 0.0134 1.0000 | 0.0079 1.0000 | 0.0094 1.0000 | Time: 142.0776 | VAL: 0.6295 0.8768 | 0.4262 0.9775 | 0.3592 0.9597 | Time: 3.5649 | TEST: 0.6621 0.8547 | 0.4964 0.9508 | 0.3990 0.9778 | Time: 4.2282
Epoch: 0016 | TRAIN: 0.0132 1.0000 | 0.0073 1.0000 | 0.0086 1.0000 | Time: 141.3656 | VAL: 0.6211 0.8714 | 0.4232 0.9775 | 0.3527 0.9530 | Time: 3.5930 | TEST: 0.6516 0.8598 | 0.5014 0.9590 | 0.3978 0.9778 | Time: 4.2862
Epoch: 0017 | TRAIN: 0.0115 1.0000 | 0.0067 1.0000 | 0.0075 1.0000 | Time: 141.4241 | VAL: 0.6211 0.8732 | 0.4226 0.9888 | 0.3461 0.9597 | Time: 3.9516 | TEST: 0.6485 0.8547 | 0.4934 0.9672 | 0.3912 0.9833 | Time: 4.2804
Epoch: 0018 | TRAIN: 0.0102 1.0000 | 0.0063 1.0000 | 0.0069 1.0000 | Time: 140.5535 | VAL: 0.6122 0.8732 | 0.4065 0.9888 | 0.3519 0.9530 | Time: 4.2934 | TEST: 0.6467 0.8479 | 0.4828 0.9590 | 0.3872 0.9778 | Time: 5.0334
Epoch: 0019 | TRAIN: 0.0097 1.0000 | 0.0057 1.0000 | 0.0065 1.0000 | Time: 141.2916 | VAL: 0.6171 0.8696 | 0.4070 0.9775 | 0.3398 0.9664 | Time: 3.6368 | TEST: 0.6452 0.8513 | 0.4804 0.9508 | 0.3776 0.9833 | Time: 4.3433
Epoch: 0020 | TRAIN: 0.0085 1.0000 | 0.0050 1.0000 | 0.0056 1.0000 | Time: 140.5783 | VAL: 0.6045 0.8750 | 0.4089 0.9775 | 0.3396 0.9597 | Time: 3.5674 | TEST: 0.6421 0.8564 | 0.4822 0.9672 | 0.3828 0.9833 | Time: 4.1938
Epoch: 0021 | TRAIN: 0.0078 1.0000 | 0.0048 1.0000 | 0.0057 1.0000 | Time: 141.1141 | VAL: 0.6001 0.8732 | 0.4060 0.9888 | 0.3365 0.9530 | Time: 3.9522 | TEST: 0.6342 0.8547 | 0.4792 0.9508 | 0.3726 0.9833 | Time: 4.7174
Epoch: 0022 | TRAIN: 0.0073 1.0000 | 0.0047 1.0000 | 0.0053 1.0000 | Time: 141.1964 | VAL: 0.6070 0.8696 | 0.3991 0.9888 | 0.3303 0.9530 | Time: 3.5874 | TEST: 0.6323 0.8530 | 0.4731 0.9508 | 0.3667 0.9722 | Time: 4.2600
Epoch: 0023 | TRAIN: 0.0072 1.0000 | 0.0043 1.0000 | 0.0047 1.0000 | Time: 141.3253 | VAL: 0.6031 0.8804 | 0.4011 0.9775 | 0.3355 0.9530 | Time: 3.5707 | TEST: 0.6337 0.8581 | 0.4708 0.9508 | 0.3703 0.9667 | Time: 4.2567
Epoch: 0024 | TRAIN: 0.0065 1.0000 | 0.0039 1.0000 | 0.0045 1.0000 | Time: 143.4659 | VAL: 0.6044 0.8750 | 0.4082 0.9888 | 0.3314 0.9463 | Time: 3.7019 | TEST: 0.6322 0.8564 | 0.4797 0.9508 | 0.3649 0.9667 | Time: 4.3284
Epoch: 0025 | TRAIN: 0.0059 1.0000 | 0.0036 1.0000 | 0.0043 1.0000 | Time: 142.0761 | VAL: 0.6063 0.8714 | 0.3987 0.9775 | 0.3224 0.9530 | Time: 3.6024 | TEST: 0.6335 0.8547 | 0.4613 0.9508 | 0.3531 0.9778 | Time: 4.2984
Epoch: 0026 | TRAIN: 0.0055 1.0000 | 0.0036 1.0000 | 0.0039 1.0000 | Time: 143.1854 | VAL: 0.5913 0.8768 | 0.3972 0.9888 | 0.3159 0.9597 | Time: 3.6713 | TEST: 0.6236 0.8547 | 0.4562 0.9508 | 0.3607 0.9833 | Time: 4.2897
Epoch: 0027 | TRAIN: 0.0056 1.0000 | 0.0033 1.0000 | 0.0037 1.0000 | Time: 143.5754 | VAL: 0.5942 0.8786 | 0.3970 0.9775 | 0.3257 0.9463 | Time: 3.6558 | TEST: 0.6313 0.8547 | 0.4682 0.9590 | 0.3609 0.9722 | Time: 4.4130
Epoch: 0028 | TRAIN: 0.0050 1.0000 | 0.0032 1.0000 | 0.0034 1.0000 | Time: 143.6487 | VAL: 0.5891 0.8786 | 0.4013 0.9775 | 0.3233 0.9530 | Time: 3.8740 | TEST: 0.6283 0.8530 | 0.4611 0.9508 | 0.3600 0.9778 | Time: 4.2204
Epoch: 0029 | TRAIN: 0.0048 1.0000 | 0.0029 1.0000 | 0.0032 1.0000 | Time: 144.9180 | VAL: 0.5910 0.8804 | 0.3816 0.9888 | 0.3117 0.9463 | Time: 3.6429 | TEST: 0.6247 0.8547 | 0.4595 0.9508 | 0.3454 0.9778 | Time: 4.4326
Epoch: 0030 | TRAIN: 0.0045 1.0000 | 0.0026 1.0000 | 0.0032 1.0000 | Time: 146.5052 | VAL: 0.5863 0.8786 | 0.3853 0.9775 | 0.3124 0.9597 | Time: 3.7740 | TEST: 0.6237 0.8530 | 0.4509 0.9508 | 0.3466 0.9611 | Time: 4.2493
Epoch: 0031 | TRAIN: 0.0044 1.0000 | 0.0026 1.0000 | 0.0029 1.0000 | Time: 144.7575 | VAL: 0.5944 0.8750 | 0.3684 0.9888 | 0.3083 0.9530 | Time: 3.7138 | TEST: 0.6231 0.8564 | 0.4321 0.9672 | 0.3358 0.9667 | Time: 4.1987
Epoch: 0032 | TRAIN: 0.0040 1.0000 | 0.0024 1.0000 | 0.0029 1.0000 | Time: 143.7344 | VAL: 0.5865 0.8750 | 0.3763 0.9888 | 0.3131 0.9463 | Time: 3.5811 | TEST: 0.6188 0.8598 | 0.4498 0.9590 | 0.3362 0.9722 | Time: 4.3535
Epoch: 0033 | TRAIN: 0.0039 1.0000 | 0.0022 1.0000 | 0.0025 1.0000 | Time: 144.8305 | VAL: 0.5857 0.8786 | 0.3679 0.9775 | 0.3117 0.9597 | Time: 3.5432 | TEST: 0.6180 0.8547 | 0.4425 0.9508 | 0.3358 0.9778 | Time: 4.2790
Epoch: 0034 | TRAIN: 0.0036 1.0000 | 0.0020 1.0000 | 0.0026 1.0000 | Time: 144.6290 | VAL: 0.5809 0.8804 | 0.3710 0.9888 | 0.3049 0.9530 | Time: 3.7897 | TEST: 0.6194 0.8547 | 0.4409 0.9672 | 0.3268 0.9667 | Time: 4.5107
Epoch: 0035 | TRAIN: 0.0036 1.0000 | 0.0021 1.0000 | 0.0024 1.0000 | Time: 144.5552 | VAL: 0.5824 0.8786 | 0.3631 0.9888 | 0.3025 0.9597 | Time: 3.7858 | TEST: 0.6177 0.8547 | 0.4391 0.9508 | 0.3267 0.9722 | Time: 4.4629
Epoch: 0036 | TRAIN: 0.0033 1.0000 | 0.0020 1.0000 | 0.0021 1.0000 | Time: 143.3219 | VAL: 0.5755 0.8786 | 0.3636 0.9888 | 0.2950 0.9530 | Time: 3.6760 | TEST: 0.6054 0.8564 | 0.4450 0.9590 | 0.3176 0.9778 | Time: 4.3838
Epoch: 0037 | TRAIN: 0.0032 1.0000 | 0.0018 1.0000 | 0.0021 1.0000 | Time: 144.4332 | VAL: 0.5795 0.8750 | 0.3668 0.9775 | 0.2975 0.9597 | Time: 4.3210 | TEST: 0.6166 0.8547 | 0.4331 0.9590 | 0.3273 0.9722 | Time: 4.8001
Epoch: 0038 | TRAIN: 0.0030 1.0000 | 0.0017 1.0000 | 0.0021 1.0000 | Time: 144.0023 | VAL: 0.5813 0.8768 | 0.3709 1.0000 | 0.3007 0.9530 | Time: 3.5835 | TEST: 0.6190 0.8547 | 0.4362 0.9590 | 0.3320 0.9611 | Time: 4.1668
Epoch: 0039 | TRAIN: 0.0026 1.0000 | 0.0017 1.0000 | 0.0019 1.0000 | Time: 141.8981 | VAL: 0.5794 0.8768 | 0.3656 0.9888 | 0.2846 0.9530 | Time: 4.0666 | TEST: 0.6191 0.8564 | 0.4389 0.9590 | 0.3216 0.9667 | Time: 5.1049
Epoch: 0040 | TRAIN: 0.0027 1.0000 | 0.0016 1.0000 | 0.0019 1.0000 | Time: 142.2862 | VAL: 0.5781 0.8786 | 0.3659 1.0000 | 0.2805 0.9597 | Time: 3.6040 | TEST: 0.6136 0.8530 | 0.4311 0.9508 | 0.3111 0.9722 | Time: 4.3439
Epoch: 0041 | TRAIN: 0.0026 1.0000 | 0.0016 1.0000 | 0.0018 1.0000 | Time: 141.7280 | VAL: 0.5686 0.8804 | 0.3648 1.0000 | 0.2776 0.9597 | Time: 4.1839 | TEST: 0.6090 0.8581 | 0.4351 0.9590 | 0.3111 0.9667 | Time: 4.2305
Epoch: 0042 | TRAIN: 0.0025 1.0000 | 0.0015 1.0000 | 0.0016 1.0000 | Time: 140.5287 | VAL: 0.5703 0.8768 | 0.3665 1.0000 | 0.2815 0.9597 | Time: 3.8301 | TEST: 0.6130 0.8564 | 0.4353 0.9590 | 0.3130 0.9722 | Time: 4.7000
Epoch: 0043 | TRAIN: 0.0023 1.0000 | 0.0014 1.0000 | 0.0016 1.0000 | Time: 144.8731 | VAL: 0.5696 0.8804 | 0.3442 0.9888 | 0.2784 0.9597 | Time: 3.6002 | TEST: 0.6159 0.8547 | 0.4132 0.9508 | 0.3113 0.9611 | Time: 4.4117
Epoch: 0044 | TRAIN: 0.0024 1.0000 | 0.0013 1.0000 | 0.0017 1.0000 | Time: 144.3938 | VAL: 0.5725 0.8750 | 0.3549 0.9888 | 0.2845 0.9597 | Time: 3.7710 | TEST: 0.6089 0.8530 | 0.4245 0.9508 | 0.3104 0.9667 | Time: 4.2574
Epoch: 0045 | TRAIN: 0.0023 1.0000 | 0.0014 1.0000 | 0.0015 1.0000 | Time: 143.4786 | VAL: 0.5779 0.8804 | 0.3373 0.9775 | 0.2712 0.9597 | Time: 4.2261 | TEST: 0.6172 0.8564 | 0.4147 0.9508 | 0.2985 0.9778 | Time: 4.6663
Epoch: 0046 | TRAIN: 0.0022 1.0000 | 0.0012 1.0000 | 0.0014 1.0000 | Time: 145.2710 | VAL: 0.5780 0.8804 | 0.3413 0.9775 | 0.2636 0.9597 | Time: 3.8202 | TEST: 0.6081 0.8530 | 0.4125 0.9508 | 0.2897 0.9778 | Time: 4.3028
Epoch: 0047 | TRAIN: 0.0020 1.0000 | 0.0012 1.0000 | 0.0014 1.0000 | Time: 141.2450 | VAL: 0.5795 0.8732 | 0.3310 0.9775 | 0.2694 0.9597 | Time: 3.6342 | TEST: 0.6132 0.8530 | 0.4077 0.9590 | 0.2954 0.9778 | Time: 4.3507
Epoch: 0048 | TRAIN: 0.0019 1.0000 | 0.0011 1.0000 | 0.0012 1.0000 | Time: 141.6596 | VAL: 0.5758 0.8768 | 0.3420 0.9888 | 0.2726 0.9597 | Time: 3.5905 | TEST: 0.6093 0.8530 | 0.4082 0.9508 | 0.3008 0.9722 | Time: 4.2746
Epoch: 0049 | TRAIN: 0.0018 1.0000 | 0.0011 1.0000 | 0.0012 1.0000 | Time: 141.1822 | VAL: 0.5680 0.8768 | 0.3335 1.0000 | 0.2669 0.9597 | Time: 3.8111 | TEST: 0.6060 0.8547 | 0.4135 0.9590 | 0.2899 0.9611 | Time: 4.4378
Epoch: 0050 | TRAIN: 0.0018 1.0000 | 0.0011 1.0000 | 0.0012 1.0000 | Time: 144.1176 | VAL: 0.5705 0.8768 | 0.3268 0.9888 | 0.2660 0.9597 | Time: 3.5913 | TEST: 0.6080 0.8564 | 0.4037 0.9672 | 0.2928 0.9667 | Time: 4.2695
Epoch: 0051 | TRAIN: 0.0016 1.0000 | 0.0010 1.0000 | 0.0011 1.0000 | Time: 142.5852 | VAL: 0.5748 0.8768 | 0.3337 0.9775 | 0.2588 0.9530 | Time: 3.5886 | TEST: 0.6172 0.8530 | 0.3999 0.9672 | 0.2893 0.9722 | Time: 4.2535
Epoch: 0052 | TRAIN: 0.0016 1.0000 | 0.0010 1.0000 | 0.0011 1.0000 | Time: 143.1811 | VAL: 0.5728 0.8786 | 0.3374 0.9888 | 0.2602 0.9597 | Time: 3.5381 | TEST: 0.6203 0.8513 | 0.3981 0.9508 | 0.2885 0.9667 | Time: 4.2295
Epoch: 0053 | TRAIN: 0.0015 1.0000 | 0.0009 1.0000 | 0.0011 1.0000 | Time: 139.2623 | VAL: 0.5759 0.8750 | 0.3264 0.9888 | 0.2649 0.9463 | Time: 3.5887 | TEST: 0.6139 0.8496 | 0.3963 0.9508 | 0.2841 0.9722 | Time: 4.2984
Epoch: 0054 | TRAIN: 0.0016 1.0000 | 0.0009 1.0000 | 0.0010 1.0000 | Time: 140.4162 | VAL: 0.5713 0.8768 | 0.3361 0.9775 | 0.2642 0.9396 | Time: 3.5912 | TEST: 0.6101 0.8496 | 0.3988 0.9508 | 0.2885 0.9667 | Time: 4.2762
Epoch: 0055 | TRAIN: 0.0014 1.0000 | 0.0010 1.0000 | 0.0010 1.0000 | Time: 142.0875 | VAL: 0.5782 0.8768 | 0.3260 0.9888 | 0.2548 0.9597 | Time: 3.7725 | TEST: 0.6091 0.8496 | 0.3904 0.9590 | 0.2843 0.9667 | Time: 4.2370
Epoch: 0056 | TRAIN: 0.0013 1.0000 | 0.0008 1.0000 | 0.0010 1.0000 | Time: 141.6895 | VAL: 0.5754 0.8804 | 0.3290 0.9888 | 0.2512 0.9597 | Time: 3.6674 | TEST: 0.6089 0.8547 | 0.3915 0.9672 | 0.2764 0.9722 | Time: 4.2563
Epoch: 0057 | TRAIN: 0.0013 1.0000 | 0.0009 1.0000 | 0.0009 1.0000 | Time: 140.7006 | VAL: 0.5686 0.8804 | 0.3218 0.9888 | 0.2499 0.9530 | Time: 3.5692 | TEST: 0.6085 0.8530 | 0.3899 0.9590 | 0.2851 0.9722 | Time: 4.2847
Epoch: 0058 | TRAIN: 0.0012 1.0000 | 0.0008 1.0000 | 0.0009 1.0000 | Time: 141.7606 | VAL: 0.5693 0.8804 | 0.3144 0.9888 | 0.2500 0.9530 | Time: 3.4847 | TEST: 0.6032 0.8547 | 0.3739 0.9590 | 0.2772 0.9611 | Time: 4.1698
Epoch: 0059 | TRAIN: 0.0013 1.0000 | 0.0008 1.0000 | 0.0008 1.0000 | Time: 143.8563 | VAL: 0.5790 0.8768 | 0.3229 0.9888 | 0.2499 0.9530 | Time: 3.9375 | TEST: 0.6055 0.8513 | 0.3906 0.9508 | 0.2749 0.9667 | Time: 4.5175
Epoch: 0060 | TRAIN: 0.0011 1.0000 | 0.0007 1.0000 | 0.0008 1.0000 | Time: 143.5897 | VAL: 0.5665 0.8841 | 0.3208 0.9888 | 0.2487 0.9530 | Time: 3.5087 | TEST: 0.6043 0.8530 | 0.3885 0.9508 | 0.2749 0.9778 | Time: 4.1388
Epoch: 0061 | TRAIN: 0.0012 1.0000 | 0.0007 1.0000 | 0.0007 1.0000 | Time: 139.9193 | VAL: 0.5682 0.8786 | 0.3181 0.9888 | 0.2444 0.9530 | Time: 3.6745 | TEST: 0.6039 0.8496 | 0.3824 0.9508 | 0.2732 0.9667 | Time: 4.6073
Epoch: 0062 | TRAIN: 0.0011 1.0000 | 0.0006 1.0000 | 0.0007 1.0000 | Time: 142.7445 | VAL: 0.5718 0.8732 | 0.3300 0.9888 | 0.2513 0.9530 | Time: 3.5645 | TEST: 0.6051 0.8547 | 0.3892 0.9508 | 0.2697 0.9611 | Time: 4.2231
Epoch: 0063 | TRAIN: 0.0011 1.0000 | 0.0006 1.0000 | 0.0007 1.0000 | Time: 145.1544 | VAL: 0.5713 0.8714 | 0.3166 0.9888 | 0.2465 0.9597 | Time: 4.2725 | TEST: 0.6080 0.8530 | 0.3834 0.9508 | 0.2659 0.9667 | Time: 4.5585
Epoch: 0064 | TRAIN: 0.0011 1.0000 | 0.0006 1.0000 | 0.0007 1.0000 | Time: 144.6272 | VAL: 0.5630 0.8841 | 0.3143 0.9888 | 0.2508 0.9530 | Time: 3.8565 | TEST: 0.5980 0.8513 | 0.3810 0.9508 | 0.2643 0.9611 | Time: 4.2938
Epoch: 0065 | TRAIN: 0.0010 1.0000 | 0.0006 1.0000 | 0.0006 1.0000 | Time: 140.4241 | VAL: 0.5639 0.8804 | 0.3132 0.9888 | 0.2486 0.9597 | Time: 3.5896 | TEST: 0.6039 0.8564 | 0.3780 0.9590 | 0.2659 0.9667 | Time: 4.2289
Epoch: 0066 | TRAIN: 0.0010 1.0000 | 0.0006 1.0000 | 0.0007 1.0000 | Time: 141.7743 | VAL: 0.5752 0.8768 | 0.3046 0.9888 | 0.2394 0.9530 | Time: 3.7974 | TEST: 0.6094 0.8530 | 0.3692 0.9590 | 0.2623 0.9667 | Time: 4.2642
Epoch: 0067 | TRAIN: 0.0009 1.0000 | 0.0005 1.0000 | 0.0006 1.0000 | Time: 144.5347 | VAL: 0.5850 0.8786 | 0.3080 0.9888 | 0.2436 0.9530 | Time: 3.6121 | TEST: 0.6158 0.8513 | 0.3823 0.9508 | 0.2649 0.9722 | Time: 4.3347
Epoch: 0068 | TRAIN: 0.0009 1.0000 | 0.0006 1.0000 | 0.0006 1.0000 | Time: 144.9713 | VAL: 0.5692 0.8786 | 0.3063 0.9888 | 0.2464 0.9530 | Time: 4.0131 | TEST: 0.6046 0.8564 | 0.3819 0.9508 | 0.2640 0.9611 | Time: 4.2730
Epoch: 0069 | TRAIN: 0.0008 1.0000 | 0.0005 1.0000 | 0.0006 1.0000 | Time: 144.7651 | VAL: 0.5717 0.8786 | 0.3038 0.9888 | 0.2427 0.9530 | Time: 3.7077 | TEST: 0.5974 0.8581 | 0.3805 0.9508 | 0.2626 0.9722 | Time: 4.1776
Epoch: 0070 | TRAIN: 0.0008 1.0000 | 0.0005 1.0000 | 0.0006 1.0000 | Time: 142.1045 | VAL: 0.5672 0.8786 | 0.3081 0.9888 | 0.2341 0.9597 | Time: 3.8107 | TEST: 0.6082 0.8547 | 0.3741 0.9508 | 0.2525 0.9778 | Time: 4.2542
Epoch: 0071 | TRAIN: 0.0008 1.0000 | 0.0005 1.0000 | 0.0005 1.0000 | Time: 143.1895 | VAL: 0.5674 0.8804 | 0.3021 0.9888 | 0.2495 0.9597 | Time: 4.3188 | TEST: 0.6047 0.8564 | 0.3724 0.9508 | 0.2604 0.9667 | Time: 4.4529
Epoch: 0072 | TRAIN: 0.0008 1.0000 | 0.0005 1.0000 | 0.0005 1.0000 | Time: 143.7169 | VAL: 0.5671 0.8804 | 0.3028 0.9888 | 0.2390 0.9530 | Time: 3.6733 | TEST: 0.6033 0.8496 | 0.3647 0.9590 | 0.2572 0.9722 | Time: 4.3559
Epoch: 0073 | TRAIN: 0.0008 1.0000 | 0.0004 1.0000 | 0.0005 1.0000 | Time: 143.8764 | VAL: 0.5618 0.8750 | 0.2978 1.0000 | 0.2365 0.9597 | Time: 3.7096 | TEST: 0.6010 0.8547 | 0.3575 0.9508 | 0.2579 0.9778 | Time: 4.4289
Epoch: 0074 | TRAIN: 0.0008 1.0000 | 0.0005 1.0000 | 0.0005 1.0000 | Time: 141.9122 | VAL: 0.5746 0.8750 | 0.3015 0.9888 | 0.2274 0.9530 | Time: 3.5968 | TEST: 0.6102 0.8547 | 0.3665 0.9590 | 0.2473 0.9722 | Time: 4.4715
Epoch: 0075 | TRAIN: 0.0007 1.0000 | 0.0004 1.0000 | 0.0005 1.0000 | Time: 142.8401 | VAL: 0.5651 0.8804 | 0.2947 0.9888 | 0.2247 0.9530 | Time: 3.6404 | TEST: 0.6018 0.8530 | 0.3571 0.9508 | 0.2483 0.9722 | Time: 4.3214
Epoch: 0076 | TRAIN: 0.0007 1.0000 | 0.0004 1.0000 | 0.0005 1.0000 | Time: 140.8692 | VAL: 0.5676 0.8768 | 0.2900 0.9888 | 0.2251 0.9530 | Time: 3.5601 | TEST: 0.6033 0.8513 | 0.3510 0.9590 | 0.2448 0.9722 | Time: 4.2540
Epoch: 0077 | TRAIN: 0.0007 1.0000 | 0.0004 1.0000 | 0.0005 1.0000 | Time: 139.1594 | VAL: 0.5756 0.8732 | 0.2915 1.0000 | 0.2178 0.9597 | Time: 3.6064 | TEST: 0.6111 0.8547 | 0.3604 0.9508 | 0.2436 0.9778 | Time: 4.3006
Epoch: 0078 | TRAIN: 0.0007 1.0000 | 0.0004 1.0000 | 0.0004 1.0000 | Time: 142.0693 | VAL: 0.5652 0.8786 | 0.2873 0.9888 | 0.2203 0.9530 | Time: 3.5568 | TEST: 0.6070 0.8530 | 0.3629 0.9508 | 0.2500 0.9611 | Time: 4.1960
Epoch: 0079 | TRAIN: 0.0006 1.0000 | 0.0004 1.0000 | 0.0004 1.0000 | Time: 145.8503 | VAL: 0.5634 0.8804 | 0.2930 1.0000 | 0.2246 0.9597 | Time: 3.6702 | TEST: 0.6043 0.8530 | 0.3697 0.9508 | 0.2470 0.9722 | Time: 4.3482
Epoch: 0080 | TRAIN: 0.0006 1.0000 | 0.0004 1.0000 | 0.0004 1.0000 | Time: 140.5686 | VAL: 0.5667 0.8732 | 0.2859 0.9888 | 0.2227 0.9530 | Time: 3.6374 | TEST: 0.6035 0.8564 | 0.3571 0.9590 | 0.2445 0.9778 | Time: 4.4403
Epoch: 0081 | TRAIN: 0.0007 1.0000 | 0.0004 1.0000 | 0.0004 1.0000 | Time: 146.4784 | VAL: 0.5687 0.8750 | 0.2879 1.0000 | 0.2201 0.9463 | Time: 4.2803 | TEST: 0.6018 0.8462 | 0.3549 0.9508 | 0.2469 0.9611 | Time: 4.4136
Epoch: 0082 | TRAIN: 0.0005 1.0000 | 0.0004 1.0000 | 0.0005 1.0000 | Time: 141.7626 | VAL: 0.5702 0.8786 | 0.2880 0.9775 | 0.2181 0.9530 | Time: 3.8413 | TEST: 0.6063 0.8530 | 0.3549 0.9508 | 0.2374 0.9778 | Time: 4.2983
Epoch: 0083 | TRAIN: 0.0006 1.0000 | 0.0004 1.0000 | 0.0004 1.0000 | Time: 139.9201 | VAL: 0.5677 0.8750 | 0.2771 1.0000 | 0.2144 0.9530 | Time: 3.6834 | TEST: 0.6054 0.8581 | 0.3491 0.9508 | 0.2355 0.9722 | Time: 5.0177
Epoch: 0084 | TRAIN: 0.0006 1.0000 | 0.0003 1.0000 | 0.0004 1.0000 | Time: 145.9537 | VAL: 0.5615 0.8768 | 0.2919 0.9888 | 0.2192 0.9530 | Time: 4.2622 | TEST: 0.6025 0.8547 | 0.3559 0.9508 | 0.2411 0.9667 | Time: 5.0186
Epoch: 0085 | TRAIN: 0.0005 1.0000 | 0.0003 1.0000 | 0.0004 1.0000 | Time: 145.0535 | VAL: 0.5660 0.8768 | 0.2735 0.9888 | 0.2160 0.9530 | Time: 3.6260 | TEST: 0.6033 0.8564 | 0.3395 0.9590 | 0.2402 0.9722 | Time: 4.3152
Epoch: 0086 | TRAIN: 0.0005 1.0000 | 0.0003 1.0000 | 0.0004 1.0000 | Time: 140.9862 | VAL: 0.5692 0.8786 | 0.2741 0.9888 | 0.2195 0.9463 | Time: 3.8050 | TEST: 0.6184 0.8496 | 0.3414 0.9590 | 0.2375 0.9667 | Time: 4.9368
Epoch: 0087 | TRAIN: 0.0005 1.0000 | 0.0003 1.0000 | 0.0003 1.0000 | Time: 145.7642 | VAL: 0.5623 0.8822 | 0.2762 0.9888 | 0.2157 0.9530 | Time: 3.9825 | TEST: 0.6144 0.8513 | 0.3454 0.9590 | 0.2287 0.9778 | Time: 4.2787
Epoch: 0088 | TRAIN: 0.0005 1.0000 | 0.0003 1.0000 | 0.0003 1.0000 | Time: 139.7669 | VAL: 0.5687 0.8714 | 0.2709 0.9888 | 0.2143 0.9463 | Time: 3.6240 | TEST: 0.6098 0.8479 | 0.3491 0.9590 | 0.2386 0.9722 | Time: 4.2991
Epoch: 0089 | TRAIN: 0.0005 1.0000 | 0.0003 1.0000 | 0.0003 1.0000 | Time: 144.7780 | VAL: 0.5633 0.8804 | 0.2826 0.9888 | 0.2109 0.9463 | Time: 3.9576 | TEST: 0.6018 0.8564 | 0.3551 0.9508 | 0.2299 0.9611 | Time: 4.5259
Epoch: 0090 | TRAIN: 0.0005 1.0000 | 0.0003 1.0000 | 0.0003 1.0000 | Time: 141.0014 | VAL: 0.5755 0.8732 | 0.2709 0.9888 | 0.2143 0.9530 | Time: 3.6543 | TEST: 0.6167 0.8479 | 0.3498 0.9508 | 0.2340 0.9778 | Time: 4.3655
Epoch: 0091 | TRAIN: 0.0005 1.0000 | 0.0003 1.0000 | 0.0003 1.0000 | Time: 141.2847 | VAL: 0.5669 0.8750 | 0.2708 1.0000 | 0.2120 0.9463 | Time: 3.5757 | TEST: 0.6032 0.8530 | 0.3357 0.9590 | 0.2318 0.9611 | Time: 4.2576
Epoch: 0092 | TRAIN: 0.0004 1.0000 | 0.0003 1.0000 | 0.0003 1.0000 | Time: 145.6534 | VAL: 0.5576 0.8804 | 0.2719 1.0000 | 0.2076 0.9463 | Time: 3.5560 | TEST: 0.6032 0.8564 | 0.3402 0.9590 | 0.2335 0.9611 | Time: 4.1744
Epoch: 0093 | TRAIN: 0.0004 1.0000 | 0.0003 1.0000 | 0.0003 1.0000 | Time: 145.3497 | VAL: 0.5589 0.8768 | 0.2824 0.9888 | 0.2118 0.9530 | Time: 4.2200 | TEST: 0.6022 0.8547 | 0.3486 0.9508 | 0.2350 0.9722 | Time: 5.0136
Epoch: 0094 | TRAIN: 0.0004 1.0000 | 0.0002 1.0000 | 0.0003 1.0000 | Time: 141.0995 | VAL: 0.5635 0.8786 | 0.2659 0.9888 | 0.2049 0.9530 | Time: 3.6423 | TEST: 0.6026 0.8564 | 0.3320 0.9508 | 0.2276 0.9611 | Time: 4.4431
Epoch: 0095 | TRAIN: 0.0004 1.0000 | 0.0002 1.0000 | 0.0003 1.0000 | Time: 143.8317 | VAL: 0.5610 0.8822 | 0.2665 0.9888 | 0.2079 0.9463 | Time: 3.6741 | TEST: 0.6026 0.8547 | 0.3308 0.9590 | 0.2245 0.9611 | Time: 4.6502
Epoch: 0096 | TRAIN: 0.0004 1.0000 | 0.0002 1.0000 | 0.0003 1.0000 | Time: 148.0577 | VAL: 0.5687 0.8786 | 0.2624 0.9888 | 0.1994 0.9530 | Time: 3.8393 | TEST: 0.6126 0.8530 | 0.3248 0.9590 | 0.2217 0.9667 | Time: 4.3190
Epoch: 0097 | TRAIN: 0.0004 1.0000 | 0.0002 1.0000 | 0.0003 1.0000 | Time: 140.4418 | VAL: 0.5572 0.8786 | 0.2502 1.0000 | 0.2050 0.9530 | Time: 3.5354 | TEST: 0.6076 0.8513 | 0.3168 0.9672 | 0.2218 0.9722 | Time: 4.3977
Epoch: 0098 | TRAIN: 0.0004 1.0000 | 0.0002 1.0000 | 0.0003 1.0000 | Time: 145.2372 | VAL: 0.5699 0.8768 | 0.2546 1.0000 | 0.2084 0.9530 | Time: 3.6803 | TEST: 0.6043 0.8530 | 0.3229 0.9590 | 0.2251 0.9667 | Time: 4.9184
Epoch: 0099 | TRAIN: 0.0004 1.0000 | 0.0002 1.0000 | 0.0002 1.0000 | Time: 147.3166 | VAL: 0.5689 0.8822 | 0.2644 0.9888 | 0.2084 0.9530 | Time: 4.2689 | TEST: 0.6110 0.8547 | 0.3244 0.9590 | 0.2162 0.9778 | Time: 4.7206
========================================
Best Result: Epoch 41, result {'amazon': [0.8581196581196581], 'dslr': [0.9590163934426229], 'webcam': [0.9666666666666667]}
========================================
