Looking in indexes: https://pypi.org/simple, https://pip.repos.neuron.amazonaws.com
Collecting cvxpy
  Downloading cvxpy-1.3.1-cp38-cp38-manylinux_2_17_x86_64.manylinux2014_x86_64.whl (4.0 MB)
     ━━━━━━━━━━━━━━━━━━━━━━━━━━━━━━━━━━━━━━━━ 4.0/4.0 MB 25.6 MB/s eta 0:00:00
Collecting osqp>=0.4.1 (from cvxpy)
  Downloading osqp-0.6.2.post9-cp38-cp38-manylinux_2_5_x86_64.manylinux1_x86_64.manylinux_2_17_x86_64.manylinux2014_x86_64.whl (299 kB)
     ━━━━━━━━━━━━━━━━━━━━━━━━━━━━━━━━━━━━━━━━ 299.7/299.7 kB 5.6 MB/s eta 0:00:00
Collecting ecos>=2 (from cvxpy)
  Downloading ecos-2.0.12-cp38-cp38-manylinux_2_17_x86_64.manylinux2014_x86_64.whl (221 kB)
     ━━━━━━━━━━━━━━━━━━━━━━━━━━━━━━━━━━━━━━━━ 221.6/221.6 kB 4.1 MB/s eta 0:00:00
Collecting scs>=1.1.6 (from cvxpy)
  Downloading scs-3.2.3-cp38-cp38-manylinux_2_17_x86_64.manylinux2014_x86_64.whl (10.7 MB)
     ━━━━━━━━━━━━━━━━━━━━━━━━━━━━━━━━━━━━━━━━ 10.7/10.7 MB 48.8 MB/s eta 0:00:00
Requirement already satisfied: numpy>=1.15 in /home/ec2-user/anaconda3/envs/libmtl/lib/python3.8/site-packages (from cvxpy) (1.24.3)
Requirement already satisfied: scipy>=1.1.0 in /home/ec2-user/anaconda3/envs/libmtl/lib/python3.8/site-packages (from cvxpy) (1.10.1)
Requirement already satisfied: setuptools>65.5.1 in /home/ec2-user/anaconda3/envs/libmtl/lib/python3.8/site-packages (from cvxpy) (67.7.2)
Collecting qdldl (from osqp>=0.4.1->cvxpy)
  Downloading qdldl-0.1.7-cp38-cp38-manylinux_2_17_x86_64.manylinux2014_x86_64.whl (1.0 MB)
     ━━━━━━━━━━━━━━━━━━━━━━━━━━━━━━━━━━━━━━━━ 1.0/1.0 MB 75.5 MB/s eta 0:00:00
Installing collected packages: scs, qdldl, ecos, osqp, cvxpy
Successfully installed cvxpy-1.3.1 ecos-2.0.12 osqp-0.6.2.post9 qdldl-0.1.7 scs-3.2.3
========================================
General Configuration:
	Wighting: MoDo
	Architecture: HPS
	Rep_Grad: False
	Multi_Input: True
	Seed: 3
	Device: cuda:0
MoDo Configuration:
	weighting: MoDo
	gamma_modo: 0.001
	rho_modo: 0.0
	modo_gn: none
Optimizer Configuration:
	optim: adam
	lr: 0.0001
	weight_decay: 1e-05
========================================
Total Params: 11487901
Trainable Params: 11487901
Non-trainable Params: 0
========================================
LOG FORMAT | amazon_LOSS Acc | dslr_LOSS Acc | webcam_LOSS Acc | TIME
Epoch: 0000 | TRAIN: 2.2253 0.5189 | 1.3384 0.8281 | 1.5024 0.7942 | Time: 147.0632 | VAL: 1.4735 0.7790 | 0.8434 0.9551 | 0.9963 0.9530 | Time: 4.3167 | TEST: 1.5126 0.7692 | 0.9350 0.9344 | 1.0640 0.9667 | Time: 5.0241
Epoch: 0001 | TRAIN: 0.9756 0.8666 | 0.2548 1.0000 | 0.3333 1.0000 | Time: 147.4051 | VAL: 1.0246 0.8351 | 0.6085 0.9775 | 0.6484 0.9732 | Time: 4.1649 | TEST: 1.0565 0.8274 | 0.7138 0.9262 | 0.7089 0.9778 | Time: 4.7192
Epoch: 0002 | TRAIN: 0.4633 0.9669 | 0.1252 1.0000 | 0.1515 1.0000 | Time: 146.4948 | VAL: 0.8602 0.8551 | 0.5299 0.9775 | 0.5540 0.9732 | Time: 4.2589 | TEST: 0.9105 0.8256 | 0.6223 0.9590 | 0.6078 0.9778 | Time: 4.9562
Epoch: 0003 | TRAIN: 0.2215 0.9940 | 0.0759 1.0000 | 0.0919 1.0000 | Time: 147.9500 | VAL: 0.7819 0.8605 | 0.5064 0.9663 | 0.5081 0.9664 | Time: 4.2392 | TEST: 0.8378 0.8291 | 0.6197 0.9344 | 0.5561 0.9722 | Time: 4.6672
Epoch: 0004 | TRAIN: 0.1216 1.0000 | 0.0526 1.0000 | 0.0623 1.0000 | Time: 148.4402 | VAL: 0.7341 0.8623 | 0.4556 0.9663 | 0.4621 0.9732 | Time: 4.0288 | TEST: 0.7881 0.8171 | 0.5667 0.9508 | 0.5152 0.9722 | Time: 4.5338
Epoch: 0005 | TRAIN: 0.0814 1.0000 | 0.0388 1.0000 | 0.0452 1.0000 | Time: 147.0631 | VAL: 0.6972 0.8605 | 0.4492 0.9663 | 0.4435 0.9732 | Time: 4.3967 | TEST: 0.7534 0.8325 | 0.5626 0.9426 | 0.4921 0.9722 | Time: 4.8545
Epoch: 0006 | TRAIN: 0.0579 1.0000 | 0.0294 1.0000 | 0.0348 1.0000 | Time: 148.3623 | VAL: 0.6790 0.8587 | 0.4465 0.9663 | 0.4318 0.9664 | Time: 4.2914 | TEST: 0.7301 0.8325 | 0.5607 0.9344 | 0.4740 0.9722 | Time: 4.6241
Epoch: 0007 | TRAIN: 0.0478 1.0000 | 0.0243 1.0000 | 0.0272 1.0000 | Time: 148.8997 | VAL: 0.6556 0.8641 | 0.4447 0.9663 | 0.4234 0.9732 | Time: 4.3427 | TEST: 0.7122 0.8342 | 0.5571 0.9344 | 0.4650 0.9722 | Time: 4.9302
Epoch: 0008 | TRAIN: 0.0352 1.0000 | 0.0205 1.0000 | 0.0230 1.0000 | Time: 147.8904 | VAL: 0.6457 0.8623 | 0.4228 0.9775 | 0.4119 0.9732 | Time: 4.2521 | TEST: 0.7026 0.8308 | 0.5391 0.9426 | 0.4555 0.9722 | Time: 4.8664
Epoch: 0009 | TRAIN: 0.0298 1.0000 | 0.0161 1.0000 | 0.0201 1.0000 | Time: 147.6773 | VAL: 0.6391 0.8605 | 0.4195 0.9663 | 0.4050 0.9799 | Time: 4.1985 | TEST: 0.6936 0.8359 | 0.5268 0.9508 | 0.4392 0.9722 | Time: 5.0566
Epoch: 0010 | TRAIN: 0.0262 1.0000 | 0.0149 1.0000 | 0.0166 1.0000 | Time: 147.7693 | VAL: 0.6378 0.8605 | 0.4160 0.9663 | 0.3971 0.9664 | Time: 4.2070 | TEST: 0.6952 0.8274 | 0.5308 0.9344 | 0.4313 0.9778 | Time: 4.7048
Epoch: 0011 | TRAIN: 0.0228 1.0000 | 0.0126 1.0000 | 0.0147 1.0000 | Time: 148.6904 | VAL: 0.6211 0.8678 | 0.4190 0.9663 | 0.3801 0.9732 | Time: 4.2736 | TEST: 0.6747 0.8376 | 0.5366 0.9344 | 0.4124 0.9778 | Time: 4.5992
Epoch: 0012 | TRAIN: 0.0202 1.0000 | 0.0116 1.0000 | 0.0124 1.0000 | Time: 149.2119 | VAL: 0.6202 0.8641 | 0.4008 0.9775 | 0.3863 0.9664 | Time: 4.0320 | TEST: 0.6756 0.8359 | 0.5195 0.9426 | 0.4177 0.9667 | Time: 4.9577
Epoch: 0013 | TRAIN: 0.0177 1.0000 | 0.0100 1.0000 | 0.0112 1.0000 | Time: 147.8154 | VAL: 0.6224 0.8623 | 0.4034 0.9775 | 0.3894 0.9732 | Time: 4.2197 | TEST: 0.6774 0.8376 | 0.5200 0.9426 | 0.4178 0.9611 | Time: 4.9399
Epoch: 0014 | TRAIN: 0.0149 1.0000 | 0.0088 1.0000 | 0.0097 1.0000 | Time: 147.5829 | VAL: 0.6103 0.8605 | 0.3926 0.9775 | 0.3778 0.9664 | Time: 4.2768 | TEST: 0.6687 0.8376 | 0.5174 0.9262 | 0.4101 0.9667 | Time: 5.0208
Epoch: 0015 | TRAIN: 0.0148 1.0000 | 0.0077 1.0000 | 0.0092 1.0000 | Time: 148.0966 | VAL: 0.6030 0.8678 | 0.4020 0.9663 | 0.3703 0.9732 | Time: 3.9088 | TEST: 0.6546 0.8410 | 0.5227 0.9262 | 0.3983 0.9722 | Time: 5.0532
Epoch: 0016 | TRAIN: 0.0131 1.0000 | 0.0071 1.0000 | 0.0082 1.0000 | Time: 148.2629 | VAL: 0.5942 0.8641 | 0.3931 0.9663 | 0.3624 0.9664 | Time: 4.3867 | TEST: 0.6492 0.8376 | 0.5064 0.9344 | 0.3864 0.9778 | Time: 5.1867
Epoch: 0017 | TRAIN: 0.0113 1.0000 | 0.0064 1.0000 | 0.0075 1.0000 | Time: 148.6647 | VAL: 0.5939 0.8678 | 0.3977 0.9663 | 0.3548 0.9732 | Time: 4.2796 | TEST: 0.6566 0.8376 | 0.5111 0.9262 | 0.3851 0.9611 | Time: 4.8445
Epoch: 0018 | TRAIN: 0.0100 1.0000 | 0.0060 1.0000 | 0.0067 1.0000 | Time: 148.1634 | VAL: 0.5889 0.8659 | 0.3913 0.9663 | 0.3595 0.9664 | Time: 3.9300 | TEST: 0.6457 0.8462 | 0.5100 0.9262 | 0.3787 0.9722 | Time: 4.7886
Epoch: 0019 | TRAIN: 0.0092 1.0000 | 0.0056 1.0000 | 0.0063 1.0000 | Time: 148.3056 | VAL: 0.5892 0.8605 | 0.3935 0.9663 | 0.3527 0.9664 | Time: 4.1659 | TEST: 0.6535 0.8376 | 0.5064 0.9262 | 0.3729 0.9778 | Time: 4.9901
Epoch: 0020 | TRAIN: 0.0088 1.0000 | 0.0050 1.0000 | 0.0061 1.0000 | Time: 148.2736 | VAL: 0.5828 0.8696 | 0.3799 0.9663 | 0.3567 0.9664 | Time: 4.3553 | TEST: 0.6415 0.8393 | 0.4953 0.9344 | 0.3763 0.9722 | Time: 5.1572
Epoch: 0021 | TRAIN: 0.0085 1.0000 | 0.0048 1.0000 | 0.0053 1.0000 | Time: 147.6397 | VAL: 0.5878 0.8587 | 0.3903 0.9775 | 0.3463 0.9732 | Time: 4.1226 | TEST: 0.6443 0.8410 | 0.4911 0.9426 | 0.3670 0.9667 | Time: 5.0739
Epoch: 0022 | TRAIN: 0.0072 1.0000 | 0.0045 1.0000 | 0.0050 1.0000 | Time: 147.0108 | VAL: 0.5834 0.8605 | 0.3847 0.9663 | 0.3411 0.9664 | Time: 4.2570 | TEST: 0.6419 0.8359 | 0.4959 0.9426 | 0.3620 0.9722 | Time: 4.9863
Epoch: 0023 | TRAIN: 0.0068 1.0000 | 0.0040 1.0000 | 0.0046 1.0000 | Time: 148.2605 | VAL: 0.5818 0.8623 | 0.3801 0.9663 | 0.3370 0.9664 | Time: 4.0635 | TEST: 0.6451 0.8393 | 0.4910 0.9426 | 0.3562 0.9722 | Time: 5.0197
Epoch: 0024 | TRAIN: 0.0062 1.0000 | 0.0039 1.0000 | 0.0040 1.0000 | Time: 148.6205 | VAL: 0.5783 0.8659 | 0.3783 0.9663 | 0.3412 0.9664 | Time: 3.9658 | TEST: 0.6426 0.8376 | 0.4850 0.9508 | 0.3580 0.9833 | Time: 4.5814
Epoch: 0025 | TRAIN: 0.0061 1.0000 | 0.0035 1.0000 | 0.0040 1.0000 | Time: 149.0471 | VAL: 0.5729 0.8641 | 0.3717 0.9775 | 0.3393 0.9664 | Time: 4.3002 | TEST: 0.6327 0.8462 | 0.4834 0.9344 | 0.3551 0.9778 | Time: 5.0362
Epoch: 0026 | TRAIN: 0.0058 1.0000 | 0.0035 1.0000 | 0.0039 1.0000 | Time: 147.1537 | VAL: 0.5814 0.8641 | 0.3625 0.9663 | 0.3281 0.9664 | Time: 4.3819 | TEST: 0.6349 0.8376 | 0.4775 0.9344 | 0.3495 0.9778 | Time: 5.0308
Epoch: 0027 | TRAIN: 0.0053 1.0000 | 0.0032 1.0000 | 0.0036 1.0000 | Time: 147.6699 | VAL: 0.5746 0.8732 | 0.3619 0.9775 | 0.3277 0.9664 | Time: 4.3003 | TEST: 0.6367 0.8376 | 0.4815 0.9344 | 0.3503 0.9667 | Time: 5.0106
Epoch: 0028 | TRAIN: 0.0048 1.0000 | 0.0030 1.0000 | 0.0034 1.0000 | Time: 147.6249 | VAL: 0.5541 0.8696 | 0.3540 0.9775 | 0.3189 0.9664 | Time: 4.3013 | TEST: 0.6189 0.8410 | 0.4631 0.9426 | 0.3409 0.9833 | Time: 5.0314
Epoch: 0029 | TRAIN: 0.0045 1.0000 | 0.0027 1.0000 | 0.0031 1.0000 | Time: 148.3982 | VAL: 0.5714 0.8678 | 0.3547 0.9775 | 0.3250 0.9664 | Time: 4.1843 | TEST: 0.6318 0.8393 | 0.4639 0.9426 | 0.3447 0.9778 | Time: 4.8904
Epoch: 0030 | TRAIN: 0.0046 1.0000 | 0.0025 1.0000 | 0.0030 1.0000 | Time: 147.4929 | VAL: 0.5713 0.8587 | 0.3630 0.9775 | 0.3238 0.9732 | Time: 4.0708 | TEST: 0.6222 0.8410 | 0.4828 0.9344 | 0.3434 0.9778 | Time: 5.1100
Epoch: 0031 | TRAIN: 0.0046 1.0000 | 0.0026 1.0000 | 0.0027 1.0000 | Time: 148.6982 | VAL: 0.5682 0.8659 | 0.3457 0.9775 | 0.3167 0.9664 | Time: 4.2608 | TEST: 0.6218 0.8393 | 0.4625 0.9262 | 0.3380 0.9722 | Time: 4.7431
Epoch: 0032 | TRAIN: 0.0038 1.0000 | 0.0023 1.0000 | 0.0027 1.0000 | Time: 148.4160 | VAL: 0.5638 0.8696 | 0.3517 0.9663 | 0.3112 0.9664 | Time: 4.1045 | TEST: 0.6221 0.8410 | 0.4754 0.9262 | 0.3252 0.9833 | Time: 4.6234
Epoch: 0033 | TRAIN: 0.0037 1.0000 | 0.0023 1.0000 | 0.0024 1.0000 | Time: 148.8997 | VAL: 0.5670 0.8641 | 0.3546 0.9775 | 0.3172 0.9664 | Time: 4.0130 | TEST: 0.6228 0.8444 | 0.4637 0.9426 | 0.3309 0.9778 | Time: 4.7765
Epoch: 0034 | TRAIN: 0.0037 1.0000 | 0.0021 1.0000 | 0.0024 1.0000 | Time: 147.7586 | VAL: 0.5578 0.8714 | 0.3509 0.9663 | 0.3074 0.9664 | Time: 4.0866 | TEST: 0.6199 0.8462 | 0.4647 0.9426 | 0.3219 0.9833 | Time: 4.9785
Epoch: 0035 | TRAIN: 0.0036 1.0000 | 0.0020 1.0000 | 0.0022 1.0000 | Time: 147.6249 | VAL: 0.5528 0.8678 | 0.3505 0.9775 | 0.3026 0.9664 | Time: 3.9768 | TEST: 0.6146 0.8393 | 0.4646 0.9426 | 0.3194 0.9778 | Time: 5.0281
Epoch: 0036 | TRAIN: 0.0031 1.0000 | 0.0020 1.0000 | 0.0023 1.0000 | Time: 147.3441 | VAL: 0.5535 0.8696 | 0.3420 0.9775 | 0.2993 0.9732 | Time: 3.8719 | TEST: 0.6149 0.8462 | 0.4577 0.9344 | 0.3190 0.9778 | Time: 4.8834
Epoch: 0037 | TRAIN: 0.0031 1.0000 | 0.0018 1.0000 | 0.0021 1.0000 | Time: 148.3514 | VAL: 0.5546 0.8659 | 0.3429 0.9775 | 0.3042 0.9664 | Time: 4.3510 | TEST: 0.6177 0.8444 | 0.4514 0.9426 | 0.3176 0.9833 | Time: 5.1788
Epoch: 0038 | TRAIN: 0.0028 1.0000 | 0.0018 1.0000 | 0.0020 1.0000 | Time: 148.1924 | VAL: 0.5478 0.8732 | 0.3422 0.9775 | 0.2921 0.9664 | Time: 4.1364 | TEST: 0.6121 0.8427 | 0.4531 0.9344 | 0.3072 0.9722 | Time: 4.6508
Epoch: 0039 | TRAIN: 0.0028 1.0000 | 0.0017 1.0000 | 0.0019 1.0000 | Time: 148.5969 | VAL: 0.5635 0.8659 | 0.3317 0.9663 | 0.2941 0.9664 | Time: 4.0828 | TEST: 0.6137 0.8444 | 0.4486 0.9344 | 0.3113 0.9778 | Time: 5.1384
Epoch: 0040 | TRAIN: 0.0030 1.0000 | 0.0015 1.0000 | 0.0018 1.0000 | Time: 148.5513 | VAL: 0.5501 0.8732 | 0.3478 0.9663 | 0.3043 0.9664 | Time: 4.2033 | TEST: 0.6088 0.8462 | 0.4511 0.9426 | 0.3218 0.9722 | Time: 4.8338
Epoch: 0041 | TRAIN: 0.0026 1.0000 | 0.0016 1.0000 | 0.0017 1.0000 | Time: 148.5023 | VAL: 0.5518 0.8696 | 0.3484 0.9775 | 0.3013 0.9664 | Time: 4.1378 | TEST: 0.6031 0.8444 | 0.4607 0.9344 | 0.3111 0.9778 | Time: 4.7183
Epoch: 0042 | TRAIN: 0.0024 1.0000 | 0.0015 1.0000 | 0.0016 1.0000 | Time: 148.5473 | VAL: 0.5505 0.8732 | 0.3371 0.9663 | 0.3083 0.9664 | Time: 4.3887 | TEST: 0.6041 0.8496 | 0.4465 0.9426 | 0.3168 0.9722 | Time: 5.1602
Epoch: 0043 | TRAIN: 0.0023 1.0000 | 0.0013 1.0000 | 0.0016 1.0000 | Time: 149.1371 | VAL: 0.5489 0.8696 | 0.3400 0.9663 | 0.2989 0.9664 | Time: 4.1219 | TEST: 0.6031 0.8496 | 0.4560 0.9344 | 0.3079 0.9722 | Time: 5.0373
Epoch: 0044 | TRAIN: 0.0022 1.0000 | 0.0013 1.0000 | 0.0015 1.0000 | Time: 149.0903 | VAL: 0.5509 0.8696 | 0.3309 0.9775 | 0.2895 0.9664 | Time: 4.1654 | TEST: 0.6056 0.8479 | 0.4386 0.9344 | 0.3018 0.9778 | Time: 4.7927
Epoch: 0045 | TRAIN: 0.0021 1.0000 | 0.0012 1.0000 | 0.0013 1.0000 | Time: 147.2082 | VAL: 0.5533 0.8696 | 0.3317 0.9663 | 0.2871 0.9664 | Time: 4.2433 | TEST: 0.6107 0.8444 | 0.4393 0.9426 | 0.3055 0.9778 | Time: 5.1873
Epoch: 0046 | TRAIN: 0.0021 1.0000 | 0.0012 1.0000 | 0.0014 1.0000 | Time: 147.9540 | VAL: 0.5600 0.8641 | 0.3308 0.9775 | 0.2913 0.9664 | Time: 4.1852 | TEST: 0.6167 0.8359 | 0.4350 0.9344 | 0.3125 0.9778 | Time: 4.9634
Epoch: 0047 | TRAIN: 0.0020 1.0000 | 0.0012 1.0000 | 0.0013 1.0000 | Time: 148.5542 | VAL: 0.5454 0.8678 | 0.3283 0.9663 | 0.2800 0.9664 | Time: 4.0483 | TEST: 0.6026 0.8427 | 0.4351 0.9344 | 0.3023 0.9778 | Time: 4.8967
Epoch: 0048 | TRAIN: 0.0019 1.0000 | 0.0012 1.0000 | 0.0012 1.0000 | Time: 148.6966 | VAL: 0.5493 0.8696 | 0.3216 0.9663 | 0.2819 0.9664 | Time: 4.3047 | TEST: 0.6066 0.8444 | 0.4299 0.9508 | 0.2924 0.9778 | Time: 5.0862
Epoch: 0049 | TRAIN: 0.0019 1.0000 | 0.0011 1.0000 | 0.0012 1.0000 | Time: 148.6455 | VAL: 0.5493 0.8641 | 0.3240 0.9775 | 0.2891 0.9664 | Time: 4.4610 | TEST: 0.6012 0.8462 | 0.4350 0.9262 | 0.3061 0.9778 | Time: 4.8105
Epoch: 0050 | TRAIN: 0.0017 1.0000 | 0.0010 1.0000 | 0.0012 1.0000 | Time: 148.0985 | VAL: 0.5419 0.8678 | 0.3141 0.9775 | 0.2789 0.9664 | Time: 4.3073 | TEST: 0.6011 0.8462 | 0.4215 0.9344 | 0.2924 0.9778 | Time: 5.0898
Epoch: 0051 | TRAIN: 0.0016 1.0000 | 0.0010 1.0000 | 0.0011 1.0000 | Time: 148.2820 | VAL: 0.5481 0.8659 | 0.3166 0.9663 | 0.2800 0.9664 | Time: 4.2717 | TEST: 0.6008 0.8444 | 0.4266 0.9426 | 0.2938 0.9778 | Time: 5.1054
Epoch: 0052 | TRAIN: 0.0016 1.0000 | 0.0009 1.0000 | 0.0011 1.0000 | Time: 147.2841 | VAL: 0.5471 0.8696 | 0.3165 0.9775 | 0.2825 0.9664 | Time: 4.2884 | TEST: 0.6061 0.8479 | 0.4346 0.9262 | 0.2937 0.9778 | Time: 5.0304
Epoch: 0053 | TRAIN: 0.0016 1.0000 | 0.0009 1.0000 | 0.0010 1.0000 | Time: 147.9888 | VAL: 0.5442 0.8714 | 0.3165 0.9775 | 0.2765 0.9664 | Time: 4.2930 | TEST: 0.6040 0.8479 | 0.4272 0.9508 | 0.2826 0.9778 | Time: 5.1307
Epoch: 0054 | TRAIN: 0.0015 1.0000 | 0.0009 1.0000 | 0.0010 1.0000 | Time: 147.6406 | VAL: 0.5462 0.8696 | 0.3117 0.9775 | 0.2796 0.9664 | Time: 4.1531 | TEST: 0.6002 0.8462 | 0.4173 0.9426 | 0.2899 0.9722 | Time: 4.7314
Epoch: 0055 | TRAIN: 0.0015 1.0000 | 0.0009 1.0000 | 0.0010 1.0000 | Time: 148.8264 | VAL: 0.5475 0.8696 | 0.3069 0.9775 | 0.2731 0.9664 | Time: 4.2433 | TEST: 0.6105 0.8427 | 0.4222 0.9344 | 0.2872 0.9833 | Time: 4.7993
Epoch: 0056 | TRAIN: 0.0014 1.0000 | 0.0008 1.0000 | 0.0009 1.0000 | Time: 147.7104 | VAL: 0.5472 0.8678 | 0.3087 0.9775 | 0.2688 0.9664 | Time: 3.9908 | TEST: 0.6087 0.8479 | 0.4221 0.9180 | 0.2811 0.9778 | Time: 4.9670
Epoch: 0057 | TRAIN: 0.0013 1.0000 | 0.0008 1.0000 | 0.0009 1.0000 | Time: 148.5170 | VAL: 0.5494 0.8678 | 0.3173 0.9775 | 0.2749 0.9664 | Time: 4.3266 | TEST: 0.6115 0.8462 | 0.4297 0.9262 | 0.2858 0.9722 | Time: 4.9102
Epoch: 0058 | TRAIN: 0.0012 1.0000 | 0.0008 1.0000 | 0.0008 1.0000 | Time: 148.2376 | VAL: 0.5505 0.8678 | 0.3125 0.9775 | 0.2764 0.9664 | Time: 3.8903 | TEST: 0.6134 0.8444 | 0.4249 0.9344 | 0.2874 0.9722 | Time: 4.9042
Epoch: 0059 | TRAIN: 0.0014 1.0000 | 0.0008 1.0000 | 0.0008 1.0000 | Time: 147.3183 | VAL: 0.5324 0.8678 | 0.3015 0.9775 | 0.2626 0.9664 | Time: 3.9503 | TEST: 0.6019 0.8444 | 0.4110 0.9344 | 0.2767 0.9778 | Time: 4.7727
Epoch: 0060 | TRAIN: 0.0013 1.0000 | 0.0007 1.0000 | 0.0008 1.0000 | Time: 147.1243 | VAL: 0.5403 0.8714 | 0.2915 0.9775 | 0.2709 0.9664 | Time: 4.2717 | TEST: 0.5980 0.8444 | 0.4016 0.9508 | 0.2732 0.9722 | Time: 4.9446
Epoch: 0061 | TRAIN: 0.0011 1.0000 | 0.0007 1.0000 | 0.0007 1.0000 | Time: 147.6202 | VAL: 0.5430 0.8714 | 0.3023 0.9775 | 0.2722 0.9664 | Time: 4.2709 | TEST: 0.6018 0.8462 | 0.4156 0.9426 | 0.2758 0.9722 | Time: 4.9606
Epoch: 0062 | TRAIN: 0.0011 1.0000 | 0.0006 1.0000 | 0.0007 1.0000 | Time: 147.1243 | VAL: 0.5406 0.8678 | 0.3001 0.9663 | 0.2637 0.9664 | Time: 4.0145 | TEST: 0.6014 0.8479 | 0.4051 0.9508 | 0.2751 0.9778 | Time: 5.0545
Epoch: 0063 | TRAIN: 0.0011 1.0000 | 0.0007 1.0000 | 0.0007 1.0000 | Time: 147.3877 | VAL: 0.5526 0.8696 | 0.3051 0.9663 | 0.2664 0.9664 | Time: 4.3323 | TEST: 0.6047 0.8427 | 0.4128 0.9426 | 0.2793 0.9722 | Time: 4.7518
Epoch: 0064 | TRAIN: 0.0010 1.0000 | 0.0006 1.0000 | 0.0007 1.0000 | Time: 148.2705 | VAL: 0.5441 0.8659 | 0.2939 0.9663 | 0.2674 0.9664 | Time: 4.2906 | TEST: 0.6003 0.8444 | 0.3963 0.9508 | 0.2745 0.9722 | Time: 4.9498
Epoch: 0065 | TRAIN: 0.0010 1.0000 | 0.0006 1.0000 | 0.0006 1.0000 | Time: 147.3494 | VAL: 0.5451 0.8696 | 0.2858 0.9775 | 0.2698 0.9664 | Time: 3.9896 | TEST: 0.6034 0.8444 | 0.4009 0.9426 | 0.2779 0.9778 | Time: 4.9873
Epoch: 0066 | TRAIN: 0.0010 1.0000 | 0.0006 1.0000 | 0.0006 1.0000 | Time: 148.6526 | VAL: 0.5459 0.8696 | 0.2889 0.9775 | 0.2684 0.9664 | Time: 4.3976 | TEST: 0.6074 0.8444 | 0.3999 0.9426 | 0.2772 0.9722 | Time: 4.6787
Epoch: 0067 | TRAIN: 0.0009 1.0000 | 0.0006 1.0000 | 0.0006 1.0000 | Time: 149.2698 | VAL: 0.5390 0.8714 | 0.2912 0.9775 | 0.2614 0.9664 | Time: 4.0244 | TEST: 0.6028 0.8462 | 0.3971 0.9426 | 0.2667 0.9667 | Time: 4.6624
Epoch: 0068 | TRAIN: 0.0010 1.0000 | 0.0005 1.0000 | 0.0006 1.0000 | Time: 148.4258 | VAL: 0.5512 0.8714 | 0.2926 0.9663 | 0.2557 0.9664 | Time: 4.0608 | TEST: 0.6046 0.8479 | 0.3939 0.9426 | 0.2597 0.9722 | Time: 4.8375
Epoch: 0069 | TRAIN: 0.0009 1.0000 | 0.0005 1.0000 | 0.0006 1.0000 | Time: 147.5498 | VAL: 0.5503 0.8641 | 0.2818 0.9663 | 0.2545 0.9664 | Time: 4.0271 | TEST: 0.6033 0.8444 | 0.3908 0.9508 | 0.2626 0.9722 | Time: 4.8854
Epoch: 0070 | TRAIN: 0.0008 1.0000 | 0.0005 1.0000 | 0.0005 1.0000 | Time: 147.3333 | VAL: 0.5420 0.8659 | 0.2787 0.9775 | 0.2523 0.9664 | Time: 4.0333 | TEST: 0.6021 0.8427 | 0.3996 0.9344 | 0.2592 0.9722 | Time: 4.9784
Epoch: 0071 | TRAIN: 0.0008 1.0000 | 0.0005 1.0000 | 0.0006 1.0000 | Time: 149.4935 | VAL: 0.5458 0.8659 | 0.2719 0.9663 | 0.2516 0.9664 | Time: 4.0520 | TEST: 0.5992 0.8479 | 0.3898 0.9344 | 0.2571 0.9722 | Time: 4.6663
Epoch: 0072 | TRAIN: 0.0008 1.0000 | 0.0005 1.0000 | 0.0005 1.0000 | Time: 149.6775 | VAL: 0.5372 0.8750 | 0.2737 0.9663 | 0.2483 0.9664 | Time: 4.2058 | TEST: 0.5997 0.8496 | 0.3820 0.9508 | 0.2543 0.9778 | Time: 4.7182
Epoch: 0073 | TRAIN: 0.0008 1.0000 | 0.0004 1.0000 | 0.0005 1.0000 | Time: 149.5806 | VAL: 0.5439 0.8659 | 0.2692 0.9663 | 0.2436 0.9664 | Time: 4.1567 | TEST: 0.6020 0.8427 | 0.3875 0.9426 | 0.2463 0.9778 | Time: 4.8292
Epoch: 0074 | TRAIN: 0.0007 1.0000 | 0.0005 1.0000 | 0.0005 1.0000 | Time: 147.8948 | VAL: 0.5474 0.8696 | 0.2776 0.9775 | 0.2549 0.9664 | Time: 4.1021 | TEST: 0.6050 0.8479 | 0.3898 0.9344 | 0.2580 0.9778 | Time: 4.7332
Epoch: 0075 | TRAIN: 0.0007 1.0000 | 0.0004 1.0000 | 0.0005 1.0000 | Time: 147.9944 | VAL: 0.5497 0.8659 | 0.2650 0.9775 | 0.2523 0.9664 | Time: 4.0846 | TEST: 0.6034 0.8462 | 0.3790 0.9508 | 0.2587 0.9778 | Time: 5.1916
Epoch: 0076 | TRAIN: 0.0007 1.0000 | 0.0004 1.0000 | 0.0005 1.0000 | Time: 148.6649 | VAL: 0.5688 0.8623 | 0.2672 0.9775 | 0.2443 0.9732 | Time: 4.2728 | TEST: 0.6132 0.8444 | 0.3811 0.9508 | 0.2537 0.9722 | Time: 4.6883
Epoch: 0077 | TRAIN: 0.0007 1.0000 | 0.0004 1.0000 | 0.0005 1.0000 | Time: 147.4119 | VAL: 0.5504 0.8641 | 0.2665 0.9663 | 0.2556 0.9664 | Time: 3.9119 | TEST: 0.6006 0.8444 | 0.3793 0.9426 | 0.2587 0.9722 | Time: 4.7024
Epoch: 0078 | TRAIN: 0.0006 1.0000 | 0.0004 1.0000 | 0.0004 1.0000 | Time: 147.6700 | VAL: 0.5435 0.8678 | 0.2699 0.9663 | 0.2500 0.9664 | Time: 4.0737 | TEST: 0.6007 0.8444 | 0.3828 0.9508 | 0.2543 0.9833 | Time: 5.1352
Epoch: 0079 | TRAIN: 0.0007 1.0000 | 0.0004 1.0000 | 0.0004 1.0000 | Time: 147.9147 | VAL: 0.5474 0.8641 | 0.2665 0.9663 | 0.2386 0.9664 | Time: 3.9760 | TEST: 0.6007 0.8444 | 0.3762 0.9508 | 0.2420 0.9778 | Time: 4.8220
Epoch: 0080 | TRAIN: 0.0006 1.0000 | 0.0004 1.0000 | 0.0004 1.0000 | Time: 147.4158 | VAL: 0.5476 0.8678 | 0.2718 0.9663 | 0.2496 0.9664 | Time: 4.1905 | TEST: 0.5965 0.8496 | 0.3861 0.9508 | 0.2457 0.9778 | Time: 4.7280
Epoch: 0081 | TRAIN: 0.0006 1.0000 | 0.0004 1.0000 | 0.0004 1.0000 | Time: 147.0297 | VAL: 0.5602 0.8659 | 0.2672 0.9775 | 0.2434 0.9664 | Time: 4.2284 | TEST: 0.6083 0.8444 | 0.3797 0.9426 | 0.2414 0.9722 | Time: 4.8789
Epoch: 0082 | TRAIN: 0.0006 1.0000 | 0.0003 1.0000 | 0.0004 1.0000 | Time: 150.1237 | VAL: 0.5546 0.8641 | 0.2685 0.9775 | 0.2499 0.9664 | Time: 4.1641 | TEST: 0.6064 0.8479 | 0.3670 0.9344 | 0.2456 0.9722 | Time: 4.6704
Epoch: 0083 | TRAIN: 0.0006 1.0000 | 0.0003 1.0000 | 0.0004 1.0000 | Time: 148.5305 | VAL: 0.5477 0.8623 | 0.2577 0.9775 | 0.2414 0.9664 | Time: 4.1067 | TEST: 0.6067 0.8462 | 0.3634 0.9344 | 0.2429 0.9778 | Time: 4.5885
Epoch: 0084 | TRAIN: 0.0005 1.0000 | 0.0003 1.0000 | 0.0004 1.0000 | Time: 148.0800 | VAL: 0.5407 0.8623 | 0.2647 0.9663 | 0.2369 0.9664 | Time: 4.2623 | TEST: 0.6019 0.8462 | 0.3640 0.9426 | 0.2345 0.9778 | Time: 4.8401
Epoch: 0085 | TRAIN: 0.0005 1.0000 | 0.0003 1.0000 | 0.0004 1.0000 | Time: 147.9138 | VAL: 0.5544 0.8623 | 0.2607 0.9663 | 0.2487 0.9664 | Time: 4.1182 | TEST: 0.6140 0.8479 | 0.3695 0.9508 | 0.2398 0.9833 | Time: 5.0178
Epoch: 0086 | TRAIN: 0.0005 1.0000 | 0.0003 1.0000 | 0.0003 1.0000 | Time: 149.6303 | VAL: 0.5382 0.8623 | 0.2529 0.9775 | 0.2361 0.9664 | Time: 4.1774 | TEST: 0.6009 0.8496 | 0.3596 0.9344 | 0.2367 0.9778 | Time: 4.6018
Epoch: 0087 | TRAIN: 0.0005 1.0000 | 0.0003 1.0000 | 0.0003 1.0000 | Time: 149.1972 | VAL: 0.5447 0.8587 | 0.2713 0.9775 | 0.2405 0.9664 | Time: 4.1694 | TEST: 0.6025 0.8496 | 0.3641 0.9508 | 0.2328 0.9778 | Time: 4.6381
Epoch: 0088 | TRAIN: 0.0005 1.0000 | 0.0003 1.0000 | 0.0003 1.0000 | Time: 148.0674 | VAL: 0.5493 0.8587 | 0.2542 0.9663 | 0.2479 0.9664 | Time: 4.1134 | TEST: 0.6150 0.8444 | 0.3624 0.9508 | 0.2337 0.9778 | Time: 4.6196
Epoch: 0089 | TRAIN: 0.0005 1.0000 | 0.0003 1.0000 | 0.0003 1.0000 | Time: 147.7334 | VAL: 0.5880 0.8623 | 0.2570 0.9663 | 0.2309 0.9732 | Time: 4.0109 | TEST: 0.6285 0.8547 | 0.3590 0.9508 | 0.2297 0.9778 | Time: 4.9643
Epoch: 0090 | TRAIN: 0.1804 0.9573 | 0.0143 0.9994 | 0.0212 0.9985 | Time: 147.5424 | VAL: 0.8488 0.7971 | 0.3643 0.9551 | 0.3264 0.9530 | Time: 4.0043 | TEST: 0.8191 0.8000 | 0.4710 0.9180 | 0.3702 0.9611 | Time: 4.8260
Epoch: 0091 | TRAIN: 0.1289 0.9742 | 0.0122 0.9997 | 0.0147 1.0000 | Time: 147.7805 | VAL: 0.6937 0.8279 | 0.1565 0.9663 | 0.2041 0.9530 | Time: 4.2704 | TEST: 0.6865 0.8308 | 0.2513 0.9590 | 0.1831 0.9833 | Time: 4.8883
Epoch: 0092 | TRAIN: 0.0219 0.9973 | 0.0032 1.0000 | 0.0043 1.0000 | Time: 148.6821 | VAL: 0.6359 0.8514 | 0.0981 0.9775 | 0.1717 0.9597 | Time: 4.2012 | TEST: 0.6427 0.8547 | 0.1834 0.9672 | 0.1348 0.9833 | Time: 4.7079
Epoch: 0093 | TRAIN: 0.0056 1.0000 | 0.0014 1.0000 | 0.0016 1.0000 | Time: 148.2446 | VAL: 0.6147 0.8496 | 0.0852 0.9775 | 0.1494 0.9664 | Time: 4.2221 | TEST: 0.6391 0.8513 | 0.1704 0.9672 | 0.1298 0.9833 | Time: 4.6022
Epoch: 0094 | TRAIN: 0.0026 1.0000 | 0.0008 1.0000 | 0.0010 1.0000 | Time: 148.3324 | VAL: 0.5976 0.8514 | 0.0931 0.9775 | 0.1389 0.9732 | Time: 4.0447 | TEST: 0.6247 0.8547 | 0.1698 0.9672 | 0.1091 0.9833 | Time: 4.7949
Epoch: 0095 | TRAIN: 0.0019 1.0000 | 0.0007 1.0000 | 0.0009 1.0000 | Time: 149.6568 | VAL: 0.6065 0.8514 | 0.0772 0.9775 | 0.1409 0.9732 | Time: 4.0873 | TEST: 0.6327 0.8564 | 0.1630 0.9672 | 0.1167 0.9833 | Time: 4.8284
Epoch: 0096 | TRAIN: 0.0017 1.0000 | 0.0006 1.0000 | 0.0007 1.0000 | Time: 148.0969 | VAL: 0.5965 0.8605 | 0.0785 0.9775 | 0.1305 0.9732 | Time: 4.2962 | TEST: 0.6281 0.8581 | 0.1598 0.9672 | 0.1055 0.9889 | Time: 5.1322
Epoch: 0097 | TRAIN: 0.0014 1.0000 | 0.0006 1.0000 | 0.0006 1.0000 | Time: 147.8600 | VAL: 0.6006 0.8623 | 0.0776 0.9775 | 0.1367 0.9732 | Time: 4.0465 | TEST: 0.6320 0.8581 | 0.1523 0.9836 | 0.1064 0.9833 | Time: 4.7460
Epoch: 0098 | TRAIN: 0.0014 1.0000 | 0.0004 1.0000 | 0.0006 1.0000 | Time: 147.6631 | VAL: 0.6020 0.8605 | 0.0763 0.9775 | 0.1342 0.9732 | Time: 4.3141 | TEST: 0.6310 0.8581 | 0.1480 0.9754 | 0.1045 0.9833 | Time: 4.7517
Epoch: 0099 | TRAIN: 0.0014 1.0000 | 0.0004 1.0000 | 0.0006 1.0000 | Time: 147.0103 | VAL: 0.6056 0.8514 | 0.0779 0.9663 | 0.1382 0.9664 | Time: 4.2846 | TEST: 0.6317 0.8581 | 0.1469 0.9754 | 0.1102 0.9833 | Time: 4.9483
========================================
Best Result: Epoch 36, result {'amazon': [0.8461538461538461], 'dslr': [0.9344262295081968], 'webcam': [0.9777777777777777]}
========================================
