========================================
General Configuration:
	Wighting: MoDo
	Architecture: HPS
	Rep_Grad: False
	Multi_Input: True
	Seed: 4
	Device: cuda:4
MoDo Configuration:
	weighting: MoDo
	gamma_modo: 0.001
	rho_modo: 0.0
	modo_gn: none
Optimizer Configuration:
	optim: adam
	lr: 0.0001
	weight_decay: 1e-05
========================================
Total Params: 11487901
Trainable Params: 11487901
Non-trainable Params: 0
========================================
LOG FORMAT | amazon_LOSS Acc | dslr_LOSS Acc | webcam_LOSS Acc | TIME
Epoch: 0000 | TRAIN: 2.1691 0.5240 | 1.3454 0.8341 | 1.5158 0.7927 | Time: 148.9934 | VAL: 1.4097 0.7790 | 0.8829 0.9775 | 0.9442 0.9597 | Time: 4.1613 | TEST: 1.4661 0.7487 | 0.9469 0.9344 | 1.0839 0.9278 | Time: 5.2651
Epoch: 0001 | TRAIN: 0.9375 0.8681 | 0.2739 1.0000 | 0.3452 0.9994 | Time: 147.2157 | VAL: 0.9875 0.8551 | 0.6364 0.9888 | 0.6243 0.9664 | Time: 4.2041 | TEST: 1.0381 0.8325 | 0.7091 0.9426 | 0.7286 0.9556 | Time: 5.0550
Epoch: 0002 | TRAIN: 0.4553 0.9639 | 0.1289 1.0000 | 0.1506 1.0000 | Time: 147.9926 | VAL: 0.8206 0.8732 | 0.5499 0.9888 | 0.5111 0.9799 | Time: 4.1392 | TEST: 0.8753 0.8530 | 0.6333 0.9590 | 0.6068 0.9667 | Time: 4.6248
Epoch: 0003 | TRAIN: 0.2192 0.9949 | 0.0765 1.0000 | 0.0895 1.0000 | Time: 148.7645 | VAL: 0.7534 0.8732 | 0.5136 0.9888 | 0.4635 0.9799 | Time: 4.1049 | TEST: 0.8097 0.8530 | 0.6008 0.9590 | 0.5501 0.9722 | Time: 4.9242
Epoch: 0004 | TRAIN: 0.1218 0.9994 | 0.0526 1.0000 | 0.0615 1.0000 | Time: 148.2522 | VAL: 0.7223 0.8641 | 0.4974 0.9775 | 0.4387 0.9799 | Time: 3.9591 | TEST: 0.7725 0.8547 | 0.5820 0.9590 | 0.5216 0.9722 | Time: 5.0581
Epoch: 0005 | TRAIN: 0.0800 1.0000 | 0.0401 1.0000 | 0.0456 1.0000 | Time: 147.8827 | VAL: 0.6973 0.8678 | 0.4702 0.9888 | 0.4090 0.9732 | Time: 4.0651 | TEST: 0.7479 0.8479 | 0.5532 0.9590 | 0.5055 0.9722 | Time: 4.7606
Epoch: 0006 | TRAIN: 0.0554 1.0000 | 0.0306 1.0000 | 0.0353 1.0000 | Time: 148.5695 | VAL: 0.6647 0.8678 | 0.4462 0.9888 | 0.3791 0.9799 | Time: 4.1687 | TEST: 0.7172 0.8598 | 0.5441 0.9590 | 0.4600 0.9722 | Time: 4.7317
Epoch: 0007 | TRAIN: 0.0465 1.0000 | 0.0248 1.0000 | 0.0269 1.0000 | Time: 147.0456 | VAL: 0.6490 0.8732 | 0.4500 0.9888 | 0.3818 0.9866 | Time: 3.9667 | TEST: 0.7028 0.8564 | 0.5377 0.9508 | 0.4744 0.9722 | Time: 4.8863
Epoch: 0008 | TRAIN: 0.0373 1.0000 | 0.0202 1.0000 | 0.0230 1.0000 | Time: 147.4530 | VAL: 0.6465 0.8696 | 0.4280 0.9888 | 0.3596 0.9866 | Time: 4.1879 | TEST: 0.7017 0.8479 | 0.5107 0.9672 | 0.4436 0.9722 | Time: 4.7222
Epoch: 0009 | TRAIN: 0.0300 1.0000 | 0.0177 1.0000 | 0.0195 1.0000 | Time: 148.3595 | VAL: 0.6379 0.8696 | 0.4216 0.9888 | 0.3381 0.9799 | Time: 3.9154 | TEST: 0.6791 0.8581 | 0.5130 0.9590 | 0.4292 0.9722 | Time: 5.1197
Epoch: 0010 | TRAIN: 0.0244 1.0000 | 0.0150 1.0000 | 0.0168 1.0000 | Time: 148.9235 | VAL: 0.6226 0.8732 | 0.4288 0.9888 | 0.3380 0.9732 | Time: 4.2464 | TEST: 0.6720 0.8513 | 0.5096 0.9590 | 0.4328 0.9722 | Time: 5.0280
Epoch: 0011 | TRAIN: 0.0230 1.0000 | 0.0128 1.0000 | 0.0147 1.0000 | Time: 149.4108 | VAL: 0.6220 0.8732 | 0.4155 0.9888 | 0.3320 0.9799 | Time: 4.0576 | TEST: 0.6644 0.8530 | 0.4969 0.9590 | 0.4264 0.9722 | Time: 4.8535
Epoch: 0012 | TRAIN: 0.0188 1.0000 | 0.0112 1.0000 | 0.0129 1.0000 | Time: 148.8106 | VAL: 0.6149 0.8678 | 0.3913 0.9888 | 0.3147 0.9866 | Time: 4.2582 | TEST: 0.6601 0.8513 | 0.4916 0.9590 | 0.4063 0.9722 | Time: 5.0348
Epoch: 0013 | TRAIN: 0.0180 1.0000 | 0.0101 1.0000 | 0.0110 1.0000 | Time: 148.4032 | VAL: 0.6133 0.8659 | 0.4069 0.9888 | 0.3031 0.9933 | Time: 4.2174 | TEST: 0.6596 0.8513 | 0.4948 0.9590 | 0.3989 0.9722 | Time: 4.7881
Epoch: 0014 | TRAIN: 0.0152 1.0000 | 0.0090 1.0000 | 0.0098 1.0000 | Time: 148.4804 | VAL: 0.6081 0.8641 | 0.3944 0.9888 | 0.3012 0.9866 | Time: 4.0931 | TEST: 0.6504 0.8530 | 0.4884 0.9590 | 0.3856 0.9722 | Time: 4.8776
Epoch: 0015 | TRAIN: 0.0137 1.0000 | 0.0082 1.0000 | 0.0094 1.0000 | Time: 148.6120 | VAL: 0.6049 0.8659 | 0.3931 0.9888 | 0.3053 0.9866 | Time: 4.0007 | TEST: 0.6508 0.8444 | 0.4904 0.9590 | 0.3958 0.9722 | Time: 5.0293
Epoch: 0016 | TRAIN: 0.0129 1.0000 | 0.0073 1.0000 | 0.0085 1.0000 | Time: 147.9717 | VAL: 0.6008 0.8696 | 0.3858 0.9888 | 0.2977 0.9866 | Time: 4.0788 | TEST: 0.6408 0.8462 | 0.4747 0.9672 | 0.3951 0.9722 | Time: 4.7170
Epoch: 0017 | TRAIN: 0.0112 1.0000 | 0.0070 1.0000 | 0.0078 1.0000 | Time: 148.6531 | VAL: 0.5956 0.8659 | 0.3833 0.9888 | 0.2870 0.9866 | Time: 4.3255 | TEST: 0.6359 0.8581 | 0.4721 0.9590 | 0.3790 0.9722 | Time: 5.0959
Epoch: 0018 | TRAIN: 0.0100 1.0000 | 0.0062 1.0000 | 0.0070 1.0000 | Time: 147.9082 | VAL: 0.5934 0.8605 | 0.3733 0.9888 | 0.2865 0.9799 | Time: 4.3285 | TEST: 0.6374 0.8427 | 0.4631 0.9590 | 0.3768 0.9722 | Time: 5.1890
Epoch: 0019 | TRAIN: 0.0092 1.0000 | 0.0061 1.0000 | 0.0060 1.0000 | Time: 149.3159 | VAL: 0.5857 0.8714 | 0.3777 0.9888 | 0.2883 0.9933 | Time: 4.4052 | TEST: 0.6328 0.8479 | 0.4681 0.9590 | 0.3728 0.9722 | Time: 5.1978
Epoch: 0020 | TRAIN: 0.0084 1.0000 | 0.0052 1.0000 | 0.0061 1.0000 | Time: 148.8742 | VAL: 0.5908 0.8696 | 0.3788 0.9888 | 0.2762 0.9866 | Time: 4.3529 | TEST: 0.6344 0.8444 | 0.4606 0.9590 | 0.3697 0.9722 | Time: 5.1032
Epoch: 0021 | TRAIN: 0.0078 1.0000 | 0.0047 1.0000 | 0.0054 1.0000 | Time: 147.7789 | VAL: 0.5879 0.8732 | 0.3731 0.9888 | 0.2728 0.9933 | Time: 4.1426 | TEST: 0.6342 0.8547 | 0.4655 0.9590 | 0.3617 0.9667 | Time: 4.8607
Epoch: 0022 | TRAIN: 0.0078 1.0000 | 0.0043 1.0000 | 0.0050 1.0000 | Time: 148.1245 | VAL: 0.5826 0.8641 | 0.3653 0.9888 | 0.2730 0.9799 | Time: 4.2234 | TEST: 0.6235 0.8479 | 0.4511 0.9590 | 0.3588 0.9667 | Time: 4.8662
Epoch: 0023 | TRAIN: 0.0070 1.0000 | 0.0040 1.0000 | 0.0045 1.0000 | Time: 148.9336 | VAL: 0.5794 0.8659 | 0.3596 0.9888 | 0.2623 0.9933 | Time: 3.9481 | TEST: 0.6234 0.8479 | 0.4514 0.9590 | 0.3496 0.9722 | Time: 4.7928
Epoch: 0024 | TRAIN: 0.0067 1.0000 | 0.0039 1.0000 | 0.0042 1.0000 | Time: 148.5442 | VAL: 0.5801 0.8659 | 0.3595 1.0000 | 0.2656 0.9933 | Time: 4.2884 | TEST: 0.6238 0.8462 | 0.4542 0.9590 | 0.3511 0.9667 | Time: 4.8685
Epoch: 0025 | TRAIN: 0.0057 1.0000 | 0.0036 1.0000 | 0.0041 1.0000 | Time: 148.3148 | VAL: 0.5737 0.8696 | 0.3544 0.9888 | 0.2638 1.0000 | Time: 4.0223 | TEST: 0.6154 0.8530 | 0.4463 0.9590 | 0.3556 0.9667 | Time: 4.8068
Epoch: 0026 | TRAIN: 0.0057 1.0000 | 0.0032 1.0000 | 0.0041 1.0000 | Time: 147.5515 | VAL: 0.5799 0.8641 | 0.3508 0.9888 | 0.2631 0.9933 | Time: 3.9216 | TEST: 0.6191 0.8513 | 0.4510 0.9590 | 0.3495 0.9611 | Time: 4.8331
Epoch: 0027 | TRAIN: 0.0050 1.0000 | 0.0031 1.0000 | 0.0035 1.0000 | Time: 147.7478 | VAL: 0.5808 0.8659 | 0.3498 0.9888 | 0.2531 0.9866 | Time: 4.2951 | TEST: 0.6237 0.8410 | 0.4497 0.9590 | 0.3308 0.9667 | Time: 5.0030
Epoch: 0028 | TRAIN: 0.0050 1.0000 | 0.0031 1.0000 | 0.0033 1.0000 | Time: 149.1297 | VAL: 0.5720 0.8678 | 0.3557 0.9775 | 0.2578 0.9933 | Time: 4.1453 | TEST: 0.6121 0.8564 | 0.4593 0.9590 | 0.3435 0.9722 | Time: 5.0291
Epoch: 0029 | TRAIN: 0.0046 1.0000 | 0.0028 1.0000 | 0.0032 1.0000 | Time: 148.8574 | VAL: 0.5717 0.8659 | 0.3515 0.9775 | 0.2466 0.9866 | Time: 4.2374 | TEST: 0.6104 0.8479 | 0.4483 0.9590 | 0.3356 0.9722 | Time: 5.1183
Epoch: 0030 | TRAIN: 0.0040 1.0000 | 0.0026 1.0000 | 0.0029 1.0000 | Time: 148.1626 | VAL: 0.5723 0.8623 | 0.3369 1.0000 | 0.2472 0.9933 | Time: 4.2834 | TEST: 0.6078 0.8496 | 0.4411 0.9590 | 0.3307 0.9667 | Time: 5.1056
Epoch: 0031 | TRAIN: 0.0042 1.0000 | 0.0024 1.0000 | 0.0027 1.0000 | Time: 148.1084 | VAL: 0.5681 0.8659 | 0.3364 0.9888 | 0.2557 0.9799 | Time: 4.3699 | TEST: 0.6118 0.8462 | 0.4350 0.9590 | 0.3420 0.9611 | Time: 4.8559
Epoch: 0032 | TRAIN: 0.0038 1.0000 | 0.0024 1.0000 | 0.0027 1.0000 | Time: 147.5492 | VAL: 0.5700 0.8678 | 0.3379 1.0000 | 0.2438 0.9933 | Time: 4.1202 | TEST: 0.6064 0.8513 | 0.4314 0.9590 | 0.3306 0.9611 | Time: 5.0236
Epoch: 0033 | TRAIN: 0.0040 1.0000 | 0.0023 1.0000 | 0.0026 1.0000 | Time: 149.3002 | VAL: 0.5680 0.8641 | 0.3342 0.9888 | 0.2366 0.9866 | Time: 3.9384 | TEST: 0.6025 0.8564 | 0.4288 0.9590 | 0.3216 0.9611 | Time: 4.9944
Epoch: 0034 | TRAIN: 0.0034 1.0000 | 0.0021 1.0000 | 0.0024 1.0000 | Time: 147.6744 | VAL: 0.5685 0.8605 | 0.3369 0.9888 | 0.2457 0.9866 | Time: 4.2591 | TEST: 0.5995 0.8427 | 0.4370 0.9590 | 0.3289 0.9556 | Time: 5.0378
Epoch: 0035 | TRAIN: 0.0035 1.0000 | 0.0021 1.0000 | 0.0023 1.0000 | Time: 147.0853 | VAL: 0.5716 0.8587 | 0.3328 1.0000 | 0.2401 0.9933 | Time: 4.2623 | TEST: 0.6061 0.8496 | 0.4371 0.9590 | 0.3254 0.9611 | Time: 4.8718
Epoch: 0036 | TRAIN: 0.0030 1.0000 | 0.0020 1.0000 | 0.0022 1.0000 | Time: 147.0940 | VAL: 0.5685 0.8659 | 0.3430 0.9888 | 0.2334 1.0000 | Time: 3.9822 | TEST: 0.6020 0.8530 | 0.4360 0.9590 | 0.3181 0.9667 | Time: 4.9463
Epoch: 0037 | TRAIN: 0.0032 1.0000 | 0.0019 1.0000 | 0.0021 1.0000 | Time: 147.7107 | VAL: 0.5677 0.8623 | 0.3256 0.9775 | 0.2283 0.9933 | Time: 4.3085 | TEST: 0.6002 0.8564 | 0.4305 0.9508 | 0.3166 0.9611 | Time: 4.6572
Epoch: 0038 | TRAIN: 0.0029 1.0000 | 0.0018 1.0000 | 0.0021 1.0000 | Time: 148.3590 | VAL: 0.5634 0.8678 | 0.3174 0.9888 | 0.2324 0.9866 | Time: 4.2864 | TEST: 0.5982 0.8479 | 0.4122 0.9590 | 0.3175 0.9611 | Time: 4.9094
Epoch: 0039 | TRAIN: 0.0028 1.0000 | 0.0017 1.0000 | 0.0020 1.0000 | Time: 148.6187 | VAL: 0.5550 0.8696 | 0.3178 1.0000 | 0.2250 0.9933 | Time: 3.9259 | TEST: 0.5954 0.8496 | 0.4139 0.9590 | 0.3067 0.9611 | Time: 5.0103
Epoch: 0040 | TRAIN: 0.0025 1.0000 | 0.0017 1.0000 | 0.0016 1.0000 | Time: 148.4767 | VAL: 0.5654 0.8605 | 0.3173 0.9888 | 0.2200 0.9866 | Time: 3.9084 | TEST: 0.6034 0.8444 | 0.4183 0.9590 | 0.3070 0.9611 | Time: 4.6416
Epoch: 0041 | TRAIN: 0.0025 1.0000 | 0.0014 1.0000 | 0.0017 1.0000 | Time: 149.6144 | VAL: 0.5645 0.8623 | 0.3076 0.9888 | 0.2241 0.9664 | Time: 3.9829 | TEST: 0.6012 0.8462 | 0.4008 0.9590 | 0.3024 0.9611 | Time: 4.8556
Epoch: 0042 | TRAIN: 0.0023 1.0000 | 0.0015 1.0000 | 0.0018 1.0000 | Time: 148.8378 | VAL: 0.5680 0.8696 | 0.3134 0.9775 | 0.2181 0.9933 | Time: 4.1983 | TEST: 0.6037 0.8479 | 0.4037 0.9590 | 0.3032 0.9667 | Time: 4.9688
Epoch: 0043 | TRAIN: 0.0023 1.0000 | 0.0014 1.0000 | 0.0016 1.0000 | Time: 149.6799 | VAL: 0.5672 0.8569 | 0.3114 0.9888 | 0.2119 0.9866 | Time: 4.0305 | TEST: 0.6009 0.8427 | 0.3993 0.9590 | 0.2958 0.9556 | Time: 4.7357
Epoch: 0044 | TRAIN: 0.0022 1.0000 | 0.0013 1.0000 | 0.0015 1.0000 | Time: 149.0436 | VAL: 0.5754 0.8605 | 0.3153 0.9888 | 0.2254 0.9866 | Time: 4.0208 | TEST: 0.6065 0.8462 | 0.4068 0.9590 | 0.3122 0.9611 | Time: 5.2218
Epoch: 0045 | TRAIN: 0.0021 1.0000 | 0.0013 1.0000 | 0.0014 1.0000 | Time: 148.0118 | VAL: 0.5636 0.8641 | 0.3154 0.9888 | 0.1999 0.9866 | Time: 4.0653 | TEST: 0.5995 0.8479 | 0.4074 0.9590 | 0.2826 0.9611 | Time: 4.7869
Epoch: 0046 | TRAIN: 0.0020 1.0000 | 0.0012 1.0000 | 0.0015 1.0000 | Time: 148.3062 | VAL: 0.5611 0.8641 | 0.3124 0.9775 | 0.2204 0.9799 | Time: 4.1965 | TEST: 0.5977 0.8496 | 0.3998 0.9590 | 0.3012 0.9556 | Time: 4.8843
Epoch: 0047 | TRAIN: 0.0019 1.0000 | 0.0012 1.0000 | 0.0013 1.0000 | Time: 148.2884 | VAL: 0.5729 0.8659 | 0.3088 0.9888 | 0.2110 0.9866 | Time: 4.2600 | TEST: 0.6050 0.8479 | 0.4053 0.9508 | 0.2888 0.9667 | Time: 5.1197
Epoch: 0048 | TRAIN: 0.0020 1.0000 | 0.0012 1.0000 | 0.0012 1.0000 | Time: 147.0536 | VAL: 0.5587 0.8659 | 0.3015 0.9775 | 0.2101 0.9799 | Time: 4.1862 | TEST: 0.5944 0.8410 | 0.3850 0.9590 | 0.2912 0.9556 | Time: 5.0411
Epoch: 0049 | TRAIN: 0.0018 1.0000 | 0.0010 1.0000 | 0.0012 1.0000 | Time: 148.3172 | VAL: 0.5600 0.8623 | 0.3004 0.9775 | 0.2100 0.9799 | Time: 4.1670 | TEST: 0.5928 0.8427 | 0.3882 0.9590 | 0.2899 0.9611 | Time: 4.9905
Epoch: 0050 | TRAIN: 0.0017 1.0000 | 0.0011 1.0000 | 0.0011 1.0000 | Time: 148.7191 | VAL: 0.5543 0.8696 | 0.3048 0.9888 | 0.2123 0.9799 | Time: 4.1881 | TEST: 0.5921 0.8427 | 0.3994 0.9590 | 0.2923 0.9556 | Time: 4.7955
Epoch: 0051 | TRAIN: 0.0017 1.0000 | 0.0010 1.0000 | 0.0011 1.0000 | Time: 147.9266 | VAL: 0.5601 0.8659 | 0.2938 0.9775 | 0.1966 0.9866 | Time: 3.8592 | TEST: 0.5928 0.8496 | 0.3914 0.9590 | 0.2763 0.9667 | Time: 4.8950
Epoch: 0052 | TRAIN: 0.0016 1.0000 | 0.0009 1.0000 | 0.0011 1.0000 | Time: 148.0490 | VAL: 0.5578 0.8623 | 0.2973 0.9775 | 0.2021 0.9866 | Time: 4.1829 | TEST: 0.5997 0.8462 | 0.3968 0.9508 | 0.2879 0.9556 | Time: 5.0344
Epoch: 0053 | TRAIN: 0.0016 1.0000 | 0.0009 1.0000 | 0.0010 1.0000 | Time: 147.1976 | VAL: 0.5623 0.8623 | 0.2968 0.9775 | 0.2042 0.9866 | Time: 4.3035 | TEST: 0.5984 0.8444 | 0.3935 0.9590 | 0.2853 0.9556 | Time: 4.6526
Epoch: 0054 | TRAIN: 0.0015 1.0000 | 0.0009 1.0000 | 0.0010 1.0000 | Time: 148.0271 | VAL: 0.5613 0.8641 | 0.2883 0.9775 | 0.1929 0.9866 | Time: 4.0997 | TEST: 0.5964 0.8530 | 0.3852 0.9508 | 0.2769 0.9667 | Time: 4.6499
Epoch: 0055 | TRAIN: 0.0015 1.0000 | 0.0009 1.0000 | 0.0010 1.0000 | Time: 148.7450 | VAL: 0.5651 0.8605 | 0.2883 0.9775 | 0.2033 0.9866 | Time: 4.1802 | TEST: 0.5973 0.8479 | 0.3794 0.9672 | 0.2901 0.9611 | Time: 5.0637
Epoch: 0056 | TRAIN: 0.0014 1.0000 | 0.0009 1.0000 | 0.0009 1.0000 | Time: 147.2659 | VAL: 0.5646 0.8623 | 0.2905 0.9888 | 0.2032 0.9799 | Time: 4.2221 | TEST: 0.5983 0.8479 | 0.3789 0.9590 | 0.2819 0.9611 | Time: 4.7949
Epoch: 0057 | TRAIN: 0.0013 1.0000 | 0.0008 1.0000 | 0.0009 1.0000 | Time: 148.5753 | VAL: 0.5663 0.8641 | 0.2972 0.9775 | 0.1962 1.0000 | Time: 4.2021 | TEST: 0.5955 0.8513 | 0.3906 0.9590 | 0.2818 0.9611 | Time: 5.0215
Epoch: 0058 | TRAIN: 0.0013 1.0000 | 0.0008 1.0000 | 0.0008 1.0000 | Time: 148.6997 | VAL: 0.5618 0.8641 | 0.2732 0.9888 | 0.1904 0.9799 | Time: 4.2003 | TEST: 0.5940 0.8496 | 0.3706 0.9590 | 0.2755 0.9611 | Time: 4.7001
Epoch: 0059 | TRAIN: 0.0012 1.0000 | 0.0008 1.0000 | 0.0008 1.0000 | Time: 148.1075 | VAL: 0.5651 0.8641 | 0.2870 0.9775 | 0.1962 0.9799 | Time: 4.2438 | TEST: 0.5899 0.8581 | 0.3824 0.9590 | 0.2787 0.9611 | Time: 4.7112
Epoch: 0060 | TRAIN: 0.0012 1.0000 | 0.0007 1.0000 | 0.0008 1.0000 | Time: 148.7721 | VAL: 0.5645 0.8605 | 0.2845 0.9888 | 0.1907 0.9799 | Time: 4.1942 | TEST: 0.5932 0.8530 | 0.3758 0.9590 | 0.2733 0.9611 | Time: 4.7920
Epoch: 0061 | TRAIN: 0.0012 1.0000 | 0.0007 1.0000 | 0.0008 1.0000 | Time: 148.1086 | VAL: 0.5580 0.8641 | 0.2822 0.9775 | 0.1931 0.9866 | Time: 4.0279 | TEST: 0.5931 0.8496 | 0.3705 0.9590 | 0.2707 0.9611 | Time: 4.8136
Epoch: 0062 | TRAIN: 0.0011 1.0000 | 0.0006 1.0000 | 0.0008 1.0000 | Time: 147.6017 | VAL: 0.5654 0.8605 | 0.2780 0.9775 | 0.1837 0.9933 | Time: 3.8283 | TEST: 0.6014 0.8496 | 0.3724 0.9426 | 0.2633 0.9611 | Time: 4.7504
Epoch: 0063 | TRAIN: 0.0011 1.0000 | 0.0007 1.0000 | 0.0007 1.0000 | Time: 148.0398 | VAL: 0.5652 0.8641 | 0.2758 0.9775 | 0.1858 0.9799 | Time: 4.0351 | TEST: 0.5929 0.8513 | 0.3706 0.9590 | 0.2627 0.9667 | Time: 4.7378
Epoch: 0064 | TRAIN: 0.0010 1.0000 | 0.0006 1.0000 | 0.0007 1.0000 | Time: 147.5970 | VAL: 0.5606 0.8641 | 0.2633 0.9775 | 0.1848 0.9799 | Time: 4.3837 | TEST: 0.5959 0.8530 | 0.3552 0.9590 | 0.2618 0.9611 | Time: 5.1192
Epoch: 0065 | TRAIN: 0.0011 1.0000 | 0.0006 1.0000 | 0.0007 1.0000 | Time: 148.9534 | VAL: 0.5749 0.8569 | 0.2705 0.9775 | 0.1820 0.9866 | Time: 3.9879 | TEST: 0.6085 0.8410 | 0.3693 0.9508 | 0.2582 0.9611 | Time: 4.9168
Epoch: 0066 | TRAIN: 0.0010 1.0000 | 0.0006 1.0000 | 0.0006 1.0000 | Time: 149.1884 | VAL: 0.5723 0.8623 | 0.2813 0.9775 | 0.1857 0.9799 | Time: 4.2966 | TEST: 0.6103 0.8444 | 0.3781 0.9590 | 0.2614 0.9611 | Time: 4.8566
Epoch: 0067 | TRAIN: 0.0009 1.0000 | 0.0006 1.0000 | 0.0006 1.0000 | Time: 148.8755 | VAL: 0.5657 0.8714 | 0.2723 1.0000 | 0.1764 0.9799 | Time: 4.1749 | TEST: 0.6021 0.8496 | 0.3623 0.9426 | 0.2510 0.9611 | Time: 4.7373
Epoch: 0068 | TRAIN: 0.0009 1.0000 | 0.0005 1.0000 | 0.0006 1.0000 | Time: 148.9952 | VAL: 0.5635 0.8641 | 0.2697 0.9888 | 0.1861 0.9799 | Time: 4.2393 | TEST: 0.6001 0.8479 | 0.3645 0.9590 | 0.2648 0.9611 | Time: 4.8838
Epoch: 0069 | TRAIN: 0.0008 1.0000 | 0.0005 1.0000 | 0.0006 1.0000 | Time: 147.9088 | VAL: 0.5601 0.8659 | 0.2600 0.9888 | 0.1754 0.9799 | Time: 4.0205 | TEST: 0.5983 0.8496 | 0.3525 0.9590 | 0.2571 0.9611 | Time: 4.8513
Epoch: 0070 | TRAIN: 0.0009 1.0000 | 0.0005 1.0000 | 0.0006 1.0000 | Time: 148.8320 | VAL: 0.5634 0.8696 | 0.2587 0.9888 | 0.1796 0.9664 | Time: 4.2797 | TEST: 0.6033 0.8444 | 0.3621 0.9590 | 0.2590 0.9611 | Time: 5.1640
Epoch: 0071 | TRAIN: 0.0008 1.0000 | 0.0005 1.0000 | 0.0006 1.0000 | Time: 149.9942 | VAL: 0.5693 0.8623 | 0.2672 0.9775 | 0.1781 0.9866 | Time: 4.0327 | TEST: 0.5982 0.8462 | 0.3633 0.9508 | 0.2620 0.9611 | Time: 4.8262
Epoch: 0072 | TRAIN: 0.0008 1.0000 | 0.0005 1.0000 | 0.0005 1.0000 | Time: 149.5298 | VAL: 0.5699 0.8623 | 0.2552 0.9888 | 0.1759 0.9799 | Time: 3.9455 | TEST: 0.6097 0.8479 | 0.3506 0.9590 | 0.2517 0.9611 | Time: 4.7340
Epoch: 0073 | TRAIN: 0.0007 1.0000 | 0.0004 1.0000 | 0.0005 1.0000 | Time: 148.2645 | VAL: 0.5565 0.8659 | 0.2604 0.9888 | 0.1757 0.9799 | Time: 4.2026 | TEST: 0.5979 0.8479 | 0.3571 0.9590 | 0.2649 0.9611 | Time: 4.6740
Epoch: 0074 | TRAIN: 0.0008 1.0000 | 0.0005 1.0000 | 0.0005 1.0000 | Time: 148.2416 | VAL: 0.5710 0.8641 | 0.2590 0.9775 | 0.1715 0.9799 | Time: 4.2966 | TEST: 0.6042 0.8547 | 0.3581 0.9508 | 0.2500 0.9611 | Time: 4.9146
Epoch: 0075 | TRAIN: 0.0008 1.0000 | 0.0004 1.0000 | 0.0005 1.0000 | Time: 149.2130 | VAL: 0.5672 0.8659 | 0.2594 0.9888 | 0.1755 0.9799 | Time: 4.0292 | TEST: 0.6088 0.8479 | 0.3563 0.9508 | 0.2495 0.9611 | Time: 4.8511
Epoch: 0076 | TRAIN: 0.0007 1.0000 | 0.0004 1.0000 | 0.0005 1.0000 | Time: 148.7557 | VAL: 0.5721 0.8678 | 0.2503 0.9775 | 0.1732 0.9866 | Time: 4.3662 | TEST: 0.6061 0.8410 | 0.3450 0.9508 | 0.2490 0.9611 | Time: 4.9894
Epoch: 0077 | TRAIN: 0.0007 1.0000 | 0.0004 1.0000 | 0.0004 1.0000 | Time: 148.4198 | VAL: 0.5653 0.8605 | 0.2364 1.0000 | 0.1717 0.9799 | Time: 4.3042 | TEST: 0.6072 0.8393 | 0.3282 0.9672 | 0.2473 0.9611 | Time: 4.9180
Epoch: 0078 | TRAIN: 0.0006 1.0000 | 0.0004 1.0000 | 0.0005 1.0000 | Time: 148.6406 | VAL: 0.5718 0.8659 | 0.2516 0.9775 | 0.1678 0.9799 | Time: 4.2874 | TEST: 0.6053 0.8496 | 0.3467 0.9508 | 0.2407 0.9611 | Time: 5.0088
Epoch: 0079 | TRAIN: 0.0006 1.0000 | 0.0004 1.0000 | 0.0004 1.0000 | Time: 148.3123 | VAL: 0.5661 0.8605 | 0.2466 0.9775 | 0.1675 0.9799 | Time: 4.1031 | TEST: 0.6007 0.8462 | 0.3333 0.9590 | 0.2383 0.9667 | Time: 4.7853
Epoch: 0080 | TRAIN: 0.0006 1.0000 | 0.0004 1.0000 | 0.0004 1.0000 | Time: 147.7501 | VAL: 0.5771 0.8623 | 0.2529 0.9775 | 0.1635 0.9866 | Time: 4.2726 | TEST: 0.6079 0.8547 | 0.3468 0.9590 | 0.2409 0.9611 | Time: 5.0322
Epoch: 0081 | TRAIN: 0.0006 1.0000 | 0.0004 1.0000 | 0.0004 1.0000 | Time: 149.0215 | VAL: 0.5829 0.8514 | 0.2527 0.9888 | 0.1698 0.9664 | Time: 4.2307 | TEST: 0.6058 0.8444 | 0.3464 0.9590 | 0.2513 0.9611 | Time: 5.0097
Epoch: 0082 | TRAIN: 0.0006 1.0000 | 0.0003 1.0000 | 0.0004 1.0000 | Time: 148.3728 | VAL: 0.5747 0.8605 | 0.2404 0.9775 | 0.1669 0.9799 | Time: 4.2220 | TEST: 0.6060 0.8513 | 0.3419 0.9590 | 0.2426 0.9611 | Time: 4.8222
Epoch: 0083 | TRAIN: 0.0006 1.0000 | 0.0004 1.0000 | 0.0004 1.0000 | Time: 148.7954 | VAL: 0.5740 0.8587 | 0.2347 0.9888 | 0.1699 0.9866 | Time: 4.2376 | TEST: 0.6055 0.8462 | 0.3401 0.9508 | 0.2441 0.9611 | Time: 4.6877
Epoch: 0084 | TRAIN: 0.0005 1.0000 | 0.0003 1.0000 | 0.0004 1.0000 | Time: 148.5884 | VAL: 0.5715 0.8605 | 0.2539 0.9775 | 0.1631 0.9799 | Time: 4.1253 | TEST: 0.6003 0.8479 | 0.3503 0.9508 | 0.2377 0.9611 | Time: 4.9642
Epoch: 0085 | TRAIN: 0.0005 1.0000 | 0.0003 1.0000 | 0.0003 1.0000 | Time: 148.0479 | VAL: 0.5686 0.8641 | 0.2330 0.9888 | 0.1604 0.9799 | Time: 4.2495 | TEST: 0.5992 0.8410 | 0.3314 0.9672 | 0.2291 0.9611 | Time: 4.7561
Epoch: 0086 | TRAIN: 0.0005 1.0000 | 0.0003 1.0000 | 0.0003 1.0000 | Time: 148.8296 | VAL: 0.5738 0.8623 | 0.2332 0.9888 | 0.1628 0.9799 | Time: 4.1221 | TEST: 0.5987 0.8496 | 0.3395 0.9590 | 0.2369 0.9611 | Time: 4.8002
Epoch: 0087 | TRAIN: 0.0005 1.0000 | 0.0003 1.0000 | 0.0003 1.0000 | Time: 149.1835 | VAL: 0.5658 0.8696 | 0.2305 0.9888 | 0.1612 0.9799 | Time: 4.2296 | TEST: 0.5957 0.8462 | 0.3299 0.9590 | 0.2336 0.9611 | Time: 4.9947
Epoch: 0088 | TRAIN: 0.0005 1.0000 | 0.0003 1.0000 | 0.0003 1.0000 | Time: 148.0264 | VAL: 0.5654 0.8623 | 0.2392 0.9775 | 0.1594 0.9799 | Time: 4.2989 | TEST: 0.5942 0.8581 | 0.3327 0.9508 | 0.2333 0.9611 | Time: 5.0332
Epoch: 0089 | TRAIN: 0.0005 1.0000 | 0.0003 1.0000 | 0.0003 1.0000 | Time: 147.7585 | VAL: 0.5726 0.8569 | 0.2372 0.9775 | 0.1607 0.9732 | Time: 4.1517 | TEST: 0.6029 0.8496 | 0.3391 0.9508 | 0.2336 0.9556 | Time: 4.9963
Epoch: 0090 | TRAIN: 0.0004 1.0000 | 0.0003 1.0000 | 0.0003 1.0000 | Time: 148.3085 | VAL: 0.5735 0.8623 | 0.2307 0.9775 | 0.1587 0.9732 | Time: 4.1458 | TEST: 0.5988 0.8444 | 0.3310 0.9508 | 0.2406 0.9556 | Time: 4.7900
Epoch: 0091 | TRAIN: 0.0005 1.0000 | 0.0003 1.0000 | 0.0003 1.0000 | Time: 148.7923 | VAL: 0.5650 0.8641 | 0.2266 0.9775 | 0.1523 0.9866 | Time: 4.2834 | TEST: 0.5968 0.8513 | 0.3210 0.9508 | 0.2302 0.9611 | Time: 5.0268
Epoch: 0092 | TRAIN: 0.0004 1.0000 | 0.0003 1.0000 | 0.0003 1.0000 | Time: 149.0355 | VAL: 0.5754 0.8587 | 0.2343 0.9888 | 0.1617 0.9866 | Time: 4.3022 | TEST: 0.6061 0.8513 | 0.3358 0.9590 | 0.2341 0.9611 | Time: 4.8004
Epoch: 0093 | TRAIN: 0.0004 1.0000 | 0.0003 1.0000 | 0.0003 1.0000 | Time: 147.7676 | VAL: 0.5764 0.8623 | 0.2212 0.9888 | 0.1612 0.9732 | Time: 4.0343 | TEST: 0.6034 0.8479 | 0.3232 0.9508 | 0.2326 0.9556 | Time: 4.7860
Epoch: 0094 | TRAIN: 0.0004 1.0000 | 0.0003 1.0000 | 0.0003 1.0000 | Time: 148.6467 | VAL: 0.5715 0.8678 | 0.2302 0.9888 | 0.1580 0.9732 | Time: 4.3205 | TEST: 0.6000 0.8513 | 0.3320 0.9508 | 0.2335 0.9500 | Time: 5.0706
Epoch: 0095 | TRAIN: 0.0004 1.0000 | 0.0002 1.0000 | 0.0003 1.0000 | Time: 149.0784 | VAL: 0.5796 0.8623 | 0.2284 0.9888 | 0.1440 0.9866 | Time: 4.1421 | TEST: 0.6036 0.8513 | 0.3273 0.9508 | 0.2217 0.9611 | Time: 5.0785
Epoch: 0096 | TRAIN: 0.0004 1.0000 | 0.0002 1.0000 | 0.0003 1.0000 | Time: 148.0101 | VAL: 0.5753 0.8623 | 0.2237 0.9888 | 0.1462 0.9866 | Time: 4.3527 | TEST: 0.6009 0.8496 | 0.3217 0.9508 | 0.2231 0.9611 | Time: 5.1395
Epoch: 0097 | TRAIN: 0.0004 1.0000 | 0.0002 1.0000 | 0.0003 1.0000 | Time: 148.1242 | VAL: 0.5761 0.8659 | 0.2204 0.9775 | 0.1494 0.9866 | Time: 3.8461 | TEST: 0.6012 0.8547 | 0.3240 0.9508 | 0.2303 0.9611 | Time: 4.8533
Epoch: 0098 | TRAIN: 0.0004 1.0000 | 0.0002 1.0000 | 0.0003 1.0000 | Time: 148.3423 | VAL: 0.5874 0.8605 | 0.2201 0.9888 | 0.1529 0.9933 | Time: 4.1298 | TEST: 0.6108 0.8632 | 0.3276 0.9508 | 0.2345 0.9611 | Time: 4.7370
Epoch: 0099 | TRAIN: 0.0003 1.0000 | 0.0002 1.0000 | 0.0002 1.0000 | Time: 145.7863 | VAL: 0.5719 0.8623 | 0.2276 0.9888 | 0.1483 0.9799 | Time: 3.7794 | TEST: 0.5986 0.8479 | 0.3317 0.9426 | 0.2213 0.9611 | Time: 4.9982
========================================
Best Result: Epoch 39, result {'amazon': [0.8495726495726496], 'dslr': [0.9590163934426229], 'webcam': [0.9611111111111111]}
========================================
