Namespace(batch_size=64, beta_moco=0.1, gamma_moco=0.1, gamma_modo=0.01, lr=0.1, moo_method='MoDo', num_epochs=10000, rho_moco=0.0, rho_modo=0.0, seed=1)

==================================================
Model parameter count per layer
==================================================
fc1.weight 	: 401408
fc1.bias 	: 512
fc2.weight 	: 5120
fc2.bias 	: 10
Total number of parametrs : 407050
--------------------------------------------------

====================================================================================================
LOG FORMAT: Epoch: EPOCH | Train: LOSS1 LOSS2 LOSS3 | Test: LOSS1 LOSS2 LOSS3 | Error: POP OPT GEN
====================================================================================================
Epoch:        0
Epoch:       10 | Train: 1.4553 0.1486 0.2125 | Test: 1.4371 0.1477 0.2032 | Error: 0.07382 0.07222 0.0016
Epoch:      100 | Train: 0.5619 0.0682 0.0703 | Test: 0.5407 0.0665 0.0652 | Error: 0.04617 0.04225 0.00392
Epoch:      500 | Train: 0.3627 0.0394 0.0564 | Test: 0.3472 0.038 0.0537 | Error: 0.03097 0.02425 0.00672
Epoch:    1,000 | Train: 0.3317 0.034 0.0537 | Test: 0.3205 0.033 0.0521 | Error: 0.03454 0.02998 0.00456
Epoch:    2,000
Epoch:    3,000
Epoch:    4,000
Epoch:    5,000 | Train: 0.2859 0.0271 0.046 | Test: 0.2855 0.0267 0.0471 | Error: 0.02249 0.02052 0.00197
Epoch:    6,000
Epoch:    7,000
Epoch:    8,000
Epoch:    9,000
Epoch:  10,000 | Train: 0.2689 0.0244 0.0437 | Test: 0.2784 0.0243 0.0475 | Error: 0.0156 0.01438 0.00123

====================================================================================================
PERF FORMAT: DATASET | Acuracy: ACC | Loss: LOSS1 LOSS2 LOSS3 | PS: PS
====================================================================================================
Train | Acuracy:  92.53% | Loss: 0.2689 0.02441 0.04369 | PS: 0.01438 
Val   | Acuracy:  91.69% | Loss: 0.29265 0.02575 0.05035 | PS: 0.01859 
Test  | Acuracy:  92.22% | Loss: 0.2784 0.02434 0.04749 | PS: 0.0156 
----------------------------------------------------------------------------------------------------
Optimization error  : 0.01438
Population error    : 0.0156
Generalization error: 0.00123
Script time: 1637.3524286746979
