Namespace(batch_size=64, beta_moco=0.1, gamma_moco=0.1, gamma_modo=0.01, lr=0.1, moo_method='MoDo', num_epochs=10000, rho_moco=0.0, rho_modo=0.0, seed=0)

==================================================
Model parameter count per layer
==================================================
fc1.weight 	: 401408
fc1.bias 	: 512
fc2.weight 	: 5120
fc2.bias 	: 10
Total number of parametrs : 407050
--------------------------------------------------

====================================================================================================
LOG FORMAT: Epoch: EPOCH | Train: LOSS1 LOSS2 LOSS3 | Test: LOSS1 LOSS2 LOSS3 | Error: POP OPT GEN
====================================================================================================
Epoch:        0
Epoch:       10 | Train: 1.4696 0.1489 0.224 | Test: 1.4521 0.1482 0.2141 | Error: 0.07367 0.07216 0.0015
Epoch:      100 | Train: 0.5569 0.0667 0.073 | Test: 0.5329 0.0647 0.0674 | Error: 0.05178 0.05093 0.00086
Epoch:      500 | Train: 0.3595 0.0382 0.057 | Test: 0.3448 0.0367 0.055 | Error: 0.02716 0.02484 0.00232
Epoch:    1,000 | Train: 0.3246 0.0327 0.0531 | Test: 0.3134 0.0315 0.0517 | Error: 0.01687 0.01559 0.00128
Epoch:    2,000
Epoch:    3,000
Epoch:    4,000
Epoch:    5,000 | Train: 0.2821 0.0264 0.0463 | Test: 0.2846 0.0261 0.048 | Error: 0.0232 0.02009 0.00311
Epoch:    6,000
Epoch:    7,000
Epoch:    8,000
Epoch:    9,000
Epoch:  10,000 | Train: 0.27 0.0243 0.0438 | Test: 0.2794 0.0242 0.0477 | Error: 0.0206 0.01797 0.00264

====================================================================================================
PERF FORMAT: DATASET | Acuracy: ACC | Loss: LOSS1 LOSS2 LOSS3 | PS: PS
====================================================================================================
Train | Acuracy:  92.52% | Loss: 0.27 0.0243 0.04382 | PS: 0.01797 
Val   | Acuracy:  91.69% | Loss: 0.29605 0.0254 0.05029 | PS: 0.01784 
Test  | Acuracy:  92.15% | Loss: 0.27941 0.02416 0.04774 | PS: 0.0206 
----------------------------------------------------------------------------------------------------
Optimization error  : 0.01797
Population error    : 0.0206
Generalization error: 0.00264
Script time: 2364.3244750499725
