Namespace(batch_size=64, beta_moco=0.1, gamma_moco=0.1, gamma_modo=0.01, lr=0.1, moo_method='MoDo', num_epochs=10000, rho_moco=0.0, rho_modo=0.0, seed=7)

==================================================
Model parameter count per layer
==================================================
fc1.weight 	: 401408
fc1.bias 	: 512
fc2.weight 	: 5120
fc2.bias 	: 10
Total number of parametrs : 407050
--------------------------------------------------

====================================================================================================
LOG FORMAT: Epoch: EPOCH | Train: LOSS1 LOSS2 LOSS3 | Test: LOSS1 LOSS2 LOSS3 | Error: POP OPT GEN
====================================================================================================
Epoch:        0
Epoch:       10 | Train: 1.4482 0.1482 0.2051 | Test: 1.426 0.1472 0.1941 | Error: 0.07202 0.07063 0.00139
Epoch:      100 | Train: 0.5567 0.0678 0.0695 | Test: 0.5311 0.0657 0.0638 | Error: 0.04802 0.04435 0.00366
Epoch:      500 | Train: 0.363 0.0392 0.0564 | Test: 0.346 0.0376 0.0539 | Error: 0.02793 0.02653 0.0014
Epoch:    1,000 | Train: 0.3304 0.0341 0.0533 | Test: 0.3192 0.0329 0.0523 | Error: 0.03244 0.02934 0.0031
Epoch:    2,000
Epoch:    3,000
Epoch:    4,000
Epoch:    5,000 | Train: 0.2816 0.0268 0.0455 | Test: 0.2852 0.0264 0.0484 | Error: 0.02553 0.01843 0.00709
Epoch:    6,000
Epoch:    7,000
Epoch:    8,000
Epoch:    9,000
Epoch:  10,000 | Train: 0.2692 0.0246 0.0432 | Test: 0.2805 0.0246 0.0481 | Error: 0.0255 0.02107 0.00442

====================================================================================================
PERF FORMAT: DATASET | Acuracy: ACC | Loss: LOSS1 LOSS2 LOSS3 | PS: PS
====================================================================================================
Train | Acuracy:  92.55% | Loss: 0.26919 0.02457 0.0432 | PS: 0.02107 
Val   | Acuracy:  91.88% | Loss: 0.29575 0.02546 0.05079 | PS: 0.02649 
Test  | Acuracy:  92.00% | Loss: 0.28045 0.02457 0.04812 | PS: 0.0255 
----------------------------------------------------------------------------------------------------
Optimization error  : 0.02107
Population error    : 0.0255
Generalization error: 0.00442
Script time: 1629.5970170497894
