Namespace(batch_size=64, beta_moco=0.1, gamma_moco=0.1, gamma_modo=0.01, lr=0.1, moo_method='MoDo', num_epochs=10000, rho_moco=0.0, rho_modo=0.0, seed=6)

==================================================
Model parameter count per layer
==================================================
fc1.weight 	: 401408
fc1.bias 	: 512
fc2.weight 	: 5120
fc2.bias 	: 10
Total number of parametrs : 407050
--------------------------------------------------

====================================================================================================
LOG FORMAT: Epoch: EPOCH | Train: LOSS1 LOSS2 LOSS3 | Test: LOSS1 LOSS2 LOSS3 | Error: POP OPT GEN
====================================================================================================
Epoch:        0
Epoch:       10 | Train: 1.4343 0.1478 0.202 | Test: 1.4167 0.147 0.193 | Error: 0.07471 0.07375 0.00096
Epoch:      100 | Train: 0.5546 0.0665 0.0723 | Test: 0.5317 0.0646 0.067 | Error: 0.05079 0.04891 0.00188
Epoch:      500 | Train: 0.3565 0.0381 0.0558 | Test: 0.3369 0.0367 0.0517 | Error: 0.03284 0.03068 0.00216
Epoch:    1,000 | Train: 0.3255 0.0329 0.0528 | Test: 0.3167 0.0318 0.0521 | Error: 0.02958 0.0287 0.00088
Epoch:    2,000
Epoch:    3,000
Epoch:    4,000
Epoch:    5,000 | Train: 0.2765 0.0268 0.0442 | Test: 0.2845 0.0267 0.0477 | Error: 0.02787 0.02497 0.0029
Epoch:    6,000
Epoch:    7,000
Epoch:    8,000
Epoch:    9,000
Epoch:  10,000 | Train: 0.2647 0.0248 0.0418 | Test: 0.2769 0.0249 0.0468 | Error: 0.02198 0.01779 0.00419

====================================================================================================
PERF FORMAT: DATASET | Acuracy: ACC | Loss: LOSS1 LOSS2 LOSS3 | PS: PS
====================================================================================================
Train | Acuracy:  92.68% | Loss: 0.26469 0.02477 0.04185 | PS: 0.01779 
Val   | Acuracy:  91.81% | Loss: 0.2907 0.02627 0.04971 | PS: 0.02267 
Test  | Acuracy:  92.33% | Loss: 0.27687 0.02486 0.0468 | PS: 0.02198 
----------------------------------------------------------------------------------------------------
Optimization error  : 0.01779
Population error    : 0.02198
Generalization error: 0.00419
Script time: 1626.7069642543793
