Namespace(batch_size=64, beta_moco=0.1, gamma_moco=0.1, gamma_modo=0.01, lr=0.1, moo_method='MoDo', num_epochs=10000, rho_moco=0.0, rho_modo=0.0, seed=9)

==================================================
Model parameter count per layer
==================================================
fc1.weight 	: 401408
fc1.bias 	: 512
fc2.weight 	: 5120
fc2.bias 	: 10
Total number of parametrs : 407050
--------------------------------------------------

====================================================================================================
LOG FORMAT: Epoch: EPOCH | Train: LOSS1 LOSS2 LOSS3 | Test: LOSS1 LOSS2 LOSS3 | Error: POP OPT GEN
====================================================================================================
Epoch:        0
Epoch:       10 | Train: 1.4621 0.1478 0.2242 | Test: 1.4481 0.1473 0.2148 | Error: 0.07274 0.07209 0.00064
Epoch:      100 | Train: 0.5639 0.0683 0.0714 | Test: 0.5457 0.0667 0.0676 | Error: 0.05581 0.04995 0.00586
Epoch:      500 | Train: 0.3594 0.0385 0.0565 | Test: 0.3443 0.0369 0.0543 | Error: 0.02612 0.02059 0.00553
Epoch:    1,000 | Train: 0.3272 0.0333 0.0527 | Test: 0.3151 0.032 0.0511 | Error: 0.02599 0.02404 0.00195
Epoch:    2,000
Epoch:    3,000
Epoch:    4,000
Epoch:    5,000 | Train: 0.2789 0.0268 0.0445 | Test: 0.2818 0.0264 0.047 | Error: 0.02245 0.01978 0.00267
Epoch:    6,000
Epoch:    7,000
Epoch:    8,000
Epoch:    9,000
Epoch:  10,000 | Train: 0.2654 0.0246 0.042 | Test: 0.278 0.0246 0.047 | Error: 0.02128 0.01467 0.00661

====================================================================================================
PERF FORMAT: DATASET | Acuracy: ACC | Loss: LOSS1 LOSS2 LOSS3 | PS: PS
====================================================================================================
Train | Acuracy:  92.67% | Loss: 0.26541 0.02456 0.04199 | PS: 0.01467 
Val   | Acuracy:  91.70% | Loss: 0.29231 0.02564 0.05042 | PS: 0.01594 
Test  | Acuracy:  92.20% | Loss: 0.27796 0.02464 0.04697 | PS: 0.02128 
----------------------------------------------------------------------------------------------------
Optimization error  : 0.01467
Population error    : 0.02128
Generalization error: 0.00661
Script time: 1581.5948815345764
