Namespace(batch_size=64, beta_moco=0.1, gamma_moco=0.1, gamma_modo=0.01, lr=0.05, moo_method='MoDo', num_epochs=1000, rho_moco=0.1, rho_modo=0.0, seed=4)

==================================================
Model parameter count per layer
==================================================
fc1.weight 	: 401408
fc1.bias 	: 512
fc2.weight 	: 5120
fc2.bias 	: 10
Total number of parametrs : 407050
--------------------------------------------------

======================================================================
LOG FORMAT: Epoch: EPOCH | Train: LOSS1 LOSS2 LOSS3
======================================================================
Epoch:      0 | Train: 2.389 0.1812 0.9669
Epoch:    100 | Train: 0.678 0.0859 0.0588
Epoch:    200 | Train: 0.483 0.0642 0.0471
Epoch:    300 | Train: 0.4446 0.0591 0.0423
Epoch:    400 | Train: 0.3939 0.0502 0.0472
Epoch:    500 | Train: 0.5285 0.0598 0.0789
Epoch:    600 | Train: 0.3383 0.0465 0.0259
Epoch:    700 | Train: 0.4604 0.0473 0.0761
Epoch:    800 | Train: 0.3484 0.0392 0.0668
Epoch:    900 | Train: 0.2554 0.0362 0.0192
Epoch:    999 | Train: 0.3748 0.0473 0.0366

======================================================================
PERF FORMAT: DATASET | Acuracy: ACC | Loss: LOSS1 LOSS2 LOSS3 | PS: PS
======================================================================
Train | Acuracy:  89.69% | Loss: 0.37062 0.04079 0.05633 | PS: 0.02306 
Val   | Acuracy:  89.27% | Loss: 0.38351 0.04153 0.05921 | PS: 0.02346 
Test  | Acuracy:  90.11% | Loss: 0.35805 0.03932 0.05488 | PS: 0.02422 
----------------------------------------------------------------------
Optimization error  : 0.02306
Population error    : 0.02422
Generalization error: 0.00116
