Namespace(batch_size=64, beta_moco=0.1, gamma_moco=0.1, gamma_modo=0.01, lr=0.05, moo_method='MoDo', num_epochs=1000, rho_moco=0.1, rho_modo=0.0, seed=6)

==================================================
Model parameter count per layer
==================================================
fc1.weight 	: 401408
fc1.bias 	: 512
fc2.weight 	: 5120
fc2.bias 	: 10
Total number of parametrs : 407050
--------------------------------------------------

======================================================================
LOG FORMAT: Epoch: EPOCH | Train: LOSS1 LOSS2 LOSS3
======================================================================
Epoch:      0 | Train: 2.3515 0.1806 0.9289
Epoch:    100 | Train: 0.7399 0.0877 0.096
Epoch:    200 | Train: 0.5179 0.0677 0.0495
Epoch:    300 | Train: 0.5577 0.0707 0.056
Epoch:    400 | Train: 0.6139 0.0535 0.1232
Epoch:    500 | Train: 0.4676 0.0545 0.0626
Epoch:    600 | Train: 0.4568 0.0479 0.075
Epoch:    700 | Train: 0.4009 0.043 0.0644
Epoch:    800 | Train: 0.2356 0.0327 0.0197
Epoch:    900 | Train: 0.5512 0.0485 0.0875
Epoch:    999 | Train: 0.6768 0.0611 0.1526

======================================================================
PERF FORMAT: DATASET | Acuracy: ACC | Loss: LOSS1 LOSS2 LOSS3 | PS: PS
======================================================================
Train | Acuracy:  89.80% | Loss: 0.37171 0.04126 0.05577 | PS: 0.01994 
Val   | Acuracy:  89.53% | Loss: 0.37619 0.04173 0.05735 | PS: 0.02186 
Test  | Acuracy:  90.33% | Loss: 0.35556 0.03988 0.05261 | PS: 0.02481 
----------------------------------------------------------------------
Optimization error  : 0.01994
Population error    : 0.02481
Generalization error: 0.00487
