Namespace(batch_size=64, beta_moco=0.1, gamma_moco=0.1, gamma_modo=0.01, lr=0.5, moo_method='MoDo', num_epochs=1000, rho_moco=0.1, rho_modo=0.0, seed=6)

==================================================
Model parameter count per layer
==================================================
fc1.weight 	: 401408
fc1.bias 	: 512
fc2.weight 	: 5120
fc2.bias 	: 10
Total number of parametrs : 407050
--------------------------------------------------

======================================================================
LOG FORMAT: Epoch: EPOCH | Train: LOSS1 LOSS2 LOSS3
======================================================================
Epoch:      0 | Train: 2.3515 0.1806 0.9289
Epoch:    100 | Train: 0.5839 0.0454 0.1282
Epoch:    200 | Train: 0.1899 0.025 0.0257
Epoch:    300 | Train: 0.3767 0.0392 0.0572
Epoch:    400 | Train: 0.4848 0.0326 0.0875
Epoch:    500 | Train: 0.2828 0.0294 0.0408
Epoch:    600 | Train: 0.2739 0.0289 0.0443
Epoch:    700 | Train: 0.341 0.0327 0.0542
Epoch:    800 | Train: 0.1638 0.0223 0.0163
Epoch:    900 | Train: 0.5396 0.0348 0.087
Epoch:    999 | Train: 0.6154 0.0456 0.1413

======================================================================
PERF FORMAT: DATASET | Acuracy: ACC | Loss: LOSS1 LOSS2 LOSS3 | PS: PS
======================================================================
Train | Acuracy:  91.41% | Loss: 0.30373 0.02828 0.05061 | PS: 0.03184 
Val   | Acuracy:  90.55% | Loss: 0.32078 0.02935 0.05675 | PS: 0.03163 
Test  | Acuracy:  91.31% | Loss: 0.30656 0.028 0.05321 | PS: 0.03559 
----------------------------------------------------------------------
Optimization error  : 0.03184
Population error    : 0.03559
Generalization error: 0.00375
