Namespace(batch_size=64, beta_moco=0.1, gamma_moco=0.1, gamma_modo=0.01, lr=0.001, moo_method='MoDo', num_epochs=1000, rho_moco=0.1, rho_modo=0.0, seed=2)

==================================================
Model parameter count per layer
==================================================
fc1.weight 	: 401408
fc1.bias 	: 512
fc2.weight 	: 5120
fc2.bias 	: 10
Total number of parametrs : 407050
--------------------------------------------------

======================================================================
LOG FORMAT: Epoch: EPOCH | Train: LOSS1 LOSS2 LOSS3
======================================================================
Epoch:      0 | Train: 2.2467 0.1783 0.8182
Epoch:    100 | Train: 2.2603 0.1786 0.8332
Epoch:    200 | Train: 2.1487 0.1763 0.7217
Epoch:    300 | Train: 2.1729 0.1768 0.7479
Epoch:    400 | Train: 2.2092 0.1775 0.7828
Epoch:    500 | Train: 2.1475 0.1761 0.7216
Epoch:    600 | Train: 2.1038 0.1752 0.6772
Epoch:    700 | Train: 2.1739 0.1768 0.7432
Epoch:    800 | Train: 2.138 0.1759 0.7074
Epoch:    900 | Train: 2.168 0.1766 0.7386
Epoch:    999 | Train: 2.117 0.1752 0.6875

======================================================================
PERF FORMAT: DATASET | Acuracy: ACC | Loss: LOSS1 LOSS2 LOSS3 | PS: PS
======================================================================
Train | Acuracy:  31.92% | Loss: 2.14596 0.17603 0.71756 | PS: 0.0378 
Val   | Acuracy:  31.89% | Loss: 2.14499 0.176 0.71657 | PS: 0.03721 
Test  | Acuracy:  31.48% | Loss: 2.1452 0.17601 0.71658 | PS: 0.03848 
----------------------------------------------------------------------
Optimization error  : 0.0378
Population error    : 0.03848
Generalization error: 0.00068
