Namespace(batch_size=64, beta_moco=0.1, gamma_moco=0.1, gamma_modo=0.01, lr=0.5, moo_method='MoDo', num_epochs=1000, rho_moco=0.1, rho_modo=0.0, seed=4)

==================================================
Model parameter count per layer
==================================================
fc1.weight 	: 401408
fc1.bias 	: 512
fc2.weight 	: 5120
fc2.bias 	: 10
Total number of parametrs : 407050
--------------------------------------------------

======================================================================
LOG FORMAT: Epoch: EPOCH | Train: LOSS1 LOSS2 LOSS3
======================================================================
Epoch:      0 | Train: 2.389 0.1812 0.9669
Epoch:    100 | Train: 0.3806 0.0383 0.0539
Epoch:    200 | Train: 0.2889 0.0316 0.0475
Epoch:    300 | Train: 0.2418 0.0247 0.0457
Epoch:    400 | Train: 0.3424 0.0325 0.0654
Epoch:    500 | Train: 0.3909 0.0316 0.0629
Epoch:    600 | Train: 0.224 0.0278 0.0219
Epoch:    700 | Train: 0.268 0.0264 0.0303
Epoch:    800 | Train: 0.2683 0.0258 0.0613
Epoch:    900 | Train: 0.143 0.0216 0.0116
Epoch:    999 | Train: 0.3037 0.0326 0.0325

======================================================================
PERF FORMAT: DATASET | Acuracy: ACC | Loss: LOSS1 LOSS2 LOSS3 | PS: PS
======================================================================
Train | Acuracy:  90.85% | Loss: 0.31988 0.02852 0.05444 | PS: 0.04631 
Val   | Acuracy:  90.35% | Loss: 0.35169 0.02974 0.06187 | PS: 0.04472 
Test  | Acuracy:  91.00% | Loss: 0.32549 0.02787 0.05842 | PS: 0.04328 
----------------------------------------------------------------------
Optimization error  : 0.04631
Population error    : 0.04328
Generalization error: -0.00303
