Namespace(batch_size=64, beta_moco=0.1, gamma_moco=0.1, gamma_modo=0.01, lr=1.0, moo_method='MoDo', num_epochs=1000, rho_moco=0.1, rho_modo=0.0, seed=8)

==================================================
Model parameter count per layer
==================================================
fc1.weight 	: 401408
fc1.bias 	: 512
fc2.weight 	: 5120
fc2.bias 	: 10
Total number of parametrs : 407050
--------------------------------------------------

======================================================================
LOG FORMAT: Epoch: EPOCH | Train: LOSS1 LOSS2 LOSS3
======================================================================
Epoch:      0 | Train: 2.3867 0.1813 0.961
Epoch:    100 | Train: 0.2193 0.0286 0.0254
Epoch:    200 | Train: 0.5459 0.0358 0.1036
Epoch:    300 | Train: 0.2237 0.0267 0.0253
Epoch:    400 | Train: 0.8519 0.0478 0.209
Epoch:    500 | Train: 0.4757 0.0345 0.0849
Epoch:    600 | Train: 0.4133 0.0273 0.0841
Epoch:    700 | Train: 0.2263 0.0222 0.0268
Epoch:    800 | Train: 0.2542 0.0173 0.048
Epoch:    900 | Train: 0.4357 0.0277 0.0784
Epoch:    999 | Train: 0.5492 0.0321 0.1387

======================================================================
PERF FORMAT: DATASET | Acuracy: ACC | Loss: LOSS1 LOSS2 LOSS3 | PS: PS
======================================================================
Train | Acuracy:  91.36% | Loss: 0.3167 0.02435 0.05723 | PS: 0.02117 
Val   | Acuracy:  90.79% | Loss: 0.3543 0.02562 0.06824 | PS: 0.02174 
Test  | Acuracy:  91.40% | Loss: 0.32093 0.02386 0.06034 | PS: 0.02176 
----------------------------------------------------------------------
Optimization error  : 0.02117
Population error    : 0.02176
Generalization error: 0.00058
