Namespace(batch_size=64, beta_moco=0.1, gamma_moco=0.1, gamma_modo=0.01, lr=0.001, moo_method='MoDo', num_epochs=1000, rho_moco=0.1, rho_modo=0.0, seed=3)

==================================================
Model parameter count per layer
==================================================
fc1.weight 	: 401408
fc1.bias 	: 512
fc2.weight 	: 5120
fc2.bias 	: 10
Total number of parametrs : 407050
--------------------------------------------------

======================================================================
LOG FORMAT: Epoch: EPOCH | Train: LOSS1 LOSS2 LOSS3
======================================================================
Epoch:      0 | Train: 2.363 0.1804 0.9304
Epoch:    100 | Train: 2.2469 0.1782 0.8204
Epoch:    200 | Train: 2.2277 0.1776 0.8017
Epoch:    300 | Train: 2.246 0.1779 0.8174
Epoch:    400 | Train: 2.2345 0.1779 0.8052
Epoch:    500 | Train: 2.2042 0.1771 0.778
Epoch:    600 | Train: 2.1609 0.176 0.7375
Epoch:    700 | Train: 2.1964 0.1768 0.7678
Epoch:    800 | Train: 2.2118 0.177 0.7829
Epoch:    900 | Train: 2.1912 0.1767 0.7626
Epoch:    999 | Train: 2.1391 0.175 0.7236

======================================================================
PERF FORMAT: DATASET | Acuracy: ACC | Loss: LOSS1 LOSS2 LOSS3 | PS: PS
======================================================================
Train | Acuracy:  23.16% | Loss: 2.17962 0.17632 0.75281 | PS: 0.04117 
Val   | Acuracy:  22.49% | Loss: 2.18485 0.17645 0.75767 | PS: 0.03997 
Test  | Acuracy:  22.97% | Loss: 2.18067 0.17632 0.75234 | PS: 0.04148 
----------------------------------------------------------------------
Optimization error  : 0.04117
Population error    : 0.04148
Generalization error: 0.00031
