Namespace(batch_size=64, beta_moco=0.1, gamma_moco=0.1, gamma_modo=0.01, lr=0.05, moo_method='MoDo', num_epochs=1000, rho_moco=0.1, rho_modo=0.0, seed=1)

==================================================
Model parameter count per layer
==================================================
fc1.weight 	: 401408
fc1.bias 	: 512
fc2.weight 	: 5120
fc2.bias 	: 10
Total number of parametrs : 407050
--------------------------------------------------

======================================================================
LOG FORMAT: Epoch: EPOCH | Train: LOSS1 LOSS2 LOSS3
======================================================================
Epoch:      0 | Train: 2.3314 0.1802 0.9087
Epoch:    100 | Train: 0.863 0.0996 0.1067
Epoch:    200 | Train: 0.5665 0.0656 0.0849
Epoch:    300 | Train: 0.5569 0.0682 0.0666
Epoch:    400 | Train: 0.402 0.0564 0.0311
Epoch:    500 | Train: 0.4385 0.0539 0.0419
Epoch:    600 | Train: 0.6268 0.0637 0.0963
Epoch:    700 | Train: 0.4196 0.0459 0.0616
Epoch:    800 | Train: 0.3795 0.0409 0.0652
Epoch:    900 | Train: 0.2795 0.0364 0.0269
Epoch:    999 | Train: 0.2563 0.0357 0.0226

======================================================================
PERF FORMAT: DATASET | Acuracy: ACC | Loss: LOSS1 LOSS2 LOSS3 | PS: PS
======================================================================
Train | Acuracy:  89.67% | Loss: 0.37454 0.04102 0.05741 | PS: 0.01551 
Val   | Acuracy:  89.86% | Loss: 0.37602 0.04142 0.05654 | PS: 0.01746 
Test  | Acuracy:  90.13% | Loss: 0.35789 0.03955 0.05432 | PS: 0.02334 
----------------------------------------------------------------------
Optimization error  : 0.01551
Population error    : 0.02334
Generalization error: 0.00783
