Namespace(batch_size=64, beta_moco=0.1, gamma_moco=0.1, gamma_modo=0.01, lr=1.0, moo_method='MoDo', num_epochs=1000, rho_moco=0.1, rho_modo=0.0, seed=3)

==================================================
Model parameter count per layer
==================================================
fc1.weight 	: 401408
fc1.bias 	: 512
fc2.weight 	: 5120
fc2.bias 	: 10
Total number of parametrs : 407050
--------------------------------------------------

======================================================================
LOG FORMAT: Epoch: EPOCH | Train: LOSS1 LOSS2 LOSS3
======================================================================
Epoch:      0 | Train: 2.363 0.1804 0.9304
Epoch:    100 | Train: 0.5227 0.0511 0.0918
Epoch:    200 | Train: 0.4838 0.0406 0.1117
Epoch:    300 | Train: 0.1984 0.0281 0.0205
Epoch:    400 | Train: 0.2153 0.0267 0.0272
Epoch:    500 | Train: 0.39 0.0292 0.0724
Epoch:    600 | Train: 0.2219 0.0272 0.0307
Epoch:    700 | Train: 0.3322 0.0304 0.0464
Epoch:    800 | Train: 0.5393 0.0356 0.0867
Epoch:    900 | Train: 0.3228 0.0263 0.0662
Epoch:    999 | Train: 0.1796 0.0202 0.0227

======================================================================
PERF FORMAT: DATASET | Acuracy: ACC | Loss: LOSS1 LOSS2 LOSS3 | PS: PS
======================================================================
Train | Acuracy:  90.40% | Loss: 0.33775 0.02673 0.05924 | PS: 0.04101 
Val   | Acuracy:  89.59% | Loss: 0.3787 0.02831 0.0699 | PS: 0.04198 
Test  | Acuracy:  90.49% | Loss: 0.33793 0.02642 0.06085 | PS: 0.04162 
----------------------------------------------------------------------
Optimization error  : 0.04101
Population error    : 0.04162
Generalization error: 0.00062
