Namespace(batch_size=64, beta_moco=0.1, gamma_moco=0.1, gamma_modo=0.01, lr=0.005, moo_method='MoDo', num_epochs=1000, rho_moco=0.1, rho_modo=0.0, seed=8)

==================================================
Model parameter count per layer
==================================================
fc1.weight 	: 401408
fc1.bias 	: 512
fc2.weight 	: 5120
fc2.bias 	: 10
Total number of parametrs : 407050
--------------------------------------------------

======================================================================
LOG FORMAT: Epoch: EPOCH | Train: LOSS1 LOSS2 LOSS3
======================================================================
Epoch:      0 | Train: 2.3867 0.1813 0.961
Epoch:    100 | Train: 1.9127 0.1693 0.4855
Epoch:    200 | Train: 1.8715 0.1675 0.4577
Epoch:    300 | Train: 1.7342 0.1623 0.3538
Epoch:    400 | Train: 1.8535 0.1654 0.4703
Epoch:    500 | Train: 1.8918 0.1673 0.4787
Epoch:    600 | Train: 1.8034 0.1624 0.4332
Epoch:    700 | Train: 1.5166 0.1489 0.2745
Epoch:    800 | Train: 1.6561 0.156 0.331
Epoch:    900 | Train: 1.8008 0.1611 0.4457
Epoch:    999 | Train: 1.7411 0.1587 0.4027

======================================================================
PERF FORMAT: DATASET | Acuracy: ACC | Loss: LOSS1 LOSS2 LOSS3 | PS: PS
======================================================================
Train | Acuracy:  53.98% | Loss: 1.66696 0.15375 0.37132 | PS: 0.06027 
Val   | Acuracy:  53.66% | Loss: 1.66891 0.15383 0.37197 | PS: 0.0609 
Test  | Acuracy:  54.04% | Loss: 1.65966 0.15352 0.36382 | PS: 0.06146 
----------------------------------------------------------------------
Optimization error  : 0.06027
Population error    : 0.06146
Generalization error: 0.00119
