Namespace(batch_size=64, beta_moco=0.1, gamma_moco=0.1, gamma_modo=0.01, lr=0.005, moo_method='MoDo', num_epochs=1000, rho_moco=0.1, rho_modo=0.0, seed=4)

==================================================
Model parameter count per layer
==================================================
fc1.weight 	: 401408
fc1.bias 	: 512
fc2.weight 	: 5120
fc2.bias 	: 10
Total number of parametrs : 407050
--------------------------------------------------

======================================================================
LOG FORMAT: Epoch: EPOCH | Train: LOSS1 LOSS2 LOSS3
======================================================================
Epoch:      0 | Train: 2.389 0.1812 0.9669
Epoch:    100 | Train: 1.8531 0.1674 0.4351
Epoch:    200 | Train: 1.7493 0.1633 0.3507
Epoch:    300 | Train: 1.8014 0.1656 0.3835
Epoch:    400 | Train: 1.7425 0.1614 0.3822
Epoch:    500 | Train: 1.8116 0.1641 0.4244
Epoch:    600 | Train: 1.7241 0.1595 0.369
Epoch:    700 | Train: 1.8057 0.1646 0.4061
Epoch:    800 | Train: 1.6626 0.1564 0.3377
Epoch:    900 | Train: 1.6092 0.1525 0.329
Epoch:    999 | Train: 1.5735 0.1519 0.2959

======================================================================
PERF FORMAT: DATASET | Acuracy: ACC | Loss: LOSS1 LOSS2 LOSS3 | PS: PS
======================================================================
Train | Acuracy:  57.94% | Loss: 1.58414 0.15024 0.3264 | PS: 0.0636 
Val   | Acuracy:  57.19% | Loss: 1.58652 0.15033 0.32721 | PS: 0.0635 
Test  | Acuracy:  58.59% | Loss: 1.58027 0.15011 0.32325 | PS: 0.06463 
----------------------------------------------------------------------
Optimization error  : 0.0636
Population error    : 0.06463
Generalization error: 0.00103
