Namespace(batch_size=64, beta_moco=0.1, gamma_moco=0.1, gamma_modo=0.01, lr=0.05, moo_method='MoDo', num_epochs=1000, rho_moco=0.1, rho_modo=0.0, seed=3)

==================================================
Model parameter count per layer
==================================================
fc1.weight 	: 401408
fc1.bias 	: 512
fc2.weight 	: 5120
fc2.bias 	: 10
Total number of parametrs : 407050
--------------------------------------------------

======================================================================
LOG FORMAT: Epoch: EPOCH | Train: LOSS1 LOSS2 LOSS3
======================================================================
Epoch:      0 | Train: 2.363 0.1804 0.9304
Epoch:    100 | Train: 0.8281 0.1 0.0979
Epoch:    200 | Train: 0.7434 0.0791 0.1369
Epoch:    300 | Train: 0.4484 0.0585 0.0417
Epoch:    400 | Train: 0.4193 0.053 0.0451
Epoch:    500 | Train: 0.5195 0.0542 0.0977
Epoch:    600 | Train: 0.4096 0.0533 0.0441
Epoch:    700 | Train: 0.3777 0.0469 0.0473
Epoch:    800 | Train: 0.5032 0.0499 0.0923
Epoch:    900 | Train: 0.3906 0.0393 0.0646
Epoch:    999 | Train: 0.3429 0.0378 0.0454

======================================================================
PERF FORMAT: DATASET | Acuracy: ACC | Loss: LOSS1 LOSS2 LOSS3 | PS: PS
======================================================================
Train | Acuracy:  89.87% | Loss: 0.37035 0.0407 0.0563 | PS: 0.02096 
Val   | Acuracy:  89.18% | Loss: 0.38331 0.04152 0.05995 | PS: 0.02574 
Test  | Acuracy:  90.23% | Loss: 0.35511 0.03932 0.05347 | PS: 0.0283 
----------------------------------------------------------------------
Optimization error  : 0.02096
Population error    : 0.0283
Generalization error: 0.00735
