Namespace(batch_size=64, beta_moco=0.1, gamma_moco=0.1, gamma_modo=0.01, lr=0.5, moo_method='MoDo', num_epochs=1000, rho_moco=0.1, rho_modo=0.0, seed=7)

==================================================
Model parameter count per layer
==================================================
fc1.weight 	: 401408
fc1.bias 	: 512
fc2.weight 	: 5120
fc2.bias 	: 10
Total number of parametrs : 407050
--------------------------------------------------

======================================================================
LOG FORMAT: Epoch: EPOCH | Train: LOSS1 LOSS2 LOSS3
======================================================================
Epoch:      0 | Train: 2.3284 0.18 0.9007
Epoch:    100 | Train: 0.298 0.0344 0.0527
Epoch:    200 | Train: 0.4118 0.0376 0.064
Epoch:    300 | Train: 0.4552 0.0396 0.0787
Epoch:    400 | Train: 0.8364 0.0427 0.2367
Epoch:    500 | Train: 0.0728 0.0123 0.0028
Epoch:    600 | Train: 0.1538 0.0207 0.018
Epoch:    700 | Train: 0.2787 0.0263 0.0314
Epoch:    800 | Train: 0.3399 0.0327 0.051
Epoch:    900 | Train: 0.1308 0.0175 0.0146
Epoch:    999 | Train: 0.3758 0.0372 0.0594

======================================================================
PERF FORMAT: DATASET | Acuracy: ACC | Loss: LOSS1 LOSS2 LOSS3 | PS: PS
======================================================================
Train | Acuracy:  90.23% | Loss: 0.3256 0.02925 0.05443 | PS: 0.04875 
Val   | Acuracy:  90.14% | Loss: 0.33913 0.02962 0.0584 | PS: 0.05088 
Test  | Acuracy:  89.81% | Loss: 0.33352 0.02933 0.05769 | PS: 0.05466 
----------------------------------------------------------------------
Optimization error  : 0.04875
Population error    : 0.05466
Generalization error: 0.00591
