Namespace(batch_size=64, beta_moco=0.1, gamma_moco=0.1, gamma_modo=0.01, lr=0.001, moo_method='MoDo', num_epochs=1000, rho_moco=0.1, rho_modo=0.0, seed=4)

==================================================
Model parameter count per layer
==================================================
fc1.weight 	: 401408
fc1.bias 	: 512
fc2.weight 	: 5120
fc2.bias 	: 10
Total number of parametrs : 407050
--------------------------------------------------

======================================================================
LOG FORMAT: Epoch: EPOCH | Train: LOSS1 LOSS2 LOSS3
======================================================================
Epoch:      0 | Train: 2.389 0.1812 0.9669
Epoch:    100 | Train: 2.2003 0.1775 0.781
Epoch:    200 | Train: 2.2367 0.1781 0.8146
Epoch:    300 | Train: 2.2038 0.1775 0.7838
Epoch:    400 | Train: 2.2142 0.1775 0.7935
Epoch:    500 | Train: 2.1976 0.1773 0.776
Epoch:    600 | Train: 2.2162 0.1777 0.7942
Epoch:    700 | Train: 2.2148 0.1777 0.793
Epoch:    800 | Train: 2.2057 0.1774 0.7873
Epoch:    900 | Train: 2.1335 0.1757 0.7103
Epoch:    999 | Train: 2.1992 0.1771 0.7764

======================================================================
PERF FORMAT: DATASET | Acuracy: ACC | Loss: LOSS1 LOSS2 LOSS3 | PS: PS
======================================================================
Train | Acuracy:  32.46% | Loss: 2.16369 0.17631 0.74104 | PS: 0.03843 
Val   | Acuracy:  32.25% | Loss: 2.1618 0.17628 0.73893 | PS: 0.03859 
Test  | Acuracy:  32.32% | Loss: 2.16711 0.17637 0.74448 | PS: 0.03881 
----------------------------------------------------------------------
Optimization error  : 0.03843
Population error    : 0.03881
Generalization error: 0.00038
