Namespace(batch_size=64, beta_moco=0.1, gamma_moco=0.1, gamma_modo=0.01, lr=0.001, moo_method='MoDo', num_epochs=1000, rho_moco=0.1, rho_modo=0.0, seed=1)

==================================================
Model parameter count per layer
==================================================
fc1.weight 	: 401408
fc1.bias 	: 512
fc2.weight 	: 5120
fc2.bias 	: 10
Total number of parametrs : 407050
--------------------------------------------------

======================================================================
LOG FORMAT: Epoch: EPOCH | Train: LOSS1 LOSS2 LOSS3
======================================================================
Epoch:      0 | Train: 2.3314 0.1802 0.9087
Epoch:    100 | Train: 2.2338 0.1783 0.8123
Epoch:    200 | Train: 2.2477 0.1785 0.8258
Epoch:    300 | Train: 2.2268 0.178 0.8023
Epoch:    400 | Train: 2.259 0.1787 0.8366
Epoch:    500 | Train: 2.2319 0.1781 0.8082
Epoch:    600 | Train: 2.2185 0.1778 0.7933
Epoch:    700 | Train: 2.2182 0.1778 0.7939
Epoch:    800 | Train: 2.2354 0.1781 0.8123
Epoch:    900 | Train: 2.1671 0.1767 0.741
Epoch:    999 | Train: 2.2276 0.178 0.8025

======================================================================
PERF FORMAT: DATASET | Acuracy: ACC | Loss: LOSS1 LOSS2 LOSS3 | PS: PS
======================================================================
Train | Acuracy:  17.82% | Loss: 2.21948 0.17782 0.7949 | PS: 0.03485 
Val   | Acuracy:  17.73% | Loss: 2.22196 0.17788 0.79757 | PS: 0.03488 
Test  | Acuracy:  17.39% | Loss: 2.21911 0.17781 0.79409 | PS: 0.0358 
----------------------------------------------------------------------
Optimization error  : 0.03485
Population error    : 0.0358
Generalization error: 0.00094
