Namespace(batch_size=64, beta_moco=0.1, gamma_moco=0.1, gamma_modo=0.01, lr=0.5, moo_method='MoDo', num_epochs=1000, rho_moco=0.1, rho_modo=0.0, seed=5)

==================================================
Model parameter count per layer
==================================================
fc1.weight 	: 401408
fc1.bias 	: 512
fc2.weight 	: 5120
fc2.bias 	: 10
Total number of parametrs : 407050
--------------------------------------------------

======================================================================
LOG FORMAT: Epoch: EPOCH | Train: LOSS1 LOSS2 LOSS3
======================================================================
Epoch:      0 | Train: 2.2981 0.1796 0.8762
Epoch:    100 | Train: 0.4276 0.0391 0.0763
Epoch:    200 | Train: 0.3728 0.042 0.049
Epoch:    300 | Train: 0.4205 0.0373 0.0866
Epoch:    400 | Train: 0.2673 0.0303 0.0363
Epoch:    500 | Train: 0.1625 0.022 0.0171
Epoch:    600 | Train: 0.3229 0.0328 0.0576
Epoch:    700 | Train: 0.295 0.022 0.045
Epoch:    800 | Train: 0.1418 0.0198 0.0128
Epoch:    900 | Train: 0.2903 0.0295 0.0493
Epoch:    999 | Train: 0.3317 0.0363 0.0478

======================================================================
PERF FORMAT: DATASET | Acuracy: ACC | Loss: LOSS1 LOSS2 LOSS3 | PS: PS
======================================================================
Train | Acuracy:  91.54% | Loss: 0.29352 0.02654 0.04974 | PS: 0.01842 
Val   | Acuracy:  90.51% | Loss: 0.33111 0.02805 0.06044 | PS: 0.01802 
Test  | Acuracy:  91.45% | Loss: 0.29673 0.02617 0.05167 | PS: 0.01961 
----------------------------------------------------------------------
Optimization error  : 0.01842
Population error    : 0.01961
Generalization error: 0.00119
