Namespace(batch_size=64, beta_moco=0.1, gamma_moco=0.1, gamma_modo=0.001, lr=0.1, moo_method='MoDo', num_epochs=1000, rho_moco=0.1, rho_modo=0.1, seed=9)

==================================================
Model parameter count per layer
==================================================
fc1.weight 	: 401408
fc1.bias 	: 512
fc2.weight 	: 5120
fc2.bias 	: 10
Total number of parametrs : 407050
--------------------------------------------------

======================================================================
LOG FORMAT: Epoch: EPOCH | Train: LOSS1 LOSS2 LOSS3
======================================================================
Epoch:      0 | Train: 2.3852 0.1812 0.9629
Epoch:    100 | Train: 0.4949 0.0585 0.074
Epoch:    200 | Train: 0.4623 0.0469 0.0674
Epoch:    300 | Train: 0.2924 0.0362 0.0478
Epoch:    400 | Train: 0.4085 0.0339 0.0658
Epoch:    500 | Train: 0.2426 0.0301 0.0197
Epoch:    600 | Train: 0.4394 0.0403 0.0879
Epoch:    700 | Train: 0.3476 0.0335 0.0541
Epoch:    800 | Train: 0.3802 0.0383 0.0729
Epoch:    900 | Train: 0.2417 0.0277 0.0289
Epoch:    999 | Train: 0.6238 0.0377 0.1654

======================================================================
PERF FORMAT: DATASET | Acuracy: ACC | Loss: LOSS1 LOSS2 LOSS3 | PS: PS
======================================================================
Train | Acuracy:  91.35% | Loss: 0.30962 0.03068 0.05156 | PS: 0.01879 
Val   | Acuracy:  91.07% | Loss: 0.31996 0.03104 0.0547 | PS: 0.02018 
Test  | Acuracy:  91.36% | Loss: 0.30327 0.02973 0.05151 | PS: 0.02359 
----------------------------------------------------------------------
Optimization error  : 0.01879
Population error    : 0.02359
Generalization error: 0.0048
