Namespace(batch_size=64, beta_moco=0.1, gamma_moco=0.1, gamma_modo=0.005, lr=0.1, moo_method='MoDo', num_epochs=1000, rho_moco=0.1, rho_modo=0.1, seed=7)

==================================================
Model parameter count per layer
==================================================
fc1.weight 	: 401408
fc1.bias 	: 512
fc2.weight 	: 5120
fc2.bias 	: 10
Total number of parametrs : 407050
--------------------------------------------------

======================================================================
LOG FORMAT: Epoch: EPOCH | Train: LOSS1 LOSS2 LOSS3
======================================================================
Epoch:      0 | Train: 2.3284 0.18 0.9007
Epoch:    100 | Train: 0.4644 0.0602 0.0554
Epoch:    200 | Train: 0.4962 0.0489 0.078
Epoch:    300 | Train: 0.5144 0.0449 0.0894
Epoch:    400 | Train: 0.7135 0.0485 0.1845
Epoch:    500 | Train: 0.1067 0.0181 0.0027
Epoch:    600 | Train: 0.1936 0.0276 0.0161
Epoch:    700 | Train: 0.2992 0.0305 0.0404
Epoch:    800 | Train: 0.3578 0.0357 0.0567
Epoch:    900 | Train: 0.1796 0.0225 0.0213
Epoch:    999 | Train: 0.3734 0.0406 0.0554

======================================================================
PERF FORMAT: DATASET | Acuracy: ACC | Loss: LOSS1 LOSS2 LOSS3 | PS: PS
======================================================================
Train | Acuracy:  90.69% | Loss: 0.32071 0.03156 0.05348 | PS: 0.0319 
Val   | Acuracy:  90.85% | Loss: 0.32618 0.03169 0.05532 | PS: 0.03445 
Test  | Acuracy:  90.73% | Loss: 0.31562 0.03084 0.05362 | PS: 0.03859 
----------------------------------------------------------------------
Optimization error  : 0.0319
Population error    : 0.03859
Generalization error: 0.00669
