Namespace(batch_size=64, beta_moco=0.1, gamma_moco=0.1, gamma_modo=0.5, lr=0.1, moo_method='MoDo', num_epochs=1000, rho_moco=0.1, rho_modo=0.1, seed=9)

==================================================
Model parameter count per layer
==================================================
fc1.weight 	: 401408
fc1.bias 	: 512
fc2.weight 	: 5120
fc2.bias 	: 10
Total number of parametrs : 407050
--------------------------------------------------

======================================================================
LOG FORMAT: Epoch: EPOCH | Train: LOSS1 LOSS2 LOSS3
======================================================================
Epoch:      0 | Train: 2.3852 0.1812 0.9629
Epoch:    100 | Train: 1.1722 0.1285 0.1453
Epoch:    200 | Train: 0.7456 0.0895 0.0778
Epoch:    300 | Train: 0.4412 0.0578 0.0489
Epoch:    400 | Train: 0.4539 0.0459 0.0673
Epoch:    500 | Train: 0.3017 0.0401 0.023
Epoch:    600 | Train: 0.4708 0.0472 0.0894
Epoch:    700 | Train: 0.3815 0.0395 0.0564
Epoch:    800 | Train: 0.4167 0.0433 0.0747
Epoch:    900 | Train: 0.2664 0.0318 0.0306
Epoch:    999 | Train: 0.6191 0.0413 0.1616

======================================================================
PERF FORMAT: DATASET | Acuracy: ACC | Loss: LOSS1 LOSS2 LOSS3 | PS: PS
======================================================================
Train | Acuracy:  90.79% | Loss: 0.32862 0.03405 0.05261 | PS: 0.02323 
Val   | Acuracy:  90.66% | Loss: 0.33613 0.03428 0.05498 | PS: 0.0251 
Test  | Acuracy:  91.04% | Loss: 0.31859 0.03284 0.05194 | PS: 0.02862 
----------------------------------------------------------------------
Optimization error  : 0.02323
Population error    : 0.02862
Generalization error: 0.00539
