Namespace(batch_size=64, beta_moco=0.1, gamma_moco=0.1, gamma_modo=0.5, lr=0.1, moo_method='MoDo', num_epochs=1000, rho_moco=0.1, rho_modo=0.1, seed=7)

==================================================
Model parameter count per layer
==================================================
fc1.weight 	: 401408
fc1.bias 	: 512
fc2.weight 	: 5120
fc2.bias 	: 10
Total number of parametrs : 407050
--------------------------------------------------

======================================================================
LOG FORMAT: Epoch: EPOCH | Train: LOSS1 LOSS2 LOSS3
======================================================================
Epoch:      0 | Train: 2.3284 0.18 0.9007
Epoch:    100 | Train: 1.2159 0.1344 0.1357
Epoch:    200 | Train: 0.6922 0.0811 0.0929
Epoch:    300 | Train: 0.5852 0.0564 0.0979
Epoch:    400 | Train: 0.6943 0.0564 0.164
Epoch:    500 | Train: 0.1224 0.0209 0.0027
Epoch:    600 | Train: 0.2252 0.0318 0.0196
Epoch:    700 | Train: 0.3111 0.0327 0.0436
Epoch:    800 | Train: 0.3677 0.0372 0.0583
Epoch:    900 | Train: 0.192 0.0241 0.0223
Epoch:    999 | Train: 0.3844 0.0425 0.056

======================================================================
PERF FORMAT: DATASET | Acuracy: ACC | Loss: LOSS1 LOSS2 LOSS3 | PS: PS
======================================================================
Train | Acuracy:  90.54% | Loss: 0.3276 0.03306 0.05361 | PS: 0.031 
Val   | Acuracy:  90.65% | Loss: 0.33082 0.03315 0.05504 | PS: 0.03337 
Test  | Acuracy:  90.60% | Loss: 0.31947 0.03213 0.05314 | PS: 0.03751 
----------------------------------------------------------------------
Optimization error  : 0.031
Population error    : 0.03751
Generalization error: 0.00651
