Namespace(batch_size=64, beta_moco=0.1, gamma_moco=0.1, gamma_modo=0.5, lr=0.1, moo_method='MoDo', num_epochs=1000, rho_moco=0.1, rho_modo=0.1, seed=5)

==================================================
Model parameter count per layer
==================================================
fc1.weight 	: 401408
fc1.bias 	: 512
fc2.weight 	: 5120
fc2.bias 	: 10
Total number of parametrs : 407050
--------------------------------------------------

======================================================================
LOG FORMAT: Epoch: EPOCH | Train: LOSS1 LOSS2 LOSS3
======================================================================
Epoch:      0 | Train: 2.2981 0.1796 0.8762
Epoch:    100 | Train: 1.1663 0.1284 0.1414
Epoch:    200 | Train: 0.7535 0.0909 0.0907
Epoch:    300 | Train: 0.5974 0.0702 0.0878
Epoch:    400 | Train: 0.3836 0.0508 0.0386
Epoch:    500 | Train: 0.2683 0.0381 0.0219
Epoch:    600 | Train: 0.3605 0.0448 0.0472
Epoch:    700 | Train: 0.3298 0.0301 0.0518
Epoch:    800 | Train: 0.2224 0.0301 0.021
Epoch:    900 | Train: 0.3542 0.0362 0.0694
Epoch:    999 | Train: 0.3674 0.0415 0.0546

======================================================================
PERF FORMAT: DATASET | Acuracy: ACC | Loss: LOSS1 LOSS2 LOSS3 | PS: PS
======================================================================
Train | Acuracy:  90.94% | Loss: 0.32192 0.03313 0.05203 | PS: 0.01425 
Val   | Acuracy:  90.14% | Loss: 0.34919 0.03436 0.05953 | PS: 0.01739 
Test  | Acuracy:  91.10% | Loss: 0.31351 0.03203 0.05138 | PS: 0.01762 
----------------------------------------------------------------------
Optimization error  : 0.01425
Population error    : 0.01762
Generalization error: 0.00337
