Namespace(batch_size=64, beta_moco=0.1, gamma_moco=0.1, gamma_modo=0.005, lr=0.1, moo_method='MoDo', num_epochs=1000, rho_moco=0.1, rho_modo=0.1, seed=2)

==================================================
Model parameter count per layer
==================================================
fc1.weight 	: 401408
fc1.bias 	: 512
fc2.weight 	: 5120
fc2.bias 	: 10
Total number of parametrs : 407050
--------------------------------------------------

======================================================================
LOG FORMAT: Epoch: EPOCH | Train: LOSS1 LOSS2 LOSS3
======================================================================
Epoch:      0 | Train: 2.2467 0.1783 0.8182
Epoch:    100 | Train: 0.5191 0.0643 0.0587
Epoch:    200 | Train: 0.431 0.0477 0.0729
Epoch:    300 | Train: 0.4896 0.0465 0.0928
Epoch:    400 | Train: 0.521 0.0472 0.1044
Epoch:    500 | Train: 0.4444 0.0408 0.0792
Epoch:    600 | Train: 0.3833 0.0369 0.0743
Epoch:    700 | Train: 0.3068 0.0375 0.0323
Epoch:    800 | Train: 0.4119 0.0301 0.1006
Epoch:    900 | Train: 0.3458 0.0256 0.0876
Epoch:    999 | Train: 0.2943 0.029 0.0528

======================================================================
PERF FORMAT: DATASET | Acuracy: ACC | Loss: LOSS1 LOSS2 LOSS3 | PS: PS
======================================================================
Train | Acuracy:  90.88% | Loss: 0.31914 0.03187 0.05207 | PS: 0.03482 
Val   | Acuracy:  90.46% | Loss: 0.3344 0.03215 0.05688 | PS: 0.03545 
Test  | Acuracy:  91.13% | Loss: 0.31632 0.03103 0.05317 | PS: 0.0379 
----------------------------------------------------------------------
Optimization error  : 0.03482
Population error    : 0.0379
Generalization error: 0.00308
