Namespace(batch_size=64, beta_moco=0.1, gamma_moco=0.1, gamma_modo=0.005, lr=0.1, moo_method='MoDo', num_epochs=1000, rho_moco=0.1, rho_modo=0.1, seed=1)

==================================================
Model parameter count per layer
==================================================
fc1.weight 	: 401408
fc1.bias 	: 512
fc2.weight 	: 5120
fc2.bias 	: 10
Total number of parametrs : 407050
--------------------------------------------------

======================================================================
LOG FORMAT: Epoch: EPOCH | Train: LOSS1 LOSS2 LOSS3
======================================================================
Epoch:      0 | Train: 2.3314 0.1802 0.9087
Epoch:    100 | Train: 0.6155 0.0683 0.0818
Epoch:    200 | Train: 0.446 0.0438 0.0907
Epoch:    300 | Train: 0.3905 0.0474 0.0472
Epoch:    400 | Train: 0.2816 0.0387 0.0271
Epoch:    500 | Train: 0.3548 0.0395 0.0393
Epoch:    600 | Train: 0.5546 0.0522 0.0903
Epoch:    700 | Train: 0.3127 0.0306 0.0443
Epoch:    800 | Train: 0.3353 0.032 0.057
Epoch:    900 | Train: 0.1972 0.0253 0.022
Epoch:    999 | Train: 0.1784 0.0247 0.0171

======================================================================
PERF FORMAT: DATASET | Acuracy: ACC | Loss: LOSS1 LOSS2 LOSS3 | PS: PS
======================================================================
Train | Acuracy:  90.94% | Loss: 0.3176 0.0314 0.05297 | PS: 0.022 
Val   | Acuracy:  91.03% | Loss: 0.32366 0.03199 0.05382 | PS: 0.02188 
Test  | Acuracy:  91.29% | Loss: 0.31003 0.03043 0.0522 | PS: 0.02481 
----------------------------------------------------------------------
Optimization error  : 0.022
Population error    : 0.02481
Generalization error: 0.00281
