Namespace(batch_size=64, beta_moco=0.1, gamma_moco=0.1, gamma_modo=0.001, lr=0.1, moo_method='MoDo', num_epochs=1000, rho_moco=0.1, rho_modo=0.1, seed=3)

==================================================
Model parameter count per layer
==================================================
fc1.weight 	: 401408
fc1.bias 	: 512
fc2.weight 	: 5120
fc2.bias 	: 10
Total number of parametrs : 407050
--------------------------------------------------

======================================================================
LOG FORMAT: Epoch: EPOCH | Train: LOSS1 LOSS2 LOSS3
======================================================================
Epoch:      0 | Train: 2.363 0.1804 0.9304
Epoch:    100 | Train: 0.5588 0.0662 0.0821
Epoch:    200 | Train: 0.5652 0.0546 0.1189
Epoch:    300 | Train: 0.2812 0.0376 0.027
Epoch:    400 | Train: 0.2759 0.0346 0.0309
Epoch:    500 | Train: 0.4116 0.0366 0.083
Epoch:    600 | Train: 0.2778 0.0353 0.0357
Epoch:    700 | Train: 0.288 0.0346 0.0358
Epoch:    800 | Train: 0.489 0.0392 0.0896
Epoch:    900 | Train: 0.3033 0.0279 0.0562
Epoch:    999 | Train: 0.2288 0.0267 0.0267

======================================================================
PERF FORMAT: DATASET | Acuracy: ACC | Loss: LOSS1 LOSS2 LOSS3 | PS: PS
======================================================================
Train | Acuracy:  91.09% | Loss: 0.31482 0.03086 0.05285 | PS: 0.03385 
Val   | Acuracy:  90.31% | Loss: 0.33935 0.03212 0.05919 | PS: 0.03501 
Test  | Acuracy:  91.30% | Loss: 0.3075 0.03002 0.05224 | PS: 0.03526 
----------------------------------------------------------------------
Optimization error  : 0.03385
Population error    : 0.03526
Generalization error: 0.00141
