Namespace(batch_size=64, beta_moco=0.1, gamma_moco=0.1, gamma_modo=0.75, lr=0.1, moo_method='MoDo', num_epochs=1000, rho_moco=0.0, rho_modo=0.0, seed=6)

==================================================
Model parameter count per layer
==================================================
fc1.weight 	: 401408
fc1.bias 	: 512
fc2.weight 	: 5120
fc2.bias 	: 10
Total number of parametrs : 407050
--------------------------------------------------

======================================================================
LOG FORMAT: Epoch: EPOCH | Train: LOSS1 LOSS2 LOSS3
======================================================================
Epoch:      0 | Train: 2.3515 0.091 0.0131
Epoch:    100 | Train: 2.0715 0.0843 0.0125
Epoch:    200 | Train: 1.7049 0.0727 0.0113
Epoch:    300 | Train: 1.6137 0.0681 0.0107
Epoch:    400 | Train: 1.3841 0.0579 0.0095
Epoch:    500 | Train: 1.1681 0.0507 0.0088
Epoch:    600 | Train: 1.1587 0.048 0.0082
Epoch:    700 | Train: 0.9997 0.0429 0.0075
Epoch:    800 | Train: 0.8248 0.0357 0.0066
Epoch:    900 | Train: 0.9161 0.0405 0.007
Epoch:    999 | Train: 1.055 0.0453 0.0076

======================================================================
PERF FORMAT: DATASET | Acuracy: ACC | Loss: LOSS1 LOSS2 LOSS3 | PS: PS
======================================================================
Train | Acuracy:  81.09% | Loss: 0.80456 0.03489 0.00646 | PS: 0.00422 
Val   | Acuracy:  80.86% | Loss: 0.80707 0.03511 0.00649 | PS: 0.00418 
Test  | Acuracy:  82.53% | Loss: 0.77991 0.03385 0.00633 | PS: 0.00431 
----------------------------------------------------------------------
Optimization error  : 0.00422
Population error    : 0.00431
Generalization error: 8e-05
