Namespace(batch_size=64, beta_moco=0.1, gamma_moco=0.1, gamma_modo=1.25, lr=0.1, moo_method='MoDo', num_epochs=1000, rho_moco=0.0, rho_modo=0.0, seed=3)

==================================================
Model parameter count per layer
==================================================
fc1.weight 	: 401408
fc1.bias 	: 512
fc2.weight 	: 5120
fc2.bias 	: 10
Total number of parametrs : 407050
--------------------------------------------------

======================================================================
LOG FORMAT: Epoch: EPOCH | Train: LOSS1 LOSS2 LOSS3
======================================================================
Epoch:      0 | Train: 2.363 0.0911 0.0132
Epoch:    100 | Train: 2.0637 0.084 0.0124
Epoch:    200 | Train: 1.8377 0.0766 0.0116
Epoch:    300 | Train: 1.6384 0.0701 0.011
Epoch:    400 | Train: 1.3989 0.0601 0.0098
Epoch:    500 | Train: 1.2877 0.0551 0.0092
Epoch:    600 | Train: 1.2056 0.0532 0.009
Epoch:    700 | Train: 1.0319 0.0444 0.0078
Epoch:    800 | Train: 1.0164 0.044 0.0078
Epoch:    900 | Train: 0.8872 0.0387 0.0071
Epoch:    999 | Train: 0.8004 0.0355 0.0065

======================================================================
PERF FORMAT: DATASET | Acuracy: ACC | Loss: LOSS1 LOSS2 LOSS3 | PS: PS
======================================================================
Train | Acuracy:  81.98% | Loss: 0.83185 0.03626 0.00674 | PS: 0.00434 
Val   | Acuracy:  82.00% | Loss: 0.83497 0.03644 0.00677 | PS: 0.00438 
Test  | Acuracy:  82.89% | Loss: 0.80767 0.03523 0.00661 | PS: 0.00446 
----------------------------------------------------------------------
Optimization error  : 0.00434
Population error    : 0.00446
Generalization error: 0.00011
