Namespace(batch_size=64, beta_moco=0.1, gamma_moco=0.1, gamma_modo=0.075, lr=0.1, moo_method='MoDo', num_epochs=1000, rho_moco=0.0, rho_modo=0.0, seed=4)

==================================================
Model parameter count per layer
==================================================
fc1.weight 	: 401408
fc1.bias 	: 512
fc2.weight 	: 5120
fc2.bias 	: 10
Total number of parametrs : 407050
--------------------------------------------------

======================================================================
LOG FORMAT: Epoch: EPOCH | Train: LOSS1 LOSS2 LOSS3
======================================================================
Epoch:      0 | Train: 2.389 0.0916 0.0132
Epoch:    100 | Train: 1.3744 0.0595 0.0098
Epoch:    200 | Train: 1.0986 0.0475 0.0083
Epoch:    300 | Train: 1.1346 0.0499 0.0086
Epoch:    400 | Train: 0.9549 0.042 0.0076
Epoch:    500 | Train: 1.0108 0.0451 0.0081
Epoch:    600 | Train: 0.7927 0.0352 0.0067
Epoch:    700 | Train: 0.8797 0.038 0.007
Epoch:    800 | Train: 0.685 0.0282 0.0056
Epoch:    900 | Train: 0.5849 0.024 0.0048
Epoch:    999 | Train: 0.5955 0.0281 0.0055

======================================================================
PERF FORMAT: DATASET | Acuracy: ACC | Loss: LOSS1 LOSS2 LOSS3 | PS: PS
======================================================================
Train | Acuracy:  85.56% | Loss: 0.62208 0.02661 0.00513 | PS: 0.00342 
Val   | Acuracy:  85.44% | Loss: 0.62845 0.02691 0.00517 | PS: 0.00347 
Test  | Acuracy:  86.88% | Loss: 0.6002 0.02558 0.00499 | PS: 0.00363 
----------------------------------------------------------------------
Optimization error  : 0.00342
Population error    : 0.00363
Generalization error: 0.00021
