Namespace(batch_size=64, beta_moco=0.1, gamma_moco=0.1, gamma_modo=1.0, lr=0.1, moo_method='MoDo', num_epochs=1000, rho_moco=0.0, rho_modo=0.0, seed=2)

==================================================
Model parameter count per layer
==================================================
fc1.weight 	: 401408
fc1.bias 	: 512
fc2.weight 	: 5120
fc2.bias 	: 10
Total number of parametrs : 407050
--------------------------------------------------

======================================================================
LOG FORMAT: Epoch: EPOCH | Train: LOSS1 LOSS2 LOSS3
======================================================================
Epoch:      0 | Train: 2.2467 0.0888 0.0129
Epoch:    100 | Train: 2.0542 0.0841 0.0125
Epoch:    200 | Train: 1.7614 0.0749 0.0115
Epoch:    300 | Train: 1.5569 0.0661 0.0105
Epoch:    400 | Train: 1.4888 0.0615 0.0099
Epoch:    500 | Train: 1.2487 0.053 0.0089
Epoch:    600 | Train: 1.0366 0.0436 0.0077
Epoch:    700 | Train: 0.9949 0.0428 0.0077
Epoch:    800 | Train: 0.9395 0.04 0.0072
Epoch:    900 | Train: 0.7788 0.0324 0.0062
Epoch:    999 | Train: 0.7689 0.0329 0.0061

======================================================================
PERF FORMAT: DATASET | Acuracy: ACC | Loss: LOSS1 LOSS2 LOSS3 | PS: PS
======================================================================
Train | Acuracy:  79.81% | Loss: 0.81757 0.03547 0.00648 | PS: 0.00393 
Val   | Acuracy:  79.68% | Loss: 0.82316 0.03576 0.00653 | PS: 0.00393 
Test  | Acuracy:  81.05% | Loss: 0.79489 0.03449 0.00637 | PS: 0.00407 
----------------------------------------------------------------------
Optimization error  : 0.00393
Population error    : 0.00407
Generalization error: 0.00014
