Namespace(batch_size=64, beta_moco=0.1, gamma_moco=0.1, gamma_modo=0.1, lr=0.1, moo_method='MoDo', num_epochs=1000, rho_moco=0.0, rho_modo=0.0, seed=3)

==================================================
Model parameter count per layer
==================================================
fc1.weight 	: 401408
fc1.bias 	: 512
fc2.weight 	: 5120
fc2.bias 	: 10
Total number of parametrs : 407050
--------------------------------------------------

======================================================================
LOG FORMAT: Epoch: EPOCH | Train: LOSS1 LOSS2 LOSS3
======================================================================
Epoch:      0 | Train: 2.363 0.0911 0.0132
Epoch:    100 | Train: 1.7854 0.0758 0.0116
Epoch:    200 | Train: 1.5713 0.0664 0.0106
Epoch:    300 | Train: 1.3364 0.0583 0.0097
Epoch:    400 | Train: 1.0888 0.047 0.0082
Epoch:    500 | Train: 1.0491 0.0447 0.0079
Epoch:    600 | Train: 0.9587 0.0427 0.0077
Epoch:    700 | Train: 0.8129 0.0351 0.0065
Epoch:    800 | Train: 0.8198 0.0349 0.0065
Epoch:    900 | Train: 0.7025 0.0302 0.0057
Epoch:    999 | Train: 0.617 0.0271 0.0051

======================================================================
PERF FORMAT: DATASET | Acuracy: ACC | Loss: LOSS1 LOSS2 LOSS3 | PS: PS
======================================================================
Train | Acuracy:  85.47% | Loss: 0.65218 0.02799 0.00541 | PS: 0.00386 
Val   | Acuracy:  85.04% | Loss: 0.65693 0.02824 0.00544 | PS: 0.00393 
Test  | Acuracy:  86.19% | Loss: 0.6276 0.0269 0.00526 | PS: 0.00402 
----------------------------------------------------------------------
Optimization error  : 0.00386
Population error    : 0.00402
Generalization error: 0.00016
