Namespace(batch_size=64, beta_moco=0.1, gamma_moco=0.1, gamma_modo=0.01, lr=0.1, moo_method='MoDo', num_epochs=1000, rho_moco=0.0, rho_modo=0.0, seed=5)

==================================================
Model parameter count per layer
==================================================
fc1.weight 	: 401408
fc1.bias 	: 512
fc2.weight 	: 5120
fc2.bias 	: 10
Total number of parametrs : 407050
--------------------------------------------------

======================================================================
LOG FORMAT: Epoch: EPOCH | Train: LOSS1 LOSS2 LOSS3
======================================================================
Epoch:      0 | Train: 2.2981 0.09 0.013
Epoch:    100 | Train: 0.686 0.0303 0.0058
Epoch:    200 | Train: 0.5576 0.025 0.0048
Epoch:    300 | Train: 0.534 0.0227 0.0042
Epoch:    400 | Train: 0.3298 0.0149 0.003
Epoch:    500 | Train: 0.2439 0.0119 0.0024
Epoch:    600 | Train: 0.3475 0.0157 0.003
Epoch:    700 | Train: 0.3172 0.0146 0.0022
Epoch:    800 | Train: 0.2222 0.0105 0.002
Epoch:    900 | Train: 0.3784 0.0153 0.0026
Epoch:    999 | Train: 0.3753 0.019 0.0032

======================================================================
PERF FORMAT: DATASET | Acuracy: ACC | Loss: LOSS1 LOSS2 LOSS3 | PS: PS
======================================================================
Train | Acuracy:  90.57% | Loss: 0.33615 0.01447 0.00249 | PS: 0.0011 
Val   | Acuracy:  89.77% | Loss: 0.36244 0.01568 0.0026 | PS: 0.00117 
Test  | Acuracy:  90.88% | Loss: 0.32448 0.01389 0.00239 | PS: 0.00125 
----------------------------------------------------------------------
Optimization error  : 0.0011
Population error    : 0.00125
Generalization error: 0.00015
