Namespace(batch_size=64, beta_moco=0.1, gamma_moco=0.1, gamma_modo=0.075, lr=0.1, moo_method='MoDo', num_epochs=1000, rho_moco=0.0, rho_modo=0.0, seed=3)

==================================================
Model parameter count per layer
==================================================
fc1.weight 	: 401408
fc1.bias 	: 512
fc2.weight 	: 5120
fc2.bias 	: 10
Total number of parametrs : 407050
--------------------------------------------------

======================================================================
LOG FORMAT: Epoch: EPOCH | Train: LOSS1 LOSS2 LOSS3
======================================================================
Epoch:      0 | Train: 2.363 0.0911 0.0132
Epoch:    100 | Train: 1.6656 0.0716 0.0112
Epoch:    200 | Train: 1.4695 0.0621 0.0101
Epoch:    300 | Train: 1.2325 0.0541 0.0092
Epoch:    400 | Train: 1.0119 0.0437 0.0078
Epoch:    500 | Train: 0.9969 0.0424 0.0075
Epoch:    600 | Train: 0.9111 0.0405 0.0075
Epoch:    700 | Train: 0.7818 0.0337 0.0063
Epoch:    800 | Train: 0.7949 0.0338 0.0063
Epoch:    900 | Train: 0.6822 0.0293 0.0055
Epoch:    999 | Train: 0.6003 0.0264 0.005

======================================================================
PERF FORMAT: DATASET | Acuracy: ACC | Loss: LOSS1 LOSS2 LOSS3 | PS: PS
======================================================================
Train | Acuracy:  85.74% | Loss: 0.63469 0.02719 0.00526 | PS: 0.00375 
Val   | Acuracy:  85.30% | Loss: 0.63969 0.02744 0.00529 | PS: 0.00382 
Test  | Acuracy:  86.53% | Loss: 0.6102 0.02609 0.00511 | PS: 0.00391 
----------------------------------------------------------------------
Optimization error  : 0.00375
Population error    : 0.00391
Generalization error: 0.00017
