Namespace(batch_size=64, beta_moco=0.1, gamma_moco=0.1, gamma_modo=0.05, lr=0.1, moo_method='MoDo', num_epochs=1000, rho_moco=0.0, rho_modo=0.0, seed=1)

==================================================
Model parameter count per layer
==================================================
fc1.weight 	: 401408
fc1.bias 	: 512
fc2.weight 	: 5120
fc2.bias 	: 10
Total number of parametrs : 407050
--------------------------------------------------

======================================================================
LOG FORMAT: Epoch: EPOCH | Train: LOSS1 LOSS2 LOSS3
======================================================================
Epoch:      0 | Train: 2.3314 0.0906 0.0131
Epoch:    100 | Train: 1.4232 0.0615 0.0101
Epoch:    200 | Train: 1.0349 0.0446 0.008
Epoch:    300 | Train: 1.1274 0.0498 0.0085
Epoch:    400 | Train: 0.9702 0.0433 0.0079
Epoch:    500 | Train: 0.8772 0.0394 0.0072
Epoch:    600 | Train: 0.9258 0.0414 0.0072
Epoch:    700 | Train: 0.7759 0.0334 0.0061
Epoch:    800 | Train: 0.6546 0.027 0.0055
Epoch:    900 | Train: 0.5561 0.0243 0.0047
Epoch:    999 | Train: 0.6062 0.0261 0.005

======================================================================
PERF FORMAT: DATASET | Acuracy: ACC | Loss: LOSS1 LOSS2 LOSS3 | PS: PS
======================================================================
Train | Acuracy:  85.56% | Loss: 0.61476 0.02638 0.00508 | PS: 0.00335 
Val   | Acuracy:  85.36% | Loss: 0.61391 0.02642 0.00509 | PS: 0.00351 
Test  | Acuracy:  86.48% | Loss: 0.59002 0.02524 0.00493 | PS: 0.00351 
----------------------------------------------------------------------
Optimization error  : 0.00335
Population error    : 0.00351
Generalization error: 0.00017
