Namespace(batch_size=64, beta_moco=0.1, gamma_moco=0.1, gamma_modo=0.1, lr=0.1, moo_method='MoDo', num_epochs=1000, rho_moco=0.0, rho_modo=0.0, seed=5)

==================================================
Model parameter count per layer
==================================================
fc1.weight 	: 401408
fc1.bias 	: 512
fc2.weight 	: 5120
fc2.bias 	: 10
Total number of parametrs : 407050
--------------------------------------------------

======================================================================
LOG FORMAT: Epoch: EPOCH | Train: LOSS1 LOSS2 LOSS3
======================================================================
Epoch:      0 | Train: 2.2981 0.09 0.013
Epoch:    100 | Train: 1.7731 0.0745 0.0114
Epoch:    200 | Train: 1.6357 0.0691 0.0108
Epoch:    300 | Train: 1.3635 0.059 0.0097
Epoch:    400 | Train: 1.1068 0.0481 0.0084
Epoch:    500 | Train: 0.9129 0.0397 0.0072
Epoch:    600 | Train: 0.8955 0.0396 0.0073
Epoch:    700 | Train: 0.6976 0.0303 0.0057
Epoch:    800 | Train: 0.6885 0.0304 0.006
Epoch:    900 | Train: 0.7045 0.0294 0.0056
Epoch:    999 | Train: 0.6895 0.0308 0.0058

======================================================================
PERF FORMAT: DATASET | Acuracy: ACC | Loss: LOSS1 LOSS2 LOSS3 | PS: PS
======================================================================
Train | Acuracy:  85.00% | Loss: 0.65852 0.02834 0.00545 | PS: 0.00371 
Val   | Acuracy:  84.30% | Loss: 0.66978 0.02888 0.0055 | PS: 0.00366 
Test  | Acuracy:  85.74% | Loss: 0.63492 0.02724 0.0053 | PS: 0.00386 
----------------------------------------------------------------------
Optimization error  : 0.00371
Population error    : 0.00386
Generalization error: 0.00015
