Namespace(batch_size=64, beta_moco=0.1, gamma_moco=0.1, gamma_modo=0.5, lr=0.1, moo_method='MoDo', num_epochs=1000, rho_moco=0.0, rho_modo=0.0, seed=3)

==================================================
Model parameter count per layer
==================================================
fc1.weight 	: 401408
fc1.bias 	: 512
fc2.weight 	: 5120
fc2.bias 	: 10
Total number of parametrs : 407050
--------------------------------------------------

======================================================================
LOG FORMAT: Epoch: EPOCH | Train: LOSS1 LOSS2 LOSS3
======================================================================
Epoch:      0 | Train: 2.363 0.0911 0.0132
Epoch:    100 | Train: 2.0556 0.0838 0.0124
Epoch:    200 | Train: 1.8178 0.0759 0.0116
Epoch:    300 | Train: 1.5963 0.0685 0.0108
Epoch:    400 | Train: 1.3273 0.0572 0.0095
Epoch:    500 | Train: 1.2145 0.052 0.0088
Epoch:    600 | Train: 1.1153 0.0495 0.0086
Epoch:    700 | Train: 0.935 0.0403 0.0073
Epoch:    800 | Train: 0.9167 0.0394 0.0072
Epoch:    900 | Train: 0.7864 0.0341 0.0064
Epoch:    999 | Train: 0.692 0.0306 0.0057

======================================================================
PERF FORMAT: DATASET | Acuracy: ACC | Loss: LOSS1 LOSS2 LOSS3 | PS: PS
======================================================================
Train | Acuracy:  84.26% | Loss: 0.72786 0.03149 0.00601 | PS: 0.00421 
Val   | Acuracy:  83.91% | Loss: 0.73192 0.0317 0.00605 | PS: 0.00427 
Test  | Acuracy:  85.03% | Loss: 0.70325 0.03041 0.00588 | PS: 0.00434 
----------------------------------------------------------------------
Optimization error  : 0.00421
Population error    : 0.00434
Generalization error: 0.00013
