Namespace(batch_size=64, beta_moco=0.1, gamma_moco=0.1, gamma_modo=0.25, lr=0.1, moo_method='MoDo', num_epochs=1000, rho_moco=0.0, rho_modo=0.0, seed=3)

==================================================
Model parameter count per layer
==================================================
fc1.weight 	: 401408
fc1.bias 	: 512
fc2.weight 	: 5120
fc2.bias 	: 10
Total number of parametrs : 407050
--------------------------------------------------

======================================================================
LOG FORMAT: Epoch: EPOCH | Train: LOSS1 LOSS2 LOSS3
======================================================================
Epoch:      0 | Train: 2.363 0.0911 0.0132
Epoch:    100 | Train: 2.0022 0.0824 0.0123
Epoch:    200 | Train: 1.7669 0.0741 0.0114
Epoch:    300 | Train: 1.5334 0.0661 0.0106
Epoch:    400 | Train: 1.2594 0.0543 0.0091
Epoch:    500 | Train: 1.1647 0.0498 0.0085
Epoch:    600 | Train: 1.0641 0.0473 0.0083
Epoch:    700 | Train: 0.8883 0.0384 0.007
Epoch:    800 | Train: 0.8779 0.0376 0.0069
Epoch:    900 | Train: 0.7511 0.0325 0.0061
Epoch:    999 | Train: 0.6591 0.0291 0.0055

======================================================================
PERF FORMAT: DATASET | Acuracy: ACC | Loss: LOSS1 LOSS2 LOSS3 | PS: PS
======================================================================
Train | Acuracy:  84.85% | Loss: 0.69483 0.02996 0.00576 | PS: 0.0041 
Val   | Acuracy:  84.45% | Loss: 0.69915 0.03018 0.00579 | PS: 0.00416 
Test  | Acuracy:  85.57% | Loss: 0.67017 0.02887 0.00562 | PS: 0.00424 
----------------------------------------------------------------------
Optimization error  : 0.0041
Population error    : 0.00424
Generalization error: 0.00014
