Namespace(batch_size=64, beta_moco=0.1, gamma_moco=0.1, gamma_modo=1.0, lr=0.1, moo_method='MoDo', num_epochs=1000, rho_moco=0.0, rho_modo=0.0, seed=3)

==================================================
Model parameter count per layer
==================================================
fc1.weight 	: 401408
fc1.bias 	: 512
fc2.weight 	: 5120
fc2.bias 	: 10
Total number of parametrs : 407050
--------------------------------------------------

======================================================================
LOG FORMAT: Epoch: EPOCH | Train: LOSS1 LOSS2 LOSS3
======================================================================
Epoch:      0 | Train: 2.363 0.0911 0.0132
Epoch:    100 | Train: 2.061 0.0839 0.0124
Epoch:    200 | Train: 1.8312 0.0764 0.0116
Epoch:    300 | Train: 1.6246 0.0696 0.011
Epoch:    400 | Train: 1.3754 0.0591 0.0097
Epoch:    500 | Train: 1.2633 0.054 0.0091
Epoch:    600 | Train: 1.1749 0.052 0.0089
Epoch:    700 | Train: 0.9976 0.043 0.0076
Epoch:    800 | Train: 0.9798 0.0424 0.0076
Epoch:    900 | Train: 0.85 0.037 0.0068
Epoch:    999 | Train: 0.758 0.0336 0.0062

======================================================================
PERF FORMAT: DATASET | Acuracy: ACC | Loss: LOSS1 LOSS2 LOSS3 | PS: PS
======================================================================
Train | Acuracy:  82.96% | Loss: 0.79217 0.03445 0.00647 | PS: 0.00432 
Val   | Acuracy:  82.87% | Loss: 0.79564 0.03464 0.0065 | PS: 0.00436 
Test  | Acuracy:  83.74% | Loss: 0.76774 0.03339 0.00635 | PS: 0.00443 
----------------------------------------------------------------------
Optimization error  : 0.00432
Population error    : 0.00443
Generalization error: 0.00012
