Namespace(batch_size=64, beta_moco=0.1, gamma_moco=0.1, gamma_modo=0.25, lr=0.1, moo_method='MoDo', num_epochs=1000, rho_moco=0.0, rho_modo=0.0, seed=0)

==================================================
Model parameter count per layer
==================================================
fc1.weight 	: 401408
fc1.bias 	: 512
fc2.weight 	: 5120
fc2.bias 	: 10
Total number of parametrs : 407050
--------------------------------------------------

======================================================================
LOG FORMAT: Epoch: EPOCH | Train: LOSS1 LOSS2 LOSS3
======================================================================
Epoch:      0 | Train: 2.3186 0.0904 0.0131
Epoch:    100 | Train: 2.0686 0.0846 0.0125
Epoch:    200 | Train: 1.7942 0.0754 0.0115
Epoch:    300 | Train: 1.5409 0.0653 0.0104
Epoch:    400 | Train: 1.2484 0.0538 0.0091
Epoch:    500 | Train: 1.3059 0.0555 0.0092
Epoch:    600 | Train: 1.2036 0.0527 0.009
Epoch:    700 | Train: 1.0497 0.045 0.0078
Epoch:    800 | Train: 0.7078 0.0305 0.006
Epoch:    900 | Train: 0.6508 0.0276 0.0054
Epoch:    999 | Train: 0.7519 0.031 0.0058

======================================================================
PERF FORMAT: DATASET | Acuracy: ACC | Loss: LOSS1 LOSS2 LOSS3 | PS: PS
======================================================================
Train | Acuracy:  83.41% | Loss: 0.7374 0.03195 0.00605 | PS: 0.00438 
Val   | Acuracy:  83.18% | Loss: 0.74426 0.03229 0.00608 | PS: 0.00443 
Test  | Acuracy:  84.21% | Loss: 0.71278 0.03083 0.00591 | PS: 0.00443 
----------------------------------------------------------------------
Optimization error  : 0.00438
Population error    : 0.00443
Generalization error: 6e-05
