Namespace(batch_size=64, beta_moco=0.1, gamma_moco=0.1, gamma_modo=0.1, lr=0.1, moo_method='MoDo', num_epochs=1000, rho_moco=0.0, rho_modo=0.0, seed=6)

==================================================
Model parameter count per layer
==================================================
fc1.weight 	: 401408
fc1.bias 	: 512
fc2.weight 	: 5120
fc2.bias 	: 10
Total number of parametrs : 407050
--------------------------------------------------

======================================================================
LOG FORMAT: Epoch: EPOCH | Train: LOSS1 LOSS2 LOSS3
======================================================================
Epoch:      0 | Train: 2.3515 0.091 0.0131
Epoch:    100 | Train: 1.5966 0.0689 0.0109
Epoch:    200 | Train: 1.3065 0.0569 0.0095
Epoch:    300 | Train: 1.291 0.056 0.0093
Epoch:    400 | Train: 1.1294 0.0473 0.0082
Epoch:    500 | Train: 0.9298 0.04 0.0074
Epoch:    600 | Train: 0.8972 0.0386 0.007
Epoch:    700 | Train: 0.7724 0.0339 0.0063
Epoch:    800 | Train: 0.6154 0.026 0.0052
Epoch:    900 | Train: 0.7818 0.0347 0.0061
Epoch:    999 | Train: 0.9273 0.0401 0.0068

======================================================================
PERF FORMAT: DATASET | Acuracy: ACC | Loss: LOSS1 LOSS2 LOSS3 | PS: PS
======================================================================
Train | Acuracy:  85.01% | Loss: 0.65585 0.02804 0.00539 | PS: 0.00386 
Val   | Acuracy:  84.53% | Loss: 0.65761 0.02826 0.00542 | PS: 0.00383 
Test  | Acuracy:  85.92% | Loss: 0.63079 0.02696 0.00525 | PS: 0.00402 
----------------------------------------------------------------------
Optimization error  : 0.00386
Population error    : 0.00402
Generalization error: 0.00016
