Namespace(batch_size=64, beta_moco=0.1, gamma_moco=0.1, gamma_modo=1.25, lr=0.1, moo_method='MoDo', num_epochs=1000, rho_moco=0.0, rho_modo=0.0, seed=9)

==================================================
Model parameter count per layer
==================================================
fc1.weight 	: 401408
fc1.bias 	: 512
fc2.weight 	: 5120
fc2.bias 	: 10
Total number of parametrs : 407050
--------------------------------------------------

======================================================================
LOG FORMAT: Epoch: EPOCH | Train: LOSS1 LOSS2 LOSS3
======================================================================
Epoch:      0 | Train: 2.3852 0.0916 0.0132
Epoch:    100 | Train: 2.1249 0.0854 0.0126
Epoch:    200 | Train: 1.9619 0.0815 0.0121
Epoch:    300 | Train: 1.5354 0.0658 0.0105
Epoch:    400 | Train: 1.4051 0.0607 0.0099
Epoch:    500 | Train: 1.2367 0.0532 0.009
Epoch:    600 | Train: 1.2037 0.0509 0.0086
Epoch:    700 | Train: 1.0134 0.0433 0.0077
Epoch:    800 | Train: 1.0262 0.0449 0.0079
Epoch:    900 | Train: 0.8941 0.039 0.007
Epoch:    999 | Train: 1.0398 0.0454 0.0078

======================================================================
PERF FORMAT: DATASET | Acuracy: ACC | Loss: LOSS1 LOSS2 LOSS3 | PS: PS
======================================================================
Train | Acuracy:  81.01% | Loss: 0.86055 0.03744 0.00689 | PS: 0.00447 
Val   | Acuracy:  81.01% | Loss: 0.85606 0.0373 0.00686 | PS: 0.00458 
Test  | Acuracy:  82.37% | Loss: 0.83407 0.03633 0.00676 | PS: 0.00461 
----------------------------------------------------------------------
Optimization error  : 0.00447
Population error    : 0.00461
Generalization error: 0.00014
