Namespace(batch_size=64, beta_moco=0.1, gamma_moco=0.1, gamma_modo=1.0, lr=0.1, moo_method='MoDo', num_epochs=1000, rho_moco=0.0, rho_modo=0.0, seed=4)

==================================================
Model parameter count per layer
==================================================
fc1.weight 	: 401408
fc1.bias 	: 512
fc2.weight 	: 5120
fc2.bias 	: 10
Total number of parametrs : 407050
--------------------------------------------------

======================================================================
LOG FORMAT: Epoch: EPOCH | Train: LOSS1 LOSS2 LOSS3
======================================================================
Epoch:      0 | Train: 2.389 0.0916 0.0132
Epoch:    100 | Train: 1.9903 0.0819 0.0122
Epoch:    200 | Train: 1.7156 0.0724 0.0112
Epoch:    300 | Train: 1.6582 0.0707 0.0111
Epoch:    400 | Train: 1.405 0.0599 0.0097
Epoch:    500 | Train: 1.4094 0.0611 0.0099
Epoch:    600 | Train: 1.1903 0.0519 0.0088
Epoch:    700 | Train: 1.1885 0.0523 0.0089
Epoch:    800 | Train: 0.9446 0.0404 0.0073
Epoch:    900 | Train: 0.8158 0.0349 0.0066
Epoch:    999 | Train: 0.8144 0.0374 0.0069

======================================================================
PERF FORMAT: DATASET | Acuracy: ACC | Loss: LOSS1 LOSS2 LOSS3 | PS: PS
======================================================================
Train | Acuracy:  82.20% | Loss: 0.82028 0.03571 0.00662 | PS: 0.00425 
Val   | Acuracy:  82.18% | Loss: 0.82671 0.036 0.00666 | PS: 0.00429 
Test  | Acuracy:  82.99% | Loss: 0.80029 0.03484 0.00652 | PS: 0.00437 
----------------------------------------------------------------------
Optimization error  : 0.00425
Population error    : 0.00437
Generalization error: 0.00012
