Namespace(batch_size=64, beta_moco=0.1, gamma_moco=0.1, gamma_modo=0.0075, lr=0.1, moo_method='MoDo', num_epochs=1000, rho_moco=0.0, rho_modo=0.0, seed=2)

==================================================
Model parameter count per layer
==================================================
fc1.weight 	: 401408
fc1.bias 	: 512
fc2.weight 	: 5120
fc2.bias 	: 10
Total number of parametrs : 407050
--------------------------------------------------

======================================================================
LOG FORMAT: Epoch: EPOCH | Train: LOSS1 LOSS2 LOSS3
======================================================================
Epoch:      0 | Train: 2.2467 0.0888 0.0129
Epoch:    100 | Train: 0.6031 0.0271 0.0052
Epoch:    200 | Train: 0.4998 0.0221 0.0039
Epoch:    300 | Train: 0.5171 0.0218 0.0037
Epoch:    400 | Train: 0.5409 0.023 0.0038
Epoch:    500 | Train: 0.471 0.021 0.0033
Epoch:    600 | Train: 0.4112 0.0177 0.0029
Epoch:    700 | Train: 0.3137 0.0162 0.0029
Epoch:    800 | Train: 0.4131 0.0149 0.0023
Epoch:    900 | Train: 0.3612 0.0128 0.002
Epoch:    999 | Train: 0.3282 0.0137 0.0024

======================================================================
PERF FORMAT: DATASET | Acuracy: ACC | Loss: LOSS1 LOSS2 LOSS3 | PS: PS
======================================================================
Train | Acuracy:  90.59% | Loss: 0.33338 0.01454 0.00247 | PS: 0.00234 
Val   | Acuracy:  90.31% | Loss: 0.3443 0.01486 0.00249 | PS: 0.0024 
Test  | Acuracy:  90.79% | Loss: 0.32491 0.01399 0.00238 | PS: 0.00269 
----------------------------------------------------------------------
Optimization error  : 0.00234
Population error    : 0.00269
Generalization error: 0.00035
