Namespace(batch_size=64, beta_moco=0.1, gamma_moco=0.1, gamma_modo=0.075, lr=0.1, moo_method='MoDo', num_epochs=1000, rho_moco=0.0, rho_modo=0.0, seed=7)

==================================================
Model parameter count per layer
==================================================
fc1.weight 	: 401408
fc1.bias 	: 512
fc2.weight 	: 5120
fc2.bias 	: 10
Total number of parametrs : 407050
--------------------------------------------------

======================================================================
LOG FORMAT: Epoch: EPOCH | Train: LOSS1 LOSS2 LOSS3
======================================================================
Epoch:      0 | Train: 2.3284 0.0905 0.0131
Epoch:    100 | Train: 1.5944 0.0689 0.0109
Epoch:    200 | Train: 1.4049 0.0609 0.01
Epoch:    300 | Train: 1.2311 0.0528 0.0089
Epoch:    400 | Train: 1.1629 0.0511 0.0087
Epoch:    500 | Train: 0.7191 0.0307 0.0062
Epoch:    600 | Train: 0.8288 0.0355 0.0068
Epoch:    700 | Train: 0.7033 0.03 0.0057
Epoch:    800 | Train: 0.7179 0.0308 0.0059
Epoch:    900 | Train: 0.5616 0.0233 0.0047
Epoch:    999 | Train: 0.733 0.0328 0.0062

======================================================================
PERF FORMAT: DATASET | Acuracy: ACC | Loss: LOSS1 LOSS2 LOSS3 | PS: PS
======================================================================
Train | Acuracy:  85.39% | Loss: 0.6403 0.02746 0.00532 | PS: 0.00397 
Val   | Acuracy:  85.61% | Loss: 0.63447 0.02716 0.00528 | PS: 0.00425 
Test  | Acuracy:  86.60% | Loss: 0.61232 0.02616 0.00515 | PS: 0.00415 
----------------------------------------------------------------------
Optimization error  : 0.00397
Population error    : 0.00415
Generalization error: 0.00017
