Namespace(batch_size=64, beta_moco=0.1, gamma_moco=0.1, gamma_modo=0.5, lr=0.1, moo_method='MoDo', num_epochs=1000, rho_moco=0.0, rho_modo=0.0, seed=2)

==================================================
Model parameter count per layer
==================================================
fc1.weight 	: 401408
fc1.bias 	: 512
fc2.weight 	: 5120
fc2.bias 	: 10
Total number of parametrs : 407050
--------------------------------------------------

======================================================================
LOG FORMAT: Epoch: EPOCH | Train: LOSS1 LOSS2 LOSS3
======================================================================
Epoch:      0 | Train: 2.2467 0.0888 0.0129
Epoch:    100 | Train: 2.0506 0.084 0.0125
Epoch:    200 | Train: 1.7504 0.0745 0.0115
Epoch:    300 | Train: 1.5353 0.0652 0.0104
Epoch:    400 | Train: 1.4557 0.06 0.0097
Epoch:    500 | Train: 1.2045 0.051 0.0086
Epoch:    600 | Train: 0.9847 0.0413 0.0074
Epoch:    700 | Train: 0.9318 0.0401 0.0073
Epoch:    800 | Train: 0.8815 0.0376 0.0068
Epoch:    900 | Train: 0.7143 0.0293 0.0057
Epoch:    999 | Train: 0.7017 0.03 0.0057

======================================================================
PERF FORMAT: DATASET | Acuracy: ACC | Loss: LOSS1 LOSS2 LOSS3 | PS: PS
======================================================================
Train | Acuracy:  81.99% | Loss: 0.7497 0.03256 0.00608 | PS: 0.00388 
Val   | Acuracy:  82.06% | Loss: 0.75442 0.03279 0.00611 | PS: 0.00387 
Test  | Acuracy:  83.37% | Loss: 0.7259 0.03148 0.00595 | PS: 0.00403 
----------------------------------------------------------------------
Optimization error  : 0.00388
Population error    : 0.00403
Generalization error: 0.00015
