Namespace(batch_size=64, beta_moco=0.1, gamma_moco=0.1, gamma_modo=0.25, lr=0.1, moo_method='MoDo', num_epochs=1000, rho_moco=0.0, rho_modo=0.0, seed=9)

==================================================
Model parameter count per layer
==================================================
fc1.weight 	: 401408
fc1.bias 	: 512
fc2.weight 	: 5120
fc2.bias 	: 10
Total number of parametrs : 407050
--------------------------------------------------

======================================================================
LOG FORMAT: Epoch: EPOCH | Train: LOSS1 LOSS2 LOSS3
======================================================================
Epoch:      0 | Train: 2.3852 0.0916 0.0132
Epoch:    100 | Train: 2.0216 0.0823 0.0122
Epoch:    200 | Train: 1.8484 0.0779 0.0118
Epoch:    300 | Train: 1.3864 0.0592 0.0097
Epoch:    400 | Train: 1.2353 0.0531 0.009
Epoch:    500 | Train: 1.0673 0.0459 0.0081
Epoch:    600 | Train: 1.0642 0.0451 0.0078
Epoch:    700 | Train: 0.8718 0.0377 0.0069
Epoch:    800 | Train: 0.8681 0.0382 0.007
Epoch:    900 | Train: 0.721 0.0319 0.006
Epoch:    999 | Train: 0.8751 0.0375 0.0067

======================================================================
PERF FORMAT: DATASET | Acuracy: ACC | Loss: LOSS1 LOSS2 LOSS3 | PS: PS
======================================================================
Train | Acuracy:  84.33% | Loss: 0.71042 0.03064 0.00585 | PS: 0.00424 
Val   | Acuracy:  84.31% | Loss: 0.70685 0.03055 0.00584 | PS: 0.00437 
Test  | Acuracy:  85.41% | Loss: 0.68393 0.02947 0.00571 | PS: 0.00443 
----------------------------------------------------------------------
Optimization error  : 0.00424
Population error    : 0.00443
Generalization error: 0.00018
