Namespace(batch_size=64, beta_moco=0.1, gamma_moco=0.1, gamma_modo=1.25, lr=0.1, moo_method='MoDo', num_epochs=1000, rho_moco=0.0, rho_modo=0.0, seed=8)

==================================================
Model parameter count per layer
==================================================
fc1.weight 	: 401408
fc1.bias 	: 512
fc2.weight 	: 5120
fc2.bias 	: 10
Total number of parametrs : 407050
--------------------------------------------------

======================================================================
LOG FORMAT: Epoch: EPOCH | Train: LOSS1 LOSS2 LOSS3
======================================================================
Epoch:      0 | Train: 2.3867 0.0917 0.0132
Epoch:    100 | Train: 2.0257 0.0832 0.0124
Epoch:    200 | Train: 1.8377 0.0765 0.0116
Epoch:    300 | Train: 1.4862 0.0641 0.0103
Epoch:    400 | Train: 1.5259 0.0638 0.0102
Epoch:    500 | Train: 1.4573 0.0621 0.0101
Epoch:    600 | Train: 1.2368 0.0526 0.0089
Epoch:    700 | Train: 0.8501 0.0362 0.0068
Epoch:    800 | Train: 0.9571 0.0412 0.0075
Epoch:    900 | Train: 1.086 0.0468 0.0082
Epoch:    999 | Train: 1.0247 0.0447 0.0079

======================================================================
PERF FORMAT: DATASET | Acuracy: ACC | Loss: LOSS1 LOSS2 LOSS3 | PS: PS
======================================================================
Train | Acuracy:  78.71% | Loss: 0.89038 0.03848 0.00696 | PS: 0.00423 
Val   | Acuracy:  78.37% | Loss: 0.8932 0.03853 0.00696 | PS: 0.00434 
Test  | Acuracy:  79.68% | Loss: 0.86753 0.0375 0.00685 | PS: 0.00435 
----------------------------------------------------------------------
Optimization error  : 0.00423
Population error    : 0.00435
Generalization error: 0.00012
