Namespace(batch_size=64, beta_moco=0.1, gamma_moco=0.1, gamma_modo=0.001, lr=0.1, moo_method='MoDo', num_epochs=1000, rho_moco=0.0, rho_modo=0.0, seed=7)

==================================================
Model parameter count per layer
==================================================
fc1.weight 	: 401408
fc1.bias 	: 512
fc2.weight 	: 5120
fc2.bias 	: 10
Total number of parametrs : 407050
--------------------------------------------------

======================================================================
LOG FORMAT: Epoch: EPOCH | Train: LOSS1 LOSS2 LOSS3
======================================================================
Epoch:      0 | Train: 2.3284 0.0905 0.0131
Epoch:    100 | Train: 0.5077 0.0209 0.0044
Epoch:    200 | Train: 0.5178 0.0218 0.0036
Epoch:    300 | Train: 0.5335 0.0216 0.0034
Epoch:    400 | Train: 0.708 0.0253 0.0038
Epoch:    500 | Train: 0.1092 0.0038 0.0011
Epoch:    600 | Train: 0.201 0.0083 0.0018
Epoch:    700 | Train: 0.306 0.0132 0.0023
Epoch:    800 | Train: 0.3658 0.0188 0.0028
Epoch:    900 | Train: 0.1875 0.0087 0.0016
Epoch:    999 | Train: 0.3694 0.0181 0.0031

======================================================================
PERF FORMAT: DATASET | Acuracy: ACC | Loss: LOSS1 LOSS2 LOSS3 | PS: PS
======================================================================
Train | Acuracy:  90.75% | Loss: 0.32258 0.01408 0.00232 | PS: 0.0024 
Val   | Acuracy:  90.85% | Loss: 0.32707 0.0141 0.00233 | PS: 0.00267 
Test  | Acuracy:  90.84% | Loss: 0.31527 0.01368 0.00226 | PS: 0.00303 
----------------------------------------------------------------------
Optimization error  : 0.0024
Population error    : 0.00303
Generalization error: 0.00063
