Namespace(batch_size=64, beta_moco=0.1, gamma_moco=0.1, gamma_modo=0.05, lr=0.1, moo_method='MoDo', num_epochs=1000, rho_moco=0.0, rho_modo=0.0, seed=2)

==================================================
Model parameter count per layer
==================================================
fc1.weight 	: 401408
fc1.bias 	: 512
fc2.weight 	: 5120
fc2.bias 	: 10
Total number of parametrs : 407050
--------------------------------------------------

======================================================================
LOG FORMAT: Epoch: EPOCH | Train: LOSS1 LOSS2 LOSS3
======================================================================
Epoch:      0 | Train: 2.2467 0.0888 0.0129
Epoch:    100 | Train: 1.354 0.0595 0.0099
Epoch:    200 | Train: 1.1942 0.0523 0.0089
Epoch:    300 | Train: 1.0943 0.0476 0.0083
Epoch:    400 | Train: 1.0058 0.044 0.0077
Epoch:    500 | Train: 0.8596 0.0373 0.0068
Epoch:    600 | Train: 0.746 0.0316 0.0059
Epoch:    700 | Train: 0.6617 0.0288 0.0057
Epoch:    800 | Train: 0.7071 0.0299 0.0057
Epoch:    900 | Train: 0.5632 0.0215 0.0043
Epoch:    999 | Train: 0.5639 0.0238 0.0047

======================================================================
PERF FORMAT: DATASET | Acuracy: ACC | Loss: LOSS1 LOSS2 LOSS3 | PS: PS
======================================================================
Train | Acuracy:  85.70% | Loss: 0.60505 0.02588 0.00498 | PS: 0.00316 
Val   | Acuracy:  85.52% | Loss: 0.60794 0.026 0.00499 | PS: 0.00316 
Test  | Acuracy:  86.75% | Loss: 0.58086 0.02473 0.00483 | PS: 0.00339 
----------------------------------------------------------------------
Optimization error  : 0.00316
Population error    : 0.00339
Generalization error: 0.00023
