Namespace(batch_size=64, beta_moco=0.1, gamma_moco=0.1, gamma_modo=0.1, lr=0.1, moo_method='MoDo', num_epochs=1000, rho_moco=0.0, rho_modo=0.0, seed=1)

==================================================
Model parameter count per layer
==================================================
fc1.weight 	: 401408
fc1.bias 	: 512
fc2.weight 	: 5120
fc2.bias 	: 10
Total number of parametrs : 407050
--------------------------------------------------

======================================================================
LOG FORMAT: Epoch: EPOCH | Train: LOSS1 LOSS2 LOSS3
======================================================================
Epoch:      0 | Train: 2.3314 0.0906 0.0131
Epoch:    100 | Train: 1.7616 0.075 0.0116
Epoch:    200 | Train: 1.3266 0.0579 0.0096
Epoch:    300 | Train: 1.3485 0.0581 0.0095
Epoch:    400 | Train: 1.1787 0.051 0.0088
Epoch:    500 | Train: 1.0454 0.0455 0.008
Epoch:    600 | Train: 1.0293 0.0453 0.0078
Epoch:    700 | Train: 0.8846 0.0378 0.0068
Epoch:    800 | Train: 0.736 0.0306 0.0061
Epoch:    900 | Train: 0.6126 0.0268 0.0051
Epoch:    999 | Train: 0.6655 0.0286 0.0054

======================================================================
PERF FORMAT: DATASET | Acuracy: ACC | Loss: LOSS1 LOSS2 LOSS3 | PS: PS
======================================================================
Train | Acuracy:  84.47% | Loss: 0.67079 0.02897 0.00553 | PS: 0.00373 
Val   | Acuracy:  84.37% | Loss: 0.67047 0.029 0.00555 | PS: 0.00388 
Test  | Acuracy:  85.36% | Loss: 0.64595 0.02782 0.00539 | PS: 0.00386 
----------------------------------------------------------------------
Optimization error  : 0.00373
Population error    : 0.00386
Generalization error: 0.00013
