========================================
General Configuration:
	Wighting: MoCo
	Architecture: HPS
	Rep_Grad: False
	Multi_Input: True
	Seed: 0
	Device: cuda:0
MoCo Configuration:
	weighting: MoCo
	beta_moco: 1.0
	gamma_moco: 1.0
	rho_moco: 1.0
	moco_gn: none
Optimizer Configuration:
	optim: adam
	lr: 1e-05
	weight_decay: 1e-05
========================================
Total Params: 11487901
Trainable Params: 11487901
Non-trainable Params: 0
========================================
LOG FORMAT | amazon_LOSS Acc | dslr_LOSS Acc | webcam_LOSS Acc | TIME
Epoch: 0000 | TRAIN: 3.4810 0.0523 | 3.4423 0.0607 | 3.4596 0.0571 | Time: 40.2500 | VAL: 3.3454 0.0634 | 3.2619 0.1124 | 3.3674 0.0805 | Time: 2.4456 | TEST: 3.3060 0.0855 | 3.2636 0.0984 | 3.3316 0.1056 | Time: 2.8665
Epoch: 0001 | TRAIN: 3.2509 0.1154 | 3.0418 0.1749 | 3.2375 0.1280 | Time: 39.9270 | VAL: 3.1659 0.1793 | 3.0155 0.2584 | 3.1778 0.1879 | Time: 2.3929 | TEST: 3.1281 0.2085 | 3.0188 0.2541 | 3.1597 0.2278 | Time: 2.8520
Epoch: 0002 | TRAIN: 3.0623 0.1923 | 2.6724 0.3792 | 3.0192 0.2019 | Time: 39.6103 | VAL: 3.0280 0.2591 | 2.7303 0.4607 | 2.9777 0.3020 | Time: 2.4225 | TEST: 2.9933 0.2821 | 2.7458 0.4754 | 2.9731 0.3056 | Time: 2.8584
Epoch: 0003 | TRAIN: 2.9490 0.2548 | 2.2746 0.6346 | 2.6936 0.3762 | Time: 39.8317 | VAL: 2.9168 0.3116 | 2.4853 0.5618 | 2.7450 0.4161 | Time: 2.4027 | TEST: 2.8825 0.3470 | 2.5023 0.5820 | 2.7570 0.4444 | Time: 2.8383
Epoch: 0004 | TRAIN: 2.8056 0.3281 | 1.9819 0.7668 | 2.4600 0.5012 | Time: 39.7295 | VAL: 2.8040 0.3804 | 2.2655 0.6742 | 2.5985 0.4966 | Time: 2.4087 | TEST: 2.7722 0.3983 | 2.2841 0.6557 | 2.6223 0.5278 | Time: 2.8584
Epoch: 0005 | TRAIN: 2.7098 0.3600 | 1.7245 0.8642 | 2.2373 0.6202 | Time: 40.0084 | VAL: 2.7552 0.4058 | 2.1046 0.7303 | 2.3768 0.6040 | Time: 2.4199 | TEST: 2.7261 0.4410 | 2.1214 0.7459 | 2.4135 0.6167 | Time: 2.8782
Epoch: 0006 | TRAIN: 2.6595 0.4026 | 1.4904 0.9351 | 1.9547 0.7392 | Time: 39.7906 | VAL: 2.7397 0.4293 | 1.9331 0.8090 | 2.1660 0.7047 | Time: 2.4149 | TEST: 2.7116 0.4581 | 1.9528 0.7951 | 2.2107 0.7000 | Time: 2.8290
Epoch: 0007 | TRAIN: 2.6901 0.3750 | 1.3169 0.9712 | 1.7306 0.8293 | Time: 39.8283 | VAL: 2.7423 0.4366 | 1.7778 0.8539 | 1.9717 0.7517 | Time: 2.4115 | TEST: 2.7158 0.4564 | 1.8094 0.8443 | 2.0257 0.7833 | Time: 2.8678
Epoch: 0008 | TRAIN: 2.6466 0.4069 | 1.1437 0.9796 | 1.4859 0.8858 | Time: 40.0990 | VAL: 2.7510 0.4384 | 1.6521 0.8652 | 1.8209 0.8322 | Time: 2.4291 | TEST: 2.7259 0.4632 | 1.6922 0.8443 | 1.8834 0.8278 | Time: 2.8780
Epoch: 0009 | TRAIN: 2.6680 0.3888 | 1.0095 0.9934 | 1.3267 0.9195 | Time: 39.8801 | VAL: 2.7499 0.4438 | 1.5491 0.8539 | 1.6900 0.8389 | Time: 2.4051 | TEST: 2.7232 0.4752 | 1.5918 0.8770 | 1.7632 0.8444 | Time: 2.8445
Epoch: 0010 | TRAIN: 2.6711 0.3990 | 0.8972 0.9970 | 1.1708 0.9537 | Time: 39.9949 | VAL: 2.7578 0.4275 | 1.4367 0.8989 | 1.5771 0.8725 | Time: 2.4355 | TEST: 2.7324 0.4667 | 1.4889 0.9016 | 1.6569 0.8667 | Time: 2.8726
Epoch: 0011 | TRAIN: 2.6725 0.3930 | 0.7968 0.9988 | 1.0437 0.9669 | Time: 39.9869 | VAL: 2.7554 0.4420 | 1.3574 0.8876 | 1.4825 0.8859 | Time: 2.4305 | TEST: 2.7314 0.4735 | 1.4175 0.9098 | 1.5620 0.8778 | Time: 2.8764
Epoch: 0012 | TRAIN: 2.6624 0.3930 | 0.7206 0.9988 | 0.9279 0.9826 | Time: 39.9990 | VAL: 2.7591 0.4384 | 1.2750 0.9101 | 1.4023 0.8926 | Time: 2.4289 | TEST: 2.7358 0.4598 | 1.3464 0.9098 | 1.4916 0.8944 | Time: 2.8577
Epoch: 0013 | TRAIN: 2.6833 0.3828 | 0.6331 0.9994 | 0.8239 0.9904 | Time: 39.8127 | VAL: 2.7458 0.4547 | 1.2065 0.9326 | 1.3261 0.8926 | Time: 2.4026 | TEST: 2.7231 0.4752 | 1.2842 0.9180 | 1.4171 0.9000 | Time: 2.8535
Epoch: 0014 | TRAIN: 2.6563 0.4050 | 0.5798 0.9994 | 0.7473 0.9892 | Time: 39.9046 | VAL: 2.7418 0.4547 | 1.1473 0.9326 | 1.2626 0.8993 | Time: 2.4439 | TEST: 2.7213 0.4735 | 1.2287 0.9180 | 1.3534 0.9111 | Time: 2.9158
Epoch: 0015 | TRAIN: 2.6548 0.3972 | 0.5120 1.0000 | 0.6737 0.9946 | Time: 39.9450 | VAL: 2.7333 0.4565 | 1.1004 0.9438 | 1.1987 0.9060 | Time: 2.3929 | TEST: 2.7153 0.4769 | 1.1815 0.9262 | 1.2940 0.9167 | Time: 2.8593
Epoch: 0016 | TRAIN: 2.6548 0.3990 | 0.4743 1.0000 | 0.6327 0.9952 | Time: 39.7238 | VAL: 2.7141 0.4620 | 1.0447 0.9438 | 1.1450 0.9128 | Time: 2.3988 | TEST: 2.6967 0.4940 | 1.1300 0.9180 | 1.2400 0.9278 | Time: 2.8575
Epoch: 0017 | TRAIN: 2.6342 0.4123 | 0.4310 0.9994 | 0.5658 0.9958 | Time: 39.6934 | VAL: 2.7041 0.4710 | 1.0062 0.9551 | 1.0978 0.9329 | Time: 2.4228 | TEST: 2.6885 0.4974 | 1.0970 0.9180 | 1.1905 0.9222 | Time: 2.8823
Epoch: 0018 | TRAIN: 2.6217 0.4129 | 0.3989 1.0000 | 0.5175 0.9982 | Time: 39.6648 | VAL: 2.6816 0.4819 | 0.9739 0.9888 | 1.0540 0.9262 | Time: 2.4222 | TEST: 2.6665 0.5043 | 1.0658 0.9262 | 1.1484 0.9278 | Time: 2.8754
Epoch: 0019 | TRAIN: 2.5619 0.4429 | 0.3828 1.0000 | 0.4843 1.0000 | Time: 39.7803 | VAL: 2.6504 0.5000 | 0.9389 0.9888 | 1.0206 0.9396 | Time: 2.4228 | TEST: 2.6354 0.5214 | 1.0327 0.9180 | 1.1182 0.9278 | Time: 2.8841
Epoch: 0020 | TRAIN: 2.5307 0.4585 | 0.3454 1.0000 | 0.4406 0.9988 | Time: 39.7721 | VAL: 2.6071 0.5326 | 0.9249 0.9888 | 0.9871 0.9329 | Time: 2.3872 | TEST: 2.5899 0.5453 | 1.0212 0.9344 | 1.0784 0.9333 | Time: 2.8713
Epoch: 0021 | TRAIN: 2.4597 0.4934 | 0.3227 1.0000 | 0.4127 0.9994 | Time: 39.7299 | VAL: 2.5474 0.5598 | 0.9010 0.9775 | 0.9652 0.9463 | Time: 2.4088 | TEST: 2.5304 0.5744 | 1.0015 0.9262 | 1.0571 0.9333 | Time: 2.8475
Epoch: 0022 | TRAIN: 2.3850 0.5294 | 0.3029 1.0000 | 0.3811 1.0000 | Time: 39.8339 | VAL: 2.4649 0.5924 | 0.8747 0.9888 | 0.9539 0.9463 | Time: 2.4254 | TEST: 2.4503 0.6000 | 0.9736 0.9344 | 1.0454 0.9444 | Time: 2.8669
Epoch: 0023 | TRAIN: 2.3073 0.5475 | 0.2911 1.0000 | 0.3665 1.0000 | Time: 39.7868 | VAL: 2.3853 0.6141 | 0.8542 1.0000 | 0.9416 0.9664 | Time: 2.4101 | TEST: 2.3713 0.6325 | 0.9546 0.9262 | 1.0332 0.9389 | Time: 2.8587
Epoch: 0024 | TRAIN: 2.1855 0.5968 | 0.2698 1.0000 | 0.3509 1.0000 | Time: 40.0362 | VAL: 2.2831 0.6467 | 0.8253 1.0000 | 0.9250 0.9732 | Time: 2.4407 | TEST: 2.2706 0.6427 | 0.9225 0.9344 | 1.0182 0.9444 | Time: 2.9004
Epoch: 0025 | TRAIN: 2.0608 0.6328 | 0.2542 1.0000 | 0.3479 1.0000 | Time: 39.8844 | VAL: 2.1774 0.6757 | 0.8103 1.0000 | 0.9260 0.9664 | Time: 2.4134 | TEST: 2.1645 0.6735 | 0.9120 0.9344 | 1.0161 0.9389 | Time: 2.8859
Epoch: 0026 | TRAIN: 1.9394 0.6701 | 0.2490 1.0000 | 0.3442 1.0000 | Time: 39.8691 | VAL: 2.0724 0.6848 | 0.7990 1.0000 | 0.9221 0.9732 | Time: 2.4229 | TEST: 2.0632 0.6974 | 0.8978 0.9262 | 1.0133 0.9278 | Time: 2.8943
Epoch: 0027 | TRAIN: 1.8182 0.7043 | 0.2330 1.0000 | 0.3390 1.0000 | Time: 40.0572 | VAL: 1.9708 0.7101 | 0.7752 1.0000 | 0.9303 0.9664 | Time: 2.4319 | TEST: 1.9654 0.7077 | 0.8771 0.9262 | 1.0235 0.9389 | Time: 2.8942
Epoch: 0028 | TRAIN: 1.7084 0.7338 | 0.2204 1.0000 | 0.3412 1.0000 | Time: 39.9125 | VAL: 1.8805 0.7210 | 0.7771 1.0000 | 0.9367 0.9732 | Time: 2.4319 | TEST: 1.8756 0.7128 | 0.8718 0.9262 | 1.0275 0.9389 | Time: 2.8793
Epoch: 0029 | TRAIN: 1.6263 0.7482 | 0.2121 1.0000 | 0.3355 1.0000 | Time: 39.9264 | VAL: 1.7994 0.7428 | 0.7504 0.9888 | 0.9292 0.9597 | Time: 2.4304 | TEST: 1.7988 0.7248 | 0.8541 0.9262 | 1.0233 0.9389 | Time: 2.8850
Epoch: 0030 | TRAIN: 1.5349 0.7674 | 0.2111 1.0000 | 0.3266 1.0000 | Time: 39.8273 | VAL: 1.7320 0.7518 | 0.7515 1.0000 | 0.9364 0.9732 | Time: 2.4318 | TEST: 1.7283 0.7368 | 0.8466 0.9344 | 1.0294 0.9444 | Time: 2.8663
Epoch: 0031 | TRAIN: 1.4591 0.7975 | 0.1951 1.0000 | 0.3210 1.0000 | Time: 39.8667 | VAL: 1.6720 0.7518 | 0.7308 1.0000 | 0.9261 0.9732 | Time: 2.4020 | TEST: 1.6718 0.7402 | 0.8327 0.9344 | 1.0227 0.9278 | Time: 2.8681
Epoch: 0032 | TRAIN: 1.3913 0.8011 | 0.1907 1.0000 | 0.3196 1.0000 | Time: 39.8610 | VAL: 1.6210 0.7591 | 0.7246 0.9888 | 0.9247 0.9732 | Time: 2.3529 | TEST: 1.6205 0.7470 | 0.8221 0.9262 | 1.0200 0.9444 | Time: 2.8099
Epoch: 0033 | TRAIN: 1.3258 0.8131 | 0.1746 1.0000 | 0.3128 1.0000 | Time: 39.7647 | VAL: 1.5780 0.7536 | 0.7205 1.0000 | 0.9178 0.9732 | Time: 2.4270 | TEST: 1.5769 0.7607 | 0.8183 0.9262 | 1.0181 0.9278 | Time: 2.8625
Epoch: 0034 | TRAIN: 1.2734 0.8257 | 0.1757 1.0000 | 0.3039 1.0000 | Time: 39.6752 | VAL: 1.5430 0.7645 | 0.7070 0.9888 | 0.9102 0.9732 | Time: 2.3944 | TEST: 1.5444 0.7607 | 0.8111 0.9262 | 1.0036 0.9444 | Time: 2.8473
Epoch: 0035 | TRAIN: 1.2156 0.8377 | 0.1689 1.0000 | 0.2930 1.0000 | Time: 39.6155 | VAL: 1.4907 0.7772 | 0.6926 0.9888 | 0.8955 0.9732 | Time: 2.4178 | TEST: 1.4937 0.7709 | 0.7931 0.9262 | 0.9925 0.9444 | Time: 2.8463
Epoch: 0036 | TRAIN: 1.1725 0.8425 | 0.1618 1.0000 | 0.2869 1.0000 | Time: 39.6855 | VAL: 1.4574 0.7790 | 0.6909 1.0000 | 0.8906 0.9732 | Time: 2.4089 | TEST: 1.4606 0.7692 | 0.7904 0.9262 | 0.9870 0.9611 | Time: 2.8475
Epoch: 0037 | TRAIN: 1.1124 0.8558 | 0.1538 1.0000 | 0.2802 1.0000 | Time: 39.6974 | VAL: 1.4146 0.7826 | 0.6810 1.0000 | 0.8767 0.9732 | Time: 2.4619 | TEST: 1.4197 0.7744 | 0.7850 0.9262 | 0.9745 0.9444 | Time: 2.8940
Epoch: 0038 | TRAIN: 1.0609 0.8738 | 0.1499 1.0000 | 0.2813 1.0000 | Time: 39.6706 | VAL: 1.3981 0.7880 | 0.6714 0.9888 | 0.8722 0.9732 | Time: 2.4213 | TEST: 1.4032 0.7761 | 0.7741 0.9262 | 0.9709 0.9556 | Time: 2.8395
Epoch: 0039 | TRAIN: 1.0430 0.8672 | 0.1384 1.0000 | 0.2620 1.0000 | Time: 39.5838 | VAL: 1.3698 0.7880 | 0.6746 1.0000 | 0.8615 0.9732 | Time: 2.4177 | TEST: 1.3744 0.7829 | 0.7789 0.9344 | 0.9618 0.9556 | Time: 2.8355
Epoch: 0040 | TRAIN: 0.9939 0.8912 | 0.1376 1.0000 | 0.2553 1.0000 | Time: 39.5856 | VAL: 1.3488 0.7953 | 0.6601 0.9888 | 0.8407 0.9732 | Time: 2.4495 | TEST: 1.3496 0.7846 | 0.7653 0.9262 | 0.9365 0.9500 | Time: 2.8868
Epoch: 0041 | TRAIN: 0.9650 0.8870 | 0.1319 1.0000 | 0.2473 1.0000 | Time: 39.8348 | VAL: 1.3269 0.7971 | 0.6570 1.0000 | 0.8439 0.9732 | Time: 2.4328 | TEST: 1.3300 0.7795 | 0.7659 0.9262 | 0.9411 0.9500 | Time: 2.8948
Epoch: 0042 | TRAIN: 0.9156 0.9020 | 0.1314 1.0000 | 0.2351 1.0000 | Time: 39.7222 | VAL: 1.3079 0.8007 | 0.6475 1.0000 | 0.8282 0.9732 | Time: 2.4067 | TEST: 1.3103 0.7897 | 0.7583 0.9262 | 0.9240 0.9556 | Time: 2.8414
Epoch: 0043 | TRAIN: 0.8918 0.8966 | 0.1255 1.0000 | 0.2306 1.0000 | Time: 39.8588 | VAL: 1.2842 0.8062 | 0.6472 1.0000 | 0.8171 0.9732 | Time: 2.4161 | TEST: 1.2862 0.7983 | 0.7572 0.9262 | 0.9149 0.9500 | Time: 2.8780
Epoch: 0044 | TRAIN: 0.8670 0.9093 | 0.1183 1.0000 | 0.2180 1.0000 | Time: 39.9197 | VAL: 1.2573 0.8134 | 0.6368 0.9888 | 0.7958 0.9732 | Time: 2.4344 | TEST: 1.2631 0.8051 | 0.7386 0.9262 | 0.8968 0.9444 | Time: 2.8675
Epoch: 0045 | TRAIN: 0.8376 0.9153 | 0.1116 1.0000 | 0.2145 1.0000 | Time: 39.8157 | VAL: 1.2406 0.8170 | 0.6296 1.0000 | 0.7955 0.9732 | Time: 2.4270 | TEST: 1.2472 0.8120 | 0.7395 0.9262 | 0.8942 0.9611 | Time: 2.8357
Epoch: 0046 | TRAIN: 0.7968 0.9171 | 0.1136 1.0000 | 0.2103 1.0000 | Time: 40.0426 | VAL: 1.2224 0.8152 | 0.6339 1.0000 | 0.7787 0.9732 | Time: 2.4355 | TEST: 1.2270 0.8137 | 0.7371 0.9262 | 0.8758 0.9500 | Time: 2.9180
Epoch: 0047 | TRAIN: 0.7653 0.9255 | 0.1125 1.0000 | 0.2016 1.0000 | Time: 39.8317 | VAL: 1.2168 0.8207 | 0.6305 1.0000 | 0.7808 0.9732 | Time: 2.4290 | TEST: 1.2220 0.8137 | 0.7365 0.9262 | 0.8700 0.9556 | Time: 2.8764
Epoch: 0048 | TRAIN: 0.7610 0.9261 | 0.1102 1.0000 | 0.1959 1.0000 | Time: 39.9175 | VAL: 1.1951 0.8261 | 0.6217 0.9888 | 0.7604 0.9664 | Time: 2.4070 | TEST: 1.2018 0.8137 | 0.7222 0.9262 | 0.8581 0.9611 | Time: 2.8771
Epoch: 0049 | TRAIN: 0.7186 0.9315 | 0.1066 1.0000 | 0.1855 1.0000 | Time: 39.9063 | VAL: 1.1828 0.8261 | 0.6053 0.9888 | 0.7570 0.9732 | Time: 2.4429 | TEST: 1.1880 0.8137 | 0.7147 0.9262 | 0.8492 0.9556 | Time: 2.8846
Epoch: 0050 | TRAIN: 0.6986 0.9423 | 0.1036 1.0000 | 0.1883 1.0000 | Time: 39.7673 | VAL: 1.1732 0.8261 | 0.6194 1.0000 | 0.7557 0.9799 | Time: 2.4192 | TEST: 1.1768 0.8205 | 0.7159 0.9426 | 0.8525 0.9611 | Time: 2.8866
Epoch: 0051 | TRAIN: 0.6793 0.9381 | 0.0955 1.0000 | 0.1785 1.0000 | Time: 40.0237 | VAL: 1.1559 0.8297 | 0.6076 1.0000 | 0.7412 0.9732 | Time: 2.4025 | TEST: 1.1615 0.8205 | 0.7090 0.9262 | 0.8375 0.9556 | Time: 2.8624
Epoch: 0052 | TRAIN: 0.6489 0.9441 | 0.0953 1.0000 | 0.1690 1.0000 | Time: 39.9497 | VAL: 1.1447 0.8279 | 0.6020 1.0000 | 0.7347 0.9732 | Time: 2.4421 | TEST: 1.1477 0.8154 | 0.7042 0.9344 | 0.8291 0.9611 | Time: 2.8926
Epoch: 0053 | TRAIN: 0.6267 0.9495 | 0.0910 1.0000 | 0.1638 1.0000 | Time: 39.8037 | VAL: 1.1306 0.8315 | 0.6007 1.0000 | 0.7239 0.9732 | Time: 2.4394 | TEST: 1.1363 0.8205 | 0.7068 0.9344 | 0.8153 0.9556 | Time: 2.8764
Epoch: 0054 | TRAIN: 0.6122 0.9477 | 0.0899 1.0000 | 0.1629 1.0000 | Time: 39.9930 | VAL: 1.1118 0.8351 | 0.5938 1.0000 | 0.7201 0.9732 | Time: 2.4136 | TEST: 1.1221 0.8222 | 0.7027 0.9426 | 0.8118 0.9556 | Time: 2.8519
Epoch: 0055 | TRAIN: 0.5795 0.9579 | 0.0876 1.0000 | 0.1586 1.0000 | Time: 39.7499 | VAL: 1.1058 0.8351 | 0.5992 1.0000 | 0.7166 0.9732 | Time: 2.4099 | TEST: 1.1132 0.8239 | 0.7072 0.9344 | 0.8083 0.9556 | Time: 2.8522
Epoch: 0056 | TRAIN: 0.5738 0.9567 | 0.0864 1.0000 | 0.1555 1.0000 | Time: 39.9112 | VAL: 1.0938 0.8333 | 0.5905 1.0000 | 0.7026 0.9732 | Time: 2.4249 | TEST: 1.1001 0.8239 | 0.6936 0.9344 | 0.7952 0.9611 | Time: 2.8653
Epoch: 0057 | TRAIN: 0.5526 0.9651 | 0.0811 1.0000 | 0.1517 1.0000 | Time: 39.7800 | VAL: 1.0876 0.8315 | 0.5951 1.0000 | 0.7015 0.9732 | Time: 2.4385 | TEST: 1.0948 0.8291 | 0.6945 0.9508 | 0.7913 0.9556 | Time: 2.8765
Epoch: 0058 | TRAIN: 0.5331 0.9615 | 0.0820 1.0000 | 0.1422 1.0000 | Time: 39.7804 | VAL: 1.0738 0.8297 | 0.5851 1.0000 | 0.6949 0.9732 | Time: 2.4129 | TEST: 1.0818 0.8256 | 0.6837 0.9344 | 0.7823 0.9556 | Time: 2.8592
Epoch: 0059 | TRAIN: 0.5114 0.9639 | 0.0784 1.0000 | 0.1410 1.0000 | Time: 39.7584 | VAL: 1.0570 0.8388 | 0.5790 1.0000 | 0.6788 0.9732 | Time: 2.4347 | TEST: 1.0657 0.8308 | 0.6770 0.9344 | 0.7719 0.9611 | Time: 2.8592
Epoch: 0060 | TRAIN: 0.5017 0.9633 | 0.0772 1.0000 | 0.1372 1.0000 | Time: 39.9147 | VAL: 1.0579 0.8424 | 0.5842 1.0000 | 0.6803 0.9732 | Time: 2.4189 | TEST: 1.0708 0.8308 | 0.6790 0.9508 | 0.7694 0.9556 | Time: 2.8554
Epoch: 0061 | TRAIN: 0.4738 0.9778 | 0.0749 1.0000 | 0.1314 1.0000 | Time: 39.8434 | VAL: 1.0456 0.8442 | 0.5773 1.0000 | 0.6685 0.9732 | Time: 2.4313 | TEST: 1.0584 0.8308 | 0.6734 0.9426 | 0.7587 0.9556 | Time: 2.8869
Epoch: 0062 | TRAIN: 0.4547 0.9730 | 0.0737 1.0000 | 0.1305 1.0000 | Time: 39.7259 | VAL: 1.0426 0.8388 | 0.5721 1.0000 | 0.6745 0.9732 | Time: 2.4157 | TEST: 1.0527 0.8325 | 0.6779 0.9344 | 0.7594 0.9556 | Time: 2.8573
Epoch: 0063 | TRAIN: 0.4307 0.9802 | 0.0713 1.0000 | 0.1242 1.0000 | Time: 39.9677 | VAL: 1.0234 0.8406 | 0.5743 1.0000 | 0.6642 0.9732 | Time: 2.4350 | TEST: 1.0353 0.8325 | 0.6724 0.9344 | 0.7516 0.9556 | Time: 2.8843
Epoch: 0064 | TRAIN: 0.4253 0.9778 | 0.0702 1.0000 | 0.1227 1.0000 | Time: 39.9930 | VAL: 1.0222 0.8388 | 0.5705 1.0000 | 0.6566 0.9732 | Time: 2.4247 | TEST: 1.0339 0.8359 | 0.6705 0.9344 | 0.7485 0.9556 | Time: 2.9136
Epoch: 0065 | TRAIN: 0.4089 0.9820 | 0.0708 1.0000 | 0.1182 1.0000 | Time: 39.9117 | VAL: 1.0128 0.8424 | 0.5681 1.0000 | 0.6523 0.9732 | Time: 2.4100 | TEST: 1.0273 0.8325 | 0.6706 0.9426 | 0.7426 0.9611 | Time: 2.8832
Epoch: 0066 | TRAIN: 0.3915 0.9832 | 0.0651 1.0000 | 0.1186 1.0000 | Time: 39.9410 | VAL: 1.0009 0.8424 | 0.5602 1.0000 | 0.6480 0.9732 | Time: 2.4481 | TEST: 1.0147 0.8308 | 0.6655 0.9426 | 0.7386 0.9611 | Time: 2.8886
Epoch: 0067 | TRAIN: 0.3745 0.9886 | 0.0678 1.0000 | 0.1149 1.0000 | Time: 39.8835 | VAL: 1.0071 0.8424 | 0.5642 1.0000 | 0.6392 0.9732 | Time: 2.4333 | TEST: 1.0208 0.8325 | 0.6683 0.9426 | 0.7316 0.9556 | Time: 2.8841
Epoch: 0068 | TRAIN: 0.3629 0.9874 | 0.0631 1.0000 | 0.1062 1.0000 | Time: 39.7109 | VAL: 0.9934 0.8478 | 0.5546 1.0000 | 0.6439 0.9732 | Time: 2.4058 | TEST: 1.0062 0.8308 | 0.6612 0.9426 | 0.7320 0.9611 | Time: 2.8790
Epoch: 0069 | TRAIN: 0.3611 0.9850 | 0.0617 1.0000 | 0.1041 1.0000 | Time: 39.8058 | VAL: 0.9861 0.8496 | 0.5583 1.0000 | 0.6320 0.9732 | Time: 2.4054 | TEST: 0.9997 0.8342 | 0.6581 0.9426 | 0.7175 0.9611 | Time: 2.8325
Epoch: 0070 | TRAIN: 0.3435 0.9892 | 0.0605 1.0000 | 0.1057 1.0000 | Time: 39.8235 | VAL: 0.9810 0.8514 | 0.5527 1.0000 | 0.6346 0.9732 | Time: 2.4246 | TEST: 0.9960 0.8342 | 0.6595 0.9344 | 0.7207 0.9556 | Time: 2.8782
Epoch: 0071 | TRAIN: 0.3353 0.9874 | 0.0603 1.0000 | 0.1005 1.0000 | Time: 39.9493 | VAL: 0.9695 0.8569 | 0.5569 1.0000 | 0.6218 0.9732 | Time: 2.4469 | TEST: 0.9844 0.8342 | 0.6590 0.9508 | 0.7128 0.9556 | Time: 2.8972
Epoch: 0072 | TRAIN: 0.3141 0.9928 | 0.0594 1.0000 | 0.0999 1.0000 | Time: 39.9483 | VAL: 0.9654 0.8496 | 0.5505 1.0000 | 0.6153 0.9664 | Time: 2.4258 | TEST: 0.9809 0.8359 | 0.6516 0.9508 | 0.7050 0.9500 | Time: 2.8635
Epoch: 0073 | TRAIN: 0.3113 0.9946 | 0.0580 1.0000 | 0.0989 1.0000 | Time: 39.8697 | VAL: 0.9600 0.8533 | 0.5514 1.0000 | 0.6120 0.9732 | Time: 2.4118 | TEST: 0.9751 0.8325 | 0.6500 0.9508 | 0.7009 0.9500 | Time: 2.8533
Epoch: 0074 | TRAIN: 0.3005 0.9952 | 0.0546 1.0000 | 0.0934 1.0000 | Time: 39.8360 | VAL: 0.9513 0.8587 | 0.5533 1.0000 | 0.6122 0.9732 | Time: 2.4524 | TEST: 0.9682 0.8342 | 0.6554 0.9508 | 0.6958 0.9500 | Time: 2.9098
Epoch: 0075 | TRAIN: 0.2896 0.9982 | 0.0550 1.0000 | 0.0931 1.0000 | Time: 39.7878 | VAL: 0.9400 0.8569 | 0.5541 1.0000 | 0.5978 0.9732 | Time: 2.4004 | TEST: 0.9548 0.8342 | 0.6600 0.9426 | 0.6842 0.9611 | Time: 2.8597
Epoch: 0076 | TRAIN: 0.2736 0.9958 | 0.0570 1.0000 | 0.0875 1.0000 | Time: 39.8379 | VAL: 0.9385 0.8587 | 0.5607 1.0000 | 0.5900 0.9664 | Time: 2.4184 | TEST: 0.9528 0.8342 | 0.6665 0.9344 | 0.6747 0.9611 | Time: 2.8596
Epoch: 0077 | TRAIN: 0.2618 0.9970 | 0.0558 1.0000 | 0.0832 1.0000 | Time: 39.7288 | VAL: 0.9307 0.8569 | 0.5559 1.0000 | 0.5875 0.9732 | Time: 2.4176 | TEST: 0.9444 0.8359 | 0.6670 0.9426 | 0.6732 0.9611 | Time: 2.8570
Epoch: 0078 | TRAIN: 0.2416 0.9988 | 0.0553 1.0000 | 0.0827 1.0000 | Time: 39.9194 | VAL: 0.9177 0.8605 | 0.5647 1.0000 | 0.5874 0.9732 | Time: 2.4364 | TEST: 0.9334 0.8376 | 0.6704 0.9508 | 0.6713 0.9611 | Time: 2.8853
Epoch: 0079 | TRAIN: 0.2362 0.9964 | 0.0536 1.0000 | 0.0810 1.0000 | Time: 39.7387 | VAL: 0.9142 0.8623 | 0.5695 1.0000 | 0.5741 0.9732 | Time: 2.4096 | TEST: 0.9292 0.8359 | 0.6761 0.9508 | 0.6613 0.9611 | Time: 2.8760
Epoch: 0080 | TRAIN: 0.2261 0.9982 | 0.0525 1.0000 | 0.0773 1.0000 | Time: 39.8472 | VAL: 0.9089 0.8641 | 0.5635 1.0000 | 0.5676 0.9732 | Time: 2.4286 | TEST: 0.9253 0.8359 | 0.6713 0.9426 | 0.6520 0.9556 | Time: 2.8825
Epoch: 0081 | TRAIN: 0.2262 0.9994 | 0.0538 1.0000 | 0.0767 1.0000 | Time: 40.1084 | VAL: 0.9009 0.8605 | 0.5695 1.0000 | 0.5596 0.9732 | Time: 2.4007 | TEST: 0.9157 0.8376 | 0.6745 0.9426 | 0.6497 0.9611 | Time: 2.8782
Epoch: 0082 | TRAIN: 0.2043 0.9988 | 0.0516 1.0000 | 0.0739 1.0000 | Time: 40.1181 | VAL: 0.8939 0.8623 | 0.5626 1.0000 | 0.5563 0.9732 | Time: 2.4329 | TEST: 0.9092 0.8376 | 0.6745 0.9426 | 0.6393 0.9556 | Time: 2.8514
Epoch: 0083 | TRAIN: 0.2058 0.9970 | 0.0514 1.0000 | 0.0707 1.0000 | Time: 39.6599 | VAL: 0.8904 0.8659 | 0.5642 1.0000 | 0.5557 0.9732 | Time: 2.4013 | TEST: 0.9052 0.8376 | 0.6683 0.9590 | 0.6430 0.9500 | Time: 2.8449
Epoch: 0084 | TRAIN: 0.1865 1.0000 | 0.0504 1.0000 | 0.0704 1.0000 | Time: 39.6277 | VAL: 0.8857 0.8659 | 0.5667 1.0000 | 0.5483 0.9732 | Time: 2.3774 | TEST: 0.9012 0.8359 | 0.6679 0.9508 | 0.6356 0.9556 | Time: 2.8461
Epoch: 0085 | TRAIN: 0.1871 0.9994 | 0.0488 1.0000 | 0.0689 1.0000 | Time: 39.5983 | VAL: 0.8797 0.8605 | 0.5668 1.0000 | 0.5495 0.9732 | Time: 2.3593 | TEST: 0.8970 0.8444 | 0.6696 0.9508 | 0.6366 0.9500 | Time: 2.8236
Epoch: 0086 | TRAIN: 0.1750 1.0000 | 0.0497 1.0000 | 0.0682 1.0000 | Time: 39.5771 | VAL: 0.8805 0.8623 | 0.5580 1.0000 | 0.5453 0.9732 | Time: 2.3877 | TEST: 0.8935 0.8393 | 0.6661 0.9590 | 0.6272 0.9556 | Time: 2.8442
Epoch: 0087 | TRAIN: 0.1706 1.0000 | 0.0489 1.0000 | 0.0654 1.0000 | Time: 39.5353 | VAL: 0.8787 0.8641 | 0.5621 1.0000 | 0.5420 0.9732 | Time: 2.4025 | TEST: 0.8917 0.8376 | 0.6650 0.9590 | 0.6263 0.9500 | Time: 2.8223
Epoch: 0088 | TRAIN: 0.1686 1.0000 | 0.0476 1.0000 | 0.0628 1.0000 | Time: 39.6598 | VAL: 0.8762 0.8623 | 0.5674 1.0000 | 0.5395 0.9732 | Time: 2.3663 | TEST: 0.8927 0.8274 | 0.6662 0.9590 | 0.6235 0.9500 | Time: 2.8595
Epoch: 0089 | TRAIN: 0.1623 0.9994 | 0.0459 1.0000 | 0.0623 1.0000 | Time: 39.6666 | VAL: 0.8648 0.8659 | 0.5650 1.0000 | 0.5337 0.9732 | Time: 2.4123 | TEST: 0.8822 0.8359 | 0.6693 0.9508 | 0.6213 0.9500 | Time: 2.8906
Epoch: 0090 | TRAIN: 0.1582 1.0000 | 0.0453 1.0000 | 0.0618 1.0000 | Time: 39.6034 | VAL: 0.8634 0.8623 | 0.5605 1.0000 | 0.5367 0.9732 | Time: 2.4205 | TEST: 0.8783 0.8342 | 0.6669 0.9508 | 0.6176 0.9500 | Time: 2.8895
Epoch: 0091 | TRAIN: 0.1507 1.0000 | 0.0455 1.0000 | 0.0592 1.0000 | Time: 39.7036 | VAL: 0.8611 0.8659 | 0.5613 1.0000 | 0.5322 0.9732 | Time: 2.3952 | TEST: 0.8780 0.8359 | 0.6661 0.9426 | 0.6101 0.9556 | Time: 2.8692
Epoch: 0092 | TRAIN: 0.1458 1.0000 | 0.0433 1.0000 | 0.0588 1.0000 | Time: 39.5019 | VAL: 0.8533 0.8659 | 0.5529 1.0000 | 0.5316 0.9732 | Time: 2.3607 | TEST: 0.8695 0.8393 | 0.6622 0.9426 | 0.6157 0.9444 | Time: 2.8201
Epoch: 0093 | TRAIN: 0.1433 1.0000 | 0.0418 1.0000 | 0.0570 1.0000 | Time: 39.3806 | VAL: 0.8575 0.8678 | 0.5527 1.0000 | 0.5265 0.9732 | Time: 2.3983 | TEST: 0.8734 0.8376 | 0.6575 0.9508 | 0.6085 0.9556 | Time: 2.8490
Epoch: 0094 | TRAIN: 0.1351 1.0000 | 0.0417 1.0000 | 0.0556 1.0000 | Time: 39.4974 | VAL: 0.8504 0.8623 | 0.5443 1.0000 | 0.5182 0.9732 | Time: 2.4107 | TEST: 0.8695 0.8410 | 0.6458 0.9590 | 0.6034 0.9500 | Time: 2.8447
Epoch: 0095 | TRAIN: 0.1318 1.0000 | 0.0407 1.0000 | 0.0534 1.0000 | Time: 39.4493 | VAL: 0.8442 0.8605 | 0.5421 1.0000 | 0.5121 0.9732 | Time: 2.3644 | TEST: 0.8613 0.8427 | 0.6495 0.9508 | 0.5966 0.9500 | Time: 2.8474
Epoch: 0096 | TRAIN: 0.1292 1.0000 | 0.0400 1.0000 | 0.0524 1.0000 | Time: 39.4315 | VAL: 0.8490 0.8641 | 0.5475 1.0000 | 0.5178 0.9732 | Time: 2.3769 | TEST: 0.8648 0.8393 | 0.6515 0.9590 | 0.6030 0.9611 | Time: 2.8554
Epoch: 0097 | TRAIN: 0.1210 1.0000 | 0.0385 1.0000 | 0.0538 1.0000 | Time: 39.3842 | VAL: 0.8441 0.8605 | 0.5412 1.0000 | 0.5130 0.9732 | Time: 2.3951 | TEST: 0.8628 0.8376 | 0.6476 0.9508 | 0.5962 0.9500 | Time: 2.8544
Epoch: 0098 | TRAIN: 0.1205 1.0000 | 0.0383 1.0000 | 0.0496 1.0000 | Time: 39.4862 | VAL: 0.8444 0.8641 | 0.5406 1.0000 | 0.5104 0.9732 | Time: 2.3882 | TEST: 0.8622 0.8410 | 0.6416 0.9508 | 0.5890 0.9611 | Time: 2.8519
Epoch: 0099 | TRAIN: 0.1181 1.0000 | 0.0385 1.0000 | 0.0524 1.0000 | Time: 39.5649 | VAL: 0.8411 0.8659 | 0.5370 1.0000 | 0.5072 0.9732 | Time: 2.3807 | TEST: 0.8591 0.8410 | 0.6411 0.9590 | 0.5853 0.9500 | Time: 2.8261
========================================
Best Result: Epoch 93, result {'amazon': [0.8376068376068376], 'dslr': [0.9508196721311475], 'webcam': [0.9555555555555556]}
========================================
