========================================
General Configuration:
	Wighting: MoCo
	Architecture: HPS
	Rep_Grad: False
	Multi_Input: True
	Seed: 0
	Device: cuda:0
MoCo Configuration:
	weighting: MoCo
	beta_moco: 1.0
	gamma_moco: 1.0
	rho_moco: 1.0
	moco_gn: none
Optimizer Configuration:
	optim: adam
	lr: 0.001
	weight_decay: 1e-05
========================================
Total Params: 11487901
Trainable Params: 11487901
Non-trainable Params: 0
========================================
LOG FORMAT | amazon_LOSS Acc | dslr_LOSS Acc | webcam_LOSS Acc | TIME
Epoch: 0000 | TRAIN: 2.1203 0.4669 | 1.5778 0.6977 | 2.0174 0.5270 | Time: 40.3510 | VAL: 1.5508 0.6322 | 0.8250 0.8876 | 0.8769 0.8188 | Time: 2.4563 | TEST: 1.5093 0.6359 | 0.9778 0.8115 | 0.8921 0.8278 | Time: 2.8681
Epoch: 0001 | TRAIN: 1.1811 0.7151 | 0.2937 0.9868 | 0.3304 0.9585 | Time: 39.9589 | VAL: 1.1920 0.7065 | 0.4262 0.9551 | 0.3948 0.9262 | Time: 2.4236 | TEST: 1.1859 0.6803 | 0.4063 0.9508 | 0.4131 0.9389 | Time: 2.8812
Epoch: 0002 | TRAIN: 0.7769 0.8077 | 0.0555 1.0000 | 0.0865 0.9952 | Time: 39.7832 | VAL: 1.0695 0.7246 | 0.3211 0.9326 | 0.2314 0.9463 | Time: 2.4520 | TEST: 0.9806 0.7504 | 0.3205 0.9180 | 0.2648 0.9444 | Time: 2.8948
Epoch: 0003 | TRAIN: 0.5250 0.8732 | 0.0216 1.0000 | 0.0334 1.0000 | Time: 39.9869 | VAL: 0.9624 0.7500 | 0.1611 0.9663 | 0.1919 0.9866 | Time: 2.4086 | TEST: 0.9098 0.7744 | 0.2342 0.9344 | 0.1745 0.9500 | Time: 2.8668
Epoch: 0004 | TRAIN: 0.3486 0.9159 | 0.0153 1.0000 | 0.0212 1.0000 | Time: 39.7732 | VAL: 0.9213 0.7572 | 0.1702 0.9663 | 0.1668 0.9799 | Time: 2.4238 | TEST: 0.8404 0.7863 | 0.2584 0.9344 | 0.1933 0.9556 | Time: 2.9077
Epoch: 0005 | TRAIN: 0.3012 0.9291 | 0.0124 1.0000 | 0.0190 1.0000 | Time: 39.8461 | VAL: 0.9348 0.7736 | 0.1697 0.9551 | 0.1515 0.9530 | Time: 2.4264 | TEST: 0.8110 0.8034 | 0.2530 0.9180 | 0.1447 0.9667 | Time: 2.9536
Epoch: 0006 | TRAIN: 0.2332 0.9441 | 0.0106 1.0000 | 0.0151 1.0000 | Time: 40.5170 | VAL: 0.9101 0.7663 | 0.1712 0.9775 | 0.1665 0.9597 | Time: 2.4508 | TEST: 0.7751 0.7966 | 0.2239 0.9426 | 0.1430 0.9778 | Time: 2.9036
Epoch: 0007 | TRAIN: 0.2093 0.9519 | 0.0103 1.0000 | 0.0137 0.9994 | Time: 40.1998 | VAL: 0.9555 0.7645 | 0.1608 0.9551 | 0.1854 0.9530 | Time: 2.4278 | TEST: 0.8429 0.7744 | 0.1877 0.9344 | 0.2137 0.9389 | Time: 2.8780
Epoch: 0008 | TRAIN: 0.2053 0.9495 | 0.0107 0.9994 | 0.0131 1.0000 | Time: 40.3493 | VAL: 0.9852 0.7464 | 0.1823 0.9551 | 0.1909 0.9530 | Time: 2.4494 | TEST: 0.9370 0.7590 | 0.1650 0.9508 | 0.1748 0.9611 | Time: 2.9238
Epoch: 0009 | TRAIN: 0.1486 0.9621 | 0.0069 1.0000 | 0.0087 1.0000 | Time: 40.3013 | VAL: 1.0205 0.7373 | 0.1725 0.9551 | 0.1582 0.9732 | Time: 2.4505 | TEST: 0.9137 0.7573 | 0.2017 0.9344 | 0.1295 0.9778 | Time: 2.9136
Epoch: 0010 | TRAIN: 0.1672 0.9555 | 0.0082 0.9994 | 0.0112 1.0000 | Time: 40.3582 | VAL: 1.1228 0.7355 | 0.1833 0.9551 | 0.2554 0.9530 | Time: 2.4396 | TEST: 1.0155 0.7419 | 0.2771 0.9180 | 0.1809 0.9333 | Time: 2.9206
Epoch: 0011 | TRAIN: 0.2016 0.9423 | 0.0079 1.0000 | 0.0108 0.9994 | Time: 40.2995 | VAL: 1.1946 0.6830 | 0.3493 0.8989 | 0.1970 0.9396 | Time: 2.4567 | TEST: 1.0709 0.7436 | 0.2677 0.9344 | 0.2385 0.9333 | Time: 2.8818
Epoch: 0012 | TRAIN: 0.2104 0.9447 | 0.0099 1.0000 | 0.0124 1.0000 | Time: 40.2180 | VAL: 1.1196 0.7301 | 0.1916 0.9326 | 0.1796 0.9530 | Time: 2.4858 | TEST: 0.9719 0.7316 | 0.2116 0.9344 | 0.1896 0.9611 | Time: 2.8817
Epoch: 0013 | TRAIN: 0.1828 0.9483 | 0.0098 0.9988 | 0.0099 1.0000 | Time: 40.2695 | VAL: 1.0998 0.7319 | 0.2145 0.9438 | 0.2185 0.9329 | Time: 2.4751 | TEST: 0.9376 0.7795 | 0.2845 0.9344 | 0.1624 0.9722 | Time: 2.9216
Epoch: 0014 | TRAIN: 0.1921 0.9465 | 0.0156 0.9988 | 0.0169 1.0000 | Time: 40.1057 | VAL: 1.5191 0.6486 | 0.5218 0.8427 | 0.4545 0.8322 | Time: 2.4440 | TEST: 1.3846 0.6615 | 0.5024 0.8279 | 0.4314 0.8722 | Time: 2.8945
Epoch: 0015 | TRAIN: 0.5653 0.8389 | 0.0805 0.9808 | 0.0933 0.9808 | Time: 40.2833 | VAL: 2.0791 0.5543 | 0.8138 0.7753 | 0.9000 0.7718 | Time: 2.4704 | TEST: 2.0188 0.5316 | 0.9501 0.7295 | 0.9032 0.7278 | Time: 2.9172
Epoch: 0016 | TRAIN: 0.8949 0.7434 | 0.1329 0.9730 | 0.2307 0.9417 | Time: 40.3163 | VAL: 1.4916 0.6413 | 0.6536 0.7978 | 0.4384 0.8523 | Time: 2.4210 | TEST: 1.5220 0.6017 | 0.7680 0.7869 | 0.6124 0.8444 | Time: 2.8640
Epoch: 0017 | TRAIN: 0.5947 0.8317 | 0.0361 0.9928 | 0.0789 0.9856 | Time: 40.0858 | VAL: 1.4027 0.6830 | 0.2031 0.9326 | 0.2539 0.9463 | Time: 2.4436 | TEST: 1.3004 0.6940 | 0.2545 0.9344 | 0.2253 0.9500 | Time: 2.9420
Epoch: 0018 | TRAIN: 0.3245 0.9135 | 0.0082 0.9994 | 0.0191 0.9964 | Time: 40.0767 | VAL: 1.1905 0.7011 | 0.2463 0.9326 | 0.1868 0.9329 | Time: 2.4557 | TEST: 1.0403 0.7521 | 0.2379 0.9180 | 0.1796 0.9611 | Time: 2.9224
Epoch: 0019 | TRAIN: 0.1766 0.9483 | 0.0030 1.0000 | 0.0058 1.0000 | Time: 40.2328 | VAL: 1.0079 0.7518 | 0.0933 0.9775 | 0.1232 0.9530 | Time: 2.4710 | TEST: 0.9236 0.7812 | 0.1757 0.9344 | 0.1708 0.9500 | Time: 2.9230
Epoch: 0020 | TRAIN: 0.1080 0.9736 | 0.0022 1.0000 | 0.0035 1.0000 | Time: 40.1596 | VAL: 0.9493 0.7609 | 0.0785 0.9775 | 0.0770 0.9799 | Time: 2.4296 | TEST: 0.8932 0.7795 | 0.2328 0.9344 | 0.1120 0.9667 | Time: 2.8745
Epoch: 0021 | TRAIN: 0.0484 0.9898 | 0.0018 0.9994 | 0.0021 1.0000 | Time: 40.1248 | VAL: 0.8832 0.8043 | 0.0331 1.0000 | 0.0585 0.9866 | Time: 2.4439 | TEST: 0.8511 0.7966 | 0.1388 0.9590 | 0.1133 0.9611 | Time: 2.8695
Epoch: 0022 | TRAIN: 0.0140 0.9988 | 0.0009 1.0000 | 0.0011 1.0000 | Time: 40.1724 | VAL: 0.8703 0.8062 | 0.0407 0.9775 | 0.0507 0.9933 | Time: 2.4757 | TEST: 0.8013 0.8051 | 0.1197 0.9672 | 0.1209 0.9611 | Time: 2.9151
Epoch: 0023 | TRAIN: 0.0074 1.0000 | 0.0009 1.0000 | 0.0012 1.0000 | Time: 39.9949 | VAL: 0.8765 0.7953 | 0.0345 0.9888 | 0.0487 0.9933 | Time: 2.4373 | TEST: 0.7954 0.8085 | 0.1210 0.9754 | 0.1181 0.9667 | Time: 2.9071
Epoch: 0024 | TRAIN: 0.0051 1.0000 | 0.0007 1.0000 | 0.0010 1.0000 | Time: 40.0637 | VAL: 0.8744 0.8062 | 0.0302 0.9888 | 0.0489 0.9866 | Time: 2.4353 | TEST: 0.7821 0.8103 | 0.1265 0.9672 | 0.1165 0.9611 | Time: 2.8951
Epoch: 0025 | TRAIN: 0.0039 1.0000 | 0.0007 1.0000 | 0.0007 1.0000 | Time: 40.0211 | VAL: 0.8783 0.7989 | 0.0248 0.9888 | 0.0531 0.9866 | Time: 2.4601 | TEST: 0.7940 0.8085 | 0.1120 0.9672 | 0.1135 0.9611 | Time: 2.9018
Epoch: 0026 | TRAIN: 0.0030 1.0000 | 0.0006 1.0000 | 0.0007 1.0000 | Time: 40.0623 | VAL: 0.8811 0.8062 | 0.0285 0.9888 | 0.0493 0.9866 | Time: 2.4605 | TEST: 0.7942 0.8154 | 0.1336 0.9590 | 0.1106 0.9611 | Time: 2.8985
Epoch: 0027 | TRAIN: 0.0027 1.0000 | 0.0006 1.0000 | 0.0006 1.0000 | Time: 40.2011 | VAL: 0.8838 0.8025 | 0.0234 1.0000 | 0.0486 0.9799 | Time: 2.4508 | TEST: 0.8001 0.8137 | 0.1295 0.9754 | 0.1110 0.9611 | Time: 2.9036
Epoch: 0028 | TRAIN: 0.0024 1.0000 | 0.0005 1.0000 | 0.0006 1.0000 | Time: 40.1401 | VAL: 0.8849 0.7989 | 0.0256 1.0000 | 0.0460 0.9866 | Time: 2.4325 | TEST: 0.8087 0.8103 | 0.1223 0.9754 | 0.1082 0.9611 | Time: 2.8704
Epoch: 0029 | TRAIN: 0.0020 1.0000 | 0.0005 1.0000 | 0.0007 1.0000 | Time: 40.5540 | VAL: 0.8916 0.7953 | 0.0181 1.0000 | 0.0498 0.9799 | Time: 2.4505 | TEST: 0.8016 0.8137 | 0.1290 0.9672 | 0.1099 0.9611 | Time: 2.8863
Epoch: 0030 | TRAIN: 0.0021 1.0000 | 0.0005 1.0000 | 0.0006 1.0000 | Time: 39.9395 | VAL: 0.8794 0.8007 | 0.0198 1.0000 | 0.0481 0.9866 | Time: 2.4354 | TEST: 0.8017 0.8103 | 0.1257 0.9672 | 0.0983 0.9667 | Time: 2.9358
Epoch: 0031 | TRAIN: 0.0019 1.0000 | 0.0004 1.0000 | 0.0005 1.0000 | Time: 39.9451 | VAL: 0.8753 0.8043 | 0.0218 1.0000 | 0.0491 0.9799 | Time: 2.4347 | TEST: 0.7913 0.8154 | 0.1170 0.9836 | 0.1020 0.9611 | Time: 2.8877
Epoch: 0032 | TRAIN: 0.0018 1.0000 | 0.0004 1.0000 | 0.0005 1.0000 | Time: 40.2046 | VAL: 0.8841 0.7971 | 0.0252 0.9888 | 0.0498 0.9799 | Time: 2.4234 | TEST: 0.7885 0.8171 | 0.1212 0.9754 | 0.0986 0.9667 | Time: 2.8911
Epoch: 0033 | TRAIN: 0.0014 1.0000 | 0.0004 1.0000 | 0.0005 1.0000 | Time: 40.0114 | VAL: 0.8895 0.7935 | 0.0215 1.0000 | 0.0507 0.9799 | Time: 2.4328 | TEST: 0.7825 0.8103 | 0.1245 0.9754 | 0.1033 0.9611 | Time: 2.8953
Epoch: 0034 | TRAIN: 0.0014 1.0000 | 0.0004 1.0000 | 0.0005 1.0000 | Time: 39.9829 | VAL: 0.8953 0.8025 | 0.0229 1.0000 | 0.0516 0.9799 | Time: 2.4738 | TEST: 0.7909 0.8171 | 0.1141 0.9836 | 0.0973 0.9667 | Time: 2.9062
Epoch: 0035 | TRAIN: 0.0012 1.0000 | 0.0004 1.0000 | 0.0004 1.0000 | Time: 40.3118 | VAL: 0.9001 0.7989 | 0.0205 1.0000 | 0.0502 0.9799 | Time: 2.4446 | TEST: 0.8009 0.8103 | 0.1190 0.9754 | 0.1027 0.9611 | Time: 2.8546
Epoch: 0036 | TRAIN: 0.0011 1.0000 | 0.0004 1.0000 | 0.0004 1.0000 | Time: 40.1071 | VAL: 0.8940 0.7971 | 0.0211 0.9888 | 0.0488 0.9799 | Time: 2.4055 | TEST: 0.7935 0.8085 | 0.1135 0.9836 | 0.0983 0.9611 | Time: 2.8869
Epoch: 0037 | TRAIN: 0.0010 1.0000 | 0.0004 1.0000 | 0.0003 1.0000 | Time: 40.2927 | VAL: 0.8937 0.8025 | 0.0200 1.0000 | 0.0492 0.9799 | Time: 2.4476 | TEST: 0.8048 0.8120 | 0.1218 0.9672 | 0.1089 0.9611 | Time: 2.8817
Epoch: 0038 | TRAIN: 0.0010 1.0000 | 0.0003 1.0000 | 0.0005 1.0000 | Time: 40.2071 | VAL: 0.8945 0.7953 | 0.0229 1.0000 | 0.0495 0.9799 | Time: 2.4583 | TEST: 0.7982 0.8085 | 0.1146 0.9754 | 0.1040 0.9611 | Time: 2.9014
Epoch: 0039 | TRAIN: 0.0011 1.0000 | 0.0003 1.0000 | 0.0003 1.0000 | Time: 39.9247 | VAL: 0.8942 0.7917 | 0.0240 0.9888 | 0.0488 0.9799 | Time: 2.4094 | TEST: 0.7912 0.8120 | 0.1212 0.9672 | 0.1001 0.9611 | Time: 2.8734
Epoch: 0040 | TRAIN: 0.0011 1.0000 | 0.0003 1.0000 | 0.0004 1.0000 | Time: 40.0255 | VAL: 0.9070 0.7953 | 0.0240 1.0000 | 0.0482 0.9799 | Time: 2.4303 | TEST: 0.8047 0.8154 | 0.1199 0.9754 | 0.1081 0.9611 | Time: 2.8752
Epoch: 0041 | TRAIN: 0.0009 1.0000 | 0.0003 1.0000 | 0.0004 1.0000 | Time: 40.0136 | VAL: 0.8976 0.7935 | 0.0214 1.0000 | 0.0489 0.9799 | Time: 2.4646 | TEST: 0.7942 0.8171 | 0.1144 0.9672 | 0.1001 0.9611 | Time: 2.9135
Epoch: 0042 | TRAIN: 0.0008 1.0000 | 0.0003 1.0000 | 0.0003 1.0000 | Time: 40.2355 | VAL: 0.8998 0.7971 | 0.0243 0.9888 | 0.0446 0.9799 | Time: 2.4530 | TEST: 0.7977 0.8171 | 0.1131 0.9672 | 0.1025 0.9611 | Time: 2.9321
Epoch: 0043 | TRAIN: 0.0007 1.0000 | 0.0003 1.0000 | 0.0003 1.0000 | Time: 39.9809 | VAL: 0.9033 0.7953 | 0.0241 0.9888 | 0.0466 0.9799 | Time: 2.4451 | TEST: 0.8040 0.8188 | 0.1121 0.9754 | 0.1054 0.9611 | Time: 2.9474
Epoch: 0044 | TRAIN: 0.0008 1.0000 | 0.0003 1.0000 | 0.0003 1.0000 | Time: 40.1652 | VAL: 0.9030 0.7953 | 0.0206 0.9888 | 0.0465 0.9799 | Time: 2.4578 | TEST: 0.7980 0.8068 | 0.1041 0.9836 | 0.1059 0.9611 | Time: 2.9220
Epoch: 0045 | TRAIN: 0.0007 1.0000 | 0.0002 1.0000 | 0.0003 1.0000 | Time: 39.9610 | VAL: 0.9047 0.7917 | 0.0295 0.9888 | 0.0470 0.9799 | Time: 2.4406 | TEST: 0.7979 0.8171 | 0.1105 0.9754 | 0.1038 0.9611 | Time: 2.9005
Epoch: 0046 | TRAIN: 0.0006 1.0000 | 0.0003 1.0000 | 0.0003 1.0000 | Time: 40.1735 | VAL: 0.9101 0.7953 | 0.0228 0.9888 | 0.0461 0.9799 | Time: 2.4148 | TEST: 0.8128 0.8120 | 0.1314 0.9590 | 0.0999 0.9611 | Time: 2.8671
Epoch: 0047 | TRAIN: 0.0006 1.0000 | 0.0002 1.0000 | 0.0003 1.0000 | Time: 40.0929 | VAL: 0.9084 0.7953 | 0.0232 1.0000 | 0.0492 0.9799 | Time: 2.4074 | TEST: 0.8107 0.8188 | 0.1154 0.9672 | 0.1048 0.9611 | Time: 2.8500
Epoch: 0048 | TRAIN: 0.0007 1.0000 | 0.0003 1.0000 | 0.0003 1.0000 | Time: 40.1078 | VAL: 0.9073 0.7989 | 0.0207 1.0000 | 0.0456 0.9799 | Time: 2.4462 | TEST: 0.8016 0.8154 | 0.1129 0.9754 | 0.1069 0.9611 | Time: 2.8912
Epoch: 0049 | TRAIN: 0.0007 1.0000 | 0.0003 1.0000 | 0.0002 1.0000 | Time: 40.1077 | VAL: 0.9079 0.7953 | 0.0223 0.9888 | 0.0468 0.9799 | Time: 2.4382 | TEST: 0.8028 0.8154 | 0.1107 0.9754 | 0.1015 0.9667 | Time: 2.8890
Epoch: 0050 | TRAIN: 0.0006 1.0000 | 0.0002 1.0000 | 0.0003 1.0000 | Time: 40.0237 | VAL: 0.9035 0.7953 | 0.0241 0.9888 | 0.0423 0.9799 | Time: 2.4465 | TEST: 0.8050 0.8137 | 0.1124 0.9754 | 0.1107 0.9611 | Time: 2.8731
Epoch: 0051 | TRAIN: 0.0006 1.0000 | 0.0002 1.0000 | 0.0002 1.0000 | Time: 39.9392 | VAL: 0.9026 0.7953 | 0.0238 0.9888 | 0.0438 0.9799 | Time: 2.4516 | TEST: 0.8025 0.8137 | 0.1119 0.9754 | 0.1063 0.9611 | Time: 2.8632
Epoch: 0052 | TRAIN: 0.0006 1.0000 | 0.0002 1.0000 | 0.0002 1.0000 | Time: 39.9633 | VAL: 0.9113 0.7989 | 0.0234 1.0000 | 0.0451 0.9799 | Time: 2.4530 | TEST: 0.8188 0.8154 | 0.1146 0.9672 | 0.1043 0.9667 | Time: 2.9023
Epoch: 0053 | TRAIN: 0.0006 1.0000 | 0.0002 1.0000 | 0.0002 1.0000 | Time: 40.0169 | VAL: 0.9151 0.7935 | 0.0223 1.0000 | 0.0442 0.9799 | Time: 2.4434 | TEST: 0.8226 0.8188 | 0.1115 0.9672 | 0.1035 0.9611 | Time: 2.9060
Epoch: 0054 | TRAIN: 0.0006 1.0000 | 0.0002 1.0000 | 0.0002 1.0000 | Time: 40.1180 | VAL: 0.9180 0.7935 | 0.0194 1.0000 | 0.0455 0.9799 | Time: 2.4160 | TEST: 0.8169 0.8188 | 0.1028 0.9754 | 0.0938 0.9667 | Time: 2.8518
Epoch: 0055 | TRAIN: 0.0006 1.0000 | 0.0002 1.0000 | 0.0002 1.0000 | Time: 39.9693 | VAL: 0.9155 0.7953 | 0.0235 0.9888 | 0.0453 0.9799 | Time: 2.4509 | TEST: 0.8148 0.8188 | 0.1193 0.9672 | 0.1082 0.9611 | Time: 2.8921
Epoch: 0056 | TRAIN: 0.0006 1.0000 | 0.0002 1.0000 | 0.0002 1.0000 | Time: 39.9861 | VAL: 0.9157 0.7989 | 0.0247 0.9888 | 0.0430 0.9866 | Time: 2.4411 | TEST: 0.8158 0.8222 | 0.1123 0.9754 | 0.1090 0.9667 | Time: 2.9081
Epoch: 0057 | TRAIN: 0.0004 1.0000 | 0.0002 1.0000 | 0.0002 1.0000 | Time: 39.9090 | VAL: 0.9200 0.7989 | 0.0201 1.0000 | 0.0459 0.9799 | Time: 2.4388 | TEST: 0.8226 0.8154 | 0.1075 0.9754 | 0.1043 0.9611 | Time: 2.8869
Epoch: 0058 | TRAIN: 0.0006 1.0000 | 0.0002 1.0000 | 0.0002 1.0000 | Time: 40.0811 | VAL: 0.9146 0.7953 | 0.0237 0.9888 | 0.0478 0.9732 | Time: 2.4368 | TEST: 0.8027 0.8171 | 0.1112 0.9754 | 0.1026 0.9667 | Time: 2.8651
Epoch: 0059 | TRAIN: 0.0004 1.0000 | 0.0002 1.0000 | 0.0002 1.0000 | Time: 39.9801 | VAL: 0.9213 0.7917 | 0.0199 0.9888 | 0.0426 0.9799 | Time: 2.4246 | TEST: 0.8090 0.8120 | 0.1069 0.9754 | 0.1066 0.9611 | Time: 2.8848
Epoch: 0060 | TRAIN: 0.0005 1.0000 | 0.0002 1.0000 | 0.0002 1.0000 | Time: 39.8960 | VAL: 0.9207 0.7899 | 0.0234 0.9888 | 0.0462 0.9799 | Time: 2.4335 | TEST: 0.8107 0.8137 | 0.1098 0.9672 | 0.1080 0.9667 | Time: 2.8674
Epoch: 0061 | TRAIN: 0.0004 1.0000 | 0.0002 1.0000 | 0.0002 1.0000 | Time: 40.0494 | VAL: 0.9250 0.7880 | 0.0185 1.0000 | 0.0457 0.9799 | Time: 2.4650 | TEST: 0.8181 0.8188 | 0.1032 0.9754 | 0.1030 0.9611 | Time: 2.9467
Epoch: 0062 | TRAIN: 0.0004 1.0000 | 0.0002 1.0000 | 0.0002 1.0000 | Time: 40.2198 | VAL: 0.9204 0.7935 | 0.0226 1.0000 | 0.0493 0.9799 | Time: 2.4495 | TEST: 0.8166 0.8154 | 0.1160 0.9754 | 0.0998 0.9667 | Time: 2.9737
Epoch: 0063 | TRAIN: 0.0004 1.0000 | 0.0001 1.0000 | 0.0002 1.0000 | Time: 40.2532 | VAL: 0.9225 0.7953 | 0.0238 0.9888 | 0.0471 0.9866 | Time: 2.4405 | TEST: 0.8153 0.8171 | 0.1051 0.9672 | 0.1108 0.9611 | Time: 2.8873
Epoch: 0064 | TRAIN: 0.0003 1.0000 | 0.0002 1.0000 | 0.0002 1.0000 | Time: 40.0831 | VAL: 0.9184 0.7935 | 0.0209 1.0000 | 0.0453 0.9799 | Time: 2.4505 | TEST: 0.8083 0.8205 | 0.1120 0.9754 | 0.1021 0.9611 | Time: 2.8724
Epoch: 0065 | TRAIN: 0.0005 1.0000 | 0.0002 1.0000 | 0.0002 1.0000 | Time: 40.1605 | VAL: 0.9296 0.7917 | 0.0232 1.0000 | 0.0471 0.9732 | Time: 2.4193 | TEST: 0.8233 0.8188 | 0.1046 0.9754 | 0.1023 0.9667 | Time: 2.8667
Epoch: 0066 | TRAIN: 0.0004 1.0000 | 0.0002 1.0000 | 0.0002 1.0000 | Time: 40.1216 | VAL: 0.9270 0.7971 | 0.0161 1.0000 | 0.0485 0.9799 | Time: 2.4409 | TEST: 0.8141 0.8222 | 0.1144 0.9754 | 0.1005 0.9722 | Time: 2.8951
Epoch: 0067 | TRAIN: 0.0003 1.0000 | 0.0002 1.0000 | 0.0002 1.0000 | Time: 40.0982 | VAL: 0.9243 0.7953 | 0.0198 1.0000 | 0.0452 0.9799 | Time: 2.4160 | TEST: 0.8186 0.8188 | 0.1094 0.9754 | 0.1090 0.9667 | Time: 2.8539
Epoch: 0068 | TRAIN: 0.0004 1.0000 | 0.0001 1.0000 | 0.0002 1.0000 | Time: 40.2351 | VAL: 0.9299 0.7953 | 0.0185 1.0000 | 0.0527 0.9799 | Time: 2.4510 | TEST: 0.8007 0.8222 | 0.1227 0.9754 | 0.1056 0.9722 | Time: 2.9144
Epoch: 0069 | TRAIN: 0.0004 1.0000 | 0.0002 1.0000 | 0.0002 1.0000 | Time: 40.1731 | VAL: 0.9320 0.7971 | 0.0260 0.9775 | 0.0449 0.9799 | Time: 2.4435 | TEST: 0.8268 0.8188 | 0.1158 0.9672 | 0.1030 0.9722 | Time: 2.8903
Epoch: 0070 | TRAIN: 0.0003 1.0000 | 0.0001 1.0000 | 0.0002 1.0000 | Time: 40.1993 | VAL: 0.9310 0.8025 | 0.0223 1.0000 | 0.0463 0.9799 | Time: 2.4023 | TEST: 0.8246 0.8188 | 0.1211 0.9590 | 0.1027 0.9667 | Time: 2.8838
Epoch: 0071 | TRAIN: 0.0004 1.0000 | 0.0001 1.0000 | 0.0002 1.0000 | Time: 39.9977 | VAL: 0.9340 0.7971 | 0.0197 0.9888 | 0.0435 0.9799 | Time: 2.4197 | TEST: 0.8167 0.8205 | 0.1171 0.9672 | 0.1026 0.9667 | Time: 2.8730
Epoch: 0072 | TRAIN: 0.0003 1.0000 | 0.0002 1.0000 | 0.0002 1.0000 | Time: 40.0168 | VAL: 0.9306 0.7989 | 0.0214 0.9888 | 0.0413 0.9933 | Time: 2.4164 | TEST: 0.8133 0.8239 | 0.1240 0.9672 | 0.1083 0.9667 | Time: 2.8742
Epoch: 0073 | TRAIN: 0.0003 1.0000 | 0.0001 1.0000 | 0.0002 1.0000 | Time: 39.8691 | VAL: 0.9268 0.7971 | 0.0219 1.0000 | 0.0439 0.9799 | Time: 2.4219 | TEST: 0.8186 0.8222 | 0.1115 0.9754 | 0.1016 0.9722 | Time: 2.8586
Epoch: 0074 | TRAIN: 0.0003 1.0000 | 0.0001 1.0000 | 0.0001 1.0000 | Time: 39.9403 | VAL: 0.9299 0.7971 | 0.0220 0.9888 | 0.0460 0.9799 | Time: 2.4277 | TEST: 0.8143 0.8205 | 0.1074 0.9672 | 0.0939 0.9722 | Time: 2.8869
Epoch: 0075 | TRAIN: 0.0003 1.0000 | 0.0001 1.0000 | 0.0001 1.0000 | Time: 40.0127 | VAL: 0.9358 0.7880 | 0.0206 0.9888 | 0.0461 0.9799 | Time: 2.4425 | TEST: 0.8127 0.8154 | 0.1061 0.9672 | 0.1031 0.9722 | Time: 2.8841
Epoch: 0076 | TRAIN: 0.0003 1.0000 | 0.0001 1.0000 | 0.0001 1.0000 | Time: 40.1188 | VAL: 0.9281 0.7935 | 0.0208 0.9888 | 0.0451 0.9799 | Time: 2.4462 | TEST: 0.8112 0.8171 | 0.1112 0.9672 | 0.0977 0.9778 | Time: 2.9039
Epoch: 0077 | TRAIN: 0.0003 1.0000 | 0.0001 1.0000 | 0.0002 1.0000 | Time: 39.9709 | VAL: 0.9341 0.7953 | 0.0200 0.9888 | 0.0455 0.9799 | Time: 2.4367 | TEST: 0.8069 0.8188 | 0.1061 0.9754 | 0.0988 0.9778 | Time: 2.8922
Epoch: 0078 | TRAIN: 0.0003 1.0000 | 0.0001 1.0000 | 0.0001 1.0000 | Time: 40.0026 | VAL: 0.9297 0.7899 | 0.0177 0.9888 | 0.0467 0.9799 | Time: 2.4017 | TEST: 0.8055 0.8154 | 0.0997 0.9754 | 0.0965 0.9722 | Time: 2.8583
Epoch: 0079 | TRAIN: 0.0003 1.0000 | 0.0001 1.0000 | 0.0001 1.0000 | Time: 39.9774 | VAL: 0.9323 0.7917 | 0.0185 0.9888 | 0.0466 0.9866 | Time: 2.4284 | TEST: 0.8068 0.8239 | 0.1053 0.9672 | 0.0910 0.9778 | Time: 2.8608
Epoch: 0080 | TRAIN: 0.0003 1.0000 | 0.0001 1.0000 | 0.0001 1.0000 | Time: 39.9283 | VAL: 0.9339 0.7880 | 0.0231 0.9888 | 0.0483 0.9799 | Time: 2.4332 | TEST: 0.8088 0.8171 | 0.1031 0.9672 | 0.0978 0.9722 | Time: 2.9403
Epoch: 0081 | TRAIN: 0.0003 1.0000 | 0.0001 1.0000 | 0.0001 1.0000 | Time: 39.9611 | VAL: 0.9306 0.7917 | 0.0192 0.9888 | 0.0422 0.9799 | Time: 2.4353 | TEST: 0.8212 0.8205 | 0.1112 0.9672 | 0.0992 0.9667 | Time: 2.8544
Epoch: 0082 | TRAIN: 0.0002 1.0000 | 0.0001 1.0000 | 0.0001 1.0000 | Time: 40.0595 | VAL: 0.9318 0.7953 | 0.0233 0.9888 | 0.0455 0.9799 | Time: 2.4287 | TEST: 0.8120 0.8188 | 0.1005 0.9672 | 0.1003 0.9667 | Time: 2.8863
Epoch: 0083 | TRAIN: 0.0003 1.0000 | 0.0001 1.0000 | 0.0001 1.0000 | Time: 39.9162 | VAL: 0.9321 0.7862 | 0.0182 0.9888 | 0.0432 0.9866 | Time: 2.4069 | TEST: 0.8056 0.8188 | 0.1022 0.9754 | 0.0944 0.9722 | Time: 2.8651
Epoch: 0084 | TRAIN: 0.0003 1.0000 | 0.0001 1.0000 | 0.0001 1.0000 | Time: 39.8054 | VAL: 0.9340 0.7862 | 0.0232 0.9888 | 0.0392 0.9866 | Time: 2.4142 | TEST: 0.8217 0.8137 | 0.1017 0.9754 | 0.0942 0.9778 | Time: 2.8843
Epoch: 0085 | TRAIN: 0.0002 1.0000 | 0.0001 1.0000 | 0.0001 1.0000 | Time: 39.8078 | VAL: 0.9348 0.7917 | 0.0195 0.9888 | 0.0395 0.9866 | Time: 2.4194 | TEST: 0.8167 0.8171 | 0.1057 0.9672 | 0.0999 0.9722 | Time: 2.8570
Epoch: 0086 | TRAIN: 0.0002 1.0000 | 0.0001 1.0000 | 0.0002 1.0000 | Time: 40.0187 | VAL: 0.9348 0.7899 | 0.0241 0.9888 | 0.0440 0.9799 | Time: 2.4308 | TEST: 0.8140 0.8205 | 0.0945 0.9754 | 0.0994 0.9722 | Time: 2.9185
Epoch: 0087 | TRAIN: 0.0003 1.0000 | 0.0001 1.0000 | 0.0001 1.0000 | Time: 39.9102 | VAL: 0.9408 0.7935 | 0.0213 0.9888 | 0.0420 0.9799 | Time: 2.4595 | TEST: 0.8148 0.8171 | 0.0924 0.9754 | 0.0983 0.9722 | Time: 2.8933
Epoch: 0088 | TRAIN: 0.0002 1.0000 | 0.0001 1.0000 | 0.0001 1.0000 | Time: 40.2074 | VAL: 0.9482 0.7917 | 0.0154 1.0000 | 0.0446 0.9799 | Time: 2.4775 | TEST: 0.8196 0.8205 | 0.0959 0.9754 | 0.1040 0.9667 | Time: 2.8594
Epoch: 0089 | TRAIN: 0.0003 1.0000 | 0.0001 1.0000 | 0.0001 1.0000 | Time: 40.1921 | VAL: 0.9368 0.7971 | 0.0236 0.9888 | 0.0389 0.9866 | Time: 2.4280 | TEST: 0.8070 0.8205 | 0.0958 0.9672 | 0.1067 0.9722 | Time: 2.9702
Epoch: 0090 | TRAIN: 0.0003 1.0000 | 0.0001 1.0000 | 0.0001 1.0000 | Time: 40.2716 | VAL: 0.9427 0.7917 | 0.0152 1.0000 | 0.0440 0.9799 | Time: 2.4459 | TEST: 0.8145 0.8154 | 0.0969 0.9672 | 0.1103 0.9722 | Time: 2.8848
Epoch: 0091 | TRAIN: 0.0002 1.0000 | 0.0001 1.0000 | 0.0001 1.0000 | Time: 40.2091 | VAL: 0.9421 0.7953 | 0.0227 0.9888 | 0.0439 0.9866 | Time: 2.4571 | TEST: 0.8226 0.8222 | 0.0928 0.9754 | 0.0950 0.9722 | Time: 2.9164
Epoch: 0092 | TRAIN: 0.0002 1.0000 | 0.0001 1.0000 | 0.0001 1.0000 | Time: 40.1497 | VAL: 0.9442 0.7935 | 0.0226 0.9888 | 0.0440 0.9866 | Time: 2.4202 | TEST: 0.8131 0.8222 | 0.0986 0.9754 | 0.0990 0.9722 | Time: 2.8796
Epoch: 0093 | TRAIN: 0.0002 1.0000 | 0.0001 1.0000 | 0.0001 1.0000 | Time: 40.1421 | VAL: 0.9506 0.7917 | 0.0201 1.0000 | 0.0461 0.9799 | Time: 2.4206 | TEST: 0.8206 0.8205 | 0.0898 0.9754 | 0.1004 0.9722 | Time: 2.9149
Epoch: 0094 | TRAIN: 0.0002 1.0000 | 0.0001 1.0000 | 0.0001 1.0000 | Time: 40.0713 | VAL: 0.9470 0.7935 | 0.0175 1.0000 | 0.0427 0.9799 | Time: 2.4258 | TEST: 0.8242 0.8137 | 0.0853 0.9754 | 0.1052 0.9667 | Time: 2.8722
Epoch: 0095 | TRAIN: 0.0002 1.0000 | 0.0001 1.0000 | 0.0001 1.0000 | Time: 40.2617 | VAL: 0.9526 0.7953 | 0.0206 0.9888 | 0.0396 0.9866 | Time: 2.4675 | TEST: 0.8253 0.8154 | 0.0987 0.9754 | 0.1039 0.9722 | Time: 2.9099
Epoch: 0096 | TRAIN: 0.0002 1.0000 | 0.0001 1.0000 | 0.0001 1.0000 | Time: 40.1809 | VAL: 0.9435 0.7899 | 0.0260 0.9775 | 0.0413 0.9799 | Time: 2.4392 | TEST: 0.8200 0.8171 | 0.0875 0.9754 | 0.1085 0.9722 | Time: 2.8946
Epoch: 0097 | TRAIN: 0.0002 1.0000 | 0.0001 1.0000 | 0.0001 1.0000 | Time: 40.1844 | VAL: 0.9448 0.7899 | 0.0200 0.9888 | 0.0407 0.9866 | Time: 2.4494 | TEST: 0.8151 0.8171 | 0.0982 0.9754 | 0.1024 0.9667 | Time: 2.8887
Epoch: 0098 | TRAIN: 0.0002 1.0000 | 0.0001 1.0000 | 0.0001 1.0000 | Time: 40.2021 | VAL: 0.9505 0.7971 | 0.0242 0.9888 | 0.0430 0.9799 | Time: 2.4549 | TEST: 0.8248 0.8171 | 0.0967 0.9754 | 0.1081 0.9667 | Time: 2.8872
Epoch: 0099 | TRAIN: 0.0002 1.0000 | 0.0001 1.0000 | 0.0001 1.0000 | Time: 39.9628 | VAL: 0.9480 0.7971 | 0.0175 0.9888 | 0.0408 0.9866 | Time: 2.4257 | TEST: 0.8229 0.8188 | 0.1057 0.9754 | 0.1066 0.9667 | Time: 2.9273
========================================
Best Result: Epoch 21, result {'amazon': [0.7965811965811965], 'dslr': [0.9590163934426229], 'webcam': [0.9611111111111111]}
========================================
