========================================
General Configuration:
	Wighting: MoCo
	Architecture: HPS
	Rep_Grad: False
	Multi_Input: True
	Seed: 0
	Device: cuda:0
MoCo Configuration:
	weighting: MoCo
	beta_moco: 1.0
	gamma_moco: 0.01
	rho_moco: 1.0
	moco_gn: none
Optimizer Configuration:
	optim: adam
	lr: 1e-05
	weight_decay: 1e-05
========================================
Total Params: 11487901
Trainable Params: 11487901
Non-trainable Params: 0
========================================
LOG FORMAT | amazon_LOSS Acc | dslr_LOSS Acc | webcam_LOSS Acc | TIME
Epoch: 0000 | TRAIN: 3.4867 0.0487 | 3.3404 0.0829 | 3.3614 0.0871 | Time: 40.2732 | VAL: 3.3511 0.0670 | 3.1949 0.1236 | 3.1828 0.1745 | Time: 2.4236 | TEST: 3.3131 0.0718 | 3.2039 0.1066 | 3.1668 0.2222 | Time: 2.8531
Epoch: 0001 | TRAIN: 3.2636 0.1046 | 2.9371 0.2188 | 2.9178 0.2566 | Time: 39.7659 | VAL: 3.1540 0.1884 | 2.9394 0.2921 | 2.8821 0.3758 | Time: 2.4130 | TEST: 3.1196 0.2205 | 2.9536 0.3443 | 2.8869 0.3611 | Time: 2.8564
Epoch: 0002 | TRAIN: 3.0480 0.2049 | 2.6108 0.4153 | 2.5625 0.4303 | Time: 39.9814 | VAL: 2.9710 0.2790 | 2.6948 0.4607 | 2.6119 0.4832 | Time: 2.4485 | TEST: 2.9396 0.3248 | 2.7166 0.4590 | 2.6339 0.5278 | Time: 2.8985
Epoch: 0003 | TRAIN: 2.8695 0.2957 | 2.2523 0.6298 | 2.2279 0.6112 | Time: 40.1096 | VAL: 2.8165 0.3804 | 2.4574 0.5730 | 2.3815 0.5839 | Time: 2.4372 | TEST: 2.7873 0.4205 | 2.4819 0.5902 | 2.4156 0.6111 | Time: 2.9024
Epoch: 0004 | TRAIN: 2.6950 0.3858 | 1.9691 0.7764 | 1.9716 0.7266 | Time: 39.9908 | VAL: 2.6847 0.4583 | 2.2405 0.7191 | 2.2030 0.6846 | Time: 2.4231 | TEST: 2.6575 0.4821 | 2.2671 0.6721 | 2.2455 0.6833 | Time: 2.9151
Epoch: 0005 | TRAIN: 2.5693 0.4327 | 1.6900 0.8858 | 1.7529 0.8191 | Time: 39.8300 | VAL: 2.5807 0.5036 | 2.0550 0.7978 | 2.0493 0.7248 | Time: 2.4188 | TEST: 2.5580 0.5316 | 2.0880 0.7705 | 2.0975 0.7389 | Time: 2.8771
Epoch: 0006 | TRAIN: 2.4378 0.5114 | 1.4403 0.9507 | 1.5576 0.8702 | Time: 39.8039 | VAL: 2.4909 0.5580 | 1.8750 0.8427 | 1.9062 0.7852 | Time: 2.4025 | TEST: 2.4694 0.5812 | 1.9139 0.7951 | 1.9610 0.8056 | Time: 2.9005
Epoch: 0007 | TRAIN: 2.3724 0.5174 | 1.2514 0.9790 | 1.4148 0.9075 | Time: 39.5697 | VAL: 2.4089 0.5888 | 1.7102 0.8764 | 1.7738 0.8322 | Time: 2.3815 | TEST: 2.3891 0.6017 | 1.7619 0.8361 | 1.8352 0.8444 | Time: 2.8677
Epoch: 0008 | TRAIN: 2.2386 0.5781 | 1.0675 0.9862 | 1.2407 0.9453 | Time: 39.7183 | VAL: 2.3485 0.6069 | 1.5723 0.8764 | 1.6733 0.8523 | Time: 2.4253 | TEST: 2.3314 0.6171 | 1.6338 0.8689 | 1.7376 0.8500 | Time: 2.8610
Epoch: 0009 | TRAIN: 2.1832 0.5871 | 0.9178 0.9976 | 1.1311 0.9573 | Time: 39.8497 | VAL: 2.2875 0.6268 | 1.4605 0.8876 | 1.5882 0.8591 | Time: 2.4295 | TEST: 2.2719 0.6410 | 1.5233 0.8852 | 1.6592 0.8833 | Time: 2.8902
Epoch: 0010 | TRAIN: 2.1196 0.6286 | 0.7885 0.9982 | 1.0191 0.9700 | Time: 39.8166 | VAL: 2.2479 0.6504 | 1.3368 0.9101 | 1.5146 0.8859 | Time: 2.4336 | TEST: 2.2331 0.6564 | 1.4121 0.9016 | 1.5876 0.8889 | Time: 2.8688
Epoch: 0011 | TRAIN: 2.0635 0.6334 | 0.6751 0.9982 | 0.9286 0.9796 | Time: 39.8855 | VAL: 2.2033 0.6612 | 1.2428 0.9326 | 1.4424 0.8926 | Time: 2.4340 | TEST: 2.1926 0.6735 | 1.3211 0.9180 | 1.5139 0.9056 | Time: 2.8955
Epoch: 0012 | TRAIN: 2.0044 0.6725 | 0.5868 0.9994 | 0.8410 0.9898 | Time: 39.8965 | VAL: 2.1803 0.6630 | 1.1516 0.9438 | 1.3870 0.8926 | Time: 2.4163 | TEST: 2.1695 0.6769 | 1.2398 0.9180 | 1.4656 0.9056 | Time: 2.9066
Epoch: 0013 | TRAIN: 1.9831 0.6857 | 0.4931 0.9994 | 0.7615 0.9922 | Time: 39.8194 | VAL: 2.1501 0.6757 | 1.0747 0.9438 | 1.3416 0.8926 | Time: 2.4293 | TEST: 2.1403 0.6821 | 1.1661 0.9262 | 1.4211 0.9056 | Time: 2.8549
Epoch: 0014 | TRAIN: 1.9373 0.6851 | 0.4353 1.0000 | 0.7056 0.9958 | Time: 39.8747 | VAL: 2.1284 0.6812 | 1.0034 0.9551 | 1.2943 0.9128 | Time: 2.4195 | TEST: 2.1197 0.6855 | 1.0998 0.9262 | 1.3722 0.9056 | Time: 2.8683
Epoch: 0015 | TRAIN: 1.9124 0.7025 | 0.3687 1.0000 | 0.6558 0.9958 | Time: 39.9772 | VAL: 2.1072 0.6775 | 0.9453 0.9551 | 1.2532 0.9128 | Time: 2.4191 | TEST: 2.0998 0.6923 | 1.0389 0.9344 | 1.3322 0.9167 | Time: 2.8826
Epoch: 0016 | TRAIN: 1.9046 0.7043 | 0.3297 1.0000 | 0.6347 0.9970 | Time: 39.8387 | VAL: 2.0853 0.6848 | 0.8860 0.9888 | 1.2180 0.9195 | Time: 2.4209 | TEST: 2.0783 0.6906 | 0.9817 0.9262 | 1.3004 0.9222 | Time: 2.8701
Epoch: 0017 | TRAIN: 1.8759 0.7169 | 0.2873 1.0000 | 0.5852 0.9988 | Time: 39.8923 | VAL: 2.0786 0.6975 | 0.8432 0.9775 | 1.1879 0.9396 | Time: 2.4384 | TEST: 2.0738 0.6906 | 0.9434 0.9262 | 1.2694 0.9278 | Time: 2.8777
Epoch: 0018 | TRAIN: 1.8631 0.7067 | 0.2571 1.0000 | 0.5530 0.9982 | Time: 39.8483 | VAL: 2.0686 0.7047 | 0.8074 0.9888 | 1.1606 0.9463 | Time: 2.4333 | TEST: 2.0651 0.6957 | 0.9063 0.9262 | 1.2450 0.9278 | Time: 2.8750
Epoch: 0019 | TRAIN: 1.8216 0.7218 | 0.2381 1.0000 | 0.5368 0.9994 | Time: 39.8740 | VAL: 2.0543 0.7029 | 0.7674 0.9888 | 1.1410 0.9597 | Time: 2.4060 | TEST: 2.0507 0.6974 | 0.8664 0.9262 | 1.2287 0.9389 | Time: 2.8729
Epoch: 0020 | TRAIN: 1.8164 0.7248 | 0.2084 1.0000 | 0.5046 0.9988 | Time: 39.9180 | VAL: 2.0472 0.6975 | 0.7425 0.9888 | 1.1194 0.9597 | Time: 2.4393 | TEST: 2.0406 0.7026 | 0.8430 0.9262 | 1.2040 0.9333 | Time: 2.8869
Epoch: 0021 | TRAIN: 1.7952 0.7236 | 0.1880 1.0000 | 0.4848 0.9994 | Time: 40.0016 | VAL: 2.0399 0.7083 | 0.7144 0.9888 | 1.1088 0.9664 | Time: 2.4304 | TEST: 2.0356 0.6991 | 0.8173 0.9262 | 1.1949 0.9389 | Time: 2.8835
Epoch: 0022 | TRAIN: 1.7888 0.7284 | 0.1727 1.0000 | 0.4595 1.0000 | Time: 39.9726 | VAL: 2.0331 0.7156 | 0.6907 0.9775 | 1.0928 0.9597 | Time: 2.4263 | TEST: 2.0302 0.7009 | 0.7907 0.9344 | 1.1775 0.9389 | Time: 2.8593
Epoch: 0023 | TRAIN: 1.7854 0.7290 | 0.1654 1.0000 | 0.4421 1.0000 | Time: 39.9939 | VAL: 2.0265 0.7156 | 0.6768 0.9888 | 1.0762 0.9664 | Time: 2.4113 | TEST: 2.0223 0.7060 | 0.7766 0.9262 | 1.1615 0.9444 | Time: 2.8559
Epoch: 0024 | TRAIN: 1.7519 0.7470 | 0.1504 1.0000 | 0.4207 1.0000 | Time: 39.7267 | VAL: 2.0172 0.7156 | 0.6492 1.0000 | 1.0483 0.9664 | Time: 2.4120 | TEST: 2.0130 0.7060 | 0.7465 0.9344 | 1.1355 0.9500 | Time: 2.8494
Epoch: 0025 | TRAIN: 1.7398 0.7410 | 0.1399 1.0000 | 0.4113 0.9994 | Time: 39.8418 | VAL: 2.0088 0.7101 | 0.6342 1.0000 | 1.0374 0.9597 | Time: 2.4482 | TEST: 2.0046 0.7077 | 0.7339 0.9262 | 1.1235 0.9389 | Time: 2.8901
Epoch: 0026 | TRAIN: 1.7328 0.7446 | 0.1350 1.0000 | 0.3958 1.0000 | Time: 39.8791 | VAL: 2.0016 0.7192 | 0.6218 1.0000 | 1.0157 0.9664 | Time: 2.4420 | TEST: 1.9977 0.7111 | 0.7203 0.9262 | 1.1026 0.9389 | Time: 2.9075
Epoch: 0027 | TRAIN: 1.7169 0.7494 | 0.1254 1.0000 | 0.3800 1.0000 | Time: 40.1013 | VAL: 1.9914 0.7174 | 0.5973 1.0000 | 1.0095 0.9664 | Time: 2.4452 | TEST: 1.9889 0.7128 | 0.7011 0.9262 | 1.0967 0.9389 | Time: 2.8876
Epoch: 0028 | TRAIN: 1.7034 0.7566 | 0.1170 1.0000 | 0.3705 1.0000 | Time: 39.8497 | VAL: 1.9831 0.7210 | 0.5969 1.0000 | 0.9977 0.9664 | Time: 2.4242 | TEST: 1.9805 0.7043 | 0.6931 0.9262 | 1.0855 0.9444 | Time: 2.8704
Epoch: 0029 | TRAIN: 1.7055 0.7404 | 0.1107 1.0000 | 0.3555 1.0000 | Time: 39.9358 | VAL: 1.9732 0.7228 | 0.5728 0.9888 | 0.9771 0.9664 | Time: 2.4006 | TEST: 1.9726 0.7111 | 0.6763 0.9262 | 1.0648 0.9389 | Time: 2.8685
Epoch: 0030 | TRAIN: 1.6871 0.7458 | 0.1099 1.0000 | 0.3386 1.0000 | Time: 39.7102 | VAL: 1.9634 0.7283 | 0.5716 1.0000 | 0.9744 0.9664 | Time: 2.4377 | TEST: 1.9611 0.7214 | 0.6681 0.9344 | 1.0619 0.9444 | Time: 2.9055
Epoch: 0031 | TRAIN: 1.6766 0.7560 | 0.1002 1.0000 | 0.3257 1.0000 | Time: 39.8239 | VAL: 1.9526 0.7246 | 0.5544 1.0000 | 0.9564 0.9664 | Time: 2.4189 | TEST: 1.9525 0.7162 | 0.6572 0.9344 | 1.0456 0.9389 | Time: 2.8745
Epoch: 0032 | TRAIN: 1.6679 0.7530 | 0.0973 1.0000 | 0.3198 1.0000 | Time: 39.8707 | VAL: 1.9497 0.7301 | 0.5482 1.0000 | 0.9451 0.9530 | Time: 2.4325 | TEST: 1.9502 0.7145 | 0.6457 0.9344 | 1.0304 0.9444 | Time: 2.8807
Epoch: 0033 | TRAIN: 1.6499 0.7716 | 0.0884 1.0000 | 0.3091 1.0000 | Time: 39.8236 | VAL: 1.9423 0.7319 | 0.5449 1.0000 | 0.9357 0.9664 | Time: 2.4198 | TEST: 1.9424 0.7179 | 0.6397 0.9262 | 1.0266 0.9444 | Time: 2.8536
Epoch: 0034 | TRAIN: 1.6447 0.7554 | 0.0887 1.0000 | 0.3000 1.0000 | Time: 39.7736 | VAL: 1.9428 0.7355 | 0.5353 1.0000 | 0.9288 0.9664 | Time: 2.3977 | TEST: 1.9430 0.7197 | 0.6344 0.9344 | 1.0142 0.9500 | Time: 2.8547
Epoch: 0035 | TRAIN: 1.6316 0.7704 | 0.0858 1.0000 | 0.2843 1.0000 | Time: 39.7375 | VAL: 1.9284 0.7283 | 0.5210 1.0000 | 0.9099 0.9664 | Time: 2.4270 | TEST: 1.9283 0.7197 | 0.6195 0.9426 | 0.9969 0.9444 | Time: 2.8624
Epoch: 0036 | TRAIN: 1.6297 0.7602 | 0.0827 1.0000 | 0.2738 1.0000 | Time: 39.7659 | VAL: 1.9227 0.7355 | 0.5190 1.0000 | 0.8972 0.9664 | Time: 2.4110 | TEST: 1.9229 0.7265 | 0.6182 0.9344 | 0.9842 0.9500 | Time: 2.8706
Epoch: 0037 | TRAIN: 1.6025 0.7788 | 0.0786 1.0000 | 0.2640 1.0000 | Time: 39.8715 | VAL: 1.9051 0.7301 | 0.5114 1.0000 | 0.8769 0.9732 | Time: 2.4370 | TEST: 1.9066 0.7248 | 0.6117 0.9426 | 0.9636 0.9444 | Time: 2.8919
Epoch: 0038 | TRAIN: 1.5857 0.7794 | 0.0766 1.0000 | 0.2623 1.0000 | Time: 39.7174 | VAL: 1.9069 0.7337 | 0.5062 1.0000 | 0.8731 0.9664 | Time: 2.4216 | TEST: 1.9086 0.7231 | 0.6064 0.9344 | 0.9610 0.9556 | Time: 2.8686
Epoch: 0039 | TRAIN: 1.6021 0.7740 | 0.0707 1.0000 | 0.2428 1.0000 | Time: 39.6144 | VAL: 1.8945 0.7355 | 0.5071 1.0000 | 0.8608 0.9597 | Time: 2.4185 | TEST: 1.8964 0.7265 | 0.6083 0.9426 | 0.9508 0.9556 | Time: 2.8582
Epoch: 0040 | TRAIN: 1.5773 0.7692 | 0.0708 1.0000 | 0.2375 1.0000 | Time: 39.7071 | VAL: 1.8882 0.7283 | 0.4936 1.0000 | 0.8410 0.9732 | Time: 2.4307 | TEST: 1.8881 0.7299 | 0.5954 0.9262 | 0.9289 0.9500 | Time: 2.8890
Epoch: 0041 | TRAIN: 1.5710 0.7831 | 0.0679 1.0000 | 0.2281 1.0000 | Time: 39.6486 | VAL: 1.8872 0.7301 | 0.4921 1.0000 | 0.8396 0.9664 | Time: 2.4070 | TEST: 1.8897 0.7282 | 0.5951 0.9344 | 0.9274 0.9556 | Time: 2.8570
Epoch: 0042 | TRAIN: 1.5460 0.7812 | 0.0680 1.0000 | 0.2158 1.0000 | Time: 39.7844 | VAL: 1.8769 0.7319 | 0.4864 1.0000 | 0.8249 0.9597 | Time: 2.4075 | TEST: 1.8788 0.7265 | 0.5880 0.9508 | 0.9082 0.9500 | Time: 2.8835
Epoch: 0043 | TRAIN: 1.5505 0.7812 | 0.0645 1.0000 | 0.2101 1.0000 | Time: 39.8891 | VAL: 1.8694 0.7373 | 0.4917 1.0000 | 0.8108 0.9732 | Time: 2.4177 | TEST: 1.8699 0.7282 | 0.5907 0.9508 | 0.8988 0.9556 | Time: 2.8914
Epoch: 0044 | TRAIN: 1.5399 0.7819 | 0.0616 1.0000 | 0.1973 1.0000 | Time: 39.8351 | VAL: 1.8546 0.7373 | 0.4840 1.0000 | 0.7894 0.9732 | Time: 2.4393 | TEST: 1.8583 0.7282 | 0.5772 0.9426 | 0.8759 0.9500 | Time: 2.8895
Epoch: 0045 | TRAIN: 1.5392 0.7782 | 0.0580 1.0000 | 0.1932 1.0000 | Time: 39.7740 | VAL: 1.8483 0.7446 | 0.4754 1.0000 | 0.7850 0.9664 | Time: 2.4170 | TEST: 1.8508 0.7265 | 0.5743 0.9508 | 0.8701 0.9556 | Time: 2.8847
Epoch: 0046 | TRAIN: 1.5100 0.7843 | 0.0594 1.0000 | 0.1877 1.0000 | Time: 39.6649 | VAL: 1.8394 0.7428 | 0.4806 1.0000 | 0.7698 0.9732 | Time: 2.4209 | TEST: 1.8411 0.7299 | 0.5803 0.9426 | 0.8549 0.9500 | Time: 2.8757
Epoch: 0047 | TRAIN: 1.4950 0.7927 | 0.0591 1.0000 | 0.1791 1.0000 | Time: 39.7919 | VAL: 1.8354 0.7355 | 0.4750 1.0000 | 0.7660 0.9732 | Time: 2.4401 | TEST: 1.8385 0.7248 | 0.5790 0.9426 | 0.8470 0.9500 | Time: 2.8802
Epoch: 0048 | TRAIN: 1.5153 0.7837 | 0.0583 1.0000 | 0.1708 1.0000 | Time: 39.8291 | VAL: 1.8267 0.7428 | 0.4704 0.9888 | 0.7412 0.9664 | Time: 2.4305 | TEST: 1.8316 0.7299 | 0.5687 0.9426 | 0.8294 0.9556 | Time: 2.8634
Epoch: 0049 | TRAIN: 1.4893 0.7957 | 0.0568 1.0000 | 0.1608 1.0000 | Time: 39.7808 | VAL: 1.8250 0.7409 | 0.4625 1.0000 | 0.7384 0.9664 | Time: 2.4137 | TEST: 1.8283 0.7316 | 0.5690 0.9508 | 0.8222 0.9556 | Time: 2.8800
Epoch: 0050 | TRAIN: 1.4802 0.7975 | 0.0556 1.0000 | 0.1614 1.0000 | Time: 39.7751 | VAL: 1.8171 0.7500 | 0.4707 1.0000 | 0.7321 0.9732 | Time: 2.4428 | TEST: 1.8203 0.7350 | 0.5700 0.9426 | 0.8209 0.9556 | Time: 2.8916
Epoch: 0051 | TRAIN: 1.4719 0.7843 | 0.0519 1.0000 | 0.1509 1.0000 | Time: 39.7502 | VAL: 1.8116 0.7536 | 0.4641 1.0000 | 0.7180 0.9664 | Time: 2.4181 | TEST: 1.8144 0.7333 | 0.5686 0.9344 | 0.8063 0.9556 | Time: 2.8653
Epoch: 0052 | TRAIN: 1.4573 0.8035 | 0.0514 1.0000 | 0.1405 1.0000 | Time: 39.7565 | VAL: 1.8026 0.7482 | 0.4610 1.0000 | 0.7045 0.9732 | Time: 2.4166 | TEST: 1.8051 0.7368 | 0.5640 0.9508 | 0.7911 0.9667 | Time: 2.8883
Epoch: 0053 | TRAIN: 1.4490 0.7939 | 0.0492 1.0000 | 0.1358 1.0000 | Time: 39.7698 | VAL: 1.7938 0.7518 | 0.4606 1.0000 | 0.6890 0.9732 | Time: 2.3809 | TEST: 1.7959 0.7316 | 0.5667 0.9426 | 0.7719 0.9556 | Time: 2.8791
Epoch: 0054 | TRAIN: 1.4498 0.7873 | 0.0489 1.0000 | 0.1333 1.0000 | Time: 39.6889 | VAL: 1.7895 0.7500 | 0.4573 1.0000 | 0.6811 0.9732 | Time: 2.4013 | TEST: 1.7945 0.7385 | 0.5668 0.9344 | 0.7648 0.9556 | Time: 2.8529
Epoch: 0055 | TRAIN: 1.4209 0.7933 | 0.0482 1.0000 | 0.1267 1.0000 | Time: 39.8710 | VAL: 1.7798 0.7572 | 0.4619 1.0000 | 0.6736 0.9664 | Time: 2.4360 | TEST: 1.7829 0.7350 | 0.5709 0.9344 | 0.7608 0.9556 | Time: 2.8702
Epoch: 0056 | TRAIN: 1.4241 0.7963 | 0.0478 1.0000 | 0.1240 1.0000 | Time: 39.9761 | VAL: 1.7760 0.7627 | 0.4556 1.0000 | 0.6591 0.9732 | Time: 2.4329 | TEST: 1.7778 0.7419 | 0.5629 0.9426 | 0.7462 0.9667 | Time: 2.8940
Epoch: 0057 | TRAIN: 1.4196 0.7939 | 0.0447 1.0000 | 0.1195 1.0000 | Time: 40.0555 | VAL: 1.7663 0.7609 | 0.4602 1.0000 | 0.6477 0.9732 | Time: 2.3928 | TEST: 1.7720 0.7368 | 0.5653 0.9426 | 0.7358 0.9611 | Time: 2.8581
Epoch: 0058 | TRAIN: 1.4147 0.8053 | 0.0462 1.0000 | 0.1102 1.0000 | Time: 39.6941 | VAL: 1.7595 0.7681 | 0.4532 1.0000 | 0.6416 0.9732 | Time: 2.4227 | TEST: 1.7646 0.7419 | 0.5564 0.9508 | 0.7248 0.9556 | Time: 2.8678
Epoch: 0059 | TRAIN: 1.4007 0.7963 | 0.0439 1.0000 | 0.1082 1.0000 | Time: 39.8729 | VAL: 1.7476 0.7554 | 0.4493 1.0000 | 0.6255 0.9732 | Time: 2.4223 | TEST: 1.7506 0.7419 | 0.5529 0.9426 | 0.7126 0.9611 | Time: 2.8873
Epoch: 0060 | TRAIN: 1.3930 0.8011 | 0.0440 1.0000 | 0.1042 1.0000 | Time: 39.8741 | VAL: 1.7502 0.7627 | 0.4590 1.0000 | 0.6247 0.9732 | Time: 2.4467 | TEST: 1.7568 0.7419 | 0.5614 0.9508 | 0.7086 0.9611 | Time: 2.8796
Epoch: 0061 | TRAIN: 1.3684 0.8053 | 0.0427 1.0000 | 0.0984 1.0000 | Time: 39.8168 | VAL: 1.7365 0.7609 | 0.4513 1.0000 | 0.6075 0.9732 | Time: 2.4144 | TEST: 1.7421 0.7470 | 0.5553 0.9508 | 0.6920 0.9611 | Time: 2.8954
Epoch: 0062 | TRAIN: 1.3578 0.8119 | 0.0429 1.0000 | 0.0955 1.0000 | Time: 39.9608 | VAL: 1.7433 0.7572 | 0.4523 1.0000 | 0.6148 0.9664 | Time: 2.4380 | TEST: 1.7456 0.7487 | 0.5659 0.9508 | 0.6979 0.9611 | Time: 2.9128
Epoch: 0063 | TRAIN: 1.3428 0.8227 | 0.0415 1.0000 | 0.0901 1.0000 | Time: 39.8389 | VAL: 1.7254 0.7645 | 0.4601 1.0000 | 0.5973 0.9732 | Time: 2.4346 | TEST: 1.7288 0.7470 | 0.5616 0.9508 | 0.6853 0.9611 | Time: 2.8651
Epoch: 0064 | TRAIN: 1.3515 0.8143 | 0.0408 1.0000 | 0.0871 1.0000 | Time: 40.0326 | VAL: 1.7282 0.7663 | 0.4558 1.0000 | 0.5908 0.9732 | Time: 2.4351 | TEST: 1.7309 0.7470 | 0.5617 0.9426 | 0.6793 0.9556 | Time: 2.8844
Epoch: 0065 | TRAIN: 1.3256 0.8197 | 0.0420 1.0000 | 0.0835 1.0000 | Time: 39.9614 | VAL: 1.7190 0.7591 | 0.4532 1.0000 | 0.5803 0.9732 | Time: 2.4440 | TEST: 1.7228 0.7504 | 0.5625 0.9590 | 0.6668 0.9667 | Time: 2.8866
Epoch: 0066 | TRAIN: 1.3230 0.8137 | 0.0387 1.0000 | 0.0821 1.0000 | Time: 39.8229 | VAL: 1.7140 0.7591 | 0.4499 1.0000 | 0.5787 0.9732 | Time: 2.3971 | TEST: 1.7180 0.7521 | 0.5611 0.9508 | 0.6655 0.9667 | Time: 2.8375
Epoch: 0067 | TRAIN: 1.3123 0.8221 | 0.0404 1.0000 | 0.0792 1.0000 | Time: 39.9079 | VAL: 1.7158 0.7699 | 0.4561 1.0000 | 0.5660 0.9732 | Time: 2.4066 | TEST: 1.7217 0.7504 | 0.5659 0.9508 | 0.6556 0.9667 | Time: 2.8474
Epoch: 0068 | TRAIN: 1.3091 0.8191 | 0.0380 1.0000 | 0.0717 1.0000 | Time: 39.7787 | VAL: 1.6982 0.7699 | 0.4476 1.0000 | 0.5648 0.9664 | Time: 2.4065 | TEST: 1.7069 0.7573 | 0.5617 0.9344 | 0.6498 0.9611 | Time: 2.8444
Epoch: 0069 | TRAIN: 1.3042 0.8245 | 0.0376 1.0000 | 0.0696 1.0000 | Time: 40.0054 | VAL: 1.6938 0.7717 | 0.4582 1.0000 | 0.5515 0.9799 | Time: 2.4345 | TEST: 1.7001 0.7573 | 0.5630 0.9508 | 0.6347 0.9667 | Time: 2.8643
Epoch: 0070 | TRAIN: 1.2941 0.8191 | 0.0368 1.0000 | 0.0704 1.0000 | Time: 39.6340 | VAL: 1.6898 0.7681 | 0.4507 1.0000 | 0.5506 0.9732 | Time: 2.3872 | TEST: 1.6961 0.7453 | 0.5629 0.9590 | 0.6342 0.9667 | Time: 2.8166
Epoch: 0071 | TRAIN: 1.2960 0.8269 | 0.0373 1.0000 | 0.0659 1.0000 | Time: 39.4158 | VAL: 1.6802 0.7717 | 0.4557 1.0000 | 0.5386 0.9732 | Time: 2.3711 | TEST: 1.6868 0.7573 | 0.5646 0.9508 | 0.6237 0.9611 | Time: 2.8499
Epoch: 0072 | TRAIN: 1.2681 0.8251 | 0.0363 1.0000 | 0.0646 1.0000 | Time: 39.5555 | VAL: 1.6750 0.7681 | 0.4528 1.0000 | 0.5322 0.9664 | Time: 2.3945 | TEST: 1.6797 0.7590 | 0.5610 0.9426 | 0.6195 0.9611 | Time: 2.8624
Epoch: 0073 | TRAIN: 1.2822 0.8155 | 0.0363 1.0000 | 0.0632 1.0000 | Time: 39.5827 | VAL: 1.6713 0.7717 | 0.4529 1.0000 | 0.5241 0.9732 | Time: 2.4154 | TEST: 1.6764 0.7607 | 0.5619 0.9508 | 0.6117 0.9667 | Time: 2.8891
Epoch: 0074 | TRAIN: 1.2577 0.8299 | 0.0342 1.0000 | 0.0590 1.0000 | Time: 39.6070 | VAL: 1.6622 0.7681 | 0.4510 1.0000 | 0.5208 0.9732 | Time: 2.4332 | TEST: 1.6695 0.7538 | 0.5624 0.9426 | 0.6006 0.9611 | Time: 2.8786
Epoch: 0075 | TRAIN: 1.2589 0.8287 | 0.0346 1.0000 | 0.0583 1.0000 | Time: 39.6232 | VAL: 1.6520 0.7681 | 0.4510 1.0000 | 0.5101 0.9732 | Time: 2.4326 | TEST: 1.6586 0.7590 | 0.5628 0.9508 | 0.5936 0.9667 | Time: 2.8808
Epoch: 0076 | TRAIN: 1.2525 0.8335 | 0.0349 1.0000 | 0.0551 1.0000 | Time: 39.4734 | VAL: 1.6561 0.7699 | 0.4557 1.0000 | 0.5081 0.9664 | Time: 2.4302 | TEST: 1.6631 0.7590 | 0.5674 0.9508 | 0.5930 0.9667 | Time: 2.8628
Epoch: 0077 | TRAIN: 1.2448 0.8269 | 0.0339 1.0000 | 0.0528 1.0000 | Time: 39.4723 | VAL: 1.6491 0.7681 | 0.4504 1.0000 | 0.5090 0.9664 | Time: 2.3780 | TEST: 1.6584 0.7590 | 0.5663 0.9508 | 0.5935 0.9667 | Time: 2.8398
Epoch: 0078 | TRAIN: 1.2181 0.8431 | 0.0336 1.0000 | 0.0519 1.0000 | Time: 39.4602 | VAL: 1.6345 0.7736 | 0.4495 1.0000 | 0.5016 0.9732 | Time: 2.4234 | TEST: 1.6437 0.7590 | 0.5600 0.9426 | 0.5860 0.9667 | Time: 2.8565
Epoch: 0079 | TRAIN: 1.2304 0.8215 | 0.0319 1.0000 | 0.0513 1.0000 | Time: 39.4541 | VAL: 1.6372 0.7717 | 0.4551 1.0000 | 0.4953 0.9732 | Time: 2.4198 | TEST: 1.6464 0.7624 | 0.5659 0.9508 | 0.5813 0.9667 | Time: 2.8841
Epoch: 0080 | TRAIN: 1.2056 0.8395 | 0.0311 1.0000 | 0.0482 1.0000 | Time: 39.3847 | VAL: 1.6285 0.7736 | 0.4498 1.0000 | 0.4902 0.9732 | Time: 2.4056 | TEST: 1.6375 0.7590 | 0.5622 0.9426 | 0.5716 0.9667 | Time: 2.8389
Epoch: 0081 | TRAIN: 1.2247 0.8263 | 0.0323 1.0000 | 0.0479 1.0000 | Time: 39.5087 | VAL: 1.6215 0.7754 | 0.4546 1.0000 | 0.4795 0.9664 | Time: 2.4006 | TEST: 1.6283 0.7641 | 0.5635 0.9426 | 0.5670 0.9667 | Time: 2.8509
Epoch: 0082 | TRAIN: 1.1936 0.8438 | 0.0309 1.0000 | 0.0456 1.0000 | Time: 39.6537 | VAL: 1.6120 0.7699 | 0.4439 1.0000 | 0.4733 0.9664 | Time: 2.4525 | TEST: 1.6221 0.7641 | 0.5590 0.9426 | 0.5535 0.9556 | Time: 2.8737
Epoch: 0083 | TRAIN: 1.1946 0.8287 | 0.0301 1.0000 | 0.0439 1.0000 | Time: 39.3183 | VAL: 1.6106 0.7717 | 0.4484 1.0000 | 0.4757 0.9799 | Time: 2.4010 | TEST: 1.6209 0.7624 | 0.5566 0.9508 | 0.5615 0.9667 | Time: 2.8582
Epoch: 0084 | TRAIN: 1.1770 0.8401 | 0.0301 1.0000 | 0.0434 1.0000 | Time: 39.6080 | VAL: 1.6022 0.7736 | 0.4487 1.0000 | 0.4687 0.9799 | Time: 2.4227 | TEST: 1.6106 0.7641 | 0.5568 0.9426 | 0.5541 0.9667 | Time: 2.8745
Epoch: 0085 | TRAIN: 1.1792 0.8377 | 0.0290 1.0000 | 0.0429 1.0000 | Time: 39.6373 | VAL: 1.5943 0.7754 | 0.4467 1.0000 | 0.4651 0.9732 | Time: 2.4282 | TEST: 1.6055 0.7624 | 0.5549 0.9426 | 0.5531 0.9667 | Time: 2.8533
Epoch: 0086 | TRAIN: 1.1597 0.8419 | 0.0297 1.0000 | 0.0418 1.0000 | Time: 39.7139 | VAL: 1.5931 0.7681 | 0.4437 1.0000 | 0.4656 0.9732 | Time: 2.4435 | TEST: 1.6011 0.7692 | 0.5573 0.9508 | 0.5505 0.9667 | Time: 2.8814
Epoch: 0087 | TRAIN: 1.1582 0.8407 | 0.0290 1.0000 | 0.0403 1.0000 | Time: 39.7781 | VAL: 1.5867 0.7717 | 0.4463 1.0000 | 0.4605 0.9732 | Time: 2.4265 | TEST: 1.5958 0.7641 | 0.5562 0.9508 | 0.5469 0.9667 | Time: 2.8761
Epoch: 0088 | TRAIN: 1.1508 0.8395 | 0.0288 1.0000 | 0.0387 1.0000 | Time: 39.7790 | VAL: 1.5840 0.7717 | 0.4538 1.0000 | 0.4589 0.9732 | Time: 2.4383 | TEST: 1.5935 0.7675 | 0.5608 0.9426 | 0.5466 0.9667 | Time: 2.8692
Epoch: 0089 | TRAIN: 1.1528 0.8257 | 0.0272 1.0000 | 0.0377 1.0000 | Time: 39.6642 | VAL: 1.5712 0.7754 | 0.4493 1.0000 | 0.4535 0.9732 | Time: 2.4054 | TEST: 1.5806 0.7692 | 0.5590 0.9344 | 0.5407 0.9611 | Time: 2.8740
Epoch: 0090 | TRAIN: 1.1460 0.8383 | 0.0270 1.0000 | 0.0372 1.0000 | Time: 39.5546 | VAL: 1.5686 0.7717 | 0.4466 1.0000 | 0.4542 0.9732 | Time: 2.3954 | TEST: 1.5771 0.7709 | 0.5592 0.9426 | 0.5387 0.9611 | Time: 2.8469
Epoch: 0091 | TRAIN: 1.1265 0.8552 | 0.0274 1.0000 | 0.0360 1.0000 | Time: 39.6432 | VAL: 1.5614 0.7717 | 0.4485 1.0000 | 0.4484 0.9732 | Time: 2.3993 | TEST: 1.5724 0.7675 | 0.5596 0.9426 | 0.5289 0.9667 | Time: 2.8339
Epoch: 0092 | TRAIN: 1.1295 0.8504 | 0.0262 1.0000 | 0.0351 1.0000 | Time: 39.5984 | VAL: 1.5506 0.7736 | 0.4448 1.0000 | 0.4482 0.9732 | Time: 2.3911 | TEST: 1.5616 0.7709 | 0.5598 0.9344 | 0.5350 0.9611 | Time: 2.8423
Epoch: 0093 | TRAIN: 1.1258 0.8431 | 0.0252 1.0000 | 0.0350 1.0000 | Time: 39.4597 | VAL: 1.5514 0.7736 | 0.4440 1.0000 | 0.4428 0.9732 | Time: 2.3966 | TEST: 1.5612 0.7675 | 0.5584 0.9426 | 0.5282 0.9722 | Time: 2.8718
Epoch: 0094 | TRAIN: 1.1071 0.8516 | 0.0254 1.0000 | 0.0335 1.0000 | Time: 39.4521 | VAL: 1.5477 0.7772 | 0.4443 1.0000 | 0.4378 0.9732 | Time: 2.3915 | TEST: 1.5592 0.7744 | 0.5514 0.9426 | 0.5262 0.9667 | Time: 2.8600
Epoch: 0095 | TRAIN: 1.1026 0.8492 | 0.0244 1.0000 | 0.0324 1.0000 | Time: 39.4502 | VAL: 1.5330 0.7754 | 0.4399 1.0000 | 0.4301 0.9799 | Time: 2.4255 | TEST: 1.5436 0.7795 | 0.5548 0.9344 | 0.5152 0.9667 | Time: 2.8838
Epoch: 0096 | TRAIN: 1.0930 0.8510 | 0.0243 1.0000 | 0.0317 1.0000 | Time: 39.5288 | VAL: 1.5375 0.7754 | 0.4433 1.0000 | 0.4332 0.9732 | Time: 2.3890 | TEST: 1.5469 0.7795 | 0.5579 0.9508 | 0.5188 0.9611 | Time: 2.8284
Epoch: 0097 | TRAIN: 1.0689 0.8618 | 0.0238 1.0000 | 0.0324 1.0000 | Time: 39.5434 | VAL: 1.5288 0.7717 | 0.4437 1.0000 | 0.4328 0.9732 | Time: 2.4040 | TEST: 1.5410 0.7761 | 0.5571 0.9426 | 0.5165 0.9667 | Time: 2.8729
Epoch: 0098 | TRAIN: 1.0796 0.8492 | 0.0236 1.0000 | 0.0297 1.0000 | Time: 39.6170 | VAL: 1.5256 0.7736 | 0.4452 1.0000 | 0.4333 0.9732 | Time: 2.4148 | TEST: 1.5355 0.7778 | 0.5571 0.9262 | 0.5151 0.9667 | Time: 2.8733
Epoch: 0099 | TRAIN: 1.0775 0.8462 | 0.0241 1.0000 | 0.0315 1.0000 | Time: 39.6805 | VAL: 1.5154 0.7754 | 0.4444 1.0000 | 0.4301 0.9732 | Time: 2.3798 | TEST: 1.5246 0.7726 | 0.5571 0.9426 | 0.5108 0.9667 | Time: 2.8516
========================================
Best Result: Epoch 95, result {'amazon': [0.7794871794871795], 'dslr': [0.9344262295081968], 'webcam': [0.9666666666666667]}
========================================
