========================================
General Configuration:
	Wighting: MoCo
	Architecture: HPS
	Rep_Grad: False
	Multi_Input: True
	Seed: 0
	Device: cuda:0
MoCo Configuration:
	weighting: MoCo
	beta_moco: 1.0
	gamma_moco: 0.1
	rho_moco: 0.01
	moco_gn: none
Optimizer Configuration:
	optim: adam
	lr: 0.01
	weight_decay: 1e-05
========================================
Total Params: 11487901
Trainable Params: 11487901
Non-trainable Params: 0
========================================
LOG FORMAT | amazon_LOSS Acc | dslr_LOSS Acc | webcam_LOSS Acc | TIME
Epoch: 0000 | TRAIN: 3.8256 0.0415 | 3.3140 0.1094 | 3.2662 0.1262 | Time: 40.8442 | VAL: 6.3141 0.0471 | 7.8904 0.0562 | 3.6213 0.1745 | Time: 2.4597 | TEST: 6.2162 0.0513 | 7.7190 0.0656 | 3.5145 0.1611 | Time: 2.8862
Epoch: 0001 | TRAIN: 3.6964 0.0895 | 2.3591 0.2806 | 2.3363 0.3023 | Time: 40.0190 | VAL: 4.9959 0.0598 | 7.9627 0.0787 | 2.6563 0.2483 | Time: 2.4648 | TEST: 5.0324 0.0632 | 9.5026 0.1230 | 2.6646 0.2889 | Time: 2.8717
Epoch: 0002 | TRAIN: 3.4907 0.1256 | 1.8075 0.4429 | 1.9952 0.3876 | Time: 40.4572 | VAL: 4.7367 0.0562 | 5.5801 0.0899 | 2.3645 0.3423 | Time: 2.4588 | TEST: 4.8266 0.0598 | 4.8000 0.1475 | 2.4207 0.3222 | Time: 3.1384
Epoch: 0003 | TRAIN: 3.3698 0.1707 | 1.3139 0.5751 | 1.6310 0.4790 | Time: 39.9832 | VAL: 5.6219 0.0761 | 5.5050 0.1236 | 1.9705 0.4094 | Time: 2.4086 | TEST: 5.7141 0.0564 | 4.8113 0.1967 | 2.0863 0.3556 | Time: 2.8738
Epoch: 0004 | TRAIN: 3.2207 0.2055 | 0.9679 0.6821 | 1.2944 0.5823 | Time: 40.5038 | VAL: 5.7518 0.0598 | 5.5334 0.1798 | 2.4991 0.3221 | Time: 2.4927 | TEST: 5.4827 0.0632 | 4.9826 0.2869 | 2.6489 0.3278 | Time: 2.8986
Epoch: 0005 | TRAIN: 2.8774 0.2386 | 0.6372 0.7849 | 1.0138 0.6569 | Time: 41.2843 | VAL: 5.1560 0.0688 | 5.1706 0.2472 | 1.5210 0.5772 | Time: 2.4487 | TEST: 5.0347 0.0632 | 4.9406 0.2951 | 1.7704 0.4833 | Time: 2.8960
Epoch: 0006 | TRAIN: 2.6773 0.2674 | 0.3583 0.8918 | 0.6831 0.7632 | Time: 41.1229 | VAL: 4.4444 0.1014 | 4.8092 0.2022 | 1.3846 0.6040 | Time: 2.4710 | TEST: 4.3378 0.1026 | 4.5092 0.2295 | 1.5577 0.5444 | Time: 3.1081
Epoch: 0007 | TRAIN: 2.4390 0.3329 | 0.2267 0.9327 | 0.4646 0.8444 | Time: 40.4760 | VAL: 4.9580 0.0833 | 5.5073 0.2022 | 2.0682 0.4765 | Time: 2.5326 | TEST: 4.8214 0.0735 | 4.9495 0.2951 | 2.2837 0.4444 | Time: 2.9162
Epoch: 0008 | TRAIN: 2.3466 0.3564 | 0.1620 0.9507 | 0.4019 0.8666 | Time: 40.4054 | VAL: 5.6738 0.0707 | 4.2173 0.2921 | 1.1440 0.6913 | Time: 2.4170 | TEST: 5.6365 0.0786 | 3.9570 0.3443 | 1.5546 0.5889 | Time: 3.0100
Epoch: 0009 | TRAIN: 2.2182 0.3792 | 0.1156 0.9718 | 0.2901 0.9032 | Time: 40.1448 | VAL: 7.1476 0.0634 | 5.4524 0.2584 | 1.7664 0.5772 | Time: 2.4162 | TEST: 7.2029 0.0752 | 4.8686 0.3689 | 2.0184 0.5000 | Time: 2.8682
Epoch: 0010 | TRAIN: 2.1510 0.4026 | 0.0748 0.9832 | 0.1743 0.9471 | Time: 40.3030 | VAL: 4.4763 0.1359 | 4.6904 0.2809 | 0.6732 0.8255 | Time: 2.5808 | TEST: 4.4087 0.1504 | 4.4126 0.4180 | 1.0745 0.7444 | Time: 2.8952
Epoch: 0011 | TRAIN: 2.0588 0.4153 | 0.0555 0.9856 | 0.1511 0.9519 | Time: 41.2349 | VAL: 6.5660 0.1069 | 5.0445 0.3820 | 1.5504 0.6376 | Time: 2.4172 | TEST: 6.4967 0.1077 | 4.8329 0.4098 | 1.6599 0.6056 | Time: 2.8661
Epoch: 0012 | TRAIN: 2.0306 0.4129 | 0.0539 0.9874 | 0.1269 0.9585 | Time: 40.8114 | VAL: 7.4781 0.0598 | 4.0514 0.3146 | 1.0190 0.7919 | Time: 2.6501 | TEST: 7.6173 0.0564 | 4.0910 0.3607 | 1.2043 0.7167 | Time: 2.8939
Epoch: 0013 | TRAIN: 1.9661 0.4393 | 0.0268 0.9952 | 0.1150 0.9657 | Time: 40.7010 | VAL: 4.9251 0.1431 | 3.9605 0.3371 | 0.7281 0.8255 | Time: 2.5089 | TEST: 4.8533 0.1350 | 3.8592 0.3770 | 1.1071 0.7667 | Time: 3.2986
Epoch: 0014 | TRAIN: 1.9143 0.4537 | 0.0529 0.9838 | 0.1144 0.9639 | Time: 40.8083 | VAL: 5.9426 0.1123 | 5.4348 0.2809 | 1.6217 0.6577 | Time: 2.5897 | TEST: 5.9396 0.0974 | 4.9701 0.4016 | 1.9022 0.6000 | Time: 3.0719
Epoch: 0015 | TRAIN: 2.0236 0.4435 | 0.0607 0.9802 | 0.0984 0.9694 | Time: 40.9339 | VAL: 7.8570 0.0833 | 4.4014 0.2584 | 1.0643 0.7651 | Time: 2.4374 | TEST: 7.8955 0.0838 | 4.3686 0.3115 | 1.5755 0.7000 | Time: 2.8888
Epoch: 0016 | TRAIN: 2.0446 0.4213 | 0.0434 0.9862 | 0.1431 0.9525 | Time: 40.2741 | VAL: 6.1118 0.0978 | 4.0681 0.3483 | 1.5276 0.6980 | Time: 2.4609 | TEST: 6.0593 0.1094 | 3.9128 0.4426 | 1.6363 0.6333 | Time: 2.9425
Epoch: 0017 | TRAIN: 2.0118 0.4273 | 0.0633 0.9826 | 0.1291 0.9585 | Time: 40.2409 | VAL: 6.5838 0.0870 | 4.5500 0.3034 | 0.9052 0.7785 | Time: 2.4150 | TEST: 6.5095 0.0923 | 4.3231 0.4262 | 1.0625 0.7833 | Time: 2.8937
Epoch: 0018 | TRAIN: 1.9854 0.4363 | 0.0501 0.9868 | 0.1042 0.9694 | Time: 39.9691 | VAL: 5.9920 0.1069 | 4.0093 0.3933 | 1.3792 0.7047 | Time: 2.4230 | TEST: 5.8538 0.1316 | 3.9712 0.4508 | 1.7720 0.6222 | Time: 2.8987
Epoch: 0019 | TRAIN: 1.9219 0.4525 | 0.0273 0.9940 | 0.0919 0.9688 | Time: 40.1360 | VAL: 4.9785 0.1793 | 5.3520 0.2360 | 1.1201 0.8121 | Time: 2.4443 | TEST: 4.8782 0.2205 | 5.0266 0.3443 | 1.3886 0.7389 | Time: 2.8792
Epoch: 0020 | TRAIN: 1.9509 0.4411 | 0.0340 0.9886 | 0.0884 0.9712 | Time: 40.3999 | VAL: 4.6863 0.1902 | 5.3186 0.2472 | 1.3618 0.7315 | Time: 2.5796 | TEST: 4.5212 0.1915 | 5.0136 0.4344 | 1.8381 0.6556 | Time: 2.9279
Epoch: 0021 | TRAIN: 1.9597 0.4561 | 0.0281 0.9916 | 0.0745 0.9766 | Time: 40.2698 | VAL: 4.5112 0.1667 | 4.8092 0.3258 | 1.0352 0.7987 | Time: 2.4141 | TEST: 4.4924 0.1846 | 4.4427 0.4016 | 1.2425 0.7333 | Time: 3.0179
Epoch: 0022 | TRAIN: 1.8557 0.4633 | 0.0074 0.9994 | 0.0438 0.9856 | Time: 40.1389 | VAL: 6.3494 0.1268 | 4.5065 0.3371 | 1.1451 0.7919 | Time: 2.4470 | TEST: 6.3635 0.1316 | 4.0862 0.4590 | 1.1592 0.7833 | Time: 2.9119
Epoch: 0023 | TRAIN: 1.7861 0.4778 | 0.0237 0.9928 | 0.0443 0.9880 | Time: 40.1182 | VAL: 5.5683 0.1902 | 5.7631 0.2809 | 1.6122 0.7181 | Time: 2.4335 | TEST: 5.5701 0.1778 | 5.3553 0.3033 | 1.9950 0.6278 | Time: 2.8699
Epoch: 0024 | TRAIN: 2.0175 0.4477 | 0.0353 0.9886 | 0.1087 0.9651 | Time: 39.9700 | VAL: 5.7994 0.1413 | 5.2653 0.2921 | 1.5980 0.6913 | Time: 2.4793 | TEST: 5.7731 0.1333 | 4.8353 0.4098 | 1.6832 0.7056 | Time: 2.9734
Epoch: 0025 | TRAIN: 2.1161 0.4243 | 0.0518 0.9838 | 0.1525 0.9531 | Time: 40.3202 | VAL: 6.8152 0.0924 | 5.3878 0.3596 | 1.2461 0.7383 | Time: 2.4551 | TEST: 6.7147 0.0889 | 4.7780 0.4426 | 1.3735 0.7056 | Time: 2.9069
Epoch: 0026 | TRAIN: 2.1304 0.4183 | 0.0528 0.9838 | 0.1448 0.9543 | Time: 40.5061 | VAL: 9.0832 0.0761 | 5.2315 0.3371 | 1.4644 0.7181 | Time: 2.4260 | TEST: 9.0260 0.0940 | 4.7345 0.3607 | 1.6141 0.6444 | Time: 2.8727
Epoch: 0027 | TRAIN: 2.0632 0.4375 | 0.0457 0.9904 | 0.1225 0.9585 | Time: 39.9654 | VAL: 5.1075 0.1395 | 4.0238 0.3483 | 1.2217 0.7114 | Time: 2.4191 | TEST: 5.0033 0.1675 | 3.8617 0.5000 | 1.4587 0.6944 | Time: 2.8875
Epoch: 0028 | TRAIN: 1.9546 0.4537 | 0.0499 0.9856 | 0.1150 0.9675 | Time: 39.9683 | VAL: 5.7841 0.1594 | 4.9080 0.3146 | 1.1270 0.7517 | Time: 2.4444 | TEST: 5.6726 0.1624 | 4.6531 0.3770 | 1.1478 0.7778 | Time: 2.8696
Epoch: 0029 | TRAIN: 1.9211 0.4669 | 0.0195 0.9970 | 0.0860 0.9748 | Time: 39.8222 | VAL: 4.8513 0.1884 | 3.7346 0.4270 | 1.1418 0.7651 | Time: 2.4250 | TEST: 4.6780 0.2000 | 3.4912 0.4754 | 1.4546 0.7111 | Time: 2.8570
Epoch: 0030 | TRAIN: 1.7308 0.5132 | 0.0074 0.9988 | 0.0452 0.9826 | Time: 40.1339 | VAL: 5.0029 0.1902 | 4.5377 0.3708 | 0.8241 0.8255 | Time: 2.4417 | TEST: 4.7649 0.2137 | 4.2385 0.4672 | 1.1141 0.7611 | Time: 2.8933
Epoch: 0031 | TRAIN: 1.6075 0.5282 | 0.0019 1.0000 | 0.0232 0.9952 | Time: 40.1456 | VAL: 5.6804 0.1286 | 4.4017 0.3933 | 0.8743 0.8255 | Time: 2.4168 | TEST: 5.5995 0.1436 | 3.8901 0.5164 | 1.2244 0.7667 | Time: 2.8945
Epoch: 0032 | TRAIN: 1.4832 0.5709 | 0.0011 1.0000 | 0.0068 0.9994 | Time: 40.3217 | VAL: 6.0274 0.1467 | 3.8377 0.3596 | 0.7632 0.8523 | Time: 2.7628 | TEST: 5.9334 0.1504 | 3.5209 0.5164 | 1.0664 0.7889 | Time: 2.9075
Epoch: 0033 | TRAIN: 1.3196 0.5974 | 0.0006 1.0000 | 0.0050 0.9994 | Time: 40.2227 | VAL: 5.9306 0.1431 | 3.5566 0.3596 | 0.7667 0.8591 | Time: 2.4158 | TEST: 5.8621 0.1521 | 3.2859 0.4836 | 0.8793 0.8056 | Time: 2.8764
Epoch: 0034 | TRAIN: 1.2928 0.5980 | 0.0006 1.0000 | 0.0093 0.9970 | Time: 41.1318 | VAL: 5.8565 0.1449 | 3.4350 0.3933 | 0.7498 0.8456 | Time: 2.4802 | TEST: 5.6622 0.1675 | 3.0831 0.4918 | 0.9243 0.8167 | Time: 2.8692
Epoch: 0035 | TRAIN: 1.2809 0.6154 | 0.0005 1.0000 | 0.0042 0.9988 | Time: 40.3043 | VAL: 6.6928 0.1359 | 2.6409 0.4831 | 0.9057 0.8456 | Time: 2.5153 | TEST: 6.6499 0.1402 | 2.3803 0.5656 | 0.9816 0.8000 | Time: 2.9064
Epoch: 0036 | TRAIN: 1.3025 0.6058 | 0.0042 0.9988 | 0.0059 0.9976 | Time: 40.4117 | VAL: 5.4540 0.1975 | 3.5851 0.3933 | 0.9425 0.8255 | Time: 2.7662 | TEST: 5.2349 0.2154 | 3.3485 0.4590 | 1.2265 0.7333 | Time: 2.9375
Epoch: 0037 | TRAIN: 1.6463 0.5222 | 0.0143 0.9964 | 0.0364 0.9898 | Time: 39.9478 | VAL: 5.8305 0.1359 | 4.9945 0.3596 | 0.9366 0.7987 | Time: 2.4131 | TEST: 5.9274 0.1453 | 4.5720 0.4262 | 1.1252 0.7222 | Time: 2.8548
Epoch: 0038 | TRAIN: 2.2529 0.4111 | 0.1863 0.9465 | 0.3314 0.8990 | Time: 39.8615 | VAL: 12.4806 0.0761 | 6.0828 0.3146 | 2.5441 0.5705 | Time: 2.4200 | TEST: 12.2593 0.0906 | 5.7968 0.3525 | 3.3594 0.4778 | Time: 2.8628
Epoch: 0039 | TRAIN: 2.3579 0.3618 | 0.1179 0.9633 | 0.2693 0.9195 | Time: 40.7844 | VAL: 4.3822 0.1957 | 3.9467 0.3820 | 0.8707 0.7651 | Time: 2.4998 | TEST: 4.2106 0.2051 | 3.9265 0.4918 | 1.1412 0.7278 | Time: 2.9262
Epoch: 0040 | TRAIN: 1.9715 0.4609 | 0.0173 0.9964 | 0.0659 0.9820 | Time: 40.4285 | VAL: 5.4020 0.2156 | 4.9124 0.3371 | 0.9770 0.8188 | Time: 2.4226 | TEST: 5.1821 0.2291 | 4.4542 0.4590 | 0.9243 0.8000 | Time: 2.8746
Epoch: 0041 | TRAIN: 1.7428 0.4886 | 0.0061 0.9994 | 0.0388 0.9898 | Time: 39.9759 | VAL: 4.6131 0.2446 | 2.8123 0.5169 | 0.8754 0.8523 | Time: 2.4117 | TEST: 4.4585 0.2547 | 2.6752 0.5328 | 1.1236 0.7556 | Time: 2.9442
Epoch: 0042 | TRAIN: 1.6105 0.5222 | 0.0047 0.9988 | 0.0189 0.9952 | Time: 40.1373 | VAL: 5.3115 0.2536 | 3.0474 0.4382 | 0.7429 0.8523 | Time: 2.4399 | TEST: 5.0807 0.2479 | 2.9860 0.5082 | 0.8755 0.8000 | Time: 2.8729
Epoch: 0043 | TRAIN: 1.6269 0.5349 | 0.0024 1.0000 | 0.0157 0.9940 | Time: 40.1396 | VAL: 5.4051 0.2210 | 3.6373 0.4045 | 0.8257 0.8389 | Time: 2.4219 | TEST: 5.0891 0.2239 | 3.1771 0.5164 | 0.9394 0.8389 | Time: 2.8633
Epoch: 0044 | TRAIN: 1.4986 0.5601 | 0.0011 1.0000 | 0.0063 0.9988 | Time: 39.8582 | VAL: 5.3653 0.2246 | 3.7594 0.3596 | 0.8352 0.8322 | Time: 2.4391 | TEST: 5.0359 0.2188 | 3.4485 0.5164 | 0.9668 0.8167 | Time: 2.8896
Epoch: 0045 | TRAIN: 1.3975 0.5775 | 0.0015 0.9994 | 0.0146 0.9964 | Time: 40.1091 | VAL: 5.2731 0.2428 | 3.4481 0.3708 | 0.9361 0.8322 | Time: 2.4517 | TEST: 4.9965 0.2547 | 3.0893 0.5246 | 1.0863 0.8278 | Time: 2.8925
Epoch: 0046 | TRAIN: 1.3966 0.5703 | 0.0018 1.0000 | 0.0127 0.9976 | Time: 40.9551 | VAL: 5.2423 0.2174 | 3.5799 0.4382 | 0.6961 0.8859 | Time: 2.4114 | TEST: 4.7611 0.2479 | 3.2111 0.5492 | 0.9019 0.8333 | Time: 2.9669
Epoch: 0047 | TRAIN: 1.4100 0.5829 | 0.0007 1.0000 | 0.0076 0.9976 | Time: 40.7546 | VAL: 5.3531 0.2101 | 3.0670 0.4270 | 0.8665 0.8523 | Time: 2.4802 | TEST: 5.0615 0.2239 | 2.7313 0.5328 | 0.9509 0.8278 | Time: 2.8772
Epoch: 0048 | TRAIN: 1.3561 0.5968 | 0.0018 0.9994 | 0.0141 0.9958 | Time: 40.5989 | VAL: 5.7026 0.2246 | 4.2502 0.3034 | 0.7560 0.8523 | Time: 2.4456 | TEST: 5.3180 0.2393 | 3.6515 0.4344 | 0.8961 0.8167 | Time: 2.8736
Epoch: 0049 | TRAIN: 1.5251 0.5571 | 0.0078 0.9982 | 0.0367 0.9904 | Time: 40.1580 | VAL: 4.6678 0.2482 | 3.8807 0.4157 | 1.1823 0.7718 | Time: 2.4470 | TEST: 4.2657 0.2803 | 3.9939 0.4918 | 1.2938 0.8000 | Time: 2.8990
Epoch: 0050 | TRAIN: 2.0204 0.4309 | 0.0922 0.9700 | 0.1747 0.9507 | Time: 40.3636 | VAL: 15.2887 0.0743 | 6.4596 0.2584 | 2.4156 0.6309 | Time: 2.6175 | TEST: 14.9277 0.0752 | 5.4877 0.3689 | 3.1773 0.5833 | Time: 3.3563
Epoch: 0051 | TRAIN: 2.3577 0.3876 | 0.1177 0.9669 | 0.3319 0.9050 | Time: 40.3902 | VAL: 4.9662 0.2029 | 4.6180 0.2809 | 0.9910 0.8121 | Time: 2.6354 | TEST: 4.7382 0.2188 | 3.8644 0.3197 | 1.2921 0.7389 | Time: 2.9576
Epoch: 0052 | TRAIN: 2.1925 0.4141 | 0.0333 0.9910 | 0.1407 0.9573 | Time: 40.2115 | VAL: 6.1958 0.1630 | 3.5582 0.3820 | 1.2580 0.7651 | Time: 2.4154 | TEST: 5.9101 0.1709 | 3.2609 0.4754 | 1.1369 0.7444 | Time: 2.8552
Epoch: 0053 | TRAIN: 1.8249 0.4681 | 0.0073 0.9988 | 0.0397 0.9880 | Time: 40.3065 | VAL: 5.0175 0.2101 | 2.5788 0.4494 | 0.9127 0.8188 | Time: 2.5509 | TEST: 4.8749 0.2291 | 2.6944 0.5164 | 0.9457 0.8111 | Time: 3.1006
Epoch: 0054 | TRAIN: 1.6927 0.5006 | 0.0044 0.9988 | 0.0214 0.9952 | Time: 39.7731 | VAL: 5.7186 0.2301 | 2.6908 0.4382 | 0.8812 0.8523 | Time: 2.4346 | TEST: 5.3859 0.2291 | 2.6600 0.5082 | 0.9236 0.8111 | Time: 2.8522
Epoch: 0055 | TRAIN: 1.6275 0.5319 | 0.0131 0.9970 | 0.0178 0.9934 | Time: 40.1830 | VAL: 8.1986 0.1522 | 4.1769 0.3933 | 1.2637 0.7852 | Time: 2.4325 | TEST: 7.9213 0.1692 | 3.5951 0.5000 | 1.4158 0.7167 | Time: 2.8843
Epoch: 0056 | TRAIN: 1.8643 0.4694 | 0.0167 0.9946 | 0.0803 0.9736 | Time: 40.2715 | VAL: 8.2594 0.1775 | 3.9585 0.3708 | 0.9391 0.8121 | Time: 2.4514 | TEST: 8.0595 0.1812 | 3.4694 0.4590 | 1.1324 0.7444 | Time: 2.9173
Epoch: 0057 | TRAIN: 1.8058 0.4784 | 0.0134 0.9976 | 0.0505 0.9838 | Time: 40.2830 | VAL: 5.6665 0.2319 | 3.6110 0.4045 | 1.0216 0.8188 | Time: 2.4942 | TEST: 5.4396 0.2171 | 3.0327 0.5246 | 1.2986 0.7556 | Time: 2.8624
Epoch: 0058 | TRAIN: 1.7175 0.4964 | 0.0083 0.9982 | 0.0323 0.9898 | Time: 41.4689 | VAL: 5.3018 0.2101 | 3.6787 0.4494 | 1.0127 0.8255 | Time: 2.4512 | TEST: 4.9212 0.2085 | 2.8796 0.5246 | 1.2372 0.8056 | Time: 3.0209
Epoch: 0059 | TRAIN: 1.9369 0.4718 | 0.0371 0.9874 | 0.0642 0.9784 | Time: 40.0975 | VAL: 14.2734 0.0851 | 5.1783 0.3146 | 1.4495 0.7718 | Time: 2.5492 | TEST: 14.3046 0.1231 | 4.5997 0.4508 | 2.0805 0.6778 | Time: 2.9742
Epoch: 0060 | TRAIN: 2.0644 0.4405 | 0.0384 0.9898 | 0.1369 0.9573 | Time: 40.2654 | VAL: 8.9130 0.1612 | 3.2479 0.4270 | 1.9075 0.7383 | Time: 2.4633 | TEST: 8.6814 0.1521 | 3.2980 0.4590 | 1.8379 0.6944 | Time: 3.0531
Epoch: 0061 | TRAIN: 1.9983 0.4477 | 0.0313 0.9940 | 0.0696 0.9766 | Time: 40.7192 | VAL: 4.1148 0.2446 | 3.6882 0.3708 | 1.1070 0.8054 | Time: 2.4056 | TEST: 3.8732 0.2410 | 3.4450 0.5000 | 1.4228 0.7333 | Time: 2.8560
Epoch: 0062 | TRAIN: 1.9656 0.4645 | 0.0144 0.9952 | 0.0551 0.9844 | Time: 40.8833 | VAL: 4.3713 0.2409 | 4.5111 0.3483 | 1.1480 0.7919 | Time: 2.4798 | TEST: 3.9903 0.2615 | 4.1961 0.4508 | 1.1944 0.7389 | Time: 3.2129
Epoch: 0063 | TRAIN: 2.0353 0.4291 | 0.0282 0.9916 | 0.0730 0.9778 | Time: 41.0709 | VAL: 3.9781 0.2482 | 7.4594 0.3258 | 1.0232 0.8322 | Time: 2.4495 | TEST: 3.7922 0.2752 | 5.8800 0.4754 | 1.2643 0.7889 | Time: 2.9589
Epoch: 0064 | TRAIN: 2.1356 0.4375 | 0.0302 0.9892 | 0.0911 0.9730 | Time: 40.5881 | VAL: 5.2984 0.1685 | 2.9742 0.4944 | 1.3079 0.7785 | Time: 2.5543 | TEST: 5.0723 0.1795 | 3.0315 0.4836 | 1.7411 0.7333 | Time: 3.1413
Epoch: 0065 | TRAIN: 2.0034 0.4501 | 0.0229 0.9922 | 0.0700 0.9766 | Time: 40.3275 | VAL: 5.5251 0.1739 | 6.6965 0.2921 | 1.1779 0.7718 | Time: 2.4710 | TEST: 5.3785 0.1778 | 5.3135 0.3770 | 1.5379 0.7222 | Time: 2.8684
Epoch: 0066 | TRAIN: 2.0779 0.4387 | 0.0256 0.9952 | 0.0716 0.9778 | Time: 40.2329 | VAL: 5.5589 0.2174 | 4.1111 0.4494 | 1.1207 0.8054 | Time: 2.5185 | TEST: 5.3335 0.2308 | 4.2168 0.5328 | 1.1385 0.7333 | Time: 2.9673
Epoch: 0067 | TRAIN: 1.7963 0.4766 | 0.0058 0.9988 | 0.0300 0.9904 | Time: 40.2836 | VAL: 4.7712 0.1920 | 3.5457 0.4494 | 1.1854 0.8188 | Time: 2.4252 | TEST: 4.6139 0.2171 | 4.0380 0.4836 | 0.7498 0.8278 | Time: 2.8753
Epoch: 0068 | TRAIN: 1.6687 0.5102 | 0.0059 0.9988 | 0.0175 0.9952 | Time: 40.7573 | VAL: 3.9975 0.2536 | 4.5731 0.4157 | 0.9345 0.8725 | Time: 2.4495 | TEST: 3.6534 0.2855 | 4.0199 0.5082 | 1.1430 0.7889 | Time: 2.8848
Epoch: 0069 | TRAIN: 1.8360 0.4892 | 0.0170 0.9940 | 0.0465 0.9832 | Time: 40.2437 | VAL: 7.7762 0.1196 | 5.8613 0.2921 | 1.4994 0.7651 | Time: 2.4434 | TEST: 7.6108 0.1538 | 5.3257 0.3443 | 1.9414 0.6778 | Time: 2.8565
Epoch: 0070 | TRAIN: 1.8393 0.4694 | 0.0069 0.9994 | 0.0401 0.9886 | Time: 40.2722 | VAL: 5.7634 0.2210 | 4.2825 0.3820 | 0.8590 0.8389 | Time: 2.4177 | TEST: 5.4356 0.2427 | 3.8651 0.5000 | 1.1481 0.7833 | Time: 2.8445
Epoch: 0071 | TRAIN: 1.6676 0.5090 | 0.0054 0.9994 | 0.0228 0.9946 | Time: 40.2228 | VAL: 6.3277 0.2192 | 3.8164 0.3708 | 1.0124 0.8121 | Time: 2.4398 | TEST: 6.2151 0.1915 | 3.6692 0.4836 | 1.2817 0.7611 | Time: 2.9673
Epoch: 0072 | TRAIN: 1.8541 0.4808 | 0.0522 0.9838 | 0.1059 0.9718 | Time: 40.3391 | VAL: 5.0100 0.2500 | 6.2962 0.3483 | 1.5895 0.7047 | Time: 2.4184 | TEST: 4.9999 0.2325 | 5.9412 0.3934 | 2.1793 0.6611 | Time: 2.8792
Epoch: 0073 | TRAIN: 1.9927 0.4507 | 0.0313 0.9916 | 0.1338 0.9633 | Time: 40.1347 | VAL: 7.2182 0.1558 | 4.9252 0.3596 | 1.4010 0.7450 | Time: 2.5675 | TEST: 6.9702 0.1590 | 4.5474 0.4754 | 1.9679 0.6333 | Time: 3.0320
Epoch: 0074 | TRAIN: 1.8035 0.4934 | 0.0112 0.9976 | 0.0638 0.9778 | Time: 40.2643 | VAL: 4.7493 0.2826 | 3.8514 0.4270 | 1.0090 0.8054 | Time: 2.4239 | TEST: 4.3677 0.2940 | 3.7902 0.4836 | 1.3400 0.7444 | Time: 2.8519
Epoch: 0075 | TRAIN: 1.6806 0.5096 | 0.0202 0.9958 | 0.0430 0.9868 | Time: 40.0413 | VAL: 6.1726 0.2536 | 4.2977 0.3933 | 0.9724 0.8658 | Time: 2.7107 | TEST: 5.7203 0.2564 | 3.5515 0.5246 | 1.0271 0.7778 | Time: 2.8568
Epoch: 0076 | TRAIN: 1.5962 0.5505 | 0.0040 1.0000 | 0.0291 0.9910 | Time: 40.0417 | VAL: 5.9889 0.2283 | 3.7943 0.4607 | 1.0243 0.7987 | Time: 2.4417 | TEST: 5.7477 0.2462 | 3.2616 0.5410 | 1.2237 0.8000 | Time: 2.9320
Epoch: 0077 | TRAIN: 1.4381 0.5661 | 0.0018 1.0000 | 0.0065 0.9988 | Time: 40.4848 | VAL: 4.4919 0.2627 | 4.0023 0.4045 | 0.8896 0.8389 | Time: 2.4107 | TEST: 4.2461 0.2957 | 3.5322 0.5246 | 1.0304 0.8167 | Time: 2.8536
Epoch: 0078 | TRAIN: 1.3559 0.5986 | 0.0030 0.9994 | 0.0040 1.0000 | Time: 40.1581 | VAL: 4.2921 0.2681 | 4.3465 0.3933 | 0.9363 0.8456 | Time: 2.4430 | TEST: 4.0823 0.3179 | 3.8939 0.4590 | 1.1362 0.8000 | Time: 2.8919
Epoch: 0079 | TRAIN: 1.5515 0.5337 | 0.0071 0.9988 | 0.0401 0.9874 | Time: 40.2502 | VAL: 6.3253 0.2083 | 4.0570 0.3933 | 1.2621 0.7584 | Time: 2.5696 | TEST: 6.1458 0.2427 | 3.7786 0.5164 | 1.8347 0.7111 | Time: 2.9914
Epoch: 0080 | TRAIN: 1.4777 0.5655 | 0.0023 0.9994 | 0.0308 0.9940 | Time: 40.1259 | VAL: 5.9398 0.2246 | 3.5687 0.4382 | 1.1421 0.8054 | Time: 2.4618 | TEST: 5.8048 0.2564 | 3.3493 0.5164 | 1.2062 0.7722 | Time: 2.8909
Epoch: 0081 | TRAIN: 1.3268 0.6070 | 0.0011 1.0000 | 0.0061 0.9982 | Time: 40.4941 | VAL: 5.3930 0.2373 | 3.6169 0.4831 | 0.8550 0.8523 | Time: 2.4517 | TEST: 5.1843 0.2462 | 3.5758 0.5574 | 1.0374 0.8167 | Time: 2.9287
Epoch: 0082 | TRAIN: 1.2734 0.6064 | 0.0004 1.0000 | 0.0014 1.0000 | Time: 40.5405 | VAL: 6.1933 0.2355 | 3.5891 0.4831 | 0.8226 0.8591 | Time: 2.4240 | TEST: 5.9461 0.2479 | 3.5613 0.5492 | 1.0939 0.8056 | Time: 2.8679
Epoch: 0083 | TRAIN: 1.1842 0.6370 | 0.0002 1.0000 | 0.0013 1.0000 | Time: 40.9721 | VAL: 5.7006 0.2355 | 3.7757 0.5056 | 0.8002 0.8725 | Time: 2.5136 | TEST: 5.4504 0.2496 | 3.6129 0.5492 | 1.0437 0.8167 | Time: 2.8614
Epoch: 0084 | TRAIN: 1.1085 0.6502 | 0.0002 1.0000 | 0.0009 1.0000 | Time: 40.8886 | VAL: 5.9784 0.2572 | 3.7498 0.5056 | 0.8384 0.8523 | Time: 2.7693 | TEST: 5.6344 0.2752 | 3.5593 0.5410 | 1.0740 0.8000 | Time: 3.0037
Epoch: 0085 | TRAIN: 1.0540 0.6701 | 0.0002 1.0000 | 0.0009 1.0000 | Time: 41.5014 | VAL: 6.0001 0.2663 | 3.6265 0.4944 | 0.8746 0.8456 | Time: 2.4825 | TEST: 5.6920 0.2684 | 3.4506 0.5410 | 1.0560 0.8111 | Time: 3.0131
Epoch: 0086 | TRAIN: 1.0092 0.6767 | 0.0004 1.0000 | 0.0024 0.9988 | Time: 40.8040 | VAL: 5.8252 0.2609 | 3.5963 0.4831 | 0.9263 0.8389 | Time: 2.5119 | TEST: 5.5422 0.2838 | 3.4480 0.5410 | 1.0207 0.8167 | Time: 2.9894
Epoch: 0087 | TRAIN: 1.4671 0.5847 | 0.0389 0.9910 | 0.0642 0.9808 | Time: 40.3531 | VAL: 12.5980 0.1322 | 5.5028 0.3596 | 1.5436 0.7315 | Time: 2.5153 | TEST: 12.5964 0.1590 | 5.0773 0.3934 | 1.9669 0.6722 | Time: 2.8500
Epoch: 0088 | TRAIN: 2.3967 0.3882 | 0.0928 0.9730 | 0.3099 0.9129 | Time: 40.6094 | VAL: 5.5547 0.1957 | 6.4473 0.2697 | 1.3802 0.7047 | Time: 2.4718 | TEST: 5.1222 0.2291 | 6.5506 0.2869 | 1.9024 0.6444 | Time: 2.9400
Epoch: 0089 | TRAIN: 2.3309 0.3852 | 0.1040 0.9736 | 0.2073 0.9387 | Time: 40.0215 | VAL: 4.0706 0.2717 | 3.7393 0.3708 | 0.7537 0.8054 | Time: 2.4337 | TEST: 3.6276 0.3026 | 3.5226 0.4016 | 1.1178 0.7333 | Time: 2.8724
Epoch: 0090 | TRAIN: 2.0050 0.4447 | 0.0140 0.9964 | 0.0959 0.9700 | Time: 40.2513 | VAL: 5.6895 0.2246 | 4.7853 0.3596 | 1.0904 0.8188 | Time: 2.4611 | TEST: 5.2365 0.2444 | 4.1073 0.4180 | 1.3075 0.7111 | Time: 2.9064
Epoch: 0091 | TRAIN: 1.6947 0.5120 | 0.0042 1.0000 | 0.0371 0.9880 | Time: 39.8410 | VAL: 4.9289 0.2609 | 4.2067 0.3596 | 0.8350 0.8322 | Time: 2.4272 | TEST: 4.6001 0.2855 | 3.9886 0.4426 | 1.1877 0.7944 | Time: 2.8852
Epoch: 0092 | TRAIN: 1.5985 0.5234 | 0.0036 0.9988 | 0.0142 0.9952 | Time: 39.8691 | VAL: 4.6236 0.2772 | 4.2149 0.3933 | 0.7690 0.8658 | Time: 2.4010 | TEST: 4.1799 0.2889 | 3.9026 0.4590 | 1.0928 0.7944 | Time: 2.8635
Epoch: 0093 | TRAIN: 1.5852 0.5367 | 0.0019 1.0000 | 0.0127 0.9964 | Time: 39.6031 | VAL: 4.4414 0.2826 | 3.7933 0.4270 | 0.7206 0.8389 | Time: 2.4432 | TEST: 3.9741 0.3231 | 3.3091 0.5410 | 0.9421 0.7944 | Time: 2.8987
Epoch: 0094 | TRAIN: 1.4303 0.5769 | 0.0012 1.0000 | 0.0059 0.9976 | Time: 39.6839 | VAL: 5.5575 0.2536 | 4.2895 0.4157 | 0.8701 0.8255 | Time: 2.4138 | TEST: 5.0812 0.2786 | 3.7348 0.5164 | 0.9800 0.8000 | Time: 2.9231
Epoch: 0095 | TRAIN: 1.3542 0.5877 | 0.0005 1.0000 | 0.0033 1.0000 | Time: 39.5808 | VAL: 4.9953 0.2572 | 3.6907 0.4607 | 0.6542 0.8523 | Time: 2.4173 | TEST: 4.5907 0.2906 | 3.2158 0.5164 | 0.9694 0.8167 | Time: 2.8744
Epoch: 0096 | TRAIN: 1.3290 0.5998 | 0.0010 1.0000 | 0.0022 1.0000 | Time: 39.9347 | VAL: 5.2356 0.2500 | 3.5409 0.4494 | 0.6551 0.8658 | Time: 2.4261 | TEST: 4.7850 0.2684 | 3.0049 0.5164 | 0.9712 0.8278 | Time: 2.8751
Epoch: 0097 | TRAIN: 1.2119 0.6226 | 0.0005 1.0000 | 0.0029 0.9994 | Time: 39.7849 | VAL: 4.5417 0.3007 | 3.6015 0.4270 | 0.7251 0.8658 | Time: 2.4099 | TEST: 4.1044 0.3145 | 3.2368 0.5164 | 1.0036 0.7944 | Time: 2.8991
Epoch: 0098 | TRAIN: 1.2150 0.6346 | 0.0003 1.0000 | 0.0060 0.9988 | Time: 39.6006 | VAL: 7.3905 0.2373 | 4.2010 0.4157 | 0.8029 0.8456 | Time: 2.4209 | TEST: 7.0190 0.2325 | 3.6159 0.4918 | 1.2090 0.7667 | Time: 2.8674
Epoch: 0099 | TRAIN: 1.1964 0.6298 | 0.0004 1.0000 | 0.0034 0.9988 | Time: 39.6036 | VAL: 5.3863 0.2844 | 3.5951 0.4382 | 0.7460 0.8792 | Time: 2.4106 | TEST: 4.9014 0.2974 | 3.1907 0.5574 | 1.0987 0.8111 | Time: 2.8623
========================================
Best Result: Epoch 84, result {'amazon': [0.27521367521367524], 'dslr': [0.5409836065573771], 'webcam': [0.8]}
========================================
