========================================
General Configuration:
	Wighting: MoCo
	Architecture: HPS
	Rep_Grad: False
	Multi_Input: True
	Seed: 0
	Device: cuda:0
MoCo Configuration:
	weighting: MoCo
	beta_moco: 1.0
	gamma_moco: 1.0
	rho_moco: 0.1
	moco_gn: none
Optimizer Configuration:
	optim: adam
	lr: 1e-05
	weight_decay: 1e-05
========================================
Total Params: 11487901
Trainable Params: 11487901
Non-trainable Params: 0
========================================
LOG FORMAT | amazon_LOSS Acc | dslr_LOSS Acc | webcam_LOSS Acc | TIME
Epoch: 0000 | TRAIN: 3.4810 0.0523 | 3.4423 0.0607 | 3.4596 0.0571 | Time: 40.3186 | VAL: 3.3454 0.0634 | 3.2619 0.1124 | 3.3674 0.0805 | Time: 2.4218 | TEST: 3.3060 0.0855 | 3.2636 0.0984 | 3.3316 0.1056 | Time: 2.8886
Epoch: 0001 | TRAIN: 3.2509 0.1154 | 3.0418 0.1749 | 3.2375 0.1280 | Time: 39.9834 | VAL: 3.1659 0.1793 | 3.0155 0.2584 | 3.1778 0.1879 | Time: 2.4098 | TEST: 3.1281 0.2085 | 3.0188 0.2541 | 3.1597 0.2278 | Time: 2.8791
Epoch: 0002 | TRAIN: 3.0623 0.1923 | 2.6724 0.3792 | 3.0192 0.2019 | Time: 39.9968 | VAL: 3.0280 0.2591 | 2.7303 0.4607 | 2.9777 0.3020 | Time: 2.4452 | TEST: 2.9933 0.2821 | 2.7458 0.4754 | 2.9731 0.3056 | Time: 2.9030
Epoch: 0003 | TRAIN: 2.9490 0.2548 | 2.2746 0.6346 | 2.6936 0.3762 | Time: 40.0311 | VAL: 2.9168 0.3116 | 2.4853 0.5618 | 2.7450 0.4161 | Time: 2.4322 | TEST: 2.8825 0.3470 | 2.5023 0.5820 | 2.7570 0.4444 | Time: 2.8754
Epoch: 0004 | TRAIN: 2.8056 0.3281 | 1.9819 0.7668 | 2.4600 0.5012 | Time: 39.9450 | VAL: 2.8040 0.3804 | 2.2655 0.6742 | 2.5985 0.4966 | Time: 2.4217 | TEST: 2.7722 0.3983 | 2.2841 0.6557 | 2.6223 0.5278 | Time: 2.8857
Epoch: 0005 | TRAIN: 2.7098 0.3600 | 1.7245 0.8642 | 2.2373 0.6202 | Time: 39.8784 | VAL: 2.7552 0.4058 | 2.1046 0.7303 | 2.3768 0.6040 | Time: 2.4122 | TEST: 2.7261 0.4410 | 2.1214 0.7459 | 2.4135 0.6167 | Time: 2.8718
Epoch: 0006 | TRAIN: 2.6595 0.4026 | 1.4904 0.9351 | 1.9547 0.7392 | Time: 39.9466 | VAL: 2.7397 0.4293 | 1.9331 0.8090 | 2.1660 0.7047 | Time: 2.4388 | TEST: 2.7116 0.4581 | 1.9528 0.7951 | 2.2107 0.7000 | Time: 2.8878
Epoch: 0007 | TRAIN: 2.6901 0.3750 | 1.3169 0.9712 | 1.7306 0.8293 | Time: 40.0640 | VAL: 2.7423 0.4366 | 1.7778 0.8539 | 1.9717 0.7517 | Time: 2.4157 | TEST: 2.7158 0.4564 | 1.8094 0.8443 | 2.0257 0.7833 | Time: 2.8416
Epoch: 0008 | TRAIN: 2.6466 0.4069 | 1.1437 0.9796 | 1.4859 0.8858 | Time: 39.8810 | VAL: 2.7510 0.4384 | 1.6521 0.8652 | 1.8209 0.8322 | Time: 2.4270 | TEST: 2.7259 0.4632 | 1.6922 0.8443 | 1.8834 0.8278 | Time: 2.8845
Epoch: 0009 | TRAIN: 2.6680 0.3888 | 1.0095 0.9934 | 1.3267 0.9195 | Time: 39.5853 | VAL: 2.7499 0.4438 | 1.5491 0.8539 | 1.6900 0.8389 | Time: 2.4059 | TEST: 2.7232 0.4752 | 1.5918 0.8770 | 1.7632 0.8444 | Time: 2.8550
Epoch: 0010 | TRAIN: 2.6711 0.3990 | 0.8972 0.9970 | 1.1708 0.9537 | Time: 39.6571 | VAL: 2.7578 0.4275 | 1.4367 0.8989 | 1.5771 0.8725 | Time: 2.4138 | TEST: 2.7324 0.4667 | 1.4889 0.9016 | 1.6569 0.8667 | Time: 2.8728
Epoch: 0011 | TRAIN: 2.6725 0.3930 | 0.7968 0.9988 | 1.0437 0.9669 | Time: 39.6301 | VAL: 2.7554 0.4420 | 1.3574 0.8876 | 1.4825 0.8859 | Time: 2.3859 | TEST: 2.7314 0.4735 | 1.4175 0.9098 | 1.5620 0.8778 | Time: 2.8588
Epoch: 0012 | TRAIN: 2.6624 0.3930 | 0.7206 0.9988 | 0.9279 0.9826 | Time: 39.6071 | VAL: 2.7591 0.4384 | 1.2750 0.9101 | 1.4023 0.8926 | Time: 2.4315 | TEST: 2.7358 0.4598 | 1.3464 0.9098 | 1.4916 0.8944 | Time: 2.8907
Epoch: 0013 | TRAIN: 2.6833 0.3828 | 0.6331 0.9994 | 0.8239 0.9904 | Time: 39.6438 | VAL: 2.7458 0.4547 | 1.2065 0.9326 | 1.3261 0.8926 | Time: 2.3906 | TEST: 2.7231 0.4752 | 1.2842 0.9180 | 1.4171 0.9000 | Time: 2.8671
Epoch: 0014 | TRAIN: 2.6563 0.4050 | 0.5798 0.9994 | 0.7473 0.9892 | Time: 39.4900 | VAL: 2.7418 0.4547 | 1.1473 0.9326 | 1.2626 0.8993 | Time: 2.3996 | TEST: 2.7213 0.4735 | 1.2287 0.9180 | 1.3534 0.9111 | Time: 2.8379
Epoch: 0015 | TRAIN: 2.6548 0.3972 | 0.5120 1.0000 | 0.6737 0.9946 | Time: 39.6642 | VAL: 2.7333 0.4565 | 1.1004 0.9438 | 1.1987 0.9060 | Time: 2.3973 | TEST: 2.7153 0.4769 | 1.1815 0.9262 | 1.2940 0.9167 | Time: 2.8482
Epoch: 0016 | TRAIN: 2.6548 0.3990 | 0.4743 1.0000 | 0.6327 0.9952 | Time: 39.5226 | VAL: 2.7141 0.4620 | 1.0447 0.9438 | 1.1450 0.9128 | Time: 2.3700 | TEST: 2.6967 0.4940 | 1.1300 0.9180 | 1.2400 0.9278 | Time: 2.8296
Epoch: 0017 | TRAIN: 2.6342 0.4123 | 0.4310 0.9994 | 0.5658 0.9958 | Time: 39.4872 | VAL: 2.7041 0.4710 | 1.0062 0.9551 | 1.0978 0.9329 | Time: 2.4157 | TEST: 2.6885 0.4974 | 1.0970 0.9180 | 1.1905 0.9222 | Time: 2.8502
Epoch: 0018 | TRAIN: 2.6217 0.4129 | 0.3989 1.0000 | 0.5175 0.9982 | Time: 39.6201 | VAL: 2.6816 0.4819 | 0.9739 0.9888 | 1.0540 0.9262 | Time: 2.3962 | TEST: 2.6665 0.5043 | 1.0658 0.9262 | 1.1484 0.9278 | Time: 2.8222
Epoch: 0019 | TRAIN: 2.5619 0.4429 | 0.3828 1.0000 | 0.4843 1.0000 | Time: 39.6424 | VAL: 2.6504 0.5000 | 0.9389 0.9888 | 1.0206 0.9396 | Time: 2.3929 | TEST: 2.6354 0.5214 | 1.0327 0.9180 | 1.1182 0.9278 | Time: 2.8597
Epoch: 0020 | TRAIN: 2.5307 0.4585 | 0.3454 1.0000 | 0.4406 0.9988 | Time: 39.6995 | VAL: 2.6071 0.5326 | 0.9249 0.9888 | 0.9871 0.9329 | Time: 2.4499 | TEST: 2.5899 0.5453 | 1.0212 0.9344 | 1.0784 0.9333 | Time: 2.9046
Epoch: 0021 | TRAIN: 2.4597 0.4934 | 0.3227 1.0000 | 0.4127 0.9994 | Time: 39.6956 | VAL: 2.5474 0.5598 | 0.9010 0.9775 | 0.9652 0.9463 | Time: 2.3997 | TEST: 2.5304 0.5744 | 1.0015 0.9262 | 1.0571 0.9333 | Time: 2.8329
Epoch: 0022 | TRAIN: 2.3850 0.5294 | 0.3029 1.0000 | 0.3811 1.0000 | Time: 39.6059 | VAL: 2.4649 0.5924 | 0.8747 0.9888 | 0.9539 0.9463 | Time: 2.3721 | TEST: 2.4503 0.6000 | 0.9736 0.9344 | 1.0454 0.9444 | Time: 2.8337
Epoch: 0023 | TRAIN: 2.3073 0.5475 | 0.2911 1.0000 | 0.3665 1.0000 | Time: 39.8696 | VAL: 2.3853 0.6141 | 0.8542 1.0000 | 0.9416 0.9664 | Time: 2.4185 | TEST: 2.3713 0.6325 | 0.9546 0.9262 | 1.0332 0.9389 | Time: 2.8660
Epoch: 0024 | TRAIN: 2.1855 0.5968 | 0.2698 1.0000 | 0.3509 1.0000 | Time: 39.7158 | VAL: 2.2831 0.6467 | 0.8253 1.0000 | 0.9250 0.9732 | Time: 2.3910 | TEST: 2.2706 0.6427 | 0.9225 0.9344 | 1.0182 0.9444 | Time: 2.8449
Epoch: 0025 | TRAIN: 2.0608 0.6328 | 0.2542 1.0000 | 0.3479 1.0000 | Time: 39.4816 | VAL: 2.1774 0.6757 | 0.8103 1.0000 | 0.9260 0.9664 | Time: 2.3823 | TEST: 2.1645 0.6735 | 0.9120 0.9344 | 1.0161 0.9389 | Time: 2.8454
Epoch: 0026 | TRAIN: 1.9394 0.6701 | 0.2490 1.0000 | 0.3442 1.0000 | Time: 39.5109 | VAL: 2.0724 0.6848 | 0.7990 1.0000 | 0.9221 0.9732 | Time: 2.4041 | TEST: 2.0632 0.6974 | 0.8978 0.9262 | 1.0133 0.9278 | Time: 2.8394
Epoch: 0027 | TRAIN: 1.8182 0.7043 | 0.2330 1.0000 | 0.3390 1.0000 | Time: 39.6713 | VAL: 1.9708 0.7101 | 0.7752 1.0000 | 0.9303 0.9664 | Time: 2.4367 | TEST: 1.9654 0.7077 | 0.8771 0.9262 | 1.0235 0.9389 | Time: 2.9010
Epoch: 0028 | TRAIN: 1.7084 0.7338 | 0.2204 1.0000 | 0.3412 1.0000 | Time: 39.6461 | VAL: 1.8805 0.7210 | 0.7771 1.0000 | 0.9367 0.9732 | Time: 2.3929 | TEST: 1.8756 0.7128 | 0.8718 0.9262 | 1.0275 0.9389 | Time: 2.8522
Epoch: 0029 | TRAIN: 1.6263 0.7482 | 0.2121 1.0000 | 0.3355 1.0000 | Time: 39.5603 | VAL: 1.7994 0.7428 | 0.7504 0.9888 | 0.9292 0.9597 | Time: 2.4182 | TEST: 1.7988 0.7248 | 0.8541 0.9262 | 1.0233 0.9389 | Time: 2.8559
Epoch: 0030 | TRAIN: 1.5349 0.7674 | 0.2111 1.0000 | 0.3266 1.0000 | Time: 39.5619 | VAL: 1.7320 0.7518 | 0.7515 1.0000 | 0.9364 0.9732 | Time: 2.4165 | TEST: 1.7283 0.7368 | 0.8466 0.9344 | 1.0294 0.9444 | Time: 2.8559
Epoch: 0031 | TRAIN: 1.4591 0.7975 | 0.1951 1.0000 | 0.3210 1.0000 | Time: 39.4000 | VAL: 1.6720 0.7518 | 0.7308 1.0000 | 0.9261 0.9732 | Time: 2.4040 | TEST: 1.6718 0.7402 | 0.8327 0.9344 | 1.0227 0.9278 | Time: 2.8556
Epoch: 0032 | TRAIN: 1.3913 0.8011 | 0.1907 1.0000 | 0.3196 1.0000 | Time: 39.6457 | VAL: 1.6210 0.7591 | 0.7246 0.9888 | 0.9247 0.9732 | Time: 2.4037 | TEST: 1.6205 0.7470 | 0.8221 0.9262 | 1.0200 0.9444 | Time: 2.8471
Epoch: 0033 | TRAIN: 1.3258 0.8131 | 0.1746 1.0000 | 0.3128 1.0000 | Time: 39.5872 | VAL: 1.5780 0.7536 | 0.7205 1.0000 | 0.9178 0.9732 | Time: 2.4187 | TEST: 1.5769 0.7607 | 0.8183 0.9262 | 1.0181 0.9278 | Time: 2.8734
Epoch: 0034 | TRAIN: 1.2734 0.8257 | 0.1757 1.0000 | 0.3039 1.0000 | Time: 39.4125 | VAL: 1.5430 0.7645 | 0.7070 0.9888 | 0.9102 0.9732 | Time: 2.4007 | TEST: 1.5444 0.7607 | 0.8111 0.9262 | 1.0036 0.9444 | Time: 2.8611
Epoch: 0035 | TRAIN: 1.2156 0.8377 | 0.1689 1.0000 | 0.2930 1.0000 | Time: 39.4876 | VAL: 1.4907 0.7772 | 0.6926 0.9888 | 0.8955 0.9732 | Time: 2.4204 | TEST: 1.4937 0.7709 | 0.7931 0.9262 | 0.9925 0.9444 | Time: 2.8555
Epoch: 0036 | TRAIN: 1.1725 0.8425 | 0.1618 1.0000 | 0.2869 1.0000 | Time: 39.6200 | VAL: 1.4574 0.7790 | 0.6909 1.0000 | 0.8906 0.9732 | Time: 2.4230 | TEST: 1.4606 0.7692 | 0.7904 0.9262 | 0.9870 0.9611 | Time: 2.8934
Epoch: 0037 | TRAIN: 1.1124 0.8558 | 0.1538 1.0000 | 0.2802 1.0000 | Time: 39.6074 | VAL: 1.4146 0.7826 | 0.6810 1.0000 | 0.8767 0.9732 | Time: 2.4042 | TEST: 1.4197 0.7744 | 0.7850 0.9262 | 0.9745 0.9444 | Time: 2.8724
Epoch: 0038 | TRAIN: 1.0609 0.8738 | 0.1499 1.0000 | 0.2813 1.0000 | Time: 39.7123 | VAL: 1.3981 0.7880 | 0.6714 0.9888 | 0.8722 0.9732 | Time: 2.4196 | TEST: 1.4032 0.7761 | 0.7741 0.9262 | 0.9709 0.9556 | Time: 2.8537
Epoch: 0039 | TRAIN: 1.0430 0.8672 | 0.1384 1.0000 | 0.2620 1.0000 | Time: 39.5617 | VAL: 1.3698 0.7880 | 0.6746 1.0000 | 0.8615 0.9732 | Time: 2.4020 | TEST: 1.3744 0.7829 | 0.7789 0.9344 | 0.9618 0.9556 | Time: 2.8454
Epoch: 0040 | TRAIN: 0.9939 0.8912 | 0.1376 1.0000 | 0.2553 1.0000 | Time: 39.6409 | VAL: 1.3488 0.7953 | 0.6601 0.9888 | 0.8407 0.9732 | Time: 2.4314 | TEST: 1.3496 0.7846 | 0.7653 0.9262 | 0.9365 0.9500 | Time: 2.8873
Epoch: 0041 | TRAIN: 0.9650 0.8870 | 0.1319 1.0000 | 0.2473 1.0000 | Time: 39.7414 | VAL: 1.3269 0.7971 | 0.6570 1.0000 | 0.8439 0.9732 | Time: 2.4242 | TEST: 1.3300 0.7795 | 0.7659 0.9262 | 0.9411 0.9500 | Time: 2.8814
Epoch: 0042 | TRAIN: 0.9156 0.9020 | 0.1314 1.0000 | 0.2351 1.0000 | Time: 39.6710 | VAL: 1.3079 0.8007 | 0.6475 1.0000 | 0.8282 0.9732 | Time: 2.4120 | TEST: 1.3103 0.7897 | 0.7583 0.9262 | 0.9240 0.9556 | Time: 2.8689
Epoch: 0043 | TRAIN: 0.8918 0.8966 | 0.1255 1.0000 | 0.2306 1.0000 | Time: 39.5654 | VAL: 1.2842 0.8062 | 0.6472 1.0000 | 0.8171 0.9732 | Time: 2.4436 | TEST: 1.2862 0.7983 | 0.7572 0.9262 | 0.9149 0.9500 | Time: 2.9064
Epoch: 0044 | TRAIN: 0.8670 0.9093 | 0.1183 1.0000 | 0.2180 1.0000 | Time: 39.6933 | VAL: 1.2573 0.8134 | 0.6368 0.9888 | 0.7958 0.9732 | Time: 2.4295 | TEST: 1.2631 0.8051 | 0.7386 0.9262 | 0.8968 0.9444 | Time: 2.8707
Epoch: 0045 | TRAIN: 0.8376 0.9153 | 0.1116 1.0000 | 0.2145 1.0000 | Time: 39.8060 | VAL: 1.2406 0.8170 | 0.6296 1.0000 | 0.7955 0.9732 | Time: 2.4391 | TEST: 1.2472 0.8120 | 0.7395 0.9262 | 0.8942 0.9611 | Time: 2.8918
Epoch: 0046 | TRAIN: 0.7968 0.9171 | 0.1136 1.0000 | 0.2103 1.0000 | Time: 39.8298 | VAL: 1.2224 0.8152 | 0.6339 1.0000 | 0.7787 0.9732 | Time: 2.4136 | TEST: 1.2270 0.8137 | 0.7371 0.9262 | 0.8758 0.9500 | Time: 2.8467
Epoch: 0047 | TRAIN: 0.7653 0.9255 | 0.1125 1.0000 | 0.2016 1.0000 | Time: 39.8397 | VAL: 1.2168 0.8207 | 0.6305 1.0000 | 0.7808 0.9732 | Time: 2.4207 | TEST: 1.2220 0.8137 | 0.7365 0.9262 | 0.8700 0.9556 | Time: 2.8701
Epoch: 0048 | TRAIN: 0.7610 0.9261 | 0.1102 1.0000 | 0.1959 1.0000 | Time: 39.7655 | VAL: 1.1951 0.8261 | 0.6217 0.9888 | 0.7604 0.9664 | Time: 2.4112 | TEST: 1.2018 0.8137 | 0.7222 0.9262 | 0.8581 0.9611 | Time: 2.8679
Epoch: 0049 | TRAIN: 0.7186 0.9315 | 0.1066 1.0000 | 0.1855 1.0000 | Time: 39.8276 | VAL: 1.1828 0.8261 | 0.6053 0.9888 | 0.7570 0.9732 | Time: 2.4370 | TEST: 1.1880 0.8137 | 0.7147 0.9262 | 0.8492 0.9556 | Time: 2.8810
Epoch: 0050 | TRAIN: 0.6986 0.9423 | 0.1036 1.0000 | 0.1883 1.0000 | Time: 39.6006 | VAL: 1.1732 0.8261 | 0.6194 1.0000 | 0.7557 0.9799 | Time: 2.3731 | TEST: 1.1768 0.8205 | 0.7159 0.9426 | 0.8525 0.9611 | Time: 2.8415
Epoch: 0051 | TRAIN: 0.6793 0.9381 | 0.0955 1.0000 | 0.1785 1.0000 | Time: 39.6616 | VAL: 1.1559 0.8297 | 0.6076 1.0000 | 0.7412 0.9732 | Time: 2.4067 | TEST: 1.1615 0.8205 | 0.7090 0.9262 | 0.8375 0.9556 | Time: 2.8699
Epoch: 0052 | TRAIN: 0.6489 0.9441 | 0.0953 1.0000 | 0.1690 1.0000 | Time: 39.5732 | VAL: 1.1447 0.8279 | 0.6020 1.0000 | 0.7347 0.9732 | Time: 2.3977 | TEST: 1.1477 0.8154 | 0.7042 0.9344 | 0.8291 0.9611 | Time: 2.8874
Epoch: 0053 | TRAIN: 0.6267 0.9495 | 0.0910 1.0000 | 0.1638 1.0000 | Time: 39.6949 | VAL: 1.1306 0.8315 | 0.6007 1.0000 | 0.7239 0.9732 | Time: 2.4244 | TEST: 1.1363 0.8205 | 0.7068 0.9344 | 0.8153 0.9556 | Time: 2.8461
Epoch: 0054 | TRAIN: 0.6122 0.9477 | 0.0899 1.0000 | 0.1630 1.0000 | Time: 39.7726 | VAL: 1.1118 0.8351 | 0.5937 1.0000 | 0.7203 0.9732 | Time: 2.4331 | TEST: 1.1221 0.8222 | 0.7026 0.9426 | 0.8120 0.9556 | Time: 2.8614
Epoch: 0055 | TRAIN: 0.5797 0.9579 | 0.0875 1.0000 | 0.1587 1.0000 | Time: 39.7988 | VAL: 1.1062 0.8351 | 0.5986 1.0000 | 0.7171 0.9732 | Time: 2.4217 | TEST: 1.1138 0.8256 | 0.7065 0.9344 | 0.8088 0.9556 | Time: 2.8788
Epoch: 0056 | TRAIN: 0.5742 0.9567 | 0.0862 1.0000 | 0.1557 1.0000 | Time: 39.6972 | VAL: 1.0945 0.8333 | 0.5897 1.0000 | 0.7032 0.9732 | Time: 2.4090 | TEST: 1.1009 0.8256 | 0.6926 0.9344 | 0.7960 0.9611 | Time: 2.8731
Epoch: 0057 | TRAIN: 0.5536 0.9651 | 0.0809 1.0000 | 0.1520 1.0000 | Time: 39.5076 | VAL: 1.0887 0.8315 | 0.5936 1.0000 | 0.7024 0.9732 | Time: 2.4039 | TEST: 1.0960 0.8291 | 0.6928 0.9508 | 0.7923 0.9556 | Time: 2.8830
Epoch: 0058 | TRAIN: 0.5345 0.9627 | 0.0816 1.0000 | 0.1425 1.0000 | Time: 39.6934 | VAL: 1.0751 0.8297 | 0.5836 1.0000 | 0.6957 0.9732 | Time: 2.4235 | TEST: 1.0832 0.8256 | 0.6821 0.9344 | 0.7833 0.9556 | Time: 2.9019
Epoch: 0059 | TRAIN: 0.5129 0.9639 | 0.0780 1.0000 | 0.1414 1.0000 | Time: 39.7604 | VAL: 1.0584 0.8388 | 0.5771 1.0000 | 0.6798 0.9732 | Time: 2.4085 | TEST: 1.0671 0.8308 | 0.6749 0.9344 | 0.7732 0.9611 | Time: 2.8651
Epoch: 0060 | TRAIN: 0.5038 0.9627 | 0.0767 1.0000 | 0.1379 1.0000 | Time: 39.5392 | VAL: 1.0591 0.8424 | 0.5812 1.0000 | 0.6827 0.9732 | Time: 2.4095 | TEST: 1.0722 0.8291 | 0.6763 0.9508 | 0.7723 0.9556 | Time: 2.8618
Epoch: 0061 | TRAIN: 0.4756 0.9766 | 0.0743 1.0000 | 0.1323 1.0000 | Time: 39.5944 | VAL: 1.0471 0.8460 | 0.5740 1.0000 | 0.6709 0.9732 | Time: 2.4250 | TEST: 1.0596 0.8308 | 0.6706 0.9426 | 0.7617 0.9556 | Time: 2.9122
Epoch: 0062 | TRAIN: 0.4572 0.9730 | 0.0729 1.0000 | 0.1316 1.0000 | Time: 39.4966 | VAL: 1.0453 0.8406 | 0.5681 1.0000 | 0.6777 0.9732 | Time: 2.4172 | TEST: 1.0555 0.8359 | 0.6737 0.9344 | 0.7633 0.9556 | Time: 2.8841
Epoch: 0063 | TRAIN: 0.4342 0.9790 | 0.0705 1.0000 | 0.1255 1.0000 | Time: 39.4594 | VAL: 1.0265 0.8406 | 0.5697 1.0000 | 0.6674 0.9732 | Time: 2.4375 | TEST: 1.0385 0.8325 | 0.6674 0.9344 | 0.7551 0.9556 | Time: 2.8906
Epoch: 0064 | TRAIN: 0.4278 0.9772 | 0.0698 1.0000 | 0.1232 1.0000 | Time: 39.3670 | VAL: 1.0258 0.8388 | 0.5717 1.0000 | 0.6550 0.9732 | Time: 2.4087 | TEST: 1.0372 0.8359 | 0.6727 0.9344 | 0.7470 0.9556 | Time: 2.8414
Epoch: 0065 | TRAIN: 0.4086 0.9820 | 0.0717 1.0000 | 0.1168 1.0000 | Time: 39.3756 | VAL: 1.0114 0.8442 | 0.5746 1.0000 | 0.6472 0.9732 | Time: 2.4342 | TEST: 1.0267 0.8342 | 0.6810 0.9426 | 0.7375 0.9500 | Time: 2.8566
Epoch: 0066 | TRAIN: 0.3879 0.9820 | 0.0667 1.0000 | 0.1166 1.0000 | Time: 39.5264 | VAL: 0.9962 0.8442 | 0.5694 1.0000 | 0.6443 0.9732 | Time: 2.4112 | TEST: 1.0107 0.8325 | 0.6781 0.9426 | 0.7333 0.9611 | Time: 2.8699
Epoch: 0067 | TRAIN: 0.3688 0.9886 | 0.0702 1.0000 | 0.1130 1.0000 | Time: 39.6391 | VAL: 1.0004 0.8460 | 0.5763 1.0000 | 0.6313 0.9732 | Time: 2.4088 | TEST: 1.0147 0.8325 | 0.6834 0.9426 | 0.7230 0.9611 | Time: 2.8730
Epoch: 0068 | TRAIN: 0.3549 0.9880 | 0.0658 1.0000 | 0.1037 1.0000 | Time: 39.6058 | VAL: 0.9853 0.8551 | 0.5702 1.0000 | 0.6355 0.9732 | Time: 2.3726 | TEST: 0.9989 0.8342 | 0.6795 0.9344 | 0.7229 0.9556 | Time: 2.8271
Epoch: 0069 | TRAIN: 0.3513 0.9850 | 0.0647 1.0000 | 0.1012 1.0000 | Time: 39.5420 | VAL: 0.9773 0.8514 | 0.5775 1.0000 | 0.6198 0.9732 | Time: 2.4134 | TEST: 0.9919 0.8393 | 0.6791 0.9426 | 0.7060 0.9611 | Time: 2.8557
Epoch: 0070 | TRAIN: 0.3325 0.9898 | 0.0636 1.0000 | 0.1022 1.0000 | Time: 39.6743 | VAL: 0.9712 0.8569 | 0.5715 1.0000 | 0.6211 0.9732 | Time: 2.3885 | TEST: 0.9882 0.8342 | 0.6792 0.9426 | 0.7087 0.9556 | Time: 2.8737
Epoch: 0071 | TRAIN: 0.3241 0.9892 | 0.0636 1.0000 | 0.0969 1.0000 | Time: 39.5718 | VAL: 0.9578 0.8587 | 0.5724 1.0000 | 0.6105 0.9732 | Time: 2.3964 | TEST: 0.9744 0.8325 | 0.6770 0.9426 | 0.7018 0.9500 | Time: 2.8463
Epoch: 0072 | TRAIN: 0.3027 0.9940 | 0.0626 1.0000 | 0.0961 1.0000 | Time: 39.7351 | VAL: 0.9539 0.8533 | 0.5667 1.0000 | 0.6032 0.9664 | Time: 2.4309 | TEST: 0.9706 0.8376 | 0.6699 0.9508 | 0.6933 0.9556 | Time: 2.8812
Epoch: 0073 | TRAIN: 0.2989 0.9958 | 0.0613 1.0000 | 0.0946 1.0000 | Time: 39.5424 | VAL: 0.9496 0.8551 | 0.5669 1.0000 | 0.6008 0.9732 | Time: 2.4164 | TEST: 0.9655 0.8325 | 0.6672 0.9426 | 0.6884 0.9611 | Time: 2.8878
Epoch: 0074 | TRAIN: 0.2881 0.9964 | 0.0575 1.0000 | 0.0896 1.0000 | Time: 39.7039 | VAL: 0.9434 0.8569 | 0.5681 1.0000 | 0.6021 0.9732 | Time: 2.4232 | TEST: 0.9615 0.8359 | 0.6708 0.9426 | 0.6856 0.9611 | Time: 2.8904
Epoch: 0075 | TRAIN: 0.2795 0.9994 | 0.0569 1.0000 | 0.0902 1.0000 | Time: 39.6731 | VAL: 0.9355 0.8605 | 0.5624 1.0000 | 0.5916 0.9732 | Time: 2.3891 | TEST: 0.9512 0.8342 | 0.6683 0.9426 | 0.6781 0.9611 | Time: 2.8862
Epoch: 0076 | TRAIN: 0.2667 0.9970 | 0.0580 1.0000 | 0.0858 1.0000 | Time: 39.7282 | VAL: 0.9360 0.8605 | 0.5627 1.0000 | 0.5873 0.9664 | Time: 2.4348 | TEST: 0.9522 0.8359 | 0.6673 0.9344 | 0.6724 0.9611 | Time: 2.8767
Epoch: 0077 | TRAIN: 0.2583 0.9970 | 0.0559 1.0000 | 0.0823 1.0000 | Time: 39.7467 | VAL: 0.9313 0.8587 | 0.5514 1.0000 | 0.5882 0.9732 | Time: 2.4237 | TEST: 0.9462 0.8393 | 0.6616 0.9426 | 0.6741 0.9556 | Time: 2.8900
Epoch: 0078 | TRAIN: 0.2406 0.9988 | 0.0545 1.0000 | 0.0823 1.0000 | Time: 39.5845 | VAL: 0.9211 0.8569 | 0.5539 1.0000 | 0.5904 0.9732 | Time: 2.4295 | TEST: 0.9376 0.8359 | 0.6585 0.9508 | 0.6745 0.9611 | Time: 2.8866
Epoch: 0079 | TRAIN: 0.2380 0.9964 | 0.0520 1.0000 | 0.0816 1.0000 | Time: 39.6321 | VAL: 0.9195 0.8605 | 0.5551 1.0000 | 0.5801 0.9732 | Time: 2.4015 | TEST: 0.9354 0.8359 | 0.6590 0.9426 | 0.6674 0.9611 | Time: 2.8861
Epoch: 0080 | TRAIN: 0.2302 0.9976 | 0.0502 1.0000 | 0.0785 1.0000 | Time: 39.6653 | VAL: 0.9160 0.8605 | 0.5448 1.0000 | 0.5760 0.9732 | Time: 2.4259 | TEST: 0.9331 0.8359 | 0.6497 0.9426 | 0.6601 0.9556 | Time: 2.8859
Epoch: 0081 | TRAIN: 0.2334 0.9994 | 0.0508 1.0000 | 0.0781 1.0000 | Time: 39.5904 | VAL: 0.9104 0.8605 | 0.5447 1.0000 | 0.5669 0.9732 | Time: 2.4344 | TEST: 0.9267 0.8376 | 0.6466 0.9426 | 0.6569 0.9611 | Time: 2.9045
Epoch: 0082 | TRAIN: 0.2135 0.9988 | 0.0480 1.0000 | 0.0756 1.0000 | Time: 39.6321 | VAL: 0.9071 0.8605 | 0.5328 1.0000 | 0.5660 0.9732 | Time: 2.3468 | TEST: 0.9236 0.8359 | 0.6427 0.9344 | 0.6490 0.9556 | Time: 2.8072
Epoch: 0083 | TRAIN: 0.2176 0.9964 | 0.0471 1.0000 | 0.0728 1.0000 | Time: 39.5344 | VAL: 0.9068 0.8641 | 0.5311 1.0000 | 0.5676 0.9732 | Time: 2.4242 | TEST: 0.9226 0.8359 | 0.6330 0.9590 | 0.6549 0.9500 | Time: 2.8573
Epoch: 0084 | TRAIN: 0.2003 0.9994 | 0.0458 1.0000 | 0.0728 1.0000 | Time: 39.4576 | VAL: 0.9035 0.8587 | 0.5299 1.0000 | 0.5613 0.9732 | Time: 2.4126 | TEST: 0.9200 0.8359 | 0.6293 0.9508 | 0.6483 0.9611 | Time: 2.8697
Epoch: 0085 | TRAIN: 0.2033 0.9994 | 0.0439 1.0000 | 0.0718 1.0000 | Time: 39.5506 | VAL: 0.8997 0.8587 | 0.5263 1.0000 | 0.5614 0.9732 | Time: 2.4036 | TEST: 0.9182 0.8427 | 0.6272 0.9508 | 0.6492 0.9500 | Time: 2.8569
Epoch: 0086 | TRAIN: 0.1925 0.9994 | 0.0444 1.0000 | 0.0712 1.0000 | Time: 39.5636 | VAL: 0.9016 0.8605 | 0.5153 1.0000 | 0.5589 0.9732 | Time: 2.4495 | TEST: 0.9161 0.8376 | 0.6215 0.9590 | 0.6416 0.9556 | Time: 2.8965
Epoch: 0087 | TRAIN: 0.1900 1.0000 | 0.0432 1.0000 | 0.0686 1.0000 | Time: 39.5688 | VAL: 0.9019 0.8623 | 0.5176 1.0000 | 0.5552 0.9732 | Time: 2.4064 | TEST: 0.9166 0.8393 | 0.6187 0.9590 | 0.6406 0.9556 | Time: 2.8637
Epoch: 0088 | TRAIN: 0.1896 0.9994 | 0.0418 1.0000 | 0.0660 1.0000 | Time: 39.8446 | VAL: 0.9012 0.8605 | 0.5196 1.0000 | 0.5528 0.9732 | Time: 2.4261 | TEST: 0.9189 0.8325 | 0.6164 0.9590 | 0.6379 0.9556 | Time: 2.8620
Epoch: 0089 | TRAIN: 0.1851 0.9988 | 0.0399 1.0000 | 0.0656 1.0000 | Time: 39.6137 | VAL: 0.8929 0.8641 | 0.5142 1.0000 | 0.5474 0.9732 | Time: 2.4286 | TEST: 0.9103 0.8325 | 0.6157 0.9508 | 0.6355 0.9611 | Time: 2.8941
Epoch: 0090 | TRAIN: 0.1823 1.0000 | 0.0391 1.0000 | 0.0651 1.0000 | Time: 39.6916 | VAL: 0.8950 0.8605 | 0.5073 1.0000 | 0.5501 0.9732 | Time: 2.4036 | TEST: 0.9105 0.8342 | 0.6107 0.9590 | 0.6319 0.9500 | Time: 2.8497
Epoch: 0091 | TRAIN: 0.1771 1.0000 | 0.0390 1.0000 | 0.0626 1.0000 | Time: 39.5439 | VAL: 0.8932 0.8659 | 0.5074 1.0000 | 0.5461 0.9732 | Time: 2.4219 | TEST: 0.9105 0.8325 | 0.6088 0.9508 | 0.6248 0.9556 | Time: 2.8873
Epoch: 0092 | TRAIN: 0.1731 1.0000 | 0.0369 1.0000 | 0.0625 1.0000 | Time: 39.8155 | VAL: 0.8866 0.8641 | 0.4970 1.0000 | 0.5453 0.9732 | Time: 2.3865 | TEST: 0.9036 0.8342 | 0.6029 0.9508 | 0.6290 0.9556 | Time: 2.8702
Epoch: 0093 | TRAIN: 0.1722 0.9994 | 0.0355 1.0000 | 0.0609 1.0000 | Time: 39.7201 | VAL: 0.8943 0.8659 | 0.4942 1.0000 | 0.5427 0.9732 | Time: 2.4090 | TEST: 0.9108 0.8325 | 0.5973 0.9590 | 0.6236 0.9611 | Time: 2.8907
Epoch: 0094 | TRAIN: 0.1649 0.9994 | 0.0352 1.0000 | 0.0595 1.0000 | Time: 39.8464 | VAL: 0.8886 0.8605 | 0.4863 1.0000 | 0.5324 0.9732 | Time: 2.4362 | TEST: 0.9080 0.8393 | 0.5841 0.9590 | 0.6174 0.9556 | Time: 2.8942
Epoch: 0095 | TRAIN: 0.1633 1.0000 | 0.0341 1.0000 | 0.0571 1.0000 | Time: 39.6361 | VAL: 0.8845 0.8623 | 0.4827 1.0000 | 0.5263 0.9732 | Time: 2.4214 | TEST: 0.9023 0.8410 | 0.5876 0.9508 | 0.6103 0.9500 | Time: 2.8469
Epoch: 0096 | TRAIN: 0.1618 0.9994 | 0.0333 1.0000 | 0.0561 1.0000 | Time: 39.7339 | VAL: 0.8915 0.8641 | 0.4841 1.0000 | 0.5312 0.9732 | Time: 2.4389 | TEST: 0.9074 0.8376 | 0.5870 0.9590 | 0.6155 0.9611 | Time: 2.9031
Epoch: 0097 | TRAIN: 0.1539 1.0000 | 0.0319 1.0000 | 0.0576 1.0000 | Time: 39.7364 | VAL: 0.8882 0.8623 | 0.4777 1.0000 | 0.5270 0.9732 | Time: 2.3957 | TEST: 0.9062 0.8359 | 0.5815 0.9590 | 0.6089 0.9500 | Time: 2.8091
Epoch: 0098 | TRAIN: 0.1550 1.0000 | 0.0317 1.0000 | 0.0532 1.0000 | Time: 39.4883 | VAL: 0.8901 0.8623 | 0.4773 1.0000 | 0.5260 0.9732 | Time: 2.3977 | TEST: 0.9063 0.8393 | 0.5762 0.9508 | 0.6039 0.9611 | Time: 2.8408
Epoch: 0099 | TRAIN: 0.1535 0.9988 | 0.0318 1.0000 | 0.0564 1.0000 | Time: 39.4791 | VAL: 0.8861 0.8623 | 0.4736 1.0000 | 0.5227 0.9732 | Time: 2.3980 | TEST: 0.9039 0.8342 | 0.5746 0.9590 | 0.5999 0.9556 | Time: 2.8383
========================================
Best Result: Epoch 91, result {'amazon': [0.8324786324786325], 'dslr': [0.9508196721311475], 'webcam': [0.9555555555555556]}
========================================
