========================================
General Configuration:
	Wighting: EW
	Architecture: HPS
	Rep_Grad: False
	Multi_Input: True
	Seed: 0
	Device: cuda:0
EW Configuration:
	weighting: EW
Optimizer Configuration:
	optim: adam
	lr: 1e-05
	weight_decay: 1e-05
========================================
Total Params: 11487901
Trainable Params: 11487901
Non-trainable Params: 0
========================================
LOG FORMAT | amazon_LOSS Acc | dslr_LOSS Acc | webcam_LOSS Acc | TIME
Epoch: 0000 | TRAIN: 3.4733 0.0529 | 3.2956 0.1010 | 3.3482 0.0889 | Time: 28.5491 | VAL: 3.3167 0.0851 | 3.1123 0.2135 | 3.1653 0.1946 | Time: 2.3701 | TEST: 3.2787 0.0923 | 3.1202 0.1967 | 3.1481 0.2222 | Time: 2.8230
Epoch: 0001 | TRAIN: 3.2058 0.1340 | 2.7433 0.3251 | 2.8551 0.2806 | Time: 28.0062 | VAL: 3.0946 0.2264 | 2.7628 0.4270 | 2.8133 0.3893 | Time: 2.4104 | TEST: 3.0595 0.2564 | 2.7756 0.4508 | 2.8255 0.3944 | Time: 2.8234
Epoch: 0002 | TRAIN: 2.9595 0.2434 | 2.3146 0.6046 | 2.4435 0.4964 | Time: 27.9174 | VAL: 2.8862 0.3388 | 2.4697 0.5730 | 2.5044 0.5638 | Time: 2.3737 | TEST: 2.8534 0.3795 | 2.4884 0.6066 | 2.5330 0.5667 | Time: 2.8503
Epoch: 0003 | TRAIN: 2.7465 0.3474 | 1.9247 0.7873 | 2.0674 0.6863 | Time: 28.1854 | VAL: 2.6982 0.4511 | 2.2223 0.7079 | 2.2487 0.6577 | Time: 2.4174 | TEST: 2.6680 0.4821 | 2.2453 0.6885 | 2.2884 0.6667 | Time: 2.8600
Epoch: 0004 | TRAIN: 2.5356 0.4603 | 1.6549 0.8942 | 1.7795 0.8035 | Time: 28.2251 | VAL: 2.5345 0.5308 | 2.0281 0.7753 | 2.0591 0.7315 | Time: 2.4095 | TEST: 2.5062 0.5573 | 2.0549 0.7623 | 2.1099 0.7444 | Time: 2.8510
Epoch: 0005 | TRAIN: 2.3657 0.5228 | 1.4187 0.9585 | 1.5579 0.8810 | Time: 27.9799 | VAL: 2.3877 0.5870 | 1.8760 0.8539 | 1.9072 0.8054 | Time: 2.4012 | TEST: 2.3655 0.6188 | 1.9107 0.8197 | 1.9644 0.8167 | Time: 2.8719
Epoch: 0006 | TRAIN: 2.1868 0.6118 | 1.2204 0.9802 | 1.3639 0.9225 | Time: 27.5624 | VAL: 2.2533 0.6250 | 1.7362 0.8652 | 1.7770 0.8456 | Time: 2.3706 | TEST: 2.2353 0.6462 | 1.7767 0.8443 | 1.8429 0.8556 | Time: 2.8706
Epoch: 0007 | TRAIN: 2.0747 0.6358 | 1.0770 0.9916 | 1.2335 0.9441 | Time: 27.6315 | VAL: 2.1294 0.6685 | 1.6084 0.8764 | 1.6539 0.8591 | Time: 2.3690 | TEST: 2.1141 0.6769 | 1.6612 0.8443 | 1.7254 0.8667 | Time: 2.8501
Epoch: 0008 | TRAIN: 1.9023 0.7013 | 0.9421 0.9934 | 1.0748 0.9681 | Time: 27.6272 | VAL: 2.0337 0.6902 | 1.5080 0.8989 | 1.5591 0.8725 | Time: 2.3292 | TEST: 2.0212 0.6906 | 1.5701 0.8770 | 1.6351 0.8778 | Time: 2.8131
Epoch: 0009 | TRAIN: 1.8039 0.7139 | 0.8361 0.9976 | 0.9763 0.9778 | Time: 27.5967 | VAL: 1.9338 0.7174 | 1.4361 0.9101 | 1.4826 0.8725 | Time: 2.4002 | TEST: 1.9251 0.7026 | 1.4971 0.8852 | 1.5660 0.9000 | Time: 2.8636
Epoch: 0010 | TRAIN: 1.6988 0.7428 | 0.7485 0.9988 | 0.8727 0.9832 | Time: 27.6978 | VAL: 1.8611 0.7319 | 1.3461 0.9213 | 1.4143 0.8993 | Time: 2.4157 | TEST: 1.8524 0.7077 | 1.4218 0.9098 | 1.4998 0.9056 | Time: 2.9029
Epoch: 0011 | TRAIN: 1.6010 0.7825 | 0.6712 0.9988 | 0.7910 0.9892 | Time: 27.6154 | VAL: 1.7798 0.7500 | 1.2864 0.9326 | 1.3438 0.8926 | Time: 2.3725 | TEST: 1.7762 0.7333 | 1.3635 0.9098 | 1.4295 0.9111 | Time: 2.8831
Epoch: 0012 | TRAIN: 1.4974 0.8041 | 0.6114 0.9988 | 0.7078 0.9976 | Time: 27.6044 | VAL: 1.7232 0.7536 | 1.2253 0.9326 | 1.2924 0.9128 | Time: 2.4508 | TEST: 1.7202 0.7350 | 1.3128 0.9180 | 1.3851 0.9167 | Time: 2.9076
Epoch: 0013 | TRAIN: 1.4300 0.8167 | 0.5408 0.9988 | 0.6374 0.9970 | Time: 27.7079 | VAL: 1.6530 0.7609 | 1.1820 0.9438 | 1.2458 0.9262 | Time: 2.3819 | TEST: 1.6520 0.7556 | 1.2705 0.9180 | 1.3407 0.9167 | Time: 2.8637
Epoch: 0014 | TRAIN: 1.3440 0.8299 | 0.5030 0.9994 | 0.5807 0.9994 | Time: 27.6890 | VAL: 1.5973 0.7627 | 1.1353 0.9663 | 1.1998 0.9463 | Time: 2.3695 | TEST: 1.5956 0.7590 | 1.2279 0.9180 | 1.2916 0.9167 | Time: 2.8661
Epoch: 0015 | TRAIN: 1.2776 0.8389 | 0.4498 1.0000 | 0.5317 0.9988 | Time: 27.5594 | VAL: 1.5447 0.7699 | 1.0969 0.9663 | 1.1539 0.9463 | Time: 2.3549 | TEST: 1.5464 0.7692 | 1.1853 0.9344 | 1.2481 0.9278 | Time: 2.8228
Epoch: 0016 | TRAIN: 1.2330 0.8438 | 0.4197 1.0000 | 0.5063 0.9994 | Time: 27.5513 | VAL: 1.4891 0.7699 | 1.0594 0.9775 | 1.1132 0.9463 | Time: 2.3254 | TEST: 1.4920 0.7692 | 1.1504 0.9180 | 1.2130 0.9278 | Time: 2.8078
Epoch: 0017 | TRAIN: 1.1529 0.8660 | 0.3839 1.0000 | 0.4523 1.0000 | Time: 27.4763 | VAL: 1.4543 0.7826 | 1.0390 0.9775 | 1.0788 0.9530 | Time: 2.3731 | TEST: 1.4605 0.7761 | 1.1347 0.9180 | 1.1782 0.9389 | Time: 2.8796
Epoch: 0018 | TRAIN: 1.1046 0.8738 | 0.3580 1.0000 | 0.4180 1.0000 | Time: 27.3635 | VAL: 1.4156 0.7917 | 1.0196 0.9775 | 1.0486 0.9530 | Time: 2.3313 | TEST: 1.4229 0.7880 | 1.1131 0.9262 | 1.1511 0.9444 | Time: 2.8486
Epoch: 0019 | TRAIN: 1.0287 0.8888 | 0.3433 1.0000 | 0.3977 1.0000 | Time: 27.4807 | VAL: 1.3703 0.7826 | 0.9893 0.9775 | 1.0202 0.9664 | Time: 2.3873 | TEST: 1.3777 0.7897 | 1.0880 0.9180 | 1.1273 0.9444 | Time: 2.8000
Epoch: 0020 | TRAIN: 0.9937 0.8870 | 0.3113 1.0000 | 0.3656 0.9994 | Time: 27.5220 | VAL: 1.3471 0.8007 | 0.9737 0.9775 | 0.9913 0.9664 | Time: 2.4259 | TEST: 1.3502 0.8034 | 1.0730 0.9262 | 1.0955 0.9500 | Time: 2.9147
Epoch: 0021 | TRAIN: 0.9394 0.8960 | 0.2901 1.0000 | 0.3426 1.0000 | Time: 27.3955 | VAL: 1.3135 0.8007 | 0.9537 0.9775 | 0.9747 0.9597 | Time: 2.3657 | TEST: 1.3200 0.8085 | 1.0580 0.9262 | 1.0802 0.9444 | Time: 2.8386
Epoch: 0022 | TRAIN: 0.8939 0.9141 | 0.2746 1.0000 | 0.3154 1.0000 | Time: 27.4265 | VAL: 1.2896 0.8043 | 0.9427 0.9775 | 0.9571 0.9597 | Time: 2.3632 | TEST: 1.2967 0.8154 | 1.0468 0.9344 | 1.0624 0.9444 | Time: 2.8589
Epoch: 0023 | TRAIN: 0.8503 0.9249 | 0.2665 1.0000 | 0.2977 1.0000 | Time: 27.4985 | VAL: 1.2559 0.8116 | 0.9293 0.9775 | 0.9359 0.9664 | Time: 2.3567 | TEST: 1.2609 0.8154 | 1.0335 0.9262 | 1.0416 0.9556 | Time: 2.8465
Epoch: 0024 | TRAIN: 0.7969 0.9309 | 0.2479 1.0000 | 0.2763 1.0000 | Time: 27.5589 | VAL: 1.2349 0.8134 | 0.9127 0.9888 | 0.9113 0.9732 | Time: 2.3797 | TEST: 1.2396 0.8188 | 1.0149 0.9344 | 1.0167 0.9500 | Time: 2.8725
Epoch: 0025 | TRAIN: 0.7593 0.9417 | 0.2347 1.0000 | 0.2656 1.0000 | Time: 27.8189 | VAL: 1.2094 0.8225 | 0.9032 0.9888 | 0.8973 0.9597 | Time: 2.4092 | TEST: 1.2145 0.8171 | 1.0052 0.9344 | 1.0002 0.9500 | Time: 2.8896
Epoch: 0026 | TRAIN: 0.7306 0.9405 | 0.2276 1.0000 | 0.2530 1.0000 | Time: 27.7330 | VAL: 1.1856 0.8261 | 0.8884 0.9888 | 0.8702 0.9664 | Time: 2.3857 | TEST: 1.1949 0.8205 | 0.9897 0.9262 | 0.9753 0.9500 | Time: 2.9121
Epoch: 0027 | TRAIN: 0.6912 0.9453 | 0.2143 1.0000 | 0.2376 1.0000 | Time: 27.5442 | VAL: 1.1636 0.8261 | 0.8714 1.0000 | 0.8662 0.9664 | Time: 2.3944 | TEST: 1.1721 0.8188 | 0.9758 0.9262 | 0.9713 0.9500 | Time: 2.8567
Epoch: 0028 | TRAIN: 0.6489 0.9549 | 0.2018 1.0000 | 0.2293 1.0000 | Time: 27.5339 | VAL: 1.1458 0.8315 | 0.8741 0.9888 | 0.8534 0.9664 | Time: 2.2904 | TEST: 1.1543 0.8256 | 0.9717 0.9262 | 0.9562 0.9444 | Time: 2.7779
Epoch: 0029 | TRAIN: 0.6317 0.9573 | 0.1928 1.0000 | 0.2168 1.0000 | Time: 27.3591 | VAL: 1.1234 0.8261 | 0.8499 0.9888 | 0.8334 0.9732 | Time: 2.3938 | TEST: 1.1348 0.8239 | 0.9579 0.9262 | 0.9374 0.9500 | Time: 2.8851
Epoch: 0030 | TRAIN: 0.5933 0.9603 | 0.1920 1.0000 | 0.2054 1.0000 | Time: 27.5636 | VAL: 1.1030 0.8315 | 0.8459 0.9888 | 0.8303 0.9664 | Time: 2.3811 | TEST: 1.1109 0.8274 | 0.9475 0.9262 | 0.9316 0.9556 | Time: 2.8101
Epoch: 0031 | TRAIN: 0.5648 0.9688 | 0.1769 1.0000 | 0.1944 1.0000 | Time: 27.5386 | VAL: 1.0893 0.8370 | 0.8369 1.0000 | 0.8159 0.9664 | Time: 2.3692 | TEST: 1.1006 0.8256 | 0.9413 0.9344 | 0.9216 0.9444 | Time: 2.8321
Epoch: 0032 | TRAIN: 0.5362 0.9712 | 0.1724 1.0000 | 0.1892 1.0000 | Time: 27.6030 | VAL: 1.0816 0.8333 | 0.8277 0.9888 | 0.8052 0.9664 | Time: 2.4069 | TEST: 1.0923 0.8274 | 0.9311 0.9262 | 0.9050 0.9556 | Time: 2.8755
Epoch: 0033 | TRAIN: 0.5022 0.9724 | 0.1574 1.0000 | 0.1792 1.0000 | Time: 27.6300 | VAL: 1.0636 0.8406 | 0.8305 1.0000 | 0.7973 0.9664 | Time: 2.3506 | TEST: 1.0754 0.8239 | 0.9292 0.9344 | 0.9030 0.9556 | Time: 2.8139
Epoch: 0034 | TRAIN: 0.4794 0.9772 | 0.1579 1.0000 | 0.1735 1.0000 | Time: 27.6369 | VAL: 1.0539 0.8388 | 0.8150 1.0000 | 0.7879 0.9664 | Time: 2.3454 | TEST: 1.0667 0.8256 | 0.9209 0.9262 | 0.8839 0.9556 | Time: 2.8041
Epoch: 0035 | TRAIN: 0.4557 0.9760 | 0.1516 1.0000 | 0.1639 1.0000 | Time: 27.6991 | VAL: 1.0429 0.8442 | 0.8065 1.0000 | 0.7772 0.9664 | Time: 2.3601 | TEST: 1.0543 0.8256 | 0.9108 0.9262 | 0.8785 0.9556 | Time: 2.8253
Epoch: 0036 | TRAIN: 0.4427 0.9766 | 0.1460 1.0000 | 0.1573 1.0000 | Time: 27.7315 | VAL: 1.0343 0.8496 | 0.8046 1.0000 | 0.7663 0.9732 | Time: 2.3903 | TEST: 1.0448 0.8291 | 0.9094 0.9426 | 0.8683 0.9500 | Time: 2.9069
Epoch: 0037 | TRAIN: 0.4076 0.9868 | 0.1387 1.0000 | 0.1526 1.0000 | Time: 27.6875 | VAL: 1.0161 0.8496 | 0.7990 1.0000 | 0.7572 0.9732 | Time: 2.3535 | TEST: 1.0283 0.8325 | 0.9045 0.9262 | 0.8596 0.9500 | Time: 2.8183
Epoch: 0038 | TRAIN: 0.3858 0.9886 | 0.1347 1.0000 | 0.1524 1.0000 | Time: 27.7818 | VAL: 1.0142 0.8514 | 0.7886 1.0000 | 0.7497 0.9664 | Time: 2.3759 | TEST: 1.0271 0.8291 | 0.8938 0.9426 | 0.8531 0.9556 | Time: 2.8723
Epoch: 0039 | TRAIN: 0.3762 0.9874 | 0.1247 1.0000 | 0.1404 1.0000 | Time: 27.5668 | VAL: 0.9977 0.8533 | 0.7938 1.0000 | 0.7442 0.9664 | Time: 2.4092 | TEST: 1.0098 0.8359 | 0.9024 0.9344 | 0.8492 0.9556 | Time: 2.8463
Epoch: 0040 | TRAIN: 0.3546 0.9910 | 0.1236 1.0000 | 0.1363 1.0000 | Time: 27.6855 | VAL: 0.9941 0.8605 | 0.7848 1.0000 | 0.7304 0.9664 | Time: 2.3695 | TEST: 1.0062 0.8308 | 0.8893 0.9344 | 0.8322 0.9556 | Time: 2.8422
Epoch: 0041 | TRAIN: 0.3345 0.9922 | 0.1185 1.0000 | 0.1322 1.0000 | Time: 27.7975 | VAL: 0.9833 0.8605 | 0.7803 1.0000 | 0.7314 0.9664 | Time: 2.3748 | TEST: 0.9977 0.8325 | 0.8878 0.9426 | 0.8338 0.9500 | Time: 2.8677
Epoch: 0042 | TRAIN: 0.3138 0.9934 | 0.1177 1.0000 | 0.1249 1.0000 | Time: 27.5962 | VAL: 0.9796 0.8587 | 0.7725 1.0000 | 0.7209 0.9664 | Time: 2.3946 | TEST: 0.9936 0.8325 | 0.8783 0.9426 | 0.8198 0.9444 | Time: 2.8554
Epoch: 0043 | TRAIN: 0.3003 0.9916 | 0.1122 1.0000 | 0.1222 1.0000 | Time: 27.6720 | VAL: 0.9694 0.8641 | 0.7738 1.0000 | 0.7104 0.9664 | Time: 2.3795 | TEST: 0.9820 0.8342 | 0.8798 0.9426 | 0.8120 0.9556 | Time: 2.8100
Epoch: 0044 | TRAIN: 0.2910 0.9940 | 0.1063 1.0000 | 0.1155 1.0000 | Time: 27.6020 | VAL: 0.9571 0.8641 | 0.7690 1.0000 | 0.7038 0.9664 | Time: 2.4179 | TEST: 0.9728 0.8376 | 0.8686 0.9426 | 0.8054 0.9556 | Time: 2.8480
Epoch: 0045 | TRAIN: 0.2760 0.9976 | 0.0995 1.0000 | 0.1142 1.0000 | Time: 27.6563 | VAL: 0.9496 0.8605 | 0.7604 1.0000 | 0.7044 0.9664 | Time: 2.3539 | TEST: 0.9620 0.8342 | 0.8682 0.9344 | 0.8068 0.9556 | Time: 2.8274
Epoch: 0046 | TRAIN: 0.2551 0.9976 | 0.1016 1.0000 | 0.1115 1.0000 | Time: 27.6450 | VAL: 0.9415 0.8605 | 0.7646 1.0000 | 0.6915 0.9664 | Time: 2.3921 | TEST: 0.9541 0.8325 | 0.8653 0.9262 | 0.7936 0.9444 | Time: 2.8660
Epoch: 0047 | TRAIN: 0.2419 0.9982 | 0.1003 1.0000 | 0.1080 1.0000 | Time: 27.6617 | VAL: 0.9465 0.8587 | 0.7607 1.0000 | 0.6985 0.9664 | Time: 2.3994 | TEST: 0.9614 0.8291 | 0.8659 0.9262 | 0.7939 0.9444 | Time: 2.8692
Epoch: 0048 | TRAIN: 0.2424 0.9976 | 0.0985 1.0000 | 0.1041 1.0000 | Time: 27.7589 | VAL: 0.9334 0.8714 | 0.7547 1.0000 | 0.6803 0.9664 | Time: 2.3414 | TEST: 0.9513 0.8308 | 0.8594 0.9426 | 0.7834 0.9500 | Time: 2.8217
Epoch: 0049 | TRAIN: 0.2271 1.0000 | 0.0952 1.0000 | 0.0989 1.0000 | Time: 27.8147 | VAL: 0.9292 0.8605 | 0.7395 1.0000 | 0.6777 0.9664 | Time: 2.4044 | TEST: 0.9436 0.8308 | 0.8516 0.9262 | 0.7753 0.9556 | Time: 2.8877
Epoch: 0050 | TRAIN: 0.2175 1.0000 | 0.0921 1.0000 | 0.1013 1.0000 | Time: 27.6972 | VAL: 0.9288 0.8641 | 0.7520 1.0000 | 0.6810 0.9597 | Time: 2.3750 | TEST: 0.9422 0.8308 | 0.8548 0.9344 | 0.7863 0.9556 | Time: 2.8411
Epoch: 0051 | TRAIN: 0.2091 0.9988 | 0.0850 1.0000 | 0.0953 1.0000 | Time: 27.6907 | VAL: 0.9195 0.8623 | 0.7407 1.0000 | 0.6719 0.9664 | Time: 2.3936 | TEST: 0.9344 0.8308 | 0.8471 0.9344 | 0.7747 0.9556 | Time: 2.8681
Epoch: 0052 | TRAIN: 0.1964 0.9988 | 0.0848 1.0000 | 0.0894 1.0000 | Time: 27.6492 | VAL: 0.9157 0.8569 | 0.7368 1.0000 | 0.6682 0.9597 | Time: 2.3525 | TEST: 0.9279 0.8325 | 0.8427 0.9426 | 0.7688 0.9500 | Time: 2.8265
Epoch: 0053 | TRAIN: 0.1880 1.0000 | 0.0807 1.0000 | 0.0878 1.0000 | Time: 27.6868 | VAL: 0.9060 0.8641 | 0.7372 1.0000 | 0.6579 0.9664 | Time: 2.3607 | TEST: 0.9196 0.8342 | 0.8470 0.9426 | 0.7568 0.9556 | Time: 2.8475
Epoch: 0054 | TRAIN: 0.1819 1.0000 | 0.0791 1.0000 | 0.0875 1.0000 | Time: 27.5367 | VAL: 0.9012 0.8623 | 0.7306 1.0000 | 0.6582 0.9664 | Time: 2.3684 | TEST: 0.9184 0.8325 | 0.8432 0.9344 | 0.7559 0.9556 | Time: 2.8262
Epoch: 0055 | TRAIN: 0.1735 0.9994 | 0.0771 1.0000 | 0.0846 1.0000 | Time: 27.5789 | VAL: 0.8963 0.8569 | 0.7381 1.0000 | 0.6581 0.9664 | Time: 2.3854 | TEST: 0.9112 0.8376 | 0.8494 0.9344 | 0.7611 0.9556 | Time: 2.8486
Epoch: 0056 | TRAIN: 0.1727 0.9994 | 0.0758 1.0000 | 0.0833 1.0000 | Time: 27.6143 | VAL: 0.8923 0.8659 | 0.7296 1.0000 | 0.6448 0.9597 | Time: 2.3432 | TEST: 0.9057 0.8342 | 0.8380 0.9344 | 0.7469 0.9500 | Time: 2.8352
Epoch: 0057 | TRAIN: 0.1626 1.0000 | 0.0713 1.0000 | 0.0825 1.0000 | Time: 27.5869 | VAL: 0.8905 0.8569 | 0.7376 1.0000 | 0.6454 0.9597 | Time: 2.3257 | TEST: 0.9046 0.8359 | 0.8408 0.9344 | 0.7452 0.9500 | Time: 2.7839
Epoch: 0058 | TRAIN: 0.1599 1.0000 | 0.0723 1.0000 | 0.0762 1.0000 | Time: 27.6365 | VAL: 0.8822 0.8623 | 0.7271 1.0000 | 0.6442 0.9597 | Time: 2.3399 | TEST: 0.8950 0.8359 | 0.8317 0.9344 | 0.7412 0.9444 | Time: 2.8139
Epoch: 0059 | TRAIN: 0.1485 0.9994 | 0.0688 1.0000 | 0.0764 1.0000 | Time: 27.6564 | VAL: 0.8767 0.8659 | 0.7187 1.0000 | 0.6354 0.9664 | Time: 2.3468 | TEST: 0.8901 0.8342 | 0.8229 0.9344 | 0.7367 0.9500 | Time: 2.8306
Epoch: 0060 | TRAIN: 0.1466 1.0000 | 0.0677 1.0000 | 0.0741 1.0000 | Time: 27.7346 | VAL: 0.8767 0.8659 | 0.7272 1.0000 | 0.6393 0.9664 | Time: 2.4089 | TEST: 0.8937 0.8342 | 0.8307 0.9344 | 0.7376 0.9500 | Time: 2.8467
Epoch: 0061 | TRAIN: 0.1366 1.0000 | 0.0654 1.0000 | 0.0718 1.0000 | Time: 27.5510 | VAL: 0.8672 0.8623 | 0.7180 1.0000 | 0.6279 0.9597 | Time: 2.3630 | TEST: 0.8821 0.8376 | 0.8206 0.9344 | 0.7261 0.9500 | Time: 2.8112
Epoch: 0062 | TRAIN: 0.1320 1.0000 | 0.0642 1.0000 | 0.0708 1.0000 | Time: 27.5221 | VAL: 0.8718 0.8605 | 0.7120 1.0000 | 0.6361 0.9597 | Time: 2.3141 | TEST: 0.8831 0.8359 | 0.8260 0.9180 | 0.7333 0.9556 | Time: 2.8170
Epoch: 0063 | TRAIN: 0.1244 1.0000 | 0.0620 1.0000 | 0.0672 1.0000 | Time: 27.4049 | VAL: 0.8587 0.8569 | 0.7142 1.0000 | 0.6283 0.9664 | Time: 2.3567 | TEST: 0.8729 0.8342 | 0.8192 0.9344 | 0.7270 0.9556 | Time: 2.8185
Epoch: 0064 | TRAIN: 0.1226 1.0000 | 0.0608 1.0000 | 0.0667 1.0000 | Time: 27.6922 | VAL: 0.8623 0.8587 | 0.7113 1.0000 | 0.6251 0.9597 | Time: 2.4041 | TEST: 0.8751 0.8342 | 0.8196 0.9344 | 0.7263 0.9556 | Time: 2.8697
Epoch: 0065 | TRAIN: 0.1183 1.0000 | 0.0619 1.0000 | 0.0641 1.0000 | Time: 27.6614 | VAL: 0.8578 0.8659 | 0.7082 1.0000 | 0.6212 0.9597 | Time: 2.3973 | TEST: 0.8725 0.8342 | 0.8178 0.9344 | 0.7195 0.9500 | Time: 2.8499
Epoch: 0066 | TRAIN: 0.1130 1.0000 | 0.0567 1.0000 | 0.0644 1.0000 | Time: 27.6603 | VAL: 0.8499 0.8623 | 0.6982 1.0000 | 0.6192 0.9597 | Time: 2.3599 | TEST: 0.8647 0.8308 | 0.8110 0.9344 | 0.7193 0.9500 | Time: 2.8632
Epoch: 0067 | TRAIN: 0.1076 1.0000 | 0.0590 1.0000 | 0.0626 1.0000 | Time: 27.7643 | VAL: 0.8554 0.8605 | 0.7021 1.0000 | 0.6096 0.9664 | Time: 2.3909 | TEST: 0.8703 0.8359 | 0.8129 0.9344 | 0.7112 0.9500 | Time: 2.8655
Epoch: 0068 | TRAIN: 0.1060 1.0000 | 0.0548 1.0000 | 0.0574 1.0000 | Time: 27.6455 | VAL: 0.8454 0.8587 | 0.6970 1.0000 | 0.6200 0.9597 | Time: 2.4000 | TEST: 0.8611 0.8376 | 0.8118 0.9262 | 0.7176 0.9500 | Time: 2.8915
Epoch: 0069 | TRAIN: 0.1083 1.0000 | 0.0538 1.0000 | 0.0566 1.0000 | Time: 27.6814 | VAL: 0.8444 0.8623 | 0.7039 1.0000 | 0.6098 0.9597 | Time: 2.3954 | TEST: 0.8591 0.8359 | 0.8105 0.9344 | 0.7050 0.9500 | Time: 2.8605
Epoch: 0070 | TRAIN: 0.1018 1.0000 | 0.0526 1.0000 | 0.0578 1.0000 | Time: 27.7842 | VAL: 0.8406 0.8623 | 0.6929 1.0000 | 0.6138 0.9597 | Time: 2.3667 | TEST: 0.8576 0.8342 | 0.8079 0.9344 | 0.7103 0.9500 | Time: 2.8337
Epoch: 0071 | TRAIN: 0.0990 1.0000 | 0.0523 1.0000 | 0.0555 1.0000 | Time: 27.7524 | VAL: 0.8315 0.8659 | 0.6962 1.0000 | 0.6041 0.9664 | Time: 2.4392 | TEST: 0.8481 0.8342 | 0.8076 0.9344 | 0.7045 0.9500 | Time: 2.8988
Epoch: 0072 | TRAIN: 0.0915 1.0000 | 0.0516 1.0000 | 0.0547 1.0000 | Time: 27.7381 | VAL: 0.8297 0.8659 | 0.6910 1.0000 | 0.6000 0.9664 | Time: 2.3940 | TEST: 0.8462 0.8342 | 0.8028 0.9344 | 0.7000 0.9500 | Time: 2.8240
Epoch: 0073 | TRAIN: 0.0922 1.0000 | 0.0502 1.0000 | 0.0541 1.0000 | Time: 27.7718 | VAL: 0.8302 0.8641 | 0.6899 1.0000 | 0.5964 0.9597 | Time: 2.4379 | TEST: 0.8441 0.8308 | 0.7992 0.9344 | 0.6959 0.9500 | Time: 2.9057
Epoch: 0074 | TRAIN: 0.0909 1.0000 | 0.0470 1.0000 | 0.0509 1.0000 | Time: 27.7658 | VAL: 0.8264 0.8605 | 0.6912 1.0000 | 0.5956 0.9597 | Time: 2.4124 | TEST: 0.8421 0.8308 | 0.8020 0.9344 | 0.6907 0.9556 | Time: 2.8909
Epoch: 0075 | TRAIN: 0.0885 1.0000 | 0.0467 1.0000 | 0.0511 1.0000 | Time: 27.7864 | VAL: 0.8216 0.8623 | 0.6879 1.0000 | 0.5866 0.9597 | Time: 2.4273 | TEST: 0.8363 0.8342 | 0.8009 0.9344 | 0.6851 0.9500 | Time: 2.8572
Epoch: 0076 | TRAIN: 0.0855 1.0000 | 0.0472 1.0000 | 0.0493 1.0000 | Time: 27.7355 | VAL: 0.8218 0.8605 | 0.6883 1.0000 | 0.5851 0.9664 | Time: 2.3854 | TEST: 0.8377 0.8291 | 0.7994 0.9344 | 0.6829 0.9500 | Time: 2.8458
Epoch: 0077 | TRAIN: 0.0836 1.0000 | 0.0460 1.0000 | 0.0469 1.0000 | Time: 27.7621 | VAL: 0.8188 0.8623 | 0.6809 1.0000 | 0.5880 0.9597 | Time: 2.4277 | TEST: 0.8337 0.8291 | 0.7954 0.9344 | 0.6867 0.9500 | Time: 2.9013
Epoch: 0078 | TRAIN: 0.0765 1.0000 | 0.0451 1.0000 | 0.0473 1.0000 | Time: 27.7475 | VAL: 0.8131 0.8623 | 0.6831 1.0000 | 0.5904 0.9597 | Time: 2.3674 | TEST: 0.8303 0.8325 | 0.7912 0.9344 | 0.6876 0.9500 | Time: 2.8568
Epoch: 0079 | TRAIN: 0.0776 1.0000 | 0.0430 1.0000 | 0.0465 1.0000 | Time: 27.6917 | VAL: 0.8118 0.8623 | 0.6843 1.0000 | 0.5833 0.9597 | Time: 2.3496 | TEST: 0.8292 0.8342 | 0.7962 0.9344 | 0.6849 0.9500 | Time: 2.8227
Epoch: 0080 | TRAIN: 0.0749 1.0000 | 0.0416 1.0000 | 0.0447 1.0000 | Time: 27.7161 | VAL: 0.8069 0.8678 | 0.6783 1.0000 | 0.5803 0.9597 | Time: 2.3994 | TEST: 0.8245 0.8393 | 0.7909 0.9344 | 0.6766 0.9500 | Time: 2.8422
Epoch: 0081 | TRAIN: 0.0786 1.0000 | 0.0424 1.0000 | 0.0448 1.0000 | Time: 27.4808 | VAL: 0.8035 0.8587 | 0.6768 1.0000 | 0.5686 0.9664 | Time: 2.3890 | TEST: 0.8213 0.8359 | 0.7834 0.9344 | 0.6706 0.9500 | Time: 2.8701
Epoch: 0082 | TRAIN: 0.0701 1.0000 | 0.0402 1.0000 | 0.0432 1.0000 | Time: 27.4803 | VAL: 0.8011 0.8623 | 0.6689 1.0000 | 0.5670 0.9597 | Time: 2.4243 | TEST: 0.8203 0.8342 | 0.7857 0.9344 | 0.6599 0.9556 | Time: 2.8759
Epoch: 0083 | TRAIN: 0.0737 1.0000 | 0.0394 1.0000 | 0.0416 1.0000 | Time: 27.5239 | VAL: 0.8008 0.8587 | 0.6709 1.0000 | 0.5714 0.9597 | Time: 2.3786 | TEST: 0.8179 0.8308 | 0.7790 0.9344 | 0.6709 0.9500 | Time: 2.8259
Epoch: 0084 | TRAIN: 0.0667 1.0000 | 0.0390 1.0000 | 0.0418 1.0000 | Time: 27.5571 | VAL: 0.7987 0.8641 | 0.6696 1.0000 | 0.5640 0.9597 | Time: 2.3481 | TEST: 0.8166 0.8308 | 0.7764 0.9344 | 0.6636 0.9500 | Time: 2.8203
Epoch: 0085 | TRAIN: 0.0664 1.0000 | 0.0375 1.0000 | 0.0414 1.0000 | Time: 27.4596 | VAL: 0.7957 0.8623 | 0.6687 1.0000 | 0.5683 0.9597 | Time: 2.3396 | TEST: 0.8161 0.8325 | 0.7784 0.9344 | 0.6663 0.9500 | Time: 2.8109
Epoch: 0086 | TRAIN: 0.0641 1.0000 | 0.0383 1.0000 | 0.0409 1.0000 | Time: 27.5487 | VAL: 0.7935 0.8641 | 0.6583 1.0000 | 0.5641 0.9597 | Time: 2.3746 | TEST: 0.8083 0.8342 | 0.7749 0.9344 | 0.6601 0.9500 | Time: 2.8505
Epoch: 0087 | TRAIN: 0.0632 1.0000 | 0.0370 1.0000 | 0.0390 1.0000 | Time: 27.3928 | VAL: 0.7933 0.8605 | 0.6636 1.0000 | 0.5662 0.9597 | Time: 2.3840 | TEST: 0.8069 0.8342 | 0.7759 0.9344 | 0.6631 0.9500 | Time: 2.8340
Epoch: 0088 | TRAIN: 0.0626 1.0000 | 0.0363 1.0000 | 0.0379 1.0000 | Time: 27.4587 | VAL: 0.7948 0.8641 | 0.6700 1.0000 | 0.5665 0.9597 | Time: 2.3309 | TEST: 0.8131 0.8342 | 0.7768 0.9344 | 0.6626 0.9444 | Time: 2.8727
Epoch: 0089 | TRAIN: 0.0622 1.0000 | 0.0348 1.0000 | 0.0376 1.0000 | Time: 27.5115 | VAL: 0.7873 0.8623 | 0.6666 1.0000 | 0.5620 0.9597 | Time: 2.3817 | TEST: 0.8051 0.8359 | 0.7801 0.9262 | 0.6626 0.9500 | Time: 2.8573
Epoch: 0090 | TRAIN: 0.0606 1.0000 | 0.0343 1.0000 | 0.0374 1.0000 | Time: 27.5196 | VAL: 0.7894 0.8605 | 0.6654 1.0000 | 0.5669 0.9597 | Time: 2.3818 | TEST: 0.8062 0.8308 | 0.7783 0.9344 | 0.6606 0.9500 | Time: 2.8667
Epoch: 0091 | TRAIN: 0.0581 1.0000 | 0.0344 1.0000 | 0.0364 1.0000 | Time: 27.5230 | VAL: 0.7861 0.8641 | 0.6651 1.0000 | 0.5603 0.9597 | Time: 2.3800 | TEST: 0.8043 0.8359 | 0.7777 0.9344 | 0.6503 0.9500 | Time: 2.8383
Epoch: 0092 | TRAIN: 0.0575 1.0000 | 0.0328 1.0000 | 0.0357 1.0000 | Time: 27.5724 | VAL: 0.7804 0.8623 | 0.6551 1.0000 | 0.5607 0.9597 | Time: 2.3974 | TEST: 0.7955 0.8342 | 0.7739 0.9262 | 0.6586 0.9444 | Time: 2.8717
Epoch: 0093 | TRAIN: 0.0576 1.0000 | 0.0316 1.0000 | 0.0350 1.0000 | Time: 27.4618 | VAL: 0.7854 0.8623 | 0.6539 1.0000 | 0.5575 0.9597 | Time: 2.3754 | TEST: 0.8010 0.8308 | 0.7700 0.9344 | 0.6533 0.9500 | Time: 2.8313
Epoch: 0094 | TRAIN: 0.0532 1.0000 | 0.0315 1.0000 | 0.0342 1.0000 | Time: 27.4604 | VAL: 0.7789 0.8605 | 0.6499 1.0000 | 0.5484 0.9597 | Time: 2.4027 | TEST: 0.7993 0.8359 | 0.7612 0.9344 | 0.6473 0.9500 | Time: 2.8653
Epoch: 0095 | TRAIN: 0.0527 1.0000 | 0.0308 1.0000 | 0.0329 1.0000 | Time: 27.7015 | VAL: 0.7752 0.8605 | 0.6520 1.0000 | 0.5457 0.9597 | Time: 2.4697 | TEST: 0.7943 0.8342 | 0.7683 0.9344 | 0.6420 0.9500 | Time: 2.9201
Epoch: 0096 | TRAIN: 0.0523 1.0000 | 0.0303 1.0000 | 0.0324 1.0000 | Time: 27.8131 | VAL: 0.7786 0.8641 | 0.6587 1.0000 | 0.5531 0.9597 | Time: 2.3969 | TEST: 0.7959 0.8393 | 0.7734 0.9344 | 0.6479 0.9500 | Time: 2.8617
Epoch: 0097 | TRAIN: 0.0499 1.0000 | 0.0293 1.0000 | 0.0335 1.0000 | Time: 27.5861 | VAL: 0.7760 0.8605 | 0.6561 1.0000 | 0.5503 0.9597 | Time: 2.3308 | TEST: 0.7933 0.8376 | 0.7699 0.9344 | 0.6439 0.9500 | Time: 2.8181
Epoch: 0098 | TRAIN: 0.0499 1.0000 | 0.0292 1.0000 | 0.0307 1.0000 | Time: 27.6390 | VAL: 0.7775 0.8587 | 0.6521 1.0000 | 0.5489 0.9597 | Time: 2.3746 | TEST: 0.7939 0.8359 | 0.7652 0.9344 | 0.6391 0.9500 | Time: 2.8487
Epoch: 0099 | TRAIN: 0.0496 1.0000 | 0.0295 1.0000 | 0.0328 1.0000 | Time: 27.4296 | VAL: 0.7740 0.8623 | 0.6514 1.0000 | 0.5489 0.9597 | Time: 2.3478 | TEST: 0.7915 0.8308 | 0.7672 0.9344 | 0.6374 0.9500 | Time: 2.8649
========================================
Best Result: Epoch 48, result {'amazon': [0.8307692307692308], 'dslr': [0.9426229508196722], 'webcam': [0.95]}
========================================
