========================================
General Configuration:
	Wighting: EW
	Architecture: HPS
	Rep_Grad: False
	Multi_Input: True
	Seed: 0
	Device: cuda:0
EW Configuration:
	weighting: EW
Optimizer Configuration:
	optim: adam
	lr: 1e-06
	weight_decay: 1e-05
========================================
Total Params: 11487901
Trainable Params: 11487901
Non-trainable Params: 0
========================================
LOG FORMAT | amazon_LOSS Acc | dslr_LOSS Acc | webcam_LOSS Acc | TIME
Epoch: 0000 | TRAIN: 3.5724 0.0337 | 3.5436 0.0451 | 3.5658 0.0349 | Time: 32.4922 | VAL: 3.5271 0.0236 | 3.4586 0.0449 | 3.5076 0.0201 | Time: 2.5719 | TEST: 3.4867 0.0376 | 3.4539 0.0328 | 3.4692 0.0556 | Time: 3.1412
Epoch: 0001 | TRAIN: 3.5464 0.0421 | 3.4724 0.0511 | 3.5244 0.0445 | Time: 31.4146 | VAL: 3.5068 0.0254 | 3.4226 0.0562 | 3.4746 0.0336 | Time: 2.7029 | TEST: 3.4668 0.0393 | 3.4164 0.0328 | 3.4417 0.0722 | Time: 3.2447
Epoch: 0002 | TRAIN: 3.5272 0.0451 | 3.4393 0.0475 | 3.4830 0.0505 | Time: 31.1922 | VAL: 3.4823 0.0290 | 3.3780 0.0787 | 3.4306 0.0470 | Time: 2.6479 | TEST: 3.4412 0.0393 | 3.3760 0.0410 | 3.4001 0.0722 | Time: 3.1444
Epoch: 0003 | TRAIN: 3.5095 0.0403 | 3.3469 0.0673 | 3.4010 0.0745 | Time: 31.2341 | VAL: 3.4606 0.0326 | 3.3436 0.1011 | 3.3902 0.0604 | Time: 2.7234 | TEST: 3.4187 0.0462 | 3.3405 0.0656 | 3.3633 0.0833 | Time: 3.1679
Epoch: 0004 | TRAIN: 3.4698 0.0493 | 3.3076 0.0757 | 3.3449 0.0925 | Time: 31.9807 | VAL: 3.4383 0.0417 | 3.3031 0.1011 | 3.3511 0.0537 | Time: 2.7974 | TEST: 3.3963 0.0564 | 3.3001 0.0656 | 3.3279 0.1000 | Time: 3.1446
Epoch: 0005 | TRAIN: 3.4575 0.0631 | 3.2382 0.1028 | 3.3014 0.0992 | Time: 31.3068 | VAL: 3.4128 0.0471 | 3.2680 0.1011 | 3.3108 0.0940 | Time: 2.8028 | TEST: 3.3735 0.0564 | 3.2641 0.0820 | 3.2889 0.1167 | Time: 3.3181
Epoch: 0006 | TRAIN: 3.4055 0.0715 | 3.1647 0.1268 | 3.2462 0.1208 | Time: 30.9883 | VAL: 3.3905 0.0507 | 3.2319 0.1124 | 3.2745 0.1074 | Time: 2.6421 | TEST: 3.3518 0.0701 | 3.2270 0.1230 | 3.2563 0.1278 | Time: 3.1581
Epoch: 0007 | TRAIN: 3.4176 0.0637 | 3.1391 0.1268 | 3.2299 0.1238 | Time: 31.6469 | VAL: 3.3625 0.0652 | 3.1869 0.1236 | 3.2362 0.1275 | Time: 2.9247 | TEST: 3.3242 0.0769 | 3.1887 0.1311 | 3.2189 0.1778 | Time: 3.1384
Epoch: 0008 | TRAIN: 3.3410 0.0721 | 3.0717 0.1556 | 3.1323 0.1430 | Time: 30.9684 | VAL: 3.3432 0.0634 | 3.1507 0.1573 | 3.1972 0.1611 | Time: 2.7384 | TEST: 3.3033 0.0838 | 3.1506 0.1475 | 3.1838 0.1944 | Time: 3.1568
Epoch: 0009 | TRAIN: 3.3298 0.0877 | 3.0146 0.1689 | 3.1039 0.1496 | Time: 31.2568 | VAL: 3.3183 0.0761 | 3.1196 0.1685 | 3.1587 0.2013 | Time: 2.8946 | TEST: 3.2803 0.0940 | 3.1178 0.1721 | 3.1483 0.2222 | Time: 3.1221
Epoch: 0010 | TRAIN: 3.3132 0.0847 | 2.9588 0.2097 | 3.0708 0.1827 | Time: 30.9875 | VAL: 3.2951 0.0942 | 3.0750 0.2360 | 3.1225 0.2215 | Time: 2.5894 | TEST: 3.2558 0.1043 | 3.0802 0.2295 | 3.1133 0.2444 | Time: 3.4001
Epoch: 0011 | TRAIN: 3.2621 0.1088 | 2.9087 0.2368 | 3.0123 0.2067 | Time: 31.3301 | VAL: 3.2725 0.1033 | 3.0433 0.2697 | 3.0865 0.2416 | Time: 2.7874 | TEST: 3.2359 0.1231 | 3.0456 0.2459 | 3.0766 0.2667 | Time: 3.1511
Epoch: 0012 | TRAIN: 3.2386 0.1172 | 2.8608 0.2656 | 2.9721 0.2302 | Time: 31.0041 | VAL: 3.2504 0.1141 | 3.0045 0.2584 | 3.0465 0.2550 | Time: 2.7196 | TEST: 3.2119 0.1470 | 3.0110 0.2869 | 3.0414 0.2778 | Time: 3.1802
Epoch: 0013 | TRAIN: 3.2369 0.1070 | 2.8002 0.3017 | 2.8996 0.2392 | Time: 31.2040 | VAL: 3.2242 0.1250 | 2.9668 0.2697 | 3.0161 0.2819 | Time: 2.7280 | TEST: 3.1856 0.1607 | 2.9730 0.3197 | 3.0134 0.2944 | Time: 3.1476
Epoch: 0014 | TRAIN: 3.1928 0.1358 | 2.7632 0.3113 | 2.8513 0.2812 | Time: 30.6227 | VAL: 3.2016 0.1522 | 2.9326 0.2921 | 2.9771 0.3087 | Time: 2.6826 | TEST: 3.1639 0.1880 | 2.9411 0.3279 | 2.9749 0.3000 | Time: 3.4655
Epoch: 0015 | TRAIN: 3.1726 0.1418 | 2.7023 0.3606 | 2.8054 0.3035 | Time: 31.4668 | VAL: 3.1809 0.1685 | 2.8988 0.2921 | 2.9382 0.3289 | Time: 2.8888 | TEST: 3.1432 0.2068 | 2.9049 0.3443 | 2.9409 0.3444 | Time: 3.3506
Epoch: 0016 | TRAIN: 3.1648 0.1520 | 2.6580 0.3768 | 2.7748 0.3245 | Time: 30.7685 | VAL: 3.1540 0.1938 | 2.8625 0.3034 | 2.9065 0.3490 | Time: 2.6698 | TEST: 3.1166 0.2256 | 2.8717 0.3770 | 2.9109 0.3444 | Time: 3.2051
Epoch: 0017 | TRAIN: 3.1270 0.1550 | 2.6062 0.4129 | 2.7285 0.3522 | Time: 30.9919 | VAL: 3.1334 0.2083 | 2.8275 0.3596 | 2.8704 0.3758 | Time: 2.7410 | TEST: 3.0965 0.2359 | 2.8410 0.4262 | 2.8747 0.3833 | Time: 3.1093
Epoch: 0018 | TRAIN: 3.1070 0.1761 | 2.5448 0.4537 | 2.6757 0.3762 | Time: 31.0356 | VAL: 3.1110 0.2174 | 2.7942 0.3933 | 2.8338 0.3758 | Time: 2.6809 | TEST: 3.0742 0.2462 | 2.8071 0.4180 | 2.8443 0.3944 | Time: 3.3113
Epoch: 0019 | TRAIN: 3.0579 0.1983 | 2.5461 0.4591 | 2.6430 0.3852 | Time: 31.0628 | VAL: 3.0907 0.2373 | 2.7634 0.4270 | 2.8066 0.3893 | Time: 2.6014 | TEST: 3.0547 0.2615 | 2.7744 0.4508 | 2.8141 0.4056 | Time: 3.1185
Epoch: 0020 | TRAIN: 3.0488 0.2067 | 2.4571 0.4976 | 2.5879 0.4303 | Time: 31.1498 | VAL: 3.0671 0.2518 | 2.7319 0.4494 | 2.7683 0.4094 | Time: 2.8106 | TEST: 3.0308 0.2615 | 2.7416 0.4672 | 2.7800 0.4167 | Time: 3.1328
Epoch: 0021 | TRAIN: 3.0201 0.2194 | 2.4127 0.5349 | 2.5467 0.4585 | Time: 31.0954 | VAL: 3.0475 0.2609 | 2.6968 0.4607 | 2.7417 0.4295 | Time: 2.7537 | TEST: 3.0123 0.2838 | 2.7122 0.4754 | 2.7535 0.4333 | Time: 3.1359
Epoch: 0022 | TRAIN: 2.9994 0.2157 | 2.3579 0.5823 | 2.4930 0.4796 | Time: 31.4696 | VAL: 3.0229 0.2736 | 2.6652 0.4944 | 2.7065 0.4362 | Time: 2.7316 | TEST: 2.9885 0.2974 | 2.6836 0.5000 | 2.7203 0.4556 | Time: 3.1991
Epoch: 0023 | TRAIN: 2.9982 0.2302 | 2.3272 0.5901 | 2.4575 0.4994 | Time: 31.1600 | VAL: 3.0069 0.2790 | 2.6454 0.5056 | 2.6774 0.4631 | Time: 2.7093 | TEST: 2.9726 0.2957 | 2.6559 0.5410 | 2.6960 0.4778 | Time: 3.1063
Epoch: 0024 | TRAIN: 2.9503 0.2536 | 2.2877 0.6142 | 2.4219 0.5114 | Time: 31.0952 | VAL: 2.9821 0.2772 | 2.6065 0.4944 | 2.6391 0.4631 | Time: 2.6347 | TEST: 2.9482 0.3162 | 2.6223 0.5246 | 2.6574 0.5111 | Time: 3.0679
Epoch: 0025 | TRAIN: 2.9275 0.2692 | 2.2520 0.6454 | 2.3851 0.5439 | Time: 31.5183 | VAL: 2.9591 0.2880 | 2.5749 0.5393 | 2.6121 0.4832 | Time: 2.6330 | TEST: 2.9246 0.3265 | 2.5918 0.5574 | 2.6302 0.5056 | Time: 3.3023
Epoch: 0026 | TRAIN: 2.9028 0.2740 | 2.2312 0.6520 | 2.3464 0.5559 | Time: 30.5568 | VAL: 2.9404 0.3043 | 2.5501 0.5393 | 2.5805 0.4899 | Time: 2.7503 | TEST: 2.9062 0.3368 | 2.5656 0.5656 | 2.5996 0.5444 | Time: 3.5546
Epoch: 0027 | TRAIN: 2.8650 0.2867 | 2.1749 0.6833 | 2.3082 0.5727 | Time: 31.4883 | VAL: 2.9186 0.3116 | 2.5184 0.5618 | 2.5541 0.5034 | Time: 2.8135 | TEST: 2.8857 0.3504 | 2.5366 0.5902 | 2.5773 0.5611 | Time: 3.1497
Epoch: 0028 | TRAIN: 2.8533 0.2831 | 2.1340 0.6959 | 2.2770 0.5853 | Time: 30.6939 | VAL: 2.8989 0.3243 | 2.4989 0.5730 | 2.5277 0.5235 | Time: 2.5744 | TEST: 2.8654 0.3607 | 2.5135 0.5902 | 2.5528 0.5667 | Time: 3.0280
Epoch: 0029 | TRAIN: 2.8476 0.2993 | 2.0989 0.7188 | 2.2345 0.6070 | Time: 31.0744 | VAL: 2.8771 0.3406 | 2.4595 0.5730 | 2.4920 0.5436 | Time: 2.6896 | TEST: 2.8458 0.3709 | 2.4797 0.6066 | 2.5175 0.5889 | Time: 3.0440
Epoch: 0030 | TRAIN: 2.8131 0.3221 | 2.0658 0.7356 | 2.1923 0.6322 | Time: 31.1437 | VAL: 2.8581 0.3605 | 2.4438 0.5618 | 2.4770 0.5638 | Time: 2.7955 | TEST: 2.8252 0.3915 | 2.4584 0.6311 | 2.5025 0.5778 | Time: 3.1800
Epoch: 0031 | TRAIN: 2.7800 0.3311 | 2.0321 0.7596 | 2.1565 0.6611 | Time: 30.8753 | VAL: 2.8375 0.3659 | 2.4119 0.5730 | 2.4429 0.5772 | Time: 2.7085 | TEST: 2.8056 0.4000 | 2.4323 0.6230 | 2.4725 0.6111 | Time: 3.1816
Epoch: 0032 | TRAIN: 2.7749 0.3389 | 2.0008 0.7680 | 2.1262 0.6809 | Time: 30.7738 | VAL: 2.8166 0.3804 | 2.3867 0.6180 | 2.4215 0.5772 | Time: 2.8322 | TEST: 2.7857 0.4188 | 2.4027 0.6311 | 2.4507 0.6167 | Time: 3.4144
Epoch: 0033 | TRAIN: 2.7358 0.3618 | 1.9382 0.7999 | 2.0975 0.6911 | Time: 30.8149 | VAL: 2.8005 0.3895 | 2.3652 0.6404 | 2.3959 0.6107 | Time: 2.6024 | TEST: 2.7701 0.4308 | 2.3835 0.6475 | 2.4270 0.6278 | Time: 3.0799
Epoch: 0034 | TRAIN: 2.7238 0.3612 | 1.9393 0.7927 | 2.0637 0.7043 | Time: 30.3863 | VAL: 2.7863 0.3913 | 2.3431 0.6180 | 2.3697 0.6107 | Time: 2.7171 | TEST: 2.7557 0.4308 | 2.3605 0.6639 | 2.4020 0.6389 | Time: 3.1467
Epoch: 0035 | TRAIN: 2.6911 0.3762 | 1.9128 0.8035 | 2.0228 0.7055 | Time: 30.7690 | VAL: 2.7646 0.4076 | 2.3140 0.6404 | 2.3436 0.6174 | Time: 2.7883 | TEST: 2.7335 0.4359 | 2.3350 0.6721 | 2.3761 0.6611 | Time: 3.2024
Epoch: 0036 | TRAIN: 2.6872 0.3876 | 1.8624 0.8227 | 1.9993 0.7236 | Time: 30.2896 | VAL: 2.7466 0.4167 | 2.3015 0.6517 | 2.3199 0.6242 | Time: 2.3774 | TEST: 2.7156 0.4496 | 2.3172 0.6803 | 2.3547 0.6722 | Time: 2.8624
Epoch: 0037 | TRAIN: 2.6449 0.4081 | 1.8388 0.8480 | 1.9603 0.7314 | Time: 27.6898 | VAL: 2.7242 0.4239 | 2.2722 0.6629 | 2.2959 0.6376 | Time: 2.3658 | TEST: 2.6940 0.4632 | 2.2935 0.6803 | 2.3303 0.6667 | Time: 2.8201
Epoch: 0038 | TRAIN: 2.6216 0.4231 | 1.8035 0.8660 | 1.9601 0.7596 | Time: 27.7927 | VAL: 2.7125 0.4366 | 2.2461 0.7079 | 2.2807 0.6577 | Time: 2.4026 | TEST: 2.6825 0.4684 | 2.2688 0.6885 | 2.3162 0.6667 | Time: 2.8890
Epoch: 0039 | TRAIN: 2.6224 0.4171 | 1.7550 0.8636 | 1.9007 0.7644 | Time: 27.5427 | VAL: 2.6898 0.4420 | 2.2250 0.7079 | 2.2532 0.6711 | Time: 2.3711 | TEST: 2.6611 0.4786 | 2.2476 0.6967 | 2.2886 0.6722 | Time: 2.7953
Epoch: 0040 | TRAIN: 2.5881 0.4369 | 1.7447 0.8792 | 1.8856 0.7831 | Time: 27.6600 | VAL: 2.6702 0.4529 | 2.1954 0.7079 | 2.2222 0.6846 | Time: 2.3508 | TEST: 2.6407 0.4786 | 2.2202 0.7049 | 2.2588 0.6889 | Time: 2.8454
Epoch: 0041 | TRAIN: 2.5850 0.4393 | 1.7075 0.8864 | 1.8599 0.7837 | Time: 27.7863 | VAL: 2.6598 0.4674 | 2.1846 0.7191 | 2.2083 0.6846 | Time: 2.4325 | TEST: 2.6307 0.4991 | 2.2079 0.6967 | 2.2481 0.6944 | Time: 2.8948
Epoch: 0042 | TRAIN: 2.5357 0.4501 | 1.6958 0.8966 | 1.8162 0.8083 | Time: 27.6312 | VAL: 2.6396 0.4783 | 2.1602 0.7303 | 2.1804 0.6846 | Time: 2.3503 | TEST: 2.6128 0.5077 | 2.1868 0.7131 | 2.2203 0.6833 | Time: 2.8346
Epoch: 0043 | TRAIN: 2.5288 0.4555 | 1.6732 0.9002 | 1.8009 0.8113 | Time: 27.7992 | VAL: 2.6262 0.4891 | 2.1487 0.7416 | 2.1732 0.6913 | Time: 2.3732 | TEST: 2.5981 0.5145 | 2.1738 0.7295 | 2.2123 0.7056 | Time: 2.8122
Epoch: 0044 | TRAIN: 2.5147 0.4633 | 1.6420 0.9056 | 1.7645 0.8161 | Time: 27.6912 | VAL: 2.6039 0.4928 | 2.1223 0.7528 | 2.1413 0.7114 | Time: 2.4004 | TEST: 2.5775 0.5162 | 2.1464 0.7295 | 2.1826 0.7167 | Time: 2.8016
Epoch: 0045 | TRAIN: 2.4999 0.4567 | 1.5899 0.9237 | 1.7391 0.8293 | Time: 27.8037 | VAL: 2.5854 0.5018 | 2.0985 0.7640 | 2.1182 0.7047 | Time: 2.3677 | TEST: 2.5588 0.5316 | 2.1245 0.7459 | 2.1628 0.7278 | Time: 2.8332
Epoch: 0046 | TRAIN: 2.4858 0.4826 | 1.5797 0.9249 | 1.7212 0.8305 | Time: 27.7081 | VAL: 2.5731 0.5127 | 2.0924 0.7753 | 2.1080 0.7315 | Time: 2.3430 | TEST: 2.5462 0.5282 | 2.1194 0.7459 | 2.1534 0.7278 | Time: 2.8347
Epoch: 0047 | TRAIN: 2.4479 0.4928 | 1.5625 0.9327 | 1.6890 0.8365 | Time: 27.8218 | VAL: 2.5583 0.5199 | 2.0701 0.7978 | 2.0885 0.7248 | Time: 2.3822 | TEST: 2.5310 0.5419 | 2.0996 0.7541 | 2.1318 0.7500 | Time: 2.8694
Epoch: 0048 | TRAIN: 2.4594 0.4952 | 1.5466 0.9375 | 1.6818 0.8407 | Time: 27.7444 | VAL: 2.5401 0.5272 | 2.0474 0.7753 | 2.0659 0.7248 | Time: 2.4008 | TEST: 2.5145 0.5453 | 2.0742 0.7541 | 2.1120 0.7556 | Time: 2.8668
Epoch: 0049 | TRAIN: 2.4294 0.5066 | 1.5239 0.9405 | 1.6287 0.8648 | Time: 27.7192 | VAL: 2.5271 0.5290 | 2.0263 0.7865 | 2.0518 0.7383 | Time: 2.3607 | TEST: 2.5001 0.5538 | 2.0569 0.7623 | 2.0977 0.7556 | Time: 2.7993
Epoch: 0050 | TRAIN: 2.4102 0.5156 | 1.5018 0.9363 | 1.6262 0.8522 | Time: 27.6846 | VAL: 2.5065 0.5417 | 2.0077 0.7865 | 2.0313 0.7651 | Time: 2.3843 | TEST: 2.4810 0.5709 | 2.0388 0.7787 | 2.0773 0.7778 | Time: 2.8761
Epoch: 0051 | TRAIN: 2.3849 0.5144 | 1.4467 0.9507 | 1.6060 0.8678 | Time: 27.6550 | VAL: 2.4931 0.5435 | 1.9940 0.7978 | 2.0171 0.7584 | Time: 2.4406 | TEST: 2.4666 0.5744 | 2.0242 0.7787 | 2.0672 0.7722 | Time: 2.8950
Epoch: 0052 | TRAIN: 2.3648 0.5306 | 1.4485 0.9495 | 1.5612 0.8870 | Time: 27.6781 | VAL: 2.4779 0.5489 | 1.9784 0.8427 | 2.0000 0.7651 | Time: 2.4264 | TEST: 2.4517 0.5812 | 2.0098 0.7787 | 2.0502 0.7889 | Time: 2.8304
Epoch: 0053 | TRAIN: 2.3573 0.5186 | 1.4253 0.9609 | 1.5587 0.8810 | Time: 27.7326 | VAL: 2.4606 0.5525 | 1.9583 0.8315 | 1.9759 0.7651 | Time: 2.3548 | TEST: 2.4351 0.5915 | 1.9926 0.7869 | 2.0243 0.7833 | Time: 2.8065
Epoch: 0054 | TRAIN: 2.3434 0.5252 | 1.4099 0.9597 | 1.5308 0.8942 | Time: 27.7762 | VAL: 2.4491 0.5688 | 1.9419 0.8427 | 1.9676 0.7785 | Time: 2.3743 | TEST: 2.4234 0.6034 | 1.9785 0.7869 | 2.0182 0.8000 | Time: 2.7946
Epoch: 0055 | TRAIN: 2.2975 0.5559 | 1.3836 0.9633 | 1.5182 0.8792 | Time: 27.6128 | VAL: 2.4281 0.5743 | 1.9247 0.8539 | 1.9446 0.7852 | Time: 2.3866 | TEST: 2.4025 0.6017 | 1.9569 0.7951 | 1.9963 0.8000 | Time: 2.8917
Epoch: 0056 | TRAIN: 2.3048 0.5571 | 1.3642 0.9718 | 1.5029 0.9014 | Time: 27.6223 | VAL: 2.4191 0.5761 | 1.9134 0.8427 | 1.9387 0.7852 | Time: 2.3748 | TEST: 2.3958 0.6051 | 1.9498 0.7869 | 1.9897 0.8056 | Time: 2.8480
Epoch: 0057 | TRAIN: 2.2916 0.5613 | 1.3280 0.9724 | 1.4708 0.8918 | Time: 27.6883 | VAL: 2.4021 0.5779 | 1.8963 0.8427 | 1.9199 0.8054 | Time: 2.4437 | TEST: 2.3797 0.6103 | 1.9312 0.8033 | 1.9733 0.8222 | Time: 2.9020
Epoch: 0058 | TRAIN: 2.2709 0.5727 | 1.3239 0.9706 | 1.4659 0.8984 | Time: 27.7415 | VAL: 2.3860 0.5888 | 1.8773 0.8652 | 1.9008 0.7987 | Time: 2.3879 | TEST: 2.3640 0.6171 | 1.9115 0.7951 | 1.9540 0.8111 | Time: 2.8867
Epoch: 0059 | TRAIN: 2.2599 0.5733 | 1.2966 0.9736 | 1.4266 0.9081 | Time: 27.6148 | VAL: 2.3652 0.5942 | 1.8576 0.8427 | 1.8810 0.8255 | Time: 2.3463 | TEST: 2.3422 0.6188 | 1.8929 0.8115 | 1.9359 0.8111 | Time: 2.8472
Epoch: 0060 | TRAIN: 2.2321 0.5817 | 1.2801 0.9760 | 1.4194 0.9177 | Time: 27.6869 | VAL: 2.3562 0.6051 | 1.8489 0.8764 | 1.8693 0.8255 | Time: 2.3266 | TEST: 2.3342 0.6171 | 1.8813 0.8115 | 1.9241 0.8333 | Time: 2.7940
Epoch: 0061 | TRAIN: 2.2137 0.5944 | 1.2575 0.9772 | 1.3862 0.9231 | Time: 27.6046 | VAL: 2.3404 0.6051 | 1.8280 0.8764 | 1.8524 0.8255 | Time: 2.3353 | TEST: 2.3186 0.6274 | 1.8659 0.8279 | 1.9083 0.8389 | Time: 2.8035
Epoch: 0062 | TRAIN: 2.1940 0.6118 | 1.2434 0.9784 | 1.3815 0.9273 | Time: 27.6408 | VAL: 2.3362 0.6069 | 1.8201 0.8764 | 1.8523 0.8188 | Time: 2.3641 | TEST: 2.3136 0.6256 | 1.8609 0.8197 | 1.9064 0.8333 | Time: 2.8535
Epoch: 0063 | TRAIN: 2.1701 0.6160 | 1.2256 0.9826 | 1.3632 0.9291 | Time: 27.6896 | VAL: 2.3144 0.6141 | 1.8076 0.8652 | 1.8288 0.8255 | Time: 2.3399 | TEST: 2.2922 0.6256 | 1.8420 0.8279 | 1.8882 0.8500 | Time: 2.8165
Epoch: 0064 | TRAIN: 2.1666 0.6196 | 1.2048 0.9814 | 1.3485 0.9213 | Time: 27.6694 | VAL: 2.3041 0.6141 | 1.7859 0.8764 | 1.8119 0.8255 | Time: 2.3871 | TEST: 2.2825 0.6359 | 1.8257 0.8279 | 1.8703 0.8500 | Time: 2.8249
Epoch: 0065 | TRAIN: 2.1334 0.6160 | 1.1997 0.9856 | 1.3150 0.9285 | Time: 27.5578 | VAL: 2.2895 0.6159 | 1.7771 0.8764 | 1.7981 0.8188 | Time: 2.4065 | TEST: 2.2677 0.6359 | 1.8159 0.8197 | 1.8561 0.8556 | Time: 2.8621
Epoch: 0066 | TRAIN: 2.1365 0.6256 | 1.1727 0.9844 | 1.3231 0.9387 | Time: 27.6811 | VAL: 2.2782 0.6268 | 1.7591 0.8764 | 1.7948 0.8389 | Time: 2.3512 | TEST: 2.2573 0.6444 | 1.8029 0.8279 | 1.8552 0.8556 | Time: 2.8170
Epoch: 0067 | TRAIN: 2.1207 0.6424 | 1.1577 0.9874 | 1.2928 0.9393 | Time: 27.6274 | VAL: 2.2684 0.6232 | 1.7469 0.8764 | 1.7736 0.8322 | Time: 2.3512 | TEST: 2.2480 0.6444 | 1.7916 0.8361 | 1.8362 0.8500 | Time: 2.8379
Epoch: 0068 | TRAIN: 2.0979 0.6280 | 1.1406 0.9892 | 1.2605 0.9429 | Time: 27.6707 | VAL: 2.2507 0.6322 | 1.7306 0.8876 | 1.7684 0.8255 | Time: 2.3806 | TEST: 2.2320 0.6479 | 1.7791 0.8443 | 1.8292 0.8556 | Time: 2.8507
Epoch: 0069 | TRAIN: 2.0955 0.6490 | 1.1207 0.9898 | 1.2485 0.9423 | Time: 27.7796 | VAL: 2.2370 0.6413 | 1.7281 0.8764 | 1.7468 0.8322 | Time: 2.4037 | TEST: 2.2184 0.6479 | 1.7664 0.8361 | 1.8087 0.8611 | Time: 2.8530
Epoch: 0070 | TRAIN: 2.0701 0.6442 | 1.1074 0.9928 | 1.2487 0.9471 | Time: 27.7547 | VAL: 2.2233 0.6431 | 1.7050 0.8764 | 1.7376 0.8456 | Time: 2.3571 | TEST: 2.2044 0.6564 | 1.7517 0.8361 | 1.8011 0.8611 | Time: 2.8302
Epoch: 0071 | TRAIN: 2.0663 0.6406 | 1.0956 0.9886 | 1.2211 0.9525 | Time: 27.6596 | VAL: 2.2117 0.6449 | 1.7047 0.8764 | 1.7301 0.8456 | Time: 2.3977 | TEST: 2.1944 0.6581 | 1.7482 0.8607 | 1.7951 0.8722 | Time: 2.8721
Epoch: 0072 | TRAIN: 2.0269 0.6659 | 1.0829 0.9910 | 1.2028 0.9495 | Time: 27.8248 | VAL: 2.2021 0.6504 | 1.6857 0.8764 | 1.7172 0.8389 | Time: 2.3925 | TEST: 2.1848 0.6632 | 1.7311 0.8607 | 1.7836 0.8500 | Time: 2.8452
Epoch: 0073 | TRAIN: 2.0364 0.6436 | 1.0697 0.9940 | 1.2042 0.9591 | Time: 27.7379 | VAL: 2.1899 0.6504 | 1.6720 0.8764 | 1.7040 0.8456 | Time: 2.4087 | TEST: 2.1719 0.6650 | 1.7172 0.8607 | 1.7708 0.8611 | Time: 2.8728
Epoch: 0074 | TRAIN: 2.0113 0.6599 | 1.0490 0.9964 | 1.1721 0.9609 | Time: 27.5654 | VAL: 2.1749 0.6558 | 1.6617 0.8764 | 1.6909 0.8523 | Time: 2.3892 | TEST: 2.1582 0.6684 | 1.7069 0.8525 | 1.7566 0.8667 | Time: 2.8614
Epoch: 0075 | TRAIN: 2.0147 0.6442 | 1.0282 0.9940 | 1.1713 0.9519 | Time: 27.4781 | VAL: 2.1591 0.6612 | 1.6436 0.8764 | 1.6734 0.8456 | Time: 2.3530 | TEST: 2.1422 0.6701 | 1.6940 0.8525 | 1.7405 0.8667 | Time: 2.8707
Epoch: 0076 | TRAIN: 1.9934 0.6731 | 1.0324 0.9970 | 1.1460 0.9627 | Time: 27.5019 | VAL: 2.1553 0.6630 | 1.6409 0.8876 | 1.6718 0.8456 | Time: 2.3577 | TEST: 2.1385 0.6769 | 1.6866 0.8525 | 1.7398 0.8722 | Time: 2.8596
Epoch: 0077 | TRAIN: 1.9663 0.6773 | 1.0145 0.9934 | 1.1251 0.9573 | Time: 27.6183 | VAL: 2.1424 0.6685 | 1.6245 0.8764 | 1.6617 0.8523 | Time: 2.3522 | TEST: 2.1267 0.6786 | 1.6749 0.8525 | 1.7299 0.8722 | Time: 2.8038
Epoch: 0078 | TRAIN: 1.9431 0.6857 | 1.0042 0.9934 | 1.1175 0.9675 | Time: 27.7994 | VAL: 2.1277 0.6721 | 1.6129 0.8764 | 1.6472 0.8523 | Time: 2.3821 | TEST: 2.1123 0.6838 | 1.6610 0.8525 | 1.7173 0.8833 | Time: 2.8506
Epoch: 0079 | TRAIN: 1.9489 0.6749 | 0.9694 0.9946 | 1.1073 0.9663 | Time: 27.6095 | VAL: 2.1188 0.6757 | 1.6078 0.8764 | 1.6415 0.8523 | Time: 2.3548 | TEST: 2.1054 0.6786 | 1.6584 0.8525 | 1.7109 0.8889 | Time: 2.8401
Epoch: 0080 | TRAIN: 1.9297 0.6809 | 0.9612 0.9964 | 1.0912 0.9694 | Time: 27.5907 | VAL: 2.1077 0.6721 | 1.5916 0.8876 | 1.6291 0.8658 | Time: 2.3630 | TEST: 2.0931 0.6838 | 1.6427 0.8607 | 1.6977 0.8778 | Time: 2.8334
Epoch: 0081 | TRAIN: 1.9351 0.6839 | 0.9601 0.9928 | 1.0758 0.9724 | Time: 27.7306 | VAL: 2.0944 0.6775 | 1.5842 0.8764 | 1.6150 0.8523 | Time: 2.3508 | TEST: 2.0788 0.6855 | 1.6319 0.8525 | 1.6846 0.8722 | Time: 2.8729
Epoch: 0082 | TRAIN: 1.9010 0.7145 | 0.9265 0.9982 | 1.0614 0.9718 | Time: 27.4453 | VAL: 2.0806 0.6848 | 1.5690 0.8876 | 1.6052 0.8591 | Time: 2.3413 | TEST: 2.0676 0.6923 | 1.6211 0.8607 | 1.6734 0.8778 | Time: 2.8282
Epoch: 0083 | TRAIN: 1.8915 0.7013 | 0.9314 0.9964 | 1.0357 0.9742 | Time: 27.6705 | VAL: 2.0737 0.6866 | 1.5593 0.8764 | 1.5990 0.8591 | Time: 2.3846 | TEST: 2.0607 0.6838 | 1.6107 0.8607 | 1.6717 0.8833 | Time: 2.8900
Epoch: 0084 | TRAIN: 1.8771 0.7049 | 0.8945 0.9946 | 1.0373 0.9760 | Time: 27.6902 | VAL: 2.0642 0.6848 | 1.5507 0.8764 | 1.5885 0.8725 | Time: 2.3692 | TEST: 2.0505 0.6906 | 1.6004 0.8607 | 1.6607 0.8778 | Time: 2.8801
Epoch: 0085 | TRAIN: 1.8660 0.7067 | 0.8972 0.9964 | 1.0315 0.9688 | Time: 27.6477 | VAL: 2.0485 0.6830 | 1.5362 0.8876 | 1.5764 0.8725 | Time: 2.4000 | TEST: 2.0362 0.6906 | 1.5849 0.8689 | 1.6508 0.8778 | Time: 2.8217
Epoch: 0086 | TRAIN: 1.8489 0.7151 | 0.8914 0.9940 | 1.0125 0.9760 | Time: 27.7251 | VAL: 2.0406 0.6975 | 1.5260 0.8876 | 1.5737 0.8792 | Time: 2.3667 | TEST: 2.0274 0.6923 | 1.5837 0.8689 | 1.6458 0.8778 | Time: 2.8348
Epoch: 0087 | TRAIN: 1.8384 0.7151 | 0.8807 0.9970 | 1.0009 0.9748 | Time: 27.5758 | VAL: 2.0252 0.7029 | 1.5153 0.8876 | 1.5617 0.8859 | Time: 2.3480 | TEST: 2.0135 0.6940 | 1.5706 0.8689 | 1.6355 0.8833 | Time: 2.7933
Epoch: 0088 | TRAIN: 1.8266 0.7133 | 0.8699 0.9982 | 0.9838 0.9772 | Time: 27.5954 | VAL: 2.0182 0.7047 | 1.5158 0.8876 | 1.5493 0.8725 | Time: 2.4292 | TEST: 2.0069 0.6974 | 1.5680 0.8689 | 1.6251 0.8778 | Time: 2.8786
Epoch: 0089 | TRAIN: 1.8290 0.7157 | 0.8474 0.9958 | 0.9777 0.9838 | Time: 27.5396 | VAL: 2.0059 0.7047 | 1.5031 0.8876 | 1.5432 0.8859 | Time: 2.3759 | TEST: 1.9943 0.6957 | 1.5558 0.8852 | 1.6198 0.8833 | Time: 2.8675
Epoch: 0090 | TRAIN: 1.8083 0.7103 | 0.8496 0.9958 | 0.9832 0.9766 | Time: 27.6893 | VAL: 1.9972 0.7047 | 1.4886 0.8876 | 1.5301 0.8792 | Time: 2.3566 | TEST: 1.9837 0.7009 | 1.5468 0.8770 | 1.6033 0.8833 | Time: 2.8083
Epoch: 0091 | TRAIN: 1.7867 0.7224 | 0.8293 0.9970 | 0.9446 0.9832 | Time: 27.6712 | VAL: 1.9838 0.7120 | 1.4813 0.8989 | 1.5197 0.8792 | Time: 2.3620 | TEST: 1.9717 0.7026 | 1.5376 0.8770 | 1.5947 0.8944 | Time: 2.8357
Epoch: 0092 | TRAIN: 1.7932 0.7410 | 0.8139 0.9982 | 0.9468 0.9820 | Time: 27.7263 | VAL: 1.9667 0.7138 | 1.4641 0.8989 | 1.5112 0.8792 | Time: 2.3417 | TEST: 1.9559 0.7026 | 1.5225 0.8852 | 1.5879 0.8889 | Time: 2.8628
Epoch: 0093 | TRAIN: 1.7804 0.7308 | 0.8058 0.9982 | 0.9294 0.9820 | Time: 27.6882 | VAL: 1.9676 0.7120 | 1.4567 0.8989 | 1.5028 0.8792 | Time: 2.4132 | TEST: 1.9550 0.7026 | 1.5162 0.8770 | 1.5776 0.9000 | Time: 2.9047
Epoch: 0094 | TRAIN: 1.7598 0.7302 | 0.8077 0.9976 | 0.9249 0.9850 | Time: 27.6462 | VAL: 1.9618 0.7120 | 1.4540 0.8876 | 1.5000 0.8926 | Time: 2.3549 | TEST: 1.9513 0.7043 | 1.5098 0.8770 | 1.5772 0.9000 | Time: 2.8458
Epoch: 0095 | TRAIN: 1.7510 0.7314 | 0.7856 0.9970 | 0.9082 0.9874 | Time: 27.7285 | VAL: 1.9443 0.7174 | 1.4434 0.8989 | 1.4843 0.8725 | Time: 2.4443 | TEST: 1.9346 0.7060 | 1.5041 0.8770 | 1.5628 0.9000 | Time: 2.8956
Epoch: 0096 | TRAIN: 1.7417 0.7440 | 0.7734 0.9982 | 0.9003 0.9832 | Time: 27.7699 | VAL: 1.9405 0.7192 | 1.4346 0.8989 | 1.4784 0.8792 | Time: 2.3658 | TEST: 1.9289 0.7077 | 1.4946 0.8852 | 1.5584 0.9000 | Time: 2.8215
Epoch: 0097 | TRAIN: 1.7057 0.7560 | 0.7644 0.9988 | 0.8990 0.9874 | Time: 27.7028 | VAL: 1.9254 0.7192 | 1.4204 0.8989 | 1.4654 0.8792 | Time: 2.3594 | TEST: 1.9151 0.7111 | 1.4806 0.8770 | 1.5445 0.9000 | Time: 2.8317
Epoch: 0098 | TRAIN: 1.7220 0.7356 | 0.7539 0.9976 | 0.8697 0.9880 | Time: 27.6566 | VAL: 1.9201 0.7156 | 1.4183 0.9213 | 1.4678 0.8792 | Time: 2.3652 | TEST: 1.9087 0.7111 | 1.4763 0.8852 | 1.5467 0.9000 | Time: 2.8328
Epoch: 0099 | TRAIN: 1.7133 0.7410 | 0.7509 0.9976 | 0.8905 0.9868 | Time: 27.6369 | VAL: 1.9066 0.7174 | 1.4077 0.9213 | 1.4507 0.8792 | Time: 2.3829 | TEST: 1.8952 0.7128 | 1.4669 0.8770 | 1.5296 0.9000 | Time: 2.8846
========================================
Best Result: Epoch 99, result {'amazon': [0.7128205128205128], 'dslr': [0.8770491803278688], 'webcam': [0.9]}
========================================
