========================================
General Configuration:
	Wighting: ITL
	Architecture: HPS
	Rep_Grad: False
	Multi_Input: True
	Seed: 0
	Device: cuda:0
ITL Configuration:
	weighting: ITL
	task_idx: 2
Optimizer Configuration:
	optim: adam
	lr: 0.0001
	weight_decay: 1e-07
========================================
Total Params: 11487901
Trainable Params: 11487901
Non-trainable Params: 0
========================================
LOG FORMAT | amazon_LOSS Acc | dslr_LOSS Acc | webcam_LOSS Acc | TIME
Epoch: 0000 | TRAIN: 3.5745 0.0312 | 3.5756 0.0343 | 1.5713 0.7422 | Time: 28.7788 | VAL: 3.4931 0.0380 | 3.4946 0.0449 | 0.7800 0.9128 | Time: 2.3944 | TEST: 3.4602 0.0444 | 3.4833 0.0492 | 0.8898 0.9111 | Time: 2.8569
Epoch: 0001 | TRAIN: 3.5495 0.0367 | 3.5493 0.0487 | 0.2826 0.9964 | Time: 28.0995 | VAL: 3.4766 0.0290 | 3.4926 0.0449 | 0.4145 0.9597 | Time: 2.4662 | TEST: 3.4458 0.0444 | 3.4899 0.0410 | 0.5042 0.9667 | Time: 2.9310
Epoch: 0002 | TRAIN: 3.5429 0.0331 | 3.5553 0.0409 | 0.1126 1.0000 | Time: 27.9670 | VAL: 3.4703 0.0254 | 3.4825 0.0449 | 0.3258 0.9597 | Time: 2.4338 | TEST: 3.4382 0.0444 | 3.4818 0.0328 | 0.4028 0.9722 | Time: 2.9522
Epoch: 0003 | TRAIN: 3.5476 0.0288 | 3.5498 0.0481 | 0.0732 1.0000 | Time: 28.1380 | VAL: 3.4720 0.0181 | 3.4801 0.0562 | 0.2896 0.9530 | Time: 2.4015 | TEST: 3.4395 0.0427 | 3.4822 0.0410 | 0.3527 0.9722 | Time: 2.8523
Epoch: 0004 | TRAIN: 3.5531 0.0349 | 3.5479 0.0415 | 0.0551 1.0000 | Time: 27.8021 | VAL: 3.4686 0.0272 | 3.4927 0.0449 | 0.2727 0.9597 | Time: 2.4516 | TEST: 3.4375 0.0427 | 3.4839 0.0410 | 0.3321 0.9722 | Time: 2.9288
Epoch: 0005 | TRAIN: 3.5368 0.0325 | 3.5485 0.0445 | 0.0444 1.0000 | Time: 27.9230 | VAL: 3.4637 0.0272 | 3.4867 0.0562 | 0.2485 0.9597 | Time: 2.4046 | TEST: 3.4335 0.0462 | 3.4848 0.0410 | 0.3102 0.9778 | Time: 2.9215
Epoch: 0006 | TRAIN: 3.5049 0.0457 | 3.5206 0.0469 | 0.0364 1.0000 | Time: 27.8731 | VAL: 3.4638 0.0217 | 3.4840 0.0562 | 0.2394 0.9530 | Time: 2.4561 | TEST: 3.4349 0.0444 | 3.4782 0.0410 | 0.2944 0.9722 | Time: 2.9262
Epoch: 0007 | TRAIN: 3.5466 0.0349 | 3.5289 0.0421 | 0.0320 1.0000 | Time: 28.0089 | VAL: 3.4578 0.0236 | 3.4902 0.0562 | 0.2189 0.9597 | Time: 2.4200 | TEST: 3.4288 0.0444 | 3.4821 0.0410 | 0.2731 0.9722 | Time: 2.8811
Epoch: 0008 | TRAIN: 3.4882 0.0421 | 3.5194 0.0547 | 0.0269 1.0000 | Time: 27.7051 | VAL: 3.4587 0.0254 | 3.4824 0.0562 | 0.2156 0.9597 | Time: 2.4322 | TEST: 3.4288 0.0496 | 3.4760 0.0492 | 0.2718 0.9722 | Time: 2.9075
Epoch: 0009 | TRAIN: 3.5057 0.0288 | 3.5291 0.0439 | 0.0253 1.0000 | Time: 27.8144 | VAL: 3.4547 0.0290 | 3.4894 0.0562 | 0.2105 0.9597 | Time: 2.3893 | TEST: 3.4259 0.0444 | 3.4827 0.0492 | 0.2642 0.9722 | Time: 2.8873
Epoch: 0010 | TRAIN: 3.5060 0.0373 | 3.5160 0.0499 | 0.0229 1.0000 | Time: 27.8499 | VAL: 3.4545 0.0236 | 3.4871 0.0562 | 0.2078 0.9597 | Time: 2.3578 | TEST: 3.4258 0.0410 | 3.4787 0.0492 | 0.2558 0.9722 | Time: 2.8227
Epoch: 0011 | TRAIN: 3.4929 0.0403 | 3.5230 0.0421 | 0.0200 1.0000 | Time: 27.7686 | VAL: 3.4534 0.0236 | 3.4833 0.0562 | 0.2009 0.9597 | Time: 2.4353 | TEST: 3.4251 0.0427 | 3.4746 0.0574 | 0.2512 0.9722 | Time: 2.8990
Epoch: 0012 | TRAIN: 3.4836 0.0415 | 3.5272 0.0415 | 0.0172 1.0000 | Time: 27.7900 | VAL: 3.4492 0.0326 | 3.4809 0.0562 | 0.2012 0.9597 | Time: 2.5185 | TEST: 3.4216 0.0444 | 3.4717 0.0574 | 0.2499 0.9722 | Time: 2.9330
Epoch: 0013 | TRAIN: 3.5021 0.0343 | 3.4992 0.0385 | 0.0163 1.0000 | Time: 27.8625 | VAL: 3.4487 0.0290 | 3.4783 0.0562 | 0.1982 0.9597 | Time: 2.4437 | TEST: 3.4219 0.0427 | 3.4659 0.0574 | 0.2425 0.9722 | Time: 2.9073
Epoch: 0014 | TRAIN: 3.4931 0.0439 | 3.5030 0.0427 | 0.0145 1.0000 | Time: 27.7966 | VAL: 3.4486 0.0290 | 3.4765 0.0562 | 0.1935 0.9597 | Time: 2.4375 | TEST: 3.4210 0.0462 | 3.4637 0.0574 | 0.2338 0.9722 | Time: 2.8973
Epoch: 0015 | TRAIN: 3.4804 0.0325 | 3.5157 0.0439 | 0.0135 1.0000 | Time: 27.9446 | VAL: 3.4471 0.0326 | 3.4736 0.0562 | 0.1820 0.9664 | Time: 2.4616 | TEST: 3.4209 0.0496 | 3.4600 0.0574 | 0.2290 0.9722 | Time: 2.9219
Epoch: 0016 | TRAIN: 3.4894 0.0355 | 3.5023 0.0487 | 0.0136 1.0000 | Time: 27.7177 | VAL: 3.4472 0.0272 | 3.4697 0.0562 | 0.1830 0.9597 | Time: 2.4156 | TEST: 3.4200 0.0479 | 3.4541 0.0574 | 0.2237 0.9722 | Time: 2.8902
Epoch: 0017 | TRAIN: 3.4746 0.0415 | 3.4902 0.0421 | 0.0114 1.0000 | Time: 27.8164 | VAL: 3.4453 0.0254 | 3.4711 0.0562 | 0.1781 0.9597 | Time: 2.4456 | TEST: 3.4189 0.0427 | 3.4567 0.0574 | 0.2248 0.9722 | Time: 2.9732
Epoch: 0018 | TRAIN: 3.4807 0.0451 | 3.4903 0.0541 | 0.0107 1.0000 | Time: 27.8842 | VAL: 3.4433 0.0272 | 3.4713 0.0562 | 0.1734 0.9597 | Time: 2.4177 | TEST: 3.4180 0.0513 | 3.4546 0.0656 | 0.2168 0.9722 | Time: 2.9096
Epoch: 0019 | TRAIN: 3.4566 0.0511 | 3.5156 0.0451 | 0.0099 1.0000 | Time: 27.9969 | VAL: 3.4430 0.0254 | 3.4714 0.0562 | 0.1697 0.9597 | Time: 2.4096 | TEST: 3.4179 0.0479 | 3.4572 0.0574 | 0.2151 0.9722 | Time: 2.9018
Epoch: 0020 | TRAIN: 3.4813 0.0367 | 3.4892 0.0565 | 0.0097 1.0000 | Time: 27.6704 | VAL: 3.4423 0.0272 | 3.4663 0.0562 | 0.1665 0.9664 | Time: 2.4458 | TEST: 3.4171 0.0479 | 3.4540 0.0492 | 0.2125 0.9722 | Time: 2.8894
Epoch: 0021 | TRAIN: 3.4697 0.0421 | 3.4721 0.0583 | 0.0092 1.0000 | Time: 27.8111 | VAL: 3.4406 0.0272 | 3.4660 0.0562 | 0.1744 0.9597 | Time: 2.3897 | TEST: 3.4159 0.0479 | 3.4531 0.0574 | 0.2191 0.9722 | Time: 2.7778
Epoch: 0022 | TRAIN: 3.4645 0.0349 | 3.4801 0.0379 | 0.0082 1.0000 | Time: 27.9085 | VAL: 3.4389 0.0272 | 3.4671 0.0562 | 0.1627 0.9597 | Time: 2.4144 | TEST: 3.4159 0.0530 | 3.4530 0.0656 | 0.2133 0.9722 | Time: 2.8867
Epoch: 0023 | TRAIN: 3.4768 0.0391 | 3.4800 0.0403 | 0.0082 1.0000 | Time: 27.7352 | VAL: 3.4405 0.0272 | 3.4681 0.0449 | 0.1616 0.9664 | Time: 2.3956 | TEST: 3.4173 0.0496 | 3.4540 0.0656 | 0.2083 0.9722 | Time: 2.8850
Epoch: 0024 | TRAIN: 3.4634 0.0379 | 3.4718 0.0505 | 0.0077 1.0000 | Time: 27.7590 | VAL: 3.4389 0.0272 | 3.4633 0.0449 | 0.1535 0.9664 | Time: 2.4004 | TEST: 3.4163 0.0496 | 3.4476 0.0492 | 0.2043 0.9778 | Time: 2.8699
Epoch: 0025 | TRAIN: 3.4602 0.0427 | 3.4698 0.0475 | 0.0071 1.0000 | Time: 27.8371 | VAL: 3.4378 0.0326 | 3.4620 0.0449 | 0.1525 0.9597 | Time: 2.3590 | TEST: 3.4155 0.0513 | 3.4464 0.0574 | 0.2032 0.9722 | Time: 2.8745
Epoch: 0026 | TRAIN: 3.4616 0.0415 | 3.4959 0.0379 | 0.0069 1.0000 | Time: 27.8022 | VAL: 3.4343 0.0272 | 3.4590 0.0562 | 0.1506 0.9664 | Time: 2.4329 | TEST: 3.4134 0.0479 | 3.4449 0.0492 | 0.2006 0.9722 | Time: 2.8126
Epoch: 0027 | TRAIN: 3.4508 0.0367 | 3.4622 0.0475 | 0.0066 1.0000 | Time: 27.8239 | VAL: 3.4345 0.0254 | 3.4579 0.0449 | 0.1523 0.9597 | Time: 2.4503 | TEST: 3.4130 0.0513 | 3.4443 0.0574 | 0.2063 0.9667 | Time: 2.9187
Epoch: 0028 | TRAIN: 3.4545 0.0349 | 3.4718 0.0445 | 0.0061 1.0000 | Time: 27.6400 | VAL: 3.4361 0.0254 | 3.4585 0.0449 | 0.1530 0.9664 | Time: 2.3842 | TEST: 3.4154 0.0496 | 3.4448 0.0492 | 0.1987 0.9722 | Time: 2.8696
Epoch: 0029 | TRAIN: 3.4587 0.0343 | 3.4551 0.0535 | 0.0059 1.0000 | Time: 27.8099 | VAL: 3.4359 0.0290 | 3.4515 0.0449 | 0.1528 0.9664 | Time: 2.4268 | TEST: 3.4151 0.0496 | 3.4407 0.0656 | 0.2016 0.9722 | Time: 2.9562
Epoch: 0030 | TRAIN: 3.4517 0.0349 | 3.4716 0.0415 | 0.0058 1.0000 | Time: 27.8728 | VAL: 3.4332 0.0254 | 3.4545 0.0449 | 0.1467 0.9664 | Time: 2.4107 | TEST: 3.4132 0.0530 | 3.4415 0.0656 | 0.1927 0.9722 | Time: 2.8294
Epoch: 0031 | TRAIN: 3.4440 0.0337 | 3.4647 0.0445 | 0.0053 1.0000 | Time: 27.8031 | VAL: 3.4337 0.0290 | 3.4483 0.0449 | 0.1483 0.9664 | Time: 2.3712 | TEST: 3.4137 0.0513 | 3.4349 0.0656 | 0.1931 0.9722 | Time: 2.8188
Epoch: 0032 | TRAIN: 3.4495 0.0343 | 3.4559 0.0439 | 0.0050 1.0000 | Time: 27.8195 | VAL: 3.4319 0.0236 | 3.4522 0.0449 | 0.1513 0.9664 | Time: 2.4055 | TEST: 3.4128 0.0530 | 3.4368 0.0492 | 0.1864 0.9722 | Time: 2.9100
Epoch: 0033 | TRAIN: 3.4458 0.0481 | 3.4620 0.0475 | 0.0050 1.0000 | Time: 27.8272 | VAL: 3.4331 0.0308 | 3.4508 0.0449 | 0.1507 0.9664 | Time: 2.3665 | TEST: 3.4143 0.0530 | 3.4370 0.0574 | 0.1934 0.9722 | Time: 2.8078
Epoch: 0034 | TRAIN: 3.4441 0.0349 | 3.4480 0.0451 | 0.0047 1.0000 | Time: 27.7416 | VAL: 3.4314 0.0326 | 3.4473 0.0449 | 0.1503 0.9664 | Time: 2.4076 | TEST: 3.4142 0.0479 | 3.4342 0.0574 | 0.1902 0.9722 | Time: 2.9029
Epoch: 0035 | TRAIN: 3.4452 0.0403 | 3.4562 0.0415 | 0.0044 1.0000 | Time: 27.7423 | VAL: 3.4316 0.0272 | 3.4480 0.0449 | 0.1476 0.9664 | Time: 2.3412 | TEST: 3.4138 0.0496 | 3.4350 0.0492 | 0.1923 0.9722 | Time: 2.7834
Epoch: 0036 | TRAIN: 3.4431 0.0385 | 3.4462 0.0529 | 0.0043 1.0000 | Time: 27.7121 | VAL: 3.4326 0.0272 | 3.4477 0.0449 | 0.1455 0.9597 | Time: 2.4344 | TEST: 3.4154 0.0479 | 3.4340 0.0574 | 0.1904 0.9778 | Time: 2.8123
Epoch: 0037 | TRAIN: 3.4290 0.0487 | 3.4577 0.0469 | 0.0042 1.0000 | Time: 27.8459 | VAL: 3.4306 0.0254 | 3.4466 0.0449 | 0.1363 0.9664 | Time: 2.3623 | TEST: 3.4138 0.0462 | 3.4331 0.0574 | 0.1859 0.9778 | Time: 2.8343
Epoch: 0038 | TRAIN: 3.4326 0.0379 | 3.4505 0.0469 | 0.0041 1.0000 | Time: 27.9856 | VAL: 3.4309 0.0272 | 3.4467 0.0449 | 0.1446 0.9664 | Time: 2.3672 | TEST: 3.4144 0.0444 | 3.4347 0.0492 | 0.1898 0.9778 | Time: 2.8449
Epoch: 0039 | TRAIN: 3.4411 0.0355 | 3.4499 0.0517 | 0.0039 1.0000 | Time: 27.7711 | VAL: 3.4309 0.0326 | 3.4461 0.0449 | 0.1434 0.9597 | Time: 2.3821 | TEST: 3.4143 0.0496 | 3.4349 0.0492 | 0.1844 0.9778 | Time: 2.8402
Epoch: 0040 | TRAIN: 3.4301 0.0511 | 3.4444 0.0469 | 0.0037 1.0000 | Time: 27.8359 | VAL: 3.4300 0.0272 | 3.4437 0.0449 | 0.1374 0.9664 | Time: 2.3778 | TEST: 3.4144 0.0530 | 3.4322 0.0492 | 0.1824 0.9778 | Time: 2.8489
Epoch: 0041 | TRAIN: 3.4344 0.0433 | 3.4457 0.0523 | 0.0037 1.0000 | Time: 27.8176 | VAL: 3.4297 0.0308 | 3.4422 0.0449 | 0.1477 0.9664 | Time: 2.3724 | TEST: 3.4149 0.0513 | 3.4302 0.0656 | 0.1869 0.9667 | Time: 2.8552
Epoch: 0042 | TRAIN: 3.4328 0.0409 | 3.4456 0.0463 | 0.0033 1.0000 | Time: 27.8192 | VAL: 3.4281 0.0290 | 3.4418 0.0449 | 0.1426 0.9664 | Time: 2.4434 | TEST: 3.4133 0.0513 | 3.4294 0.0492 | 0.1861 0.9778 | Time: 2.8370
Epoch: 0043 | TRAIN: 3.4377 0.0306 | 3.4491 0.0451 | 0.0033 1.0000 | Time: 27.8156 | VAL: 3.4298 0.0308 | 3.4436 0.0449 | 0.1409 0.9664 | Time: 2.3991 | TEST: 3.4148 0.0479 | 3.4292 0.0656 | 0.1824 0.9722 | Time: 2.8935
Epoch: 0044 | TRAIN: 3.4347 0.0415 | 3.4490 0.0493 | 0.0030 1.0000 | Time: 27.7895 | VAL: 3.4297 0.0308 | 3.4436 0.0449 | 0.1427 0.9664 | Time: 2.4006 | TEST: 3.4153 0.0513 | 3.4303 0.0574 | 0.1853 0.9667 | Time: 2.8851
Epoch: 0045 | TRAIN: 3.4342 0.0421 | 3.4319 0.0529 | 0.0031 1.0000 | Time: 27.7129 | VAL: 3.4296 0.0326 | 3.4404 0.0449 | 0.1449 0.9664 | Time: 2.4251 | TEST: 3.4151 0.0496 | 3.4285 0.0574 | 0.1778 0.9778 | Time: 2.9171
Epoch: 0046 | TRAIN: 3.4340 0.0487 | 3.4319 0.0463 | 0.0029 1.0000 | Time: 27.8801 | VAL: 3.4282 0.0308 | 3.4416 0.0449 | 0.1394 0.9597 | Time: 2.3939 | TEST: 3.4142 0.0496 | 3.4308 0.0656 | 0.1769 0.9778 | Time: 2.8813
Epoch: 0047 | TRAIN: 3.4305 0.0397 | 3.4438 0.0487 | 0.0030 1.0000 | Time: 27.7967 | VAL: 3.4284 0.0290 | 3.4417 0.0449 | 0.1466 0.9597 | Time: 2.4024 | TEST: 3.4147 0.0530 | 3.4293 0.0656 | 0.1777 0.9722 | Time: 2.8823
Epoch: 0048 | TRAIN: 3.4354 0.0439 | 3.4432 0.0493 | 0.0028 1.0000 | Time: 27.7446 | VAL: 3.4285 0.0326 | 3.4406 0.0449 | 0.1381 0.9664 | Time: 2.3617 | TEST: 3.4154 0.0496 | 3.4290 0.0656 | 0.1761 0.9722 | Time: 2.8405
Epoch: 0049 | TRAIN: 3.4323 0.0319 | 3.4434 0.0451 | 0.0027 1.0000 | Time: 27.8751 | VAL: 3.4285 0.0326 | 3.4406 0.0449 | 0.1409 0.9664 | Time: 2.4500 | TEST: 3.4156 0.0496 | 3.4290 0.0656 | 0.1780 0.9722 | Time: 2.8747
Epoch: 0050 | TRAIN: 3.4348 0.0415 | 3.4418 0.0553 | 0.0028 1.0000 | Time: 27.9849 | VAL: 3.4285 0.0326 | 3.4426 0.0449 | 0.1372 0.9597 | Time: 2.4365 | TEST: 3.4155 0.0496 | 3.4309 0.0574 | 0.1779 0.9722 | Time: 2.8575
Epoch: 0051 | TRAIN: 3.4344 0.0421 | 3.4325 0.0403 | 0.0025 1.0000 | Time: 27.7005 | VAL: 3.4288 0.0362 | 3.4404 0.0449 | 0.1358 0.9597 | Time: 2.3745 | TEST: 3.4164 0.0513 | 3.4294 0.0656 | 0.1756 0.9778 | Time: 2.8577
Epoch: 0052 | TRAIN: 3.4311 0.0463 | 3.4381 0.0541 | 0.0022 1.0000 | Time: 27.8034 | VAL: 3.4286 0.0344 | 3.4408 0.0449 | 0.1348 0.9664 | Time: 2.3797 | TEST: 3.4166 0.0496 | 3.4287 0.0656 | 0.1752 0.9722 | Time: 2.8659
Epoch: 0053 | TRAIN: 3.4323 0.0391 | 3.4363 0.0565 | 0.0024 1.0000 | Time: 27.6795 | VAL: 3.4284 0.0326 | 3.4380 0.0449 | 0.1303 0.9664 | Time: 2.3768 | TEST: 3.4171 0.0547 | 3.4266 0.0656 | 0.1766 0.9778 | Time: 2.8691
Epoch: 0054 | TRAIN: 3.4316 0.0379 | 3.4360 0.0475 | 0.0024 1.0000 | Time: 27.7484 | VAL: 3.4280 0.0308 | 3.4366 0.0449 | 0.1337 0.9597 | Time: 2.4075 | TEST: 3.4169 0.0513 | 3.4268 0.0738 | 0.1766 0.9722 | Time: 2.8656
Epoch: 0055 | TRAIN: 3.4250 0.0439 | 3.4382 0.0505 | 0.0022 1.0000 | Time: 27.6060 | VAL: 3.4291 0.0272 | 3.4371 0.0449 | 0.1334 0.9664 | Time: 2.4012 | TEST: 3.4178 0.0513 | 3.4270 0.0738 | 0.1800 0.9722 | Time: 2.8564
Epoch: 0056 | TRAIN: 3.4304 0.0415 | 3.4433 0.0385 | 0.0023 1.0000 | Time: 27.6351 | VAL: 3.4290 0.0326 | 3.4385 0.0449 | 0.1292 0.9664 | Time: 2.4335 | TEST: 3.4176 0.0530 | 3.4280 0.0574 | 0.1720 0.9778 | Time: 2.9425
Epoch: 0057 | TRAIN: 3.4307 0.0433 | 3.4417 0.0451 | 0.0023 1.0000 | Time: 27.7114 | VAL: 3.4296 0.0362 | 3.4390 0.0449 | 0.1292 0.9732 | Time: 2.3413 | TEST: 3.4187 0.0496 | 3.4285 0.0656 | 0.1710 0.9778 | Time: 2.8731
Epoch: 0058 | TRAIN: 3.4325 0.0391 | 3.4423 0.0427 | 0.0021 1.0000 | Time: 27.7854 | VAL: 3.4284 0.0326 | 3.4375 0.0449 | 0.1331 0.9664 | Time: 2.3967 | TEST: 3.4176 0.0496 | 3.4279 0.0656 | 0.1696 0.9722 | Time: 2.8402
Epoch: 0059 | TRAIN: 3.4280 0.0463 | 3.4266 0.0469 | 0.0021 1.0000 | Time: 27.7856 | VAL: 3.4286 0.0290 | 3.4367 0.0449 | 0.1261 0.9664 | Time: 2.4575 | TEST: 3.4184 0.0496 | 3.4279 0.0574 | 0.1710 0.9722 | Time: 2.8759
Epoch: 0060 | TRAIN: 3.4285 0.0397 | 3.4302 0.0505 | 0.0020 1.0000 | Time: 27.7838 | VAL: 3.4284 0.0290 | 3.4357 0.0449 | 0.1276 0.9664 | Time: 2.3569 | TEST: 3.4186 0.0513 | 3.4271 0.0656 | 0.1665 0.9722 | Time: 2.8476
Epoch: 0061 | TRAIN: 3.4248 0.0373 | 3.4276 0.0469 | 0.0019 1.0000 | Time: 27.6344 | VAL: 3.4290 0.0308 | 3.4356 0.0449 | 0.1280 0.9664 | Time: 2.3878 | TEST: 3.4191 0.0513 | 3.4262 0.0656 | 0.1681 0.9778 | Time: 2.8453
Epoch: 0062 | TRAIN: 3.4297 0.0421 | 3.4302 0.0535 | 0.0019 1.0000 | Time: 27.7435 | VAL: 3.4293 0.0362 | 3.4361 0.0449 | 0.1346 0.9597 | Time: 2.3665 | TEST: 3.4196 0.0513 | 3.4272 0.0656 | 0.1723 0.9778 | Time: 2.8409
Epoch: 0063 | TRAIN: 3.4250 0.0439 | 3.4299 0.0529 | 0.0018 1.0000 | Time: 27.6912 | VAL: 3.4288 0.0326 | 3.4359 0.0449 | 0.1314 0.9664 | Time: 2.4015 | TEST: 3.4191 0.0496 | 3.4274 0.0656 | 0.1725 0.9722 | Time: 2.8959
Epoch: 0064 | TRAIN: 3.4274 0.0415 | 3.4275 0.0499 | 0.0018 1.0000 | Time: 27.7789 | VAL: 3.4287 0.0308 | 3.4358 0.0449 | 0.1322 0.9664 | Time: 2.3710 | TEST: 3.4195 0.0513 | 3.4276 0.0492 | 0.1721 0.9722 | Time: 2.8430
Epoch: 0065 | TRAIN: 3.4233 0.0409 | 3.4261 0.0457 | 0.0017 1.0000 | Time: 27.8060 | VAL: 3.4284 0.0326 | 3.4345 0.0449 | 0.1314 0.9664 | Time: 2.3962 | TEST: 3.4192 0.0496 | 3.4258 0.0574 | 0.1730 0.9722 | Time: 2.8206
Epoch: 0066 | TRAIN: 3.4265 0.0403 | 3.4273 0.0583 | 0.0017 1.0000 | Time: 27.8509 | VAL: 3.4287 0.0326 | 3.4357 0.0449 | 0.1315 0.9664 | Time: 2.3822 | TEST: 3.4198 0.0530 | 3.4272 0.0574 | 0.1722 0.9722 | Time: 2.8797
Epoch: 0067 | TRAIN: 3.4284 0.0397 | 3.4309 0.0499 | 0.0016 1.0000 | Time: 27.8262 | VAL: 3.4289 0.0344 | 3.4351 0.0449 | 0.1254 0.9732 | Time: 2.3756 | TEST: 3.4201 0.0581 | 3.4266 0.0656 | 0.1708 0.9722 | Time: 2.8794
Epoch: 0068 | TRAIN: 3.4273 0.0439 | 3.4242 0.0487 | 0.0014 1.0000 | Time: 27.6435 | VAL: 3.4286 0.0272 | 3.4352 0.0449 | 0.1321 0.9664 | Time: 2.3734 | TEST: 3.4200 0.0496 | 3.4273 0.0574 | 0.1736 0.9722 | Time: 2.8129
Epoch: 0069 | TRAIN: 3.4261 0.0367 | 3.4339 0.0475 | 0.0014 1.0000 | Time: 27.6914 | VAL: 3.4289 0.0272 | 3.4353 0.0449 | 0.1225 0.9664 | Time: 2.3606 | TEST: 3.4203 0.0530 | 3.4271 0.0574 | 0.1674 0.9778 | Time: 2.8010
Epoch: 0070 | TRAIN: 3.4228 0.0481 | 3.4318 0.0493 | 0.0015 1.0000 | Time: 27.4857 | VAL: 3.4295 0.0326 | 3.4338 0.0449 | 0.1269 0.9664 | Time: 2.3996 | TEST: 3.4213 0.0530 | 3.4260 0.0656 | 0.1745 0.9778 | Time: 2.8612
Epoch: 0071 | TRAIN: 3.4252 0.0385 | 3.4336 0.0493 | 0.0015 1.0000 | Time: 27.7168 | VAL: 3.4293 0.0290 | 3.4341 0.0449 | 0.1238 0.9664 | Time: 2.4587 | TEST: 3.4211 0.0513 | 3.4264 0.0738 | 0.1685 0.9722 | Time: 2.8512
Epoch: 0072 | TRAIN: 3.4226 0.0367 | 3.4267 0.0517 | 0.0015 1.0000 | Time: 27.8602 | VAL: 3.4299 0.0290 | 3.4356 0.0449 | 0.1223 0.9664 | Time: 2.3781 | TEST: 3.4216 0.0496 | 3.4282 0.0492 | 0.1729 0.9778 | Time: 2.7980
Epoch: 0073 | TRAIN: 3.4281 0.0397 | 3.4300 0.0481 | 0.0015 1.0000 | Time: 27.7025 | VAL: 3.4292 0.0326 | 3.4352 0.0449 | 0.1217 0.9664 | Time: 2.3905 | TEST: 3.4215 0.0513 | 3.4277 0.0574 | 0.1715 0.9778 | Time: 2.8827
Epoch: 0074 | TRAIN: 3.4271 0.0337 | 3.4305 0.0559 | 0.0013 1.0000 | Time: 27.6161 | VAL: 3.4285 0.0308 | 3.4339 0.0449 | 0.1225 0.9664 | Time: 2.3794 | TEST: 3.4212 0.0496 | 3.4272 0.0574 | 0.1641 0.9778 | Time: 2.8533
Epoch: 0075 | TRAIN: 3.4272 0.0415 | 3.4284 0.0415 | 0.0013 1.0000 | Time: 27.6005 | VAL: 3.4289 0.0326 | 3.4335 0.0449 | 0.1200 0.9732 | Time: 2.4022 | TEST: 3.4214 0.0547 | 3.4264 0.0574 | 0.1655 0.9778 | Time: 2.8985
Epoch: 0076 | TRAIN: 3.4290 0.0385 | 3.4291 0.0565 | 0.0013 1.0000 | Time: 27.7014 | VAL: 3.4286 0.0290 | 3.4339 0.0449 | 0.1237 0.9664 | Time: 2.3812 | TEST: 3.4215 0.0479 | 3.4273 0.0656 | 0.1662 0.9778 | Time: 2.8763
Epoch: 0077 | TRAIN: 3.4282 0.0511 | 3.4299 0.0457 | 0.0013 1.0000 | Time: 27.7191 | VAL: 3.4287 0.0236 | 3.4339 0.0449 | 0.1374 0.9597 | Time: 2.3802 | TEST: 3.4215 0.0462 | 3.4276 0.0574 | 0.1676 0.9722 | Time: 2.8242
Epoch: 0078 | TRAIN: 3.4251 0.0379 | 3.4306 0.0433 | 0.0012 1.0000 | Time: 27.7581 | VAL: 3.4291 0.0272 | 3.4342 0.0449 | 0.1402 0.9597 | Time: 2.3897 | TEST: 3.4222 0.0462 | 3.4274 0.0574 | 0.1711 0.9722 | Time: 2.8230
Epoch: 0079 | TRAIN: 3.4289 0.0481 | 3.4303 0.0469 | 0.0012 1.0000 | Time: 27.7174 | VAL: 3.4288 0.0290 | 3.4330 0.0449 | 0.1275 0.9664 | Time: 2.4057 | TEST: 3.4220 0.0513 | 3.4270 0.0574 | 0.1631 0.9722 | Time: 2.8343
Epoch: 0080 | TRAIN: 3.4236 0.0487 | 3.4250 0.0541 | 0.0011 1.0000 | Time: 27.7511 | VAL: 3.4286 0.0326 | 3.4335 0.0449 | 0.1313 0.9664 | Time: 2.4004 | TEST: 3.4220 0.0513 | 3.4277 0.0574 | 0.1622 0.9722 | Time: 2.8500
Epoch: 0081 | TRAIN: 3.4244 0.0457 | 3.4273 0.0511 | 0.0012 1.0000 | Time: 27.7938 | VAL: 3.4291 0.0290 | 3.4332 0.0449 | 0.1244 0.9664 | Time: 2.3387 | TEST: 3.4227 0.0479 | 3.4273 0.0656 | 0.1649 0.9722 | Time: 2.7766
Epoch: 0082 | TRAIN: 3.4248 0.0487 | 3.4309 0.0427 | 0.0011 1.0000 | Time: 27.7948 | VAL: 3.4284 0.0362 | 3.4335 0.0449 | 0.1277 0.9664 | Time: 2.3862 | TEST: 3.4220 0.0530 | 3.4279 0.0656 | 0.1606 0.9722 | Time: 2.8599
Epoch: 0083 | TRAIN: 3.4236 0.0421 | 3.4308 0.0439 | 0.0011 1.0000 | Time: 27.7564 | VAL: 3.4287 0.0326 | 3.4332 0.0449 | 0.1216 0.9664 | Time: 2.4004 | TEST: 3.4225 0.0530 | 3.4278 0.0574 | 0.1636 0.9722 | Time: 2.8863
Epoch: 0084 | TRAIN: 3.4242 0.0397 | 3.4269 0.0505 | 0.0011 1.0000 | Time: 27.8491 | VAL: 3.4290 0.0308 | 3.4332 0.0449 | 0.1225 0.9664 | Time: 2.3985 | TEST: 3.4229 0.0530 | 3.4273 0.0656 | 0.1579 0.9722 | Time: 2.8455
Epoch: 0085 | TRAIN: 3.4268 0.0433 | 3.4299 0.0475 | 0.0011 1.0000 | Time: 27.7871 | VAL: 3.4288 0.0326 | 3.4331 0.0449 | 0.1224 0.9732 | Time: 2.3968 | TEST: 3.4229 0.0530 | 3.4276 0.0574 | 0.1631 0.9722 | Time: 2.8892
Epoch: 0086 | TRAIN: 3.4253 0.0421 | 3.4281 0.0541 | 0.0011 1.0000 | Time: 27.7852 | VAL: 3.4291 0.0344 | 3.4325 0.0449 | 0.1235 0.9664 | Time: 2.3641 | TEST: 3.4231 0.0479 | 3.4275 0.0574 | 0.1640 0.9722 | Time: 2.8565
Epoch: 0087 | TRAIN: 3.4248 0.0361 | 3.4269 0.0475 | 0.0010 1.0000 | Time: 27.7719 | VAL: 3.4289 0.0272 | 3.4325 0.0449 | 0.1238 0.9732 | Time: 2.4501 | TEST: 3.4230 0.0462 | 3.4280 0.0656 | 0.1606 0.9722 | Time: 3.5576
Epoch: 0088 | TRAIN: 3.4259 0.0331 | 3.4295 0.0505 | 0.0010 1.0000 | Time: 28.1354 | VAL: 3.4286 0.0254 | 3.4322 0.0449 | 0.1192 0.9732 | Time: 2.4330 | TEST: 3.4234 0.0496 | 3.4279 0.0574 | 0.1688 0.9722 | Time: 2.9349
Epoch: 0089 | TRAIN: 3.4251 0.0457 | 3.4284 0.0499 | 0.0010 1.0000 | Time: 27.7910 | VAL: 3.4292 0.0290 | 3.4321 0.0449 | 0.1232 0.9664 | Time: 2.4128 | TEST: 3.4238 0.0496 | 3.4276 0.0656 | 0.1591 0.9722 | Time: 2.8517
Epoch: 0090 | TRAIN: 3.4279 0.0391 | 3.4273 0.0463 | 0.0010 1.0000 | Time: 35.1809 | VAL: 3.4290 0.0272 | 3.4324 0.0449 | 0.1228 0.9732 | Time: 3.4355 | TEST: 3.4235 0.0496 | 3.4280 0.0574 | 0.1661 0.9722 | Time: 4.2177
Epoch: 0091 | TRAIN: 3.4251 0.0487 | 3.4267 0.0451 | 0.0009 1.0000 | Time: 38.7286 | VAL: 3.4289 0.0308 | 3.4323 0.0449 | 0.1206 0.9732 | Time: 4.3557 | TEST: 3.4235 0.0496 | 3.4280 0.0656 | 0.1531 0.9722 | Time: 5.1277
Epoch: 0092 | TRAIN: 3.4264 0.0427 | 3.4283 0.0511 | 0.0009 1.0000 | Time: 42.3569 | VAL: 3.4291 0.0290 | 3.4325 0.0449 | 0.1211 0.9732 | Time: 4.5642 | TEST: 3.4239 0.0479 | 3.4285 0.0656 | 0.1574 0.9722 | Time: 5.2960
Epoch: 0093 | TRAIN: 3.4280 0.0409 | 3.4315 0.0481 | 0.0009 1.0000 | Time: 43.8049 | VAL: 3.4293 0.0290 | 3.4329 0.0449 | 0.1169 0.9664 | Time: 4.2054 | TEST: 3.4245 0.0496 | 3.4282 0.0656 | 0.1587 0.9778 | Time: 5.0920
Epoch: 0094 | TRAIN: 3.4273 0.0403 | 3.4294 0.0433 | 0.0009 1.0000 | Time: 43.1532 | VAL: 3.4297 0.0308 | 3.4327 0.0449 | 0.1194 0.9664 | Time: 4.2826 | TEST: 3.4251 0.0530 | 3.4282 0.0574 | 0.1608 0.9722 | Time: 5.0237
Epoch: 0095 | TRAIN: 3.4270 0.0427 | 3.4292 0.0427 | 0.0008 1.0000 | Time: 43.3225 | VAL: 3.4294 0.0290 | 3.4327 0.0449 | 0.1212 0.9664 | Time: 4.5283 | TEST: 3.4248 0.0530 | 3.4285 0.0656 | 0.1590 0.9722 | Time: 5.1604
Epoch: 0096 | TRAIN: 3.4272 0.0409 | 3.4292 0.0427 | 0.0008 1.0000 | Time: 43.6670 | VAL: 3.4297 0.0326 | 3.4324 0.0449 | 0.1174 0.9664 | Time: 4.2995 | TEST: 3.4252 0.0530 | 3.4280 0.0656 | 0.1598 0.9778 | Time: 5.2665
Epoch: 0097 | TRAIN: 3.4258 0.0403 | 3.4287 0.0523 | 0.0009 1.0000 | Time: 44.4092 | VAL: 3.4296 0.0272 | 3.4326 0.0449 | 0.1244 0.9664 | Time: 4.3463 | TEST: 3.4253 0.0479 | 3.4286 0.0656 | 0.1629 0.9722 | Time: 5.4373
Epoch: 0098 | TRAIN: 3.4265 0.0487 | 3.4301 0.0487 | 0.0008 1.0000 | Time: 43.4493 | VAL: 3.4295 0.0308 | 3.4330 0.0449 | 0.1217 0.9664 | Time: 4.3895 | TEST: 3.4252 0.0479 | 3.4288 0.0574 | 0.1596 0.9722 | Time: 5.2063
Epoch: 0099 | TRAIN: 3.4270 0.0391 | 3.4286 0.0547 | 0.0008 1.0000 | Time: 44.2163 | VAL: 3.4296 0.0308 | 3.4333 0.0449 | 0.1240 0.9664 | Time: 4.6323 | TEST: 3.4254 0.0496 | 3.4291 0.0656 | 0.1627 0.9722 | Time: 4.8484
========================================
Best Result: Epoch 15, result {'amazon': [0.04957264957264957], 'dslr': [0.05737704918032787], 'webcam': [0.9722222222222222]}
========================================
