========================================
General Configuration:
	Wighting: MGDA
	Architecture: HPS
	Rep_Grad: False
	Multi_Input: True
	Seed: 0
	Device: cuda:0
MGDA Configuration:
	weighting: MGDA
	mgda_gn: none
Optimizer Configuration:
	optim: adam
	lr: 0.001
	weight_decay: 1e-06
========================================
Total Params: 11487901
Trainable Params: 11487901
Non-trainable Params: 0
========================================
LOG FORMAT | amazon_LOSS Acc | dslr_LOSS Acc | webcam_LOSS Acc | TIME
Epoch: 0000 | TRAIN: 2.1111 0.5018 | 0.7782 0.8726 | 1.0459 0.8179 | Time: 49.7437 | {'amazon': [0.6467391304347826], 'dslr': [0.9775280898876404], 'webcam': [0.9395973154362416]} {'amazon': [0.6467391304347826], 'dslr': [0.9775280898876404], 'webcam': [0.9395973154362416]}
VAL: 1.7824 0.6467 | 0.1632 0.9775 | 0.4072 0.9396 | Time: 3.6110 | TEST: 1.7550 0.6632 | 0.2573 0.9508 | 0.3701 0.9556 | Time: 4.0187
Epoch: 0001 | TRAIN: 1.2262 0.7079 | 0.0257 1.0000 | 0.0951 1.0000 | Time: 49.9772 | {'amazon': [0.6467391304347826], 'dslr': [0.9775280898876404], 'webcam': [0.9395973154362416]} {'amazon': [0.7028985507246377], 'dslr': [1.0], 'webcam': [0.9798657718120806]}
VAL: 1.4229 0.7029 | 0.0356 1.0000 | 0.1372 0.9799 | Time: 3.3171 | TEST: 1.3882 0.7162 | 0.0894 0.9918 | 0.1481 0.9667 | Time: 4.1566
Epoch: 0002 | TRAIN: 0.9769 0.7638 | 0.0085 1.0000 | 0.0305 1.0000 | Time: 49.7904 | {'amazon': [0.6467391304347826], 'dslr': [0.9775280898876404], 'webcam': [0.9395973154362416]} {'amazon': [0.7192028985507246], 'dslr': [1.0], 'webcam': [0.9798657718120806]}
VAL: 1.2847 0.7192 | 0.0207 1.0000 | 0.1037 0.9799 | Time: 3.4838 | TEST: 1.2484 0.7265 | 0.0786 0.9836 | 0.1071 0.9833 | Time: 3.9526
Epoch: 0003 | TRAIN: 0.8597 0.7825 | 0.0053 1.0000 | 0.0175 1.0000 | Time: 50.2507 | {'amazon': [0.6467391304347826], 'dslr': [0.9775280898876404], 'webcam': [0.9395973154362416]} {'amazon': [0.7137681159420289], 'dslr': [1.0], 'webcam': [0.9865771812080537]}
VAL: 1.2220 0.7138 | 0.0192 1.0000 | 0.0926 0.9866 | Time: 3.6060 | TEST: 1.1740 0.7248 | 0.0709 0.9836 | 0.0958 0.9833 | Time: 4.2395
Epoch: 0004 | TRAIN: 0.8099 0.7825 | 0.0041 1.0000 | 0.0117 1.0000 | Time: 49.4975 | {'amazon': [0.6467391304347826], 'dslr': [0.9775280898876404], 'webcam': [0.9395973154362416]} {'amazon': [0.717391304347826], 'dslr': [1.0], 'webcam': [0.9865771812080537]}
VAL: 1.1637 0.7174 | 0.0208 1.0000 | 0.0948 0.9866 | Time: 3.5117 | TEST: 1.1144 0.7299 | 0.0710 0.9836 | 0.0875 0.9833 | Time: 3.9848
Epoch: 0005 | TRAIN: 0.7550 0.7879 | 0.0035 1.0000 | 0.0089 1.0000 | Time: 49.8284 | {'amazon': [0.6467391304347826], 'dslr': [0.9775280898876404], 'webcam': [0.9395973154362416]} {'amazon': [0.7228260869565217], 'dslr': [1.0], 'webcam': [0.9865771812080537]}
VAL: 1.1227 0.7228 | 0.0147 1.0000 | 0.0789 0.9866 | Time: 3.2572 | TEST: 1.0729 0.7368 | 0.0587 0.9918 | 0.0820 0.9778 | Time: 4.1336
Epoch: 0006 | TRAIN: 0.7302 0.7861 | 0.0027 1.0000 | 0.0066 1.0000 | Time: 49.5910 | {'amazon': [0.6467391304347826], 'dslr': [0.9775280898876404], 'webcam': [0.9395973154362416]} {'amazon': [0.7228260869565217], 'dslr': [1.0], 'webcam': [0.9865771812080537]}
VAL: 1.0948 0.7228 | 0.0149 1.0000 | 0.0715 0.9866 | Time: 3.3908 | TEST: 1.0502 0.7385 | 0.0647 0.9836 | 0.0806 0.9778 | Time: 3.9163
Epoch: 0007 | TRAIN: 0.7214 0.7849 | 0.0024 1.0000 | 0.0052 1.0000 | Time: 49.6251 | {'amazon': [0.6467391304347826], 'dslr': [0.9775280898876404], 'webcam': [0.9395973154362416]} {'amazon': [0.7318840579710145], 'dslr': [1.0], 'webcam': [0.9865771812080537]}
VAL: 1.0870 0.7319 | 0.0135 1.0000 | 0.0707 0.9866 | Time: 3.2202 | TEST: 1.0352 0.7436 | 0.0575 0.9918 | 0.0752 0.9889 | Time: 4.0781
Epoch: 0008 | TRAIN: 0.6618 0.8023 | 0.0020 1.0000 | 0.0044 1.0000 | Time: 49.7147 | {'amazon': [0.6467391304347826], 'dslr': [0.9775280898876404], 'webcam': [0.9395973154362416]} {'amazon': [0.7282608695652174], 'dslr': [1.0], 'webcam': [0.9865771812080537]}
VAL: 1.0750 0.7283 | 0.0098 1.0000 | 0.0713 0.9866 | Time: 3.4406 | TEST: 1.0258 0.7282 | 0.0544 0.9836 | 0.0756 0.9833 | Time: 4.1445
Epoch: 0009 | TRAIN: 0.6594 0.8143 | 0.0018 1.0000 | 0.0038 1.0000 | Time: 49.6715 | {'amazon': [0.6467391304347826], 'dslr': [0.9775280898876404], 'webcam': [0.9395973154362416]} {'amazon': [0.717391304347826], 'dslr': [1.0], 'webcam': [0.9865771812080537]}
VAL: 1.0645 0.7174 | 0.0124 1.0000 | 0.0661 0.9866 | Time: 3.4940 | TEST: 1.0153 0.7402 | 0.0549 0.9836 | 0.0770 0.9889 | Time: 4.0631
Epoch: 0010 | TRAIN: 0.6282 0.8197 | 0.0016 1.0000 | 0.0033 1.0000 | Time: 49.5507 | {'amazon': [0.6467391304347826], 'dslr': [0.9775280898876404], 'webcam': [0.9395973154362416]} {'amazon': [0.7264492753623188], 'dslr': [1.0], 'webcam': [0.9865771812080537]}
VAL: 1.0414 0.7264 | 0.0109 1.0000 | 0.0632 0.9866 | Time: 3.5515 | TEST: 0.9874 0.7402 | 0.0527 0.9836 | 0.0773 0.9778 | Time: 3.8003
Epoch: 0011 | TRAIN: 0.6167 0.8107 | 0.0014 1.0000 | 0.0026 1.0000 | Time: 49.7449 | {'amazon': [0.6467391304347826], 'dslr': [0.9775280898876404], 'webcam': [0.9395973154362416]} {'amazon': [0.717391304347826], 'dslr': [1.0], 'webcam': [0.9865771812080537]}
VAL: 1.0494 0.7174 | 0.0077 1.0000 | 0.0622 0.9866 | Time: 3.4183 | TEST: 0.9945 0.7368 | 0.0567 0.9754 | 0.0698 0.9833 | Time: 4.1003
Epoch: 0012 | TRAIN: 0.5866 0.8215 | 0.0012 1.0000 | 0.0023 1.0000 | Time: 49.4253 | {'amazon': [0.6467391304347826], 'dslr': [0.9775280898876404], 'webcam': [0.9395973154362416]} {'amazon': [0.7373188405797102], 'dslr': [1.0], 'webcam': [0.9865771812080537]}
VAL: 1.0373 0.7373 | 0.0096 1.0000 | 0.0659 0.9866 | Time: 3.5444 | TEST: 0.9791 0.7504 | 0.0557 0.9754 | 0.0720 0.9833 | Time: 4.1530
Epoch: 0013 | TRAIN: 0.5861 0.8269 | 0.0012 1.0000 | 0.0019 1.0000 | Time: 49.3558 | {'amazon': [0.6467391304347826], 'dslr': [0.9775280898876404], 'webcam': [0.9395973154362416]} {'amazon': [0.7355072463768116], 'dslr': [1.0], 'webcam': [0.9865771812080537]}
VAL: 1.0358 0.7355 | 0.0093 1.0000 | 0.0637 0.9866 | Time: 3.5246 | TEST: 0.9864 0.7504 | 0.0504 0.9836 | 0.0756 0.9778 | Time: 4.1331
Epoch: 0014 | TRAIN: 0.5726 0.8227 | 0.0011 1.0000 | 0.0017 1.0000 | Time: 49.7853 | {'amazon': [0.6467391304347826], 'dslr': [0.9775280898876404], 'webcam': [0.9395973154362416]} {'amazon': [0.7336956521739131], 'dslr': [1.0], 'webcam': [0.9865771812080537]}
VAL: 1.0195 0.7337 | 0.0077 1.0000 | 0.0629 0.9866 | Time: 3.6568 | TEST: 0.9576 0.7436 | 0.0501 0.9918 | 0.0742 0.9833 | Time: 4.1184
Epoch: 0015 | TRAIN: 0.5865 0.8233 | 0.0009 1.0000 | 0.0015 1.0000 | Time: 50.2159 | {'amazon': [0.6467391304347826], 'dslr': [0.9775280898876404], 'webcam': [0.9395973154362416]} {'amazon': [0.7336956521739131], 'dslr': [1.0], 'webcam': [0.9865771812080537]}
VAL: 1.0255 0.7337 | 0.0065 1.0000 | 0.0601 0.9866 | Time: 3.3381 | TEST: 0.9640 0.7436 | 0.0453 0.9918 | 0.0756 0.9833 | Time: 3.9537
Epoch: 0016 | TRAIN: 0.5636 0.8287 | 0.0009 1.0000 | 0.0015 1.0000 | Time: 49.0806 | {'amazon': [0.6467391304347826], 'dslr': [0.9775280898876404], 'webcam': [0.9395973154362416]} {'amazon': [0.7318840579710145], 'dslr': [1.0], 'webcam': [0.9865771812080537]}
VAL: 1.0496 0.7319 | 0.0080 1.0000 | 0.0699 0.9866 | Time: 3.4342 | TEST: 0.9890 0.7333 | 0.0479 0.9918 | 0.0756 0.9833 | Time: 4.0507
Epoch: 0017 | TRAIN: 0.5281 0.8444 | 0.0007 1.0000 | 0.0012 1.0000 | Time: 49.2980 | {'amazon': [0.6467391304347826], 'dslr': [0.9775280898876404], 'webcam': [0.9395973154362416]} {'amazon': [0.7373188405797102], 'dslr': [1.0], 'webcam': [0.9865771812080537]}
VAL: 1.0202 0.7373 | 0.0070 1.0000 | 0.0635 0.9866 | Time: 3.4680 | TEST: 0.9656 0.7504 | 0.0464 0.9836 | 0.0767 0.9833 | Time: 4.0187
Epoch: 0018 | TRAIN: 0.5374 0.8383 | 0.0007 1.0000 | 0.0011 1.0000 | Time: 49.8807 | {'amazon': [0.6467391304347826], 'dslr': [0.9775280898876404], 'webcam': [0.9395973154362416]} {'amazon': [0.7282608695652174], 'dslr': [1.0], 'webcam': [0.9865771812080537]}
VAL: 1.0208 0.7283 | 0.0066 1.0000 | 0.0632 0.9866 | Time: 3.4831 | TEST: 0.9601 0.7402 | 0.0498 0.9836 | 0.0797 0.9833 | Time: 3.9427
Epoch: 0019 | TRAIN: 0.5199 0.8480 | 0.0007 1.0000 | 0.0010 1.0000 | Time: 49.5967 | {'amazon': [0.6467391304347826], 'dslr': [0.9775280898876404], 'webcam': [0.9395973154362416]} {'amazon': [0.7318840579710145], 'dslr': [1.0], 'webcam': [0.9865771812080537]}
VAL: 1.0043 0.7319 | 0.0068 1.0000 | 0.0615 0.9866 | Time: 3.2050 | TEST: 0.9449 0.7436 | 0.0440 0.9918 | 0.0765 0.9778 | Time: 3.9503
Epoch: 0020 | TRAIN: 0.5067 0.8456 | 0.0006 1.0000 | 0.0010 1.0000 | Time: 49.1067 | {'amazon': [0.6467391304347826], 'dslr': [0.9775280898876404], 'webcam': [0.9395973154362416]} {'amazon': [0.7228260869565217], 'dslr': [1.0], 'webcam': [0.9865771812080537]}
VAL: 1.0122 0.7228 | 0.0059 1.0000 | 0.0564 0.9866 | Time: 3.3109 | TEST: 0.9530 0.7453 | 0.0491 0.9918 | 0.0750 0.9833 | Time: 4.0179
Epoch: 0021 | TRAIN: 0.5152 0.8347 | 0.0005 1.0000 | 0.0009 1.0000 | Time: 49.9508 | {'amazon': [0.6467391304347826], 'dslr': [0.9775280898876404], 'webcam': [0.9395973154362416]} {'amazon': [0.7210144927536232], 'dslr': [1.0], 'webcam': [0.9865771812080537]}
VAL: 1.0152 0.7210 | 0.0065 1.0000 | 0.0622 0.9866 | Time: 3.5471 | TEST: 0.9646 0.7470 | 0.0464 0.9836 | 0.0775 0.9778 | Time: 3.9550
Epoch: 0022 | TRAIN: 0.4914 0.8576 | 0.0005 1.0000 | 0.0008 1.0000 | Time: 49.6292 | {'amazon': [0.6467391304347826], 'dslr': [0.9775280898876404], 'webcam': [0.9395973154362416]} {'amazon': [0.730072463768116], 'dslr': [1.0], 'webcam': [0.9865771812080537]}
VAL: 1.0125 0.7301 | 0.0055 1.0000 | 0.0583 0.9866 | Time: 3.4936 | TEST: 0.9418 0.7521 | 0.0408 0.9918 | 0.0787 0.9722 | Time: 4.1333
Epoch: 0023 | TRAIN: 0.4689 0.8486 | 0.0005 1.0000 | 0.0008 1.0000 | Time: 50.0228 | {'amazon': [0.6467391304347826], 'dslr': [0.9775280898876404], 'webcam': [0.9395973154362416]} {'amazon': [0.7336956521739131], 'dslr': [1.0], 'webcam': [0.9865771812080537]}
VAL: 1.0196 0.7337 | 0.0058 1.0000 | 0.0586 0.9866 | Time: 3.2634 | TEST: 0.9535 0.7470 | 0.0437 0.9918 | 0.0758 0.9778 | Time: 4.1337
Epoch: 0024 | TRAIN: 0.4898 0.8540 | 0.0005 1.0000 | 0.0007 1.0000 | Time: 49.4246 | {'amazon': [0.6467391304347826], 'dslr': [0.9775280898876404], 'webcam': [0.9395973154362416]} {'amazon': [0.7336956521739131], 'dslr': [1.0], 'webcam': [0.9865771812080537]}
VAL: 1.0086 0.7337 | 0.0064 1.0000 | 0.0572 0.9866 | Time: 3.5722 | TEST: 0.9466 0.7470 | 0.0462 0.9918 | 0.0751 0.9833 | Time: 4.4639
Epoch: 0025 | TRAIN: 0.4641 0.8588 | 0.0004 1.0000 | 0.0007 1.0000 | Time: 49.8812 | {'amazon': [0.6467391304347826], 'dslr': [0.9775280898876404], 'webcam': [0.9395973154362416]} {'amazon': [0.7155797101449275], 'dslr': [1.0], 'webcam': [0.9865771812080537]}
VAL: 1.0397 0.7156 | 0.0051 1.0000 | 0.0568 0.9866 | Time: 3.4912 | TEST: 0.9814 0.7436 | 0.0478 0.9836 | 0.0741 0.9833 | Time: 4.2395
Epoch: 0026 | TRAIN: 0.4641 0.8570 | 0.0005 1.0000 | 0.0006 1.0000 | Time: 49.6078 | {'amazon': [0.6467391304347826], 'dslr': [0.9775280898876404], 'webcam': [0.9395973154362416]} {'amazon': [0.7119565217391305], 'dslr': [1.0], 'webcam': [0.9865771812080537]}
VAL: 1.0354 0.7120 | 0.0065 1.0000 | 0.0616 0.9866 | Time: 3.5389 | TEST: 0.9648 0.7436 | 0.0504 0.9836 | 0.0790 0.9833 | Time: 4.0305
Epoch: 0027 | TRAIN: 0.4640 0.8558 | 0.0004 1.0000 | 0.0006 1.0000 | Time: 49.7652 | {'amazon': [0.6467391304347826], 'dslr': [0.9775280898876404], 'webcam': [0.9395973154362416]} {'amazon': [0.7047101449275363], 'dslr': [1.0], 'webcam': [0.9865771812080537]}
VAL: 1.0630 0.7047 | 0.0050 1.0000 | 0.0597 0.9866 | Time: 3.3478 | TEST: 0.9938 0.7436 | 0.0509 0.9836 | 0.0857 0.9722 | Time: 4.0834
Epoch: 0028 | TRAIN: 0.4499 0.8624 | 0.0004 1.0000 | 0.0005 1.0000 | Time: 49.0461 | {'amazon': [0.6467391304347826], 'dslr': [0.9775280898876404], 'webcam': [0.9395973154362416]} {'amazon': [0.717391304347826], 'dslr': [1.0], 'webcam': [0.9865771812080537]}
VAL: 1.0309 0.7174 | 0.0051 1.0000 | 0.0663 0.9866 | Time: 3.3948 | TEST: 0.9529 0.7504 | 0.0409 0.9836 | 0.0795 0.9833 | Time: 3.8116
Epoch: 0029 | TRAIN: 0.4488 0.8606 | 0.0004 1.0000 | 0.0005 1.0000 | Time: 49.4981 | {'amazon': [0.6467391304347826], 'dslr': [0.9775280898876404], 'webcam': [0.9395973154362416]} {'amazon': [0.717391304347826], 'dslr': [1.0], 'webcam': [0.9865771812080537]}
VAL: 1.0529 0.7174 | 0.0042 1.0000 | 0.0614 0.9866 | Time: 3.3440 | TEST: 0.9803 0.7419 | 0.0499 0.9836 | 0.0823 0.9722 | Time: 3.9044
Epoch: 0030 | TRAIN: 0.4435 0.8588 | 0.0004 1.0000 | 0.0005 1.0000 | Time: 49.3028 | {'amazon': [0.6467391304347826], 'dslr': [0.9775280898876404], 'webcam': [0.9395973154362416]} {'amazon': [0.7228260869565217], 'dslr': [1.0], 'webcam': [0.9865771812080537]}
VAL: 1.0504 0.7228 | 0.0043 1.0000 | 0.0613 0.9866 | Time: 3.5081 | TEST: 0.9718 0.7350 | 0.0462 0.9836 | 0.0748 0.9778 | Time: 3.8681
Epoch: 0031 | TRAIN: 0.4627 0.8588 | 0.0003 1.0000 | 0.0004 1.0000 | Time: 50.0008 | {'amazon': [0.6467391304347826], 'dslr': [0.9775280898876404], 'webcam': [0.9395973154362416]} {'amazon': [0.7228260869565217], 'dslr': [1.0], 'webcam': [0.9865771812080537]}
VAL: 1.0405 0.7228 | 0.0047 1.0000 | 0.0618 0.9866 | Time: 3.4450 | TEST: 0.9770 0.7402 | 0.0492 0.9836 | 0.0781 0.9833 | Time: 3.8790
Epoch: 0032 | TRAIN: 0.4393 0.8672 | 0.0003 1.0000 | 0.0005 1.0000 | Time: 45.5140 | {'amazon': [0.6467391304347826], 'dslr': [0.9775280898876404], 'webcam': [0.9395973154362416]} {'amazon': [0.7391304347826086], 'dslr': [1.0], 'webcam': [0.9865771812080537]}
VAL: 1.0359 0.7391 | 0.0056 1.0000 | 0.0712 0.9866 | Time: 2.4261 | TEST: 0.9673 0.7436 | 0.0516 0.9836 | 0.0768 0.9833 | Time: 2.8472
Epoch: 0033 | TRAIN: 0.4443 0.8564 | 0.0003 1.0000 | 0.0004 1.0000 | Time: 39.9945 | {'amazon': [0.6467391304347826], 'dslr': [0.9775280898876404], 'webcam': [0.9395973154362416]} {'amazon': [0.7264492753623188], 'dslr': [1.0], 'webcam': [0.9865771812080537]}
VAL: 1.0364 0.7264 | 0.0042 1.0000 | 0.0646 0.9866 | Time: 2.4579 | TEST: 0.9748 0.7436 | 0.0458 0.9836 | 0.0771 0.9833 | Time: 2.8911
Epoch: 0034 | TRAIN: 0.4355 0.8600 | 0.0003 1.0000 | 0.0004 1.0000 | Time: 39.9496 | {'amazon': [0.6467391304347826], 'dslr': [0.9775280898876404], 'webcam': [0.9395973154362416]} {'amazon': [0.7282608695652174], 'dslr': [1.0], 'webcam': [0.9865771812080537]}
VAL: 1.0304 0.7283 | 0.0039 1.0000 | 0.0697 0.9866 | Time: 2.3891 | TEST: 0.9713 0.7350 | 0.0439 0.9836 | 0.0739 0.9833 | Time: 2.8809
Epoch: 0035 | TRAIN: 0.4016 0.8726 | 0.0003 1.0000 | 0.0004 1.0000 | Time: 39.8404 | {'amazon': [0.6467391304347826], 'dslr': [0.9775280898876404], 'webcam': [0.9395973154362416]} {'amazon': [0.7192028985507246], 'dslr': [1.0], 'webcam': [0.9865771812080537]}
VAL: 1.0478 0.7192 | 0.0042 1.0000 | 0.0642 0.9866 | Time: 2.3993 | TEST: 0.9767 0.7504 | 0.0463 0.9836 | 0.0745 0.9833 | Time: 2.8491
Epoch: 0036 | TRAIN: 0.4074 0.8690 | 0.0003 1.0000 | 0.0003 1.0000 | Time: 40.4876 | {'amazon': [0.6467391304347826], 'dslr': [0.9775280898876404], 'webcam': [0.9395973154362416]} {'amazon': [0.7083333333333334], 'dslr': [1.0], 'webcam': [0.9865771812080537]}
VAL: 1.0549 0.7083 | 0.0044 1.0000 | 0.0697 0.9866 | Time: 2.5444 | TEST: 0.9661 0.7350 | 0.0539 0.9836 | 0.0806 0.9833 | Time: 2.9092
Epoch: 0037 | TRAIN: 0.3987 0.8792 | 0.0003 1.0000 | 0.0003 1.0000 | Time: 40.1156 | {'amazon': [0.6467391304347826], 'dslr': [0.9775280898876404], 'webcam': [0.9395973154362416]} {'amazon': [0.7155797101449275], 'dslr': [1.0], 'webcam': [0.9865771812080537]}
VAL: 1.0543 0.7156 | 0.0043 1.0000 | 0.0641 0.9866 | Time: 2.3800 | TEST: 0.9832 0.7368 | 0.0502 0.9836 | 0.0826 0.9778 | Time: 2.8216
Epoch: 0038 | TRAIN: 0.3878 0.8774 | 0.0003 1.0000 | 0.0003 1.0000 | Time: 39.9414 | {'amazon': [0.6467391304347826], 'dslr': [0.9775280898876404], 'webcam': [0.9395973154362416]} {'amazon': [0.717391304347826], 'dslr': [1.0], 'webcam': [0.9865771812080537]}
VAL: 1.0482 0.7174 | 0.0051 1.0000 | 0.0666 0.9866 | Time: 2.3942 | TEST: 0.9844 0.7368 | 0.0437 0.9836 | 0.0787 0.9778 | Time: 2.8364
Epoch: 0039 | TRAIN: 0.4178 0.8684 | 0.0002 1.0000 | 0.0003 1.0000 | Time: 39.7435 | {'amazon': [0.6467391304347826], 'dslr': [0.9775280898876404], 'webcam': [0.9395973154362416]} {'amazon': [0.7137681159420289], 'dslr': [1.0], 'webcam': [0.9865771812080537]}
VAL: 1.0442 0.7138 | 0.0046 1.0000 | 0.0683 0.9866 | Time: 2.4602 | TEST: 0.9725 0.7487 | 0.0402 0.9836 | 0.0771 0.9778 | Time: 2.9513
Epoch: 0040 | TRAIN: 0.4171 0.8708 | 0.0002 1.0000 | 0.0003 1.0000 | Time: 40.3792 | {'amazon': [0.6467391304347826], 'dslr': [0.9775280898876404], 'webcam': [0.9395973154362416]} {'amazon': [0.7192028985507246], 'dslr': [1.0], 'webcam': [0.9865771812080537]}
VAL: 1.0539 0.7192 | 0.0037 1.0000 | 0.0641 0.9866 | Time: 2.4715 | TEST: 0.9807 0.7385 | 0.0460 0.9836 | 0.0756 0.9833 | Time: 2.9628
Epoch: 0041 | TRAIN: 0.4108 0.8714 | 0.0002 1.0000 | 0.0003 1.0000 | Time: 40.4539 | {'amazon': [0.6467391304347826], 'dslr': [0.9775280898876404], 'webcam': [0.9395973154362416]} {'amazon': [0.7228260869565217], 'dslr': [1.0], 'webcam': [0.9865771812080537]}
VAL: 1.0362 0.7228 | 0.0046 1.0000 | 0.0667 0.9866 | Time: 2.4381 | TEST: 0.9687 0.7504 | 0.0447 0.9836 | 0.0797 0.9778 | Time: 2.9115
Epoch: 0042 | TRAIN: 0.4023 0.8750 | 0.0002 1.0000 | 0.0002 1.0000 | Time: 40.3754 | {'amazon': [0.6467391304347826], 'dslr': [0.9775280898876404], 'webcam': [0.9395973154362416]} {'amazon': [0.7137681159420289], 'dslr': [1.0], 'webcam': [0.9865771812080537]}
VAL: 1.0614 0.7138 | 0.0049 1.0000 | 0.0665 0.9866 | Time: 2.4710 | TEST: 0.9884 0.7333 | 0.0487 0.9836 | 0.0817 0.9833 | Time: 2.8904
Epoch: 0043 | TRAIN: 0.3924 0.8822 | 0.0002 1.0000 | 0.0003 1.0000 | Time: 40.1112 | {'amazon': [0.6467391304347826], 'dslr': [0.9775280898876404], 'webcam': [0.9395973154362416]} {'amazon': [0.7083333333333334], 'dslr': [1.0], 'webcam': [0.9865771812080537]}
VAL: 1.0654 0.7083 | 0.0042 1.0000 | 0.0620 0.9866 | Time: 2.4238 | TEST: 0.9926 0.7419 | 0.0463 0.9836 | 0.0793 0.9833 | Time: 2.8753
Epoch: 0044 | TRAIN: 0.3949 0.8744 | 0.0002 1.0000 | 0.0003 1.0000 | Time: 40.0254 | {'amazon': [0.6467391304347826], 'dslr': [0.9775280898876404], 'webcam': [0.9395973154362416]} {'amazon': [0.7246376811594203], 'dslr': [1.0], 'webcam': [0.9865771812080537]}
VAL: 1.0617 0.7246 | 0.0042 1.0000 | 0.0661 0.9866 | Time: 2.4359 | TEST: 0.9834 0.7453 | 0.0390 0.9918 | 0.0769 0.9833 | Time: 2.8829
Epoch: 0045 | TRAIN: 0.3934 0.8738 | 0.0002 1.0000 | 0.0002 1.0000 | Time: 39.9335 | {'amazon': [0.6467391304347826], 'dslr': [0.9775280898876404], 'webcam': [0.9395973154362416]} {'amazon': [0.7228260869565217], 'dslr': [1.0], 'webcam': [0.9865771812080537]}
VAL: 1.0406 0.7228 | 0.0051 1.0000 | 0.0700 0.9866 | Time: 2.4193 | TEST: 0.9507 0.7556 | 0.0480 0.9836 | 0.0789 0.9833 | Time: 2.8935
Epoch: 0046 | TRAIN: 0.3837 0.8786 | 0.0002 1.0000 | 0.0002 1.0000 | Time: 39.9707 | {'amazon': [0.6467391304347826], 'dslr': [0.9775280898876404], 'webcam': [0.9395973154362416]} {'amazon': [0.7264492753623188], 'dslr': [1.0], 'webcam': [0.9865771812080537]}
VAL: 1.0690 0.7264 | 0.0049 1.0000 | 0.0647 0.9866 | Time: 2.4499 | TEST: 0.9890 0.7453 | 0.0525 0.9836 | 0.0765 0.9833 | Time: 2.8908
Epoch: 0047 | TRAIN: 0.3757 0.8840 | 0.0002 1.0000 | 0.0002 1.0000 | Time: 40.0590 | {'amazon': [0.6467391304347826], 'dslr': [0.9775280898876404], 'webcam': [0.9395973154362416]} {'amazon': [0.7119565217391305], 'dslr': [1.0], 'webcam': [0.9865771812080537]}
VAL: 1.0819 0.7120 | 0.0040 1.0000 | 0.0647 0.9866 | Time: 2.4396 | TEST: 0.9976 0.7368 | 0.0465 0.9836 | 0.0744 0.9833 | Time: 2.9062
Epoch: 0048 | TRAIN: 0.4096 0.8690 | 0.0002 1.0000 | 0.0002 1.0000 | Time: 40.0563 | {'amazon': [0.6467391304347826], 'dslr': [0.9775280898876404], 'webcam': [0.9395973154362416]} {'amazon': [0.7137681159420289], 'dslr': [1.0], 'webcam': [0.9865771812080537]}
VAL: 1.0760 0.7138 | 0.0034 1.0000 | 0.0658 0.9866 | Time: 2.4392 | TEST: 0.9912 0.7385 | 0.0479 0.9836 | 0.0769 0.9833 | Time: 2.9083
Epoch: 0049 | TRAIN: 0.3790 0.8822 | 0.0002 1.0000 | 0.0002 1.0000 | Time: 40.0676 | {'amazon': [0.6467391304347826], 'dslr': [0.9775280898876404], 'webcam': [0.9395973154362416]} {'amazon': [0.717391304347826], 'dslr': [1.0], 'webcam': [0.9865771812080537]}
VAL: 1.0666 0.7174 | 0.0037 1.0000 | 0.0697 0.9866 | Time: 2.4117 | TEST: 0.9895 0.7419 | 0.0484 0.9836 | 0.0774 0.9778 | Time: 2.8800
Epoch: 0050 | TRAIN: 0.3851 0.8846 | 0.0002 1.0000 | 0.0002 1.0000 | Time: 39.8783 | {'amazon': [0.6467391304347826], 'dslr': [0.9775280898876404], 'webcam': [0.9395973154362416]} {'amazon': [0.7246376811594203], 'dslr': [1.0], 'webcam': [0.9865771812080537]}
VAL: 1.0503 0.7246 | 0.0033 1.0000 | 0.0705 0.9866 | Time: 2.4411 | TEST: 0.9724 0.7470 | 0.0445 0.9836 | 0.0796 0.9833 | Time: 2.8598
Epoch: 0051 | TRAIN: 0.4012 0.8720 | 0.0001 1.0000 | 0.0002 1.0000 | Time: 40.0360 | {'amazon': [0.6467391304347826], 'dslr': [0.9775280898876404], 'webcam': [0.9395973154362416]} {'amazon': [0.7083333333333334], 'dslr': [1.0], 'webcam': [0.9865771812080537]}
VAL: 1.0756 0.7083 | 0.0033 1.0000 | 0.0670 0.9866 | Time: 2.4299 | TEST: 0.9972 0.7299 | 0.0480 0.9836 | 0.0778 0.9778 | Time: 2.8695
Epoch: 0052 | TRAIN: 0.3599 0.8864 | 0.0002 1.0000 | 0.0001 1.0000 | Time: 40.1560 | {'amazon': [0.6467391304347826], 'dslr': [0.9775280898876404], 'webcam': [0.9395973154362416]} {'amazon': [0.717391304347826], 'dslr': [1.0], 'webcam': [0.9865771812080537]}
VAL: 1.0760 0.7174 | 0.0033 1.0000 | 0.0698 0.9866 | Time: 2.4307 | TEST: 0.9927 0.7419 | 0.0422 0.9836 | 0.0782 0.9833 | Time: 2.8719
Epoch: 0053 | TRAIN: 0.3802 0.8750 | 0.0001 1.0000 | 0.0002 1.0000 | Time: 39.9779 | {'amazon': [0.6467391304347826], 'dslr': [0.9775280898876404], 'webcam': [0.9395973154362416]} {'amazon': [0.7119565217391305], 'dslr': [1.0], 'webcam': [0.9865771812080537]}
VAL: 1.0690 0.7120 | 0.0028 1.0000 | 0.0678 0.9866 | Time: 2.4448 | TEST: 0.9874 0.7385 | 0.0432 0.9836 | 0.0813 0.9778 | Time: 2.9083
Epoch: 0054 | TRAIN: 0.3683 0.8816 | 0.0001 1.0000 | 0.0002 1.0000 | Time: 40.1029 | {'amazon': [0.6467391304347826], 'dslr': [0.9775280898876404], 'webcam': [0.9395973154362416]} {'amazon': [0.7155797101449275], 'dslr': [1.0], 'webcam': [0.9865771812080537]}
VAL: 1.0551 0.7156 | 0.0029 1.0000 | 0.0619 0.9866 | Time: 2.4086 | TEST: 0.9879 0.7436 | 0.0431 0.9836 | 0.0794 0.9778 | Time: 2.8609
Epoch: 0055 | TRAIN: 0.3592 0.8840 | 0.0001 1.0000 | 0.0002 1.0000 | Time: 39.9260 | {'amazon': [0.6467391304347826], 'dslr': [0.9775280898876404], 'webcam': [0.9395973154362416]} {'amazon': [0.7228260869565217], 'dslr': [1.0], 'webcam': [0.9865771812080537]}
VAL: 1.0630 0.7228 | 0.0039 1.0000 | 0.0630 0.9866 | Time: 2.4144 | TEST: 0.9781 0.7504 | 0.0451 0.9836 | 0.0834 0.9778 | Time: 2.8593
Epoch: 0056 | TRAIN: 0.3846 0.8738 | 0.0001 1.0000 | 0.0002 1.0000 | Time: 40.2424 | {'amazon': [0.6467391304347826], 'dslr': [0.9775280898876404], 'webcam': [0.9395973154362416]} {'amazon': [0.7228260869565217], 'dslr': [1.0], 'webcam': [0.9865771812080537]}
VAL: 1.0774 0.7228 | 0.0034 1.0000 | 0.0580 0.9866 | Time: 2.4425 | TEST: 0.9874 0.7419 | 0.0454 0.9836 | 0.0751 0.9833 | Time: 2.9013
Epoch: 0057 | TRAIN: 0.3594 0.8786 | 0.0001 1.0000 | 0.0002 1.0000 | Time: 40.2411 | {'amazon': [0.6467391304347826], 'dslr': [0.9775280898876404], 'webcam': [0.9395973154362416]} {'amazon': [0.7047101449275363], 'dslr': [1.0], 'webcam': [0.9865771812080537]}
VAL: 1.1174 0.7047 | 0.0030 1.0000 | 0.0637 0.9866 | Time: 2.4338 | TEST: 1.0315 0.7368 | 0.0436 0.9836 | 0.0777 0.9778 | Time: 2.8986
Epoch: 0058 | TRAIN: 0.3660 0.8822 | 0.0001 1.0000 | 0.0002 1.0000 | Time: 40.1533 | {'amazon': [0.6467391304347826], 'dslr': [0.9775280898876404], 'webcam': [0.9395973154362416]} {'amazon': [0.7228260869565217], 'dslr': [1.0], 'webcam': [0.9865771812080537]}
VAL: 1.0961 0.7228 | 0.0034 1.0000 | 0.0646 0.9866 | Time: 2.4238 | TEST: 0.9969 0.7436 | 0.0430 0.9836 | 0.0803 0.9833 | Time: 2.8921
Epoch: 0059 | TRAIN: 0.3904 0.8828 | 0.0001 1.0000 | 0.0002 1.0000 | Time: 39.9415 | {'amazon': [0.6467391304347826], 'dslr': [0.9775280898876404], 'webcam': [0.9395973154362416]} {'amazon': [0.6992753623188406], 'dslr': [1.0], 'webcam': [0.9865771812080537]}
VAL: 1.1073 0.6993 | 0.0038 1.0000 | 0.0613 0.9866 | Time: 2.4319 | TEST: 1.0213 0.7299 | 0.0478 0.9836 | 0.0823 0.9833 | Time: 2.8926
Epoch: 0060 | TRAIN: 0.3605 0.8774 | 0.0001 1.0000 | 0.0001 1.0000 | Time: 39.8787 | {'amazon': [0.6467391304347826], 'dslr': [0.9775280898876404], 'webcam': [0.9395973154362416]} {'amazon': [0.7047101449275363], 'dslr': [1.0], 'webcam': [0.9865771812080537]}
VAL: 1.0930 0.7047 | 0.0043 1.0000 | 0.0681 0.9866 | Time: 2.4022 | TEST: 1.0198 0.7436 | 0.0430 0.9836 | 0.0788 0.9889 | Time: 2.8689
Epoch: 0061 | TRAIN: 0.3531 0.8828 | 0.0001 1.0000 | 0.0002 1.0000 | Time: 40.0177 | {'amazon': [0.6467391304347826], 'dslr': [0.9775280898876404], 'webcam': [0.9395973154362416]} {'amazon': [0.7155797101449275], 'dslr': [1.0], 'webcam': [0.9865771812080537]}
VAL: 1.0794 0.7156 | 0.0033 1.0000 | 0.0692 0.9866 | Time: 2.4286 | TEST: 0.9916 0.7470 | 0.0412 0.9836 | 0.0800 0.9833 | Time: 2.8730
Epoch: 0062 | TRAIN: 0.3486 0.8924 | 0.0001 1.0000 | 0.0001 1.0000 | Time: 40.0593 | {'amazon': [0.6467391304347826], 'dslr': [0.9775280898876404], 'webcam': [0.9395973154362416]} {'amazon': [0.6992753623188406], 'dslr': [1.0], 'webcam': [0.9865771812080537]}
VAL: 1.1048 0.6993 | 0.0043 1.0000 | 0.0695 0.9866 | Time: 2.4363 | TEST: 1.0185 0.7350 | 0.0440 0.9836 | 0.0773 0.9833 | Time: 2.9069
Epoch: 0063 | TRAIN: 0.3387 0.8936 | 0.0001 1.0000 | 0.0001 1.0000 | Time: 40.1525 | {'amazon': [0.6467391304347826], 'dslr': [0.9775280898876404], 'webcam': [0.9395973154362416]} {'amazon': [0.7083333333333334], 'dslr': [1.0], 'webcam': [0.9865771812080537]}
VAL: 1.0911 0.7083 | 0.0027 1.0000 | 0.0663 0.9866 | Time: 2.4293 | TEST: 1.0051 0.7402 | 0.0376 0.9836 | 0.0794 0.9778 | Time: 2.8921
Epoch: 0064 | TRAIN: 0.3550 0.8840 | 0.0001 1.0000 | 0.0001 1.0000 | Time: 39.8700 | {'amazon': [0.6467391304347826], 'dslr': [0.9775280898876404], 'webcam': [0.9395973154362416]} {'amazon': [0.7101449275362319], 'dslr': [1.0], 'webcam': [0.9865771812080537]}
VAL: 1.0848 0.7101 | 0.0037 1.0000 | 0.0679 0.9866 | Time: 2.4527 | TEST: 1.0014 0.7402 | 0.0428 0.9836 | 0.0770 0.9833 | Time: 2.8842
Epoch: 0065 | TRAIN: 0.3709 0.8798 | 0.0001 1.0000 | 0.0001 1.0000 | Time: 40.0039 | {'amazon': [0.6467391304347826], 'dslr': [0.9775280898876404], 'webcam': [0.9395973154362416]} {'amazon': [0.7101449275362319], 'dslr': [1.0], 'webcam': [0.9865771812080537]}
VAL: 1.0876 0.7101 | 0.0028 1.0000 | 0.0617 0.9866 | Time: 2.4098 | TEST: 1.0070 0.7368 | 0.0428 0.9836 | 0.0812 0.9833 | Time: 2.8720
Epoch: 0066 | TRAIN: 0.3680 0.8864 | 0.0001 1.0000 | 0.0001 1.0000 | Time: 39.8818 | {'amazon': [0.6467391304347826], 'dslr': [0.9775280898876404], 'webcam': [0.9395973154362416]} {'amazon': [0.717391304347826], 'dslr': [1.0], 'webcam': [0.9865771812080537]}
VAL: 1.0993 0.7174 | 0.0026 1.0000 | 0.0632 0.9866 | Time: 2.4451 | TEST: 1.0268 0.7385 | 0.0447 0.9836 | 0.0755 0.9778 | Time: 2.8986
Epoch: 0067 | TRAIN: 0.3366 0.8900 | 0.0001 1.0000 | 0.0001 1.0000 | Time: 40.0020 | {'amazon': [0.6467391304347826], 'dslr': [0.9775280898876404], 'webcam': [0.9395973154362416]} {'amazon': [0.7065217391304348], 'dslr': [1.0], 'webcam': [0.9865771812080537]}
VAL: 1.1060 0.7065 | 0.0031 1.0000 | 0.0670 0.9866 | Time: 2.4190 | TEST: 1.0369 0.7368 | 0.0409 0.9836 | 0.0790 0.9833 | Time: 2.8880
Epoch: 0068 | TRAIN: 0.3358 0.8936 | 0.0001 1.0000 | 0.0001 1.0000 | Time: 40.0338 | {'amazon': [0.6467391304347826], 'dslr': [0.9775280898876404], 'webcam': [0.9395973154362416]} {'amazon': [0.717391304347826], 'dslr': [1.0], 'webcam': [0.9865771812080537]}
VAL: 1.0815 0.7174 | 0.0035 1.0000 | 0.0673 0.9866 | Time: 2.4433 | TEST: 1.0061 0.7316 | 0.0430 0.9836 | 0.0813 0.9778 | Time: 2.8983
Epoch: 0069 | TRAIN: 0.3788 0.8738 | 0.0001 1.0000 | 0.0001 1.0000 | Time: 40.0272 | {'amazon': [0.6467391304347826], 'dslr': [0.9775280898876404], 'webcam': [0.9395973154362416]} {'amazon': [0.7246376811594203], 'dslr': [1.0], 'webcam': [0.9865771812080537]}
VAL: 1.0859 0.7246 | 0.0031 1.0000 | 0.0666 0.9866 | Time: 2.4375 | TEST: 1.0082 0.7350 | 0.0443 0.9836 | 0.0793 0.9833 | Time: 2.9119
Epoch: 0070 | TRAIN: 0.3423 0.8852 | 0.0001 1.0000 | 0.0001 1.0000 | Time: 40.2099 | {'amazon': [0.6467391304347826], 'dslr': [0.9775280898876404], 'webcam': [0.9395973154362416]} {'amazon': [0.7047101449275363], 'dslr': [1.0], 'webcam': [0.9865771812080537]}
VAL: 1.1145 0.7047 | 0.0035 1.0000 | 0.0688 0.9866 | Time: 2.4578 | TEST: 1.0408 0.7231 | 0.0458 0.9836 | 0.0827 0.9778 | Time: 2.9230
Epoch: 0071 | TRAIN: 0.3476 0.8804 | 0.0001 1.0000 | 0.0001 1.0000 | Time: 40.0155 | {'amazon': [0.6467391304347826], 'dslr': [0.9775280898876404], 'webcam': [0.9395973154362416]} {'amazon': [0.7047101449275363], 'dslr': [1.0], 'webcam': [0.9865771812080537]}
VAL: 1.1162 0.7047 | 0.0028 1.0000 | 0.0631 0.9866 | Time: 2.4151 | TEST: 1.0315 0.7248 | 0.0403 0.9836 | 0.0786 0.9833 | Time: 2.9039
Epoch: 0072 | TRAIN: 0.3372 0.8948 | 0.0001 1.0000 | 0.0001 1.0000 | Time: 40.0314 | {'amazon': [0.6467391304347826], 'dslr': [0.9775280898876404], 'webcam': [0.9395973154362416]} {'amazon': [0.7155797101449275], 'dslr': [1.0], 'webcam': [0.9865771812080537]}
VAL: 1.1101 0.7156 | 0.0041 1.0000 | 0.0588 0.9866 | Time: 2.4333 | TEST: 1.0204 0.7402 | 0.0467 0.9836 | 0.0859 0.9778 | Time: 2.8969
Epoch: 0073 | TRAIN: 0.3346 0.8966 | 0.0001 1.0000 | 0.0001 1.0000 | Time: 39.9294 | {'amazon': [0.6467391304347826], 'dslr': [0.9775280898876404], 'webcam': [0.9395973154362416]} {'amazon': [0.7101449275362319], 'dslr': [1.0], 'webcam': [0.9865771812080537]}
VAL: 1.1009 0.7101 | 0.0025 1.0000 | 0.0669 0.9866 | Time: 2.4369 | TEST: 1.0103 0.7350 | 0.0409 0.9836 | 0.0764 0.9833 | Time: 2.9105
Epoch: 0074 | TRAIN: 0.3339 0.8900 | 0.0001 1.0000 | 0.0001 1.0000 | Time: 39.9402 | {'amazon': [0.6467391304347826], 'dslr': [0.9775280898876404], 'webcam': [0.9395973154362416]} {'amazon': [0.7210144927536232], 'dslr': [1.0], 'webcam': [0.9865771812080537]}
VAL: 1.0913 0.7210 | 0.0022 1.0000 | 0.0637 0.9866 | Time: 2.4297 | TEST: 1.0248 0.7453 | 0.0397 0.9836 | 0.0744 0.9833 | Time: 2.8970
Epoch: 0075 | TRAIN: 0.3636 0.8852 | 0.0001 1.0000 | 0.0001 1.0000 | Time: 40.0365 | {'amazon': [0.6467391304347826], 'dslr': [0.9775280898876404], 'webcam': [0.9395973154362416]} {'amazon': [0.717391304347826], 'dslr': [1.0], 'webcam': [0.9865771812080537]}
VAL: 1.1059 0.7174 | 0.0022 1.0000 | 0.0637 0.9866 | Time: 2.4426 | TEST: 1.0363 0.7368 | 0.0423 0.9836 | 0.0791 0.9833 | Time: 2.8822
Epoch: 0076 | TRAIN: 0.3527 0.8822 | 0.0001 1.0000 | 0.0001 1.0000 | Time: 40.0821 | {'amazon': [0.6467391304347826], 'dslr': [0.9775280898876404], 'webcam': [0.9395973154362416]} {'amazon': [0.7101449275362319], 'dslr': [1.0], 'webcam': [0.9865771812080537]}
VAL: 1.1119 0.7101 | 0.0031 1.0000 | 0.0666 0.9866 | Time: 2.4165 | TEST: 1.0390 0.7436 | 0.0493 0.9836 | 0.0792 0.9889 | Time: 2.8769
Epoch: 0077 | TRAIN: 0.3303 0.8924 | 0.0001 1.0000 | 0.0001 1.0000 | Time: 39.8528 | {'amazon': [0.6467391304347826], 'dslr': [0.9775280898876404], 'webcam': [0.9395973154362416]} {'amazon': [0.7119565217391305], 'dslr': [1.0], 'webcam': [0.9865771812080537]}
VAL: 1.1129 0.7120 | 0.0031 1.0000 | 0.0649 0.9866 | Time: 2.4190 | TEST: 1.0308 0.7419 | 0.0510 0.9836 | 0.0809 0.9833 | Time: 2.8597
Epoch: 0078 | TRAIN: 0.3125 0.8990 | 0.0001 1.0000 | 0.0001 1.0000 | Time: 39.6810 | {'amazon': [0.6467391304347826], 'dslr': [0.9775280898876404], 'webcam': [0.9395973154362416]} {'amazon': [0.7192028985507246], 'dslr': [1.0], 'webcam': [0.9865771812080537]}
VAL: 1.1037 0.7192 | 0.0020 1.0000 | 0.0655 0.9866 | Time: 2.4158 | TEST: 1.0254 0.7402 | 0.0453 0.9836 | 0.0786 0.9778 | Time: 2.8744
Epoch: 0079 | TRAIN: 0.3115 0.8954 | 0.0001 1.0000 | 0.0001 1.0000 | Time: 39.6672 | {'amazon': [0.6467391304347826], 'dslr': [0.9775280898876404], 'webcam': [0.9395973154362416]} {'amazon': [0.7137681159420289], 'dslr': [1.0], 'webcam': [0.9865771812080537]}
VAL: 1.0929 0.7138 | 0.0027 1.0000 | 0.0696 0.9866 | Time: 2.4173 | TEST: 1.0145 0.7402 | 0.0429 0.9836 | 0.0787 0.9889 | Time: 2.8488
Epoch: 0080 | TRAIN: 0.3273 0.8912 | 0.0001 1.0000 | 0.0001 1.0000 | Time: 39.7853 | {'amazon': [0.6467391304347826], 'dslr': [0.9775280898876404], 'webcam': [0.9395973154362416]} {'amazon': [0.7264492753623188], 'dslr': [1.0], 'webcam': [0.9865771812080537]}
VAL: 1.0882 0.7264 | 0.0031 1.0000 | 0.0707 0.9866 | Time: 2.4311 | TEST: 1.0126 0.7470 | 0.0421 0.9836 | 0.0799 0.9889 | Time: 2.8897
Epoch: 0081 | TRAIN: 0.3334 0.8900 | 0.0001 1.0000 | 0.0001 1.0000 | Time: 39.9012 | {'amazon': [0.6467391304347826], 'dslr': [0.9775280898876404], 'webcam': [0.9395973154362416]} {'amazon': [0.7083333333333334], 'dslr': [1.0], 'webcam': [0.9865771812080537]}
VAL: 1.1379 0.7083 | 0.0026 1.0000 | 0.0666 0.9866 | Time: 2.4294 | TEST: 1.0627 0.7368 | 0.0426 0.9836 | 0.0795 0.9889 | Time: 2.8620
Epoch: 0082 | TRAIN: 0.3286 0.8924 | 0.0001 1.0000 | 0.0001 1.0000 | Time: 39.9512 | {'amazon': [0.6467391304347826], 'dslr': [0.9775280898876404], 'webcam': [0.9395973154362416]} {'amazon': [0.717391304347826], 'dslr': [1.0], 'webcam': [0.9865771812080537]}
VAL: 1.1116 0.7174 | 0.0024 1.0000 | 0.0656 0.9866 | Time: 2.4412 | TEST: 1.0591 0.7350 | 0.0404 0.9836 | 0.0820 0.9778 | Time: 2.8956
Epoch: 0083 | TRAIN: 0.3534 0.8804 | 0.0001 1.0000 | 0.0001 1.0000 | Time: 40.0062 | {'amazon': [0.6467391304347826], 'dslr': [0.9775280898876404], 'webcam': [0.9395973154362416]} {'amazon': [0.7137681159420289], 'dslr': [1.0], 'webcam': [0.9865771812080537]}
VAL: 1.1056 0.7138 | 0.0026 1.0000 | 0.0706 0.9866 | Time: 2.4611 | TEST: 1.0348 0.7350 | 0.0402 0.9836 | 0.0806 0.9833 | Time: 2.8724
Epoch: 0084 | TRAIN: 0.3129 0.8936 | 0.0001 1.0000 | 0.0001 1.0000 | Time: 39.9451 | {'amazon': [0.6467391304347826], 'dslr': [0.9775280898876404], 'webcam': [0.9395973154362416]} {'amazon': [0.7228260869565217], 'dslr': [1.0], 'webcam': [0.9865771812080537]}
VAL: 1.0967 0.7228 | 0.0029 1.0000 | 0.0712 0.9866 | Time: 2.4172 | TEST: 1.0163 0.7402 | 0.0391 0.9836 | 0.0781 0.9833 | Time: 2.8655
Epoch: 0085 | TRAIN: 0.3187 0.9008 | 0.0001 1.0000 | 0.0001 1.0000 | Time: 39.8596 | {'amazon': [0.6467391304347826], 'dslr': [0.9775280898876404], 'webcam': [0.9395973154362416]} {'amazon': [0.7119565217391305], 'dslr': [1.0], 'webcam': [0.9865771812080537]}
VAL: 1.1192 0.7120 | 0.0029 1.0000 | 0.0732 0.9866 | Time: 2.4095 | TEST: 1.0441 0.7350 | 0.0446 0.9836 | 0.0840 0.9778 | Time: 2.8695
Epoch: 0086 | TRAIN: 0.3077 0.9014 | 0.0001 1.0000 | 0.0001 1.0000 | Time: 39.9507 | {'amazon': [0.6467391304347826], 'dslr': [0.9775280898876404], 'webcam': [0.9395973154362416]} {'amazon': [0.7155797101449275], 'dslr': [1.0], 'webcam': [0.9865771812080537]}
VAL: 1.1205 0.7156 | 0.0020 1.0000 | 0.0713 0.9866 | Time: 2.4355 | TEST: 1.0488 0.7419 | 0.0389 0.9836 | 0.0821 0.9778 | Time: 2.8823
Epoch: 0087 | TRAIN: 0.3402 0.8882 | 0.0001 1.0000 | 0.0001 1.0000 | Time: 40.0234 | {'amazon': [0.6467391304347826], 'dslr': [0.9775280898876404], 'webcam': [0.9395973154362416]} {'amazon': [0.7246376811594203], 'dslr': [1.0], 'webcam': [0.9865771812080537]}
VAL: 1.1094 0.7246 | 0.0022 1.0000 | 0.0672 0.9866 | Time: 2.4508 | TEST: 1.0298 0.7436 | 0.0394 0.9836 | 0.0820 0.9778 | Time: 2.9209
Epoch: 0088 | TRAIN: 0.3260 0.8906 | 0.0001 1.0000 | 0.0001 1.0000 | Time: 39.9565 | {'amazon': [0.6467391304347826], 'dslr': [0.9775280898876404], 'webcam': [0.9395973154362416]} {'amazon': [0.7137681159420289], 'dslr': [1.0], 'webcam': [0.9865771812080537]}
VAL: 1.1159 0.7138 | 0.0024 1.0000 | 0.0656 0.9866 | Time: 2.4166 | TEST: 1.0322 0.7368 | 0.0495 0.9836 | 0.0846 0.9833 | Time: 2.8654
Epoch: 0089 | TRAIN: 0.3160 0.8912 | 0.0001 1.0000 | 0.0001 1.0000 | Time: 39.9775 | {'amazon': [0.6467391304347826], 'dslr': [0.9775280898876404], 'webcam': [0.9395973154362416]} {'amazon': [0.7228260869565217], 'dslr': [1.0], 'webcam': [0.9865771812080537]}
VAL: 1.1007 0.7228 | 0.0024 1.0000 | 0.0631 0.9866 | Time: 2.3910 | TEST: 1.0175 0.7419 | 0.0450 0.9836 | 0.0780 0.9833 | Time: 2.8844
Epoch: 0090 | TRAIN: 0.3191 0.8996 | 0.0001 1.0000 | 0.0001 1.0000 | Time: 39.9206 | {'amazon': [0.6467391304347826], 'dslr': [0.9775280898876404], 'webcam': [0.9395973154362416]} {'amazon': [0.7137681159420289], 'dslr': [1.0], 'webcam': [0.9865771812080537]}
VAL: 1.1180 0.7138 | 0.0019 1.0000 | 0.0673 0.9866 | Time: 2.4276 | TEST: 1.0391 0.7402 | 0.0466 0.9836 | 0.0826 0.9778 | Time: 2.8941
Epoch: 0091 | TRAIN: 0.3021 0.9014 | 0.0001 1.0000 | 0.0001 1.0000 | Time: 39.8699 | {'amazon': [0.6467391304347826], 'dslr': [0.9775280898876404], 'webcam': [0.9395973154362416]} {'amazon': [0.7282608695652174], 'dslr': [1.0], 'webcam': [0.9865771812080537]}
VAL: 1.0984 0.7283 | 0.0024 1.0000 | 0.0733 0.9866 | Time: 2.4043 | TEST: 1.0092 0.7521 | 0.0457 0.9836 | 0.0769 0.9778 | Time: 2.8811
Epoch: 0092 | TRAIN: 0.3203 0.9044 | 0.0001 1.0000 | 0.0001 1.0000 | Time: 40.0783 | {'amazon': [0.6467391304347826], 'dslr': [0.9775280898876404], 'webcam': [0.9395973154362416]} {'amazon': [0.7228260869565217], 'dslr': [1.0], 'webcam': [0.9865771812080537]}
VAL: 1.1176 0.7228 | 0.0029 1.0000 | 0.0694 0.9866 | Time: 2.4372 | TEST: 1.0302 0.7419 | 0.0446 0.9836 | 0.0827 0.9833 | Time: 2.8773
Epoch: 0093 | TRAIN: 0.3433 0.8876 | 0.0001 1.0000 | 0.0001 1.0000 | Time: 39.8168 | {'amazon': [0.6467391304347826], 'dslr': [0.9775280898876404], 'webcam': [0.9395973154362416]} {'amazon': [0.7246376811594203], 'dslr': [1.0], 'webcam': [0.9865771812080537]}
VAL: 1.1329 0.7246 | 0.0027 1.0000 | 0.0753 0.9866 | Time: 2.4117 | TEST: 1.0314 0.7487 | 0.0461 0.9836 | 0.0835 0.9833 | Time: 2.8803
Epoch: 0094 | TRAIN: 0.3325 0.8906 | 0.0000 1.0000 | 0.0001 1.0000 | Time: 39.9834 | {'amazon': [0.6467391304347826], 'dslr': [0.9775280898876404], 'webcam': [0.9395973154362416]} {'amazon': [0.7119565217391305], 'dslr': [1.0], 'webcam': [0.9865771812080537]}
VAL: 1.1494 0.7120 | 0.0021 1.0000 | 0.0702 0.9866 | Time: 2.4284 | TEST: 1.0822 0.7333 | 0.0397 0.9836 | 0.0788 0.9833 | Time: 2.9157
Epoch: 0095 | TRAIN: 0.3187 0.9020 | 0.0000 1.0000 | 0.0001 1.0000 | Time: 39.9903 | {'amazon': [0.6467391304347826], 'dslr': [0.9775280898876404], 'webcam': [0.9395973154362416]} {'amazon': [0.7155797101449275], 'dslr': [1.0], 'webcam': [0.9865771812080537]}
VAL: 1.1283 0.7156 | 0.0029 1.0000 | 0.0700 0.9866 | Time: 2.4214 | TEST: 1.0434 0.7436 | 0.0494 0.9836 | 0.0816 0.9833 | Time: 2.8883
Epoch: 0096 | TRAIN: 0.3181 0.8924 | 0.0000 1.0000 | 0.0001 1.0000 | Time: 40.0840 | {'amazon': [0.6467391304347826], 'dslr': [0.9775280898876404], 'webcam': [0.9395973154362416]} {'amazon': [0.7119565217391305], 'dslr': [1.0], 'webcam': [0.9865771812080537]}
VAL: 1.1464 0.7120 | 0.0025 1.0000 | 0.0682 0.9866 | Time: 2.4282 | TEST: 1.0531 0.7333 | 0.0445 0.9836 | 0.0794 0.9889 | Time: 2.8652
Epoch: 0097 | TRAIN: 0.3109 0.8996 | 0.0000 1.0000 | 0.0001 1.0000 | Time: 40.0572 | {'amazon': [0.6467391304347826], 'dslr': [0.9775280898876404], 'webcam': [0.9395973154362416]} {'amazon': [0.7028985507246377], 'dslr': [1.0], 'webcam': [0.9865771812080537]}
VAL: 1.1627 0.7029 | 0.0029 1.0000 | 0.0724 0.9866 | Time: 2.4533 | TEST: 1.0643 0.7350 | 0.0521 0.9836 | 0.0838 0.9778 | Time: 2.8855
Epoch: 0098 | TRAIN: 0.3337 0.8870 | 0.0000 1.0000 | 0.0001 1.0000 | Time: 39.9607 | {'amazon': [0.6467391304347826], 'dslr': [0.9775280898876404], 'webcam': [0.9395973154362416]} {'amazon': [0.7083333333333334], 'dslr': [1.0], 'webcam': [0.9865771812080537]}
VAL: 1.1475 0.7083 | 0.0026 1.0000 | 0.0696 0.9866 | Time: 2.3868 | TEST: 1.0623 0.7385 | 0.0459 0.9836 | 0.0789 0.9778 | Time: 2.8686
Epoch: 0099 | TRAIN: 0.3025 0.8990 | 0.0001 1.0000 | 0.0001 1.0000 | Time: 40.0078 | {'amazon': [0.6467391304347826], 'dslr': [0.9775280898876404], 'webcam': [0.9395973154362416]} {'amazon': [0.7246376811594203], 'dslr': [1.0], 'webcam': [0.9865771812080537]}
VAL: 1.1402 0.7246 | 0.0029 1.0000 | 0.0727 0.9866 | Time: 2.4206 | TEST: 1.0654 0.7350 | 0.0483 0.9836 | 0.0815 0.9778 | Time: 2.8624
========================================
Best Result: Epoch 32, result {'amazon': [0.7435897435897436], 'dslr': [0.9836065573770492], 'webcam': [0.9833333333333333]}
========================================
