========================================
General Configuration:
	Wighting: MoCo
	Architecture: HPS
	Rep_Grad: False
	Multi_Input: True
	Seed: 0
	Device: cuda:0
MoCo Configuration:
	weighting: MoCo
	beta_moco: 1.0
	gamma_moco: 0.01
	rho_moco: 1.0
	moco_gn: none
Optimizer Configuration:
	optim: adam
	lr: 0.01
	weight_decay: 1e-05
========================================
Total Params: 11487901
Trainable Params: 11487901
Non-trainable Params: 0
========================================
LOG FORMAT | amazon_LOSS Acc | dslr_LOSS Acc | webcam_LOSS Acc | TIME
Epoch: 0000 | TRAIN: 3.7531 0.0403 | 3.6622 0.0637 | 3.7045 0.0601 | Time: 41.0542 | VAL: 26.0554 0.0362 | 44.8028 0.0112 | 64.1987 0.0671 | Time: 2.4734 | TEST: 26.7240 0.0342 | 44.1519 0.0082 | 70.7523 0.0667 | Time: 2.9944
Epoch: 0001 | TRAIN: 3.7816 0.0451 | 3.2746 0.1016 | 3.2089 0.1334 | Time: 40.4774 | VAL: 7.1205 0.0380 | 3.5813 0.0562 | 3.3479 0.1275 | Time: 2.4420 | TEST: 6.7678 0.0393 | 3.6124 0.1148 | 3.5218 0.1278 | Time: 3.0644
Epoch: 0002 | TRAIN: 3.6230 0.0535 | 2.9645 0.1629 | 2.6544 0.2145 | Time: 41.3558 | VAL: 5.7848 0.0380 | 4.3845 0.0674 | 2.5382 0.2483 | Time: 2.4569 | TEST: 5.4661 0.0393 | 4.4609 0.0574 | 2.5990 0.1833 | Time: 2.9442
Epoch: 0003 | TRAIN: 3.5928 0.0919 | 2.4653 0.2686 | 2.2934 0.2806 | Time: 41.3626 | VAL: 7.8852 0.0290 | 4.9880 0.0562 | 2.7225 0.2483 | Time: 2.9096 | TEST: 7.7271 0.0205 | 5.1644 0.0820 | 2.6294 0.2444 | Time: 3.0320
Epoch: 0004 | TRAIN: 3.4657 0.1046 | 2.0494 0.3389 | 1.9443 0.3870 | Time: 40.1535 | VAL: 9.2094 0.0399 | 4.9543 0.0787 | 2.4861 0.3154 | Time: 2.4429 | TEST: 8.8651 0.0376 | 5.0593 0.0738 | 2.4400 0.2833 | Time: 2.8802
Epoch: 0005 | TRAIN: 3.2595 0.1478 | 1.5456 0.5006 | 1.5438 0.5120 | Time: 40.0255 | VAL: 6.2525 0.0290 | 5.4550 0.1011 | 1.9592 0.4362 | Time: 2.4196 | TEST: 6.2294 0.0342 | 5.4744 0.1148 | 2.0838 0.3833 | Time: 2.8524
Epoch: 0006 | TRAIN: 2.9557 0.2001 | 0.9622 0.6863 | 1.0403 0.6605 | Time: 39.7984 | VAL: 5.0244 0.0688 | 5.9437 0.1348 | 1.5844 0.5436 | Time: 2.4295 | TEST: 5.0059 0.0581 | 6.1394 0.1393 | 1.7242 0.4667 | Time: 2.8782
Epoch: 0007 | TRAIN: 2.7777 0.2542 | 0.7041 0.7710 | 0.7767 0.7440 | Time: 39.7874 | VAL: 4.5067 0.0743 | 6.5512 0.1348 | 1.6686 0.5570 | Time: 2.4625 | TEST: 4.4595 0.0615 | 6.3627 0.1639 | 1.8535 0.4889 | Time: 2.8532
Epoch: 0008 | TRAIN: 2.6457 0.2855 | 0.4497 0.8648 | 0.5779 0.8119 | Time: 39.8122 | VAL: 5.0435 0.0924 | 5.8437 0.1236 | 1.8596 0.5369 | Time: 2.3952 | TEST: 4.9651 0.1009 | 5.3895 0.2213 | 1.9273 0.5056 | Time: 2.8651
Epoch: 0009 | TRAIN: 2.4475 0.3197 | 0.2932 0.9195 | 0.3814 0.8852 | Time: 40.2254 | VAL: 5.1174 0.0634 | 5.9317 0.2135 | 1.3534 0.6711 | Time: 2.5840 | TEST: 5.0279 0.0735 | 5.5274 0.2377 | 1.6136 0.5778 | Time: 2.9157
Epoch: 0010 | TRAIN: 2.3145 0.3606 | 0.2168 0.9417 | 0.2736 0.9159 | Time: 39.9099 | VAL: 6.0199 0.0616 | 6.1836 0.1798 | 1.4862 0.6510 | Time: 2.4497 | TEST: 6.0343 0.0427 | 5.8505 0.1721 | 1.6486 0.5889 | Time: 2.8935
Epoch: 0011 | TRAIN: 2.2610 0.3570 | 0.1736 0.9525 | 0.2356 0.9309 | Time: 39.7935 | VAL: 6.1994 0.0489 | 7.6133 0.0899 | 1.5256 0.6309 | Time: 2.4303 | TEST: 6.1616 0.0393 | 7.2821 0.1557 | 1.7453 0.5444 | Time: 2.8660
Epoch: 0012 | TRAIN: 2.0483 0.4159 | 0.1316 0.9633 | 0.1730 0.9549 | Time: 40.2526 | VAL: 6.1370 0.0489 | 5.8341 0.2247 | 1.3317 0.7181 | Time: 2.4275 | TEST: 6.0878 0.0496 | 5.3977 0.2541 | 1.4997 0.6556 | Time: 2.8950
Epoch: 0013 | TRAIN: 1.9570 0.4273 | 0.0960 0.9760 | 0.1571 0.9537 | Time: 40.2360 | VAL: 5.4943 0.1069 | 6.1746 0.2697 | 1.1142 0.7181 | Time: 2.4401 | TEST: 5.3955 0.0991 | 5.8676 0.3197 | 1.2203 0.7167 | Time: 3.1635
Epoch: 0014 | TRAIN: 1.8562 0.4778 | 0.0795 0.9796 | 0.1232 0.9657 | Time: 40.7318 | VAL: 5.2936 0.0924 | 6.5114 0.1573 | 1.6834 0.6040 | Time: 2.4120 | TEST: 5.2020 0.0667 | 5.9966 0.2213 | 2.0693 0.5833 | Time: 2.8765
Epoch: 0015 | TRAIN: 1.7315 0.4856 | 0.0529 0.9910 | 0.0700 0.9844 | Time: 40.4044 | VAL: 5.6670 0.0870 | 7.2475 0.2247 | 1.9652 0.6040 | Time: 2.5129 | TEST: 5.4991 0.0632 | 7.2081 0.1721 | 1.9994 0.5056 | Time: 2.9614
Epoch: 0016 | TRAIN: 1.6033 0.5276 | 0.0441 0.9940 | 0.1021 0.9730 | Time: 40.2383 | VAL: 6.2925 0.0688 | 6.9798 0.1910 | 1.4559 0.7114 | Time: 2.4922 | TEST: 6.2089 0.0615 | 6.3261 0.2295 | 1.4673 0.6722 | Time: 2.9275
Epoch: 0017 | TRAIN: 1.5397 0.5469 | 0.0702 0.9808 | 0.0794 0.9796 | Time: 41.0276 | VAL: 5.7489 0.1141 | 4.9193 0.2472 | 1.4483 0.6711 | Time: 2.7771 | TEST: 5.7074 0.1026 | 4.7471 0.2787 | 1.5539 0.6500 | Time: 3.3502
Epoch: 0018 | TRAIN: 1.4484 0.5685 | 0.0593 0.9856 | 0.0766 0.9826 | Time: 43.3760 | VAL: 5.8802 0.1033 | 5.8986 0.1798 | 1.0474 0.7517 | Time: 2.4650 | TEST: 5.7795 0.0991 | 5.8588 0.2131 | 1.4501 0.6889 | Time: 2.8773
Epoch: 0019 | TRAIN: 1.3666 0.5968 | 0.0458 0.9874 | 0.0658 0.9820 | Time: 40.8911 | VAL: 7.7318 0.0688 | 5.8693 0.1798 | 1.2709 0.7315 | Time: 2.4443 | TEST: 7.7961 0.0393 | 5.2102 0.2623 | 1.5685 0.6444 | Time: 2.9153
Epoch: 0020 | TRAIN: 1.3538 0.5944 | 0.0504 0.9892 | 0.0663 0.9826 | Time: 40.0211 | VAL: 8.5589 0.0435 | 6.4495 0.1798 | 1.7237 0.7047 | Time: 2.4042 | TEST: 8.8815 0.0256 | 5.8643 0.2541 | 2.0723 0.5944 | Time: 2.8968
Epoch: 0021 | TRAIN: 1.2508 0.6172 | 0.0457 0.9886 | 0.0661 0.9838 | Time: 39.8726 | VAL: 7.8577 0.0525 | 4.3413 0.3146 | 1.3504 0.7047 | Time: 2.4109 | TEST: 7.9758 0.0291 | 4.3506 0.3279 | 1.8293 0.5833 | Time: 2.8287
Epoch: 0022 | TRAIN: 1.1855 0.6328 | 0.0398 0.9916 | 0.0576 0.9862 | Time: 40.0776 | VAL: 6.8886 0.0942 | 6.2613 0.2584 | 1.3192 0.7315 | Time: 2.3895 | TEST: 6.8381 0.0940 | 5.3884 0.2787 | 1.5292 0.6778 | Time: 2.9345
Epoch: 0023 | TRAIN: 1.0686 0.6701 | 0.0229 0.9940 | 0.0471 0.9874 | Time: 40.1558 | VAL: 6.9203 0.0743 | 6.0960 0.2022 | 1.2164 0.7248 | Time: 2.3774 | TEST: 6.9305 0.0684 | 5.4875 0.3115 | 1.6290 0.6778 | Time: 2.8287
Epoch: 0024 | TRAIN: 0.9870 0.6917 | 0.0207 0.9958 | 0.0403 0.9904 | Time: 40.0061 | VAL: 6.0392 0.0779 | 5.5587 0.1461 | 1.3170 0.7718 | Time: 2.4519 | TEST: 6.0560 0.0684 | 5.1792 0.2049 | 1.5537 0.6889 | Time: 2.9147
Epoch: 0025 | TRAIN: 0.9457 0.7037 | 0.0311 0.9928 | 0.0341 0.9916 | Time: 40.0046 | VAL: 9.2950 0.0616 | 5.3947 0.2022 | 1.6266 0.6913 | Time: 2.4607 | TEST: 9.3528 0.0427 | 5.1623 0.2705 | 1.9332 0.6389 | Time: 2.8944
Epoch: 0026 | TRAIN: 1.0030 0.6779 | 0.0304 0.9934 | 0.0408 0.9868 | Time: 39.8763 | VAL: 9.6239 0.0525 | 5.8568 0.2360 | 1.6714 0.7383 | Time: 2.4236 | TEST: 9.6856 0.0393 | 5.2935 0.3033 | 2.0183 0.6056 | Time: 2.8890
Epoch: 0027 | TRAIN: 0.9844 0.6929 | 0.0338 0.9898 | 0.0701 0.9802 | Time: 39.9412 | VAL: 7.9706 0.0688 | 8.2330 0.2135 | 1.3698 0.7181 | Time: 2.4505 | TEST: 7.9955 0.0718 | 6.9756 0.2869 | 1.9170 0.6611 | Time: 2.8687
Epoch: 0028 | TRAIN: 0.9138 0.7181 | 0.0356 0.9898 | 0.0448 0.9874 | Time: 40.3059 | VAL: 9.6290 0.0562 | 4.7795 0.2360 | 1.3122 0.7315 | Time: 2.4284 | TEST: 9.5723 0.0444 | 4.7794 0.2787 | 1.3898 0.7111 | Time: 2.8617
Epoch: 0029 | TRAIN: 0.8454 0.7380 | 0.0309 0.9916 | 0.0385 0.9904 | Time: 40.1474 | VAL: 7.2279 0.0634 | 6.0884 0.2360 | 1.2420 0.7248 | Time: 2.4092 | TEST: 7.3253 0.0462 | 5.3579 0.2869 | 1.7522 0.6389 | Time: 2.8396
Epoch: 0030 | TRAIN: 0.7261 0.7596 | 0.0144 0.9976 | 0.0419 0.9886 | Time: 39.9799 | VAL: 10.6516 0.0598 | 4.9665 0.3146 | 1.1458 0.8121 | Time: 2.5120 | TEST: 10.7792 0.0410 | 4.6529 0.3525 | 1.4510 0.7278 | Time: 3.0704
Epoch: 0031 | TRAIN: 0.6968 0.7806 | 0.0113 0.9982 | 0.0285 0.9934 | Time: 40.1888 | VAL: 9.3631 0.0507 | 6.0970 0.2584 | 1.3769 0.7584 | Time: 2.4382 | TEST: 9.4530 0.0376 | 5.6012 0.3361 | 1.7250 0.6833 | Time: 2.8952
Epoch: 0032 | TRAIN: 0.6679 0.7957 | 0.0186 0.9946 | 0.0224 0.9952 | Time: 41.0401 | VAL: 7.9600 0.0942 | 5.5075 0.2584 | 1.7220 0.6779 | Time: 2.4514 | TEST: 8.1790 0.0838 | 4.8062 0.3443 | 2.2168 0.5556 | Time: 2.8861
Epoch: 0033 | TRAIN: 0.6395 0.7939 | 0.0191 0.9946 | 0.0489 0.9850 | Time: 40.9519 | VAL: 10.0408 0.0779 | 5.6367 0.3146 | 1.3067 0.7785 | Time: 2.4630 | TEST: 10.3548 0.0479 | 5.1355 0.3279 | 1.3281 0.7167 | Time: 2.9868
Epoch: 0034 | TRAIN: 0.6589 0.7788 | 0.0450 0.9862 | 0.0370 0.9886 | Time: 40.4051 | VAL: 7.4124 0.1087 | 5.9161 0.1798 | 1.0738 0.7987 | Time: 2.4819 | TEST: 7.4091 0.1026 | 5.7760 0.2049 | 1.3766 0.7222 | Time: 2.9877
Epoch: 0035 | TRAIN: 0.6062 0.8155 | 0.0174 0.9952 | 0.0407 0.9880 | Time: 40.4623 | VAL: 9.5236 0.0688 | 5.0733 0.2697 | 1.1775 0.7114 | Time: 2.4598 | TEST: 9.7146 0.0530 | 4.6667 0.3361 | 1.7766 0.7111 | Time: 3.0968
Epoch: 0036 | TRAIN: 0.5484 0.8359 | 0.0194 0.9970 | 0.0383 0.9874 | Time: 40.3283 | VAL: 8.3065 0.1123 | 6.2287 0.2472 | 1.5930 0.7248 | Time: 2.5322 | TEST: 8.2850 0.0855 | 5.3582 0.3115 | 1.6558 0.7222 | Time: 3.2883
Epoch: 0037 | TRAIN: 0.4755 0.8450 | 0.0218 0.9910 | 0.0324 0.9916 | Time: 39.6695 | VAL: 11.0787 0.0435 | 7.4929 0.1685 | 1.6419 0.6846 | Time: 2.4362 | TEST: 11.2180 0.0462 | 6.5615 0.2951 | 2.0865 0.6222 | Time: 2.8758
Epoch: 0038 | TRAIN: 0.4484 0.8630 | 0.0189 0.9946 | 0.0270 0.9922 | Time: 39.8492 | VAL: 9.5117 0.0815 | 6.4312 0.2360 | 1.5178 0.7315 | Time: 2.4330 | TEST: 9.6207 0.0684 | 5.4728 0.3033 | 1.7389 0.6722 | Time: 2.8913
Epoch: 0039 | TRAIN: 0.4397 0.8444 | 0.0170 0.9946 | 0.0386 0.9880 | Time: 40.0227 | VAL: 10.8776 0.0688 | 6.3162 0.2697 | 1.5438 0.7047 | Time: 2.4434 | TEST: 10.8438 0.0444 | 5.3466 0.3689 | 2.0187 0.6611 | Time: 2.9579
Epoch: 0040 | TRAIN: 0.5558 0.8365 | 0.0242 0.9946 | 0.0342 0.9928 | Time: 39.8489 | VAL: 7.5564 0.1232 | 6.6315 0.1910 | 1.7038 0.7248 | Time: 2.4659 | TEST: 7.4257 0.1214 | 6.1880 0.2705 | 2.2993 0.6500 | Time: 2.9523
Epoch: 0041 | TRAIN: 0.5504 0.8311 | 0.0207 0.9964 | 0.0317 0.9904 | Time: 40.0028 | VAL: 12.6976 0.0616 | 5.9461 0.2360 | 1.3793 0.7584 | Time: 2.3944 | TEST: 12.8872 0.0581 | 4.9119 0.3443 | 1.8623 0.6944 | Time: 2.8608
Epoch: 0042 | TRAIN: 0.4235 0.8738 | 0.0141 0.9964 | 0.0246 0.9904 | Time: 39.9167 | VAL: 10.9040 0.0471 | 4.7992 0.3483 | 1.4635 0.7651 | Time: 2.4395 | TEST: 11.0532 0.0410 | 4.2705 0.3115 | 1.9393 0.6556 | Time: 2.8995
