========================================
General Configuration:
	Wighting: MoDo
	Architecture: HPS
	Rep_Grad: False
	Multi_Input: True
	Seed: 0
	Device: cuda:0
MoDo Configuration:
	weighting: MoDo
	gamma_modo: 1.0
	rho_modo: 0.1
	modo_gn: none
Optimizer Configuration:
	optim: adam
	lr: 1e-05
	weight_decay: 1e-05
========================================
Total Params: 11487901
Trainable Params: 11487901
Non-trainable Params: 0
========================================
LOG FORMAT | amazon_LOSS Acc | dslr_LOSS Acc | webcam_LOSS Acc | TIME
Epoch: 0000 | TRAIN: 3.4348 0.0655 | 3.1601 0.1475 | 3.3329 0.1001 | Time: 116.6499 | VAL: 3.2473 0.1087 | 2.9199 0.2921 | 3.1435 0.1745 | Time: 2.4108 | TEST: 3.2087 0.1368 | 2.9228 0.3279 | 3.1276 0.2444 | Time: 2.8660
Epoch: 0001 | TRAIN: 3.1151 0.1662 | 2.4705 0.5015 | 2.7857 0.3209 | Time: 116.2426 | VAL: 3.0012 0.2663 | 2.4827 0.5955 | 2.6661 0.4698 | Time: 2.3733 | TEST: 2.9652 0.3094 | 2.4934 0.6148 | 2.6812 0.4778 | Time: 2.8468
Epoch: 0002 | TRAIN: 2.8770 0.2885 | 1.9805 0.7722 | 2.2679 0.5895 | Time: 116.0691 | VAL: 2.7951 0.3786 | 2.1046 0.7191 | 2.2997 0.6443 | Time: 2.3900 | TEST: 2.7633 0.4120 | 2.1183 0.7213 | 2.3268 0.6667 | Time: 2.8658
Epoch: 0003 | TRAIN: 2.6991 0.3675 | 1.5336 0.9195 | 1.8662 0.7644 | Time: 116.1780 | VAL: 2.6112 0.4873 | 1.8473 0.8090 | 2.0154 0.7315 | Time: 2.3884 | TEST: 2.5835 0.5111 | 1.8688 0.8197 | 2.0619 0.7722 | Time: 2.8177
Epoch: 0004 | TRAIN: 2.5284 0.4486 | 1.2806 0.9603 | 1.5396 0.8663 | Time: 116.5256 | VAL: 2.5197 0.5453 | 1.6468 0.8652 | 1.7287 0.8188 | Time: 2.3835 | TEST: 2.4944 0.5624 | 1.6706 0.8525 | 1.7873 0.8556 | Time: 2.8266
Epoch: 0005 | TRAIN: 2.4443 0.4979 | 1.0435 0.9877 | 1.2545 0.9300 | Time: 116.1929 | VAL: 2.4800 0.5707 | 1.4342 0.8989 | 1.5398 0.8792 | Time: 2.3777 | TEST: 2.4598 0.5829 | 1.4725 0.8689 | 1.6061 0.8944 | Time: 2.8396
Epoch: 0006 | TRAIN: 2.4072 0.5105 | 0.8324 0.9955 | 1.0362 0.9660 | Time: 116.1582 | VAL: 2.4433 0.5833 | 1.2663 0.9101 | 1.3829 0.8993 | Time: 2.3913 | TEST: 2.4301 0.5880 | 1.3143 0.9016 | 1.4624 0.8944 | Time: 2.8472
Epoch: 0007 | TRAIN: 2.3468 0.5379 | 0.6844 0.9973 | 0.8744 0.9811 | Time: 116.5117 | VAL: 2.3767 0.5996 | 1.1341 0.9551 | 1.2354 0.8993 | Time: 2.3824 | TEST: 2.3630 0.6205 | 1.1867 0.9180 | 1.3124 0.9167 | Time: 2.8168
Epoch: 0008 | TRAIN: 2.2360 0.5742 | 0.5788 0.9991 | 0.7473 0.9949 | Time: 116.9958 | VAL: 2.2469 0.6522 | 1.0549 0.9663 | 1.1491 0.9262 | Time: 2.4148 | TEST: 2.2368 0.6598 | 1.1158 0.9262 | 1.2368 0.9278 | Time: 2.8729
Epoch: 0009 | TRAIN: 2.1144 0.6181 | 0.5099 1.0000 | 0.6584 0.9946 | Time: 116.5160 | VAL: 2.1545 0.6649 | 0.9832 0.9775 | 1.0686 0.9396 | Time: 2.4176 | TEST: 2.1418 0.6803 | 1.0463 0.9262 | 1.1596 0.9333 | Time: 2.8785
Epoch: 0010 | TRAIN: 1.9883 0.6487 | 0.4445 1.0000 | 0.5737 0.9970 | Time: 117.0939 | VAL: 2.0414 0.6812 | 0.9313 0.9775 | 1.0283 0.9396 | Time: 2.3888 | TEST: 2.0307 0.6991 | 1.0087 0.9180 | 1.1232 0.9278 | Time: 2.8463
Epoch: 0011 | TRAIN: 1.8491 0.6980 | 0.4003 1.0000 | 0.5088 0.9979 | Time: 116.9284 | VAL: 1.9328 0.7283 | 0.8929 0.9663 | 0.9483 0.9597 | Time: 2.3834 | TEST: 1.9327 0.7094 | 0.9716 0.9262 | 1.0465 0.9444 | Time: 2.8340
Epoch: 0012 | TRAIN: 1.7245 0.7302 | 0.3671 1.0000 | 0.4458 0.9991 | Time: 116.8262 | VAL: 1.7882 0.7319 | 0.8487 0.9888 | 0.9172 0.9664 | Time: 2.3680 | TEST: 1.7863 0.7248 | 0.9301 0.9262 | 1.0225 0.9389 | Time: 2.8387
Epoch: 0013 | TRAIN: 1.5641 0.7584 | 0.3335 1.0000 | 0.4283 0.9994 | Time: 116.8581 | VAL: 1.6612 0.7464 | 0.8396 0.9775 | 0.8996 0.9597 | Time: 2.4221 | TEST: 1.6629 0.7402 | 0.9185 0.9344 | 1.0020 0.9500 | Time: 2.8782
Epoch: 0014 | TRAIN: 1.4408 0.7791 | 0.3130 1.0000 | 0.3887 0.9994 | Time: 116.4939 | VAL: 1.5638 0.7482 | 0.8045 0.9775 | 0.8411 0.9732 | Time: 2.3705 | TEST: 1.5687 0.7641 | 0.8889 0.9262 | 0.9463 0.9444 | Time: 2.8146
Epoch: 0015 | TRAIN: 1.3518 0.8038 | 0.2947 1.0000 | 0.3615 1.0000 | Time: 116.5692 | VAL: 1.4921 0.7681 | 0.7934 0.9888 | 0.8417 0.9732 | Time: 2.4260 | TEST: 1.4967 0.7624 | 0.8750 0.9344 | 0.9504 0.9500 | Time: 2.8591
Epoch: 0016 | TRAIN: 1.2264 0.8263 | 0.2706 1.0000 | 0.3301 1.0000 | Time: 116.1085 | VAL: 1.4110 0.7880 | 0.7667 0.9888 | 0.8108 0.9732 | Time: 2.4114 | TEST: 1.4183 0.7726 | 0.8428 0.9344 | 0.9127 0.9500 | Time: 2.8648
Epoch: 0017 | TRAIN: 1.1332 0.8495 | 0.2548 1.0000 | 0.3103 1.0000 | Time: 116.0821 | VAL: 1.3489 0.7862 | 0.7483 0.9888 | 0.7870 0.9732 | Time: 2.3872 | TEST: 1.3589 0.7846 | 0.8300 0.9344 | 0.8938 0.9611 | Time: 2.8413
Epoch: 0018 | TRAIN: 1.0532 0.8648 | 0.2339 1.0000 | 0.2900 1.0000 | Time: 116.1396 | VAL: 1.2973 0.7862 | 0.7212 0.9888 | 0.7677 0.9732 | Time: 2.3950 | TEST: 1.3099 0.7932 | 0.8102 0.9262 | 0.8679 0.9556 | Time: 2.8115
Epoch: 0019 | TRAIN: 0.9889 0.8759 | 0.2177 1.0000 | 0.2692 1.0000 | Time: 116.5172 | VAL: 1.2603 0.8007 | 0.6954 0.9888 | 0.7361 0.9732 | Time: 2.3811 | TEST: 1.2698 0.7949 | 0.7884 0.9426 | 0.8401 0.9556 | Time: 2.8256
Epoch: 0020 | TRAIN: 0.9423 0.8828 | 0.2010 1.0000 | 0.2504 1.0000 | Time: 116.0313 | VAL: 1.2343 0.8098 | 0.6606 0.9888 | 0.7018 0.9732 | Time: 2.3843 | TEST: 1.2427 0.7983 | 0.7553 0.9344 | 0.8014 0.9611 | Time: 2.8253
Epoch: 0021 | TRAIN: 0.8888 0.8993 | 0.1872 1.0000 | 0.2342 1.0000 | Time: 116.4913 | VAL: 1.2051 0.8098 | 0.6444 0.9888 | 0.6936 0.9732 | Time: 2.3811 | TEST: 1.2156 0.8068 | 0.7395 0.9344 | 0.7920 0.9611 | Time: 2.7993
Epoch: 0022 | TRAIN: 0.8451 0.9069 | 0.1718 1.0000 | 0.2136 1.0000 | Time: 116.5061 | VAL: 1.1835 0.8152 | 0.6196 0.9888 | 0.6718 0.9732 | Time: 2.3655 | TEST: 1.1943 0.8171 | 0.7214 0.9426 | 0.7730 0.9611 | Time: 2.8456
Epoch: 0023 | TRAIN: 0.8021 0.9156 | 0.1601 1.0000 | 0.1937 1.0000 | Time: 116.1547 | VAL: 1.1624 0.8188 | 0.6187 1.0000 | 0.6612 0.9732 | Time: 2.4102 | TEST: 1.1721 0.8205 | 0.7189 0.9344 | 0.7611 0.9611 | Time: 2.8549
Epoch: 0024 | TRAIN: 0.7543 0.9270 | 0.1508 1.0000 | 0.1889 1.0000 | Time: 116.7376 | VAL: 1.1278 0.8279 | 0.5984 1.0000 | 0.6443 0.9732 | Time: 2.3814 | TEST: 1.1403 0.8222 | 0.6970 0.9508 | 0.7414 0.9611 | Time: 2.8308
Epoch: 0025 | TRAIN: 0.7262 0.9294 | 0.1392 1.0000 | 0.1723 1.0000 | Time: 116.1112 | VAL: 1.1085 0.8279 | 0.5866 0.9888 | 0.6190 0.9799 | Time: 2.3662 | TEST: 1.1229 0.8222 | 0.6829 0.9426 | 0.7234 0.9611 | Time: 2.8385
Epoch: 0026 | TRAIN: 0.6825 0.9360 | 0.1318 1.0000 | 0.1629 1.0000 | Time: 116.2151 | VAL: 1.1057 0.8279 | 0.5803 1.0000 | 0.6101 0.9732 | Time: 2.3835 | TEST: 1.1173 0.8188 | 0.6814 0.9262 | 0.7015 0.9556 | Time: 2.8049
Epoch: 0027 | TRAIN: 0.6486 0.9444 | 0.1197 1.0000 | 0.1563 1.0000 | Time: 116.4393 | VAL: 1.0844 0.8297 | 0.5593 1.0000 | 0.5962 0.9732 | Time: 2.3716 | TEST: 1.0992 0.8222 | 0.6599 0.9426 | 0.6931 0.9500 | Time: 2.8256
Epoch: 0028 | TRAIN: 0.6208 0.9471 | 0.1147 1.0000 | 0.1453 1.0000 | Time: 116.5506 | VAL: 1.0636 0.8297 | 0.5521 1.0000 | 0.5817 0.9732 | Time: 2.3919 | TEST: 1.0804 0.8222 | 0.6463 0.9426 | 0.6856 0.9556 | Time: 2.8477
Epoch: 0029 | TRAIN: 0.5848 0.9519 | 0.1060 1.0000 | 0.1335 1.0000 | Time: 116.4435 | VAL: 1.0595 0.8406 | 0.5355 1.0000 | 0.5795 0.9732 | Time: 2.4188 | TEST: 1.0762 0.8222 | 0.6363 0.9426 | 0.6746 0.9500 | Time: 2.8693
Epoch: 0030 | TRAIN: 0.5715 0.9564 | 0.1008 1.0000 | 0.1262 1.0000 | Time: 116.5051 | VAL: 1.0437 0.8370 | 0.5210 1.0000 | 0.5559 0.9732 | Time: 2.3667 | TEST: 1.0570 0.8256 | 0.6265 0.9426 | 0.6457 0.9556 | Time: 2.8005
Epoch: 0031 | TRAIN: 0.5449 0.9615 | 0.0937 1.0000 | 0.1192 1.0000 | Time: 116.6497 | VAL: 1.0372 0.8370 | 0.5183 1.0000 | 0.5419 0.9732 | Time: 2.3793 | TEST: 1.0553 0.8274 | 0.6228 0.9508 | 0.6399 0.9556 | Time: 2.8149
Epoch: 0032 | TRAIN: 0.5186 0.9645 | 0.0898 1.0000 | 0.1148 1.0000 | Time: 116.1198 | VAL: 1.0230 0.8406 | 0.5169 1.0000 | 0.5518 0.9732 | Time: 2.3737 | TEST: 1.0412 0.8291 | 0.6145 0.9508 | 0.6415 0.9611 | Time: 2.8269
Epoch: 0033 | TRAIN: 0.5006 0.9651 | 0.0861 1.0000 | 0.1099 1.0000 | Time: 115.9228 | VAL: 1.0010 0.8406 | 0.5044 0.9888 | 0.5193 0.9732 | Time: 2.3959 | TEST: 1.0217 0.8325 | 0.6088 0.9426 | 0.6159 0.9667 | Time: 2.8556
Epoch: 0034 | TRAIN: 0.4739 0.9709 | 0.0777 1.0000 | 0.1048 1.0000 | Time: 116.2856 | VAL: 1.0066 0.8388 | 0.4972 0.9888 | 0.5208 0.9732 | Time: 2.3945 | TEST: 1.0259 0.8256 | 0.6016 0.9426 | 0.6153 0.9556 | Time: 2.8578
Epoch: 0035 | TRAIN: 0.4462 0.9745 | 0.0735 1.0000 | 0.0963 1.0000 | Time: 116.0357 | VAL: 0.9912 0.8388 | 0.4860 1.0000 | 0.5112 0.9732 | Time: 2.3639 | TEST: 1.0075 0.8291 | 0.5868 0.9426 | 0.6000 0.9556 | Time: 2.8194
Epoch: 0036 | TRAIN: 0.4365 0.9763 | 0.0729 1.0000 | 0.0942 1.0000 | Time: 115.8969 | VAL: 0.9728 0.8424 | 0.4783 1.0000 | 0.5011 0.9732 | Time: 2.3718 | TEST: 0.9916 0.8342 | 0.5827 0.9508 | 0.5876 0.9611 | Time: 2.8087
Epoch: 0037 | TRAIN: 0.4076 0.9790 | 0.0709 1.0000 | 0.0881 1.0000 | Time: 116.4992 | VAL: 0.9769 0.8424 | 0.4849 1.0000 | 0.4946 0.9732 | Time: 2.4197 | TEST: 0.9941 0.8291 | 0.5884 0.9508 | 0.5831 0.9667 | Time: 2.8705
Epoch: 0038 | TRAIN: 0.3831 0.9808 | 0.0657 1.0000 | 0.0827 1.0000 | Time: 116.2462 | VAL: 0.9706 0.8442 | 0.4791 1.0000 | 0.4815 0.9732 | Time: 2.3872 | TEST: 0.9891 0.8308 | 0.5846 0.9426 | 0.5694 0.9611 | Time: 2.8424
Epoch: 0039 | TRAIN: 0.3731 0.9850 | 0.0623 1.0000 | 0.0797 1.0000 | Time: 116.1164 | VAL: 0.9542 0.8514 | 0.4709 1.0000 | 0.4786 0.9732 | Time: 2.4096 | TEST: 0.9698 0.8308 | 0.5789 0.9508 | 0.5704 0.9556 | Time: 2.8677
Epoch: 0040 | TRAIN: 0.3611 0.9859 | 0.0618 1.0000 | 0.0742 1.0000 | Time: 116.2394 | VAL: 0.9426 0.8569 | 0.4652 1.0000 | 0.4628 0.9732 | Time: 2.4126 | TEST: 0.9604 0.8308 | 0.5647 0.9508 | 0.5562 0.9722 | Time: 2.8557
Epoch: 0041 | TRAIN: 0.3361 0.9862 | 0.0597 1.0000 | 0.0734 1.0000 | Time: 116.1688 | VAL: 0.9369 0.8514 | 0.4660 1.0000 | 0.4570 0.9732 | Time: 2.4043 | TEST: 0.9563 0.8274 | 0.5681 0.9508 | 0.5482 0.9556 | Time: 2.8559
Epoch: 0042 | TRAIN: 0.3156 0.9895 | 0.0562 1.0000 | 0.0695 1.0000 | Time: 116.5050 | VAL: 0.9245 0.8551 | 0.4519 1.0000 | 0.4560 0.9732 | Time: 2.3956 | TEST: 0.9452 0.8325 | 0.5621 0.9508 | 0.5431 0.9556 | Time: 2.8731
Epoch: 0043 | TRAIN: 0.3070 0.9922 | 0.0539 1.0000 | 0.0628 1.0000 | Time: 116.1335 | VAL: 0.9219 0.8478 | 0.4546 1.0000 | 0.4479 0.9732 | Time: 2.4137 | TEST: 0.9410 0.8308 | 0.5613 0.9590 | 0.5400 0.9611 | Time: 2.8388
Epoch: 0044 | TRAIN: 0.2979 0.9928 | 0.0524 1.0000 | 0.0606 1.0000 | Time: 116.0094 | VAL: 0.9150 0.8496 | 0.4478 1.0000 | 0.4344 0.9732 | Time: 2.4122 | TEST: 0.9386 0.8308 | 0.5478 0.9590 | 0.5227 0.9611 | Time: 2.8450
Epoch: 0045 | TRAIN: 0.2812 0.9937 | 0.0494 1.0000 | 0.0617 1.0000 | Time: 116.6052 | VAL: 0.9015 0.8496 | 0.4536 1.0000 | 0.4244 0.9732 | Time: 2.4107 | TEST: 0.9231 0.8342 | 0.5519 0.9590 | 0.5151 0.9556 | Time: 2.8534
Epoch: 0046 | TRAIN: 0.2739 0.9922 | 0.0488 1.0000 | 0.0578 1.0000 | Time: 116.2551 | VAL: 0.9042 0.8569 | 0.4463 1.0000 | 0.4229 0.9732 | Time: 2.3563 | TEST: 0.9287 0.8291 | 0.5480 0.9590 | 0.5177 0.9667 | Time: 2.8380
Epoch: 0047 | TRAIN: 0.2575 0.9943 | 0.0465 1.0000 | 0.0544 1.0000 | Time: 116.3114 | VAL: 0.8967 0.8496 | 0.4318 1.0000 | 0.4245 0.9732 | Time: 2.4073 | TEST: 0.9173 0.8308 | 0.5417 0.9590 | 0.5087 0.9556 | Time: 2.8646
Epoch: 0048 | TRAIN: 0.2424 0.9943 | 0.0448 1.0000 | 0.0541 1.0000 | Time: 116.4078 | VAL: 0.8922 0.8587 | 0.4368 1.0000 | 0.4178 0.9732 | Time: 2.3810 | TEST: 0.9140 0.8308 | 0.5431 0.9590 | 0.5119 0.9611 | Time: 2.8249
Epoch: 0049 | TRAIN: 0.2242 0.9973 | 0.0434 1.0000 | 0.0499 1.0000 | Time: 116.8400 | VAL: 0.8645 0.8569 | 0.4394 1.0000 | 0.4052 0.9799 | Time: 2.4145 | TEST: 0.8865 0.8274 | 0.5394 0.9590 | 0.4948 0.9667 | Time: 2.8456
Epoch: 0050 | TRAIN: 0.2080 0.9976 | 0.0427 1.0000 | 0.0498 1.0000 | Time: 117.0207 | VAL: 0.8666 0.8533 | 0.4452 1.0000 | 0.4105 0.9732 | Time: 2.4267 | TEST: 0.8861 0.8256 | 0.5480 0.9508 | 0.4986 0.9556 | Time: 2.8835
Epoch: 0051 | TRAIN: 0.1976 0.9982 | 0.0415 1.0000 | 0.0479 1.0000 | Time: 116.7363 | VAL: 0.8630 0.8605 | 0.4401 1.0000 | 0.4186 0.9732 | Time: 2.4116 | TEST: 0.8903 0.8325 | 0.5518 0.9590 | 0.5024 0.9611 | Time: 2.8741
Epoch: 0052 | TRAIN: 0.1859 0.9997 | 0.0385 1.0000 | 0.0451 1.0000 | Time: 116.7566 | VAL: 0.8424 0.8623 | 0.4494 1.0000 | 0.4061 0.9799 | Time: 2.4259 | TEST: 0.8646 0.8342 | 0.5528 0.9590 | 0.4916 0.9611 | Time: 2.8581
Epoch: 0053 | TRAIN: 0.1764 0.9991 | 0.0378 1.0000 | 0.0429 1.0000 | Time: 116.3791 | VAL: 0.8439 0.8641 | 0.4396 1.0000 | 0.4011 0.9732 | Time: 2.4240 | TEST: 0.8698 0.8342 | 0.5426 0.9590 | 0.4918 0.9556 | Time: 2.8864
Epoch: 0054 | TRAIN: 0.1637 0.9988 | 0.0376 1.0000 | 0.0429 1.0000 | Time: 116.6056 | VAL: 0.8404 0.8587 | 0.4351 1.0000 | 0.3971 0.9732 | Time: 2.4076 | TEST: 0.8631 0.8325 | 0.5394 0.9590 | 0.4836 0.9611 | Time: 2.8636
Epoch: 0055 | TRAIN: 0.1594 0.9994 | 0.0358 1.0000 | 0.0402 1.0000 | Time: 117.1624 | VAL: 0.8347 0.8569 | 0.4312 1.0000 | 0.3953 0.9732 | Time: 2.3899 | TEST: 0.8593 0.8256 | 0.5419 0.9508 | 0.4896 0.9667 | Time: 2.8429
Epoch: 0056 | TRAIN: 0.1474 0.9994 | 0.0350 1.0000 | 0.0419 1.0000 | Time: 116.5421 | VAL: 0.8160 0.8587 | 0.4362 1.0000 | 0.3898 0.9732 | Time: 2.4027 | TEST: 0.8399 0.8274 | 0.5382 0.9508 | 0.4845 0.9611 | Time: 2.8581
Epoch: 0057 | TRAIN: 0.1372 0.9997 | 0.0340 1.0000 | 0.0379 1.0000 | Time: 116.3678 | VAL: 0.8252 0.8605 | 0.4260 1.0000 | 0.3893 0.9732 | Time: 2.4044 | TEST: 0.8491 0.8188 | 0.5332 0.9508 | 0.4792 0.9611 | Time: 2.8622
Epoch: 0058 | TRAIN: 0.1331 1.0000 | 0.0337 1.0000 | 0.0362 1.0000 | Time: 116.6321 | VAL: 0.8079 0.8605 | 0.4259 1.0000 | 0.3779 0.9732 | Time: 2.3903 | TEST: 0.8335 0.8274 | 0.5306 0.9590 | 0.4674 0.9667 | Time: 2.8291
Epoch: 0059 | TRAIN: 0.1224 0.9997 | 0.0326 1.0000 | 0.0362 1.0000 | Time: 116.8019 | VAL: 0.8084 0.8587 | 0.4246 1.0000 | 0.3905 0.9732 | Time: 2.3829 | TEST: 0.8339 0.8308 | 0.5329 0.9590 | 0.4826 0.9611 | Time: 2.8048
Epoch: 0060 | TRAIN: 0.1123 1.0000 | 0.0303 1.0000 | 0.0352 1.0000 | Time: 116.9336 | VAL: 0.7957 0.8605 | 0.4346 1.0000 | 0.3854 0.9799 | Time: 2.3980 | TEST: 0.8217 0.8274 | 0.5386 0.9590 | 0.4804 0.9667 | Time: 2.8419
Epoch: 0061 | TRAIN: 0.1041 1.0000 | 0.0303 1.0000 | 0.0354 1.0000 | Time: 116.7207 | VAL: 0.7961 0.8605 | 0.4277 1.0000 | 0.3841 0.9732 | Time: 2.3954 | TEST: 0.8230 0.8359 | 0.5349 0.9508 | 0.4732 0.9556 | Time: 2.8268
Epoch: 0062 | TRAIN: 0.1032 1.0000 | 0.0304 1.0000 | 0.0328 1.0000 | Time: 116.8943 | VAL: 0.7771 0.8605 | 0.4294 1.0000 | 0.3748 0.9799 | Time: 2.3944 | TEST: 0.8042 0.8256 | 0.5314 0.9508 | 0.4698 0.9667 | Time: 2.8469
Epoch: 0063 | TRAIN: 0.0960 1.0000 | 0.0277 1.0000 | 0.0317 1.0000 | Time: 116.6390 | VAL: 0.7711 0.8605 | 0.4157 1.0000 | 0.3802 0.9732 | Time: 2.3970 | TEST: 0.7972 0.8256 | 0.5208 0.9590 | 0.4698 0.9556 | Time: 2.8414
Epoch: 0064 | TRAIN: 0.0866 1.0000 | 0.0274 1.0000 | 0.0311 1.0000 | Time: 116.8396 | VAL: 0.7741 0.8605 | 0.4292 1.0000 | 0.3843 0.9732 | Time: 2.3957 | TEST: 0.8023 0.8239 | 0.5346 0.9508 | 0.4722 0.9444 | Time: 2.8311
Epoch: 0065 | TRAIN: 0.0848 1.0000 | 0.0259 1.0000 | 0.0306 1.0000 | Time: 117.2487 | VAL: 0.7601 0.8587 | 0.4339 1.0000 | 0.3779 0.9732 | Time: 2.3935 | TEST: 0.7898 0.8291 | 0.5393 0.9508 | 0.4674 0.9500 | Time: 2.8380
Epoch: 0066 | TRAIN: 0.0772 1.0000 | 0.0254 1.0000 | 0.0292 1.0000 | Time: 116.6473 | VAL: 0.7583 0.8587 | 0.4242 1.0000 | 0.3752 0.9732 | Time: 2.3872 | TEST: 0.7864 0.8274 | 0.5377 0.9508 | 0.4638 0.9500 | Time: 2.8108
Epoch: 0067 | TRAIN: 0.0753 1.0000 | 0.0254 1.0000 | 0.0282 1.0000 | Time: 116.4926 | VAL: 0.7600 0.8641 | 0.4283 1.0000 | 0.3755 0.9799 | Time: 2.4186 | TEST: 0.7849 0.8239 | 0.5273 0.9590 | 0.4626 0.9611 | Time: 2.8274
Epoch: 0068 | TRAIN: 0.0704 1.0000 | 0.0244 1.0000 | 0.0265 1.0000 | Time: 116.9076 | VAL: 0.7496 0.8605 | 0.4195 1.0000 | 0.3700 0.9732 | Time: 2.3832 | TEST: 0.7777 0.8274 | 0.5232 0.9508 | 0.4603 0.9556 | Time: 2.8084
Epoch: 0069 | TRAIN: 0.0680 1.0000 | 0.0229 1.0000 | 0.0276 1.0000 | Time: 117.0973 | VAL: 0.7436 0.8641 | 0.4168 1.0000 | 0.3575 0.9732 | Time: 2.3924 | TEST: 0.7699 0.8308 | 0.5160 0.9508 | 0.4510 0.9444 | Time: 2.8419
Epoch: 0070 | TRAIN: 0.0657 1.0000 | 0.0239 1.0000 | 0.0255 1.0000 | Time: 116.8576 | VAL: 0.7362 0.8587 | 0.4124 1.0000 | 0.3561 0.9799 | Time: 2.4085 | TEST: 0.7634 0.8291 | 0.5081 0.9590 | 0.4516 0.9556 | Time: 2.8567
Epoch: 0071 | TRAIN: 0.0618 1.0000 | 0.0216 1.0000 | 0.0258 1.0000 | Time: 117.2791 | VAL: 0.7391 0.8659 | 0.4167 1.0000 | 0.3544 0.9732 | Time: 2.3889 | TEST: 0.7682 0.8274 | 0.5206 0.9508 | 0.4420 0.9611 | Time: 2.8359
Epoch: 0072 | TRAIN: 0.0594 1.0000 | 0.0224 1.0000 | 0.0244 1.0000 | Time: 116.8429 | VAL: 0.7345 0.8623 | 0.4176 1.0000 | 0.3559 0.9799 | Time: 2.4098 | TEST: 0.7626 0.8291 | 0.5146 0.9508 | 0.4494 0.9611 | Time: 2.8390
Epoch: 0073 | TRAIN: 0.0570 1.0000 | 0.0212 1.0000 | 0.0233 1.0000 | Time: 116.8243 | VAL: 0.7328 0.8641 | 0.4037 1.0000 | 0.3515 0.9732 | Time: 2.4100 | TEST: 0.7609 0.8291 | 0.5099 0.9426 | 0.4410 0.9556 | Time: 2.8506
Epoch: 0074 | TRAIN: 0.0518 1.0000 | 0.0205 1.0000 | 0.0236 1.0000 | Time: 117.0692 | VAL: 0.7223 0.8623 | 0.4156 1.0000 | 0.3578 0.9866 | Time: 2.3854 | TEST: 0.7544 0.8308 | 0.5183 0.9590 | 0.4529 0.9611 | Time: 2.8305
Epoch: 0075 | TRAIN: 0.0502 1.0000 | 0.0196 1.0000 | 0.0228 1.0000 | Time: 116.6126 | VAL: 0.7167 0.8587 | 0.4113 1.0000 | 0.3572 0.9732 | Time: 2.3864 | TEST: 0.7457 0.8291 | 0.5164 0.9508 | 0.4471 0.9444 | Time: 2.8421
Epoch: 0076 | TRAIN: 0.0467 1.0000 | 0.0192 1.0000 | 0.0222 1.0000 | Time: 117.3647 | VAL: 0.7163 0.8587 | 0.4279 0.9888 | 0.3459 0.9799 | Time: 2.3808 | TEST: 0.7465 0.8308 | 0.5258 0.9508 | 0.4363 0.9611 | Time: 2.8189
Epoch: 0077 | TRAIN: 0.0461 1.0000 | 0.0189 1.0000 | 0.0217 1.0000 | Time: 117.2417 | VAL: 0.7128 0.8623 | 0.4050 1.0000 | 0.3444 0.9799 | Time: 2.3734 | TEST: 0.7398 0.8274 | 0.5078 0.9508 | 0.4358 0.9556 | Time: 2.8222
Epoch: 0078 | TRAIN: 0.0430 1.0000 | 0.0188 1.0000 | 0.0204 1.0000 | Time: 117.3630 | VAL: 0.7108 0.8623 | 0.4038 1.0000 | 0.3496 0.9732 | Time: 2.3807 | TEST: 0.7374 0.8222 | 0.5058 0.9508 | 0.4373 0.9500 | Time: 2.8434
Epoch: 0079 | TRAIN: 0.0423 1.0000 | 0.0179 1.0000 | 0.0200 1.0000 | Time: 117.1717 | VAL: 0.7057 0.8659 | 0.4045 1.0000 | 0.3390 0.9799 | Time: 2.4112 | TEST: 0.7373 0.8342 | 0.5041 0.9590 | 0.4318 0.9556 | Time: 2.8689
Epoch: 0080 | TRAIN: 0.0403 1.0000 | 0.0176 1.0000 | 0.0201 1.0000 | Time: 116.6885 | VAL: 0.7046 0.8641 | 0.4144 1.0000 | 0.3443 0.9732 | Time: 2.3906 | TEST: 0.7350 0.8308 | 0.5113 0.9590 | 0.4344 0.9556 | Time: 2.8496
Epoch: 0081 | TRAIN: 0.0394 1.0000 | 0.0167 1.0000 | 0.0187 1.0000 | Time: 116.8970 | VAL: 0.7074 0.8623 | 0.4036 1.0000 | 0.3431 0.9799 | Time: 2.4092 | TEST: 0.7374 0.8274 | 0.5083 0.9508 | 0.4322 0.9611 | Time: 2.8388
Epoch: 0082 | TRAIN: 0.0364 1.0000 | 0.0173 1.0000 | 0.0181 1.0000 | Time: 116.6597 | VAL: 0.6941 0.8659 | 0.4010 1.0000 | 0.3347 0.9799 | Time: 2.3838 | TEST: 0.7249 0.8274 | 0.5034 0.9590 | 0.4283 0.9667 | Time: 2.8257
Epoch: 0083 | TRAIN: 0.0357 1.0000 | 0.0165 1.0000 | 0.0176 1.0000 | Time: 116.7223 | VAL: 0.6962 0.8623 | 0.4056 1.0000 | 0.3380 0.9799 | Time: 2.4089 | TEST: 0.7301 0.8274 | 0.5065 0.9508 | 0.4295 0.9556 | Time: 2.8546
Epoch: 0084 | TRAIN: 0.0340 1.0000 | 0.0154 1.0000 | 0.0174 1.0000 | Time: 116.6729 | VAL: 0.6896 0.8623 | 0.4062 1.0000 | 0.3386 0.9799 | Time: 2.3854 | TEST: 0.7216 0.8308 | 0.5104 0.9508 | 0.4356 0.9556 | Time: 2.8429
Epoch: 0085 | TRAIN: 0.0332 1.0000 | 0.0145 1.0000 | 0.0174 1.0000 | Time: 117.0590 | VAL: 0.6874 0.8623 | 0.3987 1.0000 | 0.3340 0.9866 | Time: 2.3702 | TEST: 0.7183 0.8359 | 0.5020 0.9590 | 0.4235 0.9611 | Time: 2.8375
Epoch: 0086 | TRAIN: 0.0316 1.0000 | 0.0150 1.0000 | 0.0158 1.0000 | Time: 116.7970 | VAL: 0.6912 0.8623 | 0.3993 1.0000 | 0.3355 0.9799 | Time: 2.3774 | TEST: 0.7195 0.8308 | 0.5039 0.9426 | 0.4268 0.9556 | Time: 2.8322
Epoch: 0087 | TRAIN: 0.0304 1.0000 | 0.0144 1.0000 | 0.0157 1.0000 | Time: 117.0820 | VAL: 0.6905 0.8659 | 0.3979 1.0000 | 0.3283 0.9799 | Time: 2.4339 | TEST: 0.7190 0.8274 | 0.4990 0.9590 | 0.4159 0.9556 | Time: 2.8767
Epoch: 0088 | TRAIN: 0.0308 1.0000 | 0.0147 1.0000 | 0.0154 1.0000 | Time: 117.3318 | VAL: 0.6860 0.8623 | 0.3936 1.0000 | 0.3448 0.9732 | Time: 2.4050 | TEST: 0.7178 0.8256 | 0.5001 0.9672 | 0.4270 0.9556 | Time: 2.8343
Epoch: 0089 | TRAIN: 0.0290 1.0000 | 0.0134 1.0000 | 0.0154 1.0000 | Time: 117.1406 | VAL: 0.6816 0.8659 | 0.3962 0.9888 | 0.3250 0.9799 | Time: 2.3777 | TEST: 0.7140 0.8308 | 0.5019 0.9508 | 0.4123 0.9556 | Time: 2.8578
Epoch: 0090 | TRAIN: 0.0280 1.0000 | 0.0128 1.0000 | 0.0145 1.0000 | Time: 116.7931 | VAL: 0.6782 0.8605 | 0.3930 1.0000 | 0.3268 0.9799 | Time: 2.3908 | TEST: 0.7122 0.8308 | 0.4934 0.9508 | 0.4203 0.9556 | Time: 2.8502
Epoch: 0091 | TRAIN: 0.0289 1.0000 | 0.0124 1.0000 | 0.0145 1.0000 | Time: 116.5465 | VAL: 0.6689 0.8659 | 0.3875 1.0000 | 0.3255 0.9799 | Time: 2.4116 | TEST: 0.7008 0.8308 | 0.4853 0.9672 | 0.4226 0.9389 | Time: 2.8501
Epoch: 0092 | TRAIN: 0.0251 1.0000 | 0.0125 1.0000 | 0.0144 1.0000 | Time: 116.9741 | VAL: 0.6758 0.8641 | 0.3883 1.0000 | 0.3212 0.9866 | Time: 2.3975 | TEST: 0.7066 0.8308 | 0.4912 0.9508 | 0.4183 0.9611 | Time: 2.8487
Epoch: 0093 | TRAIN: 0.0243 1.0000 | 0.0123 1.0000 | 0.0136 1.0000 | Time: 116.9492 | VAL: 0.6679 0.8659 | 0.3853 1.0000 | 0.3214 0.9799 | Time: 2.4167 | TEST: 0.6997 0.8359 | 0.4896 0.9590 | 0.4129 0.9611 | Time: 2.8632
Epoch: 0094 | TRAIN: 0.0251 1.0000 | 0.0115 1.0000 | 0.0129 1.0000 | Time: 117.0259 | VAL: 0.6769 0.8605 | 0.3920 1.0000 | 0.3105 0.9799 | Time: 2.3761 | TEST: 0.7023 0.8325 | 0.4898 0.9590 | 0.4026 0.9556 | Time: 2.8227
Epoch: 0095 | TRAIN: 0.0234 1.0000 | 0.0115 1.0000 | 0.0129 1.0000 | Time: 116.8466 | VAL: 0.6655 0.8641 | 0.3881 1.0000 | 0.3245 0.9799 | Time: 2.3828 | TEST: 0.6967 0.8291 | 0.4953 0.9590 | 0.4159 0.9500 | Time: 2.8633
Epoch: 0096 | TRAIN: 0.0219 1.0000 | 0.0111 1.0000 | 0.0119 1.0000 | Time: 116.4446 | VAL: 0.6668 0.8623 | 0.3860 1.0000 | 0.3170 0.9799 | Time: 2.3907 | TEST: 0.7012 0.8325 | 0.4925 0.9508 | 0.4117 0.9556 | Time: 2.8719
Epoch: 0097 | TRAIN: 0.0222 1.0000 | 0.0104 1.0000 | 0.0116 1.0000 | Time: 116.9398 | VAL: 0.6627 0.8623 | 0.3826 1.0000 | 0.3124 0.9799 | Time: 2.3870 | TEST: 0.6917 0.8325 | 0.4873 0.9590 | 0.4012 0.9500 | Time: 2.8235
Epoch: 0098 | TRAIN: 0.0211 1.0000 | 0.0107 1.0000 | 0.0119 1.0000 | Time: 116.9074 | VAL: 0.6675 0.8641 | 0.3750 1.0000 | 0.3043 0.9732 | Time: 2.4083 | TEST: 0.6999 0.8239 | 0.4716 0.9590 | 0.3986 0.9389 | Time: 2.8597
Epoch: 0099 | TRAIN: 0.0200 1.0000 | 0.0098 1.0000 | 0.0115 1.0000 | Time: 116.5599 | VAL: 0.6607 0.8641 | 0.3775 1.0000 | 0.3084 0.9799 | Time: 2.4019 | TEST: 0.6914 0.8342 | 0.4836 0.9508 | 0.4012 0.9500 | Time: 2.8756
========================================
Best Result: Epoch 92, result {'amazon': [0.8307692307692308], 'dslr': [0.9508196721311475], 'webcam': [0.9611111111111111]}
========================================
