========================================
General Configuration:
	Wighting: MoDo
	Architecture: HPS
	Rep_Grad: False
	Multi_Input: True
	Seed: 0
	Device: cuda:0
MoDo Configuration:
	weighting: MoDo
	gamma_modo: 0.01
	rho_modo: 1.0
	modo_gn: none
Optimizer Configuration:
	optim: adam
	lr: 1e-05
	weight_decay: 1e-05
========================================
Total Params: 11487901
Trainable Params: 11487901
Non-trainable Params: 0
========================================
LOG FORMAT | amazon_LOSS Acc | dslr_LOSS Acc | webcam_LOSS Acc | TIME
Epoch: 0000 | TRAIN: 3.3030 0.1118 | 3.1150 0.1635 | 3.1963 0.1469 | Time: 117.1710 | VAL: 2.9859 0.2880 | 2.8670 0.3371 | 2.9368 0.3221 | Time: 2.4229 | TEST: 2.9497 0.3179 | 2.8756 0.3689 | 2.9423 0.3222 | Time: 2.8710
Epoch: 0001 | TRAIN: 2.7259 0.3564 | 2.3610 0.5643 | 2.4872 0.4802 | Time: 116.9821 | VAL: 2.5536 0.5236 | 2.3499 0.6404 | 2.4147 0.5973 | Time: 2.4092 | TEST: 2.5212 0.5419 | 2.3598 0.6557 | 2.4449 0.6333 | Time: 2.8484
Epoch: 0002 | TRAIN: 2.3432 0.5343 | 1.7740 0.8438 | 1.9643 0.7248 | Time: 116.6836 | VAL: 2.2621 0.6196 | 1.9145 0.8427 | 2.0608 0.7517 | Time: 2.4911 | TEST: 2.2366 0.6376 | 1.9443 0.7869 | 2.1070 0.7722 | Time: 2.8661
Epoch: 0003 | TRAIN: 2.0767 0.6331 | 1.2874 0.9675 | 1.5874 0.8591 | Time: 117.0162 | VAL: 2.0609 0.6957 | 1.6033 0.8876 | 1.8023 0.8255 | Time: 2.3630 | TEST: 2.0430 0.6872 | 1.6480 0.8361 | 1.8614 0.8333 | Time: 2.8135
Epoch: 0004 | TRAIN: 1.8652 0.7025 | 0.9803 0.9910 | 1.3044 0.9312 | Time: 116.5564 | VAL: 1.9146 0.7337 | 1.3783 0.8989 | 1.5863 0.8658 | Time: 2.4112 | TEST: 1.9021 0.7094 | 1.4244 0.8852 | 1.6539 0.8722 | Time: 2.8797
Epoch: 0005 | TRAIN: 1.7162 0.7461 | 0.7356 0.9970 | 1.0809 0.9618 | Time: 116.7689 | VAL: 1.8039 0.7373 | 1.1717 0.9326 | 1.4457 0.9195 | Time: 2.4171 | TEST: 1.7961 0.7333 | 1.2466 0.9180 | 1.5226 0.9111 | Time: 2.8629
Epoch: 0006 | TRAIN: 1.6006 0.7566 | 0.5596 0.9997 | 0.9038 0.9823 | Time: 116.6286 | VAL: 1.7365 0.7536 | 1.0380 0.9663 | 1.3244 0.9195 | Time: 2.3794 | TEST: 1.7323 0.7402 | 1.1171 0.9262 | 1.4084 0.9111 | Time: 2.8568
Epoch: 0007 | TRAIN: 1.4925 0.7891 | 0.4452 1.0000 | 0.7706 0.9940 | Time: 116.6901 | VAL: 1.6419 0.7627 | 0.9198 0.9888 | 1.2101 0.9329 | Time: 2.3882 | TEST: 1.6392 0.7453 | 1.0047 0.9180 | 1.2930 0.9278 | Time: 2.8233
Epoch: 0008 | TRAIN: 1.3932 0.8113 | 0.3570 1.0000 | 0.6691 0.9976 | Time: 116.8044 | VAL: 1.5801 0.7645 | 0.8585 0.9888 | 1.1342 0.9530 | Time: 2.3895 | TEST: 1.5812 0.7692 | 0.9462 0.9262 | 1.2244 0.9389 | Time: 2.8605
Epoch: 0009 | TRAIN: 1.3131 0.8296 | 0.3066 1.0000 | 0.5783 0.9973 | Time: 117.1248 | VAL: 1.5283 0.7736 | 0.7997 0.9888 | 1.0474 0.9597 | Time: 2.3771 | TEST: 1.5251 0.7726 | 0.8842 0.9262 | 1.1424 0.9444 | Time: 2.8226
Epoch: 0010 | TRAIN: 1.2417 0.8410 | 0.2616 1.0000 | 0.4902 0.9994 | Time: 116.5432 | VAL: 1.4921 0.7699 | 0.7636 1.0000 | 0.9949 0.9530 | Time: 2.3938 | TEST: 1.4877 0.7778 | 0.8578 0.9262 | 1.0913 0.9444 | Time: 2.8393
Epoch: 0011 | TRAIN: 1.1568 0.8627 | 0.2329 1.0000 | 0.4245 0.9997 | Time: 116.8635 | VAL: 1.4325 0.7826 | 0.7351 0.9888 | 0.9229 0.9732 | Time: 2.4206 | TEST: 1.4361 0.7897 | 0.8289 0.9344 | 1.0235 0.9556 | Time: 2.8789
Epoch: 0012 | TRAIN: 1.0955 0.8732 | 0.2066 1.0000 | 0.3621 0.9994 | Time: 117.2784 | VAL: 1.3835 0.7917 | 0.7096 0.9888 | 0.8715 0.9732 | Time: 2.3974 | TEST: 1.3877 0.7897 | 0.8054 0.9344 | 0.9760 0.9556 | Time: 2.8453
Epoch: 0013 | TRAIN: 1.0296 0.8861 | 0.1848 1.0000 | 0.3282 1.0000 | Time: 116.7809 | VAL: 1.3383 0.7917 | 0.7038 0.9888 | 0.8380 0.9732 | Time: 2.3986 | TEST: 1.3444 0.8000 | 0.7983 0.9344 | 0.9383 0.9611 | Time: 2.8631
Epoch: 0014 | TRAIN: 0.9656 0.8894 | 0.1722 1.0000 | 0.2858 1.0000 | Time: 116.9213 | VAL: 1.2864 0.8080 | 0.6822 0.9888 | 0.7705 0.9732 | Time: 2.3849 | TEST: 1.2932 0.8051 | 0.7784 0.9344 | 0.8718 0.9611 | Time: 2.8346
Epoch: 0015 | TRAIN: 0.9138 0.8978 | 0.1631 1.0000 | 0.2547 1.0000 | Time: 116.8536 | VAL: 1.2609 0.8116 | 0.6858 1.0000 | 0.7570 0.9732 | Time: 2.4243 | TEST: 1.2674 0.8137 | 0.7750 0.9344 | 0.8626 0.9556 | Time: 2.8779
Epoch: 0016 | TRAIN: 0.8355 0.9117 | 0.1500 1.0000 | 0.2224 1.0000 | Time: 117.0588 | VAL: 1.2208 0.8152 | 0.6761 0.9888 | 0.7191 0.9732 | Time: 2.3759 | TEST: 1.2286 0.8171 | 0.7640 0.9426 | 0.8206 0.9611 | Time: 2.8206
Epoch: 0017 | TRAIN: 0.7711 0.9297 | 0.1427 1.0000 | 0.2025 1.0000 | Time: 116.6066 | VAL: 1.1836 0.8152 | 0.6682 1.0000 | 0.6978 0.9732 | Time: 2.3815 | TEST: 1.1921 0.8222 | 0.7614 0.9344 | 0.7994 0.9667 | Time: 2.8046
Epoch: 0018 | TRAIN: 0.7176 0.9393 | 0.1315 1.0000 | 0.1848 1.0000 | Time: 116.7694 | VAL: 1.1412 0.8207 | 0.6571 1.0000 | 0.6880 0.9732 | Time: 2.4184 | TEST: 1.1535 0.8205 | 0.7599 0.9344 | 0.7873 0.9667 | Time: 2.8550
Epoch: 0019 | TRAIN: 0.6582 0.9474 | 0.1236 1.0000 | 0.1721 1.0000 | Time: 116.8844 | VAL: 1.1154 0.8351 | 0.6499 1.0000 | 0.6649 0.9732 | Time: 2.4099 | TEST: 1.1245 0.8239 | 0.7525 0.9426 | 0.7703 0.9667 | Time: 2.8855
Epoch: 0020 | TRAIN: 0.6147 0.9558 | 0.1164 1.0000 | 0.1606 1.0000 | Time: 116.6907 | VAL: 1.0864 0.8315 | 0.6435 1.0000 | 0.6382 0.9732 | Time: 2.3898 | TEST: 1.0942 0.8274 | 0.7404 0.9426 | 0.7330 0.9667 | Time: 2.8192
Epoch: 0021 | TRAIN: 0.5604 0.9627 | 0.1131 1.0000 | 0.1484 1.0000 | Time: 116.6240 | VAL: 1.0552 0.8333 | 0.6424 1.0000 | 0.6292 0.9732 | Time: 2.3821 | TEST: 1.0659 0.8239 | 0.7416 0.9426 | 0.7280 0.9667 | Time: 2.8288
Epoch: 0022 | TRAIN: 0.5128 0.9657 | 0.1059 1.0000 | 0.1348 1.0000 | Time: 116.7143 | VAL: 1.0344 0.8370 | 0.6379 1.0000 | 0.6238 0.9732 | Time: 2.4272 | TEST: 1.0454 0.8342 | 0.7415 0.9508 | 0.7249 0.9667 | Time: 2.9016
Epoch: 0023 | TRAIN: 0.4653 0.9748 | 0.1009 1.0000 | 0.1241 1.0000 | Time: 116.7226 | VAL: 1.0110 0.8442 | 0.6483 1.0000 | 0.6258 0.9732 | Time: 2.3899 | TEST: 1.0221 0.8291 | 0.7484 0.9426 | 0.7226 0.9667 | Time: 2.8287
Epoch: 0024 | TRAIN: 0.4187 0.9811 | 0.0963 1.0000 | 0.1221 1.0000 | Time: 117.5084 | VAL: 0.9778 0.8514 | 0.6367 1.0000 | 0.6087 0.9732 | Time: 2.3695 | TEST: 0.9946 0.8308 | 0.7363 0.9508 | 0.7064 0.9611 | Time: 2.8254
Epoch: 0025 | TRAIN: 0.3888 0.9817 | 0.0905 1.0000 | 0.1117 1.0000 | Time: 116.6108 | VAL: 0.9597 0.8496 | 0.6409 1.0000 | 0.5887 0.9732 | Time: 2.3869 | TEST: 0.9779 0.8291 | 0.7361 0.9508 | 0.6933 0.9667 | Time: 2.8357
Epoch: 0026 | TRAIN: 0.3510 0.9892 | 0.0875 1.0000 | 0.1057 1.0000 | Time: 116.9388 | VAL: 0.9505 0.8533 | 0.6484 1.0000 | 0.5914 0.9732 | Time: 2.4482 | TEST: 0.9670 0.8325 | 0.7468 0.9426 | 0.6799 0.9611 | Time: 2.8294
Epoch: 0027 | TRAIN: 0.3157 0.9904 | 0.0811 1.0000 | 0.1030 1.0000 | Time: 116.9774 | VAL: 0.9320 0.8514 | 0.6376 1.0000 | 0.5816 0.9732 | Time: 2.3718 | TEST: 0.9529 0.8274 | 0.7378 0.9426 | 0.6756 0.9611 | Time: 2.8227
Epoch: 0028 | TRAIN: 0.2884 0.9955 | 0.0797 1.0000 | 0.0959 1.0000 | Time: 117.0276 | VAL: 0.9146 0.8533 | 0.6455 1.0000 | 0.5714 0.9732 | Time: 2.3822 | TEST: 0.9345 0.8308 | 0.7385 0.9426 | 0.6748 0.9611 | Time: 2.8277
Epoch: 0029 | TRAIN: 0.2584 0.9943 | 0.0749 1.0000 | 0.0891 1.0000 | Time: 117.1016 | VAL: 0.9024 0.8623 | 0.6397 1.0000 | 0.5779 0.9732 | Time: 2.3795 | TEST: 0.9243 0.8325 | 0.7408 0.9426 | 0.6735 0.9556 | Time: 2.8053
Epoch: 0030 | TRAIN: 0.2368 0.9985 | 0.0729 1.0000 | 0.0848 1.0000 | Time: 117.2079 | VAL: 0.8899 0.8551 | 0.6348 1.0000 | 0.5597 0.9732 | Time: 2.4035 | TEST: 0.9073 0.8427 | 0.7390 0.9426 | 0.6518 0.9556 | Time: 2.8696
Epoch: 0031 | TRAIN: 0.2162 0.9991 | 0.0683 1.0000 | 0.0807 1.0000 | Time: 116.8346 | VAL: 0.8781 0.8587 | 0.6414 1.0000 | 0.5531 0.9732 | Time: 2.3644 | TEST: 0.8995 0.8308 | 0.7437 0.9344 | 0.6543 0.9611 | Time: 2.8061
Epoch: 0032 | TRAIN: 0.1972 0.9988 | 0.0664 1.0000 | 0.0785 1.0000 | Time: 116.5798 | VAL: 0.8665 0.8569 | 0.6458 1.0000 | 0.5650 0.9732 | Time: 2.4007 | TEST: 0.8860 0.8376 | 0.7410 0.9508 | 0.6598 0.9556 | Time: 2.8543
Epoch: 0033 | TRAIN: 0.1826 0.9994 | 0.0648 1.0000 | 0.0752 1.0000 | Time: 117.0320 | VAL: 0.8549 0.8569 | 0.6358 1.0000 | 0.5345 0.9732 | Time: 2.3713 | TEST: 0.8794 0.8325 | 0.7357 0.9426 | 0.6347 0.9611 | Time: 2.8929
Epoch: 0034 | TRAIN: 0.1641 1.0000 | 0.0591 1.0000 | 0.0722 1.0000 | Time: 116.8658 | VAL: 0.8518 0.8569 | 0.6306 1.0000 | 0.5391 0.9732 | Time: 2.4231 | TEST: 0.8730 0.8256 | 0.7344 0.9508 | 0.6338 0.9556 | Time: 2.8800
Epoch: 0035 | TRAIN: 0.1493 0.9997 | 0.0565 1.0000 | 0.0657 1.0000 | Time: 116.5089 | VAL: 0.8412 0.8514 | 0.6286 1.0000 | 0.5374 0.9732 | Time: 2.3891 | TEST: 0.8602 0.8359 | 0.7285 0.9426 | 0.6298 0.9444 | Time: 2.8286
Epoch: 0036 | TRAIN: 0.1432 1.0000 | 0.0563 1.0000 | 0.0651 1.0000 | Time: 116.5850 | VAL: 0.8259 0.8641 | 0.6260 1.0000 | 0.5326 0.9732 | Time: 2.3729 | TEST: 0.8442 0.8325 | 0.7247 0.9426 | 0.6210 0.9611 | Time: 2.8225
Epoch: 0037 | TRAIN: 0.1286 1.0000 | 0.0540 1.0000 | 0.0617 1.0000 | Time: 116.7644 | VAL: 0.8266 0.8587 | 0.6283 1.0000 | 0.5320 0.9732 | Time: 2.3601 | TEST: 0.8451 0.8359 | 0.7293 0.9426 | 0.6252 0.9611 | Time: 2.8316
Epoch: 0038 | TRAIN: 0.1182 0.9997 | 0.0499 1.0000 | 0.0585 1.0000 | Time: 116.9816 | VAL: 0.8223 0.8533 | 0.6228 1.0000 | 0.5201 0.9732 | Time: 2.3547 | TEST: 0.8421 0.8274 | 0.7223 0.9508 | 0.6139 0.9611 | Time: 2.8130
Epoch: 0039 | TRAIN: 0.1142 1.0000 | 0.0479 1.0000 | 0.0568 1.0000 | Time: 116.8255 | VAL: 0.8137 0.8587 | 0.6207 1.0000 | 0.5241 0.9732 | Time: 2.4326 | TEST: 0.8320 0.8359 | 0.7261 0.9508 | 0.6207 0.9500 | Time: 2.8872
Epoch: 0040 | TRAIN: 0.1090 1.0000 | 0.0480 1.0000 | 0.0531 1.0000 | Time: 116.7317 | VAL: 0.8039 0.8605 | 0.6154 1.0000 | 0.5064 0.9799 | Time: 2.4219 | TEST: 0.8248 0.8222 | 0.7083 0.9508 | 0.6037 0.9556 | Time: 2.8868
Epoch: 0041 | TRAIN: 0.0993 1.0000 | 0.0463 1.0000 | 0.0531 1.0000 | Time: 116.7109 | VAL: 0.7983 0.8569 | 0.6191 1.0000 | 0.5043 0.9732 | Time: 2.3766 | TEST: 0.8198 0.8325 | 0.7143 0.9426 | 0.6010 0.9444 | Time: 2.8260
Epoch: 0042 | TRAIN: 0.0940 0.9997 | 0.0431 1.0000 | 0.0499 1.0000 | Time: 116.5838 | VAL: 0.7925 0.8623 | 0.6044 1.0000 | 0.5076 0.9732 | Time: 2.4064 | TEST: 0.8127 0.8342 | 0.7116 0.9590 | 0.5986 0.9611 | Time: 2.8674
Epoch: 0043 | TRAIN: 0.0893 1.0000 | 0.0418 1.0000 | 0.0454 1.0000 | Time: 116.7995 | VAL: 0.7875 0.8551 | 0.6066 1.0000 | 0.5041 0.9732 | Time: 2.3813 | TEST: 0.8092 0.8291 | 0.7106 0.9508 | 0.6011 0.9556 | Time: 2.8344
Epoch: 0044 | TRAIN: 0.0854 1.0000 | 0.0405 1.0000 | 0.0445 1.0000 | Time: 116.7194 | VAL: 0.7788 0.8641 | 0.6023 1.0000 | 0.4956 0.9799 | Time: 2.3761 | TEST: 0.8038 0.8291 | 0.6985 0.9508 | 0.5887 0.9556 | Time: 2.8435
Epoch: 0045 | TRAIN: 0.0797 1.0000 | 0.0383 1.0000 | 0.0456 1.0000 | Time: 116.7547 | VAL: 0.7657 0.8623 | 0.6086 1.0000 | 0.4877 0.9799 | Time: 2.3850 | TEST: 0.7907 0.8325 | 0.7062 0.9508 | 0.5856 0.9667 | Time: 2.8291
Epoch: 0046 | TRAIN: 0.0768 1.0000 | 0.0378 1.0000 | 0.0430 1.0000 | Time: 117.1713 | VAL: 0.7743 0.8605 | 0.6024 1.0000 | 0.4878 0.9799 | Time: 2.4730 | TEST: 0.8032 0.8342 | 0.7012 0.9426 | 0.5862 0.9667 | Time: 2.8785
Epoch: 0047 | TRAIN: 0.0723 1.0000 | 0.0360 1.0000 | 0.0407 1.0000 | Time: 117.0319 | VAL: 0.7644 0.8641 | 0.5871 0.9888 | 0.4894 0.9799 | Time: 2.4015 | TEST: 0.7859 0.8308 | 0.6950 0.9344 | 0.5801 0.9611 | Time: 2.8937
Epoch: 0048 | TRAIN: 0.0684 1.0000 | 0.0349 1.0000 | 0.0407 1.0000 | Time: 117.1843 | VAL: 0.7646 0.8659 | 0.5872 1.0000 | 0.4862 0.9732 | Time: 2.3898 | TEST: 0.7896 0.8256 | 0.6901 0.9508 | 0.5835 0.9556 | Time: 2.8397
Epoch: 0049 | TRAIN: 0.0643 1.0000 | 0.0333 1.0000 | 0.0371 1.0000 | Time: 117.3720 | VAL: 0.7457 0.8623 | 0.5907 1.0000 | 0.4708 0.9799 | Time: 2.4431 | TEST: 0.7706 0.8274 | 0.6915 0.9426 | 0.5641 0.9667 | Time: 2.8260
Epoch: 0050 | TRAIN: 0.0612 1.0000 | 0.0328 1.0000 | 0.0372 1.0000 | Time: 116.7394 | VAL: 0.7501 0.8605 | 0.5992 1.0000 | 0.4754 0.9732 | Time: 2.3915 | TEST: 0.7725 0.8291 | 0.6973 0.9426 | 0.5688 0.9611 | Time: 2.8154
Epoch: 0051 | TRAIN: 0.0590 1.0000 | 0.0316 1.0000 | 0.0355 1.0000 | Time: 116.5233 | VAL: 0.7487 0.8659 | 0.5917 1.0000 | 0.4830 0.9664 | Time: 2.3804 | TEST: 0.7791 0.8325 | 0.6953 0.9426 | 0.5699 0.9556 | Time: 2.8240
Epoch: 0052 | TRAIN: 0.0571 1.0000 | 0.0293 1.0000 | 0.0336 1.0000 | Time: 116.7373 | VAL: 0.7339 0.8587 | 0.6017 1.0000 | 0.4726 0.9799 | Time: 2.3811 | TEST: 0.7570 0.8359 | 0.7033 0.9508 | 0.5629 0.9611 | Time: 2.8290
Epoch: 0053 | TRAIN: 0.0549 1.0000 | 0.0288 1.0000 | 0.0320 1.0000 | Time: 116.8656 | VAL: 0.7389 0.8641 | 0.5885 0.9888 | 0.4696 0.9799 | Time: 2.3942 | TEST: 0.7683 0.8342 | 0.6876 0.9590 | 0.5630 0.9611 | Time: 2.8594
Epoch: 0054 | TRAIN: 0.0515 1.0000 | 0.0287 1.0000 | 0.0318 1.0000 | Time: 116.8754 | VAL: 0.7382 0.8623 | 0.5846 1.0000 | 0.4626 0.9732 | Time: 2.3918 | TEST: 0.7604 0.8342 | 0.6830 0.9508 | 0.5543 0.9556 | Time: 2.8090
Epoch: 0055 | TRAIN: 0.0517 1.0000 | 0.0272 1.0000 | 0.0298 1.0000 | Time: 116.6782 | VAL: 0.7399 0.8587 | 0.5820 0.9888 | 0.4640 0.9664 | Time: 2.3862 | TEST: 0.7644 0.8291 | 0.6878 0.9426 | 0.5629 0.9611 | Time: 2.8315
Epoch: 0056 | TRAIN: 0.0479 1.0000 | 0.0268 1.0000 | 0.0311 1.0000 | Time: 116.7988 | VAL: 0.7248 0.8623 | 0.5831 1.0000 | 0.4573 0.9732 | Time: 2.3907 | TEST: 0.7501 0.8376 | 0.6818 0.9426 | 0.5537 0.9667 | Time: 2.8356
Epoch: 0057 | TRAIN: 0.0462 1.0000 | 0.0258 1.0000 | 0.0283 1.0000 | Time: 116.6141 | VAL: 0.7365 0.8605 | 0.5707 0.9888 | 0.4564 0.9664 | Time: 2.4198 | TEST: 0.7623 0.8308 | 0.6707 0.9426 | 0.5485 0.9611 | Time: 2.8602
Epoch: 0058 | TRAIN: 0.0461 1.0000 | 0.0256 1.0000 | 0.0269 1.0000 | Time: 116.5617 | VAL: 0.7234 0.8587 | 0.5755 0.9888 | 0.4464 0.9732 | Time: 2.4104 | TEST: 0.7490 0.8376 | 0.6746 0.9508 | 0.5381 0.9611 | Time: 2.8477
Epoch: 0059 | TRAIN: 0.0429 1.0000 | 0.0246 1.0000 | 0.0269 1.0000 | Time: 116.8280 | VAL: 0.7251 0.8587 | 0.5713 1.0000 | 0.4580 0.9799 | Time: 2.4288 | TEST: 0.7534 0.8342 | 0.6720 0.9426 | 0.5524 0.9667 | Time: 2.8767
Epoch: 0060 | TRAIN: 0.0409 1.0000 | 0.0229 1.0000 | 0.0262 1.0000 | Time: 116.8909 | VAL: 0.7203 0.8623 | 0.5756 0.9888 | 0.4525 0.9732 | Time: 2.3788 | TEST: 0.7474 0.8308 | 0.6751 0.9426 | 0.5501 0.9611 | Time: 2.8506
Epoch: 0061 | TRAIN: 0.0393 1.0000 | 0.0228 1.0000 | 0.0262 1.0000 | Time: 116.6654 | VAL: 0.7222 0.8605 | 0.5704 0.9888 | 0.4511 0.9799 | Time: 2.3774 | TEST: 0.7507 0.8359 | 0.6697 0.9426 | 0.5430 0.9500 | Time: 2.8224
Epoch: 0062 | TRAIN: 0.0401 1.0000 | 0.0227 1.0000 | 0.0243 1.0000 | Time: 116.6772 | VAL: 0.7083 0.8569 | 0.5725 0.9888 | 0.4428 0.9799 | Time: 2.3909 | TEST: 0.7353 0.8308 | 0.6693 0.9344 | 0.5405 0.9722 | Time: 2.8186
Epoch: 0063 | TRAIN: 0.0375 1.0000 | 0.0206 1.0000 | 0.0234 1.0000 | Time: 116.8568 | VAL: 0.7099 0.8569 | 0.5552 0.9888 | 0.4446 0.9664 | Time: 2.4227 | TEST: 0.7338 0.8308 | 0.6543 0.9508 | 0.5378 0.9556 | Time: 2.8761
Epoch: 0064 | TRAIN: 0.0351 1.0000 | 0.0203 1.0000 | 0.0227 1.0000 | Time: 116.4288 | VAL: 0.7167 0.8533 | 0.5702 0.9888 | 0.4499 0.9664 | Time: 2.4054 | TEST: 0.7427 0.8256 | 0.6707 0.9508 | 0.5416 0.9444 | Time: 2.8877
Epoch: 0065 | TRAIN: 0.0354 1.0000 | 0.0193 1.0000 | 0.0224 1.0000 | Time: 116.7900 | VAL: 0.7060 0.8533 | 0.5749 0.9888 | 0.4475 0.9732 | Time: 2.3682 | TEST: 0.7335 0.8308 | 0.6756 0.9426 | 0.5376 0.9500 | Time: 2.8334
Epoch: 0066 | TRAIN: 0.0325 1.0000 | 0.0188 1.0000 | 0.0214 1.0000 | Time: 116.7199 | VAL: 0.7049 0.8569 | 0.5626 0.9888 | 0.4428 0.9732 | Time: 2.4153 | TEST: 0.7319 0.8359 | 0.6689 0.9344 | 0.5326 0.9611 | Time: 2.9172
Epoch: 0067 | TRAIN: 0.0326 1.0000 | 0.0187 1.0000 | 0.0208 1.0000 | Time: 117.0173 | VAL: 0.7062 0.8678 | 0.5663 0.9888 | 0.4440 0.9799 | Time: 2.3880 | TEST: 0.7296 0.8376 | 0.6623 0.9508 | 0.5316 0.9611 | Time: 2.8403
Epoch: 0068 | TRAIN: 0.0310 1.0000 | 0.0180 1.0000 | 0.0196 1.0000 | Time: 116.6241 | VAL: 0.7008 0.8605 | 0.5550 0.9888 | 0.4362 0.9732 | Time: 2.4226 | TEST: 0.7252 0.8342 | 0.6559 0.9508 | 0.5279 0.9556 | Time: 2.8512
Epoch: 0069 | TRAIN: 0.0306 1.0000 | 0.0168 1.0000 | 0.0205 1.0000 | Time: 116.5669 | VAL: 0.6985 0.8569 | 0.5549 0.9888 | 0.4238 0.9732 | Time: 2.4181 | TEST: 0.7218 0.8393 | 0.6462 0.9426 | 0.5187 0.9444 | Time: 2.8761
Epoch: 0070 | TRAIN: 0.0306 1.0000 | 0.0175 1.0000 | 0.0188 1.0000 | Time: 116.7120 | VAL: 0.6914 0.8605 | 0.5506 0.9888 | 0.4234 0.9799 | Time: 2.3821 | TEST: 0.7157 0.8359 | 0.6436 0.9508 | 0.5207 0.9556 | Time: 2.8112
Epoch: 0071 | TRAIN: 0.0291 1.0000 | 0.0158 1.0000 | 0.0192 1.0000 | Time: 116.9047 | VAL: 0.6936 0.8605 | 0.5545 0.9888 | 0.4223 0.9664 | Time: 2.3533 | TEST: 0.7199 0.8274 | 0.6540 0.9426 | 0.5109 0.9611 | Time: 2.8216
Epoch: 0072 | TRAIN: 0.0283 1.0000 | 0.0165 1.0000 | 0.0181 1.0000 | Time: 117.0821 | VAL: 0.6932 0.8623 | 0.5497 0.9888 | 0.4219 0.9732 | Time: 2.3645 | TEST: 0.7173 0.8291 | 0.6438 0.9508 | 0.5171 0.9611 | Time: 2.8032
Epoch: 0073 | TRAIN: 0.0280 1.0000 | 0.0156 1.0000 | 0.0172 1.0000 | Time: 117.0536 | VAL: 0.6935 0.8605 | 0.5365 0.9888 | 0.4141 0.9664 | Time: 2.3710 | TEST: 0.7181 0.8308 | 0.6346 0.9426 | 0.5062 0.9500 | Time: 2.8174
Epoch: 0074 | TRAIN: 0.0258 1.0000 | 0.0150 1.0000 | 0.0174 1.0000 | Time: 116.8697 | VAL: 0.6875 0.8623 | 0.5542 0.9888 | 0.4253 0.9732 | Time: 2.4033 | TEST: 0.7162 0.8359 | 0.6518 0.9590 | 0.5220 0.9556 | Time: 2.8474
Epoch: 0075 | TRAIN: 0.0255 1.0000 | 0.0142 1.0000 | 0.0169 1.0000 | Time: 116.7702 | VAL: 0.6849 0.8533 | 0.5464 0.9888 | 0.4225 0.9799 | Time: 2.3634 | TEST: 0.7079 0.8376 | 0.6507 0.9262 | 0.5147 0.9444 | Time: 2.8331
Epoch: 0076 | TRAIN: 0.0238 1.0000 | 0.0140 1.0000 | 0.0164 1.0000 | Time: 116.8777 | VAL: 0.6845 0.8569 | 0.5665 0.9888 | 0.4126 0.9732 | Time: 2.3923 | TEST: 0.7095 0.8359 | 0.6607 0.9262 | 0.5012 0.9611 | Time: 2.8303
Epoch: 0077 | TRAIN: 0.0237 1.0000 | 0.0137 1.0000 | 0.0159 1.0000 | Time: 116.6642 | VAL: 0.6829 0.8623 | 0.5391 0.9888 | 0.4090 0.9799 | Time: 2.4262 | TEST: 0.7037 0.8342 | 0.6381 0.9508 | 0.5030 0.9500 | Time: 2.8895
Epoch: 0078 | TRAIN: 0.0224 1.0000 | 0.0138 1.0000 | 0.0152 1.0000 | Time: 116.9917 | VAL: 0.6813 0.8587 | 0.5376 0.9888 | 0.4148 0.9732 | Time: 2.4084 | TEST: 0.7032 0.8325 | 0.6338 0.9426 | 0.5041 0.9500 | Time: 2.9039
Epoch: 0079 | TRAIN: 0.0225 1.0000 | 0.0131 1.0000 | 0.0148 1.0000 | Time: 116.9256 | VAL: 0.6792 0.8623 | 0.5433 0.9888 | 0.4053 0.9732 | Time: 2.3747 | TEST: 0.7065 0.8342 | 0.6353 0.9344 | 0.4990 0.9500 | Time: 2.8306
Epoch: 0080 | TRAIN: 0.0215 1.0000 | 0.0128 1.0000 | 0.0150 1.0000 | Time: 116.9392 | VAL: 0.6767 0.8641 | 0.5516 0.9888 | 0.4079 0.9732 | Time: 2.3929 | TEST: 0.7012 0.8342 | 0.6434 0.9426 | 0.4996 0.9500 | Time: 2.8819
Epoch: 0081 | TRAIN: 0.0214 1.0000 | 0.0121 1.0000 | 0.0138 1.0000 | Time: 117.0672 | VAL: 0.6844 0.8605 | 0.5379 0.9888 | 0.4082 0.9732 | Time: 2.4156 | TEST: 0.7083 0.8376 | 0.6375 0.9344 | 0.4987 0.9500 | Time: 2.8582
Epoch: 0082 | TRAIN: 0.0198 1.0000 | 0.0126 1.0000 | 0.0134 1.0000 | Time: 117.6123 | VAL: 0.6716 0.8678 | 0.5348 0.9888 | 0.3996 0.9732 | Time: 2.3973 | TEST: 0.6970 0.8359 | 0.6313 0.9508 | 0.4935 0.9556 | Time: 2.8462
Epoch: 0083 | TRAIN: 0.0198 1.0000 | 0.0120 1.0000 | 0.0130 1.0000 | Time: 116.9556 | VAL: 0.6728 0.8641 | 0.5421 0.9888 | 0.4058 0.9732 | Time: 2.4280 | TEST: 0.7006 0.8393 | 0.6390 0.9344 | 0.4959 0.9500 | Time: 2.8677
Epoch: 0084 | TRAIN: 0.0191 1.0000 | 0.0112 1.0000 | 0.0129 1.0000 | Time: 117.0318 | VAL: 0.6693 0.8623 | 0.5419 0.9888 | 0.4051 0.9732 | Time: 2.3843 | TEST: 0.6956 0.8359 | 0.6418 0.9426 | 0.5038 0.9556 | Time: 2.8230
Epoch: 0085 | TRAIN: 0.0189 1.0000 | 0.0106 1.0000 | 0.0130 1.0000 | Time: 116.8761 | VAL: 0.6694 0.8641 | 0.5346 0.9888 | 0.3993 0.9732 | Time: 2.3735 | TEST: 0.6952 0.8342 | 0.6321 0.9426 | 0.4877 0.9556 | Time: 2.8272
Epoch: 0086 | TRAIN: 0.0181 1.0000 | 0.0110 1.0000 | 0.0117 1.0000 | Time: 116.9597 | VAL: 0.6724 0.8641 | 0.5323 0.9888 | 0.3986 0.9732 | Time: 2.3667 | TEST: 0.6950 0.8444 | 0.6310 0.9426 | 0.4913 0.9556 | Time: 2.8236
Epoch: 0087 | TRAIN: 0.0175 1.0000 | 0.0107 1.0000 | 0.0116 1.0000 | Time: 116.7174 | VAL: 0.6725 0.8605 | 0.5322 0.9888 | 0.3933 0.9732 | Time: 2.4719 | TEST: 0.6942 0.8376 | 0.6289 0.9344 | 0.4822 0.9556 | Time: 2.8616
Epoch: 0088 | TRAIN: 0.0180 1.0000 | 0.0108 1.0000 | 0.0114 1.0000 | Time: 116.6054 | VAL: 0.6673 0.8641 | 0.5260 0.9888 | 0.4103 0.9664 | Time: 2.3814 | TEST: 0.6948 0.8376 | 0.6290 0.9426 | 0.4943 0.9556 | Time: 2.8322
Epoch: 0089 | TRAIN: 0.0170 1.0000 | 0.0098 1.0000 | 0.0115 1.0000 | Time: 116.8240 | VAL: 0.6637 0.8641 | 0.5303 0.9888 | 0.3897 0.9664 | Time: 2.3796 | TEST: 0.6904 0.8393 | 0.6304 0.9426 | 0.4765 0.9556 | Time: 2.8159
Epoch: 0090 | TRAIN: 0.0167 1.0000 | 0.0094 1.0000 | 0.0108 1.0000 | Time: 116.4302 | VAL: 0.6628 0.8623 | 0.5317 0.9888 | 0.3938 0.9732 | Time: 2.3946 | TEST: 0.6885 0.8393 | 0.6274 0.9508 | 0.4869 0.9500 | Time: 2.8211
Epoch: 0091 | TRAIN: 0.0172 1.0000 | 0.0091 1.0000 | 0.0108 1.0000 | Time: 116.5558 | VAL: 0.6560 0.8678 | 0.5226 0.9888 | 0.3906 0.9732 | Time: 2.3748 | TEST: 0.6802 0.8342 | 0.6169 0.9508 | 0.4849 0.9556 | Time: 2.8194
Epoch: 0092 | TRAIN: 0.0150 1.0000 | 0.0091 1.0000 | 0.0108 1.0000 | Time: 117.2666 | VAL: 0.6590 0.8659 | 0.5229 0.9888 | 0.3852 0.9732 | Time: 2.3876 | TEST: 0.6833 0.8376 | 0.6214 0.9426 | 0.4799 0.9611 | Time: 2.8613
Epoch: 0093 | TRAIN: 0.0146 1.0000 | 0.0091 1.0000 | 0.0101 1.0000 | Time: 116.5694 | VAL: 0.6507 0.8678 | 0.5207 0.9888 | 0.3844 0.9732 | Time: 2.4176 | TEST: 0.6770 0.8410 | 0.6184 0.9508 | 0.4736 0.9556 | Time: 2.8964
Epoch: 0094 | TRAIN: 0.0152 1.0000 | 0.0084 1.0000 | 0.0097 1.0000 | Time: 116.7291 | VAL: 0.6638 0.8605 | 0.5264 0.9888 | 0.3726 0.9799 | Time: 2.3791 | TEST: 0.6829 0.8342 | 0.6218 0.9426 | 0.4628 0.9667 | Time: 2.8057
Epoch: 0095 | TRAIN: 0.0143 1.0000 | 0.0085 1.0000 | 0.0097 1.0000 | Time: 116.2671 | VAL: 0.6508 0.8678 | 0.5249 0.9888 | 0.3900 0.9799 | Time: 2.3714 | TEST: 0.6778 0.8342 | 0.6270 0.9426 | 0.4763 0.9556 | Time: 2.8076
Epoch: 0096 | TRAIN: 0.0134 1.0000 | 0.0081 1.0000 | 0.0089 1.0000 | Time: 116.7465 | VAL: 0.6535 0.8641 | 0.5239 0.9888 | 0.3816 0.9732 | Time: 2.3852 | TEST: 0.6839 0.8342 | 0.6238 0.9426 | 0.4733 0.9556 | Time: 2.8700
Epoch: 0097 | TRAIN: 0.0137 1.0000 | 0.0077 1.0000 | 0.0088 1.0000 | Time: 116.4574 | VAL: 0.6506 0.8641 | 0.5171 0.9888 | 0.3773 0.9732 | Time: 2.3815 | TEST: 0.6746 0.8325 | 0.6172 0.9426 | 0.4628 0.9611 | Time: 2.8329
Epoch: 0098 | TRAIN: 0.0133 1.0000 | 0.0078 1.0000 | 0.0090 1.0000 | Time: 116.7409 | VAL: 0.6562 0.8623 | 0.5071 0.9888 | 0.3678 0.9732 | Time: 2.3657 | TEST: 0.6815 0.8308 | 0.5965 0.9508 | 0.4598 0.9500 | Time: 2.8181
Epoch: 0099 | TRAIN: 0.0125 1.0000 | 0.0072 1.0000 | 0.0087 1.0000 | Time: 116.4602 | VAL: 0.6501 0.8641 | 0.5120 0.9888 | 0.3747 0.9799 | Time: 2.4228 | TEST: 0.6743 0.8359 | 0.6130 0.9426 | 0.4633 0.9556 | Time: 2.8732
========================================
Best Result: Epoch 44, result {'amazon': [0.8290598290598291], 'dslr': [0.9508196721311475], 'webcam': [0.9555555555555556]}
========================================
