========================================
General Configuration:
	Wighting: MoDo
	Architecture: HPS
	Rep_Grad: False
	Multi_Input: True
	Seed: 0
	Device: cuda:0
MoDo Configuration:
	weighting: MoDo
	gamma_modo: 0.01
	rho_modo: 0.01
	modo_gn: none
Optimizer Configuration:
	optim: adam
	lr: 1e-05
	weight_decay: 1e-05
========================================
Total Params: 11487901
Trainable Params: 11487901
Non-trainable Params: 0
========================================
LOG FORMAT | amazon_LOSS Acc | dslr_LOSS Acc | webcam_LOSS Acc | TIME
Epoch: 0000 | TRAIN: 3.3017 0.1124 | 3.1166 0.1635 | 3.1980 0.1457 | Time: 115.9349 | VAL: 2.9828 0.2880 | 2.8696 0.3371 | 2.9407 0.3221 | Time: 2.3768 | TEST: 2.9467 0.3231 | 2.8782 0.3689 | 2.9461 0.3222 | Time: 2.8140
Epoch: 0001 | TRAIN: 2.7207 0.3591 | 2.3657 0.5610 | 2.4952 0.4751 | Time: 116.7273 | VAL: 2.5469 0.5217 | 2.3541 0.6292 | 2.4232 0.5906 | Time: 2.3545 | TEST: 2.5146 0.5453 | 2.3634 0.6393 | 2.4535 0.6278 | Time: 2.8200
Epoch: 0002 | TRAIN: 2.3357 0.5361 | 1.7782 0.8425 | 1.9772 0.7188 | Time: 116.3665 | VAL: 2.2543 0.6214 | 1.9165 0.8427 | 2.0728 0.7315 | Time: 2.4257 | TEST: 2.2288 0.6410 | 1.9456 0.7869 | 2.1182 0.7722 | Time: 2.8680
Epoch: 0003 | TRAIN: 2.0679 0.6382 | 1.2887 0.9669 | 1.6043 0.8549 | Time: 116.4159 | VAL: 2.0524 0.7011 | 1.6027 0.8876 | 1.8180 0.8188 | Time: 2.3916 | TEST: 2.0346 0.6872 | 1.6468 0.8361 | 1.8763 0.8333 | Time: 2.8512
Epoch: 0004 | TRAIN: 1.8571 0.7034 | 0.9775 0.9910 | 1.3238 0.9285 | Time: 116.6524 | VAL: 1.9082 0.7337 | 1.3735 0.8989 | 1.6044 0.8658 | Time: 2.4209 | TEST: 1.8955 0.7128 | 1.4189 0.8852 | 1.6706 0.8722 | Time: 2.8561
Epoch: 0005 | TRAIN: 1.7112 0.7497 | 0.7276 0.9970 | 1.1032 0.9606 | Time: 116.8475 | VAL: 1.8014 0.7409 | 1.1618 0.9326 | 1.4674 0.9195 | Time: 2.4745 | TEST: 1.7933 0.7350 | 1.2363 0.9180 | 1.5425 0.9111 | Time: 2.8643
Epoch: 0006 | TRAIN: 1.6006 0.7554 | 0.5472 1.0000 | 0.9302 0.9808 | Time: 116.5951 | VAL: 1.7421 0.7536 | 1.0218 0.9663 | 1.3505 0.9195 | Time: 2.4318 | TEST: 1.7377 0.7385 | 1.1007 0.9262 | 1.4320 0.9111 | Time: 2.8974
Epoch: 0007 | TRAIN: 1.5028 0.7870 | 0.4282 1.0000 | 0.8018 0.9919 | Time: 116.8507 | VAL: 1.6595 0.7609 | 0.8942 0.9888 | 1.2428 0.9329 | Time: 2.4173 | TEST: 1.6565 0.7436 | 0.9794 0.9180 | 1.3227 0.9278 | Time: 2.9020
Epoch: 0008 | TRAIN: 1.4179 0.8080 | 0.3357 1.0000 | 0.7068 0.9967 | Time: 116.5190 | VAL: 1.6112 0.7609 | 0.8220 0.9888 | 1.1756 0.9530 | Time: 2.3904 | TEST: 1.6117 0.7641 | 0.9102 0.9262 | 1.2621 0.9333 | Time: 2.8582
Epoch: 0009 | TRAIN: 1.3536 0.8251 | 0.2811 1.0000 | 0.6253 0.9970 | Time: 116.1953 | VAL: 1.5761 0.7754 | 0.7546 0.9888 | 1.0991 0.9530 | Time: 2.3731 | TEST: 1.5719 0.7692 | 0.8390 0.9262 | 1.1898 0.9333 | Time: 2.8386
Epoch: 0010 | TRAIN: 1.3011 0.8287 | 0.2340 1.0000 | 0.5427 0.9988 | Time: 116.6417 | VAL: 1.5591 0.7681 | 0.7097 1.0000 | 1.0533 0.9597 | Time: 2.3815 | TEST: 1.5537 0.7726 | 0.8028 0.9262 | 1.1452 0.9444 | Time: 2.8277
Epoch: 0011 | TRAIN: 1.2408 0.8522 | 0.2031 1.0000 | 0.4816 0.9994 | Time: 116.7719 | VAL: 1.5202 0.7808 | 0.6700 0.9888 | 0.9872 0.9664 | Time: 2.3893 | TEST: 1.5221 0.7744 | 0.7627 0.9344 | 1.0841 0.9556 | Time: 2.8339
Epoch: 0012 | TRAIN: 1.2043 0.8543 | 0.1753 1.0000 | 0.4221 0.9994 | Time: 116.7731 | VAL: 1.4919 0.7754 | 0.6346 0.9888 | 0.9425 0.9732 | Time: 2.4249 | TEST: 1.4948 0.7897 | 0.7290 0.9344 | 1.0439 0.9444 | Time: 2.8694
Epoch: 0013 | TRAIN: 1.1614 0.8621 | 0.1531 1.0000 | 0.3918 1.0000 | Time: 117.2174 | VAL: 1.4651 0.7790 | 0.6191 0.9888 | 0.9151 0.9664 | Time: 2.4144 | TEST: 1.4694 0.7863 | 0.7111 0.9508 | 1.0112 0.9556 | Time: 2.8957
Epoch: 0014 | TRAIN: 1.1216 0.8633 | 0.1389 1.0000 | 0.3501 1.0000 | Time: 116.9819 | VAL: 1.4302 0.7953 | 0.5903 0.9888 | 0.8505 0.9732 | Time: 2.4131 | TEST: 1.4354 0.7880 | 0.6841 0.9344 | 0.9476 0.9556 | Time: 2.8554
Epoch: 0015 | TRAIN: 1.0986 0.8654 | 0.1293 1.0000 | 0.3180 1.0000 | Time: 117.2539 | VAL: 1.4257 0.7971 | 0.5851 1.0000 | 0.8386 0.9732 | Time: 2.4009 | TEST: 1.4301 0.7880 | 0.6726 0.9344 | 0.9405 0.9556 | Time: 2.8782
Epoch: 0016 | TRAIN: 1.0435 0.8798 | 0.1162 1.0000 | 0.2816 1.0000 | Time: 117.1967 | VAL: 1.4044 0.7971 | 0.5646 0.9888 | 0.7986 0.9732 | Time: 2.4283 | TEST: 1.4098 0.7880 | 0.6502 0.9508 | 0.8972 0.9556 | Time: 2.8874
Epoch: 0017 | TRAIN: 1.0091 0.8915 | 0.1086 1.0000 | 0.2591 1.0000 | Time: 117.0428 | VAL: 1.3903 0.7917 | 0.5501 1.0000 | 0.7734 0.9732 | Time: 2.4163 | TEST: 1.3958 0.7880 | 0.6395 0.9344 | 0.8724 0.9556 | Time: 2.8718
Epoch: 0018 | TRAIN: 0.9837 0.8873 | 0.0983 1.0000 | 0.2381 1.0000 | Time: 117.2218 | VAL: 1.3633 0.7989 | 0.5299 1.0000 | 0.7597 0.9732 | Time: 2.4218 | TEST: 1.3723 0.7983 | 0.6294 0.9344 | 0.8564 0.9611 | Time: 2.8837
Epoch: 0019 | TRAIN: 0.9490 0.8975 | 0.0906 1.0000 | 0.2231 1.0000 | Time: 117.0691 | VAL: 1.3524 0.8098 | 0.5173 1.0000 | 0.7343 0.9732 | Time: 2.3872 | TEST: 1.3588 0.8000 | 0.6141 0.9508 | 0.8363 0.9611 | Time: 2.8426
Epoch: 0020 | TRAIN: 0.9304 0.8969 | 0.0841 1.0000 | 0.2090 1.0000 | Time: 117.1924 | VAL: 1.3375 0.8025 | 0.4996 1.0000 | 0.7031 0.9732 | Time: 2.4027 | TEST: 1.3415 0.7966 | 0.5935 0.9426 | 0.7958 0.9667 | Time: 2.8499
Epoch: 0021 | TRAIN: 0.9011 0.9062 | 0.0809 1.0000 | 0.1929 1.0000 | Time: 116.8682 | VAL: 1.3218 0.8098 | 0.4949 1.0000 | 0.6917 0.9732 | Time: 2.4173 | TEST: 1.3274 0.8017 | 0.5898 0.9508 | 0.7873 0.9667 | Time: 2.8652
Epoch: 0022 | TRAIN: 0.8751 0.9111 | 0.0747 1.0000 | 0.1757 1.0000 | Time: 116.9190 | VAL: 1.3139 0.8043 | 0.4826 1.0000 | 0.6780 0.9732 | Time: 2.4283 | TEST: 1.3202 0.8034 | 0.5840 0.9590 | 0.7753 0.9611 | Time: 2.8923
Epoch: 0023 | TRAIN: 0.8510 0.9138 | 0.0703 1.0000 | 0.1605 1.0000 | Time: 117.0807 | VAL: 1.2986 0.8116 | 0.4859 1.0000 | 0.6762 0.9732 | Time: 2.4177 | TEST: 1.3056 0.8068 | 0.5863 0.9508 | 0.7696 0.9611 | Time: 2.8617
Epoch: 0024 | TRAIN: 0.8212 0.9198 | 0.0664 1.0000 | 0.1575 1.0000 | Time: 117.1041 | VAL: 1.2765 0.8152 | 0.4711 1.0000 | 0.6546 0.9732 | Time: 2.4455 | TEST: 1.2870 0.8103 | 0.5714 0.9590 | 0.7488 0.9611 | Time: 2.8927
Epoch: 0025 | TRAIN: 0.8135 0.9207 | 0.0623 1.0000 | 0.1430 1.0000 | Time: 117.2369 | VAL: 1.2649 0.8188 | 0.4718 1.0000 | 0.6293 0.9799 | Time: 2.4277 | TEST: 1.2770 0.8051 | 0.5682 0.9508 | 0.7278 0.9667 | Time: 2.8744
Epoch: 0026 | TRAIN: 0.7851 0.9198 | 0.0595 1.0000 | 0.1337 1.0000 | Time: 117.0913 | VAL: 1.2611 0.8152 | 0.4717 1.0000 | 0.6251 0.9732 | Time: 2.3955 | TEST: 1.2712 0.8103 | 0.5741 0.9426 | 0.7114 0.9611 | Time: 2.8640
Epoch: 0027 | TRAIN: 0.7600 0.9282 | 0.0551 1.0000 | 0.1290 1.0000 | Time: 117.0883 | VAL: 1.2467 0.8207 | 0.4601 1.0000 | 0.6125 0.9732 | Time: 2.4111 | TEST: 1.2614 0.8137 | 0.5619 0.9508 | 0.7040 0.9611 | Time: 2.8607
Epoch: 0028 | TRAIN: 0.7499 0.9327 | 0.0538 1.0000 | 0.1190 1.0000 | Time: 116.9248 | VAL: 1.2362 0.8207 | 0.4636 1.0000 | 0.5929 0.9732 | Time: 2.4194 | TEST: 1.2501 0.8137 | 0.5567 0.9508 | 0.6920 0.9611 | Time: 2.8746
Epoch: 0029 | TRAIN: 0.7225 0.9348 | 0.0506 1.0000 | 0.1097 1.0000 | Time: 117.0300 | VAL: 1.2292 0.8225 | 0.4551 1.0000 | 0.5956 0.9732 | Time: 2.4064 | TEST: 1.2422 0.8154 | 0.5566 0.9508 | 0.6867 0.9611 | Time: 2.8819
Epoch: 0030 | TRAIN: 0.7131 0.9318 | 0.0493 1.0000 | 0.1036 1.0000 | Time: 116.8695 | VAL: 1.2152 0.8225 | 0.4439 1.0000 | 0.5730 0.9732 | Time: 2.4204 | TEST: 1.2251 0.8171 | 0.5510 0.9426 | 0.6591 0.9611 | Time: 2.8468
Epoch: 0031 | TRAIN: 0.6948 0.9378 | 0.0459 1.0000 | 0.0979 1.0000 | Time: 117.4487 | VAL: 1.2120 0.8170 | 0.4487 1.0000 | 0.5632 0.9799 | Time: 2.4064 | TEST: 1.2256 0.8222 | 0.5555 0.9508 | 0.6601 0.9667 | Time: 2.8689
Epoch: 0032 | TRAIN: 0.6704 0.9354 | 0.0445 1.0000 | 0.0949 1.0000 | Time: 117.0718 | VAL: 1.1958 0.8261 | 0.4482 1.0000 | 0.5729 0.9732 | Time: 2.4171 | TEST: 1.2097 0.8188 | 0.5473 0.9508 | 0.6608 0.9611 | Time: 2.8735
Epoch: 0033 | TRAIN: 0.6634 0.9381 | 0.0436 1.0000 | 0.0903 1.0000 | Time: 117.0586 | VAL: 1.1794 0.8261 | 0.4452 1.0000 | 0.5396 0.9732 | Time: 2.4198 | TEST: 1.1943 0.8120 | 0.5479 0.9426 | 0.6344 0.9611 | Time: 2.8767
Epoch: 0034 | TRAIN: 0.6388 0.9408 | 0.0396 1.0000 | 0.0856 1.0000 | Time: 116.7771 | VAL: 1.1813 0.8207 | 0.4412 1.0000 | 0.5409 0.9732 | Time: 2.4131 | TEST: 1.1951 0.8171 | 0.5456 0.9426 | 0.6330 0.9611 | Time: 2.8441
Epoch: 0035 | TRAIN: 0.6168 0.9468 | 0.0380 1.0000 | 0.0781 1.0000 | Time: 116.6845 | VAL: 1.1659 0.8243 | 0.4353 1.0000 | 0.5321 0.9732 | Time: 2.3996 | TEST: 1.1785 0.8205 | 0.5381 0.9426 | 0.6195 0.9611 | Time: 2.8746
Epoch: 0036 | TRAIN: 0.6107 0.9465 | 0.0379 1.0000 | 0.0769 1.0000 | Time: 116.8971 | VAL: 1.1443 0.8261 | 0.4310 1.0000 | 0.5256 0.9732 | Time: 2.3759 | TEST: 1.1576 0.8171 | 0.5369 0.9426 | 0.6108 0.9611 | Time: 2.8388
Epoch: 0037 | TRAIN: 0.5853 0.9510 | 0.0366 1.0000 | 0.0724 1.0000 | Time: 116.5617 | VAL: 1.1490 0.8279 | 0.4362 1.0000 | 0.5273 0.9732 | Time: 2.4711 | TEST: 1.1621 0.8239 | 0.5387 0.9426 | 0.6165 0.9611 | Time: 2.8712
Epoch: 0038 | TRAIN: 0.5571 0.9522 | 0.0338 1.0000 | 0.0688 1.0000 | Time: 117.0378 | VAL: 1.1413 0.8279 | 0.4378 1.0000 | 0.5162 0.9799 | Time: 2.3633 | TEST: 1.1552 0.8205 | 0.5402 0.9508 | 0.6066 0.9611 | Time: 2.8400
Epoch: 0039 | TRAIN: 0.5537 0.9561 | 0.0327 1.0000 | 0.0664 1.0000 | Time: 116.8231 | VAL: 1.1259 0.8225 | 0.4315 1.0000 | 0.5100 0.9732 | Time: 2.4224 | TEST: 1.1383 0.8205 | 0.5373 0.9426 | 0.6038 0.9611 | Time: 2.8692
Epoch: 0040 | TRAIN: 0.5435 0.9546 | 0.0329 1.0000 | 0.0619 1.0000 | Time: 117.1754 | VAL: 1.1117 0.8315 | 0.4267 1.0000 | 0.4920 0.9799 | Time: 2.4031 | TEST: 1.1254 0.8171 | 0.5255 0.9508 | 0.5859 0.9611 | Time: 2.8315
Epoch: 0041 | TRAIN: 0.5207 0.9606 | 0.0320 1.0000 | 0.0615 1.0000 | Time: 117.2222 | VAL: 1.1074 0.8315 | 0.4290 1.0000 | 0.4910 0.9732 | Time: 2.4001 | TEST: 1.1243 0.8171 | 0.5287 0.9426 | 0.5820 0.9611 | Time: 2.8756
Epoch: 0042 | TRAIN: 0.5037 0.9585 | 0.0298 1.0000 | 0.0575 1.0000 | Time: 117.1854 | VAL: 1.0961 0.8297 | 0.4181 1.0000 | 0.4905 0.9732 | Time: 2.4130 | TEST: 1.1143 0.8205 | 0.5268 0.9426 | 0.5784 0.9611 | Time: 2.8482
Epoch: 0043 | TRAIN: 0.4939 0.9636 | 0.0290 1.0000 | 0.0525 1.0000 | Time: 117.4420 | VAL: 1.0892 0.8351 | 0.4252 1.0000 | 0.4847 0.9732 | Time: 2.4290 | TEST: 1.1070 0.8222 | 0.5277 0.9508 | 0.5790 0.9611 | Time: 2.8606
Epoch: 0044 | TRAIN: 0.4824 0.9654 | 0.0283 1.0000 | 0.0512 1.0000 | Time: 116.8689 | VAL: 1.0791 0.8351 | 0.4184 1.0000 | 0.4715 0.9799 | Time: 2.4202 | TEST: 1.0991 0.8222 | 0.5182 0.9508 | 0.5608 0.9556 | Time: 2.8547
Epoch: 0045 | TRAIN: 0.4644 0.9669 | 0.0268 1.0000 | 0.0523 1.0000 | Time: 117.0794 | VAL: 1.0646 0.8442 | 0.4262 1.0000 | 0.4633 0.9732 | Time: 2.4823 | TEST: 1.0839 0.8205 | 0.5250 0.9508 | 0.5580 0.9611 | Time: 2.8391
Epoch: 0046 | TRAIN: 0.4615 0.9633 | 0.0266 1.0000 | 0.0488 1.0000 | Time: 117.0323 | VAL: 1.0690 0.8333 | 0.4224 1.0000 | 0.4599 0.9799 | Time: 2.4047 | TEST: 1.0906 0.8222 | 0.5232 0.9508 | 0.5557 0.9611 | Time: 2.8223
Epoch: 0047 | TRAIN: 0.4437 0.9721 | 0.0254 1.0000 | 0.0461 1.0000 | Time: 117.4217 | VAL: 1.0600 0.8315 | 0.4112 1.0000 | 0.4643 0.9732 | Time: 2.4254 | TEST: 1.0775 0.8274 | 0.5177 0.9426 | 0.5509 0.9611 | Time: 2.8849
Epoch: 0048 | TRAIN: 0.4275 0.9739 | 0.0249 1.0000 | 0.0459 1.0000 | Time: 117.6389 | VAL: 1.0567 0.8388 | 0.4124 1.0000 | 0.4555 0.9799 | Time: 2.4014 | TEST: 1.0743 0.8222 | 0.5161 0.9508 | 0.5534 0.9611 | Time: 2.8454
Epoch: 0049 | TRAIN: 0.4092 0.9730 | 0.0237 1.0000 | 0.0419 1.0000 | Time: 117.1471 | VAL: 1.0343 0.8351 | 0.4135 1.0000 | 0.4363 0.9732 | Time: 2.4578 | TEST: 1.0533 0.8205 | 0.5118 0.9508 | 0.5305 0.9611 | Time: 2.8906
Epoch: 0050 | TRAIN: 0.3971 0.9790 | 0.0234 1.0000 | 0.0417 1.0000 | Time: 117.2991 | VAL: 1.0368 0.8424 | 0.4239 1.0000 | 0.4417 0.9732 | Time: 2.5121 | TEST: 1.0519 0.8274 | 0.5243 0.9426 | 0.5337 0.9556 | Time: 2.8768
Epoch: 0051 | TRAIN: 0.3844 0.9775 | 0.0227 1.0000 | 0.0399 1.0000 | Time: 117.2192 | VAL: 1.0335 0.8424 | 0.4162 1.0000 | 0.4492 0.9732 | Time: 2.4221 | TEST: 1.0555 0.8256 | 0.5256 0.9508 | 0.5369 0.9611 | Time: 2.9151
Epoch: 0052 | TRAIN: 0.3718 0.9799 | 0.0213 1.0000 | 0.0377 1.0000 | Time: 117.3938 | VAL: 1.0078 0.8460 | 0.4275 1.0000 | 0.4356 0.9866 | Time: 2.4276 | TEST: 1.0262 0.8239 | 0.5289 0.9426 | 0.5271 0.9611 | Time: 2.8884
Epoch: 0053 | TRAIN: 0.3585 0.9835 | 0.0211 1.0000 | 0.0359 1.0000 | Time: 117.2611 | VAL: 1.0105 0.8478 | 0.4172 1.0000 | 0.4325 0.9732 | Time: 2.4240 | TEST: 1.0307 0.8256 | 0.5170 0.9508 | 0.5310 0.9556 | Time: 2.8728
Epoch: 0054 | TRAIN: 0.3436 0.9820 | 0.0209 1.0000 | 0.0356 1.0000 | Time: 117.3615 | VAL: 1.0102 0.8442 | 0.4178 1.0000 | 0.4285 0.9732 | Time: 2.4168 | TEST: 1.0279 0.8239 | 0.5196 0.9508 | 0.5217 0.9611 | Time: 2.8727
Epoch: 0055 | TRAIN: 0.3379 0.9823 | 0.0200 1.0000 | 0.0332 1.0000 | Time: 116.9373 | VAL: 1.0021 0.8388 | 0.4144 1.0000 | 0.4252 0.9799 | Time: 2.4217 | TEST: 1.0231 0.8239 | 0.5226 0.9426 | 0.5250 0.9667 | Time: 2.8910
Epoch: 0056 | TRAIN: 0.3270 0.9808 | 0.0197 1.0000 | 0.0345 1.0000 | Time: 117.2235 | VAL: 0.9801 0.8478 | 0.4179 1.0000 | 0.4196 0.9799 | Time: 2.3711 | TEST: 0.9997 0.8239 | 0.5190 0.9508 | 0.5170 0.9611 | Time: 2.8373
Epoch: 0057 | TRAIN: 0.3112 0.9856 | 0.0190 1.0000 | 0.0314 1.0000 | Time: 116.8034 | VAL: 0.9920 0.8370 | 0.4143 1.0000 | 0.4186 0.9799 | Time: 2.4009 | TEST: 1.0147 0.8137 | 0.5136 0.9426 | 0.5140 0.9556 | Time: 2.8752
Epoch: 0058 | TRAIN: 0.3028 0.9883 | 0.0192 1.0000 | 0.0298 1.0000 | Time: 117.1281 | VAL: 0.9724 0.8460 | 0.4131 1.0000 | 0.4061 0.9799 | Time: 2.3802 | TEST: 0.9940 0.8205 | 0.5143 0.9508 | 0.4998 0.9556 | Time: 2.8259
Epoch: 0059 | TRAIN: 0.2889 0.9877 | 0.0184 1.0000 | 0.0295 1.0000 | Time: 117.0651 | VAL: 0.9746 0.8406 | 0.4085 1.0000 | 0.4171 0.9732 | Time: 2.4301 | TEST: 0.9985 0.8239 | 0.5126 0.9426 | 0.5129 0.9556 | Time: 2.8818
Epoch: 0060 | TRAIN: 0.2775 0.9898 | 0.0171 1.0000 | 0.0287 1.0000 | Time: 117.1809 | VAL: 0.9680 0.8514 | 0.4151 1.0000 | 0.4100 0.9866 | Time: 2.4022 | TEST: 0.9905 0.8239 | 0.5175 0.9508 | 0.5108 0.9611 | Time: 2.8356
Epoch: 0061 | TRAIN: 0.2604 0.9919 | 0.0172 1.0000 | 0.0289 1.0000 | Time: 116.7965 | VAL: 0.9646 0.8442 | 0.4106 1.0000 | 0.4078 0.9799 | Time: 2.4188 | TEST: 0.9880 0.8171 | 0.5155 0.9508 | 0.5004 0.9611 | Time: 2.8822
Epoch: 0062 | TRAIN: 0.2569 0.9943 | 0.0171 1.0000 | 0.0266 1.0000 | Time: 117.2233 | VAL: 0.9415 0.8460 | 0.4150 1.0000 | 0.3971 0.9866 | Time: 2.3875 | TEST: 0.9654 0.8222 | 0.5142 0.9426 | 0.4987 0.9611 | Time: 2.8496
Epoch: 0063 | TRAIN: 0.2463 0.9946 | 0.0157 1.0000 | 0.0257 1.0000 | Time: 117.3158 | VAL: 0.9449 0.8442 | 0.4013 1.0000 | 0.4001 0.9799 | Time: 2.4000 | TEST: 0.9684 0.8239 | 0.5053 0.9426 | 0.4973 0.9611 | Time: 2.8870
Epoch: 0064 | TRAIN: 0.2295 0.9937 | 0.0155 1.0000 | 0.0250 1.0000 | Time: 117.0298 | VAL: 0.9371 0.8460 | 0.4107 1.0000 | 0.3999 0.9799 | Time: 2.4561 | TEST: 0.9620 0.8222 | 0.5137 0.9344 | 0.4949 0.9611 | Time: 2.8576
Epoch: 0065 | TRAIN: 0.2256 0.9907 | 0.0148 1.0000 | 0.0245 1.0000 | Time: 116.7488 | VAL: 0.9186 0.8478 | 0.4130 0.9888 | 0.3950 0.9732 | Time: 2.4108 | TEST: 0.9457 0.8239 | 0.5167 0.9262 | 0.4896 0.9611 | Time: 2.8506
Epoch: 0066 | TRAIN: 0.2109 0.9961 | 0.0144 1.0000 | 0.0236 1.0000 | Time: 116.7278 | VAL: 0.9207 0.8424 | 0.4122 0.9888 | 0.3938 0.9732 | Time: 2.4147 | TEST: 0.9461 0.8222 | 0.5199 0.9344 | 0.4903 0.9556 | Time: 2.8594
Epoch: 0067 | TRAIN: 0.2039 0.9964 | 0.0145 1.0000 | 0.0226 1.0000 | Time: 117.0152 | VAL: 0.9206 0.8442 | 0.4123 1.0000 | 0.3968 0.9799 | Time: 2.3822 | TEST: 0.9415 0.8205 | 0.5098 0.9508 | 0.4856 0.9556 | Time: 2.8437
Epoch: 0068 | TRAIN: 0.1915 0.9958 | 0.0140 1.0000 | 0.0214 1.0000 | Time: 117.1004 | VAL: 0.9111 0.8514 | 0.4058 1.0000 | 0.3900 0.9799 | Time: 2.3972 | TEST: 0.9333 0.8222 | 0.5099 0.9344 | 0.4860 0.9611 | Time: 2.8443
Epoch: 0069 | TRAIN: 0.1864 0.9976 | 0.0130 1.0000 | 0.0223 1.0000 | Time: 117.2634 | VAL: 0.9021 0.8442 | 0.4062 1.0000 | 0.3750 0.9732 | Time: 2.4187 | TEST: 0.9248 0.8256 | 0.5026 0.9262 | 0.4752 0.9556 | Time: 2.8795
Epoch: 0070 | TRAIN: 0.1765 0.9991 | 0.0136 1.0000 | 0.0205 1.0000 | Time: 117.1015 | VAL: 0.8906 0.8478 | 0.4045 1.0000 | 0.3754 0.9866 | Time: 2.3788 | TEST: 0.9143 0.8171 | 0.4990 0.9426 | 0.4770 0.9667 | Time: 2.8259
Epoch: 0071 | TRAIN: 0.1703 0.9976 | 0.0124 1.0000 | 0.0209 1.0000 | Time: 117.2485 | VAL: 0.8919 0.8460 | 0.4066 0.9888 | 0.3712 0.9732 | Time: 2.4198 | TEST: 0.9156 0.8239 | 0.5100 0.9262 | 0.4632 0.9611 | Time: 2.8700
Epoch: 0072 | TRAIN: 0.1636 0.9982 | 0.0130 1.0000 | 0.0197 1.0000 | Time: 116.8188 | VAL: 0.8865 0.8478 | 0.4063 1.0000 | 0.3715 0.9866 | Time: 2.3909 | TEST: 0.9099 0.8205 | 0.5037 0.9426 | 0.4703 0.9611 | Time: 2.8333
Epoch: 0073 | TRAIN: 0.1544 0.9994 | 0.0123 1.0000 | 0.0186 1.0000 | Time: 116.9394 | VAL: 0.8895 0.8424 | 0.4006 1.0000 | 0.3674 0.9732 | Time: 2.3879 | TEST: 0.9131 0.8188 | 0.5049 0.9262 | 0.4643 0.9611 | Time: 2.8441
Epoch: 0074 | TRAIN: 0.1432 0.9991 | 0.0119 1.0000 | 0.0189 1.0000 | Time: 116.8835 | VAL: 0.8695 0.8514 | 0.4075 1.0000 | 0.3715 0.9866 | Time: 2.4208 | TEST: 0.8957 0.8205 | 0.5120 0.9426 | 0.4715 0.9667 | Time: 2.8602
Epoch: 0075 | TRAIN: 0.1370 0.9979 | 0.0113 1.0000 | 0.0183 1.0000 | Time: 117.1482 | VAL: 0.8614 0.8478 | 0.4078 0.9888 | 0.3703 0.9799 | Time: 2.4272 | TEST: 0.8847 0.8222 | 0.5113 0.9426 | 0.4675 0.9556 | Time: 2.8818
Epoch: 0076 | TRAIN: 0.1289 1.0000 | 0.0112 1.0000 | 0.0177 1.0000 | Time: 116.7148 | VAL: 0.8627 0.8478 | 0.4255 0.9888 | 0.3602 0.9866 | Time: 2.3928 | TEST: 0.8854 0.8256 | 0.5210 0.9344 | 0.4551 0.9667 | Time: 2.8550
Epoch: 0077 | TRAIN: 0.1240 0.9988 | 0.0109 1.0000 | 0.0173 1.0000 | Time: 117.0657 | VAL: 0.8596 0.8406 | 0.4052 0.9888 | 0.3589 0.9799 | Time: 2.4165 | TEST: 0.8819 0.8256 | 0.5034 0.9426 | 0.4575 0.9667 | Time: 2.8869
Epoch: 0078 | TRAIN: 0.1160 1.0000 | 0.0110 1.0000 | 0.0165 1.0000 | Time: 116.9588 | VAL: 0.8562 0.8424 | 0.4055 1.0000 | 0.3647 0.9799 | Time: 2.3816 | TEST: 0.8774 0.8239 | 0.5025 0.9508 | 0.4576 0.9667 | Time: 2.8343
Epoch: 0079 | TRAIN: 0.1133 1.0000 | 0.0106 1.0000 | 0.0161 1.0000 | Time: 116.8792 | VAL: 0.8455 0.8496 | 0.4049 0.9888 | 0.3519 0.9799 | Time: 2.3868 | TEST: 0.8688 0.8222 | 0.5017 0.9344 | 0.4510 0.9611 | Time: 2.8302
Epoch: 0080 | TRAIN: 0.1066 1.0000 | 0.0103 1.0000 | 0.0162 1.0000 | Time: 116.8824 | VAL: 0.8434 0.8514 | 0.4187 0.9888 | 0.3565 0.9866 | Time: 2.4119 | TEST: 0.8620 0.8188 | 0.5136 0.9426 | 0.4532 0.9611 | Time: 2.8615
Epoch: 0081 | TRAIN: 0.1048 0.9991 | 0.0098 1.0000 | 0.0149 1.0000 | Time: 117.0494 | VAL: 0.8485 0.8442 | 0.4122 0.9888 | 0.3568 0.9866 | Time: 2.4243 | TEST: 0.8689 0.8239 | 0.5131 0.9262 | 0.4537 0.9722 | Time: 2.8767
Epoch: 0082 | TRAIN: 0.0963 1.0000 | 0.0103 1.0000 | 0.0144 1.0000 | Time: 117.5157 | VAL: 0.8314 0.8496 | 0.4066 0.9888 | 0.3467 0.9866 | Time: 2.4527 | TEST: 0.8517 0.8239 | 0.5058 0.9426 | 0.4459 0.9611 | Time: 2.8775
Epoch: 0083 | TRAIN: 0.0928 0.9997 | 0.0097 1.0000 | 0.0140 1.0000 | Time: 117.1265 | VAL: 0.8309 0.8533 | 0.4144 0.9888 | 0.3539 0.9866 | Time: 2.4204 | TEST: 0.8537 0.8256 | 0.5155 0.9262 | 0.4505 0.9611 | Time: 2.8816
Epoch: 0084 | TRAIN: 0.0871 1.0000 | 0.0091 1.0000 | 0.0140 1.0000 | Time: 116.9888 | VAL: 0.8200 0.8496 | 0.4146 0.9888 | 0.3521 0.9799 | Time: 2.4327 | TEST: 0.8430 0.8239 | 0.5191 0.9426 | 0.4547 0.9667 | Time: 2.8791
Epoch: 0085 | TRAIN: 0.0838 1.0000 | 0.0087 1.0000 | 0.0140 1.0000 | Time: 116.7844 | VAL: 0.8116 0.8533 | 0.4093 0.9888 | 0.3458 0.9866 | Time: 2.4190 | TEST: 0.8341 0.8256 | 0.5089 0.9426 | 0.4406 0.9722 | Time: 2.8607
Epoch: 0086 | TRAIN: 0.0782 1.0000 | 0.0091 1.0000 | 0.0126 1.0000 | Time: 117.1402 | VAL: 0.8166 0.8478 | 0.4090 0.9888 | 0.3487 0.9732 | Time: 2.4328 | TEST: 0.8367 0.8239 | 0.5119 0.9426 | 0.4450 0.9667 | Time: 2.8903
Epoch: 0087 | TRAIN: 0.0741 1.0000 | 0.0088 1.0000 | 0.0125 1.0000 | Time: 117.3265 | VAL: 0.8136 0.8533 | 0.4094 0.9888 | 0.3402 0.9799 | Time: 2.3987 | TEST: 0.8334 0.8325 | 0.5088 0.9344 | 0.4360 0.9611 | Time: 2.8713
Epoch: 0088 | TRAIN: 0.0739 1.0000 | 0.0089 1.0000 | 0.0123 1.0000 | Time: 117.0358 | VAL: 0.8030 0.8551 | 0.4047 0.9888 | 0.3578 0.9732 | Time: 2.4266 | TEST: 0.8252 0.8256 | 0.5102 0.9590 | 0.4461 0.9611 | Time: 2.8741
Epoch: 0089 | TRAIN: 0.0699 1.0000 | 0.0081 1.0000 | 0.0124 1.0000 | Time: 117.2417 | VAL: 0.7984 0.8551 | 0.4128 0.9888 | 0.3378 0.9799 | Time: 2.3808 | TEST: 0.8208 0.8308 | 0.5167 0.9344 | 0.4311 0.9611 | Time: 2.8511
Epoch: 0090 | TRAIN: 0.0649 1.0000 | 0.0079 1.0000 | 0.0116 1.0000 | Time: 116.9870 | VAL: 0.7900 0.8496 | 0.4096 0.9888 | 0.3395 0.9866 | Time: 2.3891 | TEST: 0.8147 0.8256 | 0.5116 0.9344 | 0.4389 0.9556 | Time: 2.8142
Epoch: 0091 | TRAIN: 0.0663 1.0000 | 0.0076 1.0000 | 0.0116 1.0000 | Time: 116.6452 | VAL: 0.7800 0.8533 | 0.4058 0.9888 | 0.3382 0.9866 | Time: 2.3893 | TEST: 0.8033 0.8274 | 0.5030 0.9508 | 0.4390 0.9722 | Time: 2.8414
Epoch: 0092 | TRAIN: 0.0573 1.0000 | 0.0076 1.0000 | 0.0115 1.0000 | Time: 117.1876 | VAL: 0.7853 0.8460 | 0.4095 0.9888 | 0.3335 0.9799 | Time: 2.3955 | TEST: 0.8092 0.8291 | 0.5106 0.9344 | 0.4349 0.9667 | Time: 2.8943
Epoch: 0093 | TRAIN: 0.0541 1.0000 | 0.0076 1.0000 | 0.0109 1.0000 | Time: 117.1446 | VAL: 0.7762 0.8551 | 0.4071 0.9888 | 0.3339 0.9866 | Time: 2.4275 | TEST: 0.8020 0.8256 | 0.5115 0.9262 | 0.4315 0.9667 | Time: 2.8639
Epoch: 0094 | TRAIN: 0.0545 1.0000 | 0.0071 1.0000 | 0.0104 1.0000 | Time: 117.6642 | VAL: 0.7762 0.8442 | 0.4136 0.9888 | 0.3203 0.9866 | Time: 2.4175 | TEST: 0.7956 0.8291 | 0.5131 0.9426 | 0.4195 0.9722 | Time: 2.9005
Epoch: 0095 | TRAIN: 0.0505 1.0000 | 0.0071 1.0000 | 0.0104 1.0000 | Time: 117.3896 | VAL: 0.7637 0.8551 | 0.4117 0.9888 | 0.3371 0.9866 | Time: 2.4171 | TEST: 0.7879 0.8274 | 0.5187 0.9426 | 0.4344 0.9667 | Time: 2.8458
Epoch: 0096 | TRAIN: 0.0465 1.0000 | 0.0069 1.0000 | 0.0095 1.0000 | Time: 117.2374 | VAL: 0.7639 0.8514 | 0.4109 0.9888 | 0.3300 0.9799 | Time: 2.4039 | TEST: 0.7880 0.8274 | 0.5151 0.9426 | 0.4299 0.9611 | Time: 2.8628
Epoch: 0097 | TRAIN: 0.0462 1.0000 | 0.0065 1.0000 | 0.0094 1.0000 | Time: 117.1068 | VAL: 0.7597 0.8533 | 0.4099 0.9888 | 0.3259 0.9799 | Time: 2.3999 | TEST: 0.7810 0.8274 | 0.5152 0.9344 | 0.4216 0.9611 | Time: 2.8724
Epoch: 0098 | TRAIN: 0.0429 1.0000 | 0.0066 1.0000 | 0.0096 1.0000 | Time: 117.0694 | VAL: 0.7638 0.8514 | 0.4007 0.9888 | 0.3177 0.9799 | Time: 2.4762 | TEST: 0.7867 0.8274 | 0.4951 0.9426 | 0.4174 0.9611 | Time: 2.9213
Epoch: 0099 | TRAIN: 0.0403 1.0000 | 0.0061 1.0000 | 0.0093 1.0000 | Time: 117.0511 | VAL: 0.7509 0.8478 | 0.4046 0.9888 | 0.3213 0.9799 | Time: 2.4779 | TEST: 0.7718 0.8274 | 0.5078 0.9344 | 0.4200 0.9611 | Time: 2.8573
========================================
Best Result: Epoch 60, result {'amazon': [0.8239316239316239], 'dslr': [0.9508196721311475], 'webcam': [0.9611111111111111]}
========================================
