Namespace(batch_size=64, beta_moco=0.1, gamma_moco=0.1, gamma_modo=0.01, lr=0.1, moo_method='MoDo', num_epochs=1000, rho_moco=0.0, rho_modo=0.0, seed=8)

==================================================
Model parameter count per layer
==================================================
fc1.weight 	: 401408
fc1.bias 	: 512
fc2.weight 	: 5120
fc2.bias 	: 10
Total number of parametrs : 407050
--------------------------------------------------

==================================================
LOG FORMAT: Epoch: EPOCH | Descent Error: DESC ERROR
==================================================
Epoch:      0 | Descent Error: 0.5186539292
Epoch:     50 | Descent Error: 0.3432935774
Epoch:    100 | Descent Error: 0.2665887947
Epoch:    150 | Descent Error: 0.2183215786
Epoch:    200 | Descent Error: 0.1856982924
Epoch:    250 | Descent Error: 0.163683764
Epoch:    300 | Descent Error: 0.1467321116
Epoch:    350 | Descent Error: 0.1352115162
Epoch:    400 | Descent Error: 0.1265996086
