========================================
General Configuration:
	Wighting: EW
	Architecture: HPS
	Rep_Grad: False
	Multi_Input: True
	Seed: 0
	Device: cuda:0
EW Configuration:
	weighting: EW
Optimizer Configuration:
	optim: adam
	lr: 0.1
	weight_decay: 1e-05
========================================
Total Params: 11487901
Trainable Params: 11487901
Non-trainable Params: 0
========================================
LOG FORMAT | amazon_LOSS Acc | dslr_LOSS Acc | webcam_LOSS Acc | TIME
Epoch: 0000 | TRAIN: 4.8283 0.0379 | 4.7324 0.0499 | 4.9207 0.0535 | Time: 28.3813 | VAL: 3.4695 0.0507 | 3.8700 0.0674 | 3.2710 0.1074 | Time: 2.3929 | TEST: 3.5850 0.0410 | 3.9469 0.0574 | 3.3264 0.1167 | Time: 2.8739
Epoch: 0001 | TRAIN: 3.4466 0.0511 | 3.1756 0.1016 | 3.1885 0.0913 | Time: 27.9879 | VAL: 3.6495 0.0435 | 3.8048 0.0225 | 3.3053 0.1141 | Time: 2.4204 | TEST: 3.7076 0.0274 | 3.7558 0.0656 | 3.2263 0.1278 | Time: 2.8752
Epoch: 0002 | TRAIN: 3.3658 0.0631 | 3.0115 0.1244 | 3.0117 0.1238 | Time: 27.7641 | VAL: 3.4543 0.0417 | 3.6120 0.1011 | 2.8803 0.1812 | Time: 2.4369 | TEST: 3.5190 0.0274 | 3.4397 0.0984 | 2.9887 0.1611 | Time: 2.9030
Epoch: 0003 | TRAIN: 3.3754 0.0529 | 2.8433 0.1581 | 2.8415 0.1562 | Time: 27.9891 | VAL: 3.3872 0.0634 | 3.7089 0.0899 | 2.6888 0.2550 | Time: 2.4503 | TEST: 3.4102 0.0530 | 3.5938 0.1475 | 2.7948 0.2000 | Time: 2.9141
Epoch: 0004 | TRAIN: 3.3334 0.0727 | 2.7486 0.1779 | 2.7583 0.1815 | Time: 27.7882 | VAL: 3.7740 0.0634 | 3.7340 0.1124 | 2.6747 0.1812 | Time: 2.4086 | TEST: 3.7968 0.0581 | 3.6089 0.1393 | 2.7775 0.1778 | Time: 2.8639
Epoch: 0005 | TRAIN: 3.3316 0.0805 | 2.6592 0.1839 | 2.7198 0.2007 | Time: 27.5160 | VAL: 3.8607 0.0543 | 3.5659 0.1461 | 2.7269 0.1611 | Time: 2.4289 | TEST: 3.9218 0.0513 | 3.4564 0.1475 | 2.8710 0.1611 | Time: 2.9077
Epoch: 0006 | TRAIN: 3.2969 0.0853 | 2.5773 0.2055 | 2.6354 0.1809 | Time: 27.6387 | VAL: 3.6190 0.0707 | 3.2294 0.1573 | 2.3571 0.3087 | Time: 2.4187 | TEST: 3.6061 0.0564 | 3.2567 0.1639 | 2.4464 0.2889 | Time: 2.8811
Epoch: 0007 | TRAIN: 3.2751 0.1004 | 2.5623 0.2007 | 2.6113 0.1995 | Time: 27.6649 | VAL: 4.1746 0.0471 | 3.5777 0.1461 | 2.4506 0.2282 | Time: 2.3860 | TEST: 4.1505 0.0479 | 3.5827 0.1639 | 2.4946 0.2167 | Time: 2.8757
Epoch: 0008 | TRAIN: 3.2388 0.0992 | 2.5024 0.2133 | 2.6313 0.1929 | Time: 27.7054 | VAL: 3.7391 0.0634 | 3.1084 0.1124 | 2.3367 0.3154 | Time: 2.4018 | TEST: 3.7211 0.0462 | 3.0775 0.1803 | 2.3460 0.3000 | Time: 2.8528
Epoch: 0009 | TRAIN: 3.2115 0.0998 | 2.4509 0.2284 | 2.5546 0.2097 | Time: 27.6266 | VAL: 3.3801 0.0779 | 4.3682 0.1011 | 2.5261 0.2685 | Time: 2.4229 | TEST: 3.3660 0.0991 | 4.3760 0.1393 | 2.6577 0.1889 | Time: 2.8978
Epoch: 0010 | TRAIN: 3.2049 0.1124 | 2.3864 0.2356 | 2.4482 0.2374 | Time: 27.5351 | VAL: 3.9686 0.0634 | 3.1593 0.1910 | 2.2598 0.3356 | Time: 2.3861 | TEST: 3.9410 0.0615 | 3.4939 0.2213 | 2.3764 0.3333 | Time: 2.8527
Epoch: 0011 | TRAIN: 3.1798 0.1166 | 2.3913 0.2338 | 2.4681 0.2350 | Time: 27.7766 | VAL: 3.7308 0.0797 | 4.0530 0.1573 | 2.2183 0.3624 | Time: 2.3886 | TEST: 3.7101 0.0821 | 4.1666 0.1557 | 2.3051 0.2944 | Time: 2.8641
Epoch: 0012 | TRAIN: 3.2080 0.1046 | 2.3535 0.2452 | 2.4395 0.2356 | Time: 27.7565 | VAL: 3.2710 0.0978 | 2.8239 0.2360 | 2.3635 0.3423 | Time: 2.4375 | TEST: 3.2765 0.1094 | 2.9052 0.2541 | 2.4455 0.2611 | Time: 2.9109
Epoch: 0013 | TRAIN: 3.1783 0.1214 | 2.2976 0.2506 | 2.3767 0.2632 | Time: 27.7052 | VAL: 3.5661 0.0978 | 2.6914 0.1685 | 2.1668 0.3691 | Time: 2.4380 | TEST: 3.5229 0.1077 | 2.8608 0.1803 | 2.2308 0.3611 | Time: 2.9068
Epoch: 0014 | TRAIN: 3.1594 0.1154 | 2.2883 0.2620 | 2.3712 0.2710 | Time: 27.7024 | VAL: 3.5235 0.0779 | 2.9654 0.2584 | 2.0584 0.3960 | Time: 2.3871 | TEST: 3.4918 0.0718 | 2.9475 0.1885 | 2.3705 0.3444 | Time: 2.8425
Epoch: 0015 | TRAIN: 3.2176 0.0974 | 2.2279 0.2831 | 2.3446 0.2548 | Time: 27.6808 | VAL: 3.2981 0.1159 | 4.4953 0.1124 | 2.3243 0.2550 | Time: 2.4043 | TEST: 3.3483 0.1162 | 4.4073 0.1967 | 2.4236 0.2333 | Time: 2.8541
Epoch: 0016 | TRAIN: 3.1861 0.1136 | 2.1691 0.2879 | 2.3672 0.2764 | Time: 27.6476 | VAL: 3.9653 0.0688 | 2.8142 0.1573 | 2.0967 0.4161 | Time: 2.3504 | TEST: 3.9617 0.0769 | 2.8107 0.1967 | 2.1659 0.4111 | Time: 2.8538
Epoch: 0017 | TRAIN: 3.1368 0.1220 | 2.1434 0.2993 | 2.2540 0.2915 | Time: 27.6841 | VAL: 3.6331 0.0616 | 4.1546 0.1461 | 2.3510 0.2752 | Time: 2.3856 | TEST: 3.5875 0.0632 | 4.2632 0.1393 | 2.4251 0.3167 | Time: 2.8738
Epoch: 0018 | TRAIN: 3.1557 0.1148 | 2.0679 0.3083 | 2.1946 0.2939 | Time: 27.6189 | VAL: 3.7362 0.0688 | 3.2619 0.2360 | 2.1508 0.3758 | Time: 2.3836 | TEST: 3.7746 0.0667 | 3.3842 0.1967 | 2.3625 0.3444 | Time: 2.8678
Epoch: 0019 | TRAIN: 3.1377 0.1166 | 2.0573 0.3071 | 2.2455 0.2782 | Time: 27.8666 | VAL: 3.5594 0.0580 | 4.6720 0.1573 | 2.0797 0.4497 | Time: 2.3755 | TEST: 3.5540 0.0667 | 5.0490 0.1721 | 2.3142 0.3556 | Time: 2.8622
Epoch: 0020 | TRAIN: 3.1076 0.1280 | 2.0739 0.3317 | 2.1565 0.3113 | Time: 27.7005 | VAL: 3.4355 0.0888 | 3.2134 0.2247 | 1.9593 0.4228 | Time: 2.4241 | TEST: 3.4571 0.0821 | 3.4119 0.2787 | 2.0790 0.3611 | Time: 2.8996
Epoch: 0021 | TRAIN: 3.1244 0.1292 | 1.9863 0.3450 | 2.0994 0.3269 | Time: 27.7120 | VAL: 3.1497 0.1558 | 4.2477 0.2697 | 2.4563 0.3154 | Time: 2.4213 | TEST: 3.1697 0.1504 | 4.2651 0.2951 | 2.7681 0.2667 | Time: 2.8884
Epoch: 0022 | TRAIN: 3.1095 0.1280 | 1.9788 0.3666 | 2.1261 0.3143 | Time: 27.5961 | VAL: 3.6150 0.0725 | 3.7608 0.2247 | 2.0228 0.4161 | Time: 2.4012 | TEST: 3.6163 0.0855 | 3.9590 0.2213 | 2.1341 0.3833 | Time: 2.9061
Epoch: 0023 | TRAIN: 3.0824 0.1286 | 1.9207 0.3642 | 2.0666 0.3383 | Time: 27.6928 | VAL: 3.5959 0.0725 | 3.1268 0.3034 | 1.8057 0.4295 | Time: 2.3572 | TEST: 3.5917 0.0718 | 3.5616 0.2705 | 1.8533 0.4556 | Time: 2.8417
Epoch: 0024 | TRAIN: 3.0515 0.1334 | 1.9297 0.3594 | 2.0962 0.3209 | Time: 27.7144 | VAL: 3.4818 0.0924 | 4.6374 0.1798 | 2.2013 0.3758 | Time: 2.3775 | TEST: 3.5159 0.0923 | 4.9716 0.1639 | 2.1397 0.3556 | Time: 2.8193
Epoch: 0025 | TRAIN: 3.1083 0.1280 | 1.9636 0.3594 | 2.1341 0.3017 | Time: 27.8070 | VAL: 3.3859 0.0906 | 5.8228 0.2022 | 2.6479 0.2148 | Time: 2.4240 | TEST: 3.3999 0.0803 | 6.5160 0.1885 | 2.7391 0.2333 | Time: 2.8930
Epoch: 0026 | TRAIN: 3.1056 0.1232 | 1.8983 0.3636 | 2.0641 0.3197 | Time: 27.7242 | VAL: 3.2477 0.0870 | 3.8448 0.2584 | 2.0100 0.4497 | Time: 2.4126 | TEST: 3.2775 0.0821 | 4.2798 0.2623 | 2.0424 0.4333 | Time: 2.8805
Epoch: 0027 | TRAIN: 3.0646 0.1460 | 1.8257 0.3852 | 2.0451 0.3233 | Time: 27.5942 | VAL: 3.3173 0.1359 | 6.7981 0.1236 | 3.4529 0.2081 | Time: 2.4143 | TEST: 3.3237 0.1504 | 6.5306 0.1230 | 3.3088 0.1889 | Time: 2.9021
Epoch: 0028 | TRAIN: 3.0564 0.1310 | 1.8159 0.3870 | 2.0445 0.3407 | Time: 27.5186 | VAL: 3.3855 0.1051 | 5.3207 0.2697 | 2.2192 0.4430 | Time: 2.3964 | TEST: 3.4465 0.0906 | 5.5338 0.3115 | 2.3226 0.3667 | Time: 2.8758
Epoch: 0029 | TRAIN: 3.0596 0.1436 | 1.7702 0.4105 | 2.0257 0.3377 | Time: 27.6504 | VAL: 3.0220 0.1594 | 3.2241 0.3146 | 1.9843 0.4228 | Time: 2.4178 | TEST: 3.0936 0.1607 | 3.7176 0.2377 | 2.2145 0.4222 | Time: 2.9015
Epoch: 0030 | TRAIN: 3.0706 0.1316 | 1.7621 0.4069 | 2.0114 0.3480 | Time: 27.7524 | VAL: 4.1920 0.1214 | 3.7269 0.2472 | 2.4316 0.3758 | Time: 2.4044 | TEST: 4.1307 0.1179 | 3.8054 0.2377 | 2.2203 0.3944 | Time: 2.9091
Epoch: 0031 | TRAIN: 3.0331 0.1394 | 1.7302 0.4165 | 1.9139 0.3780 | Time: 27.5643 | VAL: 3.2903 0.1033 | 2.5519 0.3596 | 1.8312 0.4698 | Time: 2.3581 | TEST: 3.2439 0.1094 | 3.0739 0.4262 | 1.9368 0.4611 | Time: 2.8191
Epoch: 0032 | TRAIN: 3.0554 0.1352 | 1.7965 0.4026 | 1.9216 0.3570 | Time: 27.5042 | VAL: 2.9891 0.1649 | 3.2138 0.2472 | 2.1031 0.3557 | Time: 2.4303 | TEST: 3.0061 0.1487 | 3.7475 0.2951 | 2.1537 0.4333 | Time: 2.8944
Epoch: 0033 | TRAIN: 2.9971 0.1496 | 1.6400 0.4477 | 1.8689 0.3906 | Time: 27.6030 | VAL: 3.4747 0.1141 | 5.2772 0.2360 | 2.5444 0.3691 | Time: 2.3874 | TEST: 3.5377 0.1077 | 5.9151 0.2459 | 2.7895 0.3500 | Time: 2.8707
Epoch: 0034 | TRAIN: 2.9859 0.1587 | 1.6968 0.4309 | 1.9044 0.3852 | Time: 27.4461 | VAL: 4.4053 0.0797 | 5.7561 0.2022 | 2.5799 0.3624 | Time: 2.3366 | TEST: 4.6794 0.0786 | 6.3078 0.2295 | 2.7615 0.3944 | Time: 2.8579
Epoch: 0035 | TRAIN: 2.9866 0.1659 | 1.7616 0.4038 | 1.9055 0.3900 | Time: 27.5732 | VAL: 3.5041 0.1322 | 2.5229 0.3596 | 2.1273 0.4027 | Time: 2.4055 | TEST: 3.5936 0.1299 | 2.8401 0.3770 | 2.2986 0.3778 | Time: 2.8748
Epoch: 0036 | TRAIN: 2.9577 0.1532 | 1.6818 0.4267 | 1.8430 0.4062 | Time: 27.5221 | VAL: 3.7717 0.1395 | 3.0889 0.3371 | 1.7768 0.5570 | Time: 2.3694 | TEST: 3.7112 0.1521 | 3.3394 0.3115 | 2.0116 0.5444 | Time: 2.8071
Epoch: 0037 | TRAIN: 2.9142 0.1587 | 1.6720 0.4423 | 1.7809 0.4069 | Time: 27.4934 | VAL: 2.9810 0.1793 | 2.9999 0.3146 | 1.5858 0.5034 | Time: 2.3806 | TEST: 3.0545 0.1641 | 3.4153 0.3361 | 1.6814 0.4889 | Time: 2.8692
Epoch: 0038 | TRAIN: 2.9421 0.1472 | 1.6079 0.4597 | 1.8308 0.3822 | Time: 27.5653 | VAL: 3.2107 0.1667 | 5.9123 0.2135 | 2.2896 0.3423 | Time: 2.4104 | TEST: 3.2621 0.1419 | 6.3071 0.2459 | 2.4367 0.3889 | Time: 2.9004
Epoch: 0039 | TRAIN: 2.9109 0.1677 | 1.5463 0.4639 | 1.8020 0.4087 | Time: 27.5912 | VAL: 3.1275 0.1486 | 3.7416 0.2472 | 1.6232 0.5436 | Time: 2.3742 | TEST: 3.1127 0.1368 | 4.1422 0.2623 | 1.6720 0.4944 | Time: 2.8592
Epoch: 0040 | TRAIN: 2.9697 0.1472 | 1.5034 0.5102 | 1.7010 0.4105 | Time: 27.6390 | VAL: 3.2016 0.1540 | 3.2781 0.2135 | 1.6794 0.5235 | Time: 2.3310 | TEST: 3.1619 0.1521 | 3.6701 0.2377 | 1.7582 0.4944 | Time: 2.8343
Epoch: 0041 | TRAIN: 2.9290 0.1562 | 1.5487 0.4862 | 1.7821 0.4171 | Time: 27.7564 | VAL: 3.2942 0.1395 | 3.2332 0.1910 | 2.2730 0.4161 | Time: 2.3901 | TEST: 3.3531 0.1094 | 3.5824 0.2377 | 2.1564 0.4056 | Time: 2.8415
Epoch: 0042 | TRAIN: 2.9292 0.1647 | 1.5929 0.4688 | 1.7148 0.4537 | Time: 27.6546 | VAL: 3.0246 0.1685 | 2.9509 0.2809 | 1.8697 0.4631 | Time: 2.3917 | TEST: 3.0254 0.1709 | 3.2794 0.2869 | 1.9947 0.5000 | Time: 2.8578
Epoch: 0043 | TRAIN: 2.8861 0.1797 | 1.5709 0.4796 | 1.6649 0.4381 | Time: 27.6704 | VAL: 3.5014 0.1159 | 3.3597 0.2921 | 1.7402 0.4966 | Time: 2.4160 | TEST: 3.5116 0.1162 | 3.7857 0.3607 | 1.7433 0.5222 | Time: 2.8142
Epoch: 0044 | TRAIN: 2.9004 0.1599 | 1.4800 0.4976 | 1.6881 0.4633 | Time: 27.6887 | VAL: 3.1549 0.1649 | 4.9908 0.2022 | 1.6784 0.5034 | Time: 2.3559 | TEST: 3.1047 0.1487 | 5.1203 0.2705 | 1.8794 0.5167 | Time: 2.8379
Epoch: 0045 | TRAIN: 2.8713 0.1761 | 1.4900 0.4970 | 1.6627 0.4453 | Time: 27.6611 | VAL: 3.6055 0.1504 | 4.1644 0.3146 | 1.9200 0.4698 | Time: 2.3696 | TEST: 3.5452 0.1692 | 4.3941 0.3443 | 1.9210 0.4500 | Time: 2.8303
Epoch: 0046 | TRAIN: 2.8979 0.1761 | 1.4983 0.4844 | 1.6696 0.4435 | Time: 27.3735 | VAL: 3.3670 0.1449 | 2.8430 0.3371 | 1.4898 0.5570 | Time: 2.3634 | TEST: 3.4390 0.1282 | 3.2721 0.3770 | 1.7036 0.5556 | Time: 2.8741
Epoch: 0047 | TRAIN: 2.8421 0.1887 | 1.4604 0.5090 | 1.6735 0.4453 | Time: 27.5677 | VAL: 3.8118 0.1486 | 2.5651 0.3034 | 2.1269 0.4899 | Time: 2.3632 | TEST: 3.8745 0.1470 | 2.8514 0.2951 | 2.4618 0.4889 | Time: 2.8458
Epoch: 0048 | TRAIN: 2.8313 0.1851 | 1.4169 0.5246 | 1.6039 0.4633 | Time: 27.5298 | VAL: 3.0823 0.1649 | 4.9753 0.2584 | 2.0387 0.3691 | Time: 2.4050 | TEST: 3.1329 0.1709 | 4.8413 0.2213 | 2.0359 0.4111 | Time: 2.8664
Epoch: 0049 | TRAIN: 2.8334 0.1899 | 1.4392 0.5216 | 1.5800 0.4591 | Time: 27.6391 | VAL: 2.9608 0.2029 | 4.7800 0.2921 | 2.1727 0.4631 | Time: 2.3880 | TEST: 3.0605 0.1470 | 4.5504 0.3525 | 2.1761 0.4722 | Time: 2.8748
Epoch: 0050 | TRAIN: 2.8148 0.2001 | 1.4485 0.5246 | 1.5802 0.4832 | Time: 27.5830 | VAL: 3.1158 0.1793 | 2.5532 0.3258 | 1.9980 0.4832 | Time: 2.3515 | TEST: 3.1934 0.1607 | 2.7710 0.3361 | 2.1654 0.4667 | Time: 2.8155
Epoch: 0051 | TRAIN: 2.8020 0.1887 | 1.3536 0.5601 | 1.5498 0.4832 | Time: 27.7156 | VAL: 3.4193 0.1667 | 3.0825 0.3596 | 1.9504 0.4899 | Time: 2.3689 | TEST: 3.3660 0.1641 | 3.8625 0.3033 | 1.8785 0.5111 | Time: 2.7924
Epoch: 0052 | TRAIN: 2.7944 0.2049 | 1.4011 0.5234 | 1.5689 0.4826 | Time: 27.4472 | VAL: 3.2404 0.1812 | 3.1493 0.3596 | 2.3349 0.5101 | Time: 2.3824 | TEST: 3.4166 0.1368 | 3.4556 0.2705 | 2.6937 0.4444 | Time: 2.8606
Epoch: 0053 | TRAIN: 2.7988 0.1845 | 1.4232 0.5319 | 1.5656 0.4730 | Time: 27.4076 | VAL: 3.1942 0.1449 | 2.2924 0.4157 | 1.6751 0.5302 | Time: 2.3970 | TEST: 3.2965 0.1231 | 3.4237 0.3934 | 1.8044 0.5111 | Time: 2.8680
Epoch: 0054 | TRAIN: 2.7734 0.1911 | 1.3434 0.5457 | 1.5663 0.4850 | Time: 27.4845 | VAL: 3.4485 0.1576 | 2.4506 0.2809 | 1.6957 0.5034 | Time: 2.3725 | TEST: 3.5181 0.1521 | 2.8699 0.3279 | 1.7423 0.5667 | Time: 2.8736
Epoch: 0055 | TRAIN: 2.7949 0.1953 | 1.3728 0.5331 | 1.4867 0.5114 | Time: 27.5842 | VAL: 4.1551 0.1395 | 2.2708 0.3371 | 1.9247 0.6174 | Time: 2.3580 | TEST: 4.1786 0.1368 | 2.9900 0.3689 | 1.7730 0.5611 | Time: 2.8461
Epoch: 0056 | TRAIN: 2.8236 0.1857 | 1.3769 0.5547 | 1.5020 0.4982 | Time: 27.4920 | VAL: 3.9290 0.1322 | 3.1855 0.4157 | 2.1496 0.5503 | Time: 2.3169 | TEST: 3.9428 0.1282 | 3.3249 0.4016 | 2.4470 0.5000 | Time: 2.7877
Epoch: 0057 | TRAIN: 2.7704 0.2073 | 1.3523 0.5415 | 1.5185 0.4742 | Time: 27.5482 | VAL: 3.0804 0.1775 | 3.0964 0.3034 | 2.1404 0.4966 | Time: 2.3959 | TEST: 3.1273 0.1641 | 3.4572 0.2131 | 2.4366 0.4389 | Time: 2.8619
Epoch: 0058 | TRAIN: 2.7955 0.1887 | 1.3214 0.5607 | 1.4577 0.5126 | Time: 27.5792 | VAL: 3.5168 0.1703 | 2.9537 0.3371 | 2.1537 0.5302 | Time: 2.3501 | TEST: 3.5342 0.1675 | 3.7253 0.2951 | 1.8593 0.5333 | Time: 2.8426
Epoch: 0059 | TRAIN: 2.7197 0.2242 | 1.3783 0.5397 | 1.4432 0.5234 | Time: 27.4950 | VAL: 3.3129 0.1685 | 2.2260 0.3146 | 1.8428 0.6107 | Time: 2.4024 | TEST: 3.3532 0.1504 | 2.3106 0.3279 | 1.8620 0.5556 | Time: 2.8525
Epoch: 0060 | TRAIN: 2.7467 0.2073 | 1.3034 0.5667 | 1.4824 0.5162 | Time: 27.6058 | VAL: 3.2910 0.1957 | 3.3725 0.3708 | 2.0177 0.5168 | Time: 2.3813 | TEST: 3.3912 0.1692 | 3.6767 0.3361 | 2.1087 0.5111 | Time: 2.8859
Epoch: 0061 | TRAIN: 2.6911 0.2175 | 1.2383 0.5998 | 1.3969 0.5222 | Time: 27.5345 | VAL: 3.2765 0.1649 | 2.4250 0.3708 | 2.2405 0.5034 | Time: 2.3874 | TEST: 3.4096 0.1607 | 2.7523 0.3689 | 2.0186 0.5056 | Time: 2.8748
Epoch: 0062 | TRAIN: 2.6961 0.2139 | 1.2773 0.5841 | 1.3730 0.5367 | Time: 27.5881 | VAL: 3.9823 0.1667 | 4.3074 0.3258 | 2.6660 0.4832 | Time: 2.3902 | TEST: 4.1069 0.1487 | 5.1129 0.3197 | 2.4063 0.4444 | Time: 2.8867
Epoch: 0063 | TRAIN: 2.6937 0.2163 | 1.2979 0.5733 | 1.3989 0.5276 | Time: 27.5957 | VAL: 3.2520 0.1522 | 3.3081 0.2360 | 2.1106 0.4832 | Time: 2.3585 | TEST: 3.3864 0.1316 | 3.8390 0.2377 | 2.1475 0.4778 | Time: 2.8568
Epoch: 0064 | TRAIN: 2.7269 0.2206 | 1.1983 0.5889 | 1.3865 0.5240 | Time: 27.5552 | VAL: 3.2121 0.1667 | 2.7459 0.3371 | 1.6822 0.5101 | Time: 2.3613 | TEST: 3.3735 0.1607 | 2.9745 0.3443 | 1.7259 0.5500 | Time: 2.8098
Epoch: 0065 | TRAIN: 2.6879 0.2151 | 1.2285 0.5974 | 1.3773 0.5409 | Time: 27.5674 | VAL: 3.3725 0.1377 | 3.5166 0.2584 | 1.9878 0.5369 | Time: 2.3587 | TEST: 3.4760 0.1419 | 3.8471 0.3279 | 1.9637 0.4722 | Time: 2.7923
Epoch: 0066 | TRAIN: 2.6449 0.2085 | 1.2166 0.5889 | 1.2988 0.5577 | Time: 27.6393 | VAL: 3.1130 0.2047 | 2.5193 0.2472 | 1.8828 0.4631 | Time: 2.4022 | TEST: 3.2249 0.1863 | 3.2032 0.2951 | 2.0110 0.5556 | Time: 2.8384
Epoch: 0067 | TRAIN: 2.6301 0.2248 | 1.2407 0.5799 | 1.3932 0.5439 | Time: 27.5621 | VAL: 3.1032 0.1866 | 2.8806 0.3483 | 1.6982 0.5034 | Time: 2.4122 | TEST: 3.1436 0.1795 | 3.3336 0.4016 | 1.9675 0.5333 | Time: 2.8599
Epoch: 0068 | TRAIN: 2.6550 0.2320 | 1.2042 0.6028 | 1.3304 0.5631 | Time: 27.5123 | VAL: 3.1744 0.2047 | 2.9323 0.2809 | 1.5476 0.5906 | Time: 2.3672 | TEST: 3.3764 0.1726 | 3.4759 0.3279 | 1.8646 0.5722 | Time: 2.8451
Epoch: 0069 | TRAIN: 2.6772 0.2049 | 1.2038 0.6004 | 1.3448 0.5535 | Time: 27.6214 | VAL: 3.1496 0.1757 | 2.2287 0.4270 | 1.5609 0.6040 | Time: 2.3341 | TEST: 3.2589 0.1641 | 2.8178 0.4508 | 1.9020 0.5000 | Time: 2.7786
Epoch: 0070 | TRAIN: 2.6461 0.2127 | 1.2536 0.5907 | 1.3260 0.5559 | Time: 27.5057 | VAL: 3.1886 0.1594 | 2.7005 0.3820 | 1.5952 0.6242 | Time: 2.3529 | TEST: 3.4210 0.1641 | 3.2706 0.3525 | 1.6565 0.5944 | Time: 2.8101
Epoch: 0071 | TRAIN: 2.6159 0.2320 | 1.1798 0.6010 | 1.2830 0.5697 | Time: 27.6604 | VAL: 3.5362 0.1594 | 2.9617 0.3258 | 1.9235 0.5168 | Time: 2.3545 | TEST: 3.6820 0.1487 | 3.2658 0.3115 | 1.6689 0.5722 | Time: 2.8311
Epoch: 0072 | TRAIN: 2.6149 0.2284 | 1.2760 0.5962 | 1.3004 0.5667 | Time: 27.5314 | VAL: 3.6686 0.1431 | 4.0844 0.3371 | 1.9928 0.5570 | Time: 2.4052 | TEST: 3.7959 0.1299 | 4.3184 0.3770 | 1.9696 0.5111 | Time: 2.8860
Epoch: 0073 | TRAIN: 2.6120 0.2332 | 1.1927 0.5938 | 1.3255 0.5691 | Time: 27.6047 | VAL: 3.0235 0.1848 | 2.7598 0.3483 | 1.7239 0.4899 | Time: 2.4166 | TEST: 3.0488 0.1949 | 3.0386 0.3443 | 1.7384 0.5278 | Time: 2.8929
Epoch: 0074 | TRAIN: 2.5902 0.2272 | 1.2124 0.5889 | 1.2943 0.5715 | Time: 27.6815 | VAL: 3.1284 0.2101 | 2.8788 0.2697 | 1.6589 0.5570 | Time: 2.3637 | TEST: 3.2065 0.2034 | 2.9872 0.2623 | 1.5161 0.5889 | Time: 2.8419
Epoch: 0075 | TRAIN: 2.5867 0.2236 | 1.1527 0.5992 | 1.3167 0.5679 | Time: 27.4110 | VAL: 3.9330 0.1649 | 3.5995 0.2697 | 2.3959 0.4631 | Time: 2.4161 | TEST: 4.2741 0.1470 | 3.9371 0.2295 | 2.2294 0.4944 | Time: 2.8552
Epoch: 0076 | TRAIN: 2.6224 0.2362 | 1.2136 0.6010 | 1.3380 0.5709 | Time: 27.5565 | VAL: 3.0162 0.1975 | 2.6569 0.2247 | 1.6609 0.5168 | Time: 2.4299 | TEST: 3.1622 0.1966 | 3.0598 0.2787 | 1.8230 0.5222 | Time: 2.8986
Epoch: 0077 | TRAIN: 2.6378 0.2218 | 1.1919 0.6016 | 1.3045 0.5775 | Time: 27.6313 | VAL: 3.4442 0.1902 | 2.2849 0.3708 | 1.7774 0.4966 | Time: 2.3252 | TEST: 3.5432 0.1504 | 2.7638 0.3115 | 1.9296 0.5500 | Time: 2.7819
Epoch: 0078 | TRAIN: 2.5113 0.2446 | 1.1857 0.6004 | 1.3121 0.5715 | Time: 27.7374 | VAL: 3.9642 0.1703 | 2.3760 0.4494 | 1.6019 0.6376 | Time: 2.4057 | TEST: 4.0744 0.1624 | 2.7321 0.3852 | 1.8531 0.5611 | Time: 2.8105
Epoch: 0079 | TRAIN: 2.5435 0.2452 | 1.1973 0.6112 | 1.2894 0.5938 | Time: 27.5304 | VAL: 3.2571 0.1558 | 3.5361 0.2584 | 1.3135 0.6510 | Time: 2.3860 | TEST: 3.4475 0.1607 | 3.7516 0.2541 | 1.6166 0.5556 | Time: 2.8608
Epoch: 0080 | TRAIN: 2.5673 0.2398 | 1.1873 0.6124 | 1.3680 0.5643 | Time: 27.4419 | VAL: 3.9143 0.1178 | 3.3279 0.2584 | 2.4840 0.4161 | Time: 2.3545 | TEST: 4.1223 0.1145 | 3.5437 0.2869 | 2.3477 0.4500 | Time: 2.8428
Epoch: 0081 | TRAIN: 2.5838 0.2248 | 1.1737 0.6004 | 1.2763 0.5793 | Time: 27.6121 | VAL: 3.1470 0.1793 | 2.9418 0.2921 | 1.5960 0.6040 | Time: 2.3804 | TEST: 3.3266 0.1590 | 3.2443 0.3607 | 1.9207 0.5278 | Time: 2.8329
Epoch: 0082 | TRAIN: 2.5422 0.2362 | 1.1458 0.6160 | 1.2426 0.5950 | Time: 27.5087 | VAL: 3.5247 0.1830 | 2.7797 0.3034 | 1.6345 0.5503 | Time: 2.4073 | TEST: 3.6072 0.1761 | 3.2115 0.3525 | 1.9799 0.5167 | Time: 2.8779
Epoch: 0083 | TRAIN: 2.5626 0.2332 | 1.1241 0.6292 | 1.2161 0.5931 | Time: 27.4152 | VAL: 3.5214 0.1504 | 2.4351 0.4607 | 1.8072 0.5839 | Time: 2.3351 | TEST: 3.5479 0.1709 | 2.8197 0.4016 | 1.6512 0.5889 | Time: 2.8194
Epoch: 0084 | TRAIN: 2.5193 0.2596 | 1.1208 0.6280 | 1.2338 0.5968 | Time: 27.7446 | VAL: 4.1831 0.1793 | 3.7957 0.2360 | 2.4534 0.5168 | Time: 2.4125 | TEST: 4.2830 0.1607 | 4.1813 0.2705 | 2.5426 0.5000 | Time: 2.8918
Epoch: 0085 | TRAIN: 2.5412 0.2398 | 1.0669 0.6370 | 1.2531 0.6076 | Time: 27.3962 | VAL: 3.7358 0.1703 | 4.5477 0.3371 | 1.6552 0.5638 | Time: 2.4129 | TEST: 3.9144 0.1744 | 4.0949 0.3361 | 1.9431 0.5667 | Time: 2.8397
Epoch: 0086 | TRAIN: 2.5012 0.2494 | 1.1616 0.6142 | 1.2463 0.6064 | Time: 27.4795 | VAL: 3.5489 0.1920 | 2.8679 0.2809 | 1.9130 0.5235 | Time: 2.3596 | TEST: 3.6328 0.2120 | 3.0255 0.3852 | 1.9669 0.5444 | Time: 2.8101
Epoch: 0087 | TRAIN: 2.5321 0.2488 | 1.2071 0.6160 | 1.2430 0.5980 | Time: 27.3777 | VAL: 3.2671 0.1739 | 2.9477 0.3371 | 1.8730 0.5503 | Time: 2.3523 | TEST: 3.3475 0.1675 | 3.5121 0.3033 | 2.1171 0.4889 | Time: 2.8176
Epoch: 0088 | TRAIN: 2.4908 0.2704 | 1.1516 0.6202 | 1.2396 0.5974 | Time: 27.3784 | VAL: 3.1180 0.2083 | 2.4073 0.3258 | 1.9360 0.5235 | Time: 2.3628 | TEST: 3.3068 0.2068 | 2.7960 0.3279 | 1.8771 0.5167 | Time: 2.8545
Epoch: 0089 | TRAIN: 2.4916 0.2554 | 1.1335 0.6130 | 1.2556 0.5962 | Time: 27.4199 | VAL: 3.2561 0.2047 | 2.2606 0.4382 | 1.6714 0.5638 | Time: 2.3671 | TEST: 3.3312 0.2222 | 2.6902 0.4016 | 1.9354 0.5889 | Time: 2.8556
Epoch: 0090 | TRAIN: 2.4470 0.2686 | 1.0989 0.6340 | 1.2726 0.5956 | Time: 27.7250 | VAL: 3.2204 0.2047 | 2.7005 0.4045 | 1.4720 0.6242 | Time: 2.3952 | TEST: 3.3290 0.2103 | 2.9796 0.3361 | 1.6091 0.5889 | Time: 2.8500
Epoch: 0091 | TRAIN: 2.5005 0.2686 | 1.1454 0.6274 | 1.2186 0.6010 | Time: 27.5625 | VAL: 3.4549 0.1775 | 2.5281 0.3708 | 2.0081 0.5369 | Time: 2.4176 | TEST: 3.6626 0.1778 | 3.2291 0.3279 | 2.1045 0.5222 | Time: 2.9050
Epoch: 0092 | TRAIN: 2.4519 0.2728 | 1.0887 0.6478 | 1.2377 0.5944 | Time: 27.6912 | VAL: 3.2933 0.1739 | 3.2375 0.3258 | 1.7056 0.5638 | Time: 2.3925 | TEST: 3.4629 0.1658 | 3.5851 0.3525 | 1.6725 0.5944 | Time: 2.8381
Epoch: 0093 | TRAIN: 2.4813 0.2524 | 1.0889 0.6406 | 1.2230 0.6094 | Time: 27.6161 | VAL: 3.3369 0.1812 | 3.0456 0.3146 | 1.7232 0.5503 | Time: 2.4005 | TEST: 3.5461 0.1726 | 3.2935 0.3525 | 1.7260 0.5444 | Time: 2.8941
Epoch: 0094 | TRAIN: 2.4544 0.2698 | 1.0541 0.6611 | 1.2453 0.5950 | Time: 27.7944 | VAL: 3.1448 0.2083 | 2.7890 0.4157 | 1.5451 0.5705 | Time: 2.3976 | TEST: 3.3173 0.2017 | 3.1082 0.3934 | 1.6277 0.5833 | Time: 2.8810
Epoch: 0095 | TRAIN: 2.4413 0.2614 | 1.0773 0.6472 | 1.1713 0.6028 | Time: 27.6466 | VAL: 3.1000 0.1975 | 2.5749 0.2809 | 1.6146 0.5570 | Time: 2.4203 | TEST: 3.1993 0.1880 | 3.1461 0.2459 | 2.0071 0.5167 | Time: 2.8995
Epoch: 0096 | TRAIN: 2.4716 0.2602 | 1.1174 0.6442 | 1.1645 0.6160 | Time: 27.5617 | VAL: 3.2534 0.1830 | 2.5960 0.3933 | 1.5454 0.5906 | Time: 2.3876 | TEST: 3.3927 0.1709 | 2.9494 0.3525 | 1.5948 0.6389 | Time: 2.8158
Epoch: 0097 | TRAIN: 2.4112 0.2788 | 1.0775 0.6526 | 1.1159 0.6358 | Time: 27.4585 | VAL: 3.9105 0.1938 | 2.7606 0.3596 | 2.0979 0.5369 | Time: 2.3961 | TEST: 4.2189 0.1846 | 3.4319 0.2787 | 2.7208 0.5278 | Time: 2.8729
Epoch: 0098 | TRAIN: 2.4366 0.2746 | 1.1268 0.6388 | 1.2015 0.6130 | Time: 27.5292 | VAL: 3.3706 0.2138 | 3.0620 0.3146 | 1.9735 0.5436 | Time: 2.3603 | TEST: 3.5744 0.2034 | 3.5922 0.3115 | 2.0456 0.5222 | Time: 2.8169
Epoch: 0099 | TRAIN: 2.4154 0.2800 | 1.1357 0.6448 | 1.2042 0.6004 | Time: 27.5546 | VAL: 3.4599 0.1920 | 2.8353 0.3596 | 1.7509 0.5906 | Time: 2.3994 | TEST: 3.7451 0.1761 | 2.9940 0.3279 | 1.9801 0.6000 | Time: 2.8882
========================================
Best Result: Epoch 78, result {'amazon': [0.1623931623931624], 'dslr': [0.38524590163934425], 'webcam': [0.5611111111111111]}
========================================
