========================================
General Configuration:
	Wighting: EW
	Architecture: HPS
	Rep_Grad: False
	Multi_Input: True
	Seed: 0
	Device: cuda:0
EW Configuration:
	weighting: EW
Optimizer Configuration:
	optim: adam
	lr: 1e-06
	weight_decay: 0.0001
========================================
Total Params: 11487901
Trainable Params: 11487901
Non-trainable Params: 0
========================================
LOG FORMAT | amazon_LOSS Acc | dslr_LOSS Acc | webcam_LOSS Acc | TIME
Epoch: 0000 | TRAIN: 3.5724 0.0337 | 3.5436 0.0451 | 3.5658 0.0349 | Time: 28.4806 | VAL: 3.5271 0.0236 | 3.4586 0.0449 | 3.5076 0.0201 | Time: 2.4121 | TEST: 3.4867 0.0376 | 3.4539 0.0328 | 3.4692 0.0556 | Time: 2.8774
Epoch: 0001 | TRAIN: 3.5464 0.0421 | 3.4724 0.0511 | 3.5244 0.0445 | Time: 28.1367 | VAL: 3.5068 0.0254 | 3.4226 0.0562 | 3.4746 0.0336 | Time: 2.4272 | TEST: 3.4668 0.0393 | 3.4164 0.0328 | 3.4417 0.0722 | Time: 2.8960
Epoch: 0002 | TRAIN: 3.5272 0.0451 | 3.4393 0.0475 | 3.4830 0.0505 | Time: 28.1702 | VAL: 3.4824 0.0290 | 3.3780 0.0787 | 3.4306 0.0470 | Time: 2.4183 | TEST: 3.4412 0.0393 | 3.3760 0.0410 | 3.4001 0.0722 | Time: 2.8819
Epoch: 0003 | TRAIN: 3.5095 0.0403 | 3.3469 0.0673 | 3.4010 0.0745 | Time: 28.0859 | VAL: 3.4606 0.0326 | 3.3436 0.1011 | 3.3902 0.0604 | Time: 2.4563 | TEST: 3.4188 0.0462 | 3.3405 0.0656 | 3.3633 0.0833 | Time: 2.8887
Epoch: 0004 | TRAIN: 3.4698 0.0493 | 3.3076 0.0757 | 3.3449 0.0919 | Time: 27.9968 | VAL: 3.4383 0.0417 | 3.3031 0.1011 | 3.3510 0.0537 | Time: 2.4232 | TEST: 3.3962 0.0564 | 3.3001 0.0656 | 3.3279 0.1000 | Time: 2.8817
Epoch: 0005 | TRAIN: 3.4575 0.0631 | 3.2382 0.1028 | 3.3014 0.0992 | Time: 28.0793 | VAL: 3.4128 0.0471 | 3.2679 0.1011 | 3.3108 0.0940 | Time: 2.4159 | TEST: 3.3735 0.0564 | 3.2641 0.0820 | 3.2889 0.1167 | Time: 2.8698
Epoch: 0006 | TRAIN: 3.4055 0.0715 | 3.1647 0.1268 | 3.2462 0.1208 | Time: 27.9054 | VAL: 3.3905 0.0507 | 3.2319 0.1124 | 3.2745 0.1074 | Time: 2.4195 | TEST: 3.3518 0.0701 | 3.2269 0.1230 | 3.2563 0.1278 | Time: 2.8426
Epoch: 0007 | TRAIN: 3.4176 0.0637 | 3.1391 0.1268 | 3.2299 0.1238 | Time: 27.8687 | VAL: 3.3625 0.0652 | 3.1869 0.1236 | 3.2362 0.1275 | Time: 2.4127 | TEST: 3.3242 0.0769 | 3.1886 0.1311 | 3.2189 0.1778 | Time: 2.8662
Epoch: 0008 | TRAIN: 3.3410 0.0721 | 3.0717 0.1556 | 3.1323 0.1430 | Time: 27.9439 | VAL: 3.3432 0.0634 | 3.1507 0.1573 | 3.1972 0.1611 | Time: 2.4338 | TEST: 3.3033 0.0838 | 3.1506 0.1475 | 3.1837 0.1944 | Time: 2.8880
Epoch: 0009 | TRAIN: 3.3298 0.0883 | 3.0146 0.1689 | 3.1039 0.1496 | Time: 28.0251 | VAL: 3.3184 0.0761 | 3.1196 0.1685 | 3.1587 0.2013 | Time: 2.3856 | TEST: 3.2803 0.0940 | 3.1179 0.1721 | 3.1483 0.2222 | Time: 2.8393
Epoch: 0010 | TRAIN: 3.3132 0.0841 | 2.9588 0.2097 | 3.0708 0.1827 | Time: 28.0516 | VAL: 3.2951 0.0942 | 3.0750 0.2360 | 3.1225 0.2215 | Time: 2.4185 | TEST: 3.2558 0.1043 | 3.0802 0.2295 | 3.1133 0.2444 | Time: 2.8738
Epoch: 0011 | TRAIN: 3.2621 0.1088 | 2.9087 0.2368 | 3.0123 0.2067 | Time: 28.0343 | VAL: 3.2725 0.1033 | 3.0433 0.2697 | 3.0866 0.2416 | Time: 2.4154 | TEST: 3.2359 0.1231 | 3.0456 0.2459 | 3.0766 0.2667 | Time: 2.8651
Epoch: 0012 | TRAIN: 3.2386 0.1166 | 2.8608 0.2656 | 2.9721 0.2302 | Time: 27.9300 | VAL: 3.2504 0.1141 | 3.0046 0.2584 | 3.0466 0.2550 | Time: 2.3824 | TEST: 3.2119 0.1470 | 3.0110 0.2869 | 3.0414 0.2778 | Time: 2.8302
Epoch: 0013 | TRAIN: 3.2369 0.1070 | 2.8002 0.3023 | 2.8996 0.2386 | Time: 28.1070 | VAL: 3.2242 0.1250 | 2.9668 0.2697 | 3.0161 0.2819 | Time: 2.4147 | TEST: 3.1856 0.1607 | 2.9730 0.3279 | 3.0134 0.2944 | Time: 2.8791
Epoch: 0014 | TRAIN: 3.1928 0.1358 | 2.7632 0.3113 | 2.8513 0.2812 | Time: 28.0783 | VAL: 3.2017 0.1522 | 2.9326 0.2921 | 2.9771 0.3087 | Time: 2.4499 | TEST: 3.1639 0.1880 | 2.9411 0.3279 | 2.9749 0.3000 | Time: 2.9090
Epoch: 0015 | TRAIN: 3.1727 0.1418 | 2.7023 0.3612 | 2.8054 0.3035 | Time: 28.0397 | VAL: 3.1809 0.1685 | 2.8988 0.2921 | 2.9382 0.3289 | Time: 2.4258 | TEST: 3.1432 0.2068 | 2.9049 0.3443 | 2.9408 0.3444 | Time: 2.8931
Epoch: 0016 | TRAIN: 3.1648 0.1514 | 2.6580 0.3768 | 2.7748 0.3245 | Time: 28.1586 | VAL: 3.1540 0.1938 | 2.8625 0.3034 | 2.9066 0.3490 | Time: 2.4398 | TEST: 3.1166 0.2256 | 2.8717 0.3689 | 2.9109 0.3444 | Time: 2.9087
Epoch: 0017 | TRAIN: 3.1270 0.1556 | 2.6062 0.4129 | 2.7285 0.3516 | Time: 28.1806 | VAL: 3.1335 0.2083 | 2.8275 0.3596 | 2.8704 0.3758 | Time: 2.4712 | TEST: 3.0965 0.2359 | 2.8410 0.4262 | 2.8747 0.3833 | Time: 2.8814
Epoch: 0018 | TRAIN: 3.1070 0.1761 | 2.5448 0.4537 | 2.6757 0.3762 | Time: 28.3183 | VAL: 3.1110 0.2174 | 2.7942 0.3933 | 2.8339 0.3758 | Time: 2.4440 | TEST: 3.0742 0.2462 | 2.8072 0.4180 | 2.8444 0.3944 | Time: 2.9048
Epoch: 0019 | TRAIN: 3.0579 0.1983 | 2.5461 0.4591 | 2.6430 0.3852 | Time: 28.1065 | VAL: 3.0907 0.2355 | 2.7635 0.4270 | 2.8066 0.3893 | Time: 2.4218 | TEST: 3.0547 0.2615 | 2.7744 0.4508 | 2.8141 0.4056 | Time: 2.8797
Epoch: 0020 | TRAIN: 3.0488 0.2061 | 2.4571 0.4976 | 2.5879 0.4309 | Time: 28.0384 | VAL: 3.0671 0.2518 | 2.7320 0.4494 | 2.7683 0.4094 | Time: 2.3906 | TEST: 3.0309 0.2615 | 2.7416 0.4672 | 2.7800 0.4167 | Time: 2.8442
Epoch: 0021 | TRAIN: 3.0201 0.2194 | 2.4127 0.5343 | 2.5467 0.4585 | Time: 28.1273 | VAL: 3.0475 0.2609 | 2.6967 0.4607 | 2.7416 0.4228 | Time: 2.4458 | TEST: 3.0123 0.2838 | 2.7122 0.4754 | 2.7535 0.4333 | Time: 2.9105
Epoch: 0022 | TRAIN: 2.9994 0.2157 | 2.3579 0.5823 | 2.4930 0.4802 | Time: 28.0445 | VAL: 3.0229 0.2736 | 2.6652 0.4944 | 2.7065 0.4362 | Time: 2.4506 | TEST: 2.9886 0.2974 | 2.6836 0.5000 | 2.7203 0.4556 | Time: 2.9236
Epoch: 0023 | TRAIN: 2.9982 0.2302 | 2.3272 0.5901 | 2.4575 0.4994 | Time: 28.1483 | VAL: 3.0069 0.2790 | 2.6454 0.5056 | 2.6774 0.4631 | Time: 2.4284 | TEST: 2.9726 0.2957 | 2.6560 0.5328 | 2.6960 0.4778 | Time: 2.8955
Epoch: 0024 | TRAIN: 2.9502 0.2536 | 2.2877 0.6142 | 2.4219 0.5108 | Time: 28.2813 | VAL: 2.9821 0.2772 | 2.6066 0.4944 | 2.6391 0.4631 | Time: 2.4383 | TEST: 2.9482 0.3162 | 2.6224 0.5246 | 2.6574 0.5111 | Time: 2.9009
Epoch: 0025 | TRAIN: 2.9275 0.2692 | 2.2520 0.6448 | 2.3851 0.5439 | Time: 28.0955 | VAL: 2.9591 0.2880 | 2.5749 0.5393 | 2.6121 0.4832 | Time: 2.4796 | TEST: 2.9246 0.3265 | 2.5919 0.5574 | 2.6303 0.5056 | Time: 2.9341
Epoch: 0026 | TRAIN: 2.9028 0.2740 | 2.2312 0.6520 | 2.3464 0.5553 | Time: 28.1509 | VAL: 2.9404 0.3043 | 2.5502 0.5393 | 2.5805 0.4899 | Time: 2.4297 | TEST: 2.9062 0.3368 | 2.5656 0.5656 | 2.5996 0.5444 | Time: 2.8934
Epoch: 0027 | TRAIN: 2.8650 0.2867 | 2.1749 0.6833 | 2.3082 0.5727 | Time: 28.1001 | VAL: 2.9186 0.3116 | 2.5184 0.5618 | 2.5541 0.5034 | Time: 2.4148 | TEST: 2.8857 0.3504 | 2.5366 0.5902 | 2.5773 0.5611 | Time: 2.8793
Epoch: 0028 | TRAIN: 2.8533 0.2843 | 2.1340 0.6965 | 2.2770 0.5853 | Time: 28.0555 | VAL: 2.8989 0.3261 | 2.4989 0.5730 | 2.5277 0.5235 | Time: 2.3918 | TEST: 2.8654 0.3624 | 2.5135 0.5902 | 2.5528 0.5667 | Time: 2.8358
Epoch: 0029 | TRAIN: 2.8476 0.2993 | 2.0989 0.7188 | 2.2346 0.6070 | Time: 28.1677 | VAL: 2.8771 0.3406 | 2.4595 0.5730 | 2.4920 0.5436 | Time: 2.4453 | TEST: 2.8458 0.3709 | 2.4797 0.6066 | 2.5175 0.5889 | Time: 2.9161
Epoch: 0030 | TRAIN: 2.8131 0.3215 | 2.0658 0.7356 | 2.1924 0.6316 | Time: 28.1415 | VAL: 2.8581 0.3605 | 2.4438 0.5618 | 2.4770 0.5638 | Time: 2.4262 | TEST: 2.8252 0.3915 | 2.4584 0.6311 | 2.5025 0.5778 | Time: 2.8841
Epoch: 0031 | TRAIN: 2.7800 0.3311 | 2.0321 0.7596 | 2.1565 0.6611 | Time: 28.1568 | VAL: 2.8375 0.3659 | 2.4119 0.5730 | 2.4429 0.5772 | Time: 2.4353 | TEST: 2.8056 0.4000 | 2.4323 0.6230 | 2.4724 0.6111 | Time: 2.8810
Epoch: 0032 | TRAIN: 2.7749 0.3389 | 2.0009 0.7680 | 2.1262 0.6809 | Time: 28.0123 | VAL: 2.8166 0.3804 | 2.3868 0.6180 | 2.4215 0.5772 | Time: 2.4079 | TEST: 2.7857 0.4188 | 2.4027 0.6230 | 2.4507 0.6167 | Time: 2.8575
Epoch: 0033 | TRAIN: 2.7358 0.3624 | 1.9382 0.7993 | 2.0975 0.6905 | Time: 27.9298 | VAL: 2.8006 0.3895 | 2.3652 0.6404 | 2.3959 0.6107 | Time: 2.4297 | TEST: 2.7702 0.4291 | 2.3835 0.6475 | 2.4271 0.6278 | Time: 2.8795
Epoch: 0034 | TRAIN: 2.7238 0.3612 | 1.9393 0.7933 | 2.0637 0.7043 | Time: 28.0676 | VAL: 2.7863 0.3913 | 2.3431 0.6180 | 2.3697 0.6107 | Time: 2.4210 | TEST: 2.7557 0.4308 | 2.3605 0.6639 | 2.4020 0.6389 | Time: 2.8849
Epoch: 0035 | TRAIN: 2.6912 0.3768 | 1.9128 0.8041 | 2.0228 0.7061 | Time: 28.2692 | VAL: 2.7646 0.4076 | 2.3141 0.6404 | 2.3436 0.6174 | Time: 2.4433 | TEST: 2.7335 0.4359 | 2.3350 0.6721 | 2.3761 0.6611 | Time: 2.9087
Epoch: 0036 | TRAIN: 2.6872 0.3876 | 1.8624 0.8227 | 1.9993 0.7236 | Time: 28.1481 | VAL: 2.7466 0.4167 | 2.3016 0.6517 | 2.3200 0.6174 | Time: 2.4580 | TEST: 2.7156 0.4496 | 2.3172 0.6803 | 2.3547 0.6722 | Time: 2.9226
Epoch: 0037 | TRAIN: 2.6450 0.4087 | 1.8388 0.8480 | 1.9604 0.7314 | Time: 28.1761 | VAL: 2.7242 0.4239 | 2.2722 0.6629 | 2.2959 0.6376 | Time: 2.4236 | TEST: 2.6940 0.4632 | 2.2935 0.6803 | 2.3303 0.6667 | Time: 2.8889
Epoch: 0038 | TRAIN: 2.6216 0.4231 | 1.8035 0.8660 | 1.9601 0.7596 | Time: 28.1216 | VAL: 2.7125 0.4366 | 2.2461 0.7079 | 2.2807 0.6644 | Time: 2.4123 | TEST: 2.6825 0.4684 | 2.2688 0.6885 | 2.3161 0.6667 | Time: 2.8810
Epoch: 0039 | TRAIN: 2.6224 0.4165 | 1.7550 0.8642 | 1.9008 0.7644 | Time: 28.1692 | VAL: 2.6898 0.4420 | 2.2250 0.7079 | 2.2532 0.6711 | Time: 2.4544 | TEST: 2.6611 0.4786 | 2.2477 0.6967 | 2.2886 0.6722 | Time: 2.9184
Epoch: 0040 | TRAIN: 2.5881 0.4363 | 1.7447 0.8798 | 1.8856 0.7843 | Time: 28.1387 | VAL: 2.6702 0.4529 | 2.1955 0.7079 | 2.2222 0.6846 | Time: 2.4272 | TEST: 2.6407 0.4786 | 2.2202 0.7049 | 2.2588 0.6889 | Time: 2.8864
Epoch: 0041 | TRAIN: 2.5850 0.4393 | 1.7075 0.8864 | 1.8599 0.7837 | Time: 28.0355 | VAL: 2.6598 0.4674 | 2.1847 0.7191 | 2.2084 0.6846 | Time: 2.4019 | TEST: 2.6308 0.4991 | 2.2080 0.6967 | 2.2481 0.6944 | Time: 2.8552
Epoch: 0042 | TRAIN: 2.5357 0.4501 | 1.6958 0.8966 | 1.8162 0.8089 | Time: 28.0595 | VAL: 2.6396 0.4783 | 2.1602 0.7303 | 2.1804 0.6846 | Time: 2.4111 | TEST: 2.6128 0.5077 | 2.1868 0.7131 | 2.2204 0.6833 | Time: 2.8402
Epoch: 0043 | TRAIN: 2.5288 0.4555 | 1.6732 0.9002 | 1.8009 0.8113 | Time: 28.0013 | VAL: 2.6262 0.4873 | 2.1487 0.7416 | 2.1732 0.6913 | Time: 2.4172 | TEST: 2.5981 0.5145 | 2.1738 0.7295 | 2.2123 0.7056 | Time: 2.8801
Epoch: 0044 | TRAIN: 2.5147 0.4633 | 1.6420 0.9056 | 1.7645 0.8161 | Time: 28.1711 | VAL: 2.6039 0.4928 | 2.1223 0.7528 | 2.1414 0.7114 | Time: 2.4190 | TEST: 2.5775 0.5179 | 2.1464 0.7295 | 2.1826 0.7167 | Time: 2.8798
Epoch: 0045 | TRAIN: 2.5000 0.4567 | 1.5899 0.9237 | 1.7391 0.8293 | Time: 28.2182 | VAL: 2.5854 0.5018 | 2.0986 0.7640 | 2.1183 0.7047 | Time: 2.4105 | TEST: 2.5588 0.5316 | 2.1245 0.7459 | 2.1628 0.7278 | Time: 2.8733
Epoch: 0046 | TRAIN: 2.4858 0.4826 | 1.5797 0.9249 | 1.7212 0.8305 | Time: 28.2205 | VAL: 2.5731 0.5127 | 2.0924 0.7753 | 2.1080 0.7315 | Time: 2.4544 | TEST: 2.5461 0.5282 | 2.1194 0.7459 | 2.1534 0.7278 | Time: 2.9130
Epoch: 0047 | TRAIN: 2.4480 0.4922 | 1.5625 0.9327 | 1.6890 0.8365 | Time: 27.9620 | VAL: 2.5583 0.5199 | 2.0701 0.7978 | 2.0885 0.7248 | Time: 2.3851 | TEST: 2.5310 0.5419 | 2.0997 0.7541 | 2.1318 0.7500 | Time: 2.8663
Epoch: 0048 | TRAIN: 2.4594 0.4952 | 1.5466 0.9375 | 1.6818 0.8401 | Time: 28.1390 | VAL: 2.5401 0.5272 | 2.0474 0.7753 | 2.0659 0.7248 | Time: 2.4146 | TEST: 2.5145 0.5453 | 2.0742 0.7541 | 2.1120 0.7556 | Time: 2.8633
Epoch: 0049 | TRAIN: 2.4294 0.5066 | 1.5239 0.9405 | 1.6287 0.8648 | Time: 28.0708 | VAL: 2.5271 0.5272 | 2.0264 0.7865 | 2.0518 0.7383 | Time: 2.4482 | TEST: 2.5001 0.5538 | 2.0569 0.7623 | 2.0978 0.7556 | Time: 2.9168
Epoch: 0050 | TRAIN: 2.4102 0.5156 | 1.5018 0.9363 | 1.6262 0.8528 | Time: 28.1884 | VAL: 2.5065 0.5417 | 2.0077 0.7865 | 2.0314 0.7651 | Time: 2.4296 | TEST: 2.4810 0.5709 | 2.0388 0.7787 | 2.0773 0.7778 | Time: 2.8890
Epoch: 0051 | TRAIN: 2.3849 0.5144 | 1.4467 0.9507 | 1.6061 0.8678 | Time: 28.1781 | VAL: 2.4931 0.5435 | 1.9941 0.7865 | 2.0172 0.7584 | Time: 2.4167 | TEST: 2.4667 0.5744 | 2.0242 0.7787 | 2.0672 0.7722 | Time: 2.8737
Epoch: 0052 | TRAIN: 2.3648 0.5312 | 1.4485 0.9495 | 1.5612 0.8870 | Time: 27.9517 | VAL: 2.4779 0.5489 | 1.9784 0.8427 | 2.0000 0.7651 | Time: 2.4135 | TEST: 2.4517 0.5812 | 2.0098 0.7787 | 2.0502 0.7889 | Time: 2.8713
Epoch: 0053 | TRAIN: 2.3573 0.5186 | 1.4253 0.9609 | 1.5588 0.8810 | Time: 28.2125 | VAL: 2.4606 0.5525 | 1.9583 0.8315 | 1.9760 0.7651 | Time: 2.4243 | TEST: 2.4351 0.5915 | 1.9926 0.7869 | 2.0243 0.7833 | Time: 2.8706
Epoch: 0054 | TRAIN: 2.3434 0.5252 | 1.4099 0.9597 | 1.5309 0.8948 | Time: 28.1280 | VAL: 2.4491 0.5688 | 1.9419 0.8427 | 1.9676 0.7785 | Time: 2.4215 | TEST: 2.4234 0.6034 | 1.9785 0.7869 | 2.0182 0.8000 | Time: 2.8800
Epoch: 0055 | TRAIN: 2.2975 0.5559 | 1.3836 0.9633 | 1.5182 0.8792 | Time: 28.1846 | VAL: 2.4281 0.5743 | 1.9247 0.8539 | 1.9447 0.7852 | Time: 2.4016 | TEST: 2.4024 0.6017 | 1.9569 0.7951 | 1.9963 0.8000 | Time: 2.8540
Epoch: 0056 | TRAIN: 2.3048 0.5571 | 1.3642 0.9724 | 1.5029 0.9014 | Time: 28.2985 | VAL: 2.4191 0.5725 | 1.9134 0.8427 | 1.9388 0.7852 | Time: 2.4504 | TEST: 2.3958 0.6068 | 1.9498 0.7869 | 1.9897 0.8056 | Time: 2.9100
Epoch: 0057 | TRAIN: 2.2916 0.5613 | 1.3280 0.9724 | 1.4708 0.8918 | Time: 28.1280 | VAL: 2.4021 0.5797 | 1.8964 0.8427 | 1.9200 0.8054 | Time: 2.4395 | TEST: 2.3798 0.6103 | 1.9312 0.8033 | 1.9734 0.8222 | Time: 2.8926
Epoch: 0058 | TRAIN: 2.2709 0.5727 | 1.3239 0.9700 | 1.4659 0.8984 | Time: 28.2988 | VAL: 2.3861 0.5888 | 1.8773 0.8652 | 1.9008 0.7987 | Time: 2.4112 | TEST: 2.3640 0.6171 | 1.9115 0.7951 | 1.9540 0.8111 | Time: 2.8480
Epoch: 0059 | TRAIN: 2.2599 0.5739 | 1.2966 0.9742 | 1.4266 0.9081 | Time: 28.1092 | VAL: 2.3652 0.5924 | 1.8576 0.8427 | 1.8810 0.8255 | Time: 2.4235 | TEST: 2.3422 0.6188 | 1.8929 0.8115 | 1.9360 0.8111 | Time: 2.8749
Epoch: 0060 | TRAIN: 2.2321 0.5817 | 1.2801 0.9760 | 1.4195 0.9177 | Time: 28.1002 | VAL: 2.3562 0.6051 | 1.8490 0.8764 | 1.8694 0.8255 | Time: 2.4446 | TEST: 2.3343 0.6171 | 1.8813 0.8115 | 1.9241 0.8333 | Time: 2.8701
Epoch: 0061 | TRAIN: 2.2137 0.5938 | 1.2575 0.9772 | 1.3863 0.9231 | Time: 28.1480 | VAL: 2.3404 0.6051 | 1.8280 0.8764 | 1.8524 0.8255 | Time: 2.4359 | TEST: 2.3186 0.6274 | 1.8659 0.8279 | 1.9084 0.8389 | Time: 2.8973
Epoch: 0062 | TRAIN: 2.1940 0.6118 | 1.2434 0.9784 | 1.3815 0.9273 | Time: 28.0377 | VAL: 2.3362 0.6069 | 1.8201 0.8764 | 1.8523 0.8188 | Time: 2.4119 | TEST: 2.3136 0.6256 | 1.8610 0.8197 | 1.9064 0.8333 | Time: 2.8786
Epoch: 0063 | TRAIN: 2.1701 0.6160 | 1.2256 0.9826 | 1.3632 0.9291 | Time: 28.0545 | VAL: 2.3144 0.6141 | 1.8077 0.8652 | 1.8289 0.8255 | Time: 2.3500 | TEST: 2.2922 0.6256 | 1.8421 0.8279 | 1.8882 0.8500 | Time: 2.8135
Epoch: 0064 | TRAIN: 2.1666 0.6196 | 1.2047 0.9814 | 1.3485 0.9213 | Time: 27.8692 | VAL: 2.3042 0.6141 | 1.7859 0.8764 | 1.8119 0.8255 | Time: 2.3712 | TEST: 2.2825 0.6359 | 1.8257 0.8279 | 1.8703 0.8500 | Time: 2.8278
Epoch: 0065 | TRAIN: 2.1334 0.6160 | 1.1997 0.9856 | 1.3150 0.9285 | Time: 28.0066 | VAL: 2.2895 0.6159 | 1.7772 0.8764 | 1.7982 0.8188 | Time: 2.4492 | TEST: 2.2677 0.6342 | 1.8159 0.8197 | 1.8561 0.8556 | Time: 2.9010
Epoch: 0066 | TRAIN: 2.1365 0.6250 | 1.1727 0.9844 | 1.3231 0.9387 | Time: 27.8248 | VAL: 2.2782 0.6268 | 1.7592 0.8764 | 1.7949 0.8389 | Time: 2.4535 | TEST: 2.2573 0.6444 | 1.8029 0.8279 | 1.8552 0.8556 | Time: 2.9081
Epoch: 0067 | TRAIN: 2.1207 0.6430 | 1.1577 0.9874 | 1.2928 0.9393 | Time: 27.9934 | VAL: 2.2684 0.6232 | 1.7470 0.8764 | 1.7736 0.8322 | Time: 2.4272 | TEST: 2.2481 0.6444 | 1.7917 0.8361 | 1.8362 0.8500 | Time: 2.8753
Epoch: 0068 | TRAIN: 2.0979 0.6280 | 1.1406 0.9892 | 1.2605 0.9423 | Time: 28.0628 | VAL: 2.2507 0.6322 | 1.7306 0.8876 | 1.7684 0.8255 | Time: 2.4156 | TEST: 2.2320 0.6479 | 1.7791 0.8443 | 1.8292 0.8556 | Time: 2.8752
Epoch: 0069 | TRAIN: 2.0955 0.6490 | 1.1208 0.9898 | 1.2486 0.9423 | Time: 28.0595 | VAL: 2.2370 0.6413 | 1.7282 0.8764 | 1.7469 0.8322 | Time: 2.3880 | TEST: 2.2185 0.6479 | 1.7665 0.8361 | 1.8088 0.8611 | Time: 2.8820
Epoch: 0070 | TRAIN: 2.0701 0.6436 | 1.1074 0.9928 | 1.2487 0.9465 | Time: 28.0367 | VAL: 2.2233 0.6431 | 1.7050 0.8764 | 1.7376 0.8456 | Time: 2.4067 | TEST: 2.2045 0.6564 | 1.7517 0.8361 | 1.8011 0.8611 | Time: 2.8642
Epoch: 0071 | TRAIN: 2.0662 0.6406 | 1.0956 0.9886 | 1.2212 0.9525 | Time: 28.0090 | VAL: 2.2117 0.6431 | 1.7047 0.8764 | 1.7301 0.8456 | Time: 2.3879 | TEST: 2.1944 0.6581 | 1.7483 0.8607 | 1.7950 0.8722 | Time: 2.8388
Epoch: 0072 | TRAIN: 2.0269 0.6653 | 1.0829 0.9910 | 1.2028 0.9495 | Time: 28.0416 | VAL: 2.2020 0.6504 | 1.6857 0.8764 | 1.7171 0.8389 | Time: 2.4305 | TEST: 2.1848 0.6632 | 1.7311 0.8607 | 1.7836 0.8500 | Time: 2.8834
Epoch: 0073 | TRAIN: 2.0364 0.6436 | 1.0697 0.9940 | 1.2042 0.9591 | Time: 28.0738 | VAL: 2.1899 0.6504 | 1.6720 0.8764 | 1.7040 0.8456 | Time: 2.4081 | TEST: 2.1719 0.6650 | 1.7173 0.8607 | 1.7708 0.8611 | Time: 2.8749
Epoch: 0074 | TRAIN: 2.0113 0.6593 | 1.0490 0.9964 | 1.1721 0.9609 | Time: 28.1897 | VAL: 2.1749 0.6558 | 1.6618 0.8764 | 1.6909 0.8523 | Time: 2.4154 | TEST: 2.1582 0.6684 | 1.7069 0.8525 | 1.7567 0.8667 | Time: 2.9008
Epoch: 0075 | TRAIN: 2.0147 0.6448 | 1.0282 0.9940 | 1.1714 0.9519 | Time: 28.1565 | VAL: 2.1591 0.6594 | 1.6437 0.8764 | 1.6734 0.8456 | Time: 2.3886 | TEST: 2.1422 0.6701 | 1.6940 0.8525 | 1.7405 0.8667 | Time: 2.8401
Epoch: 0076 | TRAIN: 1.9934 0.6731 | 1.0324 0.9970 | 1.1461 0.9627 | Time: 28.1989 | VAL: 2.1552 0.6630 | 1.6410 0.8876 | 1.6717 0.8456 | Time: 2.4182 | TEST: 2.1385 0.6752 | 1.6867 0.8525 | 1.7398 0.8722 | Time: 2.8864
Epoch: 0077 | TRAIN: 1.9663 0.6773 | 1.0145 0.9934 | 1.1251 0.9573 | Time: 28.0968 | VAL: 2.1424 0.6685 | 1.6247 0.8764 | 1.6617 0.8523 | Time: 2.4440 | TEST: 2.1267 0.6786 | 1.6750 0.8525 | 1.7299 0.8722 | Time: 2.9103
Epoch: 0078 | TRAIN: 1.9430 0.6863 | 1.0042 0.9934 | 1.1176 0.9675 | Time: 28.2716 | VAL: 2.1277 0.6721 | 1.6130 0.8764 | 1.6472 0.8523 | Time: 2.4182 | TEST: 2.1123 0.6838 | 1.6610 0.8525 | 1.7172 0.8833 | Time: 2.8675
Epoch: 0079 | TRAIN: 1.9489 0.6749 | 0.9694 0.9946 | 1.1074 0.9663 | Time: 28.1642 | VAL: 2.1188 0.6757 | 1.6078 0.8764 | 1.6415 0.8523 | Time: 2.4422 | TEST: 2.1054 0.6803 | 1.6585 0.8525 | 1.7110 0.8889 | Time: 2.9079
Epoch: 0080 | TRAIN: 1.9297 0.6809 | 0.9612 0.9964 | 1.0913 0.9688 | Time: 28.0878 | VAL: 2.1077 0.6721 | 1.5916 0.8876 | 1.6291 0.8658 | Time: 2.4351 | TEST: 2.0931 0.6838 | 1.6428 0.8607 | 1.6977 0.8778 | Time: 2.8839
Epoch: 0081 | TRAIN: 1.9351 0.6839 | 0.9601 0.9928 | 1.0758 0.9724 | Time: 28.2029 | VAL: 2.0944 0.6775 | 1.5842 0.8764 | 1.6150 0.8523 | Time: 2.4295 | TEST: 2.0788 0.6855 | 1.6320 0.8525 | 1.6846 0.8722 | Time: 2.8828
Epoch: 0082 | TRAIN: 1.9010 0.7139 | 0.9265 0.9982 | 1.0615 0.9718 | Time: 28.1126 | VAL: 2.0806 0.6848 | 1.5689 0.8876 | 1.6052 0.8591 | Time: 2.3825 | TEST: 2.0676 0.6923 | 1.6211 0.8607 | 1.6734 0.8778 | Time: 2.8416
Epoch: 0083 | TRAIN: 1.8916 0.7013 | 0.9314 0.9964 | 1.0357 0.9742 | Time: 28.0926 | VAL: 2.0737 0.6866 | 1.5593 0.8764 | 1.5991 0.8591 | Time: 2.4179 | TEST: 2.0607 0.6838 | 1.6107 0.8607 | 1.6717 0.8833 | Time: 2.9022
Epoch: 0084 | TRAIN: 1.8771 0.7049 | 0.8945 0.9946 | 1.0374 0.9760 | Time: 28.1633 | VAL: 2.0642 0.6848 | 1.5507 0.8764 | 1.5886 0.8725 | Time: 2.4692 | TEST: 2.0505 0.6906 | 1.6005 0.8607 | 1.6607 0.8778 | Time: 2.9236
Epoch: 0085 | TRAIN: 1.8660 0.7061 | 0.8972 0.9964 | 1.0316 0.9688 | Time: 28.0721 | VAL: 2.0485 0.6830 | 1.5362 0.8876 | 1.5765 0.8725 | Time: 2.4198 | TEST: 2.0362 0.6906 | 1.5849 0.8689 | 1.6508 0.8778 | Time: 2.8827
Epoch: 0086 | TRAIN: 1.8489 0.7145 | 0.8914 0.9940 | 1.0125 0.9760 | Time: 28.3709 | VAL: 2.0406 0.6975 | 1.5260 0.8876 | 1.5737 0.8792 | Time: 2.3913 | TEST: 2.0274 0.6923 | 1.5837 0.8689 | 1.6458 0.8778 | Time: 2.8459
Epoch: 0087 | TRAIN: 1.8384 0.7151 | 0.8807 0.9970 | 1.0009 0.9748 | Time: 28.2052 | VAL: 2.0252 0.7029 | 1.5152 0.8876 | 1.5618 0.8859 | Time: 2.4462 | TEST: 2.0135 0.6940 | 1.5706 0.8689 | 1.6355 0.8833 | Time: 2.9061
Epoch: 0088 | TRAIN: 1.8266 0.7139 | 0.8699 0.9982 | 0.9839 0.9772 | Time: 28.3161 | VAL: 2.0182 0.7047 | 1.5158 0.8876 | 1.5493 0.8725 | Time: 2.4251 | TEST: 2.0069 0.6974 | 1.5681 0.8689 | 1.6251 0.8778 | Time: 2.8741
Epoch: 0089 | TRAIN: 1.8290 0.7157 | 0.8474 0.9958 | 0.9777 0.9838 | Time: 28.1908 | VAL: 2.0059 0.7047 | 1.5032 0.8876 | 1.5432 0.8792 | Time: 2.4467 | TEST: 1.9943 0.6957 | 1.5558 0.8852 | 1.6197 0.8833 | Time: 2.9083
Epoch: 0090 | TRAIN: 1.8083 0.7103 | 0.8496 0.9958 | 0.9832 0.9766 | Time: 28.1930 | VAL: 1.9972 0.7047 | 1.4887 0.8876 | 1.5300 0.8792 | Time: 2.4562 | TEST: 1.9837 0.7009 | 1.5468 0.8770 | 1.6032 0.8833 | Time: 2.9131
Epoch: 0091 | TRAIN: 1.7867 0.7224 | 0.8293 0.9970 | 0.9447 0.9832 | Time: 28.1375 | VAL: 1.9838 0.7120 | 1.4814 0.8989 | 1.5197 0.8792 | Time: 2.4058 | TEST: 1.9717 0.7026 | 1.5377 0.8770 | 1.5947 0.8944 | Time: 2.8556
Epoch: 0092 | TRAIN: 1.7932 0.7410 | 0.8139 0.9982 | 0.9468 0.9820 | Time: 28.1575 | VAL: 1.9667 0.7138 | 1.4642 0.8989 | 1.5112 0.8792 | Time: 2.4257 | TEST: 1.9559 0.7026 | 1.5225 0.8852 | 1.5879 0.8889 | Time: 2.8768
Epoch: 0093 | TRAIN: 1.7804 0.7308 | 0.8058 0.9982 | 0.9294 0.9820 | Time: 28.2128 | VAL: 1.9675 0.7138 | 1.4567 0.8989 | 1.5029 0.8792 | Time: 2.4159 | TEST: 1.9549 0.7026 | 1.5162 0.8770 | 1.5776 0.9000 | Time: 2.8814
Epoch: 0094 | TRAIN: 1.7598 0.7302 | 0.8077 0.9976 | 0.9249 0.9850 | Time: 28.2208 | VAL: 1.9618 0.7120 | 1.4540 0.8876 | 1.5000 0.8926 | Time: 2.4471 | TEST: 1.9513 0.7043 | 1.5098 0.8770 | 1.5772 0.9000 | Time: 2.9101
Epoch: 0095 | TRAIN: 1.7510 0.7314 | 0.7856 0.9970 | 0.9082 0.9868 | Time: 28.1589 | VAL: 1.9443 0.7174 | 1.4433 0.8989 | 1.4843 0.8725 | Time: 2.4425 | TEST: 1.9345 0.7060 | 1.5041 0.8770 | 1.5629 0.9000 | Time: 2.9289
Epoch: 0096 | TRAIN: 1.7417 0.7446 | 0.7734 0.9982 | 0.9003 0.9832 | Time: 28.1620 | VAL: 1.9404 0.7192 | 1.4346 0.8989 | 1.4784 0.8792 | Time: 2.3906 | TEST: 1.9289 0.7060 | 1.4946 0.8852 | 1.5584 0.9000 | Time: 2.8864
Epoch: 0097 | TRAIN: 1.7057 0.7554 | 0.7644 0.9988 | 0.8990 0.9874 | Time: 28.2180 | VAL: 1.9253 0.7192 | 1.4204 0.8989 | 1.4654 0.8792 | Time: 2.4617 | TEST: 1.9150 0.7111 | 1.4807 0.8770 | 1.5445 0.9000 | Time: 2.9255
Epoch: 0098 | TRAIN: 1.7220 0.7356 | 0.7540 0.9976 | 0.8698 0.9880 | Time: 28.2502 | VAL: 1.9201 0.7156 | 1.4183 0.9213 | 1.4678 0.8859 | Time: 2.4181 | TEST: 1.9087 0.7111 | 1.4763 0.8852 | 1.5467 0.9000 | Time: 2.8850
Epoch: 0099 | TRAIN: 1.7134 0.7404 | 0.7509 0.9976 | 0.8906 0.9868 | Time: 28.1458 | VAL: 1.9066 0.7192 | 1.4077 0.9213 | 1.4507 0.8792 | Time: 2.3848 | TEST: 1.8952 0.7128 | 1.4670 0.8770 | 1.5295 0.9000 | Time: 2.8369
========================================
Best Result: Epoch 98, result {'amazon': [0.7111111111111111], 'dslr': [0.8852459016393442], 'webcam': [0.9]}
========================================
