========================================
General Configuration:
	Wighting: EW
	Architecture: HPS
	Rep_Grad: False
	Multi_Input: True
	Seed: 0
	Device: cuda:0
EW Configuration:
	weighting: EW
Optimizer Configuration:
	optim: adam
	lr: 0.1
	weight_decay: 0.0001
========================================
Total Params: 11487901
Trainable Params: 11487901
Non-trainable Params: 0
========================================
LOG FORMAT | amazon_LOSS Acc | dslr_LOSS Acc | webcam_LOSS Acc | TIME
Epoch: 0000 | TRAIN: 5.1288 0.0300 | 5.1786 0.0505 | 4.8430 0.0445 | Time: 28.5779 | VAL: 118.2956 0.0326 | 28.5523 0.0225 | 6.4024 0.0604 | Time: 2.4512 | TEST: 83.8629 0.0376 | 13.5611 0.0574 | 5.4988 0.0667 | Time: 2.9116
Epoch: 0001 | TRAIN: 3.6169 0.0439 | 3.3348 0.0829 | 3.3329 0.0877 | Time: 27.7862 | VAL: 3.6835 0.0344 | 3.3470 0.0449 | 3.2705 0.0604 | Time: 2.4246 | TEST: 3.6200 0.0513 | 3.3919 0.0410 | 3.2755 0.0833 | Time: 2.8750
Epoch: 0002 | TRAIN: 3.3921 0.0625 | 3.0843 0.1190 | 3.0613 0.1118 | Time: 27.6810 | VAL: 3.6352 0.0254 | 4.3160 0.0449 | 3.2178 0.0671 | Time: 2.4509 | TEST: 3.6187 0.0239 | 4.4104 0.0410 | 3.2640 0.0778 | Time: 2.9177
Epoch: 0003 | TRAIN: 3.3706 0.0643 | 2.9194 0.1364 | 2.9598 0.1220 | Time: 27.9091 | VAL: 3.2349 0.0851 | 4.3952 0.0337 | 2.9258 0.0872 | Time: 2.4568 | TEST: 3.2178 0.0803 | 4.4416 0.0410 | 2.9048 0.1222 | Time: 2.9266
Epoch: 0004 | TRAIN: 3.3060 0.0799 | 2.8215 0.1605 | 2.8501 0.1370 | Time: 27.7523 | VAL: 3.4539 0.0797 | 4.0355 0.0562 | 3.5780 0.1141 | Time: 2.4142 | TEST: 3.4078 0.0872 | 4.0887 0.0410 | 3.5276 0.1222 | Time: 2.8850
Epoch: 0005 | TRAIN: 3.2973 0.0769 | 2.7521 0.1779 | 2.8070 0.1562 | Time: 27.6858 | VAL: 3.7241 0.0634 | 3.9862 0.0674 | 3.3866 0.0604 | Time: 2.4257 | TEST: 3.6728 0.0667 | 4.2479 0.0492 | 3.2309 0.0944 | Time: 2.8807
Epoch: 0006 | TRAIN: 3.2521 0.0757 | 2.7269 0.1556 | 2.7658 0.1550 | Time: 27.6684 | VAL: 3.6114 0.0272 | 4.4095 0.0449 | 3.4491 0.0805 | Time: 2.4543 | TEST: 3.6133 0.0188 | 4.4936 0.0246 | 3.3479 0.0500 | Time: 2.9312
Epoch: 0007 | TRAIN: 3.2360 0.0980 | 2.6705 0.1713 | 2.6880 0.1821 | Time: 27.6145 | VAL: 3.6480 0.0616 | 3.8567 0.0449 | 2.9049 0.1409 | Time: 2.4204 | TEST: 3.6428 0.0632 | 3.9648 0.0328 | 2.8656 0.1667 | Time: 2.8834
Epoch: 0008 | TRAIN: 3.2366 0.0980 | 2.6593 0.1827 | 2.7007 0.1689 | Time: 27.5852 | VAL: 3.4167 0.0652 | 7.0554 0.0562 | 2.9728 0.1678 | Time: 2.4062 | TEST: 3.4262 0.0581 | 7.1883 0.0574 | 2.8762 0.1333 | Time: 2.8641
Epoch: 0009 | TRAIN: 3.2124 0.1100 | 2.6198 0.1713 | 2.5917 0.1971 | Time: 27.6066 | VAL: 4.0167 0.0417 | 3.7225 0.0674 | 3.1179 0.1409 | Time: 2.3930 | TEST: 4.0181 0.0427 | 3.8284 0.0410 | 2.9706 0.1333 | Time: 2.9049
Epoch: 0010 | TRAIN: 3.2052 0.0919 | 2.5238 0.1887 | 2.6227 0.1821 | Time: 27.6913 | VAL: 3.8805 0.0417 | 3.7922 0.0562 | 3.1899 0.1477 | Time: 2.4087 | TEST: 3.8955 0.0376 | 3.9933 0.0656 | 3.1513 0.1222 | Time: 2.8858
Epoch: 0011 | TRAIN: 3.2303 0.0931 | 2.5300 0.2061 | 2.5489 0.2157 | Time: 27.6194 | VAL: 3.2626 0.0978 | 4.9994 0.0562 | 2.7670 0.1946 | Time: 2.4056 | TEST: 3.2300 0.1009 | 5.2078 0.0574 | 2.5685 0.2056 | Time: 2.8565
Epoch: 0012 | TRAIN: 3.1737 0.1076 | 2.5071 0.2121 | 2.4726 0.2139 | Time: 27.6823 | VAL: 3.9919 0.0743 | 3.7247 0.0562 | 2.9349 0.1946 | Time: 2.3615 | TEST: 4.0187 0.0701 | 3.8164 0.1066 | 2.7871 0.1944 | Time: 2.8415
Epoch: 0013 | TRAIN: 3.1734 0.1064 | 2.4372 0.2284 | 2.5658 0.1971 | Time: 27.5390 | VAL: 3.4063 0.1051 | 4.2425 0.0674 | 2.7121 0.2013 | Time: 2.4482 | TEST: 3.3775 0.0991 | 4.4202 0.0820 | 2.5517 0.2056 | Time: 2.9415
Epoch: 0014 | TRAIN: 3.1353 0.1160 | 2.3604 0.2476 | 2.4681 0.2296 | Time: 27.5143 | VAL: 4.3230 0.0797 | 5.7618 0.0562 | 3.0543 0.1141 | Time: 2.4424 | TEST: 4.3205 0.0632 | 5.8053 0.0656 | 3.0654 0.1556 | Time: 2.9259
Epoch: 0015 | TRAIN: 3.1661 0.1046 | 2.3260 0.2590 | 2.4169 0.2458 | Time: 27.6560 | VAL: 4.6937 0.0779 | 4.0245 0.0562 | 2.6277 0.1879 | Time: 2.4099 | TEST: 4.7594 0.0718 | 4.0580 0.0492 | 2.5350 0.2167 | Time: 2.8810
Epoch: 0016 | TRAIN: 3.1419 0.1238 | 2.2838 0.2746 | 2.4465 0.2440 | Time: 27.5524 | VAL: 4.8143 0.0652 | 4.7908 0.0674 | 2.4106 0.2819 | Time: 2.3704 | TEST: 4.8797 0.0650 | 5.1410 0.0656 | 2.2780 0.3111 | Time: 2.8389
Epoch: 0017 | TRAIN: 3.1054 0.1196 | 2.3160 0.2692 | 2.3740 0.2464 | Time: 27.5866 | VAL: 4.0188 0.0634 | 3.7315 0.0674 | 2.6925 0.1812 | Time: 2.3732 | TEST: 4.0435 0.0701 | 3.8975 0.1066 | 2.5007 0.2056 | Time: 2.8402
Epoch: 0018 | TRAIN: 3.1256 0.1184 | 2.2722 0.2752 | 2.3498 0.2692 | Time: 27.6136 | VAL: 3.6366 0.0924 | 3.5318 0.0899 | 2.4442 0.2685 | Time: 2.4063 | TEST: 3.6767 0.0667 | 3.7781 0.1148 | 2.2659 0.2444 | Time: 2.8585
Epoch: 0019 | TRAIN: 3.1218 0.1232 | 2.2192 0.2885 | 2.3387 0.2644 | Time: 27.7340 | VAL: 3.3283 0.0851 | 4.2391 0.0674 | 2.6763 0.1946 | Time: 2.3946 | TEST: 3.3323 0.0821 | 4.3311 0.0574 | 2.5688 0.2833 | Time: 2.8625
Epoch: 0020 | TRAIN: 3.1340 0.1238 | 2.1953 0.2927 | 2.3412 0.2542 | Time: 27.7805 | VAL: 4.4301 0.0543 | 3.7374 0.0674 | 2.8806 0.1611 | Time: 2.4146 | TEST: 4.5030 0.0581 | 3.8673 0.0902 | 2.7855 0.1667 | Time: 2.8744
Epoch: 0021 | TRAIN: 3.1067 0.1304 | 2.1245 0.3197 | 2.2976 0.2782 | Time: 27.7268 | VAL: 3.9059 0.0471 | 3.6533 0.0787 | 2.2395 0.3624 | Time: 2.4237 | TEST: 3.8756 0.0547 | 3.8030 0.1148 | 2.1809 0.3611 | Time: 2.8861
Epoch: 0022 | TRAIN: 3.1215 0.1310 | 2.0934 0.3185 | 2.2382 0.2770 | Time: 27.7164 | VAL: 3.4483 0.0761 | 4.7408 0.0225 | 2.5840 0.2282 | Time: 2.3895 | TEST: 3.4379 0.0769 | 5.0238 0.0164 | 2.4805 0.2333 | Time: 2.8667
Epoch: 0023 | TRAIN: 3.0976 0.1244 | 2.1648 0.2861 | 2.2239 0.2758 | Time: 27.7265 | VAL: 3.3694 0.0960 | 3.9645 0.0449 | 2.2686 0.3154 | Time: 2.4098 | TEST: 3.3366 0.1009 | 4.1334 0.0656 | 2.1423 0.3389 | Time: 2.8619
Epoch: 0024 | TRAIN: 3.0926 0.1298 | 2.0323 0.3281 | 2.1722 0.2987 | Time: 27.7891 | VAL: 3.9282 0.0761 | 4.0522 0.0899 | 2.4359 0.2416 | Time: 2.4534 | TEST: 3.9039 0.0872 | 4.1585 0.0984 | 2.3908 0.2389 | Time: 2.9011
Epoch: 0025 | TRAIN: 3.1438 0.1214 | 2.0763 0.3197 | 2.2458 0.2909 | Time: 27.6608 | VAL: 4.1207 0.0634 | 4.3598 0.0562 | 2.7045 0.2349 | Time: 2.3879 | TEST: 4.1341 0.0684 | 4.4778 0.0574 | 2.5446 0.2500 | Time: 2.8603
Epoch: 0026 | TRAIN: 3.1342 0.1322 | 1.9739 0.3456 | 2.1452 0.3017 | Time: 27.7346 | VAL: 3.4393 0.0888 | 3.2881 0.1011 | 2.2893 0.3490 | Time: 2.3875 | TEST: 3.4540 0.0786 | 3.5489 0.0574 | 2.1716 0.2944 | Time: 2.8507
Epoch: 0027 | TRAIN: 3.0918 0.1274 | 2.0193 0.3425 | 2.1759 0.2975 | Time: 27.6578 | VAL: 3.3557 0.0924 | 4.1058 0.0899 | 2.2684 0.2953 | Time: 2.4212 | TEST: 3.3217 0.1026 | 4.2687 0.0820 | 2.2847 0.3056 | Time: 2.8749
Epoch: 0028 | TRAIN: 3.0494 0.1454 | 1.9642 0.3636 | 2.0960 0.3113 | Time: 27.5919 | VAL: 3.4332 0.0924 | 3.6075 0.1236 | 2.1808 0.3423 | Time: 2.3992 | TEST: 3.4355 0.0940 | 3.6466 0.1311 | 2.0751 0.2944 | Time: 2.8912
Epoch: 0029 | TRAIN: 3.0654 0.1418 | 1.9632 0.3612 | 2.1090 0.3239 | Time: 27.4525 | VAL: 3.2852 0.0888 | 3.6636 0.0787 | 2.4184 0.2819 | Time: 2.4410 | TEST: 3.3264 0.0906 | 3.7735 0.0820 | 2.4213 0.2167 | Time: 2.9020
Epoch: 0030 | TRAIN: 3.0543 0.1352 | 1.9675 0.3588 | 2.1190 0.3071 | Time: 27.5568 | VAL: 3.7998 0.0888 | 3.2609 0.1461 | 2.9581 0.2215 | Time: 2.3502 | TEST: 3.8057 0.0701 | 3.3222 0.1557 | 2.8670 0.2167 | Time: 2.8434
Epoch: 0031 | TRAIN: 3.1012 0.1484 | 1.8872 0.3738 | 2.0619 0.3431 | Time: 27.6803 | VAL: 3.3973 0.0978 | 3.0829 0.1910 | 2.2623 0.3221 | Time: 2.3934 | TEST: 3.3567 0.0991 | 3.3859 0.1066 | 2.1734 0.3556 | Time: 2.8530
Epoch: 0032 | TRAIN: 3.0359 0.1388 | 1.8593 0.3900 | 1.9967 0.3407 | Time: 27.7441 | VAL: 3.4610 0.1105 | 3.3708 0.1910 | 2.5515 0.2819 | Time: 2.3851 | TEST: 3.4610 0.0803 | 3.6097 0.1393 | 2.5962 0.2611 | Time: 2.8693
Epoch: 0033 | TRAIN: 3.0351 0.1406 | 1.8575 0.3858 | 2.0442 0.3365 | Time: 27.5466 | VAL: 3.3921 0.1051 | 3.8268 0.1348 | 2.1801 0.3893 | Time: 2.3969 | TEST: 3.3413 0.1197 | 3.9400 0.1393 | 2.0767 0.3389 | Time: 2.9051
Epoch: 0034 | TRAIN: 3.0860 0.1304 | 1.8886 0.4032 | 2.0372 0.3251 | Time: 27.4339 | VAL: 3.2664 0.1178 | 3.3081 0.1461 | 1.8949 0.4631 | Time: 2.4131 | TEST: 3.2753 0.1128 | 3.4229 0.1393 | 1.8636 0.4389 | Time: 2.8527
Epoch: 0035 | TRAIN: 3.0267 0.1442 | 1.8275 0.4069 | 2.0228 0.3456 | Time: 27.4241 | VAL: 3.7282 0.0761 | 3.3856 0.1461 | 2.3332 0.2886 | Time: 2.3917 | TEST: 3.7391 0.0821 | 3.3714 0.1721 | 2.2751 0.2778 | Time: 2.8666
Epoch: 0036 | TRAIN: 3.0643 0.1310 | 1.8021 0.3930 | 2.0187 0.3413 | Time: 27.3897 | VAL: 3.4088 0.0996 | 3.1955 0.1910 | 2.1270 0.3691 | Time: 2.3520 | TEST: 3.3195 0.1145 | 3.2963 0.1475 | 1.9141 0.3722 | Time: 2.8498
Epoch: 0037 | TRAIN: 3.0366 0.1328 | 1.7683 0.4183 | 1.9369 0.3516 | Time: 27.4877 | VAL: 3.2677 0.1304 | 2.6578 0.2472 | 1.8421 0.4631 | Time: 2.3890 | TEST: 3.2211 0.1299 | 2.6682 0.2213 | 1.7236 0.5000 | Time: 2.8441
Epoch: 0038 | TRAIN: 3.0170 0.1484 | 1.7593 0.4153 | 1.9636 0.3546 | Time: 27.4854 | VAL: 3.3988 0.1033 | 3.3893 0.1798 | 1.9013 0.4497 | Time: 2.3632 | TEST: 3.3454 0.1214 | 3.3848 0.1721 | 1.7632 0.4667 | Time: 2.8364
Epoch: 0039 | TRAIN: 3.0056 0.1478 | 1.7419 0.4123 | 1.9825 0.3522 | Time: 27.5122 | VAL: 3.7058 0.1196 | 3.2040 0.2135 | 1.8718 0.4362 | Time: 2.4211 | TEST: 3.6166 0.1299 | 3.1443 0.1803 | 1.8281 0.4167 | Time: 2.8716
Epoch: 0040 | TRAIN: 3.0215 0.1448 | 1.7675 0.4201 | 1.9554 0.3564 | Time: 27.5322 | VAL: 3.5475 0.1105 | 3.1617 0.1798 | 2.3193 0.3087 | Time: 2.3777 | TEST: 3.4721 0.1009 | 3.2412 0.1475 | 2.1791 0.3833 | Time: 2.9000
Epoch: 0041 | TRAIN: 3.0322 0.1436 | 1.6604 0.4393 | 1.8894 0.3900 | Time: 27.6178 | VAL: 3.2552 0.0996 | 3.1490 0.1910 | 2.0595 0.3960 | Time: 2.4250 | TEST: 3.2323 0.1111 | 2.9928 0.1885 | 2.0555 0.3556 | Time: 2.8605
Epoch: 0042 | TRAIN: 2.9885 0.1478 | 1.6688 0.4357 | 1.8689 0.3846 | Time: 27.4770 | VAL: 3.6576 0.0761 | 3.3341 0.1348 | 2.1815 0.3490 | Time: 2.4466 | TEST: 3.5670 0.1077 | 3.1836 0.2213 | 2.1500 0.3833 | Time: 2.8971
Epoch: 0043 | TRAIN: 3.0079 0.1520 | 1.7993 0.4135 | 1.9486 0.3720 | Time: 27.4268 | VAL: 3.2982 0.1087 | 2.9149 0.2360 | 2.1169 0.3960 | Time: 2.3621 | TEST: 3.2656 0.1094 | 3.1159 0.1803 | 2.2406 0.3444 | Time: 2.8667
Epoch: 0044 | TRAIN: 3.0181 0.1520 | 1.6056 0.4585 | 1.8212 0.3924 | Time: 27.5567 | VAL: 3.1436 0.1413 | 3.2039 0.1461 | 2.1121 0.3624 | Time: 2.4028 | TEST: 3.1587 0.1453 | 3.3046 0.1557 | 2.1622 0.2944 | Time: 2.8822
Epoch: 0045 | TRAIN: 2.9971 0.1400 | 1.6040 0.4591 | 1.8518 0.3888 | Time: 27.5727 | VAL: 3.1620 0.1196 | 2.3962 0.3371 | 1.9874 0.3893 | Time: 2.3887 | TEST: 3.1826 0.1231 | 2.4973 0.2869 | 2.0129 0.3778 | Time: 2.8716
Epoch: 0046 | TRAIN: 2.9832 0.1406 | 1.5865 0.4537 | 1.8012 0.4099 | Time: 27.5211 | VAL: 4.2714 0.0815 | 10.2750 0.0337 | 2.3718 0.3020 | Time: 2.4147 | TEST: 4.2807 0.0701 | 10.3600 0.0656 | 2.3427 0.2722 | Time: 2.8812
Epoch: 0047 | TRAIN: 2.9749 0.1569 | 1.5502 0.4820 | 1.8379 0.4129 | Time: 27.5480 | VAL: 3.4260 0.1087 | 3.4336 0.1910 | 1.7985 0.4430 | Time: 2.4176 | TEST: 3.4267 0.1282 | 3.4671 0.1803 | 1.8074 0.4944 | Time: 2.8856
Epoch: 0048 | TRAIN: 2.9747 0.1520 | 1.5839 0.4796 | 1.7426 0.4327 | Time: 27.5340 | VAL: 3.2835 0.1141 | 2.7881 0.2360 | 1.8056 0.4698 | Time: 2.4455 | TEST: 3.3194 0.0957 | 2.8948 0.2787 | 1.9170 0.4333 | Time: 2.9266
Epoch: 0049 | TRAIN: 2.9614 0.1575 | 1.6381 0.4603 | 1.7563 0.4339 | Time: 27.4884 | VAL: 3.4884 0.1196 | 3.5354 0.1573 | 2.0092 0.3557 | Time: 2.3651 | TEST: 3.4092 0.1231 | 3.7595 0.1393 | 2.0043 0.3444 | Time: 2.8239
Epoch: 0050 | TRAIN: 3.0052 0.1436 | 1.5211 0.4826 | 1.7162 0.4381 | Time: 27.4595 | VAL: 3.2230 0.1359 | 3.0771 0.2135 | 2.0955 0.4497 | Time: 2.4227 | TEST: 3.1780 0.1521 | 3.1509 0.1557 | 2.0837 0.3778 | Time: 2.8756
Epoch: 0051 | TRAIN: 2.9700 0.1587 | 1.5322 0.4826 | 1.7074 0.4381 | Time: 27.3799 | VAL: 3.3327 0.0996 | 2.8994 0.2360 | 1.9539 0.4832 | Time: 2.3830 | TEST: 3.3115 0.0974 | 3.1101 0.2049 | 1.9508 0.4667 | Time: 2.7956
Epoch: 0052 | TRAIN: 2.9764 0.1689 | 1.5538 0.4856 | 1.6978 0.4465 | Time: 27.4474 | VAL: 3.4748 0.0888 | 2.3263 0.4045 | 1.7077 0.4698 | Time: 2.4059 | TEST: 3.4299 0.1231 | 2.4550 0.3770 | 1.7594 0.4722 | Time: 2.8691
Epoch: 0053 | TRAIN: 2.9517 0.1641 | 1.5797 0.4838 | 1.7994 0.4261 | Time: 27.4897 | VAL: 3.2775 0.1359 | 2.7538 0.2921 | 2.1264 0.3960 | Time: 2.3586 | TEST: 3.2679 0.1145 | 2.9172 0.2295 | 2.1294 0.4111 | Time: 2.8209
Epoch: 0054 | TRAIN: 2.9829 0.1611 | 1.5296 0.4916 | 1.7024 0.4543 | Time: 27.4659 | VAL: 3.1561 0.1449 | 2.7631 0.2247 | 1.6429 0.5369 | Time: 2.3665 | TEST: 3.1437 0.1504 | 2.7702 0.2705 | 1.7011 0.4889 | Time: 2.8383
Epoch: 0055 | TRAIN: 2.9374 0.1749 | 1.4831 0.4958 | 1.7017 0.4465 | Time: 27.5125 | VAL: 3.2711 0.1105 | 2.5561 0.2697 | 1.8605 0.4430 | Time: 2.3771 | TEST: 3.2803 0.0991 | 2.9190 0.2541 | 1.8585 0.4500 | Time: 2.8610
Epoch: 0056 | TRAIN: 2.9976 0.1623 | 1.5238 0.4790 | 1.7644 0.4231 | Time: 27.2708 | VAL: 3.1111 0.1739 | 2.6616 0.2472 | 1.9478 0.4161 | Time: 2.3750 | TEST: 3.1030 0.1607 | 3.0475 0.1639 | 1.8190 0.3889 | Time: 2.8495
Epoch: 0057 | TRAIN: 2.9750 0.1496 | 1.5263 0.4862 | 1.7238 0.4405 | Time: 27.4028 | VAL: 3.1705 0.1232 | 3.0395 0.2022 | 1.9550 0.4094 | Time: 2.3897 | TEST: 3.1659 0.1128 | 3.2208 0.1639 | 1.8814 0.4056 | Time: 2.8673
Epoch: 0058 | TRAIN: 3.0344 0.1490 | 1.5241 0.4892 | 1.6964 0.4309 | Time: 27.4200 | VAL: 3.2843 0.1214 | 2.8038 0.2135 | 2.1217 0.3826 | Time: 2.4109 | TEST: 3.2964 0.1487 | 2.8841 0.2049 | 2.0874 0.3333 | Time: 2.8448
Epoch: 0059 | TRAIN: 2.9704 0.1641 | 1.5341 0.4862 | 1.6727 0.4459 | Time: 27.4085 | VAL: 3.2802 0.1123 | 2.7664 0.3258 | 1.9368 0.4362 | Time: 2.4170 | TEST: 3.2402 0.1128 | 2.9282 0.2705 | 1.9290 0.4333 | Time: 2.9225
Epoch: 0060 | TRAIN: 2.9361 0.1605 | 1.4410 0.5264 | 1.6037 0.4838 | Time: 27.3583 | VAL: 3.1934 0.1341 | 2.6371 0.2472 | 1.9354 0.4564 | Time: 2.4152 | TEST: 3.2166 0.1521 | 2.9362 0.1885 | 1.8885 0.4056 | Time: 2.8865
Epoch: 0061 | TRAIN: 2.9991 0.1611 | 1.4180 0.5373 | 1.6088 0.4597 | Time: 27.2973 | VAL: 3.4445 0.1304 | 3.8640 0.1461 | 2.6531 0.2819 | Time: 2.4099 | TEST: 3.3663 0.1231 | 4.1899 0.0902 | 2.5435 0.2556 | Time: 2.8846
Epoch: 0062 | TRAIN: 2.9487 0.1689 | 1.4416 0.5331 | 1.6439 0.4724 | Time: 27.4769 | VAL: 3.4421 0.1268 | 2.9499 0.2360 | 2.3658 0.3624 | Time: 2.3752 | TEST: 3.4250 0.1402 | 3.2544 0.2049 | 2.5559 0.3500 | Time: 2.8470
Epoch: 0063 | TRAIN: 2.9485 0.1623 | 1.4622 0.5174 | 1.6305 0.4633 | Time: 27.4058 | VAL: 3.3094 0.1286 | 2.7055 0.2247 | 2.2826 0.3893 | Time: 2.4226 | TEST: 3.2740 0.1368 | 3.0185 0.1803 | 2.0498 0.3722 | Time: 2.8779
Epoch: 0064 | TRAIN: 2.9227 0.1593 | 1.4023 0.5331 | 1.6208 0.4543 | Time: 27.4202 | VAL: 3.2003 0.1594 | 3.4868 0.1573 | 2.0815 0.3893 | Time: 2.3895 | TEST: 3.1556 0.1385 | 3.6638 0.1639 | 1.9149 0.4278 | Time: 2.8519
Epoch: 0065 | TRAIN: 2.9455 0.1665 | 1.4484 0.5228 | 1.6151 0.4633 | Time: 27.3599 | VAL: 3.2240 0.1341 | 2.5084 0.3371 | 1.8604 0.4564 | Time: 2.3873 | TEST: 3.2199 0.1248 | 2.4658 0.3279 | 1.6530 0.5278 | Time: 2.8455
Epoch: 0066 | TRAIN: 2.9325 0.1731 | 1.4593 0.5126 | 1.6727 0.4477 | Time: 27.4102 | VAL: 3.4206 0.1250 | 2.6435 0.2921 | 1.7067 0.4899 | Time: 2.3613 | TEST: 3.3899 0.1214 | 2.8454 0.2377 | 1.7850 0.4722 | Time: 2.8582
Epoch: 0067 | TRAIN: 2.9185 0.1629 | 1.3935 0.5451 | 1.5869 0.4772 | Time: 27.5256 | VAL: 3.4488 0.1431 | 3.0887 0.2697 | 1.8115 0.4966 | Time: 2.3714 | TEST: 3.3921 0.1368 | 3.5919 0.2459 | 1.9525 0.4556 | Time: 2.8269
Epoch: 0068 | TRAIN: 2.9373 0.1593 | 1.4835 0.5180 | 1.6230 0.4730 | Time: 27.5213 | VAL: 3.2655 0.1630 | 2.7109 0.2360 | 1.9999 0.4161 | Time: 2.3883 | TEST: 3.2780 0.1556 | 2.9927 0.2049 | 1.8775 0.4667 | Time: 2.8795
Epoch: 0069 | TRAIN: 2.9194 0.1689 | 1.4066 0.5385 | 1.5925 0.4627 | Time: 27.2598 | VAL: 3.3756 0.1178 | 3.0183 0.1685 | 1.9164 0.4295 | Time: 2.3572 | TEST: 3.3490 0.1265 | 3.1530 0.1557 | 1.8526 0.4333 | Time: 2.8094
Epoch: 0070 | TRAIN: 2.8934 0.1695 | 1.3794 0.5475 | 1.5622 0.4850 | Time: 27.5162 | VAL: 3.1571 0.1703 | 3.4129 0.2135 | 2.6252 0.3624 | Time: 2.3982 | TEST: 3.1564 0.1470 | 3.8487 0.2049 | 2.6059 0.2833 | Time: 2.8882
Epoch: 0071 | TRAIN: 2.9024 0.1689 | 1.3733 0.5312 | 1.6320 0.4585 | Time: 27.2908 | VAL: 3.4328 0.1141 | 2.4677 0.3371 | 1.6813 0.4631 | Time: 2.4106 | TEST: 3.4446 0.1231 | 2.8013 0.2295 | 1.6943 0.4889 | Time: 2.9079
Epoch: 0072 | TRAIN: 2.9562 0.1550 | 1.4072 0.5325 | 1.6399 0.4712 | Time: 27.4783 | VAL: 3.6412 0.0924 | 2.6251 0.2921 | 1.7990 0.4899 | Time: 2.4294 | TEST: 3.6230 0.1111 | 2.8609 0.2459 | 1.8891 0.4500 | Time: 2.9115
Epoch: 0073 | TRAIN: 2.9248 0.1731 | 1.3942 0.5246 | 1.6247 0.4669 | Time: 27.3370 | VAL: 3.8882 0.0507 | 2.8346 0.2472 | 2.1597 0.3423 | Time: 2.3782 | TEST: 3.8447 0.0667 | 2.9224 0.2295 | 2.2922 0.3500 | Time: 2.8990
Epoch: 0074 | TRAIN: 2.9151 0.1683 | 1.3142 0.5523 | 1.5650 0.4808 | Time: 27.4076 | VAL: 3.2617 0.1069 | 2.7054 0.2472 | 1.8190 0.4161 | Time: 2.3744 | TEST: 3.2853 0.1179 | 2.7838 0.2377 | 1.9869 0.4167 | Time: 2.8586
Epoch: 0075 | TRAIN: 2.8702 0.1737 | 1.3946 0.5439 | 1.5144 0.4976 | Time: 27.2710 | VAL: 4.1386 0.1123 | 2.2456 0.3258 | 1.7440 0.5436 | Time: 2.4050 | TEST: 4.1451 0.1145 | 2.5514 0.3443 | 1.7393 0.5389 | Time: 2.8683
Epoch: 0076 | TRAIN: 2.9211 0.1737 | 1.3918 0.5325 | 1.5770 0.4970 | Time: 27.5322 | VAL: 3.3291 0.1268 | 2.6067 0.2472 | 1.9624 0.4497 | Time: 2.3669 | TEST: 3.3347 0.1299 | 3.0588 0.2705 | 1.8426 0.4889 | Time: 2.8995
Epoch: 0077 | TRAIN: 2.9192 0.1707 | 1.3820 0.5463 | 1.6174 0.4772 | Time: 27.3491 | VAL: 3.3574 0.1232 | 2.9307 0.2697 | 2.1376 0.4295 | Time: 2.3775 | TEST: 3.3631 0.1060 | 3.4207 0.2213 | 2.1850 0.3944 | Time: 2.8154
Epoch: 0078 | TRAIN: 2.8746 0.1803 | 1.3874 0.5469 | 1.5329 0.4946 | Time: 27.4724 | VAL: 3.7067 0.1250 | 2.6415 0.3034 | 1.7622 0.4430 | Time: 2.4427 | TEST: 3.5772 0.1248 | 2.8740 0.2705 | 1.6368 0.5333 | Time: 2.9173
Epoch: 0079 | TRAIN: 2.8930 0.1689 | 1.3278 0.5637 | 1.5741 0.4868 | Time: 27.5107 | VAL: 325.0215 0.0326 | 280.3213 0.0337 | 278.4291 0.0336 | Time: 2.3452 | TEST: 321.3181 0.0325 | 319.9170 0.0328 | 295.0369 0.0278 | Time: 2.8271
Epoch: 0080 | TRAIN: 2.8724 0.1809 | 1.2721 0.5685 | 1.5417 0.4994 | Time: 27.2941 | VAL: 3.5894 0.0978 | 2.7663 0.2247 | 1.8394 0.4430 | Time: 2.3310 | TEST: 3.5082 0.1043 | 3.1299 0.2377 | 1.8477 0.4556 | Time: 2.8047
Epoch: 0081 | TRAIN: 2.9415 0.1713 | 1.3747 0.5565 | 1.5803 0.4862 | Time: 27.3842 | VAL: 4.0092 0.1033 | 2.8314 0.2921 | 2.3461 0.3289 | Time: 2.4027 | TEST: 4.0345 0.1009 | 2.9932 0.2623 | 2.3077 0.3389 | Time: 2.8786
Epoch: 0082 | TRAIN: 2.8832 0.1791 | 1.3451 0.5643 | 1.5817 0.4862 | Time: 27.3345 | VAL: 3.1450 0.1667 | 2.6425 0.2921 | 1.8769 0.4094 | Time: 2.3498 | TEST: 3.1606 0.1214 | 3.2803 0.2541 | 2.0506 0.4056 | Time: 2.8643
Epoch: 0083 | TRAIN: 2.8740 0.1809 | 1.3182 0.5703 | 1.6173 0.4766 | Time: 27.4245 | VAL: 3.2203 0.1268 | 2.7928 0.2135 | 1.8243 0.4698 | Time: 2.3769 | TEST: 3.2890 0.1026 | 3.0756 0.2459 | 1.9057 0.4333 | Time: 2.8466
Epoch: 0084 | TRAIN: 2.8647 0.1863 | 1.3222 0.5607 | 1.4930 0.5096 | Time: 27.3515 | VAL: 3.3892 0.1250 | 3.2443 0.2022 | 2.3844 0.3020 | Time: 2.3580 | TEST: 3.3787 0.1077 | 3.4964 0.1967 | 2.3120 0.3278 | Time: 2.8433
Epoch: 0085 | TRAIN: 2.8847 0.1815 | 1.3275 0.5715 | 1.4886 0.4916 | Time: 27.4123 | VAL: 3.5079 0.1232 | 3.0455 0.3034 | 2.0663 0.4295 | Time: 2.4180 | TEST: 3.5511 0.1316 | 3.5264 0.3033 | 2.5290 0.4000 | Time: 2.8757
Epoch: 0086 | TRAIN: 2.8823 0.1671 | 1.3376 0.5625 | 1.5331 0.4994 | Time: 27.2970 | VAL: 4.6458 0.0562 | 21.5215 0.0899 | 13.5552 0.0738 | Time: 2.4032 | TEST: 4.5687 0.0598 | 22.0825 0.0738 | 12.4989 0.0944 | Time: 2.8640
Epoch: 0087 | TRAIN: 2.8460 0.1941 | 1.2289 0.6010 | 1.5639 0.4898 | Time: 27.3945 | VAL: 3.4334 0.1069 | 2.6261 0.3258 | 1.7830 0.5101 | Time: 2.3680 | TEST: 3.4511 0.1231 | 3.1080 0.3197 | 2.0264 0.4778 | Time: 2.8572
Epoch: 0088 | TRAIN: 2.8129 0.2007 | 1.2549 0.5877 | 1.4748 0.5090 | Time: 27.2802 | VAL: 3.2768 0.1286 | 2.5724 0.2584 | 1.9458 0.3893 | Time: 2.3757 | TEST: 3.3048 0.1402 | 2.8803 0.2377 | 2.0288 0.3556 | Time: 2.8311
Epoch: 0089 | TRAIN: 2.8674 0.1815 | 1.2764 0.5823 | 1.4423 0.5367 | Time: 27.3049 | VAL: 3.5867 0.1377 | 3.7771 0.2022 | 2.6137 0.4295 | Time: 2.3717 | TEST: 3.5681 0.1214 | 4.0266 0.2131 | 2.7535 0.3556 | Time: 2.8376
Epoch: 0090 | TRAIN: 2.8856 0.1899 | 1.3171 0.5685 | 1.5130 0.5162 | Time: 27.2666 | VAL: 3.5863 0.1522 | 2.9892 0.2809 | 2.1643 0.4497 | Time: 2.3744 | TEST: 3.5100 0.1453 | 3.3136 0.3115 | 2.2016 0.4722 | Time: 2.8721
Epoch: 0091 | TRAIN: 2.8693 0.1977 | 1.3583 0.5487 | 1.5656 0.4964 | Time: 27.2310 | VAL: 3.2642 0.0960 | 2.8543 0.2809 | 2.3291 0.3893 | Time: 2.3800 | TEST: 3.3170 0.1043 | 3.0751 0.2787 | 2.3549 0.3278 | Time: 2.8640
Epoch: 0092 | TRAIN: 2.8052 0.2181 | 1.2710 0.5799 | 1.5431 0.4994 | Time: 27.3093 | VAL: 3.4797 0.0870 | 3.0120 0.2247 | 2.6638 0.3020 | Time: 2.3707 | TEST: 3.4762 0.1162 | 3.5487 0.1557 | 2.3957 0.3444 | Time: 2.8276
Epoch: 0093 | TRAIN: 2.8949 0.1881 | 1.2908 0.5757 | 1.4683 0.5138 | Time: 27.3022 | VAL: 7.9193 0.0616 | 6.5204 0.0787 | 4.5582 0.1745 | Time: 2.3960 | TEST: 7.8970 0.0479 | 7.4708 0.0574 | 5.0127 0.1333 | Time: 2.8852
Epoch: 0094 | TRAIN: 2.8525 0.1929 | 1.2114 0.5925 | 1.4686 0.5096 | Time: 27.2905 | VAL: 3.4882 0.1359 | 2.6124 0.2921 | 1.8722 0.5168 | Time: 2.3418 | TEST: 3.5418 0.1436 | 2.8027 0.3115 | 1.9244 0.5167 | Time: 2.8377
Epoch: 0095 | TRAIN: 2.8662 0.1929 | 1.2525 0.5733 | 1.4647 0.5162 | Time: 27.4009 | VAL: 3.1996 0.1576 | 2.8138 0.2584 | 1.9728 0.4899 | Time: 2.3514 | TEST: 3.2199 0.1641 | 3.1737 0.2213 | 1.9390 0.4944 | Time: 2.8225
Epoch: 0096 | TRAIN: 2.8855 0.1719 | 1.2533 0.5811 | 1.4803 0.5355 | Time: 27.4423 | VAL: 3.3583 0.1178 | 2.9733 0.1798 | 1.9764 0.3758 | Time: 2.3589 | TEST: 3.3269 0.1231 | 2.9523 0.2459 | 2.0430 0.4167 | Time: 2.8511
Epoch: 0097 | TRAIN: 2.9069 0.1755 | 1.2641 0.5919 | 1.5320 0.5000 | Time: 27.5047 | VAL: 3.2399 0.1322 | 3.0320 0.2135 | 2.0090 0.4765 | Time: 2.3892 | TEST: 3.2674 0.1231 | 3.5988 0.2459 | 2.1544 0.4167 | Time: 2.9160
Epoch: 0098 | TRAIN: 2.8523 0.1983 | 1.2800 0.5667 | 1.5298 0.5036 | Time: 27.3369 | VAL: 3.5473 0.1014 | 3.1938 0.2584 | 1.8723 0.4497 | Time: 2.3669 | TEST: 3.5396 0.1009 | 3.3210 0.1721 | 1.9639 0.3944 | Time: 2.8664
Epoch: 0099 | TRAIN: 2.8513 0.1833 | 1.3330 0.5643 | 1.4575 0.4952 | Time: 27.4346 | VAL: 3.8202 0.0978 | 2.9450 0.2921 | 2.2865 0.3758 | Time: 2.3309 | TEST: 3.8662 0.0991 | 3.1980 0.2459 | 2.5589 0.3056 | Time: 2.8273
========================================
Best Result: Epoch 52, result {'amazon': [0.12307692307692308], 'dslr': [0.3770491803278688], 'webcam': [0.4722222222222222]}
========================================
