========================================
General Configuration:
	Wighting: EW
	Architecture: HPS
	Rep_Grad: False
	Multi_Input: True
	Seed: 0
	Device: cuda:0
EW Configuration:
	weighting: EW
Optimizer Configuration:
	optim: adam
	lr: 1e-05
	weight_decay: 0.01
========================================
Total Params: 11487901
Trainable Params: 11487901
Non-trainable Params: 0
========================================
LOG FORMAT | amazon_LOSS Acc | dslr_LOSS Acc | webcam_LOSS Acc | TIME
Epoch: 0000 | TRAIN: 3.4735 0.0529 | 3.2964 0.1010 | 3.3489 0.0889 | Time: 28.5006 | VAL: 3.3173 0.0851 | 3.1130 0.2022 | 3.1661 0.1946 | Time: 2.4510 | TEST: 3.2792 0.0923 | 3.1208 0.1967 | 3.1491 0.2222 | Time: 2.8801
Epoch: 0001 | TRAIN: 3.2067 0.1322 | 2.7456 0.3251 | 2.8572 0.2764 | Time: 28.1209 | VAL: 3.0955 0.2246 | 2.7642 0.4270 | 2.8148 0.3893 | Time: 2.4593 | TEST: 3.0603 0.2564 | 2.7768 0.4508 | 2.8273 0.3889 | Time: 2.9258
Epoch: 0002 | TRAIN: 2.9609 0.2440 | 2.3179 0.6028 | 2.4467 0.4970 | Time: 27.7857 | VAL: 2.8873 0.3406 | 2.4718 0.5730 | 2.5063 0.5638 | Time: 2.4436 | TEST: 2.8545 0.3795 | 2.4900 0.6066 | 2.5351 0.5667 | Time: 2.8964
Epoch: 0003 | TRAIN: 2.7484 0.3468 | 1.9288 0.7861 | 2.0713 0.6857 | Time: 27.8878 | VAL: 2.6993 0.4511 | 2.2245 0.6966 | 2.2509 0.6577 | Time: 2.4443 | TEST: 2.6691 0.4821 | 2.2470 0.6885 | 2.2907 0.6667 | Time: 2.9197
Epoch: 0004 | TRAIN: 2.5380 0.4579 | 1.6597 0.8942 | 1.7839 0.8023 | Time: 27.7689 | VAL: 2.5361 0.5272 | 2.0305 0.7753 | 2.0615 0.7383 | Time: 2.3323 | TEST: 2.5079 0.5556 | 2.0569 0.7623 | 2.1127 0.7333 | Time: 2.8287
Epoch: 0005 | TRAIN: 2.3690 0.5210 | 1.4239 0.9585 | 1.5627 0.8804 | Time: 27.8099 | VAL: 2.3897 0.5870 | 1.8789 0.8539 | 1.9101 0.8121 | Time: 2.3659 | TEST: 2.3678 0.6188 | 1.9131 0.8197 | 1.9679 0.8167 | Time: 2.8219
Epoch: 0006 | TRAIN: 2.1908 0.6124 | 1.2261 0.9802 | 1.3693 0.9225 | Time: 27.6603 | VAL: 2.2557 0.6268 | 1.7385 0.8652 | 1.7795 0.8456 | Time: 2.3572 | TEST: 2.2378 0.6462 | 1.7787 0.8443 | 1.8460 0.8556 | Time: 2.8230
Epoch: 0007 | TRAIN: 2.0790 0.6334 | 1.0832 0.9910 | 1.2393 0.9447 | Time: 27.6770 | VAL: 2.1325 0.6667 | 1.6117 0.8764 | 1.6569 0.8591 | Time: 2.3242 | TEST: 2.1173 0.6769 | 1.6639 0.8443 | 1.7290 0.8667 | Time: 2.8198
Epoch: 0008 | TRAIN: 1.9071 0.7001 | 0.9486 0.9934 | 1.0810 0.9681 | Time: 27.5527 | VAL: 2.0367 0.6920 | 1.5117 0.8989 | 1.5623 0.8725 | Time: 2.3134 | TEST: 2.0243 0.6906 | 1.5731 0.8770 | 1.6392 0.8778 | Time: 2.7756
Epoch: 0009 | TRAIN: 1.8093 0.7133 | 0.8430 0.9976 | 0.9827 0.9772 | Time: 27.6895 | VAL: 1.9369 0.7210 | 1.4404 0.9101 | 1.4863 0.8725 | Time: 2.3483 | TEST: 1.9283 0.7026 | 1.5004 0.8934 | 1.5707 0.9000 | Time: 2.8294
Epoch: 0010 | TRAIN: 1.7048 0.7422 | 0.7555 0.9988 | 0.8794 0.9832 | Time: 27.5529 | VAL: 1.8648 0.7319 | 1.3504 0.9213 | 1.4183 0.8993 | Time: 2.3612 | TEST: 1.8560 0.7060 | 1.4250 0.9098 | 1.5043 0.9056 | Time: 2.8468
Epoch: 0011 | TRAIN: 1.6074 0.7843 | 0.6779 0.9988 | 0.7981 0.9886 | Time: 27.7049 | VAL: 1.7840 0.7482 | 1.2911 0.9326 | 1.3482 0.8926 | Time: 2.3814 | TEST: 1.7805 0.7333 | 1.3673 0.9098 | 1.4351 0.9111 | Time: 2.8422
Epoch: 0012 | TRAIN: 1.5045 0.8041 | 0.6183 0.9988 | 0.7152 0.9970 | Time: 27.7711 | VAL: 1.7271 0.7554 | 1.2297 0.9326 | 1.2967 0.9128 | Time: 2.4097 | TEST: 1.7244 0.7333 | 1.3162 0.9180 | 1.3902 0.9167 | Time: 2.8464
Epoch: 0013 | TRAIN: 1.4375 0.8167 | 0.5476 0.9994 | 0.6449 0.9970 | Time: 28.0721 | VAL: 1.6568 0.7609 | 1.1862 0.9438 | 1.2507 0.9262 | Time: 2.4163 | TEST: 1.6561 0.7573 | 1.2740 0.9180 | 1.3464 0.9167 | Time: 2.8567
Epoch: 0014 | TRAIN: 1.3517 0.8275 | 0.5101 0.9994 | 0.5881 0.9994 | Time: 28.0662 | VAL: 1.6014 0.7645 | 1.1395 0.9551 | 1.2051 0.9463 | Time: 2.4214 | TEST: 1.6003 0.7624 | 1.2319 0.9180 | 1.2980 0.9167 | Time: 2.8845
Epoch: 0015 | TRAIN: 1.2854 0.8365 | 0.4567 1.0000 | 0.5390 0.9988 | Time: 27.6577 | VAL: 1.5485 0.7663 | 1.1023 0.9663 | 1.1600 0.9463 | Time: 2.3984 | TEST: 1.5505 0.7692 | 1.1901 0.9426 | 1.2548 0.9333 | Time: 2.8632
Epoch: 0016 | TRAIN: 1.2412 0.8444 | 0.4268 1.0000 | 0.5140 0.9994 | Time: 27.6504 | VAL: 1.4933 0.7681 | 1.0648 0.9775 | 1.1198 0.9463 | Time: 2.4075 | TEST: 1.4965 0.7709 | 1.1555 0.9262 | 1.2199 0.9278 | Time: 2.8553
Epoch: 0017 | TRAIN: 1.1617 0.8654 | 0.3909 1.0000 | 0.4600 1.0000 | Time: 27.8607 | VAL: 1.4589 0.7826 | 1.0446 0.9775 | 1.0855 0.9530 | Time: 2.3960 | TEST: 1.4655 0.7778 | 1.1400 0.9262 | 1.1851 0.9389 | Time: 2.9034
Epoch: 0018 | TRAIN: 1.1132 0.8744 | 0.3652 1.0000 | 0.4256 0.9994 | Time: 27.7831 | VAL: 1.4204 0.7917 | 1.0251 0.9775 | 1.0557 0.9530 | Time: 2.3234 | TEST: 1.4280 0.7897 | 1.1186 0.9262 | 1.1589 0.9444 | Time: 2.7982
Epoch: 0019 | TRAIN: 1.0377 0.8882 | 0.3504 1.0000 | 0.4056 1.0000 | Time: 27.6548 | VAL: 1.3748 0.7826 | 0.9951 0.9775 | 1.0273 0.9664 | Time: 2.3956 | TEST: 1.3825 0.7880 | 1.0938 0.9262 | 1.1355 0.9444 | Time: 2.8676
Epoch: 0020 | TRAIN: 1.0027 0.8858 | 0.3184 1.0000 | 0.3735 0.9994 | Time: 27.5976 | VAL: 1.3516 0.7989 | 0.9803 0.9775 | 0.9988 0.9664 | Time: 2.4114 | TEST: 1.3551 0.8034 | 1.0797 0.9262 | 1.1042 0.9500 | Time: 2.8954
Epoch: 0021 | TRAIN: 0.9487 0.8954 | 0.2972 1.0000 | 0.3505 1.0000 | Time: 27.6435 | VAL: 1.3174 0.8025 | 0.9602 0.9775 | 0.9822 0.9664 | Time: 2.3718 | TEST: 1.3246 0.8051 | 1.0652 0.9262 | 1.0891 0.9444 | Time: 2.8589
Epoch: 0022 | TRAIN: 0.9033 0.9129 | 0.2817 1.0000 | 0.3230 1.0000 | Time: 27.7181 | VAL: 1.2945 0.8043 | 0.9494 0.9775 | 0.9654 0.9597 | Time: 2.4080 | TEST: 1.3021 0.8103 | 1.0543 0.9344 | 1.0717 0.9444 | Time: 2.8281
Epoch: 0023 | TRAIN: 0.8600 0.9225 | 0.2738 1.0000 | 0.3056 1.0000 | Time: 27.6935 | VAL: 1.2599 0.8134 | 0.9365 0.9888 | 0.9446 0.9664 | Time: 2.3586 | TEST: 1.2658 0.8188 | 1.0418 0.9262 | 1.0515 0.9500 | Time: 2.8536
Epoch: 0024 | TRAIN: 0.8068 0.9297 | 0.2554 1.0000 | 0.2841 1.0000 | Time: 27.7909 | VAL: 1.2392 0.8188 | 0.9206 0.9888 | 0.9203 0.9732 | Time: 2.3838 | TEST: 1.2448 0.8188 | 1.0243 0.9344 | 1.0273 0.9500 | Time: 2.8287
Epoch: 0025 | TRAIN: 0.7693 0.9417 | 0.2421 1.0000 | 0.2735 1.0000 | Time: 27.8668 | VAL: 1.2140 0.8225 | 0.9116 1.0000 | 0.9071 0.9597 | Time: 2.3713 | TEST: 1.2201 0.8171 | 1.0148 0.9344 | 1.0111 0.9500 | Time: 2.8103
Epoch: 0026 | TRAIN: 0.7406 0.9405 | 0.2352 1.0000 | 0.2610 1.0000 | Time: 27.7582 | VAL: 1.1902 0.8261 | 0.8969 0.9888 | 0.8803 0.9664 | Time: 2.3864 | TEST: 1.2002 0.8205 | 0.9995 0.9262 | 0.9867 0.9444 | Time: 2.8615
Epoch: 0027 | TRAIN: 0.7013 0.9453 | 0.2219 1.0000 | 0.2457 1.0000 | Time: 27.7179 | VAL: 1.1684 0.8261 | 0.8809 1.0000 | 0.8767 0.9664 | Time: 2.3947 | TEST: 1.1779 0.8188 | 0.9870 0.9262 | 0.9825 0.9500 | Time: 2.8791
Epoch: 0028 | TRAIN: 0.6590 0.9555 | 0.2093 1.0000 | 0.2374 1.0000 | Time: 27.7324 | VAL: 1.1506 0.8315 | 0.8839 1.0000 | 0.8648 0.9664 | Time: 2.4018 | TEST: 1.1598 0.8291 | 0.9837 0.9180 | 0.9685 0.9500 | Time: 2.8409
Epoch: 0029 | TRAIN: 0.6421 0.9561 | 0.2004 1.0000 | 0.2250 1.0000 | Time: 27.7534 | VAL: 1.1275 0.8279 | 0.8603 0.9888 | 0.8446 0.9732 | Time: 2.3623 | TEST: 1.1397 0.8239 | 0.9710 0.9344 | 0.9500 0.9500 | Time: 2.8502
Epoch: 0030 | TRAIN: 0.6037 0.9603 | 0.2000 1.0000 | 0.2136 1.0000 | Time: 27.6570 | VAL: 1.1075 0.8333 | 0.8570 1.0000 | 0.8425 0.9664 | Time: 2.4059 | TEST: 1.1158 0.8274 | 0.9612 0.9262 | 0.9454 0.9556 | Time: 2.9017
Epoch: 0031 | TRAIN: 0.5751 0.9675 | 0.1847 1.0000 | 0.2026 1.0000 | Time: 27.6573 | VAL: 1.0935 0.8388 | 0.8486 1.0000 | 0.8283 0.9664 | Time: 2.3281 | TEST: 1.1053 0.8274 | 0.9557 0.9344 | 0.9358 0.9500 | Time: 2.8233
Epoch: 0032 | TRAIN: 0.5466 0.9694 | 0.1803 1.0000 | 0.1974 1.0000 | Time: 27.5571 | VAL: 1.0860 0.8351 | 0.8401 1.0000 | 0.8186 0.9664 | Time: 2.3992 | TEST: 1.0973 0.8256 | 0.9466 0.9262 | 0.9196 0.9556 | Time: 2.8713
Epoch: 0033 | TRAIN: 0.5127 0.9718 | 0.1653 1.0000 | 0.1875 1.0000 | Time: 27.6295 | VAL: 1.0690 0.8424 | 0.8435 1.0000 | 0.8121 0.9664 | Time: 2.3577 | TEST: 1.0813 0.8274 | 0.9456 0.9344 | 0.9190 0.9556 | Time: 2.8197
Epoch: 0034 | TRAIN: 0.4897 0.9766 | 0.1658 1.0000 | 0.1819 1.0000 | Time: 27.7655 | VAL: 1.0593 0.8406 | 0.8285 1.0000 | 0.8025 0.9664 | Time: 2.3935 | TEST: 1.0727 0.8274 | 0.9376 0.9344 | 0.9001 0.9556 | Time: 2.8641
Epoch: 0035 | TRAIN: 0.4655 0.9754 | 0.1596 1.0000 | 0.1722 1.0000 | Time: 27.7839 | VAL: 1.0482 0.8442 | 0.8209 1.0000 | 0.7918 0.9664 | Time: 2.3972 | TEST: 1.0598 0.8239 | 0.9287 0.9344 | 0.8957 0.9556 | Time: 2.8687
Epoch: 0036 | TRAIN: 0.4527 0.9790 | 0.1540 1.0000 | 0.1654 1.0000 | Time: 27.8201 | VAL: 1.0397 0.8514 | 0.8196 1.0000 | 0.7823 0.9664 | Time: 2.3582 | TEST: 1.0508 0.8291 | 0.9284 0.9426 | 0.8869 0.9556 | Time: 2.8389
Epoch: 0037 | TRAIN: 0.4175 0.9856 | 0.1468 1.0000 | 0.1609 1.0000 | Time: 27.8634 | VAL: 1.0213 0.8496 | 0.8142 1.0000 | 0.7735 0.9732 | Time: 2.3877 | TEST: 1.0339 0.8325 | 0.9231 0.9262 | 0.8777 0.9556 | Time: 2.8176
Epoch: 0038 | TRAIN: 0.3960 0.9892 | 0.1427 1.0000 | 0.1611 1.0000 | Time: 27.6669 | VAL: 1.0198 0.8514 | 0.8051 1.0000 | 0.7656 0.9664 | Time: 2.4025 | TEST: 1.0331 0.8325 | 0.9141 0.9426 | 0.8715 0.9556 | Time: 2.8610
Epoch: 0039 | TRAIN: 0.3861 0.9874 | 0.1325 1.0000 | 0.1487 1.0000 | Time: 27.6687 | VAL: 1.0040 0.8605 | 0.8113 1.0000 | 0.7612 0.9664 | Time: 2.3980 | TEST: 1.0163 0.8325 | 0.9237 0.9344 | 0.8686 0.9556 | Time: 2.9024
Epoch: 0040 | TRAIN: 0.3646 0.9910 | 0.1317 1.0000 | 0.1449 1.0000 | Time: 27.7613 | VAL: 0.9987 0.8605 | 0.8030 1.0000 | 0.7482 0.9664 | Time: 2.4116 | TEST: 1.0111 0.8359 | 0.9115 0.9344 | 0.8519 0.9556 | Time: 2.8865
Epoch: 0041 | TRAIN: 0.3443 0.9916 | 0.1266 1.0000 | 0.1405 1.0000 | Time: 27.7048 | VAL: 0.9898 0.8569 | 0.8001 1.0000 | 0.7496 0.9664 | Time: 2.4238 | TEST: 1.0046 0.8325 | 0.9120 0.9426 | 0.8554 0.9500 | Time: 2.8644
Epoch: 0042 | TRAIN: 0.3236 0.9922 | 0.1260 1.0000 | 0.1334 1.0000 | Time: 27.7305 | VAL: 0.9861 0.8587 | 0.7922 1.0000 | 0.7389 0.9664 | Time: 2.3955 | TEST: 1.0003 0.8359 | 0.9027 0.9426 | 0.8408 0.9500 | Time: 2.8171
Epoch: 0043 | TRAIN: 0.3096 0.9916 | 0.1205 1.0000 | 0.1306 1.0000 | Time: 27.6433 | VAL: 0.9756 0.8623 | 0.7938 1.0000 | 0.7283 0.9664 | Time: 2.3763 | TEST: 0.9886 0.8359 | 0.9040 0.9426 | 0.8335 0.9556 | Time: 2.8425
Epoch: 0044 | TRAIN: 0.3006 0.9940 | 0.1145 1.0000 | 0.1239 1.0000 | Time: 27.7239 | VAL: 0.9638 0.8659 | 0.7904 1.0000 | 0.7215 0.9664 | Time: 2.3850 | TEST: 0.9797 0.8376 | 0.8940 0.9426 | 0.8268 0.9556 | Time: 2.8415
Epoch: 0045 | TRAIN: 0.2856 0.9982 | 0.1074 1.0000 | 0.1226 1.0000 | Time: 27.7369 | VAL: 0.9554 0.8605 | 0.7826 1.0000 | 0.7235 0.9664 | Time: 2.3465 | TEST: 0.9686 0.8359 | 0.8954 0.9344 | 0.8301 0.9556 | Time: 2.8024
Epoch: 0046 | TRAIN: 0.2646 0.9976 | 0.1098 1.0000 | 0.1202 1.0000 | Time: 27.5584 | VAL: 0.9472 0.8678 | 0.7884 1.0000 | 0.7112 0.9664 | Time: 2.4109 | TEST: 0.9598 0.8342 | 0.8932 0.9262 | 0.8170 0.9500 | Time: 2.8737
Epoch: 0047 | TRAIN: 0.2511 0.9988 | 0.1088 1.0000 | 0.1166 1.0000 | Time: 27.7184 | VAL: 0.9517 0.8605 | 0.7842 1.0000 | 0.7191 0.9664 | Time: 2.3829 | TEST: 0.9666 0.8342 | 0.8953 0.9262 | 0.8180 0.9500 | Time: 2.9101
Epoch: 0048 | TRAIN: 0.2519 0.9976 | 0.1069 1.0000 | 0.1125 1.0000 | Time: 27.6928 | VAL: 0.9414 0.8678 | 0.7786 1.0000 | 0.7005 0.9664 | Time: 2.3599 | TEST: 0.9588 0.8308 | 0.8894 0.9426 | 0.8077 0.9556 | Time: 2.8344
Epoch: 0049 | TRAIN: 0.2369 0.9994 | 0.1037 1.0000 | 0.1074 1.0000 | Time: 27.7320 | VAL: 0.9352 0.8587 | 0.7630 1.0000 | 0.6982 0.9664 | Time: 2.3808 | TEST: 0.9494 0.8359 | 0.8815 0.9344 | 0.7997 0.9556 | Time: 2.8311
Epoch: 0050 | TRAIN: 0.2272 1.0000 | 0.1006 1.0000 | 0.1101 1.0000 | Time: 27.6465 | VAL: 0.9359 0.8659 | 0.7780 1.0000 | 0.7029 0.9664 | Time: 2.3567 | TEST: 0.9495 0.8376 | 0.8875 0.9344 | 0.8122 0.9556 | Time: 2.8236
Epoch: 0051 | TRAIN: 0.2184 0.9988 | 0.0931 1.0000 | 0.1039 1.0000 | Time: 27.7749 | VAL: 0.9263 0.8623 | 0.7674 1.0000 | 0.6935 0.9664 | Time: 2.3934 | TEST: 0.9410 0.8393 | 0.8798 0.9344 | 0.7998 0.9556 | Time: 2.8682
Epoch: 0052 | TRAIN: 0.2058 0.9994 | 0.0931 1.0000 | 0.0978 1.0000 | Time: 27.8088 | VAL: 0.9217 0.8587 | 0.7635 1.0000 | 0.6902 0.9664 | Time: 2.4089 | TEST: 0.9337 0.8342 | 0.8773 0.9426 | 0.7945 0.9556 | Time: 2.8844
Epoch: 0053 | TRAIN: 0.1976 1.0000 | 0.0891 1.0000 | 0.0961 1.0000 | Time: 27.7888 | VAL: 0.9124 0.8605 | 0.7644 1.0000 | 0.6796 0.9664 | Time: 2.4295 | TEST: 0.9260 0.8410 | 0.8819 0.9426 | 0.7821 0.9556 | Time: 2.8987
Epoch: 0054 | TRAIN: 0.1911 1.0000 | 0.0874 1.0000 | 0.0960 1.0000 | Time: 27.7335 | VAL: 0.9083 0.8641 | 0.7592 1.0000 | 0.6814 0.9664 | Time: 2.3824 | TEST: 0.9247 0.8342 | 0.8789 0.9426 | 0.7836 0.9556 | Time: 2.8517
Epoch: 0055 | TRAIN: 0.1826 0.9994 | 0.0855 1.0000 | 0.0930 1.0000 | Time: 27.7077 | VAL: 0.9035 0.8605 | 0.7685 1.0000 | 0.6822 0.9664 | Time: 2.3586 | TEST: 0.9178 0.8376 | 0.8872 0.9344 | 0.7895 0.9556 | Time: 2.8545
Epoch: 0056 | TRAIN: 0.1819 0.9994 | 0.0842 1.0000 | 0.0918 1.0000 | Time: 27.7595 | VAL: 0.8988 0.8641 | 0.7599 1.0000 | 0.6698 0.9664 | Time: 2.3824 | TEST: 0.9119 0.8410 | 0.8758 0.9344 | 0.7763 0.9500 | Time: 2.8417
Epoch: 0057 | TRAIN: 0.1720 1.0000 | 0.0794 1.0000 | 0.0912 1.0000 | Time: 27.7506 | VAL: 0.8966 0.8623 | 0.7695 1.0000 | 0.6712 0.9597 | Time: 2.4397 | TEST: 0.9105 0.8410 | 0.8811 0.9344 | 0.7746 0.9556 | Time: 2.9118
Epoch: 0058 | TRAIN: 0.1693 1.0000 | 0.0807 1.0000 | 0.0847 1.0000 | Time: 27.7620 | VAL: 0.8892 0.8623 | 0.7583 1.0000 | 0.6709 0.9664 | Time: 2.3608 | TEST: 0.9014 0.8376 | 0.8717 0.9344 | 0.7714 0.9500 | Time: 2.8667
Epoch: 0059 | TRAIN: 0.1577 0.9994 | 0.0771 1.0000 | 0.0850 1.0000 | Time: 27.7099 | VAL: 0.8847 0.8641 | 0.7515 1.0000 | 0.6622 0.9664 | Time: 2.4084 | TEST: 0.8977 0.8342 | 0.8643 0.9344 | 0.7686 0.9500 | Time: 2.8513
Epoch: 0060 | TRAIN: 0.1555 1.0000 | 0.0760 1.0000 | 0.0827 1.0000 | Time: 27.8113 | VAL: 0.8831 0.8587 | 0.7623 1.0000 | 0.6661 0.9664 | Time: 2.3809 | TEST: 0.8991 0.8376 | 0.8745 0.9426 | 0.7692 0.9500 | Time: 2.8371
Epoch: 0061 | TRAIN: 0.1455 1.0000 | 0.0737 1.0000 | 0.0804 1.0000 | Time: 27.8598 | VAL: 0.8742 0.8659 | 0.7525 1.0000 | 0.6547 0.9664 | Time: 2.3339 | TEST: 0.8879 0.8410 | 0.8647 0.9344 | 0.7581 0.9500 | Time: 2.8255
Epoch: 0062 | TRAIN: 0.1409 1.0000 | 0.0726 1.0000 | 0.0794 1.0000 | Time: 27.6652 | VAL: 0.8794 0.8587 | 0.7478 1.0000 | 0.6638 0.9597 | Time: 2.3592 | TEST: 0.8887 0.8410 | 0.8706 0.9180 | 0.7658 0.9556 | Time: 2.8175
Epoch: 0063 | TRAIN: 0.1333 1.0000 | 0.0703 1.0000 | 0.0756 1.0000 | Time: 27.7095 | VAL: 0.8661 0.8569 | 0.7521 1.0000 | 0.6569 0.9664 | Time: 2.4170 | TEST: 0.8788 0.8376 | 0.8657 0.9344 | 0.7597 0.9556 | Time: 2.9024
Epoch: 0064 | TRAIN: 0.1319 1.0000 | 0.0691 1.0000 | 0.0753 1.0000 | Time: 27.7768 | VAL: 0.8718 0.8587 | 0.7500 1.0000 | 0.6540 0.9664 | Time: 2.3545 | TEST: 0.8826 0.8376 | 0.8676 0.9180 | 0.7611 0.9556 | Time: 2.8436
Epoch: 0065 | TRAIN: 0.1276 1.0000 | 0.0705 1.0000 | 0.0726 1.0000 | Time: 27.6844 | VAL: 0.8667 0.8605 | 0.7466 1.0000 | 0.6497 0.9597 | Time: 2.4052 | TEST: 0.8797 0.8393 | 0.8659 0.9426 | 0.7538 0.9444 | Time: 2.8724
Epoch: 0066 | TRAIN: 0.1221 1.0000 | 0.0650 1.0000 | 0.0731 1.0000 | Time: 27.5970 | VAL: 0.8593 0.8587 | 0.7377 1.0000 | 0.6499 0.9597 | Time: 2.3328 | TEST: 0.8722 0.8376 | 0.8602 0.9344 | 0.7545 0.9556 | Time: 2.8003
Epoch: 0067 | TRAIN: 0.1168 1.0000 | 0.0676 1.0000 | 0.0712 1.0000 | Time: 27.6095 | VAL: 0.8649 0.8587 | 0.7432 1.0000 | 0.6412 0.9664 | Time: 2.3669 | TEST: 0.8782 0.8376 | 0.8650 0.9344 | 0.7470 0.9500 | Time: 2.8604
Epoch: 0068 | TRAIN: 0.1153 1.0000 | 0.0631 1.0000 | 0.0657 1.0000 | Time: 28.0988 | VAL: 0.8551 0.8587 | 0.7375 1.0000 | 0.6514 0.9664 | Time: 2.4160 | TEST: 0.8693 0.8444 | 0.8634 0.9262 | 0.7533 0.9444 | Time: 2.8947
Epoch: 0069 | TRAIN: 0.1179 1.0000 | 0.0622 1.0000 | 0.0649 1.0000 | Time: 28.0545 | VAL: 0.8527 0.8641 | 0.7459 1.0000 | 0.6426 0.9664 | Time: 2.4469 | TEST: 0.8660 0.8410 | 0.8639 0.9344 | 0.7428 0.9556 | Time: 2.9148
Epoch: 0070 | TRAIN: 0.1112 1.0000 | 0.0610 1.0000 | 0.0663 1.0000 | Time: 28.2050 | VAL: 0.8490 0.8623 | 0.7356 1.0000 | 0.6469 0.9664 | Time: 2.3747 | TEST: 0.8642 0.8376 | 0.8617 0.9262 | 0.7477 0.9556 | Time: 2.8276
Epoch: 0071 | TRAIN: 0.1083 1.0000 | 0.0609 1.0000 | 0.0639 1.0000 | Time: 28.0630 | VAL: 0.8411 0.8587 | 0.7425 1.0000 | 0.6382 0.9664 | Time: 2.4530 | TEST: 0.8547 0.8444 | 0.8647 0.9344 | 0.7431 0.9444 | Time: 2.9060
Epoch: 0072 | TRAIN: 0.1004 1.0000 | 0.0601 1.0000 | 0.0633 1.0000 | Time: 28.0901 | VAL: 0.8401 0.8605 | 0.7387 1.0000 | 0.6343 0.9664 | Time: 2.3726 | TEST: 0.8531 0.8444 | 0.8609 0.9180 | 0.7389 0.9444 | Time: 2.8276
Epoch: 0073 | TRAIN: 0.1014 1.0000 | 0.0587 1.0000 | 0.0627 1.0000 | Time: 28.0743 | VAL: 0.8388 0.8678 | 0.7369 1.0000 | 0.6319 0.9664 | Time: 2.4276 | TEST: 0.8505 0.8342 | 0.8576 0.9344 | 0.7354 0.9556 | Time: 2.8815
Epoch: 0074 | TRAIN: 0.1003 1.0000 | 0.0552 1.0000 | 0.0593 1.0000 | Time: 27.8320 | VAL: 0.8357 0.8659 | 0.7395 1.0000 | 0.6319 0.9664 | Time: 2.3419 | TEST: 0.8485 0.8359 | 0.8623 0.9344 | 0.7315 0.9500 | Time: 2.7690
Epoch: 0075 | TRAIN: 0.0978 1.0000 | 0.0550 1.0000 | 0.0596 1.0000 | Time: 27.7084 | VAL: 0.8310 0.8623 | 0.7367 1.0000 | 0.6222 0.9664 | Time: 2.3878 | TEST: 0.8438 0.8444 | 0.8638 0.9344 | 0.7259 0.9611 | Time: 2.8307
Epoch: 0076 | TRAIN: 0.0947 1.0000 | 0.0558 1.0000 | 0.0578 1.0000 | Time: 27.8576 | VAL: 0.8317 0.8569 | 0.7393 1.0000 | 0.6231 0.9664 | Time: 2.3613 | TEST: 0.8446 0.8410 | 0.8639 0.9262 | 0.7255 0.9556 | Time: 2.8252
Epoch: 0077 | TRAIN: 0.0926 1.0000 | 0.0545 1.0000 | 0.0552 1.0000 | Time: 27.8398 | VAL: 0.8280 0.8623 | 0.7325 1.0000 | 0.6257 0.9664 | Time: 2.3722 | TEST: 0.8400 0.8376 | 0.8605 0.9344 | 0.7302 0.9500 | Time: 2.8602
Epoch: 0078 | TRAIN: 0.0856 1.0000 | 0.0536 1.0000 | 0.0559 1.0000 | Time: 27.6828 | VAL: 0.8234 0.8587 | 0.7361 1.0000 | 0.6281 0.9664 | Time: 2.3601 | TEST: 0.8373 0.8427 | 0.8564 0.9344 | 0.7306 0.9556 | Time: 2.7924
Epoch: 0079 | TRAIN: 0.0869 1.0000 | 0.0514 1.0000 | 0.0550 1.0000 | Time: 27.7824 | VAL: 0.8220 0.8623 | 0.7384 1.0000 | 0.6230 0.9597 | Time: 2.3239 | TEST: 0.8355 0.8410 | 0.8639 0.9344 | 0.7300 0.9500 | Time: 2.8049
Epoch: 0080 | TRAIN: 0.0840 1.0000 | 0.0499 1.0000 | 0.0531 1.0000 | Time: 27.7433 | VAL: 0.8173 0.8641 | 0.7321 1.0000 | 0.6206 0.9664 | Time: 2.4239 | TEST: 0.8303 0.8444 | 0.8591 0.9344 | 0.7220 0.9444 | Time: 2.8664
Epoch: 0081 | TRAIN: 0.0882 1.0000 | 0.0508 1.0000 | 0.0534 1.0000 | Time: 27.8795 | VAL: 0.8146 0.8623 | 0.7319 1.0000 | 0.6090 0.9597 | Time: 2.4080 | TEST: 0.8283 0.8462 | 0.8533 0.9344 | 0.7161 0.9500 | Time: 2.8721
Epoch: 0082 | TRAIN: 0.0790 1.0000 | 0.0485 1.0000 | 0.0517 1.0000 | Time: 27.6485 | VAL: 0.8118 0.8605 | 0.7232 1.0000 | 0.6055 0.9597 | Time: 2.3838 | TEST: 0.8273 0.8444 | 0.8556 0.9262 | 0.7042 0.9500 | Time: 2.8063
Epoch: 0083 | TRAIN: 0.0834 1.0000 | 0.0478 1.0000 | 0.0501 1.0000 | Time: 27.9482 | VAL: 0.8110 0.8569 | 0.7283 1.0000 | 0.6135 0.9597 | Time: 2.3853 | TEST: 0.8234 0.8462 | 0.8514 0.9344 | 0.7172 0.9500 | Time: 2.8681
Epoch: 0084 | TRAIN: 0.0760 1.0000 | 0.0474 1.0000 | 0.0503 1.0000 | Time: 27.7561 | VAL: 0.8100 0.8605 | 0.7269 1.0000 | 0.6075 0.9597 | Time: 2.4001 | TEST: 0.8217 0.8427 | 0.8503 0.9344 | 0.7121 0.9556 | Time: 2.8769
Epoch: 0085 | TRAIN: 0.0758 1.0000 | 0.0458 1.0000 | 0.0500 1.0000 | Time: 27.6477 | VAL: 0.8066 0.8605 | 0.7291 1.0000 | 0.6117 0.9597 | Time: 2.3755 | TEST: 0.8221 0.8462 | 0.8551 0.9344 | 0.7160 0.9500 | Time: 2.8384
Epoch: 0086 | TRAIN: 0.0735 1.0000 | 0.0466 1.0000 | 0.0495 1.0000 | Time: 27.7113 | VAL: 0.8046 0.8623 | 0.7180 1.0000 | 0.6066 0.9597 | Time: 2.3344 | TEST: 0.8140 0.8444 | 0.8511 0.9344 | 0.7101 0.9500 | Time: 2.7753
Epoch: 0087 | TRAIN: 0.0723 1.0000 | 0.0455 1.0000 | 0.0474 1.0000 | Time: 27.6934 | VAL: 0.8053 0.8605 | 0.7251 1.0000 | 0.6117 0.9597 | Time: 2.3410 | TEST: 0.8142 0.8444 | 0.8550 0.9262 | 0.7141 0.9500 | Time: 2.7796
Epoch: 0088 | TRAIN: 0.0720 1.0000 | 0.0447 1.0000 | 0.0464 1.0000 | Time: 27.8435 | VAL: 0.8065 0.8569 | 0.7360 1.0000 | 0.6114 0.9597 | Time: 2.3507 | TEST: 0.8189 0.8479 | 0.8567 0.9180 | 0.7130 0.9556 | Time: 2.8056
Epoch: 0089 | TRAIN: 0.0716 1.0000 | 0.0431 1.0000 | 0.0460 1.0000 | Time: 27.7411 | VAL: 0.7989 0.8659 | 0.7331 1.0000 | 0.6105 0.9597 | Time: 2.3491 | TEST: 0.8108 0.8479 | 0.8612 0.9180 | 0.7155 0.9556 | Time: 2.8191
Epoch: 0090 | TRAIN: 0.0701 1.0000 | 0.0426 1.0000 | 0.0460 1.0000 | Time: 27.6679 | VAL: 0.8006 0.8569 | 0.7316 1.0000 | 0.6141 0.9597 | Time: 2.3296 | TEST: 0.8117 0.8427 | 0.8620 0.9262 | 0.7149 0.9500 | Time: 2.7744
Epoch: 0091 | TRAIN: 0.0674 1.0000 | 0.0429 1.0000 | 0.0449 1.0000 | Time: 27.8033 | VAL: 0.7980 0.8605 | 0.7296 1.0000 | 0.6071 0.9597 | Time: 2.3544 | TEST: 0.8102 0.8496 | 0.8617 0.9262 | 0.7060 0.9556 | Time: 2.7962
Epoch: 0092 | TRAIN: 0.0671 1.0000 | 0.0410 1.0000 | 0.0441 1.0000 | Time: 27.7267 | VAL: 0.7936 0.8587 | 0.7209 0.9888 | 0.6067 0.9664 | Time: 2.3192 | TEST: 0.8021 0.8462 | 0.8581 0.9180 | 0.7130 0.9500 | Time: 2.7625
Epoch: 0093 | TRAIN: 0.0670 1.0000 | 0.0398 1.0000 | 0.0435 1.0000 | Time: 27.7205 | VAL: 0.7979 0.8569 | 0.7205 1.0000 | 0.6059 0.9664 | Time: 2.3668 | TEST: 0.8076 0.8444 | 0.8579 0.9180 | 0.7101 0.9556 | Time: 2.8434
Epoch: 0094 | TRAIN: 0.0623 1.0000 | 0.0398 1.0000 | 0.0427 1.0000 | Time: 27.7693 | VAL: 0.7917 0.8587 | 0.7174 1.0000 | 0.5972 0.9597 | Time: 2.4095 | TEST: 0.8065 0.8410 | 0.8489 0.9344 | 0.7030 0.9444 | Time: 2.8933
Epoch: 0095 | TRAIN: 0.0620 1.0000 | 0.0392 1.0000 | 0.0414 1.0000 | Time: 27.6664 | VAL: 0.7876 0.8605 | 0.7245 1.0000 | 0.5943 0.9597 | Time: 2.3351 | TEST: 0.8018 0.8462 | 0.8597 0.9180 | 0.6981 0.9500 | Time: 2.7873
Epoch: 0096 | TRAIN: 0.0617 1.0000 | 0.0385 1.0000 | 0.0408 1.0000 | Time: 27.5962 | VAL: 0.7919 0.8605 | 0.7307 1.0000 | 0.6031 0.9664 | Time: 2.3600 | TEST: 0.8022 0.8530 | 0.8660 0.9262 | 0.7046 0.9500 | Time: 2.8266
Epoch: 0097 | TRAIN: 0.0592 1.0000 | 0.0375 1.0000 | 0.0422 1.0000 | Time: 27.6656 | VAL: 0.7885 0.8605 | 0.7306 1.0000 | 0.5996 0.9664 | Time: 2.3790 | TEST: 0.7981 0.8513 | 0.8663 0.9180 | 0.7007 0.9500 | Time: 2.8461
Epoch: 0098 | TRAIN: 0.0591 1.0000 | 0.0375 1.0000 | 0.0391 1.0000 | Time: 27.7744 | VAL: 0.7890 0.8587 | 0.7257 1.0000 | 0.5994 0.9664 | Time: 2.3510 | TEST: 0.7984 0.8513 | 0.8596 0.9262 | 0.6973 0.9556 | Time: 2.8060
Epoch: 0099 | TRAIN: 0.0594 1.0000 | 0.0380 1.0000 | 0.0416 1.0000 | Time: 27.6133 | VAL: 0.7865 0.8623 | 0.7284 1.0000 | 0.6008 0.9597 | Time: 2.3251 | TEST: 0.7966 0.8496 | 0.8650 0.9262 | 0.6965 0.9500 | Time: 2.7647
========================================
Best Result: Epoch 46, result {'amazon': [0.8341880341880342], 'dslr': [0.9262295081967213], 'webcam': [0.95]}
========================================
