Namespace(batch_size=64, beta_moco=0.1, gamma_moco=0.1, gamma_modo=1.0, lr=0.1, moo_method='MoDo', num_epochs=1000, rho_moco=0.0, rho_modo=0.0, seed=7)

==================================================
Model parameter count per layer
==================================================
fc1.weight 	: 401408
fc1.bias 	: 512
fc2.weight 	: 5120
fc2.bias 	: 10
Total number of parametrs : 407050
--------------------------------------------------

======================================================================
LOG FORMAT: Epoch: EPOCH | Train: LOSS1 LOSS2 LOSS3
======================================================================
Epoch:      0 | Train: 2.3284 0.0905 0.0131
Epoch:    100 | Train: 2.0418 0.0837 0.0124
Epoch:    200 | Train: 1.7733 0.0744 0.0114
Epoch:    300 | Train: 1.6219 0.0683 0.0107
Epoch:    400 | Train: 1.4985 0.0641 0.0102
Epoch:    500 | Train: 1.0535 0.0454 0.0081
Epoch:    600 | Train: 1.1411 0.0494 0.0086
Epoch:    700 | Train: 0.9517 0.041 0.0073
Epoch:    800 | Train: 0.9392 0.0409 0.0075
Epoch:    900 | Train: 0.7689 0.0325 0.0062
Epoch:    999 | Train: 0.9433 0.0421 0.0076

======================================================================
PERF FORMAT: DATASET | Acuracy: ACC | Loss: LOSS1 LOSS2 LOSS3 | PS: PS
======================================================================
Train | Acuracy:  82.32% | Loss: 0.82042 0.03572 0.00667 | PS: 0.00459 
Val   | Acuracy:  82.67% | Loss: 0.81337 0.03531 0.00662 | PS: 0.00483 
Test  | Acuracy:  83.76% | Loss: 0.79116 0.03439 0.00651 | PS: 0.00468 
----------------------------------------------------------------------
Optimization error  : 0.00459
Population error    : 0.00468
Generalization error: 9e-05
