Namespace(batch_size=64, beta_moco=0.1, gamma_moco=0.1, gamma_modo=0.05, lr=0.1, moo_method='MoDo', num_epochs=1000, rho_moco=0.0, rho_modo=0.0, seed=6)

==================================================
Model parameter count per layer
==================================================
fc1.weight 	: 401408
fc1.bias 	: 512
fc2.weight 	: 5120
fc2.bias 	: 10
Total number of parametrs : 407050
--------------------------------------------------

======================================================================
LOG FORMAT: Epoch: EPOCH | Train: LOSS1 LOSS2 LOSS3
======================================================================
Epoch:      0 | Train: 2.3515 0.091 0.0131
Epoch:    100 | Train: 1.1855 0.0516 0.0089
Epoch:    200 | Train: 1.0062 0.0443 0.0079
Epoch:    300 | Train: 1.0231 0.0461 0.0081
Epoch:    400 | Train: 0.9486 0.0392 0.007
Epoch:    500 | Train: 0.8227 0.0354 0.0067
Epoch:    600 | Train: 0.7586 0.0322 0.0061
Epoch:    700 | Train: 0.6653 0.029 0.0055
Epoch:    800 | Train: 0.5279 0.0219 0.0045
Epoch:    900 | Train: 0.7362 0.0324 0.0057
Epoch:    999 | Train: 0.877 0.038 0.0064

======================================================================
PERF FORMAT: DATASET | Acuracy: ACC | Loss: LOSS1 LOSS2 LOSS3 | PS: PS
======================================================================
Train | Acuracy:  86.02% | Loss: 0.59947 0.02547 0.00491 | PS: 0.00345 
Val   | Acuracy:  85.60% | Loss: 0.60093 0.0257 0.00495 | PS: 0.00342 
Test  | Acuracy:  86.84% | Loss: 0.57427 0.02439 0.00477 | PS: 0.00364 
----------------------------------------------------------------------
Optimization error  : 0.00345
Population error    : 0.00364
Generalization error: 0.0002
