Namespace(batch_size=64, beta_moco=0.1, gamma_moco=0.1, gamma_modo=0.25, lr=0.1, moo_method='MoDo', num_epochs=1000, rho_moco=0.0, rho_modo=0.0, seed=1)

==================================================
Model parameter count per layer
==================================================
fc1.weight 	: 401408
fc1.bias 	: 512
fc2.weight 	: 5120
fc2.bias 	: 10
Total number of parametrs : 407050
--------------------------------------------------

======================================================================
LOG FORMAT: Epoch: EPOCH | Train: LOSS1 LOSS2 LOSS3
======================================================================
Epoch:      0 | Train: 2.3314 0.0906 0.0131
Epoch:    100 | Train: 1.9863 0.0823 0.0123
Epoch:    200 | Train: 1.5743 0.068 0.0108
Epoch:    300 | Train: 1.5247 0.065 0.0104
Epoch:    400 | Train: 1.3325 0.057 0.0095
Epoch:    500 | Train: 1.1737 0.0505 0.0087
Epoch:    600 | Train: 1.1218 0.0487 0.0083
Epoch:    700 | Train: 0.9832 0.0414 0.0073
Epoch:    800 | Train: 0.8113 0.0339 0.0065
Epoch:    900 | Train: 0.6618 0.0289 0.0054
Epoch:    999 | Train: 0.7268 0.0313 0.0058

======================================================================
PERF FORMAT: DATASET | Acuracy: ACC | Loss: LOSS1 LOSS2 LOSS3 | PS: PS
======================================================================
Train | Acuracy:  82.96% | Loss: 0.72756 0.03158 0.00594 | PS: 0.0039 
Val   | Acuracy:  82.70% | Loss: 0.72776 0.03163 0.00596 | PS: 0.00403 
Test  | Acuracy:  83.95% | Loss: 0.70272 0.03046 0.00581 | PS: 0.00401 
----------------------------------------------------------------------
Optimization error  : 0.0039
Population error    : 0.00401
Generalization error: 0.0001
