Namespace(batch_size=64, beta_moco=0.1, gamma_moco=0.1, gamma_modo=0.01, lr=0.1, moo_method='MoDo', num_epochs=1000, rho_moco=0.0, rho_modo=0.0, seed=2)

==================================================
Model parameter count per layer
==================================================
fc1.weight 	: 401408
fc1.bias 	: 512
fc2.weight 	: 5120
fc2.bias 	: 10
Total number of parametrs : 407050
--------------------------------------------------

======================================================================
LOG FORMAT: Epoch: EPOCH | Train: LOSS1 LOSS2 LOSS3
======================================================================
Epoch:      0 | Train: 2.2467 0.0888 0.0129
Epoch:    100 | Train: 0.6304 0.0283 0.0054
Epoch:    200 | Train: 0.5203 0.0228 0.0041
Epoch:    300 | Train: 0.5274 0.0223 0.0039
Epoch:    400 | Train: 0.5475 0.0234 0.0039
Epoch:    500 | Train: 0.4801 0.0214 0.0034
Epoch:    600 | Train: 0.4208 0.0181 0.003
Epoch:    700 | Train: 0.3196 0.0163 0.003
Epoch:    800 | Train: 0.4143 0.0151 0.0024
Epoch:    900 | Train: 0.3645 0.0129 0.002
Epoch:    999 | Train: 0.3371 0.0141 0.0025

======================================================================
PERF FORMAT: DATASET | Acuracy: ACC | Loss: LOSS1 LOSS2 LOSS3 | PS: PS
======================================================================
Train | Acuracy:  90.40% | Loss: 0.33999 0.01481 0.00254 | PS: 0.0021 
Val   | Acuracy:  90.17% | Loss: 0.34984 0.01509 0.00255 | PS: 0.00216 
Test  | Acuracy:  90.60% | Loss: 0.32968 0.01418 0.00244 | PS: 0.00246 
----------------------------------------------------------------------
Optimization error  : 0.0021
Population error    : 0.00246
Generalization error: 0.00036
