Namespace(batch_size=64, beta_moco=0.1, gamma_moco=0.1, gamma_modo=0.025, lr=0.1, moo_method='MoDo', num_epochs=1000, rho_moco=0.0, rho_modo=0.0, seed=2)

==================================================
Model parameter count per layer
==================================================
fc1.weight 	: 401408
fc1.bias 	: 512
fc2.weight 	: 5120
fc2.bias 	: 10
Total number of parametrs : 407050
--------------------------------------------------

======================================================================
LOG FORMAT: Epoch: EPOCH | Train: LOSS1 LOSS2 LOSS3
======================================================================
Epoch:      0 | Train: 2.2467 0.0888 0.0129
Epoch:    100 | Train: 0.8711 0.0386 0.0072
Epoch:    200 | Train: 0.7267 0.0318 0.006
Epoch:    300 | Train: 0.6923 0.0299 0.0056
Epoch:    400 | Train: 0.6772 0.0294 0.0053
Epoch:    500 | Train: 0.6194 0.0267 0.0049
Epoch:    600 | Train: 0.5581 0.0238 0.0043
Epoch:    700 | Train: 0.4699 0.0212 0.0042
Epoch:    800 | Train: 0.5327 0.0211 0.004
Epoch:    900 | Train: 0.4511 0.0163 0.0031
Epoch:    999 | Train: 0.4572 0.0193 0.0037

======================================================================
PERF FORMAT: DATASET | Acuracy: ACC | Loss: LOSS1 LOSS2 LOSS3 | PS: PS
======================================================================
Train | Acuracy:  87.87% | Loss: 0.47895 0.02043 0.00388 | PS: 0.00221 
Val   | Acuracy:  87.60% | Loss: 0.48248 0.02053 0.00388 | PS: 0.00224 
Test  | Acuracy:  88.84% | Loss: 0.45697 0.01934 0.00372 | PS: 0.0025 
----------------------------------------------------------------------
Optimization error  : 0.00221
Population error    : 0.0025
Generalization error: 0.00029
