Namespace(batch_size=64, beta_moco=0.1, gamma_moco=0.1, gamma_modo=0.075, lr=0.1, moo_method='MoDo', num_epochs=1000, rho_moco=0.0, rho_modo=0.0, seed=0)

==================================================
Model parameter count per layer
==================================================
fc1.weight 	: 401408
fc1.bias 	: 512
fc2.weight 	: 5120
fc2.bias 	: 10
Total number of parametrs : 407050
--------------------------------------------------

======================================================================
LOG FORMAT: Epoch: EPOCH | Train: LOSS1 LOSS2 LOSS3
======================================================================
Epoch:      0 | Train: 2.3186 0.0904 0.0131
Epoch:    100 | Train: 1.6859 0.0725 0.0113
Epoch:    200 | Train: 1.435 0.0624 0.0101
Epoch:    300 | Train: 1.2344 0.0528 0.0089
Epoch:    400 | Train: 0.978 0.0421 0.0076
Epoch:    500 | Train: 1.0525 0.046 0.008
Epoch:    600 | Train: 1.0013 0.0443 0.008
Epoch:    700 | Train: 0.9023 0.0388 0.007
Epoch:    800 | Train: 0.5817 0.0245 0.0051
Epoch:    900 | Train: 0.5634 0.0239 0.0047
Epoch:    999 | Train: 0.6894 0.0278 0.0052

======================================================================
PERF FORMAT: DATASET | Acuracy: ACC | Loss: LOSS1 LOSS2 LOSS3 | PS: PS
======================================================================
Train | Acuracy:  85.05% | Loss: 0.6558 0.0282 0.00543 | PS: 0.00397 
Val   | Acuracy:  84.92% | Loss: 0.66277 0.02854 0.00547 | PS: 0.00403 
Test  | Acuracy:  85.77% | Loss: 0.63104 0.02705 0.00528 | PS: 0.00406 
----------------------------------------------------------------------
Optimization error  : 0.00397
Population error    : 0.00406
Generalization error: 9e-05
