Namespace(batch_size=64, beta_moco=0.1, gamma_moco=0.1, gamma_modo=0.01, lr=0.1, moo_method='MoDo', num_epochs=1000, rho_moco=0.0, rho_modo=0.0, seed=4)

==================================================
Model parameter count per layer
==================================================
fc1.weight 	: 401408
fc1.bias 	: 512
fc2.weight 	: 5120
fc2.bias 	: 10
Total number of parametrs : 407050
--------------------------------------------------

======================================================================
LOG FORMAT: Epoch: EPOCH | Train: LOSS1 LOSS2 LOSS3
======================================================================
Epoch:      0 | Train: 2.389 0.0916 0.0132
Epoch:    100 | Train: 0.5384 0.0256 0.0049
Epoch:    200 | Train: 0.3763 0.0167 0.0036
Epoch:    300 | Train: 0.3432 0.0146 0.003
Epoch:    400 | Train: 0.3264 0.0123 0.0026
Epoch:    500 | Train: 0.4744 0.0203 0.0035
Epoch:    600 | Train: 0.2786 0.0133 0.0026
Epoch:    700 | Train: 0.4087 0.018 0.0028
Epoch:    800 | Train: 0.3124 0.0109 0.0021
Epoch:    900 | Train: 0.2134 0.0109 0.0021
Epoch:    999 | Train: 0.3389 0.0193 0.0031

======================================================================
PERF FORMAT: DATASET | Acuracy: ACC | Loss: LOSS1 LOSS2 LOSS3 | PS: PS
======================================================================
Train | Acuracy:  90.24% | Loss: 0.34336 0.01486 0.00254 | PS: 0.00216 
Val   | Acuracy:  89.80% | Loss: 0.35816 0.01559 0.00262 | PS: 0.00207 
Test  | Acuracy:  90.84% | Loss: 0.33366 0.01425 0.00244 | PS: 0.00205 
----------------------------------------------------------------------
Optimization error  : 0.00216
Population error    : 0.00205
Generalization error: -0.00011
