Namespace(batch_size=64, beta_moco=0.1, gamma_moco=0.1, gamma_modo=0.075, lr=0.1, moo_method='MoDo', num_epochs=1000, rho_moco=0.0, rho_modo=0.0, seed=5)

==================================================
Model parameter count per layer
==================================================
fc1.weight 	: 401408
fc1.bias 	: 512
fc2.weight 	: 5120
fc2.bias 	: 10
Total number of parametrs : 407050
--------------------------------------------------

======================================================================
LOG FORMAT: Epoch: EPOCH | Train: LOSS1 LOSS2 LOSS3
======================================================================
Epoch:      0 | Train: 2.2981 0.09 0.013
Epoch:    100 | Train: 1.6467 0.07 0.0109
Epoch:    200 | Train: 1.5276 0.0653 0.0104
Epoch:    300 | Train: 1.274 0.0555 0.0093
Epoch:    400 | Train: 1.0267 0.0449 0.008
Epoch:    500 | Train: 0.8433 0.0369 0.0068
Epoch:    600 | Train: 0.8484 0.0377 0.007
Epoch:    700 | Train: 0.6596 0.0285 0.0055
Epoch:    800 | Train: 0.6484 0.0285 0.0057
Epoch:    900 | Train: 0.6794 0.0282 0.0054
Epoch:    999 | Train: 0.6677 0.0298 0.0056

======================================================================
PERF FORMAT: DATASET | Acuracy: ACC | Loss: LOSS1 LOSS2 LOSS3 | PS: PS
======================================================================
Train | Acuracy:  85.33% | Loss: 0.63736 0.02736 0.00527 | PS: 0.00356 
Val   | Acuracy:  84.68% | Loss: 0.64909 0.02793 0.00532 | PS: 0.0035 
Test  | Acuracy:  86.26% | Loss: 0.61388 0.02627 0.00513 | PS: 0.00372 
----------------------------------------------------------------------
Optimization error  : 0.00356
Population error    : 0.00372
Generalization error: 0.00016
