Namespace(batch_size=64, beta_moco=0.1, gamma_moco=0.1, gamma_modo=0.5, lr=0.1, moo_method='MoDo', num_epochs=1000, rho_moco=0.0, rho_modo=0.0, seed=7)

==================================================
Model parameter count per layer
==================================================
fc1.weight 	: 401408
fc1.bias 	: 512
fc2.weight 	: 5120
fc2.bias 	: 10
Total number of parametrs : 407050
--------------------------------------------------

======================================================================
LOG FORMAT: Epoch: EPOCH | Train: LOSS1 LOSS2 LOSS3
======================================================================
Epoch:      0 | Train: 2.3284 0.0905 0.0131
Epoch:    100 | Train: 2.0378 0.0836 0.0124
Epoch:    200 | Train: 1.7638 0.0741 0.0114
Epoch:    300 | Train: 1.5999 0.0674 0.0106
Epoch:    400 | Train: 1.4616 0.0627 0.0101
Epoch:    500 | Train: 0.9979 0.043 0.0078
Epoch:    600 | Train: 1.0732 0.0465 0.0082
Epoch:    700 | Train: 0.8862 0.0381 0.0069
Epoch:    800 | Train: 0.8716 0.0378 0.007
Epoch:    900 | Train: 0.7011 0.0295 0.0058
Epoch:    999 | Train: 0.8638 0.0386 0.0071

======================================================================
PERF FORMAT: DATASET | Acuracy: ACC | Loss: LOSS1 LOSS2 LOSS3 | PS: PS
======================================================================
Train | Acuracy:  83.74% | Loss: 0.7541 0.03266 0.00621 | PS: 0.00457 
Val   | Acuracy:  83.92% | Loss: 0.74768 0.0323 0.00617 | PS: 0.00484 
Test  | Acuracy:  85.08% | Loss: 0.72507 0.03133 0.00605 | PS: 0.00468 
----------------------------------------------------------------------
Optimization error  : 0.00457
Population error    : 0.00468
Generalization error: 0.0001
