Namespace(batch_size=64, beta_moco=0.1, gamma_moco=0.1, gamma_modo=0.0075, lr=0.1, moo_method='MoDo', num_epochs=1000, rho_moco=0.0, rho_modo=0.0, seed=9)

==================================================
Model parameter count per layer
==================================================
fc1.weight 	: 401408
fc1.bias 	: 512
fc2.weight 	: 5120
fc2.bias 	: 10
Total number of parametrs : 407050
--------------------------------------------------

======================================================================
LOG FORMAT: Epoch: EPOCH | Train: LOSS1 LOSS2 LOSS3
======================================================================
Epoch:      0 | Train: 2.3852 0.0916 0.0132
Epoch:    100 | Train: 0.6315 0.0272 0.0051
Epoch:    200 | Train: 0.5422 0.0237 0.0042
Epoch:    300 | Train: 0.3427 0.0151 0.003
Epoch:    400 | Train: 0.4372 0.0166 0.0028
Epoch:    500 | Train: 0.2814 0.0127 0.0025
Epoch:    600 | Train: 0.5082 0.0209 0.0035
Epoch:    700 | Train: 0.3785 0.0193 0.003
Epoch:    800 | Train: 0.4093 0.0178 0.0031
Epoch:    900 | Train: 0.2567 0.0124 0.0022
Epoch:    999 | Train: 0.6067 0.0176 0.003

======================================================================
PERF FORMAT: DATASET | Acuracy: ACC | Loss: LOSS1 LOSS2 LOSS3 | PS: PS
======================================================================
Train | Acuracy:  90.64% | Loss: 0.33625 0.01445 0.00248 | PS: 0.00123 
Val   | Acuracy:  90.50% | Loss: 0.3415 0.01467 0.0025 | PS: 0.00139 
Test  | Acuracy:  91.09% | Loss: 0.32249 0.01377 0.00237 | PS: 0.0015 
----------------------------------------------------------------------
Optimization error  : 0.00123
Population error    : 0.0015
Generalization error: 0.00027
