Namespace(batch_size=64, beta_moco=0.1, gamma_moco=0.1, gamma_modo=0.1, lr=0.1, moo_method='MoDo', num_epochs=1000, rho_moco=0.0, rho_modo=0.0, seed=4)

==================================================
Model parameter count per layer
==================================================
fc1.weight 	: 401408
fc1.bias 	: 512
fc2.weight 	: 5120
fc2.bias 	: 10
Total number of parametrs : 407050
--------------------------------------------------

======================================================================
LOG FORMAT: Epoch: EPOCH | Train: LOSS1 LOSS2 LOSS3
======================================================================
Epoch:      0 | Train: 2.389 0.0916 0.0132
Epoch:    100 | Train: 1.5061 0.0648 0.0104
Epoch:    200 | Train: 1.2062 0.0519 0.0088
Epoch:    300 | Train: 1.2379 0.0539 0.0091
Epoch:    400 | Train: 1.0386 0.0457 0.008
Epoch:    500 | Train: 1.0755 0.048 0.0084
Epoch:    600 | Train: 0.8468 0.0377 0.007
Epoch:    700 | Train: 0.9194 0.0399 0.0073
Epoch:    800 | Train: 0.7153 0.0296 0.0058
Epoch:    900 | Train: 0.6079 0.025 0.005
Epoch:    999 | Train: 0.617 0.029 0.0056

======================================================================
PERF FORMAT: DATASET | Acuracy: ACC | Loss: LOSS1 LOSS2 LOSS3 | PS: PS
======================================================================
Train | Acuracy:  85.24% | Loss: 0.64119 0.02748 0.00529 | PS: 0.00355 
Val   | Acuracy:  85.22% | Loss: 0.64748 0.02777 0.00533 | PS: 0.0036 
Test  | Acuracy:  86.54% | Loss: 0.61936 0.02645 0.00516 | PS: 0.00375 
----------------------------------------------------------------------
Optimization error  : 0.00355
Population error    : 0.00375
Generalization error: 0.0002
