Namespace(batch_size=64, beta_moco=0.1, gamma_moco=0.1, gamma_modo=0.075, lr=0.1, moo_method='MoDo', num_epochs=1000, rho_moco=0.0, rho_modo=0.0, seed=2)

==================================================
Model parameter count per layer
==================================================
fc1.weight 	: 401408
fc1.bias 	: 512
fc2.weight 	: 5120
fc2.bias 	: 10
Total number of parametrs : 407050
--------------------------------------------------

======================================================================
LOG FORMAT: Epoch: EPOCH | Train: LOSS1 LOSS2 LOSS3
======================================================================
Epoch:      0 | Train: 2.2467 0.0888 0.0129
Epoch:    100 | Train: 1.5772 0.0685 0.0109
Epoch:    200 | Train: 1.3744 0.0596 0.0098
Epoch:    300 | Train: 1.2325 0.053 0.009
Epoch:    400 | Train: 1.1608 0.0497 0.0084
Epoch:    500 | Train: 0.9556 0.0413 0.0074
Epoch:    600 | Train: 0.8054 0.0341 0.0063
Epoch:    700 | Train: 0.7192 0.0314 0.0061
Epoch:    800 | Train: 0.7499 0.032 0.006
Epoch:    900 | Train: 0.595 0.0231 0.0047
Epoch:    999 | Train: 0.5916 0.0251 0.0049

======================================================================
PERF FORMAT: DATASET | Acuracy: ACC | Loss: LOSS1 LOSS2 LOSS3 | PS: PS
======================================================================
Train | Acuracy:  85.11% | Loss: 0.63573 0.02731 0.00524 | PS: 0.0034 
Val   | Acuracy:  84.99% | Loss: 0.63901 0.02746 0.00526 | PS: 0.0034 
Test  | Acuracy:  86.01% | Loss: 0.61156 0.02617 0.00509 | PS: 0.00362 
----------------------------------------------------------------------
Optimization error  : 0.0034
Population error    : 0.00362
Generalization error: 0.00021
