Namespace(batch_size=64, beta_moco=0.1, gamma_moco=0.1, gamma_modo=0.005, lr=0.1, moo_method='MoDo', num_epochs=1000, rho_moco=0.0, rho_modo=0.0, seed=1)

==================================================
Model parameter count per layer
==================================================
fc1.weight 	: 401408
fc1.bias 	: 512
fc2.weight 	: 5120
fc2.bias 	: 10
Total number of parametrs : 407050
--------------------------------------------------

======================================================================
LOG FORMAT: Epoch: EPOCH | Train: LOSS1 LOSS2 LOSS3
======================================================================
Epoch:      0 | Train: 2.3314 0.0906 0.0131
Epoch:    100 | Train: 0.6899 0.0291 0.0054
Epoch:    200 | Train: 0.4608 0.0178 0.0033
Epoch:    300 | Train: 0.423 0.0202 0.0038
Epoch:    400 | Train: 0.3003 0.0138 0.0028
Epoch:    500 | Train: 0.3779 0.0191 0.0031
Epoch:    600 | Train: 0.5682 0.0299 0.0043
Epoch:    700 | Train: 0.3421 0.0151 0.0024
Epoch:    800 | Train: 0.3404 0.0141 0.0024
Epoch:    900 | Train: 0.2109 0.0097 0.0019
Epoch:    999 | Train: 0.1859 0.0084 0.0018

======================================================================
PERF FORMAT: DATASET | Acuracy: ACC | Loss: LOSS1 LOSS2 LOSS3 | PS: PS
======================================================================
Train | Acuracy:  90.75% | Loss: 0.32805 0.01413 0.00238 | PS: 0.00144 
Val   | Acuracy:  90.91% | Loss: 0.33226 0.01445 0.00243 | PS: 0.00145 
Test  | Acuracy:  91.12% | Loss: 0.31708 0.01356 0.00229 | PS: 0.00169 
----------------------------------------------------------------------
Optimization error  : 0.00144
Population error    : 0.00169
Generalization error: 0.00025
