Namespace(batch_size=64, beta_moco=0.1, gamma_moco=0.1, gamma_modo=0.025, lr=0.1, moo_method='MoDo', num_epochs=1000, rho_moco=0.0, rho_modo=0.0, seed=7)

==================================================
Model parameter count per layer
==================================================
fc1.weight 	: 401408
fc1.bias 	: 512
fc2.weight 	: 5120
fc2.bias 	: 10
Total number of parametrs : 407050
--------------------------------------------------

======================================================================
LOG FORMAT: Epoch: EPOCH | Train: LOSS1 LOSS2 LOSS3
======================================================================
Epoch:      0 | Train: 2.3284 0.0905 0.0131
Epoch:    100 | Train: 0.8086 0.0349 0.0068
Epoch:    200 | Train: 0.7325 0.0308 0.0059
Epoch:    300 | Train: 0.6851 0.0282 0.005
Epoch:    400 | Train: 0.7297 0.0311 0.0054
Epoch:    500 | Train: 0.2561 0.0094 0.0025
Epoch:    600 | Train: 0.4197 0.0175 0.0037
Epoch:    700 | Train: 0.4304 0.0181 0.0035
Epoch:    800 | Train: 0.483 0.0221 0.0037
Epoch:    900 | Train: 0.3112 0.0129 0.0027
Epoch:    999 | Train: 0.4992 0.0226 0.0042

======================================================================
PERF FORMAT: DATASET | Acuracy: ACC | Loss: LOSS1 LOSS2 LOSS3 | PS: PS
======================================================================
Train | Acuracy:  88.54% | Loss: 0.43848 0.0188 0.00351 | PS: 0.0021 
Val   | Acuracy:  88.73% | Loss: 0.43352 0.01851 0.00348 | PS: 0.00237 
Test  | Acuracy:  89.24% | Loss: 0.416 0.01771 0.00335 | PS: 0.00247 
----------------------------------------------------------------------
Optimization error  : 0.0021
Population error    : 0.00247
Generalization error: 0.00037
