Namespace(batch_size=64, beta_moco=0.1, gamma_moco=0.1, gamma_modo=0.025, lr=0.1, moo_method='MoDo', num_epochs=1000, rho_moco=0.0, rho_modo=0.0, seed=5)

==================================================
Model parameter count per layer
==================================================
fc1.weight 	: 401408
fc1.bias 	: 512
fc2.weight 	: 5120
fc2.bias 	: 10
Total number of parametrs : 407050
--------------------------------------------------

======================================================================
LOG FORMAT: Epoch: EPOCH | Train: LOSS1 LOSS2 LOSS3
======================================================================
Epoch:      0 | Train: 2.2981 0.09 0.013
Epoch:    100 | Train: 0.8802 0.0394 0.0072
Epoch:    200 | Train: 0.7632 0.0342 0.0064
Epoch:    300 | Train: 0.7035 0.0305 0.0058
Epoch:    400 | Train: 0.508 0.0223 0.0045
Epoch:    500 | Train: 0.3922 0.0178 0.0037
Epoch:    600 | Train: 0.4907 0.0224 0.0045
Epoch:    700 | Train: 0.4122 0.0175 0.0032
Epoch:    800 | Train: 0.3676 0.0163 0.0034
Epoch:    900 | Train: 0.4809 0.0189 0.0036
Epoch:    999 | Train: 0.4889 0.0224 0.0042

======================================================================
PERF FORMAT: DATASET | Acuracy: ACC | Loss: LOSS1 LOSS2 LOSS3 | PS: PS
======================================================================
Train | Acuracy:  88.26% | Loss: 0.4589 0.01957 0.0037 | PS: 0.00209 
Val   | Acuracy:  87.71% | Loss: 0.47577 0.02041 0.00378 | PS: 0.00205 
Test  | Acuracy:  88.99% | Loss: 0.43923 0.01865 0.00356 | PS: 0.00232 
----------------------------------------------------------------------
Optimization error  : 0.00209
Population error    : 0.00232
Generalization error: 0.00023
