Namespace(batch_size=64, beta_moco=0.1, gamma_moco=0.1, gamma_modo=0.5, lr=0.1, moo_method='MoDo', num_epochs=1000, rho_moco=0.0, rho_modo=0.0, seed=5)

==================================================
Model parameter count per layer
==================================================
fc1.weight 	: 401408
fc1.bias 	: 512
fc2.weight 	: 5120
fc2.bias 	: 10
Total number of parametrs : 407050
--------------------------------------------------

======================================================================
LOG FORMAT: Epoch: EPOCH | Train: LOSS1 LOSS2 LOSS3
======================================================================
Epoch:      0 | Train: 2.2981 0.09 0.013
Epoch:    100 | Train: 2.0616 0.0842 0.0125
Epoch:    200 | Train: 1.8499 0.0766 0.0116
Epoch:    300 | Train: 1.5878 0.0678 0.0107
Epoch:    400 | Train: 1.3238 0.057 0.0095
Epoch:    500 | Train: 1.1067 0.0474 0.0082
Epoch:    600 | Train: 1.0431 0.0454 0.008
Epoch:    700 | Train: 0.8309 0.0363 0.0066
Epoch:    800 | Train: 0.8405 0.0372 0.0069
Epoch:    900 | Train: 0.8062 0.0342 0.0064
Epoch:    999 | Train: 0.7798 0.035 0.0065

======================================================================
PERF FORMAT: DATASET | Acuracy: ACC | Loss: LOSS1 LOSS2 LOSS3 | PS: PS
======================================================================
Train | Acuracy:  83.37% | Loss: 0.74422 0.03232 0.00611 | PS: 0.00413 
Val   | Acuracy:  82.77% | Loss: 0.75376 0.03276 0.00615 | PS: 0.00409 
Test  | Acuracy:  84.22% | Loss: 0.72017 0.03121 0.00598 | PS: 0.00425 
----------------------------------------------------------------------
Optimization error  : 0.00413
Population error    : 0.00425
Generalization error: 0.00012
