Namespace(batch_size=64, beta_moco=0.1, gamma_moco=0.1, gamma_modo=0.5, lr=0.1, moo_method='MoDo', num_epochs=1000, rho_moco=0.0, rho_modo=0.0, seed=8)

==================================================
Model parameter count per layer
==================================================
fc1.weight 	: 401408
fc1.bias 	: 512
fc2.weight 	: 5120
fc2.bias 	: 10
Total number of parametrs : 407050
--------------------------------------------------

======================================================================
LOG FORMAT: Epoch: EPOCH | Train: LOSS1 LOSS2 LOSS3
======================================================================
Epoch:      0 | Train: 2.3867 0.0917 0.0132
Epoch:    100 | Train: 2.0152 0.0828 0.0123
Epoch:    200 | Train: 1.8123 0.0756 0.0116
Epoch:    300 | Train: 1.4357 0.0622 0.0101
Epoch:    400 | Train: 1.4682 0.0613 0.0099
Epoch:    500 | Train: 1.3617 0.0582 0.0097
Epoch:    600 | Train: 1.1229 0.0479 0.0083
Epoch:    700 | Train: 0.7504 0.0318 0.0061
Epoch:    800 | Train: 0.8421 0.0362 0.0067
Epoch:    900 | Train: 0.9523 0.0417 0.0075
Epoch:    999 | Train: 0.9039 0.0391 0.0072

======================================================================
PERF FORMAT: DATASET | Acuracy: ACC | Loss: LOSS1 LOSS2 LOSS3 | PS: PS
======================================================================
Train | Acuracy:  82.58% | Loss: 0.76517 0.03321 0.00623 | PS: 0.00413 
Val   | Acuracy:  82.12% | Loss: 0.76978 0.03335 0.00623 | PS: 0.00423 
Test  | Acuracy:  83.50% | Loss: 0.74142 0.03212 0.00609 | PS: 0.00423 
----------------------------------------------------------------------
Optimization error  : 0.00413
Population error    : 0.00423
Generalization error: 0.00011
