Namespace(batch_size=64, beta_moco=0.1, gamma_moco=0.1, gamma_modo=0.1, lr=0.1, moo_method='MoDo', num_epochs=1000, rho_moco=0.0, rho_modo=0.0, seed=8)

==================================================
Model parameter count per layer
==================================================
fc1.weight 	: 401408
fc1.bias 	: 512
fc2.weight 	: 5120
fc2.bias 	: 10
Total number of parametrs : 407050
--------------------------------------------------

======================================================================
LOG FORMAT: Epoch: EPOCH | Train: LOSS1 LOSS2 LOSS3
======================================================================
Epoch:      0 | Train: 2.3867 0.0917 0.0132
Epoch:    100 | Train: 1.6786 0.0715 0.0111
Epoch:    200 | Train: 1.5479 0.0663 0.0105
Epoch:    300 | Train: 1.1893 0.0519 0.0089
Epoch:    400 | Train: 1.2772 0.0534 0.009
Epoch:    500 | Train: 1.1349 0.0492 0.0086
Epoch:    600 | Train: 0.9151 0.0399 0.0073
Epoch:    700 | Train: 0.6328 0.0267 0.0053
Epoch:    800 | Train: 0.7112 0.0307 0.0059
Epoch:    900 | Train: 0.823 0.0357 0.0066
Epoch:    999 | Train: 0.8025 0.0339 0.0064

======================================================================
PERF FORMAT: DATASET | Acuracy: ACC | Loss: LOSS1 LOSS2 LOSS3 | PS: PS
======================================================================
Train | Acuracy:  85.00% | Loss: 0.66615 0.02866 0.00551 | PS: 0.00388 
Val   | Acuracy:  84.48% | Loss: 0.67186 0.02885 0.00552 | PS: 0.00396 
Test  | Acuracy:  85.66% | Loss: 0.64289 0.02758 0.00537 | PS: 0.00405 
----------------------------------------------------------------------
Optimization error  : 0.00388
Population error    : 0.00405
Generalization error: 0.00017
