Namespace(batch_size=64, beta_moco=0.1, gamma_moco=0.1, gamma_modo=0.1, lr=0.1, moo_method='EW', num_epochs=1000, rho_moco=0.1, rho_modo=0.1, seed=0)

==================================================
Model parameter count per layer
==================================================
fc1.weight 	: 401408
fc1.bias 	: 512
fc2.weight 	: 5120
fc2.bias 	: 10
Total number of parametrs : 407050
--------------------------------------------------

======================================================================
LOG FORMAT: Epoch: EPOCH | Train: LOSS1 LOSS2 LOSS3
======================================================================
Epoch:      0 | Train: 2.3199 0.1801 0.9039
Epoch:    100 | Train: 0.5234 0.0613 0.0765
Epoch:    200 | Train: 0.2853 0.0379 0.0281
Epoch:    300 | Train: 0.5575 0.0508 0.0911
Epoch:    400 | Train: 0.5705 0.0463 0.13
Epoch:    500 | Train: 0.4875 0.0315 0.1036
Epoch:    600 | Train: 0.3269 0.0329 0.0486
Epoch:    700 | Train: 0.1623 0.0238 0.0146
Epoch:    800 | Train: 0.4272 0.0352 0.0795
Epoch:    900 | Train: 0.4715 0.0331 0.0919
Epoch:    999 | Train: 0.3625 0.0342 0.0586

======================================================================
PERF FORMAT: DATASET | Acuracy: ACC | Loss: LOSS1 LOSS2 LOSS3 | PS: PS
======================================================================
Train | Acuracy:  91.03% | Loss: 0.31403 0.03087 0.05277 | PS: 0.03018 
Val   | Acuracy:  90.71% | Loss: 0.32768 0.03137 0.05631 | PS: 0.02922 
Test  | Acuracy:  91.47% | Loss: 0.30411 0.02973 0.05146 | PS: 0.0275 
----------------------------------------------------------------------
Optimization error  : 0.03018
Population error    : 0.0275
Generalization error: -0.00268
