Namespace(batch_size=64, beta_moco=0.1, gamma_moco=1.0, gamma_modo=0.1, lr=1.0, moo_method='MoCo', num_epochs=1000, rho_moco=0.1, rho_modo=0.1, seed=0)

==================================================
Model parameter count per layer
==================================================
fc1.weight 	: 401408
fc1.bias 	: 512
fc2.weight 	: 5120
fc2.bias 	: 10
Total number of parametrs : 407050
--------------------------------------------------

======================================================================
LOG FORMAT: Epoch: EPOCH | Train: LOSS1 LOSS2 LOSS3
======================================================================
Epoch:      0 | Train: 2.3199 0.1801 0.9039
Epoch:    100 | Train: 0.4503 0.0434 0.0692
Epoch:    200 | Train: 0.2156 0.0226 0.0328
Epoch:    300 | Train: 0.7343 0.0406 0.1279
Epoch:    400 | Train: 0.5769 0.0444 0.1045
Epoch:    500 | Train: 0.5849 0.0266 0.1257
Epoch:    600 | Train: 0.4884 0.0337 0.082
Epoch:    700 | Train: 0.1533 0.0216 0.0159
Epoch:    800 | Train: 0.5354 0.0294 0.1156
Epoch:    900 | Train: 0.4882 0.0274 0.0991
Epoch:    999 | Train: 0.4692 0.0363 0.0777

======================================================================
PERF FORMAT: DATASET | Acuracy: ACC | Loss: LOSS1 LOSS2 LOSS3 | PS: PS
======================================================================
Train | Acuracy:  88.14% | Loss: 0.40567 0.03218 0.07506 | PS: 0.05061 
Val   | Acuracy:  87.86% | Loss: 0.42575 0.0326 0.0819 | PS: 0.04952 
Test  | Acuracy:  88.35% | Loss: 0.39846 0.03119 0.07457 | PS: 0.04982 
----------------------------------------------------------------------
Optimization error  : 0.05061
Population error    : 0.04982
Generalization error: -0.0008
