Namespace(batch_size=64, beta_moco=0.1, gamma_moco=0.1, gamma_modo=0.1, lr=1.0, moo_method='MoDo', num_epochs=1000, rho_moco=0.1, rho_modo=0.1, seed=0)

==================================================
Model parameter count per layer
==================================================
fc1.weight 	: 401408
fc1.bias 	: 512
fc2.weight 	: 5120
fc2.bias 	: 10
Total number of parametrs : 407050
--------------------------------------------------

======================================================================
LOG FORMAT: Epoch: EPOCH | Train: LOSS1 LOSS2 LOSS3
======================================================================
Epoch:      0 | Train: 2.3186 0.1801 0.9017
Epoch:    100 | Train: 0.4113 0.0373 0.0604
Epoch:    200 | Train: 0.6319 0.049 0.1012
Epoch:    300 | Train: 0.3969 0.0324 0.0623
Epoch:    400 | Train: 0.4593 0.0324 0.0728
Epoch:    500 | Train: 0.4424 0.0392 0.0824
Epoch:    600 | Train: 0.3894 0.0327 0.0826
Epoch:    700 | Train: 0.402 0.0348 0.061
Epoch:    800 | Train: 0.1719 0.0227 0.0143
Epoch:    900 | Train: 0.2253 0.0234 0.0313
Epoch:    999 | Train: 0.3494 0.0245 0.0684

======================================================================
PERF FORMAT: DATASET | Acuracy: ACC | Loss: LOSS1 LOSS2 LOSS3 | PS: PS
======================================================================
Train | Acuracy:  88.37% | Loss: 0.39545 0.03155 0.06911 | PS: 0.05287 
Val   | Acuracy:  88.11% | Loss: 0.41471 0.03199 0.0743 | PS: 0.04951 
Test  | Acuracy:  88.66% | Loss: 0.39354 0.03109 0.06936 | PS: 0.05235 
----------------------------------------------------------------------
Optimization error  : 0.05287
Population error    : 0.05235
Generalization error: -0.00052
