Namespace(batch_size=64, beta_moco=0.1, gamma_moco=0.1, gamma_modo=0.1, lr=0.1, moo_method='MoDo', num_epochs=1000, rho_moco=0.1, rho_modo=0.1, seed=0)

==================================================
Model parameter count per layer
==================================================
fc1.weight 	: 401408
fc1.bias 	: 512
fc2.weight 	: 5120
fc2.bias 	: 10
Total number of parametrs : 407050
--------------------------------------------------

======================================================================
LOG FORMAT: Epoch: EPOCH | Train: LOSS1 LOSS2 LOSS3
======================================================================
Epoch:      0 | Train: 2.3186 0.1801 0.9017
Epoch:    100 | Train: 0.9885 0.1145 0.0996
Epoch:    200 | Train: 0.6544 0.0805 0.0693
Epoch:    300 | Train: 0.4981 0.0582 0.065
Epoch:    400 | Train: 0.4077 0.0443 0.061
Epoch:    500 | Train: 0.474 0.0502 0.0819
Epoch:    600 | Train: 0.4301 0.0439 0.076
Epoch:    700 | Train: 0.4138 0.0435 0.0706
Epoch:    800 | Train: 0.1773 0.0251 0.0105
Epoch:    900 | Train: 0.2317 0.0279 0.0273
Epoch:    999 | Train: 0.455 0.0309 0.1087

======================================================================
PERF FORMAT: DATASET | Acuracy: ACC | Loss: LOSS1 LOSS2 LOSS3 | PS: PS
======================================================================
Train | Acuracy:  90.65% | Loss: 0.32772 0.03339 0.05371 | PS: 0.02068 
Val   | Acuracy:  90.26% | Loss: 0.33706 0.03391 0.0559 | PS: 0.02172 
Test  | Acuracy:  91.14% | Loss: 0.31673 0.03231 0.0523 | PS: 0.02374 
----------------------------------------------------------------------
Optimization error  : 0.02068
Population error    : 0.02374
Generalization error: 0.00306
