Namespace(batch_size=64, beta_moco=0.1, gamma_moco=0.1, gamma_modo=0.1, lr=0.1, moo_method='MoDo', num_epochs=1000, rho_moco=0.0, rho_modo=0.0, seed=4)

==================================================
Model parameter count per layer
==================================================
fc1.weight 	: 401408
fc1.bias 	: 512
fc2.weight 	: 5120
fc2.bias 	: 10
Total number of parametrs : 407050
--------------------------------------------------

======================================================================
LOG FORMAT: Epoch: EPOCH | Train: LOSS1 LOSS2 LOSS3
======================================================================
Epoch:      0 | Train: 2.389 0.0916 0.0458
Epoch:    100 | Train: 1.4213 0.0613 0.0306
Epoch:    200 | Train: 1.0707 0.0463 0.0232
Epoch:    300 | Train: 1.0526 0.0465 0.0232
Epoch:    400 | Train: 0.8553 0.0375 0.0187
Epoch:    500 | Train: 0.9106 0.0404 0.0202
Epoch:    600 | Train: 0.6935 0.0305 0.0152
Epoch:    700 | Train: 0.7848 0.0334 0.0167
Epoch:    800 | Train: 0.6049 0.0244 0.0122
Epoch:    900 | Train: 0.5172 0.021 0.0105
Epoch:    999 | Train: 0.5277 0.0252 0.0126

======================================================================
PERF FORMAT: DATASET | Acuracy: ACC | Loss: LOSS1 LOSS2 LOSS3 | PS: PS
======================================================================
Train | Acuracy:  86.69% | Loss: 0.55978 0.02377 0.01188 | PS: 0.00744 
Val   | Acuracy:  86.67% | Loss: 0.56668 0.02411 0.01206 | PS: 0.00735 
Test  | Acuracy:  87.74% | Loss: 0.5389 0.02277 0.01138 | PS: 0.00829 
----------------------------------------------------------------------
Optimization error  : 0.00744
Population error    : 0.00829
Generalization error: 0.00085
