Namespace(batch_size=64, beta_moco=0.1, gamma_moco=0.1, gamma_modo=0.5, lr=0.1, moo_method='MoDo', num_epochs=1000, rho_moco=0.0, rho_modo=0.0, seed=0)

==================================================
Model parameter count per layer
==================================================
fc1.weight 	: 401408
fc1.bias 	: 512
fc2.weight 	: 5120
fc2.bias 	: 10
Total number of parametrs : 407050
--------------------------------------------------

======================================================================
LOG FORMAT: Epoch: EPOCH | Train: LOSS1 LOSS2 LOSS3
======================================================================
Epoch:      0 | Train: 2.3186 0.0904 0.0452
Epoch:    100 | Train: 1.9902 0.0824 0.0412
Epoch:    200 | Train: 1.6174 0.0692 0.0346
Epoch:    300 | Train: 1.3191 0.056 0.028
Epoch:    400 | Train: 0.9882 0.0425 0.0212
Epoch:    500 | Train: 1.0224 0.0447 0.0223
Epoch:    600 | Train: 0.9458 0.0417 0.0209
Epoch:    700 | Train: 0.8515 0.0364 0.0182
Epoch:    800 | Train: 0.5213 0.0217 0.0109
Epoch:    900 | Train: 0.5107 0.0217 0.0109
Epoch:    999 | Train: 0.654 0.0258 0.0129

======================================================================
PERF FORMAT: DATASET | Acuracy: ACC | Loss: LOSS1 LOSS2 LOSS3 | PS: PS
======================================================================
Train | Acuracy:  86.13% | Loss: 0.59845 0.0256 0.0128 | PS: 0.00777 
Val   | Acuracy:  85.98% | Loss: 0.60526 0.02595 0.01297 | PS: 0.00818 
Test  | Acuracy:  86.77% | Loss: 0.57434 0.02448 0.01224 | PS: 0.00827 
----------------------------------------------------------------------
Optimization error  : 0.00777
Population error    : 0.00827
Generalization error: 0.0005
