Namespace(batch_size=64, beta_moco=0.1, gamma_moco=0.1, gamma_modo=0.1, lr=0.1, moo_method='MoDo', num_epochs=1000, rho_moco=0.0, rho_modo=0.0, seed=9)

==================================================
Model parameter count per layer
==================================================
fc1.weight 	: 401408
fc1.bias 	: 512
fc2.weight 	: 5120
fc2.bias 	: 10
Total number of parametrs : 407050
--------------------------------------------------

======================================================================
LOG FORMAT: Epoch: EPOCH | Train: LOSS1 LOSS2 LOSS3
======================================================================
Epoch:      0 | Train: 2.3852 0.0916 0.0458
Epoch:    100 | Train: 1.7185 0.0723 0.0362
Epoch:    200 | Train: 1.4942 0.0652 0.0326
Epoch:    300 | Train: 1.0356 0.0448 0.0224
Epoch:    400 | Train: 0.9124 0.0383 0.0191
Epoch:    500 | Train: 0.7751 0.0337 0.0169
Epoch:    600 | Train: 0.8574 0.0365 0.0182
Epoch:    700 | Train: 0.6822 0.0302 0.0151
Epoch:    800 | Train: 0.6924 0.0306 0.0153
Epoch:    900 | Train: 0.5481 0.0246 0.0123
Epoch:    999 | Train: 0.7401 0.0298 0.0149

======================================================================
PERF FORMAT: DATASET | Acuracy: ACC | Loss: LOSS1 LOSS2 LOSS3 | PS: PS
======================================================================
Train | Acuracy:  86.69% | Loss: 0.57151 0.0243 0.01215 | PS: 0.00668 
Val   | Acuracy:  86.85% | Loss: 0.56852 0.02424 0.01212 | PS: 0.0069 
Test  | Acuracy:  87.64% | Loss: 0.54638 0.02317 0.01159 | PS: 0.00809 
----------------------------------------------------------------------
Optimization error  : 0.00668
Population error    : 0.00809
Generalization error: 0.00142
