Namespace(batch_size=64, beta_moco=0.1, gamma_moco=0.1, gamma_modo=0.5, lr=0.1, moo_method='MoDo', num_epochs=1000, rho_moco=0.0, rho_modo=0.0, seed=6)

==================================================
Model parameter count per layer
==================================================
fc1.weight 	: 401408
fc1.bias 	: 512
fc2.weight 	: 5120
fc2.bias 	: 10
Total number of parametrs : 407050
--------------------------------------------------

======================================================================
LOG FORMAT: Epoch: EPOCH | Train: LOSS1 LOSS2 LOSS3
======================================================================
Epoch:      0 | Train: 2.3515 0.091 0.0455
Epoch:    100 | Train: 1.9222 0.0799 0.04
Epoch:    200 | Train: 1.4563 0.0629 0.0314
Epoch:    300 | Train: 1.3503 0.0579 0.0289
Epoch:    400 | Train: 1.141 0.0472 0.0236
Epoch:    500 | Train: 0.9006 0.0387 0.0193
Epoch:    600 | Train: 0.8654 0.0373 0.0187
Epoch:    700 | Train: 0.7221 0.0317 0.0158
Epoch:    800 | Train: 0.5565 0.0233 0.0116
Epoch:    900 | Train: 0.7437 0.0328 0.0164
Epoch:    999 | Train: 0.8795 0.0381 0.0191

======================================================================
PERF FORMAT: DATASET | Acuracy: ACC | Loss: LOSS1 LOSS2 LOSS3 | PS: PS
======================================================================
Train | Acuracy:  86.19% | Loss: 0.60247 0.02565 0.01282 | PS: 0.0075 
Val   | Acuracy:  85.83% | Loss: 0.60375 0.02586 0.01293 | PS: 0.00757 
Test  | Acuracy:  87.00% | Loss: 0.5785 0.02462 0.01231 | PS: 0.00867 
----------------------------------------------------------------------
Optimization error  : 0.0075
Population error    : 0.00867
Generalization error: 0.00117
