Namespace(batch_size=64, beta_moco=0.1, gamma_moco=0.1, gamma_modo=0.1, lr=0.1, moo_method='MoDo', num_epochs=1000, rho_moco=0.0, rho_modo=0.0, seed=6)

==================================================
Model parameter count per layer
==================================================
fc1.weight 	: 401408
fc1.bias 	: 512
fc2.weight 	: 5120
fc2.bias 	: 10
Total number of parametrs : 407050
--------------------------------------------------

======================================================================
LOG FORMAT: Epoch: EPOCH | Train: LOSS1 LOSS2 LOSS3
======================================================================
Epoch:      0 | Train: 2.3515 0.091 0.0455
Epoch:    100 | Train: 1.4993 0.0648 0.0324
Epoch:    200 | Train: 1.1664 0.0509 0.0255
Epoch:    300 | Train: 1.1227 0.0496 0.0248
Epoch:    400 | Train: 0.9924 0.0411 0.0206
Epoch:    500 | Train: 0.826 0.0354 0.0177
Epoch:    600 | Train: 0.7529 0.032 0.016
Epoch:    700 | Train: 0.6479 0.0283 0.0141
Epoch:    800 | Train: 0.5006 0.0206 0.0103
Epoch:    900 | Train: 0.7174 0.0314 0.0157
Epoch:    999 | Train: 0.8519 0.0369 0.0185

======================================================================
PERF FORMAT: DATASET | Acuracy: ACC | Loss: LOSS1 LOSS2 LOSS3 | PS: PS
======================================================================
Train | Acuracy:  86.67% | Loss: 0.57174 0.0242 0.0121 | PS: 0.00683 
Val   | Acuracy:  86.42% | Loss: 0.57248 0.02439 0.01219 | PS: 0.00691 
Test  | Acuracy:  87.44% | Loss: 0.5477 0.02317 0.01158 | PS: 0.00813 
----------------------------------------------------------------------
Optimization error  : 0.00683
Population error    : 0.00813
Generalization error: 0.00131
