Namespace(batch_size=64, beta_moco=0.1, gamma_moco=0.1, gamma_modo=1.0, lr=0.1, moo_method='MoDo', num_epochs=1000, rho_moco=0.0, rho_modo=0.0, seed=3)

==================================================
Model parameter count per layer
==================================================
fc1.weight 	: 401408
fc1.bias 	: 512
fc2.weight 	: 5120
fc2.bias 	: 10
Total number of parametrs : 407050
--------------------------------------------------

======================================================================
LOG FORMAT: Epoch: EPOCH | Train: LOSS1 LOSS2 LOSS3
======================================================================
Epoch:      0 | Train: 2.363 0.0911 0.0455
Epoch:    100 | Train: 1.9586 0.081 0.0405
Epoch:    200 | Train: 1.632 0.0689 0.0345
Epoch:    300 | Train: 1.3205 0.0578 0.0289
Epoch:    400 | Train: 1.0232 0.0444 0.0222
Epoch:    500 | Train: 0.9556 0.0407 0.0204
Epoch:    600 | Train: 0.8401 0.0374 0.0187
Epoch:    700 | Train: 0.718 0.0311 0.0156
Epoch:    800 | Train: 0.7291 0.0308 0.0154
Epoch:    900 | Train: 0.6001 0.0258 0.0129
Epoch:    999 | Train: 0.5268 0.0232 0.0116

======================================================================
PERF FORMAT: DATASET | Acuracy: ACC | Loss: LOSS1 LOSS2 LOSS3 | PS: PS
======================================================================
Train | Acuracy:  86.91% | Loss: 0.5575 0.02381 0.01191 | PS: 0.00631 
Val   | Acuracy:  86.49% | Loss: 0.5641 0.02415 0.01208 | PS: 0.00693 
Test  | Acuracy:  87.70% | Loss: 0.53461 0.02279 0.0114 | PS: 0.00756 
----------------------------------------------------------------------
Optimization error  : 0.00631
Population error    : 0.00756
Generalization error: 0.00125
