Namespace(batch_size=64, beta_moco=0.1, gamma_moco=0.1, gamma_modo=0.001, lr=0.1, moo_method='MoDo', num_epochs=1000, rho_moco=0.0, rho_modo=0.0, seed=1)

==================================================
Model parameter count per layer
==================================================
fc1.weight 	: 401408
fc1.bias 	: 512
fc2.weight 	: 5120
fc2.bias 	: 10
Total number of parametrs : 407050
--------------------------------------------------

======================================================================
LOG FORMAT: Epoch: EPOCH | Train: LOSS1 LOSS2 LOSS3
======================================================================
Epoch:      0 | Train: 2.3314 0.0906 0.0453
Epoch:    100 | Train: 0.6557 0.0276 0.0138
Epoch:    200 | Train: 0.4482 0.0172 0.0086
Epoch:    300 | Train: 0.3979 0.0191 0.0095
Epoch:    400 | Train: 0.2869 0.0136 0.0068
Epoch:    500 | Train: 0.3655 0.0184 0.0092
Epoch:    600 | Train: 0.5574 0.0296 0.0148
Epoch:    700 | Train: 0.3243 0.0143 0.0071
Epoch:    800 | Train: 0.3338 0.0141 0.007
Epoch:    900 | Train: 0.198 0.009 0.0045
Epoch:    999 | Train: 0.1795 0.0084 0.0042

======================================================================
PERF FORMAT: DATASET | Acuracy: ACC | Loss: LOSS1 LOSS2 LOSS3 | PS: PS
======================================================================
Train | Acuracy:  91.01% | Loss: 0.31956 0.01375 0.00688 | PS: 0.00611 
Val   | Acuracy:  90.97% | Loss: 0.32511 0.0141 0.00705 | PS: 0.00599 
Test  | Acuracy:  91.35% | Loss: 0.31132 0.01329 0.00665 | PS: 0.0068 
----------------------------------------------------------------------
Optimization error  : 0.00611
Population error    : 0.0068
Generalization error: 0.00069
