Namespace(batch_size=64, beta_moco=0.1, gamma_moco=0.1, gamma_modo=0.005, lr=0.1, moo_method='MoDo', num_epochs=1000, rho_moco=0.0, rho_modo=0.0, seed=9)

==================================================
Model parameter count per layer
==================================================
fc1.weight 	: 401408
fc1.bias 	: 512
fc2.weight 	: 5120
fc2.bias 	: 10
Total number of parametrs : 407050
--------------------------------------------------

======================================================================
LOG FORMAT: Epoch: EPOCH | Train: LOSS1 LOSS2 LOSS3
======================================================================
Epoch:      0 | Train: 2.3852 0.0916 0.0458
Epoch:    100 | Train: 0.5993 0.0257 0.0129
Epoch:    200 | Train: 0.5199 0.0226 0.0113
Epoch:    300 | Train: 0.3257 0.0143 0.0071
Epoch:    400 | Train: 0.4301 0.0162 0.0081
Epoch:    500 | Train: 0.2679 0.012 0.006
Epoch:    600 | Train: 0.4944 0.0201 0.0101
Epoch:    700 | Train: 0.3665 0.0186 0.0093
Epoch:    800 | Train: 0.4008 0.0174 0.0087
Epoch:    900 | Train: 0.248 0.0121 0.006
Epoch:    999 | Train: 0.6095 0.0174 0.0087

======================================================================
PERF FORMAT: DATASET | Acuracy: ACC | Loss: LOSS1 LOSS2 LOSS3 | PS: PS
======================================================================
Train | Acuracy:  90.88% | Loss: 0.32699 0.01401 0.00701 | PS: 0.00275 
Val   | Acuracy:  90.69% | Loss: 0.33346 0.01429 0.00715 | PS: 0.00373 
Test  | Acuracy:  91.30% | Loss: 0.31507 0.01343 0.00671 | PS: 0.00428 
----------------------------------------------------------------------
Optimization error  : 0.00275
Population error    : 0.00428
Generalization error: 0.00153
