Namespace(batch_size=64, beta_moco=0.1, gamma_moco=0.1, gamma_modo=0.005, lr=0.1, moo_method='MoDo', num_epochs=1000, rho_moco=0.0, rho_modo=0.0, seed=0)

==================================================
Model parameter count per layer
==================================================
fc1.weight 	: 401408
fc1.bias 	: 512
fc2.weight 	: 5120
fc2.bias 	: 10
Total number of parametrs : 407050
--------------------------------------------------

======================================================================
LOG FORMAT: Epoch: EPOCH | Train: LOSS1 LOSS2 LOSS3
======================================================================
Epoch:      0 | Train: 2.3186 0.0904 0.0452
Epoch:    100 | Train: 0.5875 0.026 0.013
Epoch:    200 | Train: 0.5022 0.0251 0.0125
Epoch:    300 | Train: 0.4353 0.0195 0.0097
Epoch:    400 | Train: 0.378 0.0174 0.0087
Epoch:    500 | Train: 0.4533 0.022 0.011
Epoch:    600 | Train: 0.4215 0.0172 0.0086
Epoch:    700 | Train: 0.4361 0.0197 0.0099
Epoch:    800 | Train: 0.1726 0.0074 0.0037
Epoch:    900 | Train: 0.2247 0.0112 0.0056
Epoch:    999 | Train: 0.4814 0.016 0.008

======================================================================
PERF FORMAT: DATASET | Acuracy: ACC | Loss: LOSS1 LOSS2 LOSS3 | PS: PS
======================================================================
Train | Acuracy:  90.87% | Loss: 0.32705 0.01405 0.00703 | PS: 0.00442 
Val   | Acuracy:  90.54% | Loss: 0.33577 0.0145 0.00725 | PS: 0.00498 
Test  | Acuracy:  91.31% | Loss: 0.31568 0.01351 0.00675 | PS: 0.00594 
----------------------------------------------------------------------
Optimization error  : 0.00442
Population error    : 0.00594
Generalization error: 0.00152
