Namespace(batch_size=64, beta_moco=0.1, gamma_moco=0.1, gamma_modo=0.005, lr=0.1, moo_method='MoDo', num_epochs=1000, rho_moco=0.1, rho_modo=0.0, seed=8)

==================================================
Model parameter count per layer
==================================================
fc1.weight 	: 401408
fc1.bias 	: 512
fc2.weight 	: 5120
fc2.bias 	: 10
Total number of parametrs : 407050
--------------------------------------------------

======================================================================
LOG FORMAT: Epoch: EPOCH | Train: LOSS1 LOSS2 LOSS3
======================================================================
Epoch:      0 | Train: 2.3867 0.1813 0.961
Epoch:    100 | Train: 0.4062 0.0532 0.0405
Epoch:    200 | Train: 0.5517 0.0514 0.1034
Epoch:    300 | Train: 0.2673 0.036 0.0253
Epoch:    400 | Train: 0.7037 0.0542 0.17
Epoch:    500 | Train: 0.4296 0.0416 0.0762
Epoch:    600 | Train: 0.3169 0.033 0.0552
Epoch:    700 | Train: 0.2102 0.0261 0.0211
Epoch:    800 | Train: 0.2092 0.0228 0.028
Epoch:    900 | Train: 0.4011 0.0378 0.0605
Epoch:    999 | Train: 0.4785 0.0363 0.1223

======================================================================
PERF FORMAT: DATASET | Acuracy: ACC | Loss: LOSS1 LOSS2 LOSS3 | PS: PS
======================================================================
Train | Acuracy:  91.19% | Loss: 0.31277 0.03109 0.05206 | PS: 0.02135 
Val   | Acuracy:  90.79% | Loss: 0.33615 0.03192 0.05974 | PS: 0.02154 
Test  | Acuracy:  91.46% | Loss: 0.30662 0.03002 0.05256 | PS: 0.02473 
----------------------------------------------------------------------
Optimization error  : 0.02135
Population error    : 0.02473
Generalization error: 0.00338
