Namespace(batch_size=64, beta_moco=0.1, gamma_moco=0.1, gamma_modo=0.01, lr=0.1, moo_method='MoDo', num_epochs=1000, rho_moco=0.1, rho_modo=0.0, seed=4)

==================================================
Model parameter count per layer
==================================================
fc1.weight 	: 401408
fc1.bias 	: 512
fc2.weight 	: 5120
fc2.bias 	: 10
Total number of parametrs : 407050
--------------------------------------------------

======================================================================
LOG FORMAT: Epoch: EPOCH | Train: LOSS1 LOSS2 LOSS3
======================================================================
Epoch:      0 | Train: 2.389 0.1812 0.9669
Epoch:    100 | Train: 0.4692 0.0601 0.0455
Epoch:    200 | Train: 0.342 0.046 0.0394
Epoch:    300 | Train: 0.3033 0.0393 0.0361
Epoch:    400 | Train: 0.3141 0.0361 0.0495
Epoch:    500 | Train: 0.4438 0.0441 0.0746
Epoch:    600 | Train: 0.2533 0.034 0.0201
Epoch:    700 | Train: 0.3641 0.0351 0.0581
Epoch:    800 | Train: 0.294 0.0301 0.0658
Epoch:    900 | Train: 0.1879 0.0276 0.0154
Epoch:    999 | Train: 0.3325 0.0389 0.0344

======================================================================
PERF FORMAT: DATASET | Acuracy: ACC | Loss: LOSS1 LOSS2 LOSS3 | PS: PS
======================================================================
Train | Acuracy:  90.55% | Loss: 0.32834 0.03302 0.05408 | PS: 0.0334 
Val   | Acuracy:  90.17% | Loss: 0.34663 0.03395 0.05799 | PS: 0.03212 
Test  | Acuracy:  90.71% | Loss: 0.32298 0.0319 0.05484 | PS: 0.03124 
----------------------------------------------------------------------
Optimization error  : 0.0334
Population error    : 0.03124
Generalization error: -0.00216
