Namespace(batch_size=64, beta_moco=0.1, gamma_moco=0.1, gamma_modo=0.005, lr=0.1, moo_method='MoDo', num_epochs=1000, rho_moco=0.1, rho_modo=0.0, seed=0)

==================================================
Model parameter count per layer
==================================================
fc1.weight 	: 401408
fc1.bias 	: 512
fc2.weight 	: 5120
fc2.bias 	: 10
Total number of parametrs : 407050
--------------------------------------------------

======================================================================
LOG FORMAT: Epoch: EPOCH | Train: LOSS1 LOSS2 LOSS3
======================================================================
Epoch:      0 | Train: 2.3186 0.1801 0.9017
Epoch:    100 | Train: 0.5258 0.0626 0.0562
Epoch:    200 | Train: 0.4714 0.0544 0.0639
Epoch:    300 | Train: 0.3995 0.0417 0.0586
Epoch:    400 | Train: 0.3782 0.0371 0.0615
Epoch:    500 | Train: 0.4382 0.0449 0.0807
Epoch:    600 | Train: 0.4081 0.0392 0.0749
Epoch:    700 | Train: 0.3904 0.0406 0.0658
Epoch:    800 | Train: 0.1655 0.0232 0.0101
Epoch:    900 | Train: 0.2179 0.0261 0.0269
Epoch:    999 | Train: 0.4425 0.0288 0.1086

======================================================================
PERF FORMAT: DATASET | Acuracy: ACC | Loss: LOSS1 LOSS2 LOSS3 | PS: PS
======================================================================
Train | Acuracy:  90.97% | Loss: 0.3174 0.03141 0.05335 | PS: 0.01981 
Val   | Acuracy:  90.65% | Loss: 0.32799 0.03196 0.05576 | PS: 0.02087 
Test  | Acuracy:  91.30% | Loss: 0.30847 0.03046 0.05227 | PS: 0.02301 
----------------------------------------------------------------------
Optimization error  : 0.01981
Population error    : 0.02301
Generalization error: 0.00319
