Namespace(batch_size=64, beta_moco=0.1, gamma_moco=0.1, gamma_modo=0.005, lr=0.1, moo_method='MoDo', num_epochs=1000, rho_moco=0.1, rho_modo=0.0, seed=2)

==================================================
Model parameter count per layer
==================================================
fc1.weight 	: 401408
fc1.bias 	: 512
fc2.weight 	: 5120
fc2.bias 	: 10
Total number of parametrs : 407050
--------------------------------------------------

======================================================================
LOG FORMAT: Epoch: EPOCH | Train: LOSS1 LOSS2 LOSS3
======================================================================
Epoch:      0 | Train: 2.2467 0.1783 0.8182
Epoch:    100 | Train: 0.5194 0.0643 0.0587
Epoch:    200 | Train: 0.4314 0.0478 0.0728
Epoch:    300 | Train: 0.4901 0.0466 0.0928
Epoch:    400 | Train: 0.5208 0.0473 0.1042
Epoch:    500 | Train: 0.4452 0.0409 0.0792
Epoch:    600 | Train: 0.3838 0.037 0.0742
Epoch:    700 | Train: 0.3065 0.0376 0.0322
Epoch:    800 | Train: 0.4105 0.0302 0.1
Epoch:    900 | Train: 0.3471 0.0258 0.0882
Epoch:    999 | Train: 0.2972 0.0294 0.0535

======================================================================
PERF FORMAT: DATASET | Acuracy: ACC | Loss: LOSS1 LOSS2 LOSS3 | PS: PS
======================================================================
Train | Acuracy:  90.86% | Loss: 0.31942 0.03199 0.05201 | PS: 0.03354 
Val   | Acuracy:  90.46% | Loss: 0.33418 0.03226 0.05676 | PS: 0.03415 
Test  | Acuracy:  91.15% | Loss: 0.31593 0.0311 0.05297 | PS: 0.03656 
----------------------------------------------------------------------
Optimization error  : 0.03354
Population error    : 0.03656
Generalization error: 0.00302
