Namespace(batch_size=64, beta_moco=0.1, gamma_moco=0.1, gamma_modo=0.5, lr=0.1, moo_method='MoDo', num_epochs=1000, rho_moco=0.1, rho_modo=0.0, seed=2)

==================================================
Model parameter count per layer
==================================================
fc1.weight 	: 401408
fc1.bias 	: 512
fc2.weight 	: 5120
fc2.bias 	: 10
Total number of parametrs : 407050
--------------------------------------------------

======================================================================
LOG FORMAT: Epoch: EPOCH | Train: LOSS1 LOSS2 LOSS3
======================================================================
Epoch:      0 | Train: 2.2467 0.1783 0.8182
Epoch:    100 | Train: 1.8542 0.1625 0.4594
Epoch:    200 | Train: 1.2593 0.1226 0.2516
Epoch:    300 | Train: 1.0462 0.0929 0.2502
Epoch:    400 | Train: 1.0988 0.087 0.2767
Epoch:    500 | Train: 0.7329 0.0673 0.1418
Epoch:    600 | Train: 0.599 0.0544 0.1231
Epoch:    700 | Train: 0.4065 0.0474 0.0523
Epoch:    800 | Train: 0.4889 0.046 0.1041
Epoch:    900 | Train: 0.4035 0.0316 0.1182
Epoch:    999 | Train: 0.4058 0.0381 0.0955

======================================================================
PERF FORMAT: DATASET | Acuracy: ACC | Loss: LOSS1 LOSS2 LOSS3 | PS: PS
======================================================================
Train | Acuracy:  87.66% | Loss: 0.42067 0.03957 0.07857 | PS: 0.01792 
Val   | Acuracy:  87.32% | Loss: 0.42861 0.03964 0.08144 | PS: 0.01957 
Test  | Acuracy:  88.72% | Loss: 0.39844 0.03773 0.07399 | PS: 0.0215 
----------------------------------------------------------------------
Optimization error  : 0.01792
Population error    : 0.0215
Generalization error: 0.00358
