Namespace(batch_size=64, beta_moco=0.1, gamma_moco=0.1, gamma_modo=0.05, lr=0.1, moo_method='MoDo', num_epochs=1000, rho_moco=0.1, rho_modo=0.0, seed=3)

==================================================
Model parameter count per layer
==================================================
fc1.weight 	: 401408
fc1.bias 	: 512
fc2.weight 	: 5120
fc2.bias 	: 10
Total number of parametrs : 407050
--------------------------------------------------

======================================================================
LOG FORMAT: Epoch: EPOCH | Train: LOSS1 LOSS2 LOSS3
======================================================================
Epoch:      0 | Train: 2.363 0.1804 0.9304
Epoch:    100 | Train: 0.9107 0.1083 0.1037
Epoch:    200 | Train: 0.7859 0.0837 0.141
Epoch:    300 | Train: 0.4747 0.061 0.0459
Epoch:    400 | Train: 0.4316 0.0535 0.049
Epoch:    500 | Train: 0.5357 0.0534 0.107
Epoch:    600 | Train: 0.403 0.0511 0.0471
Epoch:    700 | Train: 0.3856 0.0452 0.0546
Epoch:    800 | Train: 0.5113 0.0471 0.102
Epoch:    900 | Train: 0.3984 0.0363 0.0691
Epoch:    999 | Train: 0.3559 0.035 0.0531

======================================================================
PERF FORMAT: DATASET | Acuracy: ACC | Loss: LOSS1 LOSS2 LOSS3 | PS: PS
======================================================================
Train | Acuracy:  89.53% | Loss: 0.36823 0.03695 0.06217 | PS: 0.01578 
Val   | Acuracy:  88.93% | Loss: 0.38111 0.03782 0.06555 | PS: 0.01886 
Test  | Acuracy:  90.01% | Loss: 0.3509 0.03553 0.05868 | PS: 0.02219 
----------------------------------------------------------------------
Optimization error  : 0.01578
Population error    : 0.02219
Generalization error: 0.00641
