Namespace(batch_size=64, beta_moco=0.1, gamma_moco=0.1, gamma_modo=0.01, lr=0.1, moo_method='MoDo', num_epochs=1000, rho_moco=0.1, rho_modo=0.1, seed=1)

==================================================
Model parameter count per layer
==================================================
fc1.weight 	: 401408
fc1.bias 	: 512
fc2.weight 	: 5120
fc2.bias 	: 10
Total number of parametrs : 407050
--------------------------------------------------

======================================================================
LOG FORMAT: Epoch: EPOCH | Train: LOSS1 LOSS2 LOSS3
======================================================================
Epoch:      0 | Train: 2.3314 0.1802 0.9087
Epoch:    100 | Train: 0.6379 0.0718 0.0841
Epoch:    200 | Train: 0.4539 0.0458 0.0897
Epoch:    300 | Train: 0.4059 0.0495 0.049
Epoch:    400 | Train: 0.2892 0.0402 0.0268
Epoch:    500 | Train: 0.3615 0.0406 0.0394
Epoch:    600 | Train: 0.5583 0.053 0.0909
Epoch:    700 | Train: 0.3212 0.0319 0.046
Epoch:    800 | Train: 0.338 0.0326 0.0576
Epoch:    900 | Train: 0.2023 0.026 0.0221
Epoch:    999 | Train: 0.1822 0.0253 0.0172

======================================================================
PERF FORMAT: DATASET | Acuracy: ACC | Loss: LOSS1 LOSS2 LOSS3 | PS: PS
======================================================================
Train | Acuracy:  90.86% | Loss: 0.3213 0.03206 0.05324 | PS: 0.02089 
Val   | Acuracy:  90.96% | Loss: 0.32666 0.03262 0.05388 | PS: 0.02093 
Test  | Acuracy:  91.25% | Loss: 0.31262 0.03104 0.05224 | PS: 0.02409 
----------------------------------------------------------------------
Optimization error  : 0.02089
Population error    : 0.02409
Generalization error: 0.00319
