Namespace(batch_size=64, beta_moco=0.1, gamma_moco=0.1, gamma_modo=0.01, lr=0.1, moo_method='MoDo', num_epochs=1000, rho_moco=0.1, rho_modo=0.1, seed=8)

==================================================
Model parameter count per layer
==================================================
fc1.weight 	: 401408
fc1.bias 	: 512
fc2.weight 	: 5120
fc2.bias 	: 10
Total number of parametrs : 407050
--------------------------------------------------

======================================================================
LOG FORMAT: Epoch: EPOCH | Train: LOSS1 LOSS2 LOSS3
======================================================================
Epoch:      0 | Train: 2.3867 0.1813 0.961
Epoch:    100 | Train: 0.4315 0.0565 0.0421
Epoch:    200 | Train: 0.5595 0.0534 0.1031
Epoch:    300 | Train: 0.276 0.0374 0.0256
Epoch:    400 | Train: 0.7025 0.0554 0.1681
Epoch:    500 | Train: 0.4346 0.0425 0.0765
Epoch:    600 | Train: 0.3193 0.0336 0.0549
Epoch:    700 | Train: 0.2122 0.0265 0.0213
Epoch:    800 | Train: 0.2129 0.0233 0.0286
Epoch:    900 | Train: 0.4052 0.0383 0.061
Epoch:    999 | Train: 0.4796 0.0367 0.1219

======================================================================
PERF FORMAT: DATASET | Acuracy: ACC | Loss: LOSS1 LOSS2 LOSS3 | PS: PS
======================================================================
Train | Acuracy:  91.14% | Loss: 0.31473 0.03141 0.05226 | PS: 0.02158 
Val   | Acuracy:  90.77% | Loss: 0.33757 0.03223 0.05983 | PS: 0.02181 
Test  | Acuracy:  91.40% | Loss: 0.308 0.03031 0.05264 | PS: 0.02485 
----------------------------------------------------------------------
Optimization error  : 0.02158
Population error    : 0.02485
Generalization error: 0.00327
