Namespace(batch_size=64, beta_moco=0.1, gamma_moco=0.1, gamma_modo=1.0, lr=0.1, moo_method='MoDo', num_epochs=1000, rho_moco=0.1, rho_modo=0.1, seed=8)

==================================================
Model parameter count per layer
==================================================
fc1.weight 	: 401408
fc1.bias 	: 512
fc2.weight 	: 5120
fc2.bias 	: 10
Total number of parametrs : 407050
--------------------------------------------------

======================================================================
LOG FORMAT: Epoch: EPOCH | Train: LOSS1 LOSS2 LOSS3
======================================================================
Epoch:      0 | Train: 2.3867 0.1813 0.961
Epoch:    100 | Train: 1.128 0.1286 0.1126
Epoch:    200 | Train: 0.7542 0.086 0.1024
Epoch:    300 | Train: 0.3785 0.0526 0.0294
Epoch:    400 | Train: 0.7072 0.0632 0.1577
Epoch:    500 | Train: 0.4614 0.0466 0.0792
Epoch:    600 | Train: 0.331 0.0359 0.0558
Epoch:    700 | Train: 0.2147 0.0272 0.0213
Epoch:    800 | Train: 0.2217 0.0251 0.0294
Epoch:    900 | Train: 0.4117 0.0398 0.0618
Epoch:    999 | Train: 0.4855 0.0376 0.1219

======================================================================
PERF FORMAT: DATASET | Acuracy: ACC | Loss: LOSS1 LOSS2 LOSS3 | PS: PS
======================================================================
Train | Acuracy:  90.99% | Loss: 0.32049 0.03272 0.05211 | PS: 0.02188 
Val   | Acuracy:  90.67% | Loss: 0.34144 0.03345 0.05936 | PS: 0.02153 
Test  | Acuracy:  91.23% | Loss: 0.31269 0.03154 0.05246 | PS: 0.02456 
----------------------------------------------------------------------
Optimization error  : 0.02188
Population error    : 0.02456
Generalization error: 0.00268
