Namespace(batch_size=64, beta_moco=0.1, gamma_moco=0.1, gamma_modo=0.05, lr=0.1, moo_method='MoDo', num_epochs=1000, rho_moco=0.1, rho_modo=0.1, seed=1)

==================================================
Model parameter count per layer
==================================================
fc1.weight 	: 401408
fc1.bias 	: 512
fc2.weight 	: 5120
fc2.bias 	: 10
Total number of parametrs : 407050
--------------------------------------------------

======================================================================
LOG FORMAT: Epoch: EPOCH | Train: LOSS1 LOSS2 LOSS3
======================================================================
Epoch:      0 | Train: 2.3314 0.1802 0.9087
Epoch:    100 | Train: 0.8718 0.1013 0.1029
Epoch:    200 | Train: 0.5517 0.063 0.0861
Epoch:    300 | Train: 0.493 0.061 0.0574
Epoch:    400 | Train: 0.3453 0.0487 0.0279
Epoch:    500 | Train: 0.3904 0.0463 0.0391
Epoch:    600 | Train: 0.5735 0.0564 0.092
Epoch:    700 | Train: 0.345 0.0356 0.0493
Epoch:    800 | Train: 0.3457 0.0346 0.0584
Epoch:    900 | Train: 0.2154 0.028 0.0223
Epoch:    999 | Train: 0.1973 0.0272 0.0183

======================================================================
PERF FORMAT: DATASET | Acuracy: ACC | Loss: LOSS1 LOSS2 LOSS3 | PS: PS
======================================================================
Train | Acuracy:  90.63% | Loss: 0.33046 0.03368 0.05385 | PS: 0.02182 
Val   | Acuracy:  90.66% | Loss: 0.33472 0.0342 0.05411 | PS: 0.02178 
Test  | Acuracy:  91.03% | Loss: 0.31986 0.03255 0.05245 | PS: 0.02506 
----------------------------------------------------------------------
Optimization error  : 0.02182
Population error    : 0.02506
Generalization error: 0.00325
