Namespace(batch_size=64, beta_moco=0.1, gamma_moco=0.1, gamma_modo=0.5, lr=0.1, moo_method='MoDo', num_epochs=1000, rho_moco=0.1, rho_modo=0.0, seed=6)

==================================================
Model parameter count per layer
==================================================
fc1.weight 	: 401408
fc1.bias 	: 512
fc2.weight 	: 5120
fc2.bias 	: 10
Total number of parametrs : 407050
--------------------------------------------------

======================================================================
LOG FORMAT: Epoch: EPOCH | Train: LOSS1 LOSS2 LOSS3
======================================================================
Epoch:      0 | Train: 2.3515 0.1806 0.9289
Epoch:    100 | Train: 1.7009 0.154 0.3949
Epoch:    200 | Train: 1.0932 0.1067 0.2225
Epoch:    300 | Train: 1.1449 0.0983 0.2685
Epoch:    400 | Train: 1.0171 0.0759 0.3037
Epoch:    500 | Train: 0.5512 0.0576 0.1095
Epoch:    600 | Train: 0.8743 0.0681 0.2054
Epoch:    700 | Train: 0.6347 0.0523 0.1325
Epoch:    800 | Train: 0.3213 0.0361 0.046
Epoch:    900 | Train: 0.6933 0.0522 0.1296
Epoch:    999 | Train: 0.8569 0.0625 0.2126

======================================================================
PERF FORMAT: DATASET | Acuracy: ACC | Loss: LOSS1 LOSS2 LOSS3 | PS: PS
======================================================================
Train | Acuracy:  87.12% | Loss: 0.44348 0.04117 0.08619 | PS: 0.01821 
Val   | Acuracy:  86.94% | Loss: 0.44364 0.0415 0.08475 | PS: 0.01843 
Test  | Acuracy:  87.91% | Loss: 0.41933 0.03951 0.07958 | PS: 0.02063 
----------------------------------------------------------------------
Optimization error  : 0.01821
Population error    : 0.02063
Generalization error: 0.00241
