Namespace(batch_size=64, beta_moco=0.1, gamma_moco=0.1, gamma_modo=0.01, lr=0.1, moo_method='MoDo', num_epochs=1000, rho_moco=0.1, rho_modo=0.1, seed=2)

==================================================
Model parameter count per layer
==================================================
fc1.weight 	: 401408
fc1.bias 	: 512
fc2.weight 	: 5120
fc2.bias 	: 10
Total number of parametrs : 407050
--------------------------------------------------

======================================================================
LOG FORMAT: Epoch: EPOCH | Train: LOSS1 LOSS2 LOSS3
======================================================================
Epoch:      0 | Train: 2.2467 0.1783 0.8182
Epoch:    100 | Train: 0.545 0.0675 0.0598
Epoch:    200 | Train: 0.4473 0.0502 0.0746
Epoch:    300 | Train: 0.4959 0.0482 0.0919
Epoch:    400 | Train: 0.5253 0.0484 0.1034
Epoch:    500 | Train: 0.451 0.0419 0.0799
Epoch:    600 | Train: 0.3881 0.0376 0.0745
Epoch:    700 | Train: 0.3099 0.0382 0.032
Epoch:    800 | Train: 0.4105 0.0307 0.0995
Epoch:    900 | Train: 0.3466 0.026 0.0883
Epoch:    999 | Train: 0.3003 0.0298 0.0545

======================================================================
PERF FORMAT: DATASET | Acuracy: ACC | Loss: LOSS1 LOSS2 LOSS3 | PS: PS
======================================================================
Train | Acuracy:  90.77% | Loss: 0.32215 0.03243 0.05225 | PS: 0.03408 
Val   | Acuracy:  90.39% | Loss: 0.33631 0.03267 0.05685 | PS: 0.03473 
Test  | Acuracy:  91.01% | Loss: 0.318 0.0315 0.0531 | PS: 0.03716 
----------------------------------------------------------------------
Optimization error  : 0.03408
Population error    : 0.03716
Generalization error: 0.00309
