Namespace(batch_size=64, beta_moco=0.1, gamma_moco=0.1, gamma_modo=0.1, lr=0.1, moo_method='MoDo', num_epochs=1000, rho_moco=0.1, rho_modo=0.0, seed=9)

==================================================
Model parameter count per layer
==================================================
fc1.weight 	: 401408
fc1.bias 	: 512
fc2.weight 	: 5120
fc2.bias 	: 10
Total number of parametrs : 407050
--------------------------------------------------

======================================================================
LOG FORMAT: Epoch: EPOCH | Train: LOSS1 LOSS2 LOSS3
======================================================================
Epoch:      0 | Train: 2.3852 0.1812 0.9629
Epoch:    100 | Train: 1.096 0.1162 0.1737
Epoch:    200 | Train: 0.8884 0.0965 0.127
Epoch:    300 | Train: 0.533 0.0635 0.0738
Epoch:    400 | Train: 0.5422 0.0523 0.1076
Epoch:    500 | Train: 0.4247 0.048 0.0583
Epoch:    600 | Train: 0.6436 0.0562 0.1493
Epoch:    700 | Train: 0.4966 0.0474 0.0793
Epoch:    800 | Train: 0.4783 0.0487 0.0877
Epoch:    900 | Train: 0.3365 0.0371 0.0412
Epoch:    999 | Train: 0.6638 0.0427 0.1749

======================================================================
PERF FORMAT: DATASET | Acuracy: ACC | Loss: LOSS1 LOSS2 LOSS3 | PS: PS
======================================================================
Train | Acuracy:  88.05% | Loss: 0.41597 0.03669 0.08346 | PS: 0.0149 
Val   | Acuracy:  88.23% | Loss: 0.41609 0.03654 0.08163 | PS: 0.0159 
Test  | Acuracy:  88.61% | Loss: 0.39171 0.03493 0.07704 | PS: 0.01872 
----------------------------------------------------------------------
Optimization error  : 0.0149
Population error    : 0.01872
Generalization error: 0.00382
