Namespace(batch_size=64, beta_moco=0.1, gamma_moco=0.1, gamma_modo=1.0, lr=0.1, moo_method='MoDo', num_epochs=1000, rho_moco=0.1, rho_modo=0.0, seed=5)

==================================================
Model parameter count per layer
==================================================
fc1.weight 	: 401408
fc1.bias 	: 512
fc2.weight 	: 5120
fc2.bias 	: 10
Total number of parametrs : 407050
--------------------------------------------------

======================================================================
LOG FORMAT: Epoch: EPOCH | Train: LOSS1 LOSS2 LOSS3
======================================================================
Epoch:      0 | Train: 2.2981 0.1796 0.8762
Epoch:    100 | Train: 1.8206 0.1565 0.4967
Epoch:    200 | Train: 1.6572 0.1365 0.4489
Epoch:    300 | Train: 1.0696 0.1037 0.2285
Epoch:    400 | Train: 0.7174 0.0754 0.1357
Epoch:    500 | Train: 0.5412 0.0577 0.0795
Epoch:    600 | Train: 0.4898 0.0596 0.0632
Epoch:    700 | Train: 0.437 0.0413 0.0767
Epoch:    800 | Train: 0.2992 0.0379 0.0295
Epoch:    900 | Train: 0.4389 0.0401 0.1095
Epoch:    999 | Train: 0.4255 0.0451 0.0677

======================================================================
PERF FORMAT: DATASET | Acuracy: ACC | Loss: LOSS1 LOSS2 LOSS3 | PS: PS
======================================================================
Train | Acuracy:  88.71% | Loss: 0.39044 0.03867 0.06864 | PS: 0.01655 
Val   | Acuracy:  88.15% | Loss: 0.41249 0.03965 0.07376 | PS: 0.01707 
Test  | Acuracy:  89.40% | Loss: 0.37259 0.03704 0.06518 | PS: 0.01777 
----------------------------------------------------------------------
Optimization error  : 0.01655
Population error    : 0.01777
Generalization error: 0.00122
