Namespace(batch_size=64, beta_moco=0.1, gamma_moco=0.1, gamma_modo=0.05, lr=0.1, moo_method='MoDo', num_epochs=1000, rho_moco=0.1, rho_modo=0.0, seed=8)

==================================================
Model parameter count per layer
==================================================
fc1.weight 	: 401408
fc1.bias 	: 512
fc2.weight 	: 5120
fc2.bias 	: 10
Total number of parametrs : 407050
--------------------------------------------------

======================================================================
LOG FORMAT: Epoch: EPOCH | Train: LOSS1 LOSS2 LOSS3
======================================================================
Epoch:      0 | Train: 2.3867 0.1813 0.961
Epoch:    100 | Train: 0.7591 0.0942 0.0706
Epoch:    200 | Train: 0.7122 0.079 0.1062
Epoch:    300 | Train: 0.4016 0.0559 0.0302
Epoch:    400 | Train: 0.7163 0.0675 0.1582
Epoch:    500 | Train: 0.5206 0.0554 0.0888
Epoch:    600 | Train: 0.3841 0.0433 0.0602
Epoch:    700 | Train: 0.2639 0.0331 0.0316
Epoch:    800 | Train: 0.2724 0.0328 0.0307
Epoch:    900 | Train: 0.4536 0.045 0.0676
Epoch:    999 | Train: 0.5014 0.0423 0.1219

======================================================================
PERF FORMAT: DATASET | Acuracy: ACC | Loss: LOSS1 LOSS2 LOSS3 | PS: PS
======================================================================
Train | Acuracy:  89.59% | Loss: 0.36331 0.03697 0.06013 | PS: 0.01843 
Val   | Acuracy:  89.16% | Loss: 0.37976 0.03754 0.06657 | PS: 0.01939 
Test  | Acuracy:  90.14% | Loss: 0.34828 0.03549 0.05837 | PS: 0.02422 
----------------------------------------------------------------------
Optimization error  : 0.01843
Population error    : 0.02422
Generalization error: 0.00579
