Namespace(batch_size=64, beta_moco=0.1, gamma_moco=0.1, gamma_modo=0.01, lr=0.1, moo_method='MoDo', num_epochs=1000, rho_moco=0.1, rho_modo=0.0, seed=1)

==================================================
Model parameter count per layer
==================================================
fc1.weight 	: 401408
fc1.bias 	: 512
fc2.weight 	: 5120
fc2.bias 	: 10
Total number of parametrs : 407050
--------------------------------------------------

======================================================================
LOG FORMAT: Epoch: EPOCH | Train: LOSS1 LOSS2 LOSS3
======================================================================
Epoch:      0 | Train: 2.3314 0.1802 0.9087
Epoch:    100 | Train: 0.6399 0.0721 0.0843
Epoch:    200 | Train: 0.4554 0.0462 0.0894
Epoch:    300 | Train: 0.4116 0.0502 0.0499
Epoch:    400 | Train: 0.2925 0.0407 0.0266
Epoch:    500 | Train: 0.3637 0.0412 0.0392
Epoch:    600 | Train: 0.5648 0.0539 0.0924
Epoch:    700 | Train: 0.3268 0.0328 0.0469
Epoch:    800 | Train: 0.3391 0.0329 0.0585
Epoch:    900 | Train: 0.2102 0.027 0.0225
Epoch:    999 | Train: 0.1817 0.0257 0.0164

======================================================================
PERF FORMAT: DATASET | Acuracy: ACC | Loss: LOSS1 LOSS2 LOSS3 | PS: PS
======================================================================
Train | Acuracy:  90.75% | Loss: 0.32533 0.03278 0.05358 | PS: 0.01689 
Val   | Acuracy:  90.72% | Loss: 0.33003 0.03332 0.05397 | PS: 0.01746 
Test  | Acuracy:  91.06% | Loss: 0.3151 0.0317 0.05227 | PS: 0.02166 
----------------------------------------------------------------------
Optimization error  : 0.01689
Population error    : 0.02166
Generalization error: 0.00477
