Namespace(batch_size=64, beta_moco=0.1, gamma_moco=0.1, gamma_modo=0.05, lr=0.1, moo_method='MoDo', num_epochs=1000, rho_moco=0.1, rho_modo=0.0, seed=6)

==================================================
Model parameter count per layer
==================================================
fc1.weight 	: 401408
fc1.bias 	: 512
fc2.weight 	: 5120
fc2.bias 	: 10
Total number of parametrs : 407050
--------------------------------------------------

======================================================================
LOG FORMAT: Epoch: EPOCH | Train: LOSS1 LOSS2 LOSS3
======================================================================
Epoch:      0 | Train: 2.3515 0.1806 0.9289
Epoch:    100 | Train: 0.7479 0.0893 0.0936
Epoch:    200 | Train: 0.5398 0.0704 0.0493
Epoch:    300 | Train: 0.5679 0.0719 0.0566
Epoch:    400 | Train: 0.6097 0.0532 0.1197
Epoch:    500 | Train: 0.4626 0.0533 0.0634
Epoch:    600 | Train: 0.4529 0.0465 0.0762
Epoch:    700 | Train: 0.4017 0.0412 0.0669
Epoch:    800 | Train: 0.2207 0.0299 0.0197
Epoch:    900 | Train: 0.5573 0.0458 0.0908
Epoch:    999 | Train: 0.6838 0.0589 0.157

======================================================================
PERF FORMAT: DATASET | Acuracy: ACC | Loss: LOSS1 LOSS2 LOSS3 | PS: PS
======================================================================
Train | Acuracy:  89.76% | Loss: 0.36157 0.03794 0.05781 | PS: 0.01803 
Val   | Acuracy:  89.36% | Loss: 0.36592 0.03843 0.05941 | PS: 0.0195 
Test  | Acuracy:  90.32% | Loss: 0.34465 0.03659 0.05443 | PS: 0.02176 
----------------------------------------------------------------------
Optimization error  : 0.01803
Population error    : 0.02176
Generalization error: 0.00373
