Namespace(batch_size=64, beta_moco=0.1, gamma_moco=0.1, gamma_modo=0.5, lr=0.1, moo_method='MoDo', num_epochs=1000, rho_moco=0.1, rho_modo=0.1, seed=2)

==================================================
Model parameter count per layer
==================================================
fc1.weight 	: 401408
fc1.bias 	: 512
fc2.weight 	: 5120
fc2.bias 	: 10
Total number of parametrs : 407050
--------------------------------------------------

======================================================================
LOG FORMAT: Epoch: EPOCH | Train: LOSS1 LOSS2 LOSS3
======================================================================
Epoch:      0 | Train: 2.2467 0.1783 0.8182
Epoch:    100 | Train: 1.2462 0.1364 0.1366
Epoch:    200 | Train: 0.6805 0.0844 0.0749
Epoch:    300 | Train: 0.5934 0.0668 0.0879
Epoch:    400 | Train: 0.5546 0.0556 0.0998
Epoch:    500 | Train: 0.4817 0.047 0.0846
Epoch:    600 | Train: 0.3945 0.0396 0.0724
Epoch:    700 | Train: 0.3241 0.0406 0.033
Epoch:    800 | Train: 0.4101 0.0327 0.0965
Epoch:    900 | Train: 0.352 0.027 0.0911
Epoch:    999 | Train: 0.3097 0.0315 0.056

======================================================================
PERF FORMAT: DATASET | Acuracy: ACC | Loss: LOSS1 LOSS2 LOSS3 | PS: PS
======================================================================
Train | Acuracy:  90.59% | Loss: 0.32937 0.03375 0.05251 | PS: 0.03377 
Val   | Acuracy:  90.34% | Loss: 0.34241 0.03395 0.05701 | PS: 0.03466 
Test  | Acuracy:  90.94% | Loss: 0.32356 0.03273 0.05299 | PS: 0.03699 
----------------------------------------------------------------------
Optimization error  : 0.03377
Population error    : 0.03699
Generalization error: 0.00322
