Namespace(batch_size=64, beta_moco=0.1, gamma_moco=0.1, gamma_modo=0.001, lr=0.1, moo_method='MoDo', num_epochs=1000, rho_moco=0.1, rho_modo=0.0, seed=6)

==================================================
Model parameter count per layer
==================================================
fc1.weight 	: 401408
fc1.bias 	: 512
fc2.weight 	: 5120
fc2.bias 	: 10
Total number of parametrs : 407050
--------------------------------------------------

======================================================================
LOG FORMAT: Epoch: EPOCH | Train: LOSS1 LOSS2 LOSS3
======================================================================
Epoch:      0 | Train: 2.3515 0.1806 0.9289
Epoch:    100 | Train: 0.5509 0.0588 0.0925
Epoch:    200 | Train: 0.2967 0.0401 0.0343
Epoch:    300 | Train: 0.4359 0.0507 0.0574
Epoch:    400 | Train: 0.5567 0.0388 0.1058
Epoch:    500 | Train: 0.3267 0.0357 0.0467
Epoch:    600 | Train: 0.3451 0.0344 0.0601
Epoch:    700 | Train: 0.3589 0.0349 0.0628
Epoch:    800 | Train: 0.1709 0.0239 0.0145
Epoch:    900 | Train: 0.5467 0.038 0.0888
Epoch:    999 | Train: 0.6252 0.0493 0.1523

======================================================================
PERF FORMAT: DATASET | Acuracy: ACC | Loss: LOSS1 LOSS2 LOSS3 | PS: PS
======================================================================
Train | Acuracy:  91.07% | Loss: 0.31324 0.03115 0.0523 | PS: 0.03029 
Val   | Acuracy:  90.24% | Loss: 0.32374 0.032 0.0562 | PS: 0.03023 
Test  | Acuracy:  91.47% | Loss: 0.30596 0.03035 0.05173 | PS: 0.03339 
----------------------------------------------------------------------
Optimization error  : 0.03029
Population error    : 0.03339
Generalization error: 0.0031
