Namespace(batch_size=64, beta_moco=0.1, gamma_moco=0.1, gamma_modo=0.1, lr=0.1, moo_method='MoDo', num_epochs=1000, rho_moco=0.1, rho_modo=0.0, seed=1)

==================================================
Model parameter count per layer
==================================================
fc1.weight 	: 401408
fc1.bias 	: 512
fc2.weight 	: 5120
fc2.bias 	: 10
Total number of parametrs : 407050
--------------------------------------------------

======================================================================
LOG FORMAT: Epoch: EPOCH | Train: LOSS1 LOSS2 LOSS3
======================================================================
Epoch:      0 | Train: 2.3314 0.1802 0.9087
Epoch:    100 | Train: 1.1942 0.1219 0.2131
Epoch:    200 | Train: 0.6442 0.0733 0.0929
Epoch:    300 | Train: 0.8295 0.083 0.1525
Epoch:    400 | Train: 0.6134 0.0693 0.0835
Epoch:    500 | Train: 0.5498 0.0587 0.0708
Epoch:    600 | Train: 0.7192 0.0641 0.127
Epoch:    700 | Train: 0.5609 0.0494 0.1088
Epoch:    800 | Train: 0.4084 0.0367 0.09
Epoch:    900 | Train: 0.3134 0.035 0.0397
Epoch:    999 | Train: 0.3204 0.0372 0.047

======================================================================
PERF FORMAT: DATASET | Acuracy: ACC | Loss: LOSS1 LOSS2 LOSS3 | PS: PS
======================================================================
Train | Acuracy:  87.55% | Loss: 0.42647 0.0376 0.08542 | PS: 0.01393 
Val   | Acuracy:  87.73% | Loss: 0.42112 0.0378 0.08212 | PS: 0.01658 
Test  | Acuracy:  88.67% | Loss: 0.39992 0.03581 0.07848 | PS: 0.01632 
----------------------------------------------------------------------
Optimization error  : 0.01393
Population error    : 0.01632
Generalization error: 0.00239
