========================================
General Configuration:
	Wighting: EW
	Architecture: HPS
	Rep_Grad: False
	Multi_Input: True
	Seed: 1
	Device: cuda:3
EW Configuration:
	weighting: EW
Optimizer Configuration:
	optim: adam
	lr: 0.0001
	weight_decay: 0.001
========================================
Total Params: 11487901
Trainable Params: 11487901
Non-trainable Params: 0
========================================
LOG FORMAT | amazon_LOSS Acc | dslr_LOSS Acc | webcam_LOSS Acc | TIME
Epoch: 0000 | TRAIN: 2.7869 0.3131 | 1.9201 0.6977 | 2.0801 0.6334 | Time: 155.4238 | VAL: 2.0279 0.6540 | 1.3848 0.8652 | 1.4620 0.8389 | Time: 19.7727 | TEST: 2.0454 0.6393 | 1.4497 0.8770 | 1.5093 0.8667 | Time: 11.6233
Epoch: 0001 | TRAIN: 1.5958 0.7272 | 0.5737 0.9940 | 0.7454 0.9874 | Time: 201.7828 | VAL: 1.4717 0.7754 | 0.9249 0.9663 | 1.0080 0.9329 | Time: 20.1902 | TEST: 1.4801 0.7538 | 1.0338 0.9590 | 1.0644 0.9556 | Time: 15.2892
Epoch: 0002 | TRAIN: 1.0423 0.8498 | 0.2825 0.9994 | 0.3413 1.0000 | Time: 160.7216 | VAL: 1.2041 0.8243 | 0.7643 0.9775 | 0.7920 0.9597 | Time: 12.7739 | TEST: 1.2349 0.8000 | 0.8838 0.9672 | 0.8524 0.9611 | Time: 25.5738
Epoch: 0003 | TRAIN: 0.6813 0.9219 | 0.1742 1.0000 | 0.2037 1.0000 | Time: 128.8617 | VAL: 1.0492 0.8460 | 0.6791 0.9663 | 0.6715 0.9664 | Time: 12.6720 | TEST: 1.0742 0.8325 | 0.7972 0.9590 | 0.7309 0.9778 | Time: 19.4560
Epoch: 0004 | TRAIN: 0.4494 0.9688 | 0.1185 1.0000 | 0.1472 1.0000 | Time: 164.7467 | VAL: 0.9535 0.8641 | 0.6699 0.9663 | 0.6265 0.9597 | Time: 13.8823 | TEST: 0.9788 0.8410 | 0.7853 0.9590 | 0.6696 0.9833 | Time: 17.0138
Epoch: 0005 | TRAIN: 0.3004 0.9892 | 0.0947 1.0000 | 0.1032 1.0000 | Time: 171.2440 | VAL: 0.8805 0.8623 | 0.6427 0.9663 | 0.5903 0.9664 | Time: 31.1300 | TEST: 0.9037 0.8496 | 0.7534 0.9590 | 0.6365 0.9833 | Time: 27.7533
Epoch: 0006 | TRAIN: 0.1955 0.9964 | 0.0767 1.0000 | 0.0838 1.0000 | Time: 132.9995 | VAL: 0.8254 0.8641 | 0.5998 0.9663 | 0.5489 0.9664 | Time: 16.2963 | TEST: 0.8539 0.8462 | 0.7145 0.9508 | 0.6017 0.9833 | Time: 13.3966
Epoch: 0007 | TRAIN: 0.1409 0.9994 | 0.0608 1.0000 | 0.0667 1.0000 | Time: 146.2954 | VAL: 0.8035 0.8678 | 0.5999 0.9663 | 0.5326 0.9664 | Time: 30.1725 | TEST: 0.8333 0.8513 | 0.7215 0.9508 | 0.5798 0.9889 | Time: 53.6824
Epoch: 0008 | TRAIN: 0.1027 1.0000 | 0.0511 1.0000 | 0.0575 1.0000 | Time: 179.9750 | VAL: 0.7662 0.8678 | 0.5799 0.9663 | 0.5047 0.9664 | Time: 14.0857 | TEST: 0.7968 0.8496 | 0.6853 0.9508 | 0.5527 0.9778 | Time: 12.2147
Epoch: 0009 | TRAIN: 0.0838 1.0000 | 0.0421 1.0000 | 0.0453 1.0000 | Time: 157.3434 | VAL: 0.7582 0.8696 | 0.5615 0.9663 | 0.4839 0.9664 | Time: 14.0195 | TEST: 0.7913 0.8444 | 0.6657 0.9426 | 0.5255 0.9833 | Time: 13.5576
Epoch: 0010 | TRAIN: 0.0685 1.0000 | 0.0351 1.0000 | 0.0437 1.0000 | Time: 139.8726 | VAL: 0.7383 0.8696 | 0.5720 0.9663 | 0.4823 0.9664 | Time: 13.3925 | TEST: 0.7647 0.8444 | 0.6802 0.9590 | 0.5199 0.9833 | Time: 25.6604
Epoch: 0011 | TRAIN: 0.0586 1.0000 | 0.0312 1.0000 | 0.0382 1.0000 | Time: 147.6077 | VAL: 0.7182 0.8714 | 0.5683 0.9663 | 0.4731 0.9664 | Time: 10.2854 | TEST: 0.7455 0.8496 | 0.6762 0.9344 | 0.5122 0.9833 | Time: 20.7011
Epoch: 0012 | TRAIN: 0.0489 1.0000 | 0.0294 1.0000 | 0.0309 1.0000 | Time: 163.8546 | VAL: 0.7153 0.8732 | 0.5501 0.9663 | 0.4648 0.9664 | Time: 21.3461 | TEST: 0.7441 0.8513 | 0.6717 0.9344 | 0.5013 0.9778 | Time: 29.4759
Epoch: 0013 | TRAIN: 0.0444 1.0000 | 0.0250 1.0000 | 0.0272 1.0000 | Time: 140.8747 | VAL: 0.6961 0.8750 | 0.5424 0.9663 | 0.4593 0.9664 | Time: 10.7622 | TEST: 0.7213 0.8530 | 0.6606 0.9344 | 0.4941 0.9833 | Time: 23.3597
Epoch: 0014 | TRAIN: 0.0391 1.0000 | 0.0224 1.0000 | 0.0262 1.0000 | Time: 175.6091 | VAL: 0.6932 0.8750 | 0.5368 0.9663 | 0.4420 0.9664 | Time: 11.6845 | TEST: 0.7186 0.8564 | 0.6488 0.9426 | 0.4854 0.9833 | Time: 21.3679
Epoch: 0015 | TRAIN: 0.0339 1.0000 | 0.0214 1.0000 | 0.0237 1.0000 | Time: 141.6559 | VAL: 0.6797 0.8696 | 0.5210 0.9663 | 0.4330 0.9664 | Time: 27.9287 | TEST: 0.7050 0.8547 | 0.6374 0.9426 | 0.4811 0.9833 | Time: 14.0599
Epoch: 0016 | TRAIN: 0.0309 1.0000 | 0.0193 1.0000 | 0.0216 1.0000 | Time: 151.8471 | VAL: 0.6747 0.8696 | 0.5314 0.9663 | 0.4278 0.9664 | Time: 15.2481 | TEST: 0.7023 0.8547 | 0.6440 0.9344 | 0.4749 0.9833 | Time: 19.2509
Epoch: 0017 | TRAIN: 0.0272 1.0000 | 0.0179 1.0000 | 0.0185 1.0000 | Time: 188.1251 | VAL: 0.6757 0.8714 | 0.5157 0.9663 | 0.4254 0.9732 | Time: 12.2955 | TEST: 0.7032 0.8479 | 0.6360 0.9426 | 0.4664 0.9833 | Time: 15.8867
Epoch: 0018 | TRAIN: 0.0270 1.0000 | 0.0167 1.0000 | 0.0174 1.0000 | Time: 162.4222 | VAL: 0.6646 0.8732 | 0.5201 0.9663 | 0.4249 0.9664 | Time: 8.9495 | TEST: 0.6919 0.8479 | 0.6382 0.9344 | 0.4682 0.9833 | Time: 13.0185
Epoch: 0019 | TRAIN: 0.0252 1.0000 | 0.0150 1.0000 | 0.0165 1.0000 | Time: 146.5429 | VAL: 0.6739 0.8750 | 0.5281 0.9663 | 0.4115 0.9664 | Time: 19.0895 | TEST: 0.7002 0.8547 | 0.6368 0.9508 | 0.4570 0.9833 | Time: 38.5117
Epoch: 0020 | TRAIN: 0.0233 1.0000 | 0.0146 1.0000 | 0.0166 1.0000 | Time: 161.7073 | VAL: 0.6591 0.8768 | 0.5171 0.9663 | 0.4189 0.9732 | Time: 22.9056 | TEST: 0.6861 0.8479 | 0.6277 0.9426 | 0.4578 0.9833 | Time: 12.3012
Epoch: 0021 | TRAIN: 0.0210 1.0000 | 0.0132 1.0000 | 0.0139 1.0000 | Time: 168.3626 | VAL: 0.6596 0.8678 | 0.5230 0.9663 | 0.4126 0.9732 | Time: 13.2084 | TEST: 0.6833 0.8581 | 0.6322 0.9344 | 0.4497 0.9833 | Time: 21.7151
Epoch: 0022 | TRAIN: 0.0195 1.0000 | 0.0117 1.0000 | 0.0138 1.0000 | Time: 163.4324 | VAL: 0.6445 0.8750 | 0.5306 0.9663 | 0.4124 0.9732 | Time: 25.5673 | TEST: 0.6742 0.8479 | 0.6299 0.9344 | 0.4455 0.9833 | Time: 29.0505
Epoch: 0023 | TRAIN: 0.0189 1.0000 | 0.0118 1.0000 | 0.0128 1.0000 | Time: 154.2444 | VAL: 0.6522 0.8641 | 0.5344 0.9663 | 0.4062 0.9664 | Time: 16.0181 | TEST: 0.6773 0.8581 | 0.6402 0.9344 | 0.4501 0.9833 | Time: 21.2020
Epoch: 0024 | TRAIN: 0.0176 1.0000 | 0.0109 1.0000 | 0.0123 1.0000 | Time: 157.1142 | VAL: 0.6464 0.8714 | 0.5190 0.9663 | 0.4007 0.9664 | Time: 15.0351 | TEST: 0.6696 0.8496 | 0.6330 0.9344 | 0.4455 0.9833 | Time: 17.7406
Epoch: 0025 | TRAIN: 0.0159 1.0000 | 0.0099 1.0000 | 0.0115 1.0000 | Time: 169.6222 | VAL: 0.6427 0.8750 | 0.5226 0.9663 | 0.4029 0.9732 | Time: 20.6762 | TEST: 0.6643 0.8496 | 0.6296 0.9344 | 0.4442 0.9833 | Time: 13.4277
Epoch: 0026 | TRAIN: 0.0161 1.0000 | 0.0103 1.0000 | 0.0109 1.0000 | Time: 147.6765 | VAL: 0.6359 0.8768 | 0.5215 0.9663 | 0.4009 0.9664 | Time: 13.5561 | TEST: 0.6625 0.8513 | 0.6301 0.9344 | 0.4409 0.9833 | Time: 41.0116
Epoch: 0027 | TRAIN: 0.0156 1.0000 | 0.0100 1.0000 | 0.0100 1.0000 | Time: 163.1885 | VAL: 0.6327 0.8678 | 0.5171 0.9663 | 0.3930 0.9732 | Time: 17.7761 | TEST: 0.6552 0.8547 | 0.6224 0.9344 | 0.4324 0.9833 | Time: 30.9354
Epoch: 0028 | TRAIN: 0.0138 1.0000 | 0.0091 1.0000 | 0.0098 1.0000 | Time: 129.6617 | VAL: 0.6316 0.8678 | 0.5290 0.9663 | 0.3925 0.9732 | Time: 13.8051 | TEST: 0.6528 0.8564 | 0.6266 0.9508 | 0.4307 0.9833 | Time: 20.8755
Epoch: 0029 | TRAIN: 0.0140 1.0000 | 0.0088 1.0000 | 0.0090 1.0000 | Time: 158.2065 | VAL: 0.6272 0.8768 | 0.5273 0.9663 | 0.3960 0.9664 | Time: 16.0399 | TEST: 0.6496 0.8564 | 0.6254 0.9426 | 0.4328 0.9833 | Time: 33.5666
Epoch: 0030 | TRAIN: 0.0126 1.0000 | 0.0084 1.0000 | 0.0094 1.0000 | Time: 177.2749 | VAL: 0.6241 0.8714 | 0.5193 0.9663 | 0.3910 0.9732 | Time: 13.3427 | TEST: 0.6483 0.8581 | 0.6321 0.9426 | 0.4301 0.9833 | Time: 13.0958
Epoch: 0031 | TRAIN: 0.0131 1.0000 | 0.0078 1.0000 | 0.0091 1.0000 | Time: 138.0341 | VAL: 0.6225 0.8750 | 0.5231 0.9663 | 0.3920 0.9732 | Time: 19.9004 | TEST: 0.6432 0.8598 | 0.6309 0.9344 | 0.4387 0.9833 | Time: 24.1056
Epoch: 0032 | TRAIN: 0.0112 1.0000 | 0.0075 1.0000 | 0.0088 1.0000 | Time: 129.4725 | VAL: 0.6224 0.8732 | 0.5139 0.9663 | 0.3774 0.9732 | Time: 12.5576 | TEST: 0.6429 0.8564 | 0.6185 0.9344 | 0.4226 0.9889 | Time: 12.8332
Epoch: 0033 | TRAIN: 0.0117 1.0000 | 0.0078 1.0000 | 0.0080 1.0000 | Time: 202.7325 | VAL: 0.6153 0.8678 | 0.5211 0.9663 | 0.3890 0.9732 | Time: 10.7463 | TEST: 0.6423 0.8547 | 0.6277 0.9426 | 0.4286 0.9833 | Time: 14.6211
Epoch: 0034 | TRAIN: 0.0116 1.0000 | 0.0071 1.0000 | 0.0075 1.0000 | Time: 162.6565 | VAL: 0.6180 0.8678 | 0.5139 0.9663 | 0.3786 0.9732 | Time: 23.0725 | TEST: 0.6421 0.8564 | 0.6151 0.9508 | 0.4196 0.9833 | Time: 13.8881
Epoch: 0035 | TRAIN: 0.0103 1.0000 | 0.0070 1.0000 | 0.0073 1.0000 | Time: 141.8969 | VAL: 0.6125 0.8659 | 0.5213 0.9663 | 0.3874 0.9732 | Time: 11.9733 | TEST: 0.6405 0.8598 | 0.6281 0.9344 | 0.4232 0.9833 | Time: 22.4870
Epoch: 0036 | TRAIN: 0.0104 1.0000 | 0.0063 1.0000 | 0.0076 1.0000 | Time: 174.3721 | VAL: 0.6181 0.8696 | 0.5334 0.9663 | 0.3894 0.9732 | Time: 31.1487 | TEST: 0.6377 0.8581 | 0.6374 0.9344 | 0.4296 0.9833 | Time: 26.8530
Epoch: 0037 | TRAIN: 0.0098 1.0000 | 0.0064 1.0000 | 0.0073 1.0000 | Time: 157.7785 | VAL: 0.6221 0.8696 | 0.5210 0.9663 | 0.3849 0.9732 | Time: 11.3945 | TEST: 0.6399 0.8564 | 0.6385 0.9426 | 0.4225 0.9889 | Time: 13.4268
Epoch: 0038 | TRAIN: 0.0094 1.0000 | 0.0063 1.0000 | 0.0064 1.0000 | Time: 160.0489 | VAL: 0.6114 0.8714 | 0.5107 0.9663 | 0.3788 0.9732 | Time: 15.0661 | TEST: 0.6306 0.8530 | 0.6233 0.9344 | 0.4162 0.9833 | Time: 13.4480
Epoch: 0039 | TRAIN: 0.0090 1.0000 | 0.0063 1.0000 | 0.0065 1.0000 | Time: 164.8449 | VAL: 0.6068 0.8714 | 0.5164 0.9663 | 0.3866 0.9732 | Time: 26.4897 | TEST: 0.6273 0.8632 | 0.6236 0.9426 | 0.4202 0.9778 | Time: 22.2092
Epoch: 0040 | TRAIN: 0.0100 1.0000 | 0.0061 1.0000 | 0.0066 1.0000 | Time: 156.2781 | VAL: 0.6102 0.8678 | 0.5209 0.9663 | 0.3878 0.9732 | Time: 16.5645 | TEST: 0.6256 0.8632 | 0.6267 0.9426 | 0.4228 0.9833 | Time: 27.4905
Epoch: 0041 | TRAIN: 0.0090 1.0000 | 0.0058 1.0000 | 0.0064 1.0000 | Time: 157.8663 | VAL: 0.6032 0.8750 | 0.5227 0.9663 | 0.3807 0.9732 | Time: 12.9159 | TEST: 0.6251 0.8496 | 0.6358 0.9426 | 0.4200 0.9833 | Time: 21.5790
Epoch: 0042 | TRAIN: 0.0083 1.0000 | 0.0054 1.0000 | 0.0063 1.0000 | Time: 167.8876 | VAL: 0.5912 0.8714 | 0.5182 0.9663 | 0.3836 0.9732 | Time: 31.5456 | TEST: 0.6213 0.8598 | 0.6336 0.9426 | 0.4150 0.9833 | Time: 31.9606
Epoch: 0043 | TRAIN: 0.0083 1.0000 | 0.0052 1.0000 | 0.0063 1.0000 | Time: 166.2074 | VAL: 0.6001 0.8768 | 0.5220 0.9663 | 0.3685 0.9732 | Time: 26.0453 | TEST: 0.6240 0.8513 | 0.6297 0.9344 | 0.4065 0.9833 | Time: 23.2362
Epoch: 0044 | TRAIN: 0.0082 1.0000 | 0.0053 1.0000 | 0.0059 1.0000 | Time: 143.3944 | VAL: 0.6001 0.8750 | 0.5160 0.9663 | 0.3764 0.9732 | Time: 10.1265 | TEST: 0.6305 0.8496 | 0.6248 0.9344 | 0.4073 0.9778 | Time: 29.0231
Epoch: 0045 | TRAIN: 0.0076 1.0000 | 0.0052 1.0000 | 0.0059 1.0000 | Time: 149.7777 | VAL: 0.5991 0.8696 | 0.5247 0.9663 | 0.3804 0.9732 | Time: 21.1947 | TEST: 0.6291 0.8547 | 0.6327 0.9426 | 0.4161 0.9833 | Time: 32.2300
Epoch: 0046 | TRAIN: 0.0077 1.0000 | 0.0052 1.0000 | 0.0054 1.0000 | Time: 148.4108 | VAL: 0.5946 0.8659 | 0.5173 0.9663 | 0.3591 0.9799 | Time: 17.7572 | TEST: 0.6188 0.8530 | 0.6263 0.9344 | 0.3996 0.9833 | Time: 21.9303
Epoch: 0047 | TRAIN: 0.0073 1.0000 | 0.0051 1.0000 | 0.0054 1.0000 | Time: 158.9107 | VAL: 0.5915 0.8714 | 0.5181 0.9663 | 0.3648 0.9799 | Time: 27.2261 | TEST: 0.6205 0.8598 | 0.6245 0.9426 | 0.4010 0.9833 | Time: 30.5228
Epoch: 0048 | TRAIN: 0.0075 1.0000 | 0.0047 1.0000 | 0.0054 1.0000 | Time: 126.0822 | VAL: 0.5963 0.8750 | 0.5249 0.9663 | 0.3623 0.9799 | Time: 19.7943 | TEST: 0.6272 0.8530 | 0.6354 0.9426 | 0.3998 0.9833 | Time: 37.2415
Epoch: 0049 | TRAIN: 0.0079 1.0000 | 0.0049 1.0000 | 0.0054 1.0000 | Time: 173.3081 | VAL: 0.5970 0.8659 | 0.5240 0.9663 | 0.3641 0.9732 | Time: 11.9902 | TEST: 0.6201 0.8581 | 0.6367 0.9426 | 0.4028 0.9778 | Time: 15.8758
Epoch: 0050 | TRAIN: 0.0070 1.0000 | 0.0047 1.0000 | 0.0050 1.0000 | Time: 164.1456 | VAL: 0.5891 0.8714 | 0.5256 0.9663 | 0.3722 0.9732 | Time: 9.7283 | TEST: 0.6192 0.8615 | 0.6351 0.9426 | 0.4081 0.9833 | Time: 11.4796
Epoch: 0051 | TRAIN: 0.0069 1.0000 | 0.0046 1.0000 | 0.0050 1.0000 | Time: 158.3191 | VAL: 0.6046 0.8714 | 0.5237 0.9663 | 0.3663 0.9799 | Time: 17.0697 | TEST: 0.6231 0.8650 | 0.6335 0.9426 | 0.3999 0.9833 | Time: 15.2435
Epoch: 0052 | TRAIN: 0.0072 1.0000 | 0.0048 1.0000 | 0.0048 1.0000 | Time: 157.7706 | VAL: 0.5954 0.8750 | 0.5336 0.9663 | 0.3582 0.9799 | Time: 17.4290 | TEST: 0.6180 0.8598 | 0.6384 0.9426 | 0.4013 0.9833 | Time: 26.1908
Epoch: 0053 | TRAIN: 0.0067 1.0000 | 0.0043 1.0000 | 0.0049 1.0000 | Time: 141.9772 | VAL: 0.5956 0.8678 | 0.5256 0.9663 | 0.3630 0.9732 | Time: 10.6671 | TEST: 0.6108 0.8632 | 0.6287 0.9426 | 0.4015 0.9833 | Time: 25.0330
Epoch: 0054 | TRAIN: 0.0066 1.0000 | 0.0041 1.0000 | 0.0044 1.0000 | Time: 183.3672 | VAL: 0.5865 0.8786 | 0.5324 0.9663 | 0.3625 0.9799 | Time: 8.2433 | TEST: 0.6122 0.8530 | 0.6364 0.9426 | 0.3991 0.9833 | Time: 10.8641
Epoch: 0055 | TRAIN: 0.0063 1.0000 | 0.0044 1.0000 | 0.0046 1.0000 | Time: 160.7823 | VAL: 0.5939 0.8696 | 0.5356 0.9663 | 0.3547 0.9799 | Time: 16.6334 | TEST: 0.6102 0.8564 | 0.6349 0.9426 | 0.3991 0.9833 | Time: 15.3976
Epoch: 0056 | TRAIN: 0.0062 1.0000 | 0.0041 1.0000 | 0.0045 1.0000 | Time: 146.4139 | VAL: 0.5883 0.8714 | 0.5327 0.9775 | 0.3538 0.9799 | Time: 20.5581 | TEST: 0.6112 0.8564 | 0.6349 0.9426 | 0.4071 0.9833 | Time: 33.6589
Epoch: 0057 | TRAIN: 0.0065 1.0000 | 0.0041 1.0000 | 0.0045 1.0000 | Time: 162.5724 | VAL: 0.5921 0.8678 | 0.5420 0.9663 | 0.3728 0.9732 | Time: 11.6777 | TEST: 0.6096 0.8615 | 0.6529 0.9426 | 0.4100 0.9833 | Time: 14.9533
Epoch: 0058 | TRAIN: 0.0059 1.0000 | 0.0041 1.0000 | 0.0045 1.0000 | Time: 200.8651 | VAL: 0.5987 0.8678 | 0.5402 0.9663 | 0.3590 0.9799 | Time: 13.9847 | TEST: 0.6148 0.8581 | 0.6421 0.9426 | 0.3998 0.9833 | Time: 13.6265
Epoch: 0059 | TRAIN: 0.0065 1.0000 | 0.0041 1.0000 | 0.0043 1.0000 | Time: 161.1908 | VAL: 0.5907 0.8659 | 0.5264 0.9775 | 0.3620 0.9799 | Time: 14.5549 | TEST: 0.6070 0.8598 | 0.6308 0.9426 | 0.3959 0.9833 | Time: 11.7426
Epoch: 0060 | TRAIN: 0.0060 1.0000 | 0.0041 1.0000 | 0.0042 1.0000 | Time: 142.8209 | VAL: 0.5998 0.8696 | 0.5282 0.9775 | 0.3565 0.9799 | Time: 13.0475 | TEST: 0.6172 0.8547 | 0.6398 0.9426 | 0.3957 0.9833 | Time: 20.6202
Epoch: 0061 | TRAIN: 0.0063 1.0000 | 0.0039 1.0000 | 0.0042 1.0000 | Time: 205.5461 | VAL: 0.5830 0.8696 | 0.5334 0.9663 | 0.3652 0.9799 | Time: 21.2244 | TEST: 0.6085 0.8581 | 0.6381 0.9426 | 0.4027 0.9833 | Time: 17.3662
Epoch: 0062 | TRAIN: 0.0057 1.0000 | 0.0039 1.0000 | 0.0044 1.0000 | Time: 141.6997 | VAL: 0.5883 0.8732 | 0.5434 0.9663 | 0.3652 0.9732 | Time: 12.9840 | TEST: 0.6106 0.8547 | 0.6488 0.9426 | 0.4024 0.9889 | Time: 14.2545
Epoch: 0063 | TRAIN: 0.0058 1.0000 | 0.0038 1.0000 | 0.0044 1.0000 | Time: 157.8966 | VAL: 0.5908 0.8714 | 0.5475 0.9775 | 0.3550 0.9732 | Time: 11.1697 | TEST: 0.6058 0.8598 | 0.6539 0.9508 | 0.3994 0.9833 | Time: 17.8024
Epoch: 0064 | TRAIN: 0.0056 1.0000 | 0.0037 1.0000 | 0.0040 1.0000 | Time: 184.5845 | VAL: 0.5767 0.8750 | 0.5404 0.9663 | 0.3524 0.9799 | Time: 26.9105 | TEST: 0.6042 0.8632 | 0.6535 0.9344 | 0.4054 0.9833 | Time: 28.2131
Epoch: 0065 | TRAIN: 0.0055 1.0000 | 0.0038 1.0000 | 0.0041 1.0000 | Time: 149.9853 | VAL: 0.5861 0.8714 | 0.5353 0.9663 | 0.3379 0.9799 | Time: 13.0405 | TEST: 0.6024 0.8581 | 0.6430 0.9426 | 0.3917 0.9778 | Time: 12.9819
Epoch: 0066 | TRAIN: 0.0056 1.0000 | 0.0037 1.0000 | 0.0040 1.0000 | Time: 150.5292 | VAL: 0.5775 0.8696 | 0.5346 0.9775 | 0.3575 0.9799 | Time: 22.5934 | TEST: 0.6001 0.8564 | 0.6404 0.9426 | 0.4061 0.9778 | Time: 14.6952
Epoch: 0067 | TRAIN: 0.0054 1.0000 | 0.0035 1.0000 | 0.0041 1.0000 | Time: 164.2389 | VAL: 0.5804 0.8732 | 0.5498 0.9663 | 0.3451 0.9799 | Time: 17.1834 | TEST: 0.6025 0.8598 | 0.6435 0.9426 | 0.3962 0.9833 | Time: 32.4222
Epoch: 0068 | TRAIN: 0.0054 1.0000 | 0.0036 1.0000 | 0.0041 1.0000 | Time: 210.3702 | VAL: 0.5727 0.8714 | 0.5398 0.9775 | 0.3518 0.9799 | Time: 11.1635 | TEST: 0.5967 0.8632 | 0.6380 0.9426 | 0.4041 0.9889 | Time: 11.9339
Epoch: 0069 | TRAIN: 0.0057 1.0000 | 0.0035 1.0000 | 0.0038 1.0000 | Time: 135.3568 | VAL: 0.5683 0.8714 | 0.5495 0.9663 | 0.3511 0.9799 | Time: 18.9596 | TEST: 0.5953 0.8615 | 0.6519 0.9426 | 0.4025 0.9778 | Time: 16.6277
Epoch: 0070 | TRAIN: 0.0051 1.0000 | 0.0035 1.0000 | 0.0038 1.0000 | Time: 170.9780 | VAL: 0.5809 0.8714 | 0.5426 0.9663 | 0.3418 0.9799 | Time: 11.1564 | TEST: 0.6034 0.8615 | 0.6425 0.9426 | 0.3950 0.9778 | Time: 13.2236
Epoch: 0071 | TRAIN: 0.0052 1.0000 | 0.0035 1.0000 | 0.0036 1.0000 | Time: 199.5316 | VAL: 0.5834 0.8714 | 0.5442 0.9663 | 0.3411 0.9799 | Time: 9.0352 | TEST: 0.6022 0.8581 | 0.6465 0.9426 | 0.3992 0.9833 | Time: 12.2082
Epoch: 0072 | TRAIN: 0.0052 1.0000 | 0.0035 1.0000 | 0.0040 1.0000 | Time: 163.9096 | VAL: 0.5884 0.8750 | 0.5379 0.9775 | 0.3476 0.9799 | Time: 11.5277 | TEST: 0.6111 0.8564 | 0.6498 0.9426 | 0.4007 0.9778 | Time: 13.6630
Epoch: 0073 | TRAIN: 0.0050 1.0000 | 0.0034 1.0000 | 0.0038 1.0000 | Time: 138.6109 | VAL: 0.5786 0.8678 | 0.5494 0.9663 | 0.3456 0.9799 | Time: 10.7884 | TEST: 0.5983 0.8564 | 0.6431 0.9426 | 0.3991 0.9833 | Time: 21.5773
Epoch: 0074 | TRAIN: 0.0054 1.0000 | 0.0034 1.0000 | 0.0037 1.0000 | Time: 190.6351 | VAL: 0.5777 0.8696 | 0.5460 0.9775 | 0.3451 0.9799 | Time: 13.5035 | TEST: 0.6017 0.8581 | 0.6536 0.9426 | 0.3921 0.9778 | Time: 13.8231
Epoch: 0075 | TRAIN: 0.0055 1.0000 | 0.0034 1.0000 | 0.0034 1.0000 | Time: 174.2031 | VAL: 0.5866 0.8678 | 0.5402 0.9551 | 0.3398 0.9799 | Time: 28.7112 | TEST: 0.6079 0.8530 | 0.6325 0.9426 | 0.3834 0.9833 | Time: 11.6267
Epoch: 0076 | TRAIN: 0.0051 1.0000 | 0.0033 1.0000 | 0.0034 1.0000 | Time: 142.1674 | VAL: 0.5672 0.8714 | 0.5361 0.9663 | 0.3431 0.9799 | Time: 14.6854 | TEST: 0.5920 0.8615 | 0.6358 0.9426 | 0.3867 0.9778 | Time: 24.3128
Epoch: 0077 | TRAIN: 0.0048 1.0000 | 0.0033 1.0000 | 0.0034 1.0000 | Time: 160.0362 | VAL: 0.5739 0.8696 | 0.5431 0.9663 | 0.3590 0.9732 | Time: 17.9276 | TEST: 0.6019 0.8581 | 0.6340 0.9426 | 0.3980 0.9722 | Time: 24.4747
Epoch: 0078 | TRAIN: 0.0047 1.0000 | 0.0032 1.0000 | 0.0035 1.0000 | Time: 165.6045 | VAL: 0.5589 0.8786 | 0.5498 0.9775 | 0.3451 0.9799 | Time: 8.7210 | TEST: 0.5863 0.8564 | 0.6407 0.9426 | 0.3899 0.9833 | Time: 10.3147
Epoch: 0079 | TRAIN: 0.0047 1.0000 | 0.0032 1.0000 | 0.0037 1.0000 | Time: 154.7183 | VAL: 0.5781 0.8641 | 0.5458 0.9775 | 0.3442 0.9799 | Time: 15.9375 | TEST: 0.5923 0.8581 | 0.6315 0.9426 | 0.3834 0.9778 | Time: 17.7138
Epoch: 0080 | TRAIN: 0.0047 1.0000 | 0.0034 1.0000 | 0.0034 1.0000 | Time: 137.8816 | VAL: 0.5691 0.8659 | 0.5452 0.9663 | 0.3442 0.9799 | Time: 31.7123 | TEST: 0.5895 0.8632 | 0.6331 0.9508 | 0.3905 0.9778 | Time: 32.3251
Epoch: 0081 | TRAIN: 0.0047 1.0000 | 0.0032 1.0000 | 0.0037 1.0000 | Time: 155.6546 | VAL: 0.5732 0.8750 | 0.5611 0.9551 | 0.3481 0.9732 | Time: 13.9025 | TEST: 0.6021 0.8564 | 0.6555 0.9508 | 0.3876 0.9833 | Time: 15.2564
Epoch: 0082 | TRAIN: 0.0047 1.0000 | 0.0034 1.0000 | 0.0036 1.0000 | Time: 183.9496 | VAL: 0.5705 0.8678 | 0.5378 0.9775 | 0.3179 0.9799 | Time: 24.2544 | TEST: 0.6014 0.8564 | 0.6341 0.9508 | 0.3784 0.9833 | Time: 12.0665
Epoch: 0083 | TRAIN: 0.0053 1.0000 | 0.0032 1.0000 | 0.0036 1.0000 | Time: 154.0389 | VAL: 0.5776 0.8641 | 0.5386 0.9775 | 0.3276 0.9799 | Time: 13.3853 | TEST: 0.6078 0.8598 | 0.6297 0.9508 | 0.3811 0.9833 | Time: 14.7505
Epoch: 0084 | TRAIN: 0.0050 1.0000 | 0.0034 1.0000 | 0.0037 1.0000 | Time: 184.1992 | VAL: 0.5795 0.8714 | 0.5397 0.9775 | 0.3254 0.9799 | Time: 15.5948 | TEST: 0.6089 0.8581 | 0.6290 0.9426 | 0.3824 0.9778 | Time: 16.8108
Epoch: 0085 | TRAIN: 0.0049 1.0000 | 0.0032 1.0000 | 0.0035 1.0000 | Time: 155.4861 | VAL: 0.5670 0.8750 | 0.5267 0.9775 | 0.3281 0.9799 | Time: 14.6237 | TEST: 0.5951 0.8598 | 0.6239 0.9508 | 0.3735 0.9833 | Time: 16.7720
Epoch: 0086 | TRAIN: 0.0045 1.0000 | 0.0032 1.0000 | 0.0034 1.0000 | Time: 154.0672 | VAL: 0.5618 0.8714 | 0.5339 0.9775 | 0.3375 0.9799 | Time: 12.4449 | TEST: 0.6009 0.8530 | 0.6176 0.9508 | 0.3874 0.9778 | Time: 12.3738
Epoch: 0087 | TRAIN: 0.0045 1.0000 | 0.0031 1.0000 | 0.0033 1.0000 | Time: 194.9796 | VAL: 0.5518 0.8750 | 0.5218 0.9551 | 0.3263 0.9799 | Time: 14.5254 | TEST: 0.5785 0.8684 | 0.6223 0.9590 | 0.3758 0.9833 | Time: 25.9181
Epoch: 0088 | TRAIN: 0.0045 1.0000 | 0.0032 1.0000 | 0.0034 1.0000 | Time: 147.3242 | VAL: 0.5691 0.8768 | 0.5249 0.9775 | 0.3308 0.9799 | Time: 14.6191 | TEST: 0.5892 0.8615 | 0.6128 0.9590 | 0.3726 0.9778 | Time: 15.5608
Epoch: 0089 | TRAIN: 0.0048 1.0000 | 0.0030 1.0000 | 0.0035 1.0000 | Time: 167.5114 | VAL: 0.5559 0.8714 | 0.5250 0.9775 | 0.3263 0.9799 | Time: 18.6746 | TEST: 0.6027 0.8564 | 0.6336 0.9590 | 0.3731 0.9778 | Time: 21.0925
Epoch: 0090 | TRAIN: 0.0047 1.0000 | 0.0034 1.0000 | 0.0032 1.0000 | Time: 169.9039 | VAL: 0.5477 0.8768 | 0.5163 0.9663 | 0.3291 0.9799 | Time: 15.3503 | TEST: 0.5734 0.8667 | 0.6165 0.9508 | 0.3718 0.9778 | Time: 26.1465
Epoch: 0091 | TRAIN: 0.0045 1.0000 | 0.0031 1.0000 | 0.0035 1.0000 | Time: 161.1326 | VAL: 0.5492 0.8732 | 0.4950 0.9775 | 0.3181 0.9799 | Time: 14.6463 | TEST: 0.5775 0.8650 | 0.6001 0.9508 | 0.3617 0.9778 | Time: 19.3961
Epoch: 0092 | TRAIN: 0.0046 1.0000 | 0.0031 1.0000 | 0.0033 1.0000 | Time: 164.3872 | VAL: 0.5661 0.8732 | 0.5045 0.9775 | 0.3231 0.9799 | Time: 9.8983 | TEST: 0.5887 0.8547 | 0.6114 0.9590 | 0.3690 0.9722 | Time: 12.7094
Epoch: 0093 | TRAIN: 0.0047 1.0000 | 0.0033 1.0000 | 0.0036 1.0000 | Time: 176.3023 | VAL: 0.5688 0.8714 | 0.5054 0.9775 | 0.3406 0.9799 | Time: 18.9531 | TEST: 0.5852 0.8479 | 0.6011 0.9426 | 0.3764 0.9833 | Time: 29.0721
Epoch: 0094 | TRAIN: 0.0046 1.0000 | 0.0032 1.0000 | 0.0033 1.0000 | Time: 121.8755 | VAL: 0.5491 0.8696 | 0.5028 0.9775 | 0.3290 0.9732 | Time: 24.1973 | TEST: 0.5780 0.8650 | 0.5877 0.9590 | 0.3567 0.9778 | Time: 11.1971
Epoch: 0095 | TRAIN: 0.0044 1.0000 | 0.0032 1.0000 | 0.0032 1.0000 | Time: 160.5801 | VAL: 0.5477 0.8732 | 0.4960 0.9775 | 0.3271 0.9732 | Time: 23.8283 | TEST: 0.5916 0.8547 | 0.5683 0.9672 | 0.3711 0.9833 | Time: 12.4319
Epoch: 0096 | TRAIN: 0.0045 1.0000 | 0.0031 1.0000 | 0.0034 1.0000 | Time: 197.2519 | VAL: 0.5681 0.8768 | 0.4888 0.9775 | 0.3068 0.9799 | Time: 22.7654 | TEST: 0.5884 0.8581 | 0.5781 0.9590 | 0.3567 0.9833 | Time: 21.1374
Epoch: 0097 | TRAIN: 0.0045 1.0000 | 0.0033 1.0000 | 0.0033 1.0000 | Time: 140.9702 | VAL: 0.5576 0.8696 | 0.4908 0.9775 | 0.3158 0.9799 | Time: 30.2083 | TEST: 0.5701 0.8684 | 0.6043 0.9426 | 0.3681 0.9833 | Time: 20.4983
Epoch: 0098 | TRAIN: 0.0041 1.0000 | 0.0030 1.0000 | 0.0032 1.0000 | Time: 144.5667 | VAL: 0.5514 0.8696 | 0.4847 0.9775 | 0.3129 0.9732 | Time: 13.7605 | TEST: 0.5856 0.8632 | 0.5957 0.9508 | 0.3539 0.9833 | Time: 15.6600
Epoch: 0099 | TRAIN: 0.0042 1.0000 | 0.0030 1.0000 | 0.0031 1.0000 | Time: 163.4782 | VAL: 0.5710 0.8714 | 0.4464 0.9775 | 0.3083 0.9799 | Time: 13.3067 | TEST: 0.5785 0.8581 | 0.5564 0.9426 | 0.3625 0.9833 | Time: 33.2194
========================================
Best Result: Epoch 78, result {'amazon': [0.8564102564102564], 'dslr': [0.9426229508196722], 'webcam': [0.9833333333333333]}
========================================
