========================================
General Configuration:
	Wighting: MGDA
	Architecture: HPS
	Rep_Grad: False
	Multi_Input: True
	Seed: 0
	Device: cuda:0
MGDA Configuration:
	weighting: MGDA
	mgda_gn: none
Optimizer Configuration:
	optim: adam
	lr: 0.001
	weight_decay: 1e-05
========================================
Total Params: 11487901
Trainable Params: 11487901
Non-trainable Params: 0
========================================
LOG FORMAT | amazon_LOSS Acc | dslr_LOSS Acc | webcam_LOSS Acc | TIME
Epoch: 0000 | TRAIN: 2.1089 0.4958 | 0.7775 0.8708 | 1.0466 0.8161 | Time: 39.9401 | VAL: 1.7936 0.6341 | 0.1860 0.9775 | 0.4016 0.9463 | Time: 2.4332 | TEST: 1.7712 0.6462 | 0.2362 0.9590 | 0.3879 0.9556 | Time: 2.8622
Epoch: 0001 | TRAIN: 1.2232 0.7037 | 0.0260 1.0000 | 0.0969 0.9994 | Time: 39.5233 | VAL: 1.4465 0.6902 | 0.0385 1.0000 | 0.1407 0.9799 | Time: 2.4308 | TEST: 1.4052 0.7060 | 0.0852 0.9836 | 0.1404 0.9722 | Time: 2.9010
Epoch: 0002 | TRAIN: 0.9787 0.7554 | 0.0087 1.0000 | 0.0307 1.0000 | Time: 39.7568 | VAL: 1.3078 0.7065 | 0.0237 1.0000 | 0.1036 0.9866 | Time: 2.4208 | TEST: 1.2610 0.7316 | 0.0725 0.9836 | 0.0998 0.9889 | Time: 2.8985
Epoch: 0003 | TRAIN: 0.8627 0.7800 | 0.0053 1.0000 | 0.0173 1.0000 | Time: 39.9711 | VAL: 1.2362 0.7011 | 0.0205 1.0000 | 0.0927 0.9866 | Time: 2.4494 | TEST: 1.1744 0.7436 | 0.0696 0.9918 | 0.0909 0.9778 | Time: 2.8939
Epoch: 0004 | TRAIN: 0.8131 0.7788 | 0.0041 1.0000 | 0.0116 1.0000 | Time: 40.0296 | VAL: 1.1738 0.7192 | 0.0226 1.0000 | 0.0959 0.9866 | Time: 2.4172 | TEST: 1.1130 0.7521 | 0.0622 0.9836 | 0.0856 0.9778 | Time: 2.8665
Epoch: 0005 | TRAIN: 0.7546 0.7921 | 0.0035 1.0000 | 0.0090 1.0000 | Time: 40.0196 | VAL: 1.1321 0.7174 | 0.0170 1.0000 | 0.0813 0.9866 | Time: 2.4483 | TEST: 1.0717 0.7436 | 0.0560 0.9918 | 0.0777 0.9833 | Time: 2.8860
Epoch: 0006 | TRAIN: 0.7334 0.7819 | 0.0027 1.0000 | 0.0067 1.0000 | Time: 40.0353 | VAL: 1.1077 0.7120 | 0.0163 1.0000 | 0.0752 0.9866 | Time: 2.4486 | TEST: 1.0513 0.7573 | 0.0630 0.9836 | 0.0751 0.9889 | Time: 2.8758
Epoch: 0007 | TRAIN: 0.7211 0.7861 | 0.0025 1.0000 | 0.0052 1.0000 | Time: 39.9542 | VAL: 1.0920 0.7264 | 0.0132 1.0000 | 0.0742 0.9866 | Time: 2.4411 | TEST: 1.0315 0.7624 | 0.0546 0.9836 | 0.0712 0.9833 | Time: 2.8595
Epoch: 0008 | TRAIN: 0.6649 0.8035 | 0.0021 1.0000 | 0.0045 1.0000 | Time: 39.9568 | VAL: 1.0857 0.7192 | 0.0099 1.0000 | 0.0745 0.9866 | Time: 2.4481 | TEST: 1.0254 0.7470 | 0.0523 0.9918 | 0.0725 0.9778 | Time: 2.9042
Epoch: 0009 | TRAIN: 0.6616 0.8101 | 0.0018 1.0000 | 0.0038 1.0000 | Time: 39.7495 | VAL: 1.0684 0.7174 | 0.0139 1.0000 | 0.0673 0.9866 | Time: 2.4278 | TEST: 1.0118 0.7504 | 0.0515 0.9918 | 0.0712 0.9889 | Time: 2.8795
Epoch: 0010 | TRAIN: 0.6306 0.8179 | 0.0016 1.0000 | 0.0033 1.0000 | Time: 40.0033 | VAL: 1.0484 0.7156 | 0.0118 1.0000 | 0.0673 0.9866 | Time: 2.4624 | TEST: 0.9868 0.7573 | 0.0487 0.9836 | 0.0723 0.9833 | Time: 2.9197
Epoch: 0011 | TRAIN: 0.6192 0.8131 | 0.0014 1.0000 | 0.0027 1.0000 | Time: 39.9328 | VAL: 1.0548 0.7210 | 0.0082 1.0000 | 0.0678 0.9866 | Time: 2.4241 | TEST: 0.9890 0.7487 | 0.0523 0.9836 | 0.0647 0.9889 | Time: 2.8747
Epoch: 0012 | TRAIN: 0.5924 0.8203 | 0.0013 1.0000 | 0.0023 1.0000 | Time: 39.8742 | VAL: 1.0404 0.7264 | 0.0104 1.0000 | 0.0730 0.9866 | Time: 2.4161 | TEST: 0.9738 0.7641 | 0.0526 0.9754 | 0.0676 0.9833 | Time: 2.8439
Epoch: 0013 | TRAIN: 0.5904 0.8305 | 0.0012 1.0000 | 0.0019 1.0000 | Time: 40.0310 | VAL: 1.0371 0.7409 | 0.0096 1.0000 | 0.0695 0.9866 | Time: 2.4205 | TEST: 0.9770 0.7573 | 0.0499 0.9918 | 0.0715 0.9833 | Time: 2.8637
Epoch: 0014 | TRAIN: 0.5818 0.8209 | 0.0011 1.0000 | 0.0018 1.0000 | Time: 40.0414 | VAL: 1.0270 0.7301 | 0.0075 1.0000 | 0.0686 0.9866 | Time: 2.4416 | TEST: 0.9509 0.7675 | 0.0486 0.9918 | 0.0666 0.9833 | Time: 2.9021
Epoch: 0015 | TRAIN: 0.5841 0.8221 | 0.0009 1.0000 | 0.0016 1.0000 | Time: 40.0752 | VAL: 1.0288 0.7283 | 0.0068 1.0000 | 0.0628 0.9866 | Time: 2.4641 | TEST: 0.9570 0.7538 | 0.0422 0.9918 | 0.0681 0.9833 | Time: 2.9024
Epoch: 0016 | TRAIN: 0.5702 0.8239 | 0.0009 1.0000 | 0.0016 1.0000 | Time: 40.0893 | VAL: 1.0396 0.7264 | 0.0087 1.0000 | 0.0726 0.9866 | Time: 2.4472 | TEST: 0.9653 0.7538 | 0.0433 0.9836 | 0.0693 0.9833 | Time: 2.9141
Epoch: 0017 | TRAIN: 0.5296 0.8413 | 0.0008 1.0000 | 0.0012 1.0000 | Time: 40.0320 | VAL: 1.0245 0.7355 | 0.0072 1.0000 | 0.0673 0.9866 | Time: 2.4315 | TEST: 0.9578 0.7590 | 0.0424 0.9918 | 0.0711 0.9833 | Time: 2.9236
Epoch: 0018 | TRAIN: 0.5384 0.8407 | 0.0008 1.0000 | 0.0012 1.0000 | Time: 40.1106 | VAL: 1.0259 0.7246 | 0.0069 1.0000 | 0.0660 0.9866 | Time: 2.4175 | TEST: 0.9501 0.7453 | 0.0458 0.9918 | 0.0729 0.9833 | Time: 2.8828
Epoch: 0019 | TRAIN: 0.5300 0.8401 | 0.0007 1.0000 | 0.0011 1.0000 | Time: 39.9598 | VAL: 1.0063 0.7228 | 0.0079 1.0000 | 0.0659 0.9866 | Time: 2.4090 | TEST: 0.9322 0.7556 | 0.0432 0.9918 | 0.0692 0.9889 | Time: 2.8687
Epoch: 0020 | TRAIN: 0.5133 0.8341 | 0.0007 1.0000 | 0.0010 1.0000 | Time: 40.0481 | VAL: 1.0150 0.7210 | 0.0062 1.0000 | 0.0618 0.9866 | Time: 2.4555 | TEST: 0.9344 0.7624 | 0.0461 0.9836 | 0.0676 0.9833 | Time: 2.9164
Epoch: 0021 | TRAIN: 0.5201 0.8311 | 0.0006 1.0000 | 0.0010 1.0000 | Time: 39.8626 | VAL: 1.0181 0.7156 | 0.0071 1.0000 | 0.0673 0.9866 | Time: 2.4224 | TEST: 0.9464 0.7556 | 0.0423 0.9918 | 0.0710 0.9833 | Time: 2.8750
Epoch: 0022 | TRAIN: 0.4978 0.8492 | 0.0006 1.0000 | 0.0008 1.0000 | Time: 39.8642 | VAL: 1.0141 0.7192 | 0.0061 1.0000 | 0.0637 0.9866 | Time: 2.4128 | TEST: 0.9288 0.7624 | 0.0370 0.9918 | 0.0723 0.9833 | Time: 2.8799
Epoch: 0023 | TRAIN: 0.4779 0.8540 | 0.0006 1.0000 | 0.0008 1.0000 | Time: 40.0637 | VAL: 1.0221 0.7174 | 0.0055 1.0000 | 0.0620 0.9866 | Time: 2.4467 | TEST: 0.9353 0.7607 | 0.0419 0.9918 | 0.0713 0.9778 | Time: 2.9175
Epoch: 0024 | TRAIN: 0.4927 0.8504 | 0.0005 1.0000 | 0.0008 1.0000 | Time: 40.0294 | VAL: 1.0068 0.7210 | 0.0058 1.0000 | 0.0612 0.9866 | Time: 2.5046 | TEST: 0.9250 0.7607 | 0.0448 0.9836 | 0.0702 0.9889 | Time: 2.8916
Epoch: 0025 | TRAIN: 0.4631 0.8546 | 0.0005 1.0000 | 0.0007 1.0000 | Time: 39.9852 | VAL: 1.0337 0.7228 | 0.0060 1.0000 | 0.0604 0.9866 | Time: 2.4294 | TEST: 0.9519 0.7556 | 0.0474 0.9918 | 0.0701 0.9889 | Time: 2.8849
Epoch: 0026 | TRAIN: 0.4757 0.8510 | 0.0005 1.0000 | 0.0007 1.0000 | Time: 40.0143 | VAL: 1.0307 0.7120 | 0.0066 1.0000 | 0.0638 0.9866 | Time: 2.4509 | TEST: 0.9391 0.7556 | 0.0468 0.9836 | 0.0736 0.9833 | Time: 2.8878
Epoch: 0027 | TRAIN: 0.4835 0.8444 | 0.0005 1.0000 | 0.0006 1.0000 | Time: 39.9094 | VAL: 1.0504 0.7047 | 0.0052 1.0000 | 0.0639 0.9866 | Time: 2.4142 | TEST: 0.9605 0.7504 | 0.0455 0.9836 | 0.0781 0.9778 | Time: 2.8532
Epoch: 0028 | TRAIN: 0.4590 0.8552 | 0.0005 1.0000 | 0.0006 1.0000 | Time: 40.0081 | VAL: 1.0216 0.7192 | 0.0055 1.0000 | 0.0702 0.9866 | Time: 2.4389 | TEST: 0.9264 0.7590 | 0.0371 0.9836 | 0.0715 0.9889 | Time: 2.9006
Epoch: 0029 | TRAIN: 0.4620 0.8582 | 0.0004 1.0000 | 0.0006 1.0000 | Time: 39.9089 | VAL: 1.0450 0.7029 | 0.0044 1.0000 | 0.0649 0.9866 | Time: 2.4798 | TEST: 0.9525 0.7556 | 0.0475 0.9754 | 0.0759 0.9778 | Time: 2.8514
Epoch: 0030 | TRAIN: 0.4539 0.8576 | 0.0004 1.0000 | 0.0005 1.0000 | Time: 39.8554 | VAL: 1.0354 0.7101 | 0.0044 1.0000 | 0.0659 0.9866 | Time: 2.4161 | TEST: 0.9372 0.7556 | 0.0437 0.9836 | 0.0685 0.9833 | Time: 2.8641
Epoch: 0031 | TRAIN: 0.4822 0.8486 | 0.0004 1.0000 | 0.0005 1.0000 | Time: 39.8661 | VAL: 1.0311 0.7156 | 0.0052 1.0000 | 0.0674 0.9866 | Time: 2.4046 | TEST: 0.9461 0.7538 | 0.0467 0.9754 | 0.0713 0.9833 | Time: 2.8497
Epoch: 0032 | TRAIN: 0.4507 0.8606 | 0.0004 1.0000 | 0.0005 1.0000 | Time: 39.7810 | VAL: 1.0286 0.7192 | 0.0059 1.0000 | 0.0762 0.9866 | Time: 2.3996 | TEST: 0.9388 0.7607 | 0.0508 0.9754 | 0.0733 0.9833 | Time: 2.8559
Epoch: 0033 | TRAIN: 0.4511 0.8558 | 0.0003 1.0000 | 0.0004 1.0000 | Time: 39.6485 | VAL: 1.0279 0.7156 | 0.0049 1.0000 | 0.0699 0.9866 | Time: 2.4265 | TEST: 0.9438 0.7556 | 0.0422 0.9836 | 0.0715 0.9833 | Time: 2.8452
Epoch: 0034 | TRAIN: 0.4473 0.8576 | 0.0003 1.0000 | 0.0004 1.0000 | Time: 39.7858 | VAL: 1.0276 0.7138 | 0.0042 1.0000 | 0.0729 0.9866 | Time: 2.4120 | TEST: 0.9455 0.7556 | 0.0411 0.9754 | 0.0687 0.9833 | Time: 2.8818
Epoch: 0035 | TRAIN: 0.4215 0.8702 | 0.0003 1.0000 | 0.0004 1.0000 | Time: 39.9554 | VAL: 1.0494 0.7156 | 0.0044 1.0000 | 0.0678 0.9866 | Time: 2.4545 | TEST: 0.9521 0.7470 | 0.0435 0.9836 | 0.0674 0.9778 | Time: 2.9022
Epoch: 0036 | TRAIN: 0.4237 0.8630 | 0.0003 1.0000 | 0.0004 1.0000 | Time: 39.8494 | VAL: 1.0454 0.7083 | 0.0053 1.0000 | 0.0749 0.9866 | Time: 2.4179 | TEST: 0.9349 0.7590 | 0.0517 0.9754 | 0.0751 0.9889 | Time: 2.8709
Epoch: 0037 | TRAIN: 0.4128 0.8744 | 0.0003 1.0000 | 0.0004 1.0000 | Time: 40.0138 | VAL: 1.0429 0.7174 | 0.0055 1.0000 | 0.0687 0.9866 | Time: 2.4177 | TEST: 0.9481 0.7521 | 0.0450 0.9836 | 0.0774 0.9833 | Time: 2.8774
Epoch: 0038 | TRAIN: 0.4013 0.8780 | 0.0003 1.0000 | 0.0004 1.0000 | Time: 39.8373 | VAL: 1.0245 0.7228 | 0.0052 1.0000 | 0.0706 0.9866 | Time: 2.4185 | TEST: 0.9383 0.7556 | 0.0388 0.9918 | 0.0740 0.9778 | Time: 2.8784
Epoch: 0039 | TRAIN: 0.4325 0.8600 | 0.0003 1.0000 | 0.0003 1.0000 | Time: 39.8315 | VAL: 1.0297 0.7156 | 0.0044 1.0000 | 0.0717 0.9866 | Time: 2.4577 | TEST: 0.9408 0.7573 | 0.0372 0.9836 | 0.0728 0.9833 | Time: 2.9129
Epoch: 0040 | TRAIN: 0.4329 0.8690 | 0.0003 1.0000 | 0.0003 1.0000 | Time: 39.9403 | VAL: 1.0330 0.7192 | 0.0041 1.0000 | 0.0648 0.9866 | Time: 2.4387 | TEST: 0.9385 0.7556 | 0.0412 0.9836 | 0.0722 0.9833 | Time: 2.8853
Epoch: 0041 | TRAIN: 0.4249 0.8708 | 0.0003 1.0000 | 0.0003 1.0000 | Time: 39.9224 | VAL: 1.0202 0.7192 | 0.0051 1.0000 | 0.0694 0.9866 | Time: 2.4147 | TEST: 0.9279 0.7590 | 0.0419 0.9754 | 0.0769 0.9778 | Time: 2.8587
Epoch: 0042 | TRAIN: 0.4195 0.8684 | 0.0003 1.0000 | 0.0003 1.0000 | Time: 39.9613 | VAL: 1.0389 0.7192 | 0.0057 1.0000 | 0.0669 0.9866 | Time: 2.4156 | TEST: 0.9399 0.7573 | 0.0450 0.9836 | 0.0780 0.9833 | Time: 2.8699
Epoch: 0043 | TRAIN: 0.4218 0.8720 | 0.0002 1.0000 | 0.0003 1.0000 | Time: 40.0304 | VAL: 1.0425 0.7174 | 0.0050 1.0000 | 0.0636 0.9866 | Time: 2.5035 | TEST: 0.9431 0.7538 | 0.0449 0.9836 | 0.0727 0.9833 | Time: 2.9162
Epoch: 0044 | TRAIN: 0.4112 0.8732 | 0.0002 1.0000 | 0.0003 1.0000 | Time: 40.0287 | VAL: 1.0398 0.7246 | 0.0058 1.0000 | 0.0690 0.9866 | Time: 2.4321 | TEST: 0.9374 0.7556 | 0.0362 0.9836 | 0.0724 0.9889 | Time: 2.8844
Epoch: 0045 | TRAIN: 0.4049 0.8714 | 0.0002 1.0000 | 0.0003 1.0000 | Time: 40.1440 | VAL: 1.0253 0.7319 | 0.0057 1.0000 | 0.0708 0.9866 | Time: 2.4191 | TEST: 0.9089 0.7726 | 0.0442 0.9754 | 0.0732 0.9833 | Time: 2.8625
Epoch: 0046 | TRAIN: 0.4093 0.8714 | 0.0002 1.0000 | 0.0003 1.0000 | Time: 39.8746 | VAL: 1.0463 0.7264 | 0.0048 1.0000 | 0.0648 0.9866 | Time: 2.4289 | TEST: 0.9394 0.7641 | 0.0489 0.9836 | 0.0708 0.9778 | Time: 2.8647
Epoch: 0047 | TRAIN: 0.3842 0.8810 | 0.0002 1.0000 | 0.0003 1.0000 | Time: 39.8489 | VAL: 1.0662 0.7174 | 0.0042 1.0000 | 0.0666 0.9866 | Time: 2.4201 | TEST: 0.9610 0.7470 | 0.0448 0.9754 | 0.0715 0.9833 | Time: 2.8658
Epoch: 0048 | TRAIN: 0.4229 0.8702 | 0.0002 1.0000 | 0.0003 1.0000 | Time: 39.7852 | VAL: 1.0512 0.7174 | 0.0035 1.0000 | 0.0679 0.9866 | Time: 2.3996 | TEST: 0.9414 0.7470 | 0.0425 0.9754 | 0.0731 0.9833 | Time: 2.8429
Epoch: 0049 | TRAIN: 0.4001 0.8762 | 0.0002 1.0000 | 0.0002 1.0000 | Time: 39.8095 | VAL: 1.0482 0.7156 | 0.0037 1.0000 | 0.0720 0.9866 | Time: 2.4222 | TEST: 0.9455 0.7573 | 0.0460 0.9754 | 0.0722 0.9778 | Time: 2.8579
Epoch: 0050 | TRAIN: 0.4010 0.8810 | 0.0002 1.0000 | 0.0003 1.0000 | Time: 39.7330 | VAL: 1.0317 0.7174 | 0.0037 1.0000 | 0.0744 0.9866 | Time: 2.4127 | TEST: 0.9318 0.7607 | 0.0381 0.9754 | 0.0756 0.9778 | Time: 2.8465
Epoch: 0051 | TRAIN: 0.4095 0.8744 | 0.0002 1.0000 | 0.0002 1.0000 | Time: 39.7295 | VAL: 1.0534 0.7192 | 0.0037 1.0000 | 0.0668 0.9866 | Time: 2.4143 | TEST: 0.9479 0.7607 | 0.0448 0.9836 | 0.0735 0.9778 | Time: 2.8449
Epoch: 0052 | TRAIN: 0.3840 0.8732 | 0.0002 1.0000 | 0.0002 1.0000 | Time: 39.9602 | VAL: 1.0505 0.7138 | 0.0042 1.0000 | 0.0697 0.9866 | Time: 2.4192 | TEST: 0.9428 0.7521 | 0.0386 0.9918 | 0.0762 0.9778 | Time: 2.8563
Epoch: 0053 | TRAIN: 0.4117 0.8648 | 0.0002 1.0000 | 0.0002 1.0000 | Time: 39.9576 | VAL: 1.0528 0.7101 | 0.0036 1.0000 | 0.0686 0.9866 | Time: 2.4091 | TEST: 0.9484 0.7504 | 0.0434 0.9918 | 0.0785 0.9778 | Time: 2.8753
Epoch: 0054 | TRAIN: 0.3987 0.8690 | 0.0002 1.0000 | 0.0002 1.0000 | Time: 39.9413 | VAL: 1.0479 0.7192 | 0.0041 1.0000 | 0.0628 0.9866 | Time: 2.4121 | TEST: 0.9489 0.7590 | 0.0439 0.9836 | 0.0752 0.9778 | Time: 2.8712
Epoch: 0055 | TRAIN: 0.3859 0.8744 | 0.0002 1.0000 | 0.0002 1.0000 | Time: 39.8136 | VAL: 1.0567 0.7120 | 0.0044 1.0000 | 0.0657 0.9866 | Time: 2.4520 | TEST: 0.9447 0.7607 | 0.0434 0.9836 | 0.0777 0.9778 | Time: 2.8443
Epoch: 0056 | TRAIN: 0.4147 0.8636 | 0.0002 1.0000 | 0.0002 1.0000 | Time: 39.8172 | VAL: 1.0661 0.7210 | 0.0049 1.0000 | 0.0593 0.9866 | Time: 2.4488 | TEST: 0.9465 0.7538 | 0.0413 0.9836 | 0.0721 0.9889 | Time: 2.8956
Epoch: 0057 | TRAIN: 0.3856 0.8762 | 0.0002 1.0000 | 0.0003 1.0000 | Time: 39.9861 | VAL: 1.0928 0.7029 | 0.0050 1.0000 | 0.0639 0.9866 | Time: 2.4863 | TEST: 0.9894 0.7504 | 0.0424 0.9754 | 0.0728 0.9889 | Time: 2.9027
Epoch: 0058 | TRAIN: 0.4024 0.8696 | 0.0002 1.0000 | 0.0002 1.0000 | Time: 40.1645 | VAL: 1.0721 0.7174 | 0.0070 1.0000 | 0.0664 0.9866 | Time: 2.4148 | TEST: 0.9509 0.7538 | 0.0425 0.9754 | 0.0779 0.9889 | Time: 2.8676
Epoch: 0059 | TRAIN: 0.4247 0.8678 | 0.0001 1.0000 | 0.0002 1.0000 | Time: 39.8022 | VAL: 1.0801 0.6993 | 0.0050 1.0000 | 0.0613 0.9866 | Time: 2.4198 | TEST: 0.9737 0.7436 | 0.0454 0.9836 | 0.0774 0.9778 | Time: 2.8611
Epoch: 0060 | TRAIN: 0.3931 0.8708 | 0.0002 1.0000 | 0.0002 1.0000 | Time: 39.5914 | VAL: 1.0697 0.7138 | 0.0065 1.0000 | 0.0692 0.9866 | Time: 2.4113 | TEST: 0.9722 0.7453 | 0.0428 0.9754 | 0.0733 0.9889 | Time: 2.8625
Epoch: 0061 | TRAIN: 0.3828 0.8774 | 0.0002 1.0000 | 0.0002 1.0000 | Time: 39.7015 | VAL: 1.0776 0.7083 | 0.0046 1.0000 | 0.0684 0.9866 | Time: 2.4441 | TEST: 0.9603 0.7487 | 0.0423 0.9836 | 0.0758 0.9778 | Time: 2.8998
Epoch: 0062 | TRAIN: 0.3849 0.8864 | 0.0002 1.0000 | 0.0002 1.0000 | Time: 39.8882 | VAL: 1.0898 0.7047 | 0.0039 1.0000 | 0.0697 0.9866 | Time: 2.4298 | TEST: 0.9766 0.7436 | 0.0399 0.9754 | 0.0710 0.9833 | Time: 2.8917
Epoch: 0063 | TRAIN: 0.3763 0.8858 | 0.0001 1.0000 | 0.0002 1.0000 | Time: 39.9342 | VAL: 1.0895 0.6975 | 0.0042 1.0000 | 0.0675 0.9866 | Time: 2.4123 | TEST: 0.9714 0.7402 | 0.0375 0.9836 | 0.0776 0.9778 | Time: 2.8572
Epoch: 0064 | TRAIN: 0.3940 0.8672 | 0.0002 1.0000 | 0.0002 1.0000 | Time: 39.7780 | VAL: 1.0821 0.7029 | 0.0056 1.0000 | 0.0686 0.9866 | Time: 2.4374 | TEST: 0.9745 0.7453 | 0.0408 0.9836 | 0.0733 0.9833 | Time: 2.9049
Epoch: 0065 | TRAIN: 0.4145 0.8654 | 0.0002 1.0000 | 0.0002 1.0000 | Time: 39.9164 | VAL: 1.0653 0.7138 | 0.0039 1.0000 | 0.0531 0.9866 | Time: 2.4394 | TEST: 0.9642 0.7436 | 0.0370 0.9836 | 0.0764 0.9833 | Time: 2.8675
Epoch: 0066 | TRAIN: 0.4151 0.8774 | 0.0002 1.0000 | 0.0002 1.0000 | Time: 40.0581 | VAL: 1.0750 0.7029 | 0.0045 1.0000 | 0.0633 0.9866 | Time: 2.4728 | TEST: 0.9800 0.7402 | 0.0447 0.9918 | 0.0735 0.9833 | Time: 2.9011
Epoch: 0067 | TRAIN: 0.3739 0.8768 | 0.0002 1.0000 | 0.0002 1.0000 | Time: 39.9828 | VAL: 1.0800 0.7083 | 0.0044 1.0000 | 0.0685 0.9866 | Time: 2.4364 | TEST: 0.9862 0.7453 | 0.0367 0.9836 | 0.0794 0.9778 | Time: 2.8494
Epoch: 0068 | TRAIN: 0.3871 0.8678 | 0.0001 1.0000 | 0.0002 1.0000 | Time: 39.6846 | VAL: 1.0772 0.7065 | 0.0044 1.0000 | 0.0653 0.9866 | Time: 2.3855 | TEST: 0.9713 0.7385 | 0.0445 0.9836 | 0.0835 0.9778 | Time: 2.8600
Epoch: 0069 | TRAIN: 0.4137 0.8708 | 0.0001 1.0000 | 0.0002 1.0000 | Time: 39.8576 | VAL: 1.0602 0.7120 | 0.0042 1.0000 | 0.0619 0.9866 | Time: 2.4190 | TEST: 0.9612 0.7521 | 0.0445 0.9836 | 0.0774 0.9833 | Time: 2.8882
Epoch: 0070 | TRAIN: 0.3995 0.8792 | 0.0001 1.0000 | 0.0002 1.0000 | Time: 39.7819 | VAL: 1.0922 0.7065 | 0.0051 1.0000 | 0.0727 0.9866 | Time: 2.4045 | TEST: 1.0028 0.7350 | 0.0492 0.9754 | 0.0784 0.9778 | Time: 2.8707
Epoch: 0071 | TRAIN: 0.3902 0.8684 | 0.0001 1.0000 | 0.0002 1.0000 | Time: 39.5559 | VAL: 1.1104 0.6920 | 0.0038 1.0000 | 0.0643 0.9866 | Time: 2.4362 | TEST: 1.0153 0.7333 | 0.0396 0.9918 | 0.0775 0.9778 | Time: 2.8855
Epoch: 0072 | TRAIN: 0.3911 0.8852 | 0.0001 1.0000 | 0.0002 1.0000 | Time: 39.8109 | VAL: 1.1013 0.7029 | 0.0048 1.0000 | 0.0553 0.9866 | Time: 2.4399 | TEST: 0.9892 0.7453 | 0.0445 0.9836 | 0.0807 0.9778 | Time: 2.8699
Epoch: 0073 | TRAIN: 0.3950 0.8756 | 0.0001 1.0000 | 0.0002 1.0000 | Time: 39.9049 | VAL: 1.0770 0.7101 | 0.0046 1.0000 | 0.0669 0.9866 | Time: 2.5207 | TEST: 0.9675 0.7402 | 0.0427 0.9918 | 0.0772 0.9833 | Time: 2.9136
Epoch: 0074 | TRAIN: 0.3875 0.8738 | 0.0001 1.0000 | 0.0001 1.0000 | Time: 39.9518 | VAL: 1.0714 0.7120 | 0.0052 1.0000 | 0.0553 0.9866 | Time: 2.4264 | TEST: 0.9789 0.7436 | 0.0350 0.9918 | 0.0793 0.9778 | Time: 2.9006
Epoch: 0075 | TRAIN: 0.4198 0.8606 | 0.0001 1.0000 | 0.0001 1.0000 | Time: 39.8409 | VAL: 1.0999 0.7065 | 0.0057 1.0000 | 0.0680 0.9866 | Time: 2.4130 | TEST: 1.0067 0.7436 | 0.0464 0.9754 | 0.0794 0.9833 | Time: 2.8471
Epoch: 0076 | TRAIN: 0.4115 0.8744 | 0.0001 1.0000 | 0.0001 1.0000 | Time: 40.0491 | VAL: 1.0828 0.7065 | 0.0054 1.0000 | 0.0628 0.9866 | Time: 2.4478 | TEST: 0.9976 0.7504 | 0.0458 0.9836 | 0.0773 0.9889 | Time: 2.8943
Epoch: 0077 | TRAIN: 0.3966 0.8738 | 0.0001 1.0000 | 0.0002 1.0000 | Time: 39.9451 | VAL: 1.0940 0.7083 | 0.0063 1.0000 | 0.0632 0.9866 | Time: 2.4532 | TEST: 0.9985 0.7368 | 0.0519 0.9754 | 0.0784 0.9889 | Time: 2.9046
Epoch: 0078 | TRAIN: 0.3675 0.8810 | 0.0001 1.0000 | 0.0001 1.0000 | Time: 40.0423 | VAL: 1.1030 0.7065 | 0.0043 1.0000 | 0.0641 0.9866 | Time: 2.4683 | TEST: 1.0040 0.7368 | 0.0430 0.9754 | 0.0761 0.9778 | Time: 2.8790
Epoch: 0079 | TRAIN: 0.3892 0.8762 | 0.0001 1.0000 | 0.0001 1.0000 | Time: 39.7747 | VAL: 1.0981 0.7138 | 0.0086 1.0000 | 0.0625 0.9866 | Time: 2.4173 | TEST: 0.9924 0.7402 | 0.0403 0.9836 | 0.0843 0.9889 | Time: 2.9058
Epoch: 0080 | TRAIN: 0.3870 0.8702 | 0.0001 1.0000 | 0.0001 1.0000 | Time: 39.6657 | VAL: 1.0857 0.7011 | 0.0085 1.0000 | 0.0716 0.9866 | Time: 2.4479 | TEST: 0.9845 0.7453 | 0.0377 0.9754 | 0.0871 0.9833 | Time: 2.8944
Epoch: 0081 | TRAIN: 0.3994 0.8666 | 0.0001 1.0000 | 0.0001 1.0000 | Time: 39.8398 | VAL: 1.1476 0.7047 | 0.0062 1.0000 | 0.0640 0.9866 | Time: 2.4430 | TEST: 1.0487 0.7145 | 0.0466 0.9918 | 0.0838 0.9778 | Time: 2.8603
Epoch: 0082 | TRAIN: 0.3925 0.8720 | 0.0001 1.0000 | 0.0001 1.0000 | Time: 39.7082 | VAL: 1.1275 0.6957 | 0.0049 1.0000 | 0.0540 0.9866 | Time: 2.4286 | TEST: 1.0559 0.7316 | 0.0405 0.9918 | 0.0837 0.9778 | Time: 2.8680
Epoch: 0083 | TRAIN: 0.4247 0.8576 | 0.0001 1.0000 | 0.0001 1.0000 | Time: 39.8856 | VAL: 1.1350 0.6902 | 0.0061 1.0000 | 0.0680 0.9866 | Time: 2.4378 | TEST: 1.0259 0.7299 | 0.0403 0.9836 | 0.0789 0.9833 | Time: 2.9134
Epoch: 0084 | TRAIN: 0.3846 0.8708 | 0.0001 1.0000 | 0.0001 1.0000 | Time: 39.8970 | VAL: 1.1203 0.7029 | 0.0078 1.0000 | 0.0677 0.9866 | Time: 2.4355 | TEST: 1.0124 0.7419 | 0.0409 0.9918 | 0.0813 0.9778 | Time: 2.8922
Epoch: 0085 | TRAIN: 0.3946 0.8678 | 0.0001 1.0000 | 0.0001 1.0000 | Time: 39.7762 | VAL: 1.1263 0.6993 | 0.0082 1.0000 | 0.0697 0.9866 | Time: 2.4207 | TEST: 1.0229 0.7385 | 0.0394 0.9754 | 0.0909 0.9722 | Time: 2.8800
Epoch: 0086 | TRAIN: 0.3859 0.8768 | 0.0001 1.0000 | 0.0002 1.0000 | Time: 39.9217 | VAL: 1.1489 0.7029 | 0.0067 1.0000 | 0.0676 0.9866 | Time: 2.4612 | TEST: 1.0619 0.7282 | 0.0365 0.9836 | 0.0911 0.9722 | Time: 2.9015
Epoch: 0087 | TRAIN: 0.4223 0.8666 | 0.0001 1.0000 | 0.0001 1.0000 | Time: 39.9121 | VAL: 1.1001 0.7029 | 0.0055 1.0000 | 0.0645 0.9866 | Time: 2.4088 | TEST: 1.0161 0.7282 | 0.0395 0.9918 | 0.0863 0.9778 | Time: 2.8888
Epoch: 0088 | TRAIN: 0.4125 0.8660 | 0.0001 1.0000 | 0.0001 1.0000 | Time: 39.8689 | VAL: 1.1521 0.7065 | 0.0109 1.0000 | 0.0664 0.9866 | Time: 2.4219 | TEST: 1.0746 0.7179 | 0.0547 0.9836 | 0.0870 0.9778 | Time: 2.8851
Epoch: 0089 | TRAIN: 0.3902 0.8780 | 0.0001 1.0000 | 0.0001 1.0000 | Time: 39.9338 | VAL: 1.1238 0.7138 | 0.0034 1.0000 | 0.0614 0.9866 | Time: 2.4497 | TEST: 1.0311 0.7385 | 0.0352 0.9918 | 0.0731 0.9833 | Time: 2.8943
Epoch: 0090 | TRAIN: 0.4174 0.8618 | 0.0001 1.0000 | 0.0001 1.0000 | Time: 39.8656 | VAL: 1.1685 0.6902 | 0.0045 1.0000 | 0.0665 0.9866 | Time: 2.4652 | TEST: 1.0802 0.7145 | 0.0367 0.9918 | 0.0797 0.9833 | Time: 2.8762
Epoch: 0091 | TRAIN: 0.4024 0.8696 | 0.0001 1.0000 | 0.0001 1.0000 | Time: 39.6976 | VAL: 1.1331 0.7047 | 0.0056 1.0000 | 0.0698 0.9866 | Time: 2.4282 | TEST: 1.0331 0.7368 | 0.0362 0.9836 | 0.0735 0.9833 | Time: 2.8605
Epoch: 0092 | TRAIN: 0.4151 0.8684 | 0.0001 1.0000 | 0.0001 1.0000 | Time: 39.8470 | VAL: 1.1643 0.6957 | 0.0064 1.0000 | 0.0651 0.9866 | Time: 2.4031 | TEST: 1.0642 0.7282 | 0.0308 0.9918 | 0.0800 0.9778 | Time: 2.8639
Epoch: 0093 | TRAIN: 0.4505 0.8498 | 0.0001 1.0000 | 0.0001 1.0000 | Time: 39.9092 | VAL: 1.1780 0.7011 | 0.0128 0.9888 | 0.0821 0.9866 | Time: 2.4438 | TEST: 1.0783 0.7299 | 0.0423 0.9836 | 0.0982 0.9778 | Time: 2.8924
Epoch: 0094 | TRAIN: 0.4464 0.8498 | 0.0001 1.0000 | 0.0001 1.0000 | Time: 39.9861 | VAL: 1.1765 0.6993 | 0.0067 1.0000 | 0.0718 0.9866 | Time: 2.4281 | TEST: 1.0958 0.7077 | 0.0328 0.9836 | 0.0842 0.9778 | Time: 2.8687
Epoch: 0095 | TRAIN: 0.4298 0.8558 | 0.0001 1.0000 | 0.0001 1.0000 | Time: 39.8683 | VAL: 1.1475 0.7029 | 0.0099 1.0000 | 0.0665 0.9866 | Time: 2.4476 | TEST: 1.0711 0.7179 | 0.0475 0.9836 | 0.0913 0.9778 | Time: 2.8843
Epoch: 0096 | TRAIN: 0.4206 0.8570 | 0.0001 1.0000 | 0.0001 1.0000 | Time: 39.8938 | VAL: 1.1874 0.6993 | 0.0066 1.0000 | 0.0629 0.9866 | Time: 2.4461 | TEST: 1.0915 0.7145 | 0.0451 0.9918 | 0.0741 0.9889 | Time: 2.9113
Epoch: 0097 | TRAIN: 0.4337 0.8624 | 0.0001 1.0000 | 0.0001 1.0000 | Time: 39.8585 | VAL: 1.2120 0.6649 | 0.0170 0.9888 | 0.0794 0.9866 | Time: 2.4449 | TEST: 1.1057 0.7043 | 0.0551 0.9754 | 0.0826 0.9778 | Time: 2.9034
Epoch: 0098 | TRAIN: 0.4311 0.8582 | 0.0001 1.0000 | 0.0001 1.0000 | Time: 39.8506 | VAL: 1.1656 0.6902 | 0.0077 1.0000 | 0.0644 0.9866 | Time: 2.4182 | TEST: 1.0805 0.7197 | 0.0398 0.9918 | 0.0822 0.9667 | Time: 2.8637
Epoch: 0099 | TRAIN: 0.4291 0.8606 | 0.0001 1.0000 | 0.0001 1.0000 | Time: 39.8212 | VAL: 1.2084 0.6975 | 0.0120 1.0000 | 0.0639 0.9866 | Time: 2.4162 | TEST: 1.1188 0.6991 | 0.0371 0.9836 | 0.0802 0.9778 | Time: 2.8612
========================================
Best Result: Epoch 13, result {'amazon': [0.7572649572649572], 'dslr': [0.9918032786885246], 'webcam': [0.9833333333333333]}
========================================
