========================================
General Configuration:
	Wighting: MGDA
	Architecture: HPS
	Rep_Grad: False
	Multi_Input: True
	Seed: 0
	Device: cuda:0
MGDA Configuration:
	weighting: MGDA
	mgda_gn: none
Optimizer Configuration:
	optim: adam
	lr: 0.1
	weight_decay: 1e-05
========================================
Total Params: 11487901
Trainable Params: 11487901
Non-trainable Params: 0
========================================
LOG FORMAT | amazon_LOSS Acc | dslr_LOSS Acc | webcam_LOSS Acc | TIME
Epoch: 0000 | TRAIN: 6.0779 0.0319 | 5.4055 0.0505 | 5.1890 0.0559 | Time: 55.6774 | VAL: 344.6452 0.0435 | 853.2205 0.0449 | 161.5821 0.0537 | Time: 4.1926 | TEST: 252.7142 0.0376 | 580.6053 0.0082 | 194.9922 0.0889 | Time: 5.3148
Epoch: 0001 | TRAIN: 3.9363 0.0391 | 3.6286 0.0925 | 3.6007 0.0980 | Time: 55.1631 | VAL: 5.0248 0.0525 | 3.8940 0.0562 | 2.9986 0.1141 | Time: 4.3225 | TEST: 5.5676 0.0564 | 3.1790 0.0820 | 3.0067 0.0889 | Time: 5.1418
Epoch: 0002 | TRAIN: 3.4462 0.0595 | 3.1556 0.1094 | 3.0624 0.1214 | Time: 55.3241 | VAL: 3.5821 0.0453 | 3.2526 0.0899 | 2.9212 0.1678 | Time: 4.0975 | TEST: 3.5836 0.0342 | 3.2552 0.1066 | 2.9221 0.1833 | Time: 4.8458
Epoch: 0003 | TRAIN: 3.3525 0.0667 | 2.9781 0.1328 | 2.9149 0.1436 | Time: 55.5618 | VAL: 3.5562 0.0435 | 3.4496 0.1124 | 2.9099 0.1879 | Time: 4.5726 | TEST: 3.5460 0.0479 | 3.4481 0.1393 | 2.9226 0.1667 | Time: 5.0284
Epoch: 0004 | TRAIN: 3.3201 0.0817 | 2.9385 0.1340 | 2.8911 0.1466 | Time: 55.9493 | VAL: 4.3272 0.0670 | 3.0776 0.1461 | 2.8676 0.0940 | Time: 4.4296 | TEST: 4.3584 0.0752 | 3.1511 0.1557 | 2.8191 0.1056 | Time: 5.0741
Epoch: 0005 | TRAIN: 3.2669 0.0871 | 2.9080 0.1388 | 2.8541 0.1400 | Time: 54.4805 | VAL: 3.7213 0.0670 | 4.2995 0.0562 | 2.8115 0.1678 | Time: 4.3818 | TEST: 3.7059 0.0769 | 4.3746 0.0656 | 2.7694 0.1389 | Time: 4.8985
Epoch: 0006 | TRAIN: 3.2163 0.1202 | 2.7237 0.1773 | 2.7832 0.1569 | Time: 56.1931 | VAL: 4.3817 0.0761 | 3.0607 0.1124 | 3.0906 0.0940 | Time: 4.5326 | TEST: 4.4017 0.0769 | 3.1508 0.1066 | 2.9674 0.1167 | Time: 5.2476
Epoch: 0007 | TRAIN: 3.2462 0.1076 | 2.8580 0.1605 | 2.9119 0.1388 | Time: 55.2463 | VAL: 6.6887 0.0399 | 3.3825 0.1236 | 2.8271 0.1141 | Time: 3.9750 | TEST: 6.6496 0.0376 | 3.3691 0.1393 | 2.8058 0.1278 | Time: 4.6551
Epoch: 0008 | TRAIN: 3.1937 0.1094 | 2.7836 0.1713 | 2.8056 0.1617 | Time: 53.2896 | VAL: 4.2747 0.0815 | 3.6499 0.0674 | 2.7263 0.2081 | Time: 4.3264 | TEST: 4.2292 0.0786 | 3.6124 0.0820 | 2.6678 0.2278 | Time: 5.0440
Epoch: 0009 | TRAIN: 3.1775 0.1112 | 2.8913 0.1550 | 2.8779 0.1502 | Time: 55.6836 | VAL: 6.5026 0.0634 | 4.7198 0.0449 | 3.3076 0.1477 | Time: 4.3206 | TEST: 6.5073 0.0735 | 4.6861 0.0246 | 3.1313 0.1389 | Time: 4.6844
Epoch: 0010 | TRAIN: 3.1687 0.1124 | 2.8746 0.1538 | 2.8016 0.1472 | Time: 57.1934 | VAL: 5.6827 0.0489 | 3.4143 0.0899 | 2.8583 0.1812 | Time: 4.6703 | TEST: 5.6484 0.0530 | 3.5643 0.0656 | 2.7914 0.1611 | Time: 5.1611
Epoch: 0011 | TRAIN: 3.1231 0.1286 | 2.7227 0.1761 | 2.7649 0.1490 | Time: 56.1610 | VAL: 4.2846 0.0870 | 3.6487 0.1011 | 2.9390 0.1946 | Time: 4.5773 | TEST: 4.2731 0.0821 | 3.8517 0.0656 | 2.7839 0.1444 | Time: 5.4204
Epoch: 0012 | TRAIN: 3.1584 0.1220 | 2.6907 0.1821 | 2.6595 0.1845 | Time: 56.6125 | VAL: 4.5656 0.0833 | 4.1091 0.0787 | 2.5959 0.2215 | Time: 4.2899 | TEST: 4.5629 0.0855 | 3.9666 0.0492 | 2.5542 0.1667 | Time: 4.9200
Epoch: 0013 | TRAIN: 3.1225 0.1202 | 2.7004 0.1923 | 2.7324 0.1803 | Time: 54.7844 | VAL: 4.9159 0.0616 | 4.9553 0.0899 | 2.6033 0.1946 | Time: 4.4400 | TEST: 4.9574 0.0632 | 5.0073 0.0656 | 2.4996 0.2167 | Time: 4.9005
Epoch: 0014 | TRAIN: 3.1885 0.1250 | 2.6807 0.1923 | 2.6914 0.1773 | Time: 57.5143 | VAL: 4.0592 0.0815 | 3.0011 0.1910 | 2.6554 0.1946 | Time: 4.2212 | TEST: 4.0840 0.0906 | 3.0726 0.1230 | 2.5740 0.2278 | Time: 5.1460
Epoch: 0015 | TRAIN: 3.0869 0.1292 | 2.5460 0.1959 | 2.5508 0.2079 | Time: 54.8835 | VAL: 4.5281 0.0580 | 5.1533 0.0562 | 2.8468 0.1745 | Time: 4.6518 | TEST: 4.5415 0.0513 | 5.1412 0.0738 | 2.7489 0.2111 | Time: 4.9839
Epoch: 0016 | TRAIN: 3.1016 0.1226 | 2.6047 0.2055 | 2.7169 0.1659 | Time: 56.6196 | VAL: 5.5918 0.0580 | 6.2035 0.0449 | 2.6912 0.1544 | Time: 4.5665 | TEST: 5.5766 0.0615 | 6.3275 0.0492 | 2.6183 0.1944 | Time: 5.3166
Epoch: 0017 | TRAIN: 3.0905 0.1190 | 2.6235 0.1989 | 2.7350 0.1851 | Time: 55.7008 | VAL: 4.8694 0.0562 | 4.1988 0.0899 | 2.6360 0.2416 | Time: 4.3709 | TEST: 4.9154 0.0581 | 4.2317 0.0738 | 2.5613 0.2389 | Time: 4.9919
Epoch: 0018 | TRAIN: 3.0695 0.1250 | 2.5247 0.2151 | 2.5750 0.2007 | Time: 52.0897 | VAL: 5.3926 0.0580 | 4.3518 0.1124 | 2.9443 0.2081 | Time: 4.3155 | TEST: 5.3988 0.0564 | 4.5876 0.0574 | 2.9001 0.2111 | Time: 4.9625
Epoch: 0019 | TRAIN: 3.0939 0.1340 | 2.5252 0.2218 | 2.5950 0.2061 | Time: 51.4958 | VAL: 7.0279 0.0652 | 4.2549 0.0337 | 2.9546 0.2483 | Time: 3.4146 | TEST: 6.9943 0.0786 | 4.5180 0.0902 | 2.8271 0.2056 | Time: 4.1000
Epoch: 0020 | TRAIN: 3.0502 0.1400 | 2.4516 0.2374 | 2.5651 0.2266 | Time: 50.1839 | VAL: 5.0942 0.0924 | 5.5769 0.0787 | 2.5747 0.2081 | Time: 3.4431 | TEST: 5.1541 0.0838 | 5.8311 0.0656 | 2.6234 0.1889 | Time: 3.8399
Epoch: 0021 | TRAIN: 3.0926 0.1286 | 2.4628 0.2332 | 2.5873 0.2079 | Time: 49.6263 | VAL: 4.3787 0.0254 | 6.8564 0.1124 | 4.1943 0.0738 | Time: 3.4592 | TEST: 4.4573 0.0325 | 6.9570 0.0984 | 3.9856 0.1111 | Time: 4.0959
Epoch: 0022 | TRAIN: 3.0910 0.1238 | 2.4740 0.2260 | 2.5955 0.2175 | Time: 49.2791 | VAL: 5.0965 0.0616 | 4.6527 0.1348 | 2.4008 0.2617 | Time: 3.4555 | TEST: 5.1734 0.0615 | 5.1258 0.1066 | 2.5093 0.2444 | Time: 4.1640
Epoch: 0023 | TRAIN: 3.0432 0.1388 | 2.4363 0.2344 | 2.5475 0.2109 | Time: 50.1266 | VAL: 4.4196 0.0707 | 3.4439 0.1348 | 2.3477 0.3289 | Time: 3.4282 | TEST: 4.4488 0.0786 | 3.7184 0.1066 | 2.3710 0.3222 | Time: 4.1075
Epoch: 0024 | TRAIN: 3.0636 0.1382 | 2.4592 0.2266 | 2.4913 0.2254 | Time: 49.5541 | VAL: 5.3605 0.0743 | 6.4972 0.0674 | 3.1774 0.1611 | Time: 3.2680 | TEST: 5.4493 0.0974 | 6.7827 0.0738 | 3.1972 0.1556 | Time: 3.8457
Epoch: 0025 | TRAIN: 3.0513 0.1406 | 2.4279 0.2314 | 2.5020 0.2362 | Time: 49.3870 | VAL: 8.0083 0.0562 | 3.5440 0.1124 | 3.2649 0.1879 | Time: 3.5913 | TEST: 8.1627 0.0615 | 3.6994 0.1148 | 3.3165 0.1556 | Time: 4.0737
Epoch: 0026 | TRAIN: 3.0080 0.1376 | 2.4862 0.2326 | 2.5802 0.2248 | Time: 49.6508 | VAL: 3.9310 0.0960 | 3.6638 0.1461 | 2.4039 0.2953 | Time: 3.3516 | TEST: 3.9607 0.0974 | 4.1440 0.0738 | 2.4572 0.2944 | Time: 4.0782
Epoch: 0027 | TRAIN: 3.0599 0.1334 | 2.5870 0.2200 | 2.6461 0.1983 | Time: 49.5018 | VAL: 9.5982 0.0562 | 3.8718 0.0562 | 2.8039 0.1946 | Time: 3.3139 | TEST: 9.7093 0.0615 | 4.1397 0.0738 | 2.8349 0.2000 | Time: 3.9658
Epoch: 0028 | TRAIN: 3.0526 0.1238 | 2.5312 0.2163 | 2.5663 0.2139 | Time: 49.4372 | VAL: 9.7204 0.0417 | 3.7260 0.1348 | 3.7464 0.1141 | Time: 3.4673 | TEST: 9.8763 0.0410 | 3.8891 0.1475 | 3.7193 0.1278 | Time: 4.0081
Epoch: 0029 | TRAIN: 3.0677 0.1352 | 2.4656 0.2139 | 2.5691 0.2169 | Time: 49.5224 | VAL: 4.7487 0.0851 | 4.6660 0.0562 | 2.9702 0.2282 | Time: 3.4122 | TEST: 4.8424 0.0923 | 4.8331 0.1066 | 3.0134 0.2000 | Time: 4.1978
Epoch: 0030 | TRAIN: 2.9874 0.1448 | 2.3171 0.2476 | 2.4587 0.2362 | Time: 48.8726 | VAL: 4.7498 0.0870 | 6.4665 0.0787 | 2.4801 0.2752 | Time: 3.5881 | TEST: 4.9079 0.0855 | 6.6216 0.0656 | 2.4713 0.2500 | Time: 4.0788
Epoch: 0031 | TRAIN: 3.0123 0.1340 | 2.4099 0.2548 | 2.5000 0.2368 | Time: 49.9532 | VAL: 4.6492 0.0525 | 5.9518 0.0674 | 3.1848 0.2081 | Time: 3.5950 | TEST: 4.6755 0.0547 | 6.0331 0.0656 | 3.3759 0.1389 | Time: 4.2935
Epoch: 0032 | TRAIN: 3.0280 0.1280 | 2.4647 0.2284 | 2.4496 0.2296 | Time: 49.9175 | VAL: 4.5789 0.1159 | 3.7267 0.1011 | 2.2666 0.3221 | Time: 3.3721 | TEST: 4.6390 0.1231 | 4.0321 0.0820 | 2.3901 0.2778 | Time: 3.9889
Epoch: 0033 | TRAIN: 3.0439 0.1262 | 2.4108 0.2338 | 2.4475 0.2338 | Time: 49.8330 | VAL: 5.4617 0.0779 | 3.0375 0.1124 | 2.6979 0.2752 | Time: 3.5340 | TEST: 5.6054 0.0684 | 3.1832 0.1557 | 2.7068 0.1722 | Time: 4.0787
Epoch: 0034 | TRAIN: 3.0147 0.1430 | 2.4348 0.2410 | 2.4713 0.2302 | Time: 49.9839 | VAL: 4.6700 0.0942 | 3.2769 0.2022 | 2.3897 0.3423 | Time: 3.3986 | TEST: 4.7993 0.0940 | 3.5442 0.0820 | 2.4018 0.2611 | Time: 4.0155
Epoch: 0035 | TRAIN: 3.0492 0.1328 | 2.3038 0.2746 | 2.4511 0.2482 | Time: 49.7997 | VAL: 4.1497 0.0960 | 4.7307 0.0899 | 2.3447 0.3356 | Time: 3.4518 | TEST: 4.1791 0.0769 | 5.0054 0.0902 | 2.3870 0.3111 | Time: 4.1152
Epoch: 0036 | TRAIN: 2.9980 0.1418 | 2.3355 0.2728 | 2.4351 0.2512 | Time: 49.6761 | VAL: 4.3191 0.0924 | 5.0520 0.1461 | 2.3407 0.3826 | Time: 3.3889 | TEST: 4.3644 0.0906 | 5.3936 0.0984 | 2.4630 0.2889 | Time: 4.0756
Epoch: 0037 | TRAIN: 2.9891 0.1502 | 2.3567 0.2530 | 2.3624 0.2554 | Time: 49.9239 | VAL: 5.2752 0.0562 | 4.5375 0.1236 | 2.4046 0.2886 | Time: 3.3860 | TEST: 5.2772 0.0650 | 4.7119 0.1721 | 2.3778 0.3056 | Time: 4.0332
Epoch: 0038 | TRAIN: 3.0000 0.1382 | 2.3505 0.2488 | 2.4025 0.2524 | Time: 49.7307 | VAL: 6.1318 0.0707 | 4.7619 0.0337 | 2.3149 0.3490 | Time: 3.4161 | TEST: 6.2265 0.0735 | 4.8411 0.0656 | 2.2852 0.3111 | Time: 3.8325
Epoch: 0039 | TRAIN: 2.9988 0.1430 | 2.3082 0.2819 | 2.4674 0.2212 | Time: 49.5568 | VAL: 5.4345 0.0562 | 4.2219 0.2022 | 2.6506 0.2349 | Time: 3.3047 | TEST: 5.4592 0.0650 | 4.3451 0.1311 | 2.6706 0.2444 | Time: 4.0698
Epoch: 0040 | TRAIN: 3.0190 0.1412 | 2.2840 0.2764 | 2.3782 0.2680 | Time: 49.4766 | VAL: 5.1711 0.0688 | 3.4525 0.1348 | 2.3467 0.3289 | Time: 3.4103 | TEST: 5.2263 0.0598 | 3.5757 0.1230 | 2.2621 0.3111 | Time: 4.1909
Epoch: 0041 | TRAIN: 2.9530 0.1490 | 2.2177 0.2897 | 2.3577 0.2596 | Time: 49.8000 | VAL: 6.0223 0.0942 | 3.8254 0.1910 | 2.3968 0.3087 | Time: 3.5674 | TEST: 6.0467 0.0906 | 4.1539 0.1230 | 2.3164 0.3000 | Time: 4.0056
Epoch: 0042 | TRAIN: 2.9925 0.1508 | 2.2807 0.2758 | 2.3832 0.2674 | Time: 48.9182 | VAL: 5.3957 0.0743 | 4.3648 0.2022 | 2.5444 0.3154 | Time: 3.4424 | TEST: 5.4306 0.0752 | 4.6629 0.1230 | 2.4110 0.2722 | Time: 4.1272
Epoch: 0043 | TRAIN: 2.9441 0.1472 | 2.2463 0.2957 | 2.3496 0.2704 | Time: 49.8638 | VAL: 3.5399 0.1069 | 4.3659 0.1461 | 2.2381 0.3624 | Time: 3.3581 | TEST: 3.4999 0.1231 | 4.6862 0.1230 | 2.1848 0.3167 | Time: 4.4233
Epoch: 0044 | TRAIN: 2.9356 0.1484 | 2.1707 0.3065 | 2.3265 0.2812 | Time: 49.5755 | VAL: 3.9304 0.1141 | 4.7606 0.1573 | 2.1097 0.3826 | Time: 3.4758 | TEST: 3.9508 0.1145 | 4.9752 0.1148 | 1.9885 0.3778 | Time: 3.9285
Epoch: 0045 | TRAIN: 2.9596 0.1364 | 2.1680 0.3083 | 2.3174 0.2843 | Time: 49.6981 | VAL: 7.2033 0.0634 | 3.2783 0.2022 | 2.3442 0.3691 | Time: 3.4361 | TEST: 7.2733 0.0684 | 3.4266 0.0902 | 2.2719 0.3500 | Time: 4.0597
Epoch: 0046 | TRAIN: 2.9663 0.1520 | 2.2758 0.2710 | 2.3400 0.2620 | Time: 49.5073 | VAL: 11.6300 0.0435 | 7.1920 0.1011 | 2.8924 0.1946 | Time: 3.3947 | TEST: 11.5848 0.0479 | 7.3433 0.1230 | 2.6917 0.2111 | Time: 4.0006
Epoch: 0047 | TRAIN: 2.9702 0.1514 | 2.2474 0.2939 | 2.3450 0.2794 | Time: 49.1382 | VAL: 10.6946 0.0453 | 3.5879 0.1685 | 2.9929 0.2617 | Time: 3.4446 | TEST: 10.7198 0.0513 | 3.6377 0.1230 | 2.9105 0.2111 | Time: 3.9068
Epoch: 0048 | TRAIN: 2.9420 0.1569 | 2.2032 0.3017 | 2.3113 0.2752 | Time: 48.9999 | VAL: 4.2349 0.0978 | 3.5652 0.1573 | 2.4804 0.3154 | Time: 3.6095 | TEST: 4.2387 0.1111 | 3.9787 0.1148 | 2.5548 0.2611 | Time: 4.1692
Epoch: 0049 | TRAIN: 2.9432 0.1605 | 2.2481 0.2879 | 2.2337 0.3011 | Time: 50.7214 | VAL: 3.9202 0.0634 | 5.4763 0.1461 | 2.0524 0.4228 | Time: 3.5864 | TEST: 3.9329 0.0581 | 5.8080 0.0984 | 2.0736 0.3611 | Time: 4.4019
Epoch: 0050 | TRAIN: 2.9340 0.1611 | 2.1209 0.3173 | 2.2536 0.2999 | Time: 50.7263 | VAL: 4.1660 0.0562 | 4.6710 0.1573 | 2.1883 0.3758 | Time: 3.4490 | TEST: 4.2485 0.0496 | 4.8877 0.1311 | 2.1728 0.3111 | Time: 4.1966
Epoch: 0051 | TRAIN: 2.8709 0.1671 | 2.0864 0.3323 | 2.2173 0.2999 | Time: 51.1083 | VAL: 4.6613 0.0670 | 6.8035 0.1236 | 2.2211 0.3758 | Time: 3.5934 | TEST: 4.5211 0.0598 | 7.0151 0.1148 | 2.0134 0.3556 | Time: 3.9387
Epoch: 0052 | TRAIN: 2.9548 0.1520 | 2.0586 0.3239 | 2.1787 0.3137 | Time: 50.3988 | VAL: 4.1330 0.0743 | 3.7507 0.2135 | 2.0717 0.4497 | Time: 3.5610 | TEST: 4.1489 0.0769 | 3.8478 0.1885 | 2.0839 0.3889 | Time: 4.5173
Epoch: 0053 | TRAIN: 2.9172 0.1581 | 2.1420 0.3047 | 2.3222 0.2885 | Time: 50.3362 | VAL: 5.3993 0.0580 | 5.6968 0.1348 | 2.2183 0.3624 | Time: 3.6108 | TEST: 5.4840 0.0598 | 5.7248 0.1475 | 2.0462 0.3333 | Time: 4.2079
Epoch: 0054 | TRAIN: 2.9346 0.1478 | 2.1967 0.2921 | 2.3156 0.2879 | Time: 49.2336 | VAL: 5.2069 0.0507 | 5.0829 0.1011 | 2.1594 0.3624 | Time: 3.4928 | TEST: 5.3170 0.0598 | 5.1483 0.1311 | 2.1790 0.3333 | Time: 4.0743
Epoch: 0055 | TRAIN: 2.8955 0.1671 | 2.1277 0.3107 | 2.3074 0.2722 | Time: 49.6212 | VAL: 7.6312 0.0634 | 3.9852 0.1685 | 2.6066 0.2953 | Time: 3.4028 | TEST: 7.7189 0.0667 | 4.2233 0.1311 | 2.5864 0.3000 | Time: 4.1209
Epoch: 0056 | TRAIN: 2.9248 0.1641 | 2.1267 0.3149 | 2.3016 0.2692 | Time: 49.6022 | VAL: 4.8952 0.0688 | 4.9778 0.1236 | 2.3537 0.3289 | Time: 3.4501 | TEST: 4.9890 0.0872 | 5.3614 0.0984 | 2.2612 0.3000 | Time: 3.9694
Epoch: 0057 | TRAIN: 2.9511 0.1460 | 2.2934 0.2885 | 2.4339 0.2596 | Time: 49.7337 | VAL: 7.1709 0.0471 | 3.9372 0.1236 | 2.6899 0.2483 | Time: 3.4299 | TEST: 7.2112 0.0581 | 4.2159 0.1475 | 2.6348 0.2667 | Time: 4.0563
Epoch: 0058 | TRAIN: 2.9415 0.1442 | 2.2915 0.2825 | 2.3766 0.2560 | Time: 50.0836 | VAL: 5.1410 0.0616 | 2.9365 0.1910 | 2.6454 0.3154 | Time: 4.4758 | TEST: 5.1308 0.0650 | 3.1910 0.1311 | 2.5293 0.3444 | Time: 5.1778
Epoch: 0059 | TRAIN: 2.9356 0.1635 | 2.2355 0.2794 | 2.3216 0.2746 | Time: 53.8813 | VAL: 8.4671 0.0489 | 9.9476 0.0337 | 7.3037 0.0470 | Time: 4.2882 | TEST: 8.2023 0.0513 | 10.6283 0.0328 | 7.7788 0.0556 | Time: 5.2772
Epoch: 0060 | TRAIN: 2.9118 0.1538 | 2.1653 0.3053 | 2.3314 0.2668 | Time: 54.2598 | VAL: 4.6495 0.0851 | 4.4185 0.1461 | 2.2603 0.3691 | Time: 4.2797 | TEST: 4.6932 0.1043 | 4.7548 0.1148 | 2.2846 0.3556 | Time: 4.9657
Epoch: 0061 | TRAIN: 2.8933 0.1707 | 2.1961 0.2873 | 2.2938 0.2855 | Time: 55.9505 | VAL: 6.2730 0.0453 | 4.1641 0.0787 | 2.6128 0.2282 | Time: 4.2506 | TEST: 6.4127 0.0479 | 4.4783 0.0738 | 2.5947 0.2556 | Time: 4.8011
Epoch: 0062 | TRAIN: 2.9277 0.1412 | 2.1736 0.3053 | 2.3554 0.2626 | Time: 51.4131 | VAL: 4.9259 0.0652 | 3.1244 0.2360 | 2.3449 0.3289 | Time: 3.4724 | TEST: 4.9711 0.0615 | 3.3330 0.1475 | 2.4133 0.2889 | Time: 4.0562
Epoch: 0063 | TRAIN: 2.8602 0.1629 | 2.1368 0.3227 | 2.3054 0.2716 | Time: 49.1968 | VAL: 5.2276 0.0707 | 4.3210 0.1348 | 2.3840 0.3490 | Time: 3.3081 | TEST: 5.2717 0.0769 | 4.7225 0.1311 | 2.3166 0.3444 | Time: 3.9415
Epoch: 0064 | TRAIN: 2.9137 0.1713 | 2.2718 0.2788 | 2.3507 0.2758 | Time: 49.4970 | VAL: 8.0665 0.0525 | 7.2486 0.0337 | 5.0509 0.1477 | Time: 3.5244 | TEST: 8.1347 0.0581 | 7.3667 0.0738 | 4.8903 0.1389 | Time: 4.0210
Epoch: 0065 | TRAIN: 2.8782 0.1593 | 2.1283 0.3173 | 2.2344 0.2885 | Time: 49.7759 | VAL: 3.9421 0.0797 | 2.6917 0.2697 | 2.2574 0.3557 | Time: 3.4477 | TEST: 3.9492 0.0923 | 2.8927 0.2049 | 2.1200 0.3722 | Time: 3.9984
Epoch: 0066 | TRAIN: 2.8822 0.1713 | 2.1064 0.3263 | 2.2522 0.2843 | Time: 50.0911 | VAL: 3.9809 0.0833 | 3.9502 0.1348 | 2.2069 0.3826 | Time: 3.6272 | TEST: 4.0278 0.0838 | 4.0797 0.0984 | 2.0081 0.4111 | Time: 4.0999
Epoch: 0067 | TRAIN: 2.9033 0.1653 | 2.1570 0.3107 | 2.3208 0.2680 | Time: 49.7666 | VAL: 4.1327 0.0960 | 3.5351 0.2135 | 2.6317 0.3557 | Time: 3.5215 | TEST: 4.2327 0.1060 | 3.6827 0.1066 | 2.6345 0.3611 | Time: 4.0379
Epoch: 0068 | TRAIN: 2.8784 0.1755 | 2.1281 0.3095 | 2.2254 0.2933 | Time: 50.2090 | VAL: 4.2516 0.0707 | 4.2357 0.1573 | 2.5677 0.3423 | Time: 3.3916 | TEST: 4.2826 0.0821 | 4.6056 0.0984 | 2.5104 0.3667 | Time: 4.0987
Epoch: 0069 | TRAIN: 2.8696 0.1665 | 2.0972 0.3095 | 2.2476 0.2879 | Time: 50.0664 | VAL: 3.8234 0.0942 | 4.2361 0.1236 | 2.1366 0.3960 | Time: 3.4441 | TEST: 3.8897 0.1026 | 4.4772 0.0902 | 2.1725 0.3778 | Time: 4.3243
Epoch: 0070 | TRAIN: 2.8724 0.1677 | 2.1428 0.3029 | 2.2204 0.3017 | Time: 50.0960 | VAL: 4.8628 0.0779 | 3.5190 0.2022 | 2.2727 0.3289 | Time: 3.5152 | TEST: 4.8193 0.0923 | 3.7797 0.1475 | 2.1340 0.3944 | Time: 4.0056
Epoch: 0071 | TRAIN: 2.9111 0.1544 | 2.1843 0.3077 | 2.2210 0.3119 | Time: 50.4347 | VAL: 7.9026 0.0761 | 4.8071 0.1461 | 2.8749 0.2483 | Time: 3.3592 | TEST: 7.9035 0.0889 | 5.1246 0.1230 | 2.9331 0.2889 | Time: 4.1229
Epoch: 0072 | TRAIN: 2.8796 0.1683 | 2.1711 0.3029 | 2.3403 0.2764 | Time: 50.0885 | VAL: 6.3255 0.0725 | 2.9412 0.2022 | 2.1975 0.3490 | Time: 3.4205 | TEST: 6.3661 0.0906 | 3.2457 0.0984 | 2.2205 0.3167 | Time: 4.3060
Epoch: 0073 | TRAIN: 2.9139 0.1665 | 2.1969 0.2861 | 2.3282 0.2698 | Time: 50.3343 | VAL: 4.3179 0.0562 | 3.3702 0.1461 | 2.6560 0.3221 | Time: 3.4807 | TEST: 4.3198 0.0735 | 3.7276 0.0902 | 2.6902 0.2944 | Time: 4.1221
Epoch: 0074 | TRAIN: 2.8826 0.1785 | 2.0584 0.3299 | 2.2378 0.2993 | Time: 49.6954 | VAL: 3.7121 0.1178 | 3.3426 0.2022 | 2.2112 0.4027 | Time: 3.4852 | TEST: 3.7087 0.1179 | 3.5704 0.1230 | 2.2011 0.3278 | Time: 3.9170
Epoch: 0075 | TRAIN: 2.9288 0.1472 | 2.1720 0.2969 | 2.2893 0.3077 | Time: 49.2135 | VAL: 5.7138 0.0688 | 3.6827 0.1461 | 2.7819 0.2483 | Time: 3.4174 | TEST: 5.6882 0.0752 | 3.8019 0.1393 | 2.7079 0.2167 | Time: 4.1781
Epoch: 0076 | TRAIN: 2.8976 0.1538 | 2.2160 0.3041 | 2.2997 0.2843 | Time: 49.1627 | VAL: 3.9413 0.0833 | 4.9007 0.1236 | 2.2811 0.3893 | Time: 3.3981 | TEST: 4.0244 0.0906 | 5.2064 0.0820 | 2.3391 0.3111 | Time: 3.9320
Epoch: 0077 | TRAIN: 2.8942 0.1683 | 2.2307 0.3119 | 2.3171 0.2897 | Time: 50.0249 | VAL: 4.5491 0.0815 | 4.0483 0.1236 | 2.2520 0.3758 | Time: 3.3544 | TEST: 4.5852 0.0718 | 4.6221 0.1475 | 2.1830 0.3611 | Time: 4.0931
Epoch: 0078 | TRAIN: 2.9085 0.1647 | 2.1302 0.3047 | 2.2062 0.3017 | Time: 49.8988 | VAL: 4.2450 0.0743 | 3.4621 0.1910 | 1.9502 0.4362 | Time: 3.3811 | TEST: 4.2937 0.0718 | 3.6354 0.1148 | 1.9312 0.4056 | Time: 4.1414
Epoch: 0079 | TRAIN: 2.8377 0.1743 | 2.1102 0.3191 | 2.2482 0.2915 | Time: 48.9457 | VAL: 4.3368 0.0870 | 2.6241 0.2360 | 2.1974 0.3758 | Time: 3.2831 | TEST: 4.3529 0.0906 | 2.7869 0.2541 | 2.0838 0.2944 | Time: 4.0893
Epoch: 0080 | TRAIN: 2.8327 0.1550 | 2.0919 0.3221 | 2.2544 0.2855 | Time: 49.6222 | VAL: 3.9489 0.1159 | 3.5785 0.1798 | 2.2307 0.3893 | Time: 3.5172 | TEST: 3.8984 0.1248 | 3.7516 0.1557 | 2.1466 0.3778 | Time: 3.9895
Epoch: 0081 | TRAIN: 2.8591 0.1659 | 2.0744 0.3401 | 2.1887 0.3167 | Time: 49.4166 | VAL: 4.4563 0.0942 | 3.2518 0.1685 | 2.3203 0.4094 | Time: 3.5420 | TEST: 4.5184 0.0957 | 3.4965 0.1311 | 2.1423 0.4000 | Time: 4.1430
Epoch: 0082 | TRAIN: 2.8639 0.1653 | 2.0414 0.3468 | 2.1805 0.3071 | Time: 49.6841 | VAL: 4.2156 0.0888 | 4.1259 0.1348 | 2.3814 0.3423 | Time: 3.7280 | TEST: 4.2394 0.1060 | 4.3925 0.1803 | 2.2845 0.3389 | Time: 3.9672
Epoch: 0083 | TRAIN: 2.8713 0.1737 | 2.0578 0.3438 | 2.1473 0.3143 | Time: 50.1298 | VAL: 4.7547 0.0797 | 3.2617 0.2360 | 2.4807 0.3893 | Time: 3.4278 | TEST: 4.7487 0.0803 | 3.5989 0.1230 | 2.6088 0.3056 | Time: 3.9004
Epoch: 0084 | TRAIN: 2.8585 0.1695 | 2.0660 0.3365 | 2.1898 0.3059 | Time: 49.6345 | VAL: 4.6253 0.0598 | 3.2066 0.1124 | 2.4323 0.3557 | Time: 3.3216 | TEST: 4.5419 0.0564 | 3.3343 0.0574 | 2.3181 0.3278 | Time: 3.9005
Epoch: 0085 | TRAIN: 2.8907 0.1707 | 2.1533 0.3143 | 2.2878 0.2794 | Time: 49.4867 | VAL: 6.1935 0.0417 | 3.4996 0.1573 | 2.2918 0.3087 | Time: 3.3573 | TEST: 6.2807 0.0376 | 3.5378 0.1639 | 2.1327 0.3000 | Time: 4.0030
Epoch: 0086 | TRAIN: 2.8666 0.1605 | 2.1117 0.3131 | 2.2175 0.3077 | Time: 49.4812 | VAL: 7.5588 0.0525 | 4.0008 0.0899 | 2.4097 0.3154 | Time: 3.3543 | TEST: 7.6475 0.0513 | 4.1942 0.0820 | 2.2930 0.3056 | Time: 3.9549
Epoch: 0087 | TRAIN: 2.8621 0.1707 | 2.0516 0.3359 | 2.1170 0.3347 | Time: 49.7527 | VAL: 5.3471 0.0779 | 3.1143 0.1685 | 2.5181 0.3289 | Time: 3.3294 | TEST: 5.3845 0.0957 | 3.2472 0.1721 | 2.3358 0.3222 | Time: 3.9108
Epoch: 0088 | TRAIN: 2.8417 0.1731 | 2.0213 0.3498 | 2.1271 0.3227 | Time: 49.9399 | VAL: 5.0577 0.0815 | 3.0613 0.2472 | 1.9860 0.4564 | Time: 3.2118 | TEST: 5.0736 0.0923 | 3.0976 0.1885 | 1.8519 0.4444 | Time: 3.9564
Epoch: 0089 | TRAIN: 2.8650 0.1701 | 2.0373 0.3401 | 2.0938 0.3251 | Time: 49.9658 | VAL: 4.5267 0.0779 | 3.5604 0.1573 | 2.2545 0.3960 | Time: 3.3862 | TEST: 4.5987 0.0769 | 3.8306 0.0902 | 2.0111 0.3944 | Time: 4.1097
Epoch: 0090 | TRAIN: 2.8584 0.1845 | 2.0644 0.3431 | 2.1288 0.3311 | Time: 49.2612 | VAL: 5.8210 0.0725 | 6.3010 0.1011 | 2.6111 0.2752 | Time: 3.3188 | TEST: 5.8465 0.0701 | 5.9776 0.1148 | 2.5493 0.2889 | Time: 4.0708
Epoch: 0091 | TRAIN: 2.8240 0.1803 | 2.0256 0.3438 | 2.0882 0.3311 | Time: 49.4813 | VAL: 10.0746 0.0489 | 3.2475 0.1910 | 2.5825 0.3691 | Time: 3.7191 | TEST: 10.1356 0.0427 | 3.4641 0.1475 | 2.6604 0.3500 | Time: 4.2892
Epoch: 0092 | TRAIN: 2.8195 0.1791 | 2.0441 0.3389 | 2.1396 0.3281 | Time: 49.6995 | VAL: 4.8266 0.0996 | 3.8752 0.1573 | 2.1658 0.4698 | Time: 3.4433 | TEST: 4.7844 0.1128 | 4.1793 0.1066 | 2.0142 0.4278 | Time: 4.2331
Epoch: 0093 | TRAIN: 2.8666 0.1749 | 2.0299 0.3407 | 2.1396 0.3263 | Time: 49.5418 | VAL: 5.4937 0.0417 | 3.0664 0.2022 | 2.4099 0.4161 | Time: 3.3911 | TEST: 5.5685 0.0564 | 3.4588 0.1475 | 2.4094 0.4056 | Time: 3.9636
Epoch: 0094 | TRAIN: 2.8261 0.1677 | 1.9885 0.3576 | 2.1414 0.3179 | Time: 49.5422 | VAL: 5.9913 0.0580 | 3.4494 0.1461 | 2.7533 0.2953 | Time: 3.2879 | TEST: 6.0925 0.0547 | 3.6816 0.1230 | 2.5815 0.2611 | Time: 3.8895
Epoch: 0095 | TRAIN: 2.8064 0.1845 | 2.0362 0.3359 | 2.1701 0.3155 | Time: 49.3618 | VAL: 3.9424 0.0779 | 3.8904 0.1461 | 2.2421 0.3960 | Time: 3.4852 | TEST: 3.9238 0.0803 | 4.2290 0.1066 | 2.0575 0.3944 | Time: 4.0683
Epoch: 0096 | TRAIN: 2.8288 0.1839 | 2.0105 0.3582 | 2.1257 0.3149 | Time: 49.5341 | VAL: 4.4689 0.0670 | 3.0529 0.1910 | 2.2332 0.3826 | Time: 3.4012 | TEST: 4.4553 0.0735 | 3.4388 0.1230 | 2.0398 0.3889 | Time: 4.1320
Epoch: 0097 | TRAIN: 2.7860 0.1869 | 1.9468 0.3732 | 2.0851 0.3425 | Time: 49.8438 | VAL: 3.7133 0.1123 | 3.4251 0.1798 | 2.6188 0.3758 | Time: 3.3843 | TEST: 3.8151 0.1111 | 3.5766 0.1393 | 2.5914 0.3111 | Time: 3.9205
Epoch: 0098 | TRAIN: 2.8381 0.1731 | 2.0128 0.3558 | 2.1252 0.3221 | Time: 49.7466 | VAL: 4.2242 0.0870 | 3.6878 0.1798 | 2.4117 0.3356 | Time: 3.4993 | TEST: 4.2028 0.0786 | 4.0975 0.1639 | 2.2649 0.3389 | Time: 3.9482
Epoch: 0099 | TRAIN: 2.8827 0.1749 | 2.0025 0.3642 | 2.1473 0.3113 | Time: 48.5402 | VAL: 5.6409 0.0779 | 4.5511 0.1910 | 2.4244 0.4362 | Time: 3.1891 | TEST: 5.7080 0.0752 | 4.6920 0.1393 | 2.4250 0.3333 | Time: 3.9949
========================================
Best Result: Epoch 88, result {'amazon': [0.09230769230769231], 'dslr': [0.1885245901639344], 'webcam': [0.4444444444444444]}
========================================
