========================================
General Configuration:
	Wighting: ITL
	Architecture: HPS
	Rep_Grad: False
	Multi_Input: True
	Seed: 0
	Device: cuda:1
ITL Configuration:
	weighting: ITL
	task_idx: 0
Optimizer Configuration:
	optim: adam
	lr: 0.0001
	weight_decay: 0.001
========================================
Total Params: 11573572
Trainable Params: 11573572
Non-trainable Params: 0
========================================
LOG FORMAT | Art_LOSS Acc | Clipart_LOSS Acc | Product_LOSS Acc | Real_World_LOSS Acc | TIME
Epoch: 0000 | TRAIN: 3.1329 0.3624 | 4.3227 0.0168 | 4.2846 0.0156 | 4.3281 0.0118 | Time: 125.2369 | VAL: 2.5163 0.4710 | 4.2224 0.0189 | 4.1958 0.0093 | 4.2546 0.0106 | Time: 36.5432 | TEST: 2.5965 0.4459 | 4.2291 0.0163 | 4.2064 0.0148 | 4.2591 0.0086 | Time: 33.1695
Epoch: 0001 | TRAIN: 1.5919 0.7965 | 4.3141 0.0141 | 4.2750 0.0171 | 4.2754 0.0160 | Time: 125.3939 | VAL: 2.0722 0.5849 | 4.2231 0.0154 | 4.2070 0.0128 | 4.2355 0.0083 | Time: 37.9722 | TEST: 2.1632 0.5655 | 4.2371 0.0152 | 4.2074 0.0201 | 4.2328 0.0119 | Time: 37.5430
Epoch: 0002 | TRAIN: 0.8809 0.9440 | 4.2614 0.0141 | 4.2532 0.0183 | 4.2526 0.0111 | Time: 124.3327 | VAL: 1.8973 0.6129 | 4.2105 0.0142 | 4.2028 0.0140 | 4.2146 0.0083 | Time: 34.5585 | TEST: 1.9879 0.5996 | 4.2215 0.0152 | 4.2014 0.0159 | 4.2172 0.0086 | Time: 38.6794
Epoch: 0003 | TRAIN: 0.4720 0.9863 | 4.2577 0.0160 | 4.2232 0.0141 | 4.2267 0.0171 | Time: 124.6518 | VAL: 1.7748 0.6430 | 4.1985 0.0154 | 4.1939 0.0128 | 4.2062 0.0095 | Time: 36.1688 | TEST: 1.8676 0.6148 | 4.2101 0.0195 | 4.1916 0.0212 | 4.2132 0.0108 | Time: 36.4304
Epoch: 0004 | TRAIN: 0.2805 0.9912 | 4.2223 0.0156 | 4.2107 0.0152 | 4.2300 0.0145 | Time: 129.4613 | VAL: 1.7154 0.6516 | 4.1904 0.0095 | 4.1903 0.0140 | 4.1967 0.0154 | Time: 35.5479 | TEST: 1.8167 0.6300 | 4.1983 0.0163 | 4.1895 0.0148 | 4.2004 0.0130 | Time: 36.0963
Epoch: 0005 | TRAIN: 0.1840 0.9935 | 4.2146 0.0145 | 4.2123 0.0171 | 4.2035 0.0156 | Time: 127.5337 | VAL: 1.6580 0.6538 | 4.1860 0.0106 | 4.1874 0.0151 | 4.1900 0.0118 | Time: 35.4461 | TEST: 1.7495 0.6433 | 4.1936 0.0173 | 4.1873 0.0127 | 4.1941 0.0119 | Time: 35.9924
Epoch: 0006 | TRAIN: 0.1385 0.9920 | 4.1996 0.0130 | 4.2035 0.0141 | 4.1963 0.0156 | Time: 129.6154 | VAL: 1.6104 0.6559 | 4.1784 0.0177 | 4.1862 0.0116 | 4.1866 0.0118 | Time: 32.0749 | TEST: 1.6994 0.6414 | 4.1872 0.0152 | 4.1850 0.0117 | 4.1887 0.0162 | Time: 36.9061
Epoch: 0007 | TRAIN: 0.1039 0.9924 | 4.1915 0.0160 | 4.1925 0.0130 | 4.1897 0.0141 | Time: 128.5545 | VAL: 1.5738 0.6581 | 4.1780 0.0154 | 4.1832 0.0151 | 4.1850 0.0118 | Time: 37.7968 | TEST: 1.6655 0.6433 | 4.1839 0.0141 | 4.1828 0.0148 | 4.1848 0.0173 | Time: 33.1663
Epoch: 0008 | TRAIN: 0.0847 0.9939 | 4.1896 0.0141 | 4.1913 0.0122 | 4.1860 0.0141 | Time: 113.9357 | VAL: 1.5771 0.6645 | 4.1760 0.0189 | 4.1824 0.0128 | 4.1810 0.0130 | Time: 37.9357 | TEST: 1.6569 0.6414 | 4.1817 0.0141 | 4.1817 0.0106 | 4.1809 0.0162 | Time: 36.9757
Epoch: 0009 | TRAIN: 0.0793 0.9920 | 4.1821 0.0202 | 4.1862 0.0164 | 4.1836 0.0133 | Time: 119.7806 | VAL: 1.5642 0.6581 | 4.1742 0.0189 | 4.1796 0.0116 | 4.1783 0.0130 | Time: 33.7219 | TEST: 1.6528 0.6490 | 4.1790 0.0173 | 4.1788 0.0127 | 4.1773 0.0151 | Time: 36.9260
Epoch: 0010 | TRAIN: 0.0684 0.9920 | 4.1782 0.0187 | 4.1844 0.0133 | 4.1767 0.0179 | Time: 118.9381 | VAL: 1.5447 0.6731 | 4.1730 0.0201 | 4.1782 0.0151 | 4.1771 0.0118 | Time: 34.7539 | TEST: 1.6333 0.6471 | 4.1773 0.0163 | 4.1782 0.0148 | 4.1769 0.0205 | Time: 34.7553
Epoch: 0011 | TRAIN: 0.0604 0.9935 | 4.1763 0.0194 | 4.1804 0.0111 | 4.1761 0.0122 | Time: 125.8148 | VAL: 1.5294 0.6602 | 4.1729 0.0213 | 4.1776 0.0116 | 4.1766 0.0177 | Time: 33.0497 | TEST: 1.6135 0.6546 | 4.1763 0.0195 | 4.1775 0.0138 | 4.1764 0.0184 | Time: 34.7093
Epoch: 0012 | TRAIN: 0.0580 0.9924 | 4.1777 0.0156 | 4.1788 0.0152 | 4.1737 0.0191 | Time: 125.4709 | VAL: 1.5233 0.6602 | 4.1724 0.0236 | 4.1767 0.0128 | 4.1761 0.0130 | Time: 33.9381 | TEST: 1.6081 0.6509 | 4.1756 0.0249 | 4.1763 0.0127 | 4.1756 0.0151 | Time: 35.8031
Epoch: 0013 | TRAIN: 0.0529 0.9916 | 4.1750 0.0187 | 4.1785 0.0099 | 4.1757 0.0141 | Time: 123.3996 | VAL: 1.4951 0.6645 | 4.1724 0.0213 | 4.1761 0.0093 | 4.1747 0.0118 | Time: 34.7680 | TEST: 1.5816 0.6490 | 4.1748 0.0238 | 4.1758 0.0127 | 4.1743 0.0195 | Time: 37.4433
Epoch: 0014 | TRAIN: 0.0488 0.9928 | 4.1766 0.0141 | 4.1774 0.0156 | 4.1741 0.0175 | Time: 120.7114 | VAL: 1.5239 0.6581 | 4.1733 0.0189 | 4.1758 0.0081 | 4.1752 0.0177 | Time: 35.0020 | TEST: 1.5942 0.6584 | 4.1752 0.0206 | 4.1753 0.0117 | 4.1748 0.0205 | Time: 34.9229
Epoch: 0015 | TRAIN: 0.0465 0.9935 | 4.1735 0.0149 | 4.1761 0.0111 | 4.1749 0.0145 | Time: 124.0321 | VAL: 1.4964 0.6667 | 4.1729 0.0213 | 4.1754 0.0093 | 4.1747 0.0177 | Time: 34.4972 | TEST: 1.5858 0.6565 | 4.1742 0.0238 | 4.1749 0.0117 | 4.1741 0.0151 | Time: 35.2451
Epoch: 0016 | TRAIN: 0.0428 0.9924 | 4.1745 0.0152 | 4.1753 0.0145 | 4.1746 0.0145 | Time: 125.5228 | VAL: 1.5140 0.6710 | 4.1731 0.0248 | 4.1753 0.0140 | 4.1744 0.0177 | Time: 35.6292 | TEST: 1.5873 0.6546 | 4.1743 0.0260 | 4.1750 0.0095 | 4.1740 0.0184 | Time: 34.8502
Epoch: 0017 | TRAIN: 0.0392 0.9931 | 4.1740 0.0141 | 4.1756 0.0111 | 4.1737 0.0168 | Time: 123.2177 | VAL: 1.4986 0.6688 | 4.1734 0.0225 | 4.1749 0.0116 | 4.1744 0.0177 | Time: 37.0954 | TEST: 1.5751 0.6490 | 4.1744 0.0249 | 4.1748 0.0117 | 4.1740 0.0151 | Time: 37.0311
Epoch: 0018 | TRAIN: 0.0370 0.9928 | 4.1739 0.0152 | 4.1752 0.0103 | 4.1745 0.0118 | Time: 121.7321 | VAL: 1.4841 0.6774 | 4.1738 0.0213 | 4.1748 0.0128 | 4.1744 0.0177 | Time: 35.5148 | TEST: 1.5755 0.6376 | 4.1745 0.0260 | 4.1747 0.0117 | 4.1741 0.0151 | Time: 38.3167
Epoch: 0019 | TRAIN: 0.0352 0.9950 | 4.1743 0.0194 | 4.1749 0.0152 | 4.1740 0.0133 | Time: 122.0584 | 