========================================
General Configuration:
	Wighting: ITL
	Architecture: HPS
	Rep_Grad: False
	Multi_Input: True
	Seed: 0
	Device: cuda:0
ITL Configuration:
	weighting: ITL
	task_idx: 1
Optimizer Configuration:
	optim: adam
	lr: 0.001
	weight_decay: 1e-06
========================================
Total Params: 11573572
Trainable Params: 11573572
Non-trainable Params: 0
========================================
LOG FORMAT | Art_LOSS Acc | Clipart_LOSS Acc | Product_LOSS Acc | Real_World_LOSS Acc | TIME
Epoch: 0000 | TRAIN: 4.2236 0.0145 | 2.9661 0.2885 | 4.2363 0.0152 | 4.2522 0.0152 | Time: 121.6119 | VAL: 4.1714 0.0301 | 2.1640 0.4397 | 4.1679 0.0244 | 4.1782 0.0130 | Time: 35.2975 | TEST: 4.1714 0.0247 | 2.0892 0.4789 | 4.1728 0.0265 | 4.1780 0.0086 | Time: 36.9300
Epoch: 0001 | TRAIN: 4.1741 0.0183 | 1.5794 0.6258 | 4.1771 0.0183 | 4.1763 0.0145 | Time: 123.0692 | VAL: 4.1728 0.0344 | 1.6267 0.5851 | 4.1731 0.0174 | 4.1745 0.0106 | Time: 34.5070 | TEST: 4.1730 0.0190 | 1.5691 0.6013 | 4.1738 0.0127 | 4.1745 0.0086 | Time: 37.5398
Epoch: 0002 | TRAIN: 4.1739 0.0213 | 0.9413 0.7732 | 4.1746 0.0111 | 4.1745 0.0103 | Time: 121.1375 | VAL: 4.1745 0.0151 | 1.4115 0.6371 | 4.1744 0.0163 | 4.1744 0.0225 | Time: 35.3607 | TEST: 4.1744 0.0095 | 1.3049 0.6804 | 4.1744 0.0074 | 4.1744 0.0054 | Time: 38.3984
Epoch: 0003 | TRAIN: 4.1744 0.0118 | 0.6207 0.8518 | 4.1744 0.0145 | 4.1744 0.0122 | Time: 123.5761 | VAL: 4.1744 0.0022 | 1.4239 0.6560 | 4.1744 0.0163 | 4.1744 0.0154 | Time: 34.6437 | TEST: 4.1744 0.0133 | 1.3384 0.6847 | 4.1744 0.0127 | 4.1744 0.0141 | Time: 37.6094
Epoch: 0004 | TRAIN: 4.1744 0.0171 | 0.3983 0.9085 | 4.1744 0.0145 | 4.1744 0.0145 | Time: 120.0569 | VAL: 4.1744 0.0172 | 1.3585 0.6631 | 4.1744 0.0140 | 4.1744 0.0154 | Time: 34.7206 | TEST: 4.1744 0.0095 | 1.2567 0.6858 | 4.1744 0.0212 | 4.1744 0.0184 | Time: 38.5243
Epoch: 0005 | TRAIN: 4.1744 0.0160 | 0.2818 0.9345 | 4.1744 0.0194 | 4.1744 0.0179 | Time: 123.0133 | VAL: 4.1744 0.0215 | 1.3847 0.6714 | 4.1744 0.0116 | 4.1744 0.0118 | Time: 34.8158 | TEST: 4.1744 0.0152 | 1.3567 0.6891 | 4.1744 0.0159 | 4.1744 0.0108 | Time: 38.2894
Epoch: 0006 | TRAIN: 4.1744 0.0149 | 0.2214 0.9444 | 4.1744 0.0133 | 4.1744 0.0168 | Time: 124.0573 | VAL: 4.1744 0.0129 | 1.3185 0.7234 | 4.1744 0.0209 | 4.1744 0.0213 | Time: 34.9681 | TEST: 4.1744 0.0114 | 1.3149 0.6891 | 4.1744 0.0191 | 4.1744 0.0227 | Time: 37.9811
Epoch: 0007 | TRAIN: 4.1744 0.0103 | 0.1719 0.9592 | 4.1744 0.0206 | 4.1744 0.0152 | Time: 124.5081 | VAL: 4.1744 0.0086 | 1.4640 0.6785 | 4.1744 0.0151 | 4.1744 0.0118 | Time: 39.0053 | TEST: 4.1744 0.0095 | 1.4558 0.6652 | 4.1744 0.0169 | 4.1744 0.0130 | Time: 41.1931
Epoch: 0008 | TRAIN: 4.1744 0.0065 | 0.1333 0.9653 | 4.1744 0.0171 | 4.1744 0.0152 | Time: 146.3324 | VAL: 4.1744 0.0086 | 1.4047 0.7069 | 4.1744 0.0186 | 4.1744 0.0154 | Time: 41.7564 | TEST: 4.1744 0.0076 | 1.4260 0.7064 | 4.1744 0.0180 | 4.1744 0.0162 | Time: 39.0554
Epoch: 0009 | TRAIN: 4.1744 0.0099 | 0.1350 0.9691 | 4.1744 0.0183 | 4.1744 0.0171 | Time: 147.1739 | VAL: 4.1744 0.0086 | 1.4634 0.6998 | 4.1744 0.0186 | 4.1744 0.0154 | Time: 38.4522 | TEST: 4.1744 0.0076 | 1.3593 0.7151 | 4.1744 0.0180 | 4.1744 0.0162 | Time: 38.4572
Epoch: 0010 | TRAIN: 4.1744 0.0069 | 0.1045 0.9760 | 4.1744 0.0183 | 4.1744 0.0149 | Time: 146.2806 | VAL: 4.1744 0.0086 | 1.4286 0.7116 | 4.1744 0.0186 | 4.1744 0.0154 | Time: 39.2326 | TEST: 4.1744 0.0076 | 1.3700 0.7270 | 4.1744 0.0180 | 4.1744 0.0162 | Time: 39.7746
Epoch: 0011 | TRAIN: 4.1744 0.0091 | 0.0789 0.9806 | 4.1744 0.0183 | 4.1744 0.0145 | Time: 147.9576 | VAL: 4.1744 0.0086 | 1.3774 0.7175 | 4.1744 0.0186 | 4.1744 0.0154 | Time: 34.2147 | TEST: 4.1744 0.0076 | 1.2743 0.7216 | 4.1744 0.0180 | 4.1744 0.0162 | Time: 40.3553
Epoch: 0012 | TRAIN: 4.1744 0.0088 | 0.0638 0.9829 | 4.1744 0.0183 | 4.1744 0.0168 | Time: 144.5742 | VAL: 4.1744 0.0086 | 1.4360 0.7104 | 4.1744 0.0186 | 4.1744 0.0154 | Time: 37.1744 | TEST: 4.1744 0.0076 | 1.3022 0.7465 | 4.1744 0.0180 | 4.1744 0.0162 | Time: 40.0225
Epoch: 0013 | TRAIN: 4.1744 0.0080 | 0.0708 0.9817 | 4.1744 0.0183 | 4.1744 0.0156 | Time: 142.2874 | VAL: 4.1744 0.0086 | 1.3816 0.7388 | 4.1744 0.0186 | 4.1744 0.0154 | Time: 37.5395 | TEST: 4.1744 0.0076 | 1.3972 0.7172 | 4.1744 0.0180 | 4.1744 0.0162 | Time: 40.2313
Epoch: 0014 | TRAIN: 4.1744 0.0080 | 0.0676 0.9790 | 4.1744 0.0183 | 4.1744 0.0137 | Time: 142.2298 | VAL: 4.1744 0.0086 | 1.6658 0.6738 | 4.1744 0.0186 | 4.1744 0.0154 | Time: 39.3704 | TEST: 4.1744 0.0076 | 1.5935 0.6761 | 4.1744 0.0180 | 4.1744 0.0162 | Time: 38.9406
Epoch: 0015 | TRAIN: 4.1744 0.0091 | 0.1141 0.9699 | 4.1744 0.0183 | 4.1744 0.0156 | Time: 139.8290 | VAL: 4.1744 0.0086 | 1.6314 0.6879 | 4.1744 0.0186 | 4.1744 0.0154 | Time: 38.5222 | TEST: 4.1744 0.0076 | 1.5200 0.7010 | 4.1744 0.0180 | 4.1744 0.0162 | Time: 40.8622
Epoch: 0016 | TRAIN: 4.1744 0.0080 | 0.1764 0.9512 | 4.1744 0.0183 | 4.1744 0.0152 | Time: 136.5577 | VAL: 4.1744 0.0086 | 1.6462 0.6572 | 4.1744 0.0186 | 4.1744 0.0154 | Time: 37.1984 | TEST: 4.1744 0.0076 | 1.5651 0.6620 | 4.1744 0.0180 | 4.1744 0.0162 | Time: 44.7743
Epoch: 0017 | TRAIN: 4.1744 0.0088 | 0.2261 0.9405 | 4.1744 0.0179 | 4.1744 0.0175 | Time: 134.3952 | VAL: 4.1744 0.0086 | 1.8697 0.6300 | 4.1744 0.0186 | 4.1744 0.0154 | Time: 38.3436 | TEST: 4.1744 0.0076 | 1.7784 0.6587 | 4.1744 0.0180 | 4.1744 0.0162 | Time: 41.4824
Epoch: 0018 | TRAIN: 4.1744 0.0080 | 0.2439 0.9356 | 4.1744 0.0183 | 4.1744 0.0141 | Time: 137.5462 | VAL: 4.1744 0.0086 | 1.5918 0.6726 | 4.1744 0.0186 | 4.1744 0.0154 | Time: 39.0219 | TEST: 4.1744 0.0076 | 1.6782 0.6674 | 4.1744 0.0180 | 4.1744 0.0162 | Time: 39.3542
Epoch: 0019 | TRAIN: 4.1744 0.0084 | 0.2101 0.9394 | 4.1744 0.0183 | 4.1744 0.0141 | Time: 138.3135 | VAL: 4.1744 0.0086 | 1.5642 0.6927 | 4.1744 0.0186 | 4.1744 0.0154 | Time: 42.1232 | TEST: 4.1744 0.0076 | 1.5622 0.7010 | 4.1744 0.0180 | 4.1744 0.0162 | Time: 38.5026
Epoch: 0020 | TRAIN: 4.1744 0.0088 | 0.1317 0.9695 | 4.1744 0.0183 | 4.1744 0.0168 | Time: 136.7790 | VAL: 4.1744 0.0086 | 1.5380 0.6939 | 4.1744 0.0186 | 4.1744 0.0154 | Time: 39.8101 | TEST: 4.1744 0.0076 | 1.5222 0.6999 | 4.1744 0.0180 | 4.1744 0.0162 | Time: 38.6620
Epoch: 0021 | TRAIN: 4.1744 0.0084 | 0.0797 0.9760 | 4.1744 0.0179 | 4.1744 0.0164 | Time: 126.6472 | VAL: 4.1744 0.0086 | 1.4934 0.7116 | 4.1744 0.0186 | 4.1744 0.0154 | Time: 36.3229 | TEST: 4.1744 0.0076 | 1.4656 0.7248 | 4.1744 0.0180 | 4.1744 0.0162 | Time: 35.1615
Epoch: 0022 | TRAIN: 4.1744 0.0084 | 0.0577 0.9809 | 4.1744 0.0183 | 4.1744 0.0160 | Time: 123.5328 | VAL: 4.1744 0.0086 | 1.5524 0.7057 | 4.1744 0.0186 | 4.1744 0.0154 | Time: 37.7321 | TEST: 4.1744 0.0076 | 1.5505 0.7237 | 4.1744 0.0180 | 4.1744 0.0162 | Time: 35.8512
Epoch: 0023 | TRAIN: 4.1744 0.0088 | 0.0532 0.9798 | 4.1744 0.0183 | 4.1744 0.0141 | Time: 120.9391 | VAL: 4.1744 0.0086 | 1.6348 0.7163 | 4.1744 0.0186 | 4.1744 0.0154 | Time: 36.4487 | TEST: 4.1744 0.0076 | 1.5966 0.7216 | 4.1744 0.0180 | 4.1744 0.0162 | Time: 35.4255
Epoch: 0024 | TRAIN: 4.1744 0.0080 | 0.0615 0.9760 | 4.1744 0.0179 | 4.1744 0.0164 | Time: 119.3187 | VAL: 4.1744 0.0086 | 1.6039 0.7009 | 4.1744 0.0186 | 4.1744 0.0154 | Time: 38.6351 | TEST: 4.1744 0.0076 | 1.5013 0.7248 | 4.1744 0.0180 | 4.1744 0.0162 | Time: 35.4683
Epoch: 0025 | TRAIN: 4.1744 0.0091 | 0.0460 0.9851 | 4.1744 0.0183 | 4.1744 0.0164 | Time: 120.5664 | VAL: 4.1744 0.0086 | 1.5490 0.7139 | 4.1744 0.0186 | 4.1744 0.0154 | Time: 38.8539 | TEST: 4.1744 0.0076 | 1.4206 0.7432 | 4.1744 0.0180 | 4.1744 0.0162 | Time: 36.0543
Epoch: 0026 | TRAIN: 4.1744 0.0076 | 0.0360 0.9863 | 4.1744 0.0179 | 4.1744 0.0145 | Time: 121.7391 | VAL: 4.1744 0.0086 | 1.6267 0.7163 | 4.1744 0.0186 | 4.1744 0.0154 | Time: 38.7260 | TEST: 4.1744 0.0076 | 1.4334 0.7443 | 4.1744 0.0180 | 4.1744 0.0162 | Time: 35.0523
Epoch: 0027 | TRAIN: 4.1744 0.0076 | 0.0514 0.9832 | 4.1744 0.0183 | 4.1744 0.0152 | Time: 121.3520 | VAL: 4.1744 0.0086 | 1.5580 0.7092 | 4.1744 0.0186 | 4.1744 0.0154 | Time: 41.2078 | TEST: 4.1744 0.0076 | 1.5132 0.7172 | 4.1744 0.0180 | 4.1744 0.0162 | Time: 39.8798
Epoch: 0028 | TRAIN: 4.1744 0.0088 | 0.0492 0.9825 | 4.1744 0.0183 | 4.1744 0.0149 | Time: 152.6280 | VAL: 4.1744 0.0086 | 1.4496 0.7423 | 4.1744 0.0186 | 4.1744 0.0154 | Time: 38.8892 | TEST: 4.1744 0.0076 | 1.4595 0.7519 | 4.1744 0.0180 | 4.1744 0.0162 | Time: 35.7630
Epoch: 0029 | TRAIN: 4.1744 0.0088 | 0.0278 0.9851 | 4.1744 0.0183 | 4.1744 0.0152 | Time: 146.4823 | VAL: 4.1744 0.0086 | 1.4211 0.7423 | 4.1744 0.0186 | 4.1744 0.0154 | Time: 40.4721 | TEST: 4.1744 0.0076 | 1.4652 0.7421 | 4.1744 0.0180 | 4.1744 0.0162 | Time: 40.4544
Epoch: 0030 | TRAIN: 4.1744 0.0080 | 0.0255 0.9878 | 4.1744 0.0183 | 4.1744 0.0149 | Time: 149.1947 | VAL: 4.1744 0.0086 | 1.4930 0.7352 | 4.1744 0.0186 | 4.1744 0.0154 | Time: 42.5370 | TEST: 4.1744 0.0076 | 1.5114 0.7400 | 4.1744 0.0180 | 4.1744 0.0162 | Time: 42.7273
Epoch: 0031 | TRAIN: 4.1744 0.0095 | 0.0290 0.9878 | 4.1744 0.0183 | 4.1744 0.0156 | Time: 174.5006 | VAL: 4.1744 0.0086 | 1.4829 0.7411 | 4.1744 0.0186 | 4.1744 0.0154 | Time: 42.4481 | TEST: 4.1744 0.0076 | 1.4891 0.7454 | 4.1744 0.0180 | 4.1744 0.0162 | Time: 49.2951
Epoch: 0032 | TRAIN: 4.1744 0.0072 | 0.0209 0.9916 | 4.1744 0.0183 | 4.1744 0.0179 | Time: 173.0839 | VAL: 4.1744 0.0086 | 1.4732 0.7470 | 4.1744 0.0186 | 4.1744 0.0154 | Time: 45.2778 | TEST: 4.1744 0.0076 | 1.4804 0.7476 | 4.1744 0.0180 | 4.1744 0.0162 | Time: 44.6244
Epoch: 0033 | TRAIN: 4.1744 0.0091 | 0.0289 0.9863 | 4.1744 0.0179 | 4.1744 0.0145 | Time: 169.7702 | VAL: 4.1744 0.0086 | 1.4957 0.7459 | 4.1744 0.0186 | 4.1744 0.0154 | Time: 42.2324 | TEST: 4.1744 0.0076 | 1.4727 0.7432 | 4.1744 0.0180 | 4.1744 0.0162 | Time: 45.5382
Epoch: 0034 | TRAIN: 4.1744 0.0076 | 0.0261 0.9889 | 4.1744 0.0179 | 4.1744 0.0160 | Time: 169.8155 | VAL: 4.1744 0.0086 | 1.5228 0.7400 | 4.1744 0.0186 | 4.1744 0.0154 | Time: 42.3911 | TEST: 4.1744 0.0076 | 1.4800 0.7497 | 4.1744 0.0180 | 4.1744 0.0162 | Time: 42.8886
Epoch: 0035 | TRAIN: 4.1744 0.0084 | 0.0202 0.9897 | 4.1744 0.0183 | 4.1744 0.0160 | Time: 172.2010 | VAL: 4.1744 0.0086 | 1.4868 0.7494 | 4.1744 0.0186 | 4.1744 0.0154 | Time: 44.2990 | TEST: 4.1744 0.0076 | 1.4766 0.7497 | 4.1744 0.0180 | 4.1744 0.0162 | Time: 45.1983
Epoch: 0036 | TRAIN: 4.1744 0.0084 | 0.0223 0.9870 | 4.1744 0.0183 | 4.1744 0.0149 | Time: 166.5648 | VAL: 4.1744 0.0086 | 1.5121 0.7376 | 4.1744 0.0186 | 4.1744 0.0154 | Time: 42.4893 | TEST: 4.1744 0.0076 | 1.4824 0.7476 | 4.1744 0.0180 | 4.1744 0.0162 | Time: 44.2304
Epoch: 0037 | TRAIN: 4.1744 0.0091 | 0.0205 0.9893 | 4.1744 0.0183 | 4.1744 0.0160 | Time: 166.5075 | VAL: 4.1744 0.0086 | 1.4894 0.7400 | 4.1744 0.0186 | 4.1744 0.0154 | Time: 42.2080 | TEST: 4.1744 0.0076 | 1.4738 0.7541 | 4.1744 0.0180 | 4.1744 0.0162 | Time: 43.6092
Epoch: 0038 | TRAIN: 4.1744 0.0076 | 0.0198 0.9886 | 4.1744 0.0179 | 4.1744 0.0145 | Time: 161.0037 | VAL: 4.1744 0.0086 | 1.4877 0.7411 | 4.1744 0.0186 | 4.1744 0.0154 | Time: 41.1578 | TEST: 4.1744 0.0076 | 1.4861 0.7486 | 4.1744 0.0180 | 4.1744 0.0162 | Time: 43.0281
Epoch: 0039 | TRAIN: 4.1744 0.0076 | 0.0194 0.9889 | 4.1744 0.0179 | 4.1744 0.0156 | Time: 161.3916 | VAL: 4.1744 0.0086 | 1.5143 0.7423 | 4.1744 0.0186 | 4.1744 0.0154 | Time: 41.6707 | TEST: 4.1744 0.0076 | 1.5033 0.7508 | 4.1744 0.0180 | 4.1744 0.0162 | Time: 43.8927
Epoch: 0040 | TRAIN: 4.1744 0.0091 | 0.0176 0.9912 | 4.1744 0.0183 | 4.1744 0.0152 | Time: 160.1110 | VAL: 4.1744 0.0086 | 1.5078 0.7411 | 4.1744 0.0186 | 4.1744 0.0154 | Time: 44.4478 | TEST: 4.1744 0.0076 | 1.5040 0.7541 | 4.1744 0.0180 | 4.1744 0.0162 | Time: 46.0191
Epoch: 0041 | TRAIN: 4.1744 0.0084 | 0.0180 0.9882 | 4.1744 0.0183 | 4.1744 0.0164 | Time: 170.2503 | VAL: 4.1744 0.0086 | 1.5034 0.7364 | 4.1744 0.0186 | 4.1744 0.0154 | Time: 43.3087 | TEST: 4.1744 0.0076 | 1.5079 0.7486 | 4.1744 0.0180 | 4.1744 0.0162 | Time: 43.5100
Epoch: 0042 | TRAIN: 4.1744 0.0091 | 0.0231 0.9874 | 4.1744 0.0183 | 4.1744 0.0152 | Time: 160.6154 | VAL: 4.1744 0.0086 | 1.5336 0.7423 | 4.1744 0.0186 | 4.1744 0.0154 | Time: 43.4649 | TEST: 4.1744 0.0076 | 1.5297 0.7541 | 4.1744 0.0180 | 4.1744 0.0162 | Time: 44.8795
Epoch: 0043 | TRAIN: 4.1744 0.0084 | 0.0212 0.9889 | 4.1744 0.0183 | 4.1744 0.0160 | Time: 172.9609 | VAL: 4.1744 0.0086 | 1.5250 0.7400 | 4.1744 0.0186 | 4.1744 0.0154 | Time: 42.8994 | TEST: 4.1744 0.0076 | 1.5244 0.7541 | 4.1744 0.0180 | 4.1744 0.0162 | Time: 44.7315
Epoch: 0044 | TRAIN: 4.1744 0.0088 | 0.0253 0.9893 | 4.1744 0.0183 | 4.1744 0.0145 | Time: 177.6343 | VAL: 4.1744 0.0086 | 1.5031 0.7423 | 4.1744 0.0186 | 4.1744 0.0154 | Time: 43.4272 | TEST: 4.1744 0.0076 | 1.5149 0.7486 | 4.1744 0.0180 | 4.1744 0.0162 | Time: 43.8871
Epoch: 0045 | TRAIN: 4.1744 0.0084 | 0.0185 0.9912 | 4.1744 0.0183 | 4.1744 0.0156 | Time: 179.9805 | VAL: 4.1744 0.0086 | 1.5466 0.7411 | 4.1744 0.0186 | 4.1744 0.0154 | Time: 41.9998 | TEST: 4.1744 0.0076 | 1.5354 0.7508 | 4.1744 0.0180 | 4.1744 0.0162 | Time: 39.6914
Epoch: 0046 | TRAIN: 4.1744 0.0088 | 0.0209 0.9905 | 4.1744 0.0183 | 4.1744 0.0156 | Time: 173.2401 | VAL: 4.1744 0.0086 | 1.5799 0.7459 | 4.1744 0.0186 | 4.1744 0.0154 | Time: 41.7798 | TEST: 4.1744 0.0076 | 1.5572 0.7541 | 4.1744 0.0180 | 4.1744 0.0162 | Time: 44.0663
Epoch: 0047 | TRAIN: 4.1744 0.0076 | 0.0250 0.9867 | 4.1744 0.0183 | 4.1744 0.0156 | Time: 171.2913 | VAL: 4.1744 0.0086 | 1.5186 0.7506 | 4.1744 0.0186 | 4.1744 0.0154 | Time: 41.9210 | TEST: 4.1744 0.0076 | 1.5293 0.7562 | 4.1744 0.0180 | 4.1744 0.0162 | Time: 43.7437
Epoch: 0048 | TRAIN: 4.1744 0.0095 | 0.0169 0.9920 | 4.1744 0.0183 | 4.1744 0.0156 | Time: 170.1280 | VAL: 4.1744 0.0086 | 1.5173 0.7447 | 4.1744 0.0186 | 4.1744 0.0154 | Time: 44.6094 | TEST: 4.1744 0.0076 | 1.4866 0.7595 | 4.1744 0.0180 | 4.1744 0.0162 | Time: 45.5716
Epoch: 0049 | TRAIN: 4.1744 0.0065 | 0.0196 0.9893 | 4.1744 0.0179 | 4.1744 0.0160 | Time: 165.3079 | VAL: 4.1744 0.0086 | 1.5306 0.7482 | 4.1744 0.0186 | 4.1744 0.0154 | Time: 40.5931 | TEST: 4.1744 0.0076 | 1.5281 0.7476 | 4.1744 0.0180 | 4.1744 0.0162 | Time: 37.5637
Epoch: 0050 | TRAIN: 4.1744 0.0099 | 0.0192 0.9909 | 4.1744 0.0183 | 4.1744 0.0145 | Time: 170.6743 | VAL: 4.1744 0.0086 | 1.5433 0.7530 | 4.1744 0.0186 | 4.1744 0.0154 | Time: 36.9880 | TEST: 4.1744 0.0076 | 1.5353 0.7584 | 4.1744 0.0180 | 4.1744 0.0162 | Time: 41.6146
Epoch: 0051 | TRAIN: 4.1744 0.0076 | 0.0206 0.9889 | 4.1744 0.0183 | 4.1744 0.0156 | Time: 160.9858 | VAL: 4.1744 0.0086 | 1.5536 0.7470 | 4.1744 0.0186 | 4.1744 0.0154 | Time: 41.5061 | TEST: 4.1744 0.0076 | 1.5432 0.7530 | 4.1744 0.0180 | 4.1744 0.0162 | Time: 43.5120
Epoch: 0052 | TRAIN: 4.1744 0.0084 | 0.0269 0.9882 | 4.1744 0.0179 | 4.1744 0.0171 | Time: 157.3969 | VAL: 4.1744 0.0086 | 1.4949 0.7565 | 4.1744 0.0186 | 4.1744 0.0154 | Time: 43.7958 | TEST: 4.1744 0.0076 | 1.5510 0.7443 | 4.1744 0.0180 | 4.1744 0.0162 | Time: 40.1059
Epoch: 0053 | TRAIN: 4.1744 0.0080 | 0.0208 0.9882 | 4.1744 0.0183 | 4.1744 0.0149 | Time: 140.9750 | VAL: 4.1744 0.0086 | 1.5387 0.7589 | 4.1744 0.0186 | 4.1744 0.0154 | Time: 38.7449 | TEST: 4.1744 0.0076 | 1.5710 0.7519 | 4.1744 0.0180 | 4.1744 0.0162 | Time: 39.5105
Epoch: 0054 | TRAIN: 4.1744 0.0103 | 0.0226 0.9909 | 4.1744 0.0179 | 4.1744 0.0145 | Time: 138.3738 | VAL: 4.1744 0.0086 | 1.5708 0.7470 | 4.1744 0.0186 | 4.1744 0.0154 | Time: 37.2623 | TEST: 4.1744 0.0076 | 1.5453 0.7541 | 4.1744 0.0180 | 4.1744 0.0162 | Time: 43.9752
Epoch: 0055 | TRAIN: 4.1744 0.0065 | 0.0234 0.9886 | 4.1744 0.0183 | 4.1744 0.0149 | Time: 130.3600 | VAL: 4.1744 0.0086 | 1.5486 0.7470 | 4.1744 0.0186 | 4.1744 0.0154 | Time: 35.7572 | TEST: 4.1744 0.0076 | 1.5434 0.7476 | 4.1744 0.0180 | 4.1744 0.0162 | Time: 40.9298
Epoch: 0056 | TRAIN: 4.1744 0.0084 | 0.0216 0.9867 | 4.1744 0.0183 | 4.1744 0.0168 | Time: 121.9162 | VAL: 4.1744 0.0086 | 1.5193 0.7518 | 4.1744 0.0186 | 4.1744 0.0154 | Time: 37.0526 | TEST: 4.1744 0.0076 | 1.5454 0.7486 | 4.1744 0.0180 | 4.1744 0.0162 | Time: 39.0474
Epoch: 0057 | TRAIN: 4.1744 0.0088 | 0.0192 0.9893 | 4.1744 0.0183 | 4.1744 0.0171 | Time: 122.7461 | VAL: 4.1744 0.0086 | 1.5421 0.7447 | 4.1744 0.0186 | 4.1744 0.0154 | Time: 37.7413 | TEST: 4.1744 0.0076 | 1.5484 0.7562 | 4.1744 0.0180 | 4.1744 0.0162 | Time: 41.6148
Epoch: 0058 | TRAIN: 4.1744 0.0088 | 0.0213 0.9878 | 4.1744 0.0183 | 4.1744 0.0141 | Time: 148.6561 | VAL: 4.1744 0.0086 | 1.5621 0.7447 | 4.1744 0.0186 | 4.1744 0.0154 | Time: 44.1610 | TEST: 4.1744 0.0076 | 1.5532 0.7541 | 4.1744 0.0180 | 4.1744 0.0162 | Time: 39.6600
Epoch: 0059 | TRAIN: 4.1744 0.0080 | 0.0240 0.9859 | 4.1744 0.0183 | 4.1744 0.0137 | Time: 142.5620 | VAL: 4.1744 0.0086 | 1.5807 0.7553 | 4.1744 0.0186 | 4.1744 0.0154 | Time: 38.9343 | TEST: 4.1744 0.0076 | 1.5797 0.7508 | 4.1744 0.0180 | 4.1744 0.0162 | Time: 41.3960
Epoch: 0060 | TRAIN: 4.1744 0.0091 | 0.0203 0.9878 | 4.1744 0.0179 | 4.1744 0.0160 | Time: 147.9510 | VAL: 4.1744 0.0086 | 1.5862 0.7482 | 4.1744 0.0186 | 4.1744 0.0154 | Time: 38.6901 | TEST: 4.1744 0.0076 | 1.5482 0.7595 | 4.1744 0.0180 | 4.1744 0.0162 | Time: 36.2901
Epoch: 0061 | TRAIN: 4.1744 0.0088 | 0.0188 0.9897 | 4.1744 0.0183 | 4.1744 0.0171 | Time: 173.7880 | VAL: 4.1744 0.0086 | 1.5933 0.7470 | 4.1744 0.0186 | 4.1744 0.0154 | Time: 43.1757 | TEST: 4.1744 0.0076 | 1.5476 0.7497 | 4.1744 0.0180 | 4.1744 0.0162 | Time: 45.3115
Epoch: 0062 | TRAIN: 4.1744 0.0084 | 0.0212 0.9878 | 4.1744 0.0183 | 4.1744 0.0133 | Time: 177.4699 | VAL: 4.1744 0.0086 | 1.6017 0.7447 | 4.1744 0.0186 | 4.1744 0.0154 | Time: 43.9411 | TEST: 4.1744 0.0076 | 1.5730 0.7541 | 4.1744 0.0180 | 4.1744 0.0162 | Time: 48.4053
Epoch: 0063 | TRAIN: 4.1744 0.0072 | 0.0199 0.9905 | 4.1744 0.0183 | 4.1744 0.0183 | Time: 155.5561 | VAL: 4.1744 0.0086 | 1.5915 0.7470 | 4.1744 0.0186 | 4.1744 0.0154 | Time: 43.7818 | TEST: 4.1744 0.0076 | 1.5584 0.7530 | 4.1744 0.0180 | 4.1744 0.0162 | Time: 40.5954
Epoch: 0064 | TRAIN: 4.1744 0.0091 | 0.0202 0.9870 | 4.1744 0.0183 | 4.1744 0.0137 | Time: 163.4370 | VAL: 4.1744 0.0086 | 1.5908 0.7506 | 4.1744 0.0186 | 4.1744 0.0154 | Time: 39.6354 | TEST: 4.1744 0.0076 | 1.5868 0.7519 | 4.1744 0.0180 | 4.1744 0.0162 | Time: 41.1939
Epoch: 0065 | TRAIN: 4.1744 0.0084 | 0.0169 0.9897 | 4.1744 0.0183 | 4.1744 0.0156 | Time: 164.8820 | VAL: 4.1744 0.0086 | 1.5861 0.7494 | 4.1744 0.0186 | 4.1744 0.0154 | Time: 40.1724 | TEST: 4.1744 0.0076 | 1.5911 0.7486 | 4.1744 0.0180 | 4.1744 0.0162 | Time: 41.9961
Epoch: 0066 | TRAIN: 4.1744 0.0084 | 0.0236 0.9882 | 4.1744 0.0183 | 4.1744 0.0152 | Time: 165.1160 | VAL: 4.1744 0.0086 | 1.6148 0.7494 | 4.1744 0.0186 | 4.1744 0.0154 | Time: 41.6379 | TEST: 4.1744 0.0076 | 1.5675 0.7541 | 4.1744 0.0180 | 4.1744 0.0162 | Time: 43.8185
Epoch: 0067 | TRAIN: 4.1744 0.0091 | 0.0157 0.9924 | 4.1744 0.0183 | 4.1744 0.0152 | Time: 158.2605 | VAL: 4.1744 0.0086 | 1.6335 0.7470 | 4.1744 0.0186 | 4.1744 0.0154 | Time: 41.6408 | TEST: 4.1744 0.0076 | 1.5735 0.7551 | 4.1744 0.0180 | 4.1744 0.0162 | Time: 41.1335
Epoch: 0068 | TRAIN: 4.1744 0.0080 | 0.0246 0.9863 | 4.1744 0.0183 | 4.1744 0.0160 | Time: 163.3429 | VAL: 4.1744 0.0086 | 1.6345 0.7447 | 4.1744 0.0186 | 4.1744 0.0154 | Time: 37.7931 | TEST: 4.1744 0.0076 | 1.5914 0.7595 | 4.1744 0.0180 | 4.1744 0.0162 | Time: 41.0270
Epoch: 0069 | TRAIN: 4.1744 0.0080 | 0.0180 0.9912 | 4.1744 0.0183 | 4.1744 0.0168 | Time: 160.9272 | VAL: 4.1744 0.0086 | 1.6115 0.7518 | 4.1744 0.0186 | 4.1744 0.0154 | Time: 40.1752 | TEST: 4.1744 0.0076 | 1.5912 0.7551 | 4.1744 0.0180 | 4.1744 0.0162 | Time: 41.2399
Epoch: 0070 | TRAIN: 4.1744 0.0088 | 0.0179 0.9882 | 4.1744 0.0179 | 4.1744 0.0145 | Time: 162.9179 | VAL: 4.1744 0.0086 | 1.6253 0.7482 | 4.1744 0.0186 | 4.1744 0.0154 | Time: 39.8365 | TEST: 4.1744 0.0076 | 1.5846 0.7627 | 4.1744 0.0180 | 4.1744 0.0162 | Time: 42.4579
Epoch: 0071 | TRAIN: 4.1744 0.0084 | 0.0184 0.9905 | 4.1744 0.0183 | 4.1744 0.0152 | Time: 154.9041 | VAL: 4.1744 0.0086 | 1.6290 0.7518 | 4.1744 0.0186 | 4.1744 0.0154 | Time: 41.7335 | TEST: 4.1744 0.0076 | 1.5935 0.7519 | 4.1744 0.0180 | 4.1744 0.0162 | Time: 39.7803
Epoch: 0072 | TRAIN: 4.1744 0.0095 | 0.0244 0.9867 | 4.1744 0.0183 | 4.1744 0.0152 | Time: 156.4878 | VAL: 4.1744 0.0086 | 1.6060 0.7459 | 4.1744 0.0186 | 4.1744 0.0154 | Time: 38.8056 | TEST: 4.1744 0.0076 | 1.6095 0.7573 | 4.1744 0.0180 | 4.1744 0.0162 | Time: 38.7923
Epoch: 0073 | TRAIN: 4.1744 0.0076 | 0.0205 0.9889 | 4.1744 0.0179 | 4.1744 0.0149 | Time: 157.0234 | VAL: 4.1744 0.0086 | 1.6536 0.7423 | 4.1744 0.0186 | 4.1744 0.0154 | Time: 36.9763 | TEST: 4.1744 0.0076 | 1.6143 0.7551 | 4.1744 0.0180 | 4.1744 0.0162 | Time: 40.0719
Epoch: 0074 | TRAIN: 4.1744 0.0080 | 0.0222 0.9874 | 4.1744 0.0183 | 4.1744 0.0156 | Time: 155.0447 | VAL: 4.1744 0.0086 | 1.6257 0.7470 | 4.1744 0.0186 | 4.1744 0.0154 | Time: 39.1480 | TEST: 4.1744 0.0076 | 1.6215 0.7508 | 4.1744 0.0180 | 4.1744 0.0162 | Time: 39.5753
Epoch: 0075 | TRAIN: 4.1744 0.0103 | 0.0169 0.9901 | 4.1744 0.0183 | 4.1744 0.0164 | Time: 153.2582 | VAL: 4.1744 0.0086 | 1.6070 0.7447 | 4.1744 0.0186 | 4.1744 0.0154 | Time: 36.2312 | TEST: 4.1744 0.0076 | 1.6169 0.7551 | 4.1744 0.0180 | 4.1744 0.0162 | Time: 40.9956
Epoch: 0076 | TRAIN: 4.1744 0.0072 | 0.0205 0.9870 | 4.1744 0.0183 | 4.1744 0.0156 | Time: 143.0165 | VAL: 4.1744 0.0086 | 1.7329 0.7518 | 4.1744 0.0186 | 4.1744 0.0154 | Time: 44.0342 | TEST: 4.1744 0.0076 | 1.7091 0.7530 | 4.1744 0.0180 | 4.1744 0.0162 | Time: 42.5093
Epoch: 0077 | TRAIN: 4.1744 0.0076 | 0.0214 0.9863 | 4.1744 0.0183 | 4.1744 0.0160 | Time: 164.7289 | VAL: 4.1744 0.0086 | 1.6599 0.7470 | 4.1744 0.0186 | 4.1744 0.0154 | Time: 41.1180 | TEST: 4.1744 0.0076 | 1.6474 0.7497 | 4.1744 0.0180 | 4.1744 0.0162 | Time: 41.6029
Epoch: 0078 | TRAIN: 4.1744 0.0091 | 0.0193 0.9882 | 4.1744 0.0179 | 4.1744 0.0152 | Time: 166.6138 | VAL: 4.1744 0.0086 | 1.6731 0.7459 | 4.1744 0.0186 | 4.1744 0.0154 | Time: 40.2611 | TEST: 4.1744 0.0076 | 1.6404 0.7627 | 4.1744 0.0180 | 4.1744 0.0162 | Time: 43.4160
Epoch: 0079 | TRAIN: 4.1744 0.0080 | 0.0208 0.9882 | 4.1744 0.0183 | 4.1744 0.0149 | Time: 168.8836 | VAL: 4.1744 0.0086 | 1.6544 0.7589 | 4.1744 0.0186 | 4.1744 0.0154 | Time: 40.7823 | TEST: 4.1744 0.0076 | 1.6296 0.7638 | 4.1744 0.0180 | 4.1744 0.0162 | Time: 41.4404
Epoch: 0080 | TRAIN: 4.1744 0.0088 | 0.0160 0.9912 | 4.1744 0.0183 | 4.1744 0.0164 | Time: 170.1486 | VAL: 4.1744 0.0086 | 1.7092 0.7506 | 4.1744 0.0186 | 4.1744 0.0154 | Time: 40.0276 | TEST: 4.1744 0.0076 | 1.6625 0.7551 | 4.1744 0.0180 | 4.1744 0.0162 | Time: 38.2918
Epoch: 0081 | TRAIN: 4.1744 0.0088 | 0.0209 0.9886 | 4.1744 0.0183 | 4.1744 0.0145 | Time: 166.7195 | VAL: 4.1744 0.0086 | 1.6759 0.7541 | 4.1744 0.0186 | 4.1744 0.0154 | Time: 39.6242 | TEST: 4.1744 0.0076 | 1.6285 0.7649 | 4.1744 0.0180 | 4.1744 0.0162 | Time: 42.4707
Epoch: 0082 | TRAIN: 4.1744 0.0069 | 0.0184 0.9893 | 4.1744 0.0183 | 4.1744 0.0145 | Time: 164.0085 | VAL: 4.1744 0.0086 | 1.6575 0.7577 | 4.1744 0.0186 | 4.1744 0.0154 | Time: 41.5050 | TEST: 4.1744 0.0076 | 1.6092 0.7627 | 4.1744 0.0180 | 4.1744 0.0162 | Time: 44.7649
Epoch: 0083 | TRAIN: 4.1744 0.0095 | 0.0195 0.9889 | 4.1744 0.0183 | 4.1744 0.0164 | Time: 158.7098 | VAL: 4.1744 0.0086 | 1.7033 0.7612 | 4.1744 0.0186 | 4.1744 0.0154 | Time: 43.4880 | TEST: 4.1744 0.0076 | 1.6203 0.7595 | 4.1744 0.0180 | 4.1744 0.0162 | Time: 40.2083
Epoch: 0084 | TRAIN: 4.1744 0.0088 | 0.0653 0.9775 | 4.1744 0.0179 | 4.1744 0.0152 | Time: 150.1746 | VAL: 4.1744 0.0086 | 3.7930 0.4610 | 4.1744 0.0186 | 4.1744 0.0154 | Time: 34.9811 | TEST: 4.1744 0.0076 | 3.3674 0.4886 | 4.1744 0.0180 | 4.1744 0.0162 | Time: 33.0486
Epoch: 0085 | TRAIN: 4.1744 0.0080 | 2.3083 0.4680 | 4.1744 0.0183 | 4.1744 0.0168 | Time: 143.4064 | VAL: 4.1744 0.0086 | 2.7712 0.3830 | 4.1744 0.0186 | 4.1744 0.0154 | Time: 39.0482 | TEST: 4.1744 0.0076 | 2.6953 0.4041 | 4.1744 0.0180 | 4.1744 0.0162 | Time: 36.6620
Epoch: 0086 | TRAIN: 4.1744 0.0084 | 1.4533 0.6277 | 4.1744 0.0179 | 4.1744 0.0156 | Time: 145.9431 | VAL: 4.1744 0.0086 | 1.8304 0.6111 | 4.1744 0.0186 | 4.1744 0.0154 | Time: 40.3690 | TEST: 4.1744 0.0076 | 1.8739 0.5915 | 4.1744 0.0180 | 4.1744 0.0162 | Time: 43.5374
Epoch: 0087 | TRAIN: 4.1744 0.0091 | 0.6811 0.8064 | 4.1744 0.0183 | 4.1744 0.0156 | Time: 168.0171 | VAL: 4.1744 0.0086 | 1.9933 0.6336 | 4.1744 0.0186 | 4.1744 0.0154 | Time: 41.8164 | TEST: 4.1744 0.0076 | 2.0721 0.6186 | 4.1744 0.0180 | 4.1744 0.0162 | Time: 44.5048
Epoch: 0088 | TRAIN: 4.1744 0.0084 | 0.2797 0.9211 | 4.1744 0.0183 | 4.1744 0.0137 | Time: 165.3230 | VAL: 4.1744 0.0086 | 1.9294 0.6667 | 4.1744 0.0186 | 4.1744 0.0154 | Time: 39.2442 | TEST: 4.1744 0.0076 | 1.8828 0.6576 | 4.1744 0.0180 | 4.1744 0.0162 | Time: 43.4390
Epoch: 0089 | TRAIN: 4.1744 0.0084 | 0.1257 0.9634 | 4.1744 0.0183 | 4.1744 0.0164 | Time: 169.7814 | VAL: 4.1744 0.0086 | 1.8646 0.6702 | 4.1744 0.0186 | 4.1744 0.0154 | Time: 38.0346 | TEST: 4.1744 0.0076 | 1.8747 0.6782 | 4.1744 0.0180 | 4.1744 0.0162 | Time: 42.5814
Epoch: 0090 | TRAIN: 4.1744 0.0095 | 0.0759 0.9806 | 4.1744 0.0183 | 4.1744 0.0171 | Time: 168.1123 | VAL: 4.1744 0.0086 | 1.8336 0.6749 | 4.1744 0.0186 | 4.1744 0.0154 | Time: 40.9622 | TEST: 4.1744 0.0076 | 1.9174 0.6771 | 4.1744 0.0180 | 4.1744 0.0162 | Time: 43.0063
Epoch: 0091 | TRAIN: 4.1744 0.0088 | 0.0720 0.9768 | 4.1744 0.0183 | 4.1744 0.0168 | Time: 164.6645 | VAL: 4.1744 0.0086 | 1.9504 0.6631 | 4.1744 0.0186 | 4.1744 0.0154 | Time: 42.9834 | TEST: 4.1744 0.0076 | 1.8973 0.6804 | 4.1744 0.0180 | 4.1744 0.0162 | Time: 41.3045
Epoch: 0092 | TRAIN: 4.1744 0.0076 | 0.0523 0.9832 | 4.1744 0.0183 | 4.1744 0.0114 | Time: 163.9483 | VAL: 4.1744 0.0086 | 1.8580 0.6797 | 4.1744 0.0186 | 4.1744 0.0154 | Time: 40.3399 | TEST: 4.1744 0.0076 | 1.9052 0.6836 | 4.1744 0.0180 | 4.1744 0.0162 | Time: 41.9183
Epoch: 0093 | TRAIN: 4.1744 0.0088 | 0.0402 0.9863 | 4.1744 0.0183 | 4.1744 0.0164 | Time: 161.4026 | VAL: 4.1744 0.0086 | 1.8522 0.6714 | 4.1744 0.0186 | 4.1744 0.0154 | Time: 39.8095 | TEST: 4.1744 0.0076 | 1.8916 0.6750 | 4.1744 0.0180 | 4.1744 0.0162 | Time: 41.2196
Epoch: 0094 | TRAIN: 4.1744 0.0084 | 0.0355 0.9863 | 4.1744 0.0183 | 4.1744 0.0145 | Time: 159.1182 | VAL: 4.1744 0.0086 | 1.8466 0.6832 | 4.1744 0.0186 | 4.1744 0.0154 | Time: 39.7597 | TEST: 4.1744 0.0076 | 1.9714 0.6782 | 4.1744 0.0180 | 4.1744 0.0162 | Time: 45.0255
Epoch: 0095 | TRAIN: 4.1744 0.0069 | 0.0324 0.9882 | 4.1744 0.0183 | 4.1744 0.0160 | Time: 153.7074 | VAL: 4.1744 0.0086 | 1.8380 0.6797 | 4.1744 0.0186 | 4.1744 0.0154 | Time: 42.5610 | TEST: 4.1744 0.0076 | 1.8944 0.6988 | 4.1744 0.0180 | 4.1744 0.0162 | Time: 40.4248
Epoch: 0096 | TRAIN: 4.1744 0.0091 | 0.0279 0.9867 | 4.1744 0.0183 | 4.1744 0.0149 | Time: 157.2323 | VAL: 4.1744 0.0086 | 1.8371 0.6809 | 4.1744 0.0186 | 4.1744 0.0154 | Time: 38.1746 | TEST: 4.1744 0.0076 | 1.9062 0.6912 | 4.1744 0.0180 | 4.1744 0.0162 | Time: 36.8894
Epoch: 0097 | TRAIN: 4.1744 0.0088 | 0.0276 0.9870 | 4.1744 0.0179 | 4.1744 0.0164 | Time: 154.1283 | VAL: 4.1744 0.0086 | 1.8381 0.6809 | 4.1744 0.0186 | 4.1744 0.0154 | Time: 35.9073 | TEST: 4.1744 0.0076 | 1.9304 0.6945 | 4.1744 0.0180 | 4.1744 0.0162 | Time: 41.9682
Epoch: 0098 | TRAIN: 4.1744 0.0072 | 0.0190 0.9912 | 4.1744 0.0183 | 4.1744 0.0152 | Time: 152.1615 | VAL: 4.1744 0.0086 | 1.7851 0.6868 | 4.1744 0.0186 | 4.1744 0.0154 | Time: 39.0684 | TEST: 4.1744 0.0076 | 1.9121 0.6945 | 4.1744 0.0180 | 4.1744 0.0162 | Time: 40.0481
Epoch: 0099 | TRAIN: 4.1744 0.0084 | 0.0271 0.9863 | 4.1744 0.0183 | 4.1744 0.0164 | Time: 150.1158 | VAL: 4.1744 0.0086 | 1.7955 0.6891 | 4.1744 0.0186 | 4.1744 0.0154 | Time: 39.6973 | TEST: 4.1744 0.0076 | 1.9058 0.6966 | 4.1744 0.0180 | 4.1744 0.0162 | Time: 35.9493
========================================
Best Result: Epoch 83, result {'Art': [0.007590132827324478], 'Clipart': [0.7594799566630552], 'Product': [0.018008474576271187], 'Real_World': [0.016216216216216217]}
========================================
