========================================
General Configuration:
	Wighting: ITL
	Architecture: HPS
	Rep_Grad: False
	Multi_Input: True
	Seed: 0
	Device: cuda:1
ITL Configuration:
	weighting: ITL
	task_idx: 1
Optimizer Configuration:
	optim: adam
	lr: 0.01
	weight_decay: 1e-07
========================================
Total Params: 11573572
Trainable Params: 11573572
Non-trainable Params: 0
========================================
LOG FORMAT | Art_LOSS Acc | Clipart_LOSS Acc | Product_LOSS Acc | Real_World_LOSS Acc | TIME
Epoch: 0000 | TRAIN: 4.1965 0.0145 | 4.7019 0.0213 | 4.1894 0.0114 | 4.2032 0.0137 | Time: 117.6301 | VAL: 4.1697 0.0366 | 22.0075 0.0296 | 4.2125 0.0221 | 4.2095 0.0130 | Time: 32.3578 | TEST: 4.1985 0.0304 | 22.4538 0.0325 | 4.2184 0.0212 | 4.1908 0.0184 | Time: 33.0001
Epoch: 0001 | TRAIN: 4.1736 0.0194 | 4.4275 0.0236 | 4.1743 0.0171 | 4.1742 0.0164 | Time: 117.6505 | VAL: 4.1745 0.0172 | 5.6891 0.0355 | 4.1743 0.0105 | 4.1745 0.0118 | Time: 31.9756 | TEST: 4.1744 0.0171 | 5.9625 0.0314 | 4.1741 0.0074 | 4.1744 0.0162 | Time: 33.5360
Epoch: 0002 | TRAIN: 4.1744 0.0221 | 4.3961 0.0282 | 4.1744 0.0152 | 4.1744 0.0126 | Time: 118.8901 | VAL: 4.1744 0.0172 | 10.0125 0.0225 | 4.1744 0.0221 | 4.1744 0.0071 | Time: 32.6470 | TEST: 4.1744 0.0152 | 11.0235 0.0238 | 4.1744 0.0222 | 4.1744 0.0076 | Time: 34.0585
Epoch: 0003 | TRAIN: 4.1744 0.0091 | 4.3182 0.0377 | 4.1744 0.0122 | 4.1744 0.0107 | Time: 116.5522 | VAL: 4.1744 0.0172 | 6.4296 0.0473 | 4.1744 0.0105 | 4.1744 0.0142 | Time: 32.7482 | TEST: 4.1744 0.0247 | 7.0225 0.0368 | 4.1744 0.0085 | 4.1744 0.0108 | Time: 33.2321
Epoch: 0004 | TRAIN: 4.1744 0.0171 | 4.2020 0.0408 | 4.1744 0.0160 | 4.1744 0.0145 | Time: 117.2718 | VAL: 4.1744 0.0237 | 20.0547 0.0296 | 4.1744 0.0244 | 4.1744 0.0071 | Time: 30.6783 | TEST: 4.1744 0.0171 | 26.4472 0.0314 | 4.1744 0.0233 | 4.1744 0.0076 | Time: 33.0657
Epoch: 0005 | TRAIN: 4.1744 0.0152 | 4.1811 0.0431 | 4.1744 0.0126 | 4.1744 0.0126 | Time: 116.9028 | VAL: 4.1744 0.0108 | 12.5249 0.0378 | 4.1744 0.0209 | 4.1744 0.0154 | Time: 32.1174 | TEST: 4.1744 0.0057 | 15.6652 0.0455 | 4.1744 0.0148 | 4.1744 0.0119 | Time: 33.0268
Epoch: 0006 | TRAIN: 4.1744 0.0103 | 4.1206 0.0492 | 4.1744 0.0130 | 4.1744 0.0137 | Time: 117.2937 | VAL: 4.1744 0.0086 | 9.6542 0.0473 | 4.1744 0.0186 | 4.1744 0.0154 | Time: 33.2892 | TEST: 4.1744 0.0076 | 10.2532 0.0531 | 4.1744 0.0180 | 4.1744 0.0162 | Time: 33.0180
Epoch: 0007 | TRAIN: 4.1744 0.0084 | 4.0417 0.0534 | 4.1744 0.0194 | 4.1744 0.0141 | Time: 118.1855 | VAL: 4.1744 0.0108 | 9.7525 0.0461 | 4.1744 0.0186 | 4.1744 0.0154 | Time: 33.0721 | TEST: 4.1744 0.0076 | 10.5980 0.0455 | 4.1744 0.0180 | 4.1744 0.0162 | Time: 31.6666
Epoch: 0008 | TRAIN: 4.1744 0.0080 | 3.9600 0.0595 | 4.1744 0.0183 | 4.1744 0.0152 | Time: 117.2358 | VAL: 4.1744 0.0086 | 8.5779 0.0520 | 4.1744 0.0186 | 4.1744 0.0154 | Time: 33.4985 | TEST: 4.1744 0.0076 | 9.3082 0.0379 | 4.1744 0.0180 | 4.1744 0.0162 | Time: 34.2010
Epoch: 0009 | TRAIN: 4.1744 0.0099 | 3.9209 0.0553 | 4.1744 0.0183 | 4.1744 0.0171 | Time: 115.3483 | VAL: 4.1744 0.0086 | 8.3368 0.0508 | 4.1744 0.0186 | 4.1744 0.0154 | Time: 33.8412 | TEST: 4.1744 0.0076 | 9.4061 0.0574 | 4.1744 0.0180 | 4.1744 0.0162 | Time: 33.5137
Epoch: 0010 | TRAIN: 4.1744 0.0069 | 3.8399 0.0697 | 4.1744 0.0183 | 4.1744 0.0149 | Time: 113.7704 | VAL: 4.1744 0.0086 | 11.7169 0.0532 | 4.1744 0.0186 | 4.1744 0.0154 | Time: 35.4853 | TEST: 4.1744 0.0076 | 13.3230 0.0607 | 4.1744 0.0180 | 4.1744 0.0162 | Time: 33.5949
Epoch: 0011 | TRAIN: 4.1744 0.0091 | 3.8312 0.0747 | 4.1744 0.0183 | 4.1744 0.0145 | Time: 114.4358 | VAL: 4.1744 0.0086 | 6.5743 0.0449 | 4.1744 0.0186 | 4.1744 0.0154 | Time: 34.4178 | TEST: 4.1744 0.0076 | 6.7839 0.0488 | 4.1744 0.0180 | 4.1744 0.0162 | Time: 33.3027
Epoch: 0012 | TRAIN: 4.1744 0.0088 | 3.7411 0.0869 | 4.1744 0.0183 | 4.1744 0.0168 | Time: 115.0488 | VAL: 4.1744 0.0086 | 12.4845 0.0697 | 4.1744 0.0186 | 4.1744 0.0154 | Time: 31.8123 | TEST: 4.1744 0.0076 | 13.0715 0.0813 | 4.1744 0.0180 | 4.1744 0.0162 | Time: 35.0893
Epoch: 0013 | TRAIN: 4.1744 0.0080 | 3.7147 0.0873 | 4.1744 0.0183 | 4.1744 0.0156 | Time: 117.0116 | VAL: 4.1744 0.0086 | 32.1256 0.0473 | 4.1744 0.0186 | 4.1744 0.0154 | Time: 32.9389 | TEST: 4.1744 0.0076 | 37.1497 0.0455 | 4.1744 0.0180 | 4.1744 0.0162 | Time: 35.4417
Epoch: 0014 | TRAIN: 4.1744 0.0080 | 3.6385 0.0888 | 4.1744 0.0183 | 4.1744 0.0137 | Time: 113.5157 | VAL: 4.1744 0.0086 | 11.0132 0.0414 | 4.1744 0.0186 | 4.1744 0.0154 | Time: 33.8144 | TEST: 4.1744 0.0076 | 12.8159 0.0444 | 4.1744 0.0180 | 4.1744 0.0162 | Time: 36.0751
Epoch: 0015 | TRAIN: 4.1744 0.0091 | 3.5892 0.1029 | 4.1744 0.0183 | 4.1744 0.0156 | Time: 114.5547 | VAL: 4.1744 0.0086 | 5.7128 0.0863 | 4.1744 0.0186 | 4.1744 0.0154 | Time: 32.7998 | TEST: 4.1744 0.0076 | 6.0985 0.0813 | 4.1744 0.0180 | 4.1744 0.0162 | Time: 35.5072
Epoch: 0016 | TRAIN: 4.1744 0.0080 | 3.5519 0.1166 | 4.1744 0.0183 | 4.1744 0.0152 | Time: 116.8969 | VAL: 4.1744 0.0086 | 12.6739 0.0851 | 4.1744 0.0186 | 4.1744 0.0154 | Time: 32.8688 | TEST: 4.1744 0.0076 | 21.1048 0.0878 | 4.1744 0.0180 | 4.1744 0.0162 | Time: 33.2771
Epoch: 0017 | TRAIN: 4.1744 0.0088 | 3.4553 0.1361 | 4.1744 0.0179 | 4.1744 0.0175 | Time: 116.4810 | VAL: 4.1744 0.0086 | 4.3890 0.0946 | 4.1744 0.0186 | 4.1744 0.0154 | Time: 33.0111 | TEST: 4.1744 0.0076 | 4.8711 0.1094 | 4.1744 0.0180 | 4.1744 0.0162 | Time: 33.4511
Epoch: 0018 | TRAIN: 4.1744 0.0080 | 3.3806 0.1475 | 4.1744 0.0183 | 4.1744 0.0141 | Time: 117.5563 | VAL: 4.1744 0.0086 | 4.4024 0.0898 | 4.1744 0.0186 | 4.1744 0.0154 | Time: 32.1691 | TEST: 4.1744 0.0076 | 4.8134 0.1008 | 4.1744 0.0180 | 4.1744 0.0162 | Time: 33.5896
Epoch: 0019 | TRAIN: 4.1744 0.0084 | 3.3571 0.1502 | 4.1744 0.0183 | 4.1744 0.0141 | Time: 115.1772 | VAL: 4.1744 0.0086 | 4.1792 0.1430 | 4.1744 0.0186 | 4.1744 0.0154 | Time: 33.4299 | TEST: 4.1744 0.0076 | 6.1500 0.1538 | 4.1744 0.0180 | 4.1744 0.0162 | Time: 34.1194
Epoch: 0020 | TRAIN: 4.1744 0.0088 | 3.2291 0.1795 | 4.1744 0.0183 | 4.1744 0.0168 | Time: 118.8012 | VAL: 4.1744 0.0086 | 6.0423 0.1265 | 4.1744 0.0186 | 4.1744 0.0154 | Time: 32.9174 | TEST: 4.1744 0.0076 | 6.0018 0.1094 | 4.1744 0.0180 | 4.1744 0.0162 | Time: 33.7164
Epoch: 0021 | TRAIN: 4.1744 0.0084 | 3.1592 0.1856 | 4.1744 0.0179 | 4.1744 0.0164 | Time: 115.8990 | VAL: 4.1744 0.0086 | 4.5992 0.1572 | 4.1744 0.0186 | 4.1744 0.0154 | Time: 32.6865 | TEST: 4.1744 0.0076 | 4.5419 0.1636 | 4.1744 0.0180 | 4.1744 0.0162 | Time: 33.1183
Epoch: 0022 | TRAIN: 4.1744 0.0084 | 3.0323 0.2268 | 4.1744 0.0183 | 4.1744 0.0160 | Time: 118.1302 | VAL: 4.1744 0.0086 | 5.6550 0.1300 | 4.1744 0.0186 | 4.1744 0.0154 | Time: 33.1718 | TEST: 4.1744 0.0076 | 6.0348 0.1376 | 4.1744 0.0180 | 4.1744 0.0162 | Time: 34.4542
Epoch: 0023 | TRAIN: 4.1744 0.0088 | 2.8608 0.2500 | 4.1744 0.0183 | 4.1744 0.0141 | Time: 118.1921 | VAL: 4.1744 0.0086 | 5.9178 0.1950 | 4.1744 0.0186 | 4.1744 0.0154 | Time: 32.7897 | TEST: 4.1744 0.0076 | 6.2045 0.2113 | 4.1744 0.0180 | 4.1744 0.0162 | Time: 33.3223
Epoch: 0024 | TRAIN: 4.1744 0.0080 | 2.6820 0.2904 | 4.1744 0.0179 | 4.1744 0.0164 | Time: 114.3630 | VAL: 4.1744 0.0086 | 6.3337 0.2009 | 4.1744 0.0186 | 4.1744 0.0154 | Time: 33.6011 | TEST: 4.1744 0.0076 | 6.5043 0.1863 | 4.1744 0.0180 | 4.1744 0.0162 | Time: 33.3873
Epoch: 0025 | TRAIN: 4.1744 0.0091 | 2.5825 0.3243 | 4.1744 0.0183 | 4.1744 0.0164 | Time: 117.8645 | VAL: 4.1744 0.0086 | 4.5154 0.1974 | 4.1744 0.0186 | 4.1744 0.0154 | Time: 30.9310 | TEST: 4.1744 0.0076 | 4.6137 0.2156 | 4.1744 0.0180 | 4.1744 0.0162 | Time: 34.2346
Epoch: 0026 | TRAIN: 4.1744 0.0076 | 2.4589 0.3384 | 4.1744 0.0179 | 4.1744 0.0145 | Time: 118.2710 | VAL: 4.1744 0.0086 | 3.8997 0.2600 | 4.1744 0.0186 | 4.1744 0.0154 | Time: 30.7276 | TEST: 4.1744 0.0076 | 3.8571 0.2719 | 4.1744 0.0180 | 4.1744 0.0162 | Time: 32.7689
Epoch: 0027 | TRAIN: 4.1744 0.0076 | 2.3455 0.3735 | 4.1744 0.0183 | 4.1744 0.0152 | Time: 121.5921 | VAL: 4.1744 0.0086 | 4.3265 0.2270 | 4.1744 0.0186 | 4.1744 0.0154 | Time: 30.9167 | TEST: 4.1744 0.0076 | 4.1679 0.2481 | 4.1744 0.0180 | 4.1744 0.0162 | Time: 33.7545
Epoch: 0028 | TRAIN: 4.1744 0.0088 | 2.1324 0.4158 | 4.1744 0.0183 | 4.1744 0.0149 | Time: 121.8998 | VAL: 4.1744 0.0086 | 3.9738 0.2849 | 4.1744 0.0186 | 4.1744 0.0154 | Time: 29.9680 | TEST: 4.1744 0.0076 | 3.8259 0.3077 | 4.1744 0.0180 | 4.1744 0.0162 | Time: 33.4256
Epoch: 0029 | TRAIN: 4.1744 0.0088 | 1.9294 0.4470 | 4.1744 0.0183 | 4.1744 0.0152 | Time: 117.1621 | VAL: 4.1744 0.0086 | 3.8057 0.3132 | 4.1744 0.0186 | 4.1744 0.0154 | Time: 33.0156 | TEST: 4.1744 0.0076 | 3.5971 0.3337 | 4.1744 0.0180 | 4.1744 0.0162 | Time: 34.3450
Epoch: 0030 | TRAIN: 4.1744 0.0080 | 1.7785 0.5133 | 4.1744 0.0183 | 4.1744 0.0149 | Time: 118.0574 | VAL: 4.1744 0.0086 | 4.8176 0.2577 | 4.1744 0.0186 | 4.1744 0.0154 | Time: 34.2293 | TEST: 4.1744 0.0076 | 4.6784 0.2719 | 4.1744 0.0180 | 4.1744 0.0162 | Time: 30.9706
Epoch: 0031 | TRAIN: 4.1744 0.0095 | 1.6857 0.5312 | 4.1744 0.0183 | 4.1744 0.0156 | Time: 119.9291 | VAL: 4.1744 0.0086 | 3.6173 0.3593 | 4.1744 0.0186 | 4.1744 0.0154 | Time: 33.8714 | TEST: 4.1744 0.0076 | 3.6032 0.3640 | 4.1744 0.0180 | 4.1744 0.0162 | Time: 31.6260
Epoch: 0032 | TRAIN: 4.1744 0.0072 | 1.5444 0.5595 | 4.1744 0.0183 | 4.1744 0.0179 | Time: 120.2233 | VAL: 4.1744 0.0086 | 3.7382 0.3310 | 4.1744 0.0186 | 4.1744 0.0154 | Time: 33.3215 | TEST: 4.1744 0.0076 | 3.6322 0.3597 | 4.1744 0.0180 | 4.1744 0.0162 | Time: 31.4490
Epoch: 0033 | TRAIN: 4.1744 0.0091 | 1.3948 0.6021 | 4.1744 0.0179 | 4.1744 0.0145 | Time: 118.2528 | VAL: 4.1744 0.0086 | 3.9163 0.3357 | 4.1744 0.0186 | 4.1744 0.0154 | Time: 32.7969 | TEST: 4.1744 0.0076 | 3.8308 0.3532 | 4.1744 0.0180 | 4.1744 0.0162 | Time: 32.4532
Epoch: 0034 | TRAIN: 4.1744 0.0076 | 1.3015 0.6239 | 4.1744 0.0179 | 4.1744 0.0160 | Time: 121.4847 | VAL: 4.1744 0.0086 | 4.4753 0.3629 | 4.1744 0.0186 | 4.1744 0.0154 | Time: 33.1915 | TEST: 4.1744 0.0076 | 4.2430 0.3499 | 4.1744 0.0180 | 4.1744 0.0162 | Time: 31.8449
Epoch: 0035 | TRAIN: 4.1744 0.0084 | 1.1697 0.6585 | 4.1744 0.0183 | 4.1744 0.0160 | Time: 117.4026 | VAL: 4.1744 0.0086 | 3.9515 0.3901 | 4.1744 0.0186 | 4.1744 0.0154 | Time: 34.0540 | TEST: 4.1744 0.0076 | 3.9497 0.3922 | 4.1744 0.0180 | 4.1744 0.0162 | Time: 33.1496
Epoch: 0036 | TRAIN: 4.1744 0.0084 | 1.0766 0.6829 | 4.1744 0.0183 | 4.1744 0.0149 | Time: 118.6445 | VAL: 4.1744 0.0086 | 4.3156 0.3735 | 4.1744 0.0186 | 4.1744 0.0154 | Time: 33.0660 | TEST: 4.1744 0.0076 | 4.2246 0.3911 | 4.1744 0.0180 | 4.1744 0.0162 | Time: 34.8362
Epoch: 0037 | TRAIN: 4.1744 0.0091 | 1.0055 0.7020 | 4.1744 0.0183 | 4.1744 0.0160 | Time: 116.9611 | VAL: 4.1744 0.0086 | 4.2453 0.3983 | 4.1744 0.0186 | 4.1744 0.0154 | Time: 34.2342 | TEST: 4.1744 0.0076 | 4.1679 0.4117 | 4.1744 0.0180 | 4.1744 0.0162 | Time: 34.3251
Epoch: 0038 | TRAIN: 4.1744 0.0076 | 0.8727 0.7416 | 4.1744 0.0179 | 4.1744 0.0145 | Time: 116.8045 | VAL: 4.1744 0.0086 | 4.3609 0.3972 | 4.1744 0.0186 | 4.1744 0.0154 | Time: 35.1654 | TEST: 4.1744 0.0076 | 4.3155 0.3868 | 4.1744 0.0180 | 4.1744 0.0162 | Time: 33.6327
Epoch: 0039 | TRAIN: 4.1744 0.0076 | 0.7507 0.7702 | 4.1744 0.0179 | 4.1744 0.0156 | Time: 118.1892 | VAL: 4.1744 0.0086 | 5.1063 0.3534 | 4.1744 0.0186 | 4.1744 0.0154 | Time: 35.4975 | TEST: 4.1744 0.0076 | 4.7351 0.3749 | 4.1744 0.0180 | 4.1744 0.0162 | Time: 34.6358
Epoch: 0040 | TRAIN: 4.1744 0.0091 | 0.7388 0.7668 | 4.1744 0.0183 | 4.1744 0.0152 | Time: 117.0802 | VAL: 4.1744 0.0086 | 4.6779 0.4007 | 4.1744 0.0186 | 4.1744 0.0154 | Time: 35.2638 | TEST: 4.1744 0.0076 | 4.6019 0.4030 | 4.1744 0.0180 | 4.1744 0.0162 | Time: 32.9227
Epoch: 0041 | TRAIN: 4.1744 0.0084 | 0.6858 0.7912 | 4.1744 0.0183 | 4.1744 0.0164 | Time: 114.7488 | VAL: 4.1744 0.0086 | 4.7209 0.4113 | 4.1744 0.0186 | 4.1744 0.0154 | Time: 36.1545 | TEST: 4.1744 0.0076 | 4.5481 0.4160 | 4.1744 0.0180 | 4.1744 0.0162 | Time: 33.4258
Epoch: 0042 | TRAIN: 4.1744 0.0091 | 0.5738 0.8197 | 4.1744 0.0183 | 4.1744 0.0152 | Time: 116.7881 | VAL: 4.1744 0.0086 | 5.0928 0.3794 | 4.1744 0.0186 | 4.1744 0.0154 | Time: 36.0957 | TEST: 4.1744 0.0076 | 4.8851 0.3987 | 4.1744 0.0180 | 4.1744 0.0162 | Time: 34.5788
Epoch: 0043 | TRAIN: 4.1744 0.0084 | 0.5485 0.8270 | 4.1744 0.0183 | 4.1744 0.0160 | Time: 117.2277 | VAL: 4.1744 0.0086 | 5.5492 0.4019 | 4.1744 0.0186 | 4.1744 0.0154 | Time: 34.3911 | TEST: 4.1744 0.0076 | 5.2343 0.4117 | 4.1744 0.0180 | 4.1744 0.0162 | Time: 34.9668
Epoch: 0044 | TRAIN: 4.1744 0.0088 | 0.4850 0.8537 | 4.1744 0.0183 | 4.1744 0.0145 | Time: 116.9053 | VAL: 4.1744 0.0086 | 4.8445 0.4267 | 4.1744 0.0186 | 4.1744 0.0154 | Time: 33.4635 | TEST: 4.1744 0.0076 | 4.4398 0.4550 | 4.1744 0.0180 | 4.1744 0.0162 | Time: 34.6517
Epoch: 0045 | TRAIN: 4.1744 0.0084 | 0.5378 0.8331 | 4.1744 0.0183 | 4.1744 0.0156 | Time: 119.9149 | VAL: 4.1744 0.0086 | 5.2145 0.4208 | 4.1744 0.0186 | 4.1744 0.0154 | Time: 34.1044 | TEST: 4.1744 0.0076 | 5.0724 0.4063 | 4.1744 0.0180 | 4.1744 0.0162 | Time: 34.5357
Epoch: 0046 | TRAIN: 4.1744 0.0088 | 0.4571 0.8609 | 4.1744 0.0183 | 4.1744 0.0156 | Time: 118.4361 | VAL: 4.1744 0.0086 | 6.1141 0.3712 | 4.1744 0.0186 | 4.1744 0.0154 | Time: 34.1704 | TEST: 4.1744 0.0076 | 5.6636 0.3987 | 4.1744 0.0180 | 4.1744 0.0162 | Time: 34.8023
Epoch: 0047 | TRAIN: 4.1744 0.0076 | 0.4422 0.8605 | 4.1744 0.0183 | 4.1744 0.0156 | Time: 118.8058 | VAL: 4.1744 0.0086 | 5.6147 0.4031 | 4.1744 0.0186 | 4.1744 0.0154 | Time: 32.9675 | TEST: 4.1744 0.0076 | 5.3677 0.4204 | 4.1744 0.0180 | 4.1744 0.0162 | Time: 27.8007
Epoch: 0048 | TRAIN: 4.1744 0.0095 | 0.3868 0.8758 | 4.1744 0.0183 | 4.1744 0.0156 | Time: 108.2084 | VAL: 4.1744 0.0086 | 5.1588 0.4468 | 4.1744 0.0186 | 4.1744 0.0154 | Time: 31.9756 | TEST: 4.1744 0.0076 | 5.0911 0.4431 | 4.1744 0.0180 | 4.1744 0.0162 | Time: 33.0647
Epoch: 0049 | TRAIN: 4.1744 0.0065 | 0.3246 0.8929 | 4.1744 0.0179 | 4.1744 0.0160 | Time: 116.9460 | VAL: 4.1744 0.0086 | 5.5036 0.4350 | 4.1744 0.0186 | 4.1744 0.0154 | Time: 32.7419 | TEST: 4.1744 0.0076 | 5.0570 0.4550 | 4.1744 0.0180 | 4.1744 0.0162 | Time: 32.5795
Epoch: 0050 | TRAIN: 4.1744 0.0099 | 0.2829 0.9112 | 4.1744 0.0183 | 4.1744 0.0145 | Time: 119.0329 | VAL: 4.1744 0.0086 | 5.4129 0.4279 | 4.1744 0.0186 | 4.1744 0.0154 | Time: 33.4604 | TEST: 4.1744 0.0076 | 5.0508 0.4431 | 4.1744 0.0180 | 4.1744 0.0162 | Time: 33.0417
Epoch: 0051 | TRAIN: 4.1744 0.0076 | 0.2904 0.9078 | 4.1744 0.0183 | 4.1744 0.0156 | Time: 120.2491 | VAL: 4.1744 0.0086 | 5.8199 0.4113 | 4.1744 0.0186 | 4.1744 0.0154 | Time: 32.6710 | TEST: 4.1744 0.0076 | 5.5394 0.4204 | 4.1744 0.0180 | 4.1744 0.0162 | Time: 33.8370
Epoch: 0052 | TRAIN: 4.1744 0.0084 | 0.2569 0.9253 | 4.1744 0.0179 | 4.1744 0.0171 | Time: 120.8161 | VAL: 4.1744 0.0086 | 5.6925 0.4125 | 4.1744 0.0186 | 4.1744 0.0154 | Time: 30.8207 | TEST: 4.1744 0.0076 | 5.4154 0.4312 | 4.1744 0.0180 | 4.1744 0.0162 | Time: 33.6453
Epoch: 0053 | TRAIN: 4.1744 0.0080 | 0.2539 0.9230 | 4.1744 0.0183 | 4.1744 0.0149 | Time: 119.2981 | VAL: 4.1744 0.0086 | 5.6738 0.4374 | 4.1744 0.0186 | 4.1744 0.0154 | Time: 33.3940 | TEST: 4.1744 0.0076 | 5.3268 0.4496 | 4.1744 0.0180 | 4.1744 0.0162 | Time: 32.3196
Epoch: 0054 | TRAIN: 4.1744 0.0103 | 0.2840 0.9150 | 4.1744 0.0179 | 4.1744 0.0145 | Time: 114.3625 | VAL: 4.1744 0.0086 | 5.8745 0.4409 | 4.1744 0.0186 | 4.1744 0.0154 | Time: 32.8540 | TEST: 4.1744 0.0076 | 5.5178 0.4182 | 4.1744 0.0180 | 4.1744 0.0162 | Time: 34.7432
Epoch: 0055 | TRAIN: 4.1744 0.0065 | 0.2597 0.9200 | 4.1744 0.0183 | 4.1744 0.0149 | Time: 114.4522 | VAL: 4.1744 0.0086 | 6.5640 0.3924 | 4.1744 0.0186 | 4.1744 0.0154 | Time: 35.3334 | TEST: 4.1744 0.0076 | 5.9338 0.4204 | 4.1744 0.0180 | 4.1744 0.0162 | Time: 33.6619
Epoch: 0056 | TRAIN: 4.1744 0.0084 | 0.2512 0.9211 | 4.1744 0.0183 | 4.1744 0.0168 | Time: 114.9172 | VAL: 4.1744 0.0086 | 5.6730 0.4267 | 4.1744 0.0186 | 4.1744 0.0154 | Time: 32.5576 | TEST: 4.1744 0.0076 | 5.2503 0.4355 | 4.1744 0.0180 | 4.1744 0.0162 | Time: 33.3799
Epoch: 0057 | TRAIN: 4.1744 0.0088 | 0.2350 0.9234 | 4.1744 0.0183 | 4.1744 0.0171 | Time: 117.0900 | VAL: 4.1744 0.0086 | 5.8430 0.4267 | 4.1744 0.0186 | 4.1744 0.0154 | Time: 33.1899 | TEST: 4.1744 0.0076 | 5.3083 0.4442 | 4.1744 0.0180 | 4.1744 0.0162 | Time: 35.0525
Epoch: 0058 | TRAIN: 4.1744 0.0088 | 0.2232 0.9268 | 4.1744 0.0183 | 4.1744 0.0141 | Time: 114.5527 | VAL: 4.1744 0.0086 | 6.1683 0.4374 | 4.1744 0.0186 | 4.1744 0.0154 | Time: 32.0301 | TEST: 4.1744 0.0076 | 5.7977 0.4507 | 4.1744 0.0180 | 4.1744 0.0162 | Time: 35.7018
Epoch: 0059 | TRAIN: 4.1744 0.0080 | 0.1885 0.9371 | 4.1744 0.0183 | 4.1744 0.0137 | Time: 115.3175 | VAL: 4.1744 0.0086 | 6.2808 0.4161 | 4.1744 0.0186 | 4.1744 0.0154 | Time: 32.7097 | TEST: 4.1744 0.0076 | 5.9054 0.4464 | 4.1744 0.0180 | 4.1744 0.0162 | Time: 33.4945
Epoch: 0060 | TRAIN: 4.1744 0.0091 | 0.1949 0.9394 | 4.1744 0.0179 | 4.1744 0.0160 | Time: 115.9918 | VAL: 4.1744 0.0086 | 6.4436 0.4362 | 4.1744 0.0186 | 4.1744 0.0154 | Time: 32.5252 | TEST: 4.1744 0.0076 | 6.0639 0.4442 | 4.1744 0.0180 | 4.1744 0.0162 | Time: 33.0340
Epoch: 0061 | TRAIN: 4.1744 0.0088 | 0.2024 0.9329 | 4.1744 0.0183 | 4.1744 0.0171 | Time: 115.5767 | VAL: 4.1744 0.0086 | 6.6025 0.4102 | 4.1744 0.0186 | 4.1744 0.0154 | Time: 32.7401 | TEST: 4.1744 0.0076 | 6.0885 0.4236 | 4.1744 0.0180 | 4.1744 0.0162 | Time: 32.6415
Epoch: 0062 | TRAIN: 4.1744 0.0084 | 0.2054 0.9386 | 4.1744 0.0183 | 4.1744 0.0133 | Time: 118.0414 | VAL: 4.1744 0.0086 | 5.6738 0.4421 | 4.1744 0.0186 | 4.1744 0.0154 | Time: 32.5769 | TEST: 4.1744 0.0076 | 5.4349 0.4507 | 4.1744 0.0180 | 4.1744 0.0162 | Time: 33.4372
Epoch: 0063 | TRAIN: 4.1744 0.0072 | 0.2303 0.9322 | 4.1744 0.0183 | 4.1744 0.0183 | Time: 114.6166 | VAL: 4.1744 0.0086 | 5.6087 0.4468 | 4.1744 0.0186 | 4.1744 0.0154 | Time: 33.6534 | TEST: 4.1744 0.0076 | 5.7865 0.4464 | 4.1744 0.0180 | 4.1744 0.0162 | Time: 32.7563
Epoch: 0064 | TRAIN: 4.1744 0.0091 | 0.1984 0.9337 | 4.1744 0.0183 | 4.1744 0.0137 | Time: 115.8562 | VAL: 4.1744 0.0086 | 5.8795 0.4527 | 4.1744 0.0186 | 4.1744 0.0154 | Time: 32.6581 | TEST: 4.1744 0.0076 | 5.6288 0.4420 | 4.1744 0.0180 | 4.1744 0.0162 | Time: 32.8809
Epoch: 0065 | TRAIN: 4.1744 0.0084 | 0.1549 0.9466 | 4.1744 0.0183 | 4.1744 0.0156 | Time: 116.8213 | VAL: 4.1744 0.0086 | 6.0560 0.4456 | 4.1744 0.0186 | 4.1744 0.0154 | Time: 32.0847 | TEST: 4.1744 0.0076 | 5.9643 0.4377 | 4.1744 0.0180 | 4.1744 0.0162 | Time: 32.4898
Epoch: 0066 | TRAIN: 4.1744 0.0084 | 0.1819 0.9428 | 4.1744 0.0183 | 4.1744 0.0152 | Time: 120.1460 | VAL: 4.1744 0.0086 | 6.5739 0.4421 | 4.1744 0.0186 | 4.1744 0.0154 | Time: 30.7877 | TEST: 4.1744 0.0076 | 6.4056 0.4431 | 4.1744 0.0180 | 4.1744 0.0162 | Time: 33.4903
Epoch: 0067 | TRAIN: 4.1744 0.0091 | 0.1843 0.9383 | 4.1744 0.0183 | 4.1744 0.0152 | Time: 119.4935 | VAL: 4.1744 0.0086 | 6.7687 0.4220 | 4.1744 0.0186 | 4.1744 0.0154 | Time: 30.1239 | TEST: 4.1744 0.0076 | 6.2683 0.4442 | 4.1744 0.0180 | 4.1744 0.0162 | Time: 32.1403
Epoch: 0068 | TRAIN: 4.1744 0.0080 | 0.1729 0.9402 | 4.1744 0.0183 | 4.1744 0.0160 | Time: 112.2471 | VAL: 4.1744 0.0086 | 6.4920 0.4456 | 4.1744 0.0186 | 4.1744 0.0154 | Time: 33.1176 | TEST: 4.1744 0.0076 | 6.0339 0.4442 | 4.1744 0.0180 | 4.1744 0.0162 | Time: 33.6203
Epoch: 0069 | TRAIN: 4.1744 0.0080 | 0.1271 0.9573 | 4.1744 0.0183 | 4.1744 0.0168 | Time: 117.9982 | VAL: 4.1744 0.0086 | 6.2215 0.4468 | 4.1744 0.0186 | 4.1744 0.0154 | Time: 33.0023 | TEST: 4.1744 0.0076 | 5.7485 0.4540 | 4.1744 0.0180 | 4.1744 0.0162 | Time: 32.9906
Epoch: 0070 | TRAIN: 4.1744 0.0088 | 0.1281 0.9577 | 4.1744 0.0179 | 4.1744 0.0145 | Time: 118.6018 | VAL: 4.1744 0.0086 | 6.8308 0.4563 | 4.1744 0.0186 | 4.1744 0.0154 | Time: 32.6834 | TEST: 4.1744 0.0076 | 6.1193 0.4615 | 4.1744 0.0180 | 4.1744 0.0162 | Time: 32.1292
Epoch: 0071 | TRAIN: 4.1744 0.0084 | 0.1481 0.9531 | 4.1744 0.0183 | 4.1744 0.0152 | Time: 115.9420 | VAL: 4.1744 0.0086 | 6.8710 0.4433 | 4.1744 0.0186 | 4.1744 0.0154 | Time: 32.8788 | TEST: 4.1744 0.0076 | 6.2861 0.4420 | 4.1744 0.0180 | 4.1744 0.0162 | Time: 26.8812
Epoch: 0072 | TRAIN: 4.1744 0.0095 | 0.1483 0.9543 | 4.1744 0.0183 | 4.1744 0.0152 | Time: 97.8259 | VAL: 4.1744 0.0086 | 6.9096 0.4208 | 4.1744 0.0186 | 4.1744 0.0154 | Time: 26.4217 | TEST: 4.1744 0.0076 | 6.6032 0.4442 | 4.1744 0.0180 | 4.1744 0.0162 | Time: 27.4156
Epoch: 0073 | TRAIN: 4.1744 0.0076 | 0.1602 0.9489 | 4.1744 0.0179 | 4.1744 0.0149 | Time: 96.3571 | VAL: 4.1744 0.0086 | 6.7417 0.4314 | 4.1744 0.0186 | 4.1744 0.0154 | Time: 26.5249 | TEST: 4.1744 0.0076 | 6.2636 0.4420 | 4.1744 0.0180 | 4.1744 0.0162 | Time: 26.9690
Epoch: 0074 | TRAIN: 4.1744 0.0080 | 0.1617 0.9478 | 4.1744 0.0183 | 4.1744 0.0156 | Time: 96.7483 | VAL: 4.1744 0.0086 | 7.1023 0.4374 | 4.1744 0.0186 | 4.1744 0.0154 | Time: 26.4804 | TEST: 4.1744 0.0076 | 6.5548 0.4529 | 4.1744 0.0180 | 4.1744 0.0162 | Time: 26.4597
Epoch: 0075 | TRAIN: 4.1744 0.0103 | 0.1583 0.9444 | 4.1744 0.0183 | 4.1744 0.0164 | Time: 97.6966 | VAL: 4.1744 0.0086 | 6.4607 0.4563 | 4.1744 0.0186 | 4.1744 0.0154 | Time: 26.6984 | TEST: 4.1744 0.0076 | 6.0143 0.4561 | 4.1744 0.0180 | 4.1744 0.0162 | Time: 27.1882
Epoch: 0076 | TRAIN: 4.1744 0.0072 | 0.1465 0.9520 | 4.1744 0.0183 | 4.1744 0.0156 | Time: 95.9666 | VAL: 4.1744 0.0086 | 6.9813 0.4314 | 4.1744 0.0186 | 4.1744 0.0154 | Time: 27.2081 | TEST: 4.1744 0.0076 | 6.3415 0.4410 | 4.1744 0.0180 | 4.1744 0.0162 | Time: 26.9411
Epoch: 0077 | TRAIN: 4.1744 0.0076 | 0.1532 0.9482 | 4.1744 0.0183 | 4.1744 0.0160 | Time: 95.6147 | VAL: 4.1744 0.0086 | 7.4213 0.4208 | 4.1744 0.0186 | 4.1744 0.0154 | Time: 27.2856 | TEST: 4.1744 0.0076 | 6.8519 0.4269 | 4.1744 0.0180 | 4.1744 0.0162 | Time: 26.5494
Epoch: 0078 | TRAIN: 4.1744 0.0091 | 0.1473 0.9497 | 4.1744 0.0179 | 4.1744 0.0152 | Time: 96.4150 | VAL: 4.1744 0.0086 | 6.8639 0.4362 | 4.1744 0.0186 | 4.1744 0.0154 | Time: 27.0167 | TEST: 4.1744 0.0076 | 6.4762 0.4540 | 4.1744 0.0180 | 4.1744 0.0162 | Time: 26.6670
Epoch: 0079 | TRAIN: 4.1744 0.0080 | 0.1212 0.9596 | 4.1744 0.0183 | 4.1744 0.0149 | Time: 95.6742 | VAL: 4.1744 0.0086 | 6.6488 0.4444 | 4.1744 0.0186 | 4.1744 0.0154 | Time: 26.8382 | TEST: 4.1744 0.0076 | 6.2795 0.4496 | 4.1744 0.0180 | 4.1744 0.0162 | Time: 27.4018
Epoch: 0080 | TRAIN: 4.1744 0.0088 | 0.1253 0.9577 | 4.1744 0.0183 | 4.1744 0.0164 | Time: 96.8687 | VAL: 4.1744 0.0086 | 6.8146 0.4515 | 4.1744 0.0186 | 4.1744 0.0154 | Time: 26.9115 | TEST: 4.1744 0.0076 | 6.4917 0.4615 | 4.1744 0.0180 | 4.1744 0.0162 | Time: 27.1669
Epoch: 0081 | TRAIN: 4.1744 0.0088 | 0.1365 0.9573 | 4.1744 0.0183 | 4.1744 0.0145 | Time: 96.3439 | VAL: 4.1744 0.0086 | 6.5179 0.4551 | 4.1744 0.0186 | 4.1744 0.0154 | Time: 26.1462 | TEST: 4.1744 0.0076 | 6.0276 0.4702 | 4.1744 0.0180 | 4.1744 0.0162 | Time: 26.8756
Epoch: 0082 | TRAIN: 4.1744 0.0069 | 0.1297 0.9573 | 4.1744 0.0183 | 4.1744 0.0145 | Time: 97.0252 | VAL: 4.1744 0.0086 | 6.7186 0.4551 | 4.1744 0.0186 | 4.1744 0.0154 | Time: 26.5532 | TEST: 4.1744 0.0076 | 6.4175 0.4550 | 4.1744 0.0180 | 4.1744 0.0162 | Time: 26.8948
Epoch: 0083 | TRAIN: 4.1744 0.0095 | 0.1231 0.9569 | 4.1744 0.0183 | 4.1744 0.0164 | Time: 96.8286 | VAL: 4.1744 0.0086 | 7.3905 0.4397 | 4.1744 0.0186 | 4.1744 0.0154 | Time: 27.1551 | TEST: 4.1744 0.0076 | 6.7955 0.4648 | 4.1744 0.0180 | 4.1744 0.0162 | Time: 27.2676
Epoch: 0084 | TRAIN: 4.1744 0.0088 | 0.1160 0.9600 | 4.1744 0.0179 | 4.1744 0.0152 | Time: 96.8589 | VAL: 4.1744 0.0086 | 7.3669 0.4480 | 4.1744 0.0186 | 4.1744 0.0154 | Time: 26.5329 | TEST: 4.1744 0.0076 | 6.6446 0.4605 | 4.1744 0.0180 | 4.1744 0.0162 | Time: 27.2508
Epoch: 0085 | TRAIN: 4.1744 0.0080 | 0.1304 0.9600 | 4.1744 0.0183 | 4.1744 0.0168 | Time: 96.0377 | VAL: 4.1744 0.0086 | 6.6824 0.4622 | 4.1744 0.0186 | 4.1744 0.0154 | Time: 27.0036 | TEST: 4.1744 0.0076 | 6.4899 0.4572 | 4.1744 0.0180 | 4.1744 0.0162 | Time: 27.4518
Epoch: 0086 | TRAIN: 4.1744 0.0084 | 0.1100 0.9627 | 4.1744 0.0179 | 4.1744 0.0156 | Time: 96.7355 | VAL: 4.1744 0.0086 | 7.1345 0.4374 | 4.1744 0.0186 | 4.1744 0.0154 | Time: 27.0450 | TEST: 4.1744 0.0076 | 6.7542 0.4496 | 4.1744 0.0180 | 4.1744 0.0162 | Time: 27.0253
Epoch: 0087 | TRAIN: 4.1744 0.0091 | 0.1452 0.9539 | 4.1744 0.0183 | 4.1744 0.0156 | Time: 96.6820 | VAL: 4.1744 0.0086 | 7.2619 0.4480 | 4.1744 0.0186 | 4.1744 0.0154 | Time: 27.3316 | TEST: 4.1744 0.0076 | 6.9862 0.4518 | 4.1744 0.0180 | 4.1744 0.0162 | Time: 27.2019
Epoch: 0088 | TRAIN: 4.1744 0.0084 | 0.1490 0.9566 | 4.1744 0.0183 | 4.1744 0.0137 | Time: 96.5834 | VAL: 4.1744 0.0086 | 7.1686 0.4397 | 4.1744 0.0186 | 4.1744 0.0154 | Time: 26.5567 | TEST: 4.1744 0.0076 | 6.6932 0.4594 | 4.1744 0.0180 | 4.1744 0.0162 | Time: 26.6219
Epoch: 0089 | TRAIN: 4.1744 0.0084 | 0.1107 0.9627 | 4.1744 0.0183 | 4.1744 0.0164 | Time: 96.4342 | VAL: 4.1744 0.0086 | 6.8107 0.4870 | 4.1744 0.0186 | 4.1744 0.0154 | Time: 27.3462 | TEST: 4.1744 0.0076 | 6.4005 0.4810 | 4.1744 0.0180 | 4.1744 0.0162 | Time: 27.2043
Epoch: 0090 | TRAIN: 4.1744 0.0095 | 0.1187 0.9619 | 4.1744 0.0183 | 4.1744 0.0171 | Time: 96.9990 | VAL: 4.1744 0.0086 | 7.2015 0.4527 | 4.1744 0.0186 | 4.1744 0.0154 | Time: 26.7921 | TEST: 4.1744 0.0076 | 6.9180 0.4485 | 4.1744 0.0180 | 4.1744 0.0162 | Time: 27.1657
Epoch: 0091 | TRAIN: 4.1744 0.0088 | 0.1137 0.9588 | 4.1744 0.0183 | 4.1744 0.0168 | Time: 94.8921 | VAL: 4.1744 0.0086 | 6.9583 0.4610 | 4.1744 0.0186 | 4.1744 0.0154 | Time: 26.3621 | TEST: 4.1744 0.0076 | 6.4091 0.4626 | 4.1744 0.0180 | 4.1744 0.0162 | Time: 26.6728
Epoch: 0092 | TRAIN: 4.1744 0.0076 | 0.1198 0.9562 | 4.1744 0.0183 | 4.1744 0.0114 | Time: 100.1516 | VAL: 4.1744 0.0086 | 7.2914 0.4444 | 4.1744 0.0186 | 4.1744 0.0154 | Time: 26.5433 | TEST: 4.1744 0.0076 | 6.8092 0.4475 | 4.1744 0.0180 | 4.1744 0.0162 | Time: 26.9148
Epoch: 0093 | TRAIN: 4.1744 0.0088 | 0.1334 0.9585 | 4.1744 0.0183 | 4.1744 0.0164 | Time: 97.3272 | VAL: 4.1744 0.0086 | 7.3617 0.4385 | 4.1744 0.0186 | 4.1744 0.0154 | Time: 26.7306 | TEST: 4.1744 0.0076 | 6.6205 0.4691 | 4.1744 0.0180 | 4.1744 0.0162 | Time: 26.9150
Epoch: 0094 | TRAIN: 4.1744 0.0084 | 0.1423 0.9554 | 4.1744 0.0183 | 4.1744 0.0145 | Time: 95.5225 | VAL: 4.1744 0.0086 | 7.5263 0.4362 | 4.1744 0.0186 | 4.1744 0.0154 | Time: 26.7314 | TEST: 4.1744 0.0076 | 6.7953 0.4475 | 4.1744 0.0180 | 4.1744 0.0162 | Time: 26.9838
Epoch: 0095 | TRAIN: 4.1744 0.0069 | 0.1139 0.9615 | 4.1744 0.0183 | 4.1744 0.0160 | Time: 94.8363 | VAL: 4.1744 0.0086 | 7.2836 0.4397 | 4.1744 0.0186 | 4.1744 0.0154 | Time: 27.0481 | TEST: 4.1744 0.0076 | 6.7291 0.4507 | 4.1744 0.0180 | 4.1744 0.0162 | Time: 26.9983
Epoch: 0096 | TRAIN: 4.1744 0.0091 | 0.1304 0.9581 | 4.1744 0.0183 | 4.1744 0.0149 | Time: 97.1804 | VAL: 4.1744 0.0086 | 7.1588 0.4586 | 4.1744 0.0186 | 4.1744 0.0154 | Time: 26.4426 | TEST: 4.1744 0.0076 | 6.6803 0.4789 | 4.1744 0.0180 | 4.1744 0.0162 | Time: 26.8612
Epoch: 0097 | TRAIN: 4.1744 0.0088 | 0.1152 0.9611 | 4.1744 0.0179 | 4.1744 0.0164 | Time: 95.7889 | VAL: 4.1744 0.0086 | 6.9503 0.4409 | 4.1744 0.0186 | 4.1744 0.0154 | Time: 26.7600 | TEST: 4.1744 0.0076 | 6.6342 0.4518 | 4.1744 0.0180 | 4.1744 0.0162 | Time: 26.8835
Epoch: 0098 | TRAIN: 4.1744 0.0072 | 0.1171 0.9672 | 4.1744 0.0183 | 4.1744 0.0152 | Time: 96.6198 | VAL: 4.1744 0.0086 | 6.9177 0.4586 | 4.1744 0.0186 | 4.1744 0.0154 | Time: 26.4985 | TEST: 4.1744 0.0076 | 6.5477 0.4637 | 4.1744 0.0180 | 4.1744 0.0162 | Time: 27.2573
Epoch: 0099 | TRAIN: 4.1744 0.0084 | 0.0956 0.9668 | 4.1744 0.0183 | 4.1744 0.0164 | Time: 97.8184 | VAL: 4.1744 0.0086 | 7.4509 0.4657 | 4.1744 0.0186 | 4.1744 0.0154 | Time: 26.6157 | TEST: 4.1744 0.0076 | 6.7794 0.4713 | 4.1744 0.0180 | 4.1744 0.0162 | Time: 27.3800
========================================
Best Result: Epoch 89, result {'Art': [0.007590132827324478], 'Clipart': [0.4810400866738895], 'Product': [0.018008474576271187], 'Real_World': [0.016216216216216217]}
========================================
