========================================
General Configuration:
	Wighting: ITL
	Architecture: HPS
	Rep_Grad: False
	Multi_Input: True
	Seed: 0
	Device: cuda:0
ITL Configuration:
	weighting: ITL
	task_idx: 0
Optimizer Configuration:
	optim: adam
	lr: 0.001
	weight_decay: 1e-06
========================================
Total Params: 11573572
Trainable Params: 11573572
Non-trainable Params: 0
========================================
LOG FORMAT | Art_LOSS Acc | Clipart_LOSS Acc | Product_LOSS Acc | Real_World_LOSS Acc | TIME
Epoch: 0000 | TRAIN: 2.8899 0.3323 | 4.2444 0.0149 | 4.2334 0.0175 | 4.2507 0.0145 | Time: 189.3286 | VAL: 2.7616 0.3527 | 4.1787 0.0095 | 4.1737 0.0140 | 4.1840 0.0083 | Time: 62.8956 | TEST: 2.9795 0.2903 | 4.1792 0.0206 | 4.1758 0.0159 | 4.1855 0.0108 | Time: 51.0477
Epoch: 0001 | TRAIN: 1.3340 0.6917 | 4.1828 0.0133 | 4.1773 0.0168 | 4.1725 0.0210 | Time: 129.3678 | VAL: 2.1993 0.4473 | 4.1741 0.0201 | 4.1750 0.0163 | 4.1728 0.0225 | Time: 36.6644 | TEST: 2.2874 0.4535 | 4.1746 0.0184 | 4.1755 0.0117 | 4.1728 0.0195 | Time: 38.1715
Epoch: 0002 | TRAIN: 0.5395 0.8979 | 4.1745 0.0122 | 4.1746 0.0137 | 4.1740 0.0194 | Time: 127.6101 | VAL: 2.0966 0.4667 | 4.1744 0.0189 | 4.1744 0.0093 | 4.1744 0.0083 | Time: 36.7310 | TEST: 2.2041 0.4687 | 4.1744 0.0184 | 4.1743 0.0127 | 4.1744 0.0086 | Time: 37.3685
Epoch: 0003 | TRAIN: 0.2312 0.9607 | 4.1744 0.0160 | 4.1744 0.0130 | 4.1744 0.0107 | Time: 127.1595 | VAL: 2.2799 0.4796 | 4.1744 0.0130 | 4.1744 0.0058 | 4.1744 0.0059 | Time: 35.2252 | TEST: 2.3706 0.4516 | 4.1744 0.0206 | 4.1744 0.0064 | 4.1744 0.0032 | Time: 37.2888
Epoch: 0004 | TRAIN: 0.1221 0.9821 | 4.1744 0.0179 | 4.1744 0.0126 | 4.1744 0.0133 | Time: 123.7602 | VAL: 2.1081 0.5419 | 4.1744 0.0201 | 4.1744 0.0081 | 4.1744 0.0106 | Time: 36.4671 | TEST: 2.2695 0.4820 | 4.1744 0.0195 | 4.1744 0.0074 | 4.1744 0.0086 | Time: 38.0088
Epoch: 0005 | TRAIN: 0.1064 0.9844 | 4.1744 0.0168 | 4.1744 0.0141 | 4.1744 0.0213 | Time: 127.6684 | VAL: 2.5159 0.4538 | 4.1744 0.0296 | 4.1744 0.0047 | 4.1744 0.0165 | Time: 36.3210 | TEST: 2.6172 0.4099 | 4.1744 0.0184 | 4.1744 0.0074 | 4.1744 0.0162 | Time: 37.8405
Epoch: 0006 | TRAIN: 0.0741 0.9874 | 4.1744 0.0149 | 4.1744 0.0091 | 4.1744 0.0118 | Time: 126.5750 | VAL: 2.2839 0.4968 | 4.1744 0.0272 | 4.1744 0.0198 | 4.1744 0.0106 | Time: 35.6361 | TEST: 2.4505 0.4649 | 4.1744 0.0303 | 4.1744 0.0148 | 4.1744 0.0065 | Time: 37.0498
Epoch: 0007 | TRAIN: 0.0561 0.9893 | 4.1744 0.0229 | 4.1744 0.0168 | 4.1744 0.0164 | Time: 124.9592 | VAL: 2.3110 0.5161 | 4.1744 0.0165 | 4.1744 0.0186 | 4.1744 0.0177 | Time: 36.3335 | TEST: 2.4549 0.4630 | 4.1744 0.0173 | 4.1744 0.0201 | 4.1744 0.0173 | Time: 37.0737
Epoch: 0008 | TRAIN: 0.1074 0.9771 | 4.1744 0.0145 | 4.1744 0.0179 | 4.1744 0.0152 | Time: 130.0092 | VAL: 3.0710 0.4151 | 4.1744 0.0177 | 4.1744 0.0186 | 4.1744 0.0154 | Time: 35.9020 | TEST: 3.2616 0.3890 | 4.1744 0.0184 | 4.1744 0.0180 | 4.1744 0.0162 | Time: 36.8053
Epoch: 0009 | TRAIN: 0.3152 0.9223 | 4.1744 0.0194 | 4.1744 0.0183 | 4.1744 0.0171 | Time: 127.6151 | VAL: 3.3867 0.3785 | 4.1744 0.0177 | 4.1744 0.0186 | 4.1744 0.0154 | Time: 35.5360 | TEST: 3.5776 0.3359 | 4.1744 0.0184 | 4.1744 0.0180 | 4.1744 0.0162 | Time: 36.8238
Epoch: 0010 | TRAIN: 0.4344 0.8910 | 4.1744 0.0145 | 4.1744 0.0183 | 4.1744 0.0149 | Time: 122.6453 | VAL: 2.8150 0.4344 | 4.1744 0.0177 | 4.1744 0.0186 | 4.1744 0.0154 | Time: 36.0622 | TEST: 3.0682 0.3852 | 4.1744 0.0184 | 4.1744 0.0180 | 4.1744 0.0162 | Time: 37.2440
Epoch: 0011 | TRAIN: 0.2237 0.9432 | 4.1744 0.0191 | 4.1744 0.0183 | 4.1744 0.0145 | Time: 125.6126 | VAL: 3.4631 0.3677 | 4.1744 0.0177 | 4.1744 0.0186 | 4.1744 0.0154 | Time: 36.5753 | TEST: 3.6674 0.3378 | 4.1744 0.0184 | 4.1744 0.0180 | 4.1744 0.0162 | Time: 37.3011
Epoch: 0012 | TRAIN: 0.1023 0.9787 | 4.1744 0.0179 | 4.1744 0.0183 | 4.1744 0.0168 | Time: 122.8400 | VAL: 2.9353 0.4366 | 4.1744 0.0177 | 4.1744 0.0186 | 4.1744 0.0154 | Time: 36.0750 | TEST: 2.9957 0.4269 | 4.1744 0.0184 | 4.1744 0.0180 | 4.1744 0.0162 | Time: 37.0839
Epoch: 0013 | TRAIN: 0.0434 0.9889 | 4.1744 0.0183 | 4.1744 0.0183 | 4.1744 0.0156 | Time: 124.8386 | VAL: 2.8008 0.4495 | 4.1744 0.0177 | 4.1744 0.0186 | 4.1744 0.0154 | Time: 35.0567 | TEST: 2.7296 0.4630 | 4.1744 0.0184 | 4.1744 0.0180 | 4.1744 0.0162 | Time: 37.0464
Epoch: 0014 | TRAIN: 0.0274 0.9916 | 4.1744 0.0179 | 4.1744 0.0183 | 4.1744 0.0137 | Time: 120.9949 | VAL: 2.6922 0.4710 | 4.1744 0.0177 | 4.1744 0.0186 | 4.1744 0.0154 | Time: 36.3105 | TEST: 2.7101 0.4706 | 4.1744 0.0184 | 4.1744 0.0180 | 4.1744 0.0162 | Time: 35.1985
Epoch: 0015 | TRAIN: 0.0188 0.9928 | 4.1744 0.0198 | 4.1744 0.0183 | 4.1744 0.0156 | Time: 122.8012 | VAL: 2.6132 0.4989 | 4.1744 0.0177 | 4.1744 0.0186 | 4.1744 0.0154 | Time: 36.1829 | TEST: 2.7071 0.4953 | 4.1744 0.0184 | 4.1744 0.0180 | 4.1744 0.0162 | Time: 35.9476
Epoch: 0016 | TRAIN: 0.0154 0.9943 | 4.1744 0.0152 | 4.1744 0.0183 | 4.1744 0.0152 | Time: 123.0159 | VAL: 2.5583 0.4903 | 4.1744 0.0177 | 4.1744 0.0186 | 4.1744 0.0154 | Time: 37.1199 | TEST: 2.6933 0.4877 | 4.1744 0.0184 | 4.1744 0.0180 | 4.1744 0.0162 | Time: 36.1043
Epoch: 0017 | TRAIN: 0.0149 0.9935 | 4.1744 0.0183 | 4.1744 0.0179 | 4.1744 0.0175 | Time: 123.8896 | VAL: 2.5790 0.4989 | 4.1744 0.0177 | 4.1744 0.0186 | 4.1744 0.0154 | Time: 36.9038 | TEST: 2.7188 0.4915 | 4.1744 0.0184 | 4.1744 0.0180 | 4.1744 0.0162 | Time: 36.3618
Epoch: 0018 | TRAIN: 0.0153 0.9928 | 4.1744 0.0175 | 4.1744 0.0183 | 4.1744 0.0141 | Time: 124.7288 | VAL: 2.5461 0.5011 | 4.1744 0.0177 | 4.1744 0.0186 | 4.1744 0.0154 | Time: 36.3741 | TEST: 2.6740 0.4896 | 4.1744 0.0184 | 4.1744 0.0180 | 4.1744 0.0162 | Time: 36.1536
Epoch: 0019 | TRAIN: 0.0107 0.9950 | 4.1744 0.0168 | 4.1744 0.0183 | 4.1744 0.0141 | Time: 123.3266 | VAL: 2.5204 0.4968 | 4.1744 0.0177 | 4.1744 0.0186 | 4.1744 0.0154 | Time: 36.6335 | TEST: 2.6582 0.4915 | 4.1744 0.0184 | 4.1744 0.0180 | 4.1744 0.0162 | Time: 35.4173
Epoch: 0020 | TRAIN: 0.0157 0.9916 | 4.1744 0.0183 | 4.1744 0.0183 | 4.1744 0.0168 | Time: 123.2786 | VAL: 2.5162 0.5011 | 4.1744 0.0177 | 4.1744 0.0186 | 4.1744 0.0154 | Time: 37.2011 | TEST: 2.6391 0.4896 | 4.1744 0.0184 | 4.1744 0.0180 | 4.1744 0.0162 | Time: 35.6516
Epoch: 0021 | TRAIN: 0.0124 0.9931 | 4.1744 0.0194 | 4.1744 0.0179 | 4.1744 0.0164 | Time: 123.5832 | VAL: 2.5460 0.5011 | 4.1744 0.0177 | 4.1744 0.0186 | 4.1744 0.0154 | Time: 36.7095 | TEST: 2.6824 0.4858 | 4.1744 0.0184 | 4.1744 0.0180 | 4.1744 0.0162 | Time: 35.4100
Epoch: 0022 | TRAIN: 0.0125 0.9935 | 4.1744 0.0179 | 4.1744 0.0183 | 4.1744 0.0160 | Time: 124.2723 | VAL: 2.5104 0.5075 | 4.1744 0.0177 | 4.1744 0.0186 | 4.1744 0.0154 | Time: 36.4068 | TEST: 2.6634 0.4877 | 4.1744 0.0184 | 4.1744 0.0180 | 4.1744 0.0162 | Time: 35.9519
Epoch: 0023 | TRAIN: 0.0113 0.9935 | 4.1744 0.0175 | 4.1744 0.0183 | 4.1744 0.0141 | Time: 123.4318 | VAL: 2.5096 0.5054 | 4.1744 0.0177 | 4.1744 0.0186 | 4.1744 0.0154 | Time: 37.3048 | TEST: 2.6108 0.4934 | 4.1744 0.0184 | 4.1744 0.0180 | 4.1744 0.0162 | Time: 35.5089
Epoch: 0024 | TRAIN: 0.0123 0.9931 | 4.1744 0.0171 | 4.1744 0.0179 | 4.1744 0.0164 | Time: 121.0300 | VAL: 2.5255 0.4925 | 4.1744 0.0177 | 4.1744 0.0186 | 4.1744 0.0154 | Time: 38.6894 | TEST: 2.6595 0.4877 | 4.1744 0.0184 | 4.1744 0.0180 | 4.1744 0.0162 | Time: 36.2429
Epoch: 0025 | TRAIN: 0.0143 0.9928 | 4.1744 0.0194 | 4.1744 0.0183 | 4.1744 0.0164 | Time: 121.8356 | VAL: 2.5228 0.5032 | 4.1744 0.0177 | 4.1744 0.0186 | 4.1744 0.0154 | Time: 38.7532 | TEST: 2.6369 0.4934 | 4.1744 0.0184 | 4.1744 0.0180 | 4.1744 0.0162 | Time: 35.9602
Epoch: 0026 | TRAIN: 0.0148 0.9920 | 4.1744 0.0168 | 4.1744 0.0179 | 4.1744 0.0145 | Time: 122.9736 | VAL: 2.5291 0.4968 | 4.1744 0.0177 | 4.1744 0.0186 | 4.1744 0.0154 | Time: 38.1523 | TEST: 2.6620 0.4953 | 4.1744 0.0184 | 4.1744 0.0180 | 4.1744 0.0162 | Time: 35.6418
Epoch: 0027 | TRAIN: 0.0086 0.9958 | 4.1744 0.0171 | 4.1744 0.0183 | 4.1744 0.0152 | Time: 121.8310 | VAL: 2.5031 0.5054 | 4.1744 0.0177 | 4.1744 0.0186 | 4.1744 0.0154 | Time: 38.9168 | TEST: 2.6393 0.4991 | 4.1744 0.0184 | 4.1744 0.0180 | 4.1744 0.0162 | Time: 36.1030
Epoch: 0028 | TRAIN: 0.0118 0.9924 | 4.1744 0.0152 | 4.1744 0.0183 | 4.1744 0.0149 | Time: 124.0866 | VAL: 2.4875 0.4989 | 4.1744 0.0177 | 4.1744 0.0186 | 4.1744 0.0154 | Time: 37.7800 | TEST: 2.6140 0.4991 | 4.1744 0.0184 | 4.1744 0.0180 | 4.1744 0.0162 | Time: 35.6856
Epoch: 0029 | TRAIN: 0.0119 0.9935 | 4.1744 0.0191 | 4.1744 0.0183 | 4.1744 0.0152 | Time: 121.8644 | VAL: 2.5000 0.5054 | 4.1744 0.0177 | 4.1744 0.0186 | 4.1744 0.0154 | Time: 37.6672 | TEST: 2.6508 0.4896 | 4.1744 0.0184 | 4.1744 0.0180 | 4.1744 0.0162 | Time: 35.7035
Epoch: 0030 | TRAIN: 0.0123 0.9935 | 4.1744 0.0191 | 4.1744 0.0183 | 4.1744 0.0149 | Time: 121.2307 | VAL: 2.5738 0.4968 | 4.1744 0.0177 | 4.1744 0.0186 | 4.1744 0.0154 | Time: 38.4386 | TEST: 2.7228 0.4896 | 4.1744 0.0184 | 4.1744 0.0180 | 4.1744 0.0162 | Time: 36.0569
Epoch: 0031 | TRAIN: 0.0102 0.9966 | 4.1744 0.0171 | 4.1744 0.0183 | 4.1744 0.0156 | Time: 123.1025 | VAL: 2.5189 0.5075 | 4.1744 0.0177 | 4.1744 0.0186 | 4.1744 0.0154 | Time: 38.9286 | TEST: 2.6820 0.4801 | 4.1744 0.0184 | 4.1744 0.0180 | 4.1744 0.0162 | Time: 54.4913
Epoch: 0032 | TRAIN: 0.0131 0.9935 | 4.1744 0.0160 | 4.1744 0.0183 | 4.1744 0.0179 | Time: 125.6507 | VAL: 2.5249 0.5054 | 4.1744 0.0177 | 4.1744 0.0186 | 4.1744 0.0154 | Time: 36.9629 | TEST: 2.6823 0.4972 | 4.1744 0.0184 | 4.1744 0.0180 | 4.1744 0.0162 | Time: 36.3020
Epoch: 0033 | TRAIN: 0.0129 0.9939 | 4.1744 0.0191 | 4.1744 0.0179 | 4.1744 0.0145 | Time: 122.6737 | VAL: 2.4994 0.5054 | 4.1744 0.0177 | 4.1744 0.0186 | 4.1744 0.0154 | Time: 38.0400 | TEST: 2.6400 0.5066 | 4.1744 0.0184 | 4.1744 0.0180 | 4.1744 0.0162 | Time: 35.5788
Epoch: 0034 | TRAIN: 0.0145 0.9931 | 4.1744 0.0175 | 4.1744 0.0179 | 4.1744 0.0160 | Time: 123.1734 | VAL: 2.5446 0.5011 | 4.1744 0.0177 | 4.1744 0.0186 | 4.1744 0.0154 | Time: 38.0159 | TEST: 2.6787 0.5009 | 4.1744 0.0184 | 4.1744 0.0180 | 4.1744 0.0162 | Time: 35.8783
Epoch: 0035 | TRAIN: 0.0139 0.9935 | 4.1744 0.0160 | 4.1744 0.0183 | 4.1744 0.0160 | Time: 121.9032 | VAL: 2.4739 0.5054 | 4.1744 0.0177 | 4.1744 0.0186 | 4.1744 0.0154 | Time: 37.8057 | TEST: 2.6319 0.5009 | 4.1744 0.0184 | 4.1744 0.0180 | 4.1744 0.0162 | Time: 36.2963
Epoch: 0036 | TRAIN: 0.0154 0.9939 | 4.1744 0.0194 | 4.1744 0.0183 | 4.1744 0.0149 | Time: 122.3924 | VAL: 2.4724 0.5011 | 4.1744 0.0177 | 4.1744 0.0186 | 4.1744 0.0154 | Time: 36.9879 | TEST: 2.6375 0.4877 | 4.1744 0.0184 | 4.1744 0.0180 | 4.1744 0.0162 | Time: 35.8633
Epoch: 0037 | TRAIN: 0.0143 0.9931 | 4.1744 0.0175 | 4.1744 0.0183 | 4.1744 0.0160 | Time: 121.0900 | VAL: 2.4852 0.5247 | 4.1744 0.0177 | 4.1744 0.0186 | 4.1744 0.0154 | Time: 38.4903 | TEST: 2.6570 0.4972 | 4.1744 0.0184 | 4.1744 0.0180 | 4.1744 0.0162 | Time: 36.4444
Epoch: 0038 | TRAIN: 0.0156 0.9920 | 4.1744 0.0175 | 4.1744 0.0179 | 4.1744 0.0145 | Time: 120.1207 | VAL: 2.5078 0.5161 | 4.1744 0.0177 | 4.1744 0.0186 | 4.1744 0.0154 | Time: 38.6612 | TEST: 2.6711 0.5066 | 4.1744 0.0184 | 4.1744 0.0180 | 4.1744 0.0162 | Time: 35.7501
Epoch: 0039 | TRAIN: 0.0094 0.9939 | 4.1744 0.0179 | 4.1744 0.0179 | 4.1744 0.0156 | Time: 120.7384 | VAL: 2.4665 0.5183 | 4.1744 0.0177 | 4.1744 0.0186 | 4.1744 0.0154 | Time: 39.2118 | TEST: 2.6306 0.5009 | 4.1744 0.0184 | 4.1744 0.0180 | 4.1744 0.0162 | Time: 36.8297
Epoch: 0040 | TRAIN: 0.0116 0.9939 | 4.1744 0.0179 | 4.1744 0.0183 | 4.1744 0.0152 | Time: 121.6194 | VAL: 2.4259 0.5204 | 4.1744 0.0177 | 4.1744 0.0186 | 4.1744 0.0154 | Time: 38.1903 | TEST: 2.5822 0.5028 | 4.1744 0.0184 | 4.1744 0.0180 | 4.1744 0.0162 | Time: 36.5563
Epoch: 0041 | TRAIN: 0.0134 0.9943 | 4.1744 0.0179 | 4.1744 0.0183 | 4.1744 0.0164 | Time: 121.6055 | VAL: 2.4968 0.5204 | 4.1744 0.0177 | 4.1744 0.0186 | 4.1744 0.0154 | Time: 38.5128 | TEST: 2.6249 0.4991 | 4.1744 0.0184 | 4.1744 0.0180 | 4.1744 0.0162 | Time: 36.4875
Epoch: 0042 | TRAIN: 0.0116 0.9928 | 4.1744 0.0168 | 4.1744 0.0183 | 4.1744 0.0152 | Time: 120.1069 | VAL: 2.5214 0.5247 | 4.1744 0.0177 | 4.1744 0.0186 | 4.1744 0.0154 | Time: 38.8343 | TEST: 2.6478 0.4991 | 4.1744 0.0184 | 4.1744 0.0180 | 4.1744 0.0162 | Time: 36.3708
Epoch: 0043 | TRAIN: 0.0088 0.9962 | 4.1744 0.0171 | 4.1744 0.0183 | 4.1744 0.0160 | Time: 121.4208 | VAL: 2.4846 0.5118 | 4.1744 0.0177 | 4.1744 0.0186 | 4.1744 0.0154 | Time: 38.7713 | TEST: 2.6232 0.4991 | 4.1744 0.0184 | 4.1744 0.0180 | 4.1744 0.0162 | Time: 35.9148
Epoch: 0044 | TRAIN: 0.0093 0.9950 | 4.1744 0.0191 | 4.1744 0.0183 | 4.1744 0.0145 | Time: 121.6786 | VAL: 2.4872 0.5226 | 4.1744 0.0177 | 4.1744 0.0186 | 4.1744 0.0154 | Time: 37.6266 | TEST: 2.6470 0.4972 | 4.1744 0.0184 | 4.1744 0.0180 | 4.1744 0.0162 | Time: 36.2662
Epoch: 0045 | TRAIN: 0.0129 0.9920 | 4.1744 0.0179 | 4.1744 0.0183 | 4.1744 0.0156 | Time: 122.2205 | VAL: 2.5154 0.5269 | 4.1744 0.0177 | 4.1744 0.0186 | 4.1744 0.0154 | Time: 38.4117 | TEST: 2.6402 0.4991 | 4.1744 0.0184 | 4.1744 0.0180 | 4.1744 0.0162 | Time: 35.7362
Epoch: 0046 | TRAIN: 0.0112 0.9954 | 4.1744 0.0179 | 4.1744 0.0183 | 4.1744 0.0156 | Time: 120.7004 | VAL: 2.5414 0.5204 | 4.1744 0.0177 | 4.1744 0.0186 | 4.1744 0.0154 | Time: 40.0092 | TEST: 2.6677 0.5028 | 4.1744 0.0184 | 4.1744 0.0180 | 4.1744 0.0162 | Time: 35.5928
Epoch: 0047 | TRAIN: 0.0130 0.9943 | 4.1744 0.0160 | 4.1744 0.0183 | 4.1744 0.0156 | Time: 121.4110 | VAL: 2.5454 0.5183 | 4.1744 0.0177 | 4.1744 0.0186 | 4.1744 0.0154 | Time: 40.0226 | TEST: 2.6972 0.4991 | 4.1744 0.0184 | 4.1744 0.0180 | 4.1744 0.0162 | Time: 36.5578
Epoch: 0048 | TRAIN: 0.0097 0.9947 | 4.1744 0.0175 | 4.1744 0.0183 | 4.1744 0.0156 | Time: 121.5176 | VAL: 2.4790 0.5247 | 4.1744 0.0177 | 4.1744 0.0186 | 4.1744 0.0154 | Time: 38.7006 | TEST: 2.6678 0.5009 | 4.1744 0.0184 | 4.1744 0.0180 | 4.1744 0.0162 | Time: 36.2905
Epoch: 0049 | TRAIN: 0.0156 0.9924 | 4.1744 0.0179 | 4.1744 0.0179 | 4.1744 0.0160 | Time: 120.1939 | VAL: 2.4599 0.5290 | 4.1744 0.0177 | 4.1744 0.0186 | 4.1744 0.0154 | Time: 39.6856 | TEST: 2.6545 0.5028 | 4.1744 0.0184 | 4.1744 0.0180 | 4.1744 0.0162 | Time: 34.5362
Epoch: 0050 | TRAIN: 0.0128 0.9935 | 4.1744 0.0183 | 4.1744 0.0183 | 4.1744 0.0145 | Time: 120.8980 | VAL: 2.4813 0.5204 | 4.1744 0.0177 | 4.1744 0.0186 | 4.1744 0.0154 | Time: 38.0711 | TEST: 2.6733 0.4934 | 4.1744 0.0184 | 4.1744 0.0180 | 4.1744 0.0162 | Time: 35.2639
Epoch: 0051 | TRAIN: 0.0132 0.9935 | 4.1744 0.0164 | 4.1744 0.0183 | 4.1744 0.0156 | Time: 123.1227 | VAL: 2.4653 0.5161 | 4.1744 0.0177 | 4.1744 0.0186 | 4.1744 0.0154 | Time: 36.3242 | TEST: 2.6171 0.5066 | 4.1744 0.0184 | 4.1744 0.0180 | 4.1744 0.0162 | Time: 35.9003
Epoch: 0052 | TRAIN: 0.0111 0.9939 | 4.1744 0.0198 | 4.1744 0.0179 | 4.1744 0.0171 | Time: 122.4508 | VAL: 2.5075 0.5204 | 4.1744 0.0177 | 4.1744 0.0186 | 4.1744 0.0154 | Time: 35.9871 | TEST: 2.6866 0.5066 | 4.1744 0.0184 | 4.1744 0.0180 | 4.1744 0.0162 | Time: 36.0349
Epoch: 0053 | TRAIN: 0.0126 0.9935 | 4.1744 0.0156 | 4.1744 0.0183 | 4.1744 0.0149 | Time: 128.6995 | VAL: 2.4936 0.5269 | 4.1744 0.0177 | 4.1744 0.0186 | 4.1744 0.0154 | Time: 36.9716 | TEST: 2.6649 0.5028 | 4.1744 0.0184 | 4.1744 0.0180 | 4.1744 0.0162 | Time: 34.7564
Epoch: 0054 | TRAIN: 0.0142 0.9928 | 4.1744 0.0156 | 4.1744 0.0179 | 4.1744 0.0145 | Time: 122.6587 | VAL: 2.5181 0.5333 | 4.1744 0.0177 | 4.1744 0.0186 | 4.1744 0.0154 | Time: 35.5020 | TEST: 2.6794 0.4991 | 4.1744 0.0184 | 4.1744 0.0180 | 4.1744 0.0162 | Time: 37.1769
Epoch: 0055 | TRAIN: 0.0097 0.9947 | 4.1744 0.0198 | 4.1744 0.0183 | 4.1744 0.0149 | Time: 124.1385 | VAL: 2.5350 0.5398 | 4.1744 0.0177 | 4.1744 0.0186 | 4.1744 0.0154 | Time: 35.8711 | TEST: 2.7319 0.4858 | 4.1744 0.0184 | 4.1744 0.0180 | 4.1744 0.0162 | Time: 37.1818
Epoch: 0056 | TRAIN: 0.0125 0.9947 | 4.1744 0.0171 | 4.1744 0.0183 | 4.1744 0.0168 | Time: 126.1530 | VAL: 2.5731 0.5333 | 4.1744 0.0177 | 4.1744 0.0186 | 4.1744 0.0154 | Time: 35.2939 | TEST: 2.7456 0.4991 | 4.1744 0.0184 | 4.1744 0.0180 | 4.1744 0.0162 | Time: 37.0390
Epoch: 0057 | TRAIN: 0.0117 0.9935 | 4.1744 0.0168 | 4.1744 0.0183 | 4.1744 0.0171 | Time: 127.7150 | VAL: 2.5538 0.5290 | 4.1744 0.0177 | 4.1744 0.0186 | 4.1744 0.0154 | Time: 36.2285 | TEST: 2.6835 0.4839 | 4.1744 0.0184 | 4.1744 0.0180 | 4.1744 0.0162 | Time: 34.5176
Epoch: 0058 | TRAIN: 0.0134 0.9939 | 4.1744 0.0171 | 4.1744 0.0183 | 4.1744 0.0141 | Time: 126.0811 | VAL: 2.6577 0.5226 | 4.1744 0.0177 | 4.1744 0.0186 | 4.1744 0.0154 | Time: 36.9306 | TEST: 2.8070 0.4934 | 4.1744 0.0184 | 4.1744 0.0180 | 4.1744 0.0162 | Time: 36.3979
Epoch: 0059 | TRAIN: 0.0135 0.9935 | 4.1744 0.0213 | 4.1744 0.0183 | 4.1744 0.0137 | Time: 124.3903 | VAL: 2.5423 0.5290 | 4.1744 0.0177 | 4.1744 0.0186 | 4.1744 0.0154 | Time: 37.5738 | TEST: 2.7084 0.4953 | 4.1744 0.0184 | 4.1744 0.0180 | 4.1744 0.0162 | Time: 34.7006
Epoch: 0060 | TRAIN: 0.0110 0.9935 | 4.1744 0.0152 | 4.1744 0.0179 | 4.1744 0.0160 | Time: 126.2635 | VAL: 2.5307 0.5333 | 4.1744 0.0177 | 4.1744 0.0186 | 4.1744 0.0154 | Time: 37.6637 | TEST: 2.7895 0.4934 | 4.1744 0.0184 | 4.1744 0.0180 | 4.1744 0.0162 | Time: 35.5341
Epoch: 0061 | TRAIN: 0.0130 0.9916 | 4.1744 0.0175 | 4.1744 0.0183 | 4.1744 0.0171 | Time: 122.9235 | VAL: 2.6364 0.5226 | 4.1744 0.0177 | 4.1744 0.0186 | 4.1744 0.0154 | Time: 36.2867 | TEST: 2.7784 0.4934 | 4.1744 0.0184 | 4.1744 0.0180 | 4.1744 0.0162 | Time: 35.5271
Epoch: 0062 | TRAIN: 0.0114 0.9943 | 4.1744 0.0160 | 4.1744 0.0183 | 4.1744 0.0133 | Time: 126.8211 | VAL: 2.6138 0.5118 | 4.1744 0.0177 | 4.1744 0.0186 | 4.1744 0.0154 | Time: 38.2325 | TEST: 2.7961 0.4896 | 4.1744 0.0184 | 4.1744 0.0180 | 4.1744 0.0162 | Time: 37.5774
Epoch: 0063 | TRAIN: 0.0123 0.9943 | 4.1744 0.0198 | 4.1744 0.0183 | 4.1744 0.0183 | Time: 122.7403 | VAL: 2.6342 0.5333 | 4.1744 0.0177 | 4.1744 0.0186 | 4.1744 0.0154 | Time: 37.3296 | TEST: 2.8191 0.4896 | 4.1744 0.0184 | 4.1744 0.0180 | 4.1744 0.0162 | Time: 35.1989
Epoch: 0064 | TRAIN: 0.0137 0.9920 | 4.1744 0.0179 | 4.1744 0.0183 | 4.1744 0.0137 | Time: 122.2846 | VAL: 2.6162 0.5290 | 4.1744 0.0177 | 4.1744 0.0186 | 4.1744 0.0154 | Time: 37.8313 | TEST: 2.8191 0.4934 | 4.1744 0.0184 | 4.1744 0.0180 | 4.1744 0.0162 | Time: 35.4050
Epoch: 0065 | TRAIN: 0.0111 0.9943 | 4.1744 0.0168 | 4.1744 0.0183 | 4.1744 0.0156 | Time: 122.0862 | VAL: 2.6039 0.5333 | 4.1744 0.0177 | 4.1744 0.0186 | 4.1744 0.0154 | Time: 36.8419 | TEST: 2.8024 0.4782 | 4.1744 0.0184 | 4.1744 0.0180 | 4.1744 0.0162 | Time: 36.4345
Epoch: 0066 | TRAIN: 0.0127 0.9920 | 4.1744 0.0194 | 4.1744 0.0183 | 4.1744 0.0152 | Time: 125.0935 | VAL: 2.5706 0.5226 | 4.1744 0.0177 | 4.1744 0.0186 | 4.1744 0.0154 | Time: 36.4118 | TEST: 2.7273 0.5085 | 4.1744 0.0184 | 4.1744 0.0180 | 4.1744 0.0162 | Time: 37.1673
Epoch: 0067 | TRAIN: 0.0123 0.9943 | 4.1744 0.0156 | 4.1744 0.0183 | 4.1744 0.0152 | Time: 123.8845 | VAL: 2.5220 0.5376 | 4.1744 0.0177 | 4.1744 0.0186 | 4.1744 0.0154 | Time: 36.6946 | TEST: 2.7353 0.4934 | 4.1744 0.0184 | 4.1744 0.0180 | 4.1744 0.0162 | Time: 34.6479
Epoch: 0068 | TRAIN: 0.0104 0.9928 | 4.1744 0.0194 | 4.1744 0.0183 | 4.1744 0.0160 | Time: 123.4729 | VAL: 2.5714 0.5398 | 4.1744 0.0177 | 4.1744 0.0186 | 4.1744 0.0154 | Time: 35.9686 | TEST: 2.7263 0.4972 | 4.1744 0.0184 | 4.1744 0.0180 | 4.1744 0.0162 | Time: 36.1617
Epoch: 0069 | TRAIN: 0.0111 0.9935 | 4.1744 0.0183 | 4.1744 0.0183 | 4.1744 0.0168 | Time: 124.8762 | VAL: 2.6321 0.5161 | 4.1744 0.0177 | 4.1744 0.0186 | 4.1744 0.0154 | Time: 36.3279 | TEST: 2.7760 0.4820 | 4.1744 0.0184 | 4.1744 0.0180 | 4.1744 0.0162 | Time: 36.3163
Epoch: 0070 | TRAIN: 0.0141 0.9931 | 4.1744 0.0171 | 4.1744 0.0179 | 4.1744 0.0145 | Time: 124.6715 | VAL: 2.6162 0.5204 | 4.1744 0.0177 | 4.1744 0.0186 | 4.1744 0.0154 | Time: 35.9272 | TEST: 2.7689 0.4877 | 4.1744 0.0184 | 4.1744 0.0180 | 4.1744 0.0162 | Time: 37.0571
Epoch: 0071 | TRAIN: 0.0164 0.9920 | 4.1744 0.0191 | 4.1744 0.0183 | 4.1744 0.0152 | Time: 124.1643 | VAL: 2.6304 0.5226 | 4.1744 0.0177 | 4.1744 0.0186 | 4.1744 0.0154 | Time: 34.9599 | TEST: 2.7529 0.5047 | 4.1744 0.0184 | 4.1744 0.0180 | 4.1744 0.0162 | Time: 37.1036
Epoch: 0072 | TRAIN: 0.0121 0.9931 | 4.1744 0.0168 | 4.1744 0.0183 | 4.1744 0.0152 | Time: 123.5481 | VAL: 2.5443 0.5355 | 4.1744 0.0177 | 4.1744 0.0186 | 4.1744 0.0154 | Time: 35.5099 | TEST: 2.6927 0.5104 | 4.1744 0.0184 | 4.1744 0.0180 | 4.1744 0.0162 | Time: 37.3185
Epoch: 0073 | TRAIN: 0.0115 0.9931 | 4.1744 0.0183 | 4.1744 0.0179 | 4.1744 0.0149 | Time: 125.5460 | VAL: 2.5620 0.5183 | 4.1744 0.0177 | 4.1744 0.0186 | 4.1744 0.0154 | Time: 36.3998 | TEST: 2.7360 0.5199 | 4.1744 0.0184 | 4.1744 0.0180 | 4.1744 0.0162 | Time: 36.2586
Epoch: 0074 | TRAIN: 0.0161 0.9916 | 4.1744 0.0179 | 4.1744 0.0183 | 4.1744 0.0156 | Time: 123.2628 | VAL: 2.5014 0.5419 | 4.1744 0.0177 | 4.1744 0.0186 | 4.1744 0.0154 | Time: 35.1429 | TEST: 2.6975 0.5161 | 4.1744 0.0184 | 4.1744 0.0180 | 4.1744 0.0162 | Time: 36.2149
Epoch: 0075 | TRAIN: 0.0098 0.9943 | 4.1744 0.0164 | 4.1744 0.0183 | 4.1744 0.0164 | Time: 123.2644 | VAL: 2.5331 0.5355 | 4.1744 0.0177 | 4.1744 0.0186 | 4.1744 0.0154 | Time: 35.9390 | TEST: 2.7037 0.5332 | 4.1744 0.0184 | 4.1744 0.0180 | 4.1744 0.0162 | Time: 37.1983
Epoch: 0076 | TRAIN: 0.0129 0.9924 | 4.1744 0.0171 | 4.1744 0.0183 | 4.1744 0.0156 | Time: 123.5148 | VAL: 2.5695 0.5312 | 4.1744 0.0177 | 4.1744 0.0186 | 4.1744 0.0154 | Time: 34.7763 | TEST: 2.7016 0.5142 | 4.1744 0.0184 | 4.1744 0.0180 | 4.1744 0.0162 | Time: 36.9959
Epoch: 0077 | TRAIN: 0.0129 0.9924 | 4.1744 0.0171 | 4.1744 0.0183 | 4.1744 0.0160 | Time: 122.7738 | VAL: 2.5571 0.5355 | 4.1744 0.0177 | 4.1744 0.0186 | 4.1744 0.0154 | Time: 36.7708 | TEST: 2.6689 0.5218 | 4.1744 0.0184 | 4.1744 0.0180 | 4.1744 0.0162 | Time: 36.8150
Epoch: 0078 | TRAIN: 0.0146 0.9909 | 4.1744 0.0191 | 4.1744 0.0179 | 4.1744 0.0152 | Time: 121.8800 | VAL: 2.5534 0.5376 | 4.1744 0.0177 | 4.1744 0.0186 | 4.1744 0.0154 | Time: 35.9745 | TEST: 2.6926 0.5256 | 4.1744 0.0184 | 4.1744 0.0180 | 4.1744 0.0162 | Time: 37.9080
Epoch: 0079 | TRAIN: 0.0094 0.9947 | 4.1744 0.0179 | 4.1744 0.0183 | 4.1744 0.0149 | Time: 122.5457 | VAL: 2.5329 0.5398 | 4.1744 0.0177 | 4.1744 0.0186 | 4.1744 0.0154 | Time: 36.2635 | TEST: 2.7456 0.5199 | 4.1744 0.0184 | 4.1744 0.0180 | 4.1744 0.0162 | Time: 38.0455
Epoch: 0080 | TRAIN: 0.0150 0.9920 | 4.1744 0.0179 | 4.1744 0.0183 | 4.1744 0.0164 | Time: 121.9014 | VAL: 2.6493 0.5269 | 4.1744 0.0177 | 4.1744 0.0186 | 4.1744 0.0154 | Time: 36.1393 | TEST: 2.7942 0.5066 | 4.1744 0.0184 | 4.1744 0.0180 | 4.1744 0.0162 | Time: 38.5407
Epoch: 0081 | TRAIN: 0.0100 0.9943 | 4.1744 0.0164 | 4.1744 0.0183 | 4.1744 0.0145 | Time: 121.0457 | VAL: 2.5635 0.5376 | 4.1744 0.0177 | 4.1744 0.0186 | 4.1744 0.0154 | Time: 35.9063 | TEST: 2.7378 0.5085 | 4.1744 0.0184 | 4.1744 0.0180 | 4.1744 0.0162 | Time: 39.3310
Epoch: 0082 | TRAIN: 0.0115 0.9939 | 4.1744 0.0187 | 4.1744 0.0183 | 4.1744 0.0145 | Time: 122.7313 | VAL: 2.5643 0.5355 | 4.1744 0.0177 | 4.1744 0.0186 | 4.1744 0.0154 | Time: 34.8162 | TEST: 2.7755 0.5142 | 4.1744 0.0184 | 4.1744 0.0180 | 4.1744 0.0162 | Time: 38.8451
Epoch: 0083 | TRAIN: 0.0101 0.9939 | 4.1744 0.0171 | 4.1744 0.0183 | 4.1744 0.0164 | Time: 118.9231 | VAL: 2.5020 0.5355 | 4.1744 0.0177 | 4.1744 0.0186 | 4.1744 0.0154 | Time: 36.4604 | TEST: 2.7319 0.5066 | 4.1744 0.0184 | 4.1744 0.0180 | 4.1744 0.0162 | Time: 39.6942
Epoch: 0084 | TRAIN: 0.0126 0.9931 | 4.1744 0.0194 | 4.1744 0.0179 | 4.1744 0.0152 | Time: 120.6883 | VAL: 2.6513 0.5441 | 4.1744 0.0177 | 4.1744 0.0186 | 4.1744 0.0154 | Time: 36.6649 | TEST: 2.8563 0.5047 | 4.1744 0.0184 | 4.1744 0.0180 | 4.1744 0.0162 | Time: 39.3878
Epoch: 0085 | TRAIN: 0.0103 0.9950 | 4.1744 0.0160 | 4.1744 0.0183 | 4.1744 0.0168 | Time: 121.6234 | VAL: 2.4990 0.5419 | 4.1744 0.0177 | 4.1744 0.0186 | 4.1744 0.0154 | Time: 36.0647 | TEST: 2.6945 0.5142 | 4.1744 0.0184 | 4.1744 0.0180 | 4.1744 0.0162 | Time: 40.1593
Epoch: 0086 | TRAIN: 0.0143 0.9931 | 4.1744 0.0179 | 4.1744 0.0179 | 4.1744 0.0156 | Time: 122.6224 | VAL: 2.6571 0.5312 | 4.1744 0.0177 | 4.1744 0.0186 | 4.1744 0.0154 | Time: 35.7268 | TEST: 2.8693 0.4896 | 4.1744 0.0184 | 4.1744 0.0180 | 4.1744 0.0162 | Time: 39.6985
Epoch: 0087 | TRAIN: 0.0124 0.9924 | 4.1744 0.0164 | 4.1744 0.0183 | 4.1744 0.0156 | Time: 122.0397 | VAL: 2.5007 0.5355 | 4.1744 0.0177 | 4.1744 0.0186 | 4.1744 0.0154 | Time: 35.5545 | TEST: 2.7528 0.5009 | 4.1744 0.0184 | 4.1744 0.0180 | 4.1744 0.0162 | Time: 38.9175
Epoch: 0088 | TRAIN: 0.0147 0.9931 | 4.1744 0.0194 | 4.1744 0.0183 | 4.1744 0.0137 | Time: 124.5204 | VAL: 2.5180 0.5376 | 4.1744 0.0177 | 4.1744 0.0186 | 4.1744 0.0154 | Time: 36.0284 | TEST: 2.7922 0.4972 | 4.1744 0.0184 | 4.1744 0.0180 | 4.1744 0.0162 | Time: 39.1206
Epoch: 0089 | TRAIN: 0.0147 0.9924 | 4.1744 0.0183 | 4.1744 0.0183 | 4.1744 0.0164 | Time: 122.7088 | VAL: 2.6143 0.5183 | 4.1744 0.0177 | 4.1744 0.0186 | 4.1744 0.0154 | Time: 34.9647 | TEST: 2.8426 0.5066 | 4.1744 0.0184 | 4.1744 0.0180 | 4.1744 0.0162 | Time: 38.1494
Epoch: 0090 | TRAIN: 0.0098 0.9943 | 4.1744 0.0164 | 4.1744 0.0183 | 4.1744 0.0171 | Time: 123.2802 | VAL: 2.5707 0.5419 | 4.1744 0.0177 | 4.1744 0.0186 | 4.1744 0.0154 | Time: 35.9232 | TEST: 2.7804 0.5123 | 4.1744 0.0184 | 4.1744 0.0180 | 4.1744 0.0162 | Time: 38.9078
Epoch: 0091 | TRAIN: 0.0147 0.9924 | 4.1744 0.0191 | 4.1744 0.0183 | 4.1744 0.0168 | Time: 120.3228 | VAL: 2.6720 0.5140 | 4.1744 0.0177 | 4.1744 0.0186 | 4.1744 0.0154 | Time: 36.7877 | TEST: 2.8350 0.5104 | 4.1744 0.0184 | 4.1744 0.0180 | 4.1744 0.0162 | Time: 38.9350
Epoch: 0092 | TRAIN: 0.0117 0.9939 | 4.1744 0.0168 | 4.1744 0.0183 | 4.1744 0.0114 | Time: 123.2199 | VAL: 2.6533 0.5269 | 4.1744 0.0177 | 4.1744 0.0186 | 4.1744 0.0154 | Time: 36.0225 | TEST: 2.8668 0.5123 | 4.1744 0.0184 | 4.1744 0.0180 | 4.1744 0.0162 | Time: 38.8433
Epoch: 0093 | TRAIN: 0.0116 0.9928 | 4.1744 0.0194 | 4.1744 0.0183 | 4.1744 0.0164 | Time: 124.4521 | VAL: 2.6478 0.5441 | 4.1744 0.0177 | 4.1744 0.0186 | 4.1744 0.0154 | Time: 35.9063 | TEST: 2.8233 0.5218 | 4.1744 0.0184 | 4.1744 0.0180 | 4.1744 0.0162 | Time: 36.7264
Epoch: 0094 | TRAIN: 0.0131 0.9920 | 4.1744 0.0145 | 4.1744 0.0183 | 4.1744 0.0145 | Time: 123.2900 | VAL: 2.6061 0.5161 | 4.1744 0.0177 | 4.1744 0.0186 | 4.1744 0.0154 | Time: 36.1655 | TEST: 2.7796 0.5142 | 4.1744 0.0184 | 4.1744 0.0180 | 4.1744 0.0162 | Time: 38.3425
Epoch: 0095 | TRAIN: 0.0148 0.9916 | 4.1744 0.0194 | 4.1744 0.0183 | 4.1744 0.0160 | Time: 121.3576 | VAL: 2.7437 0.5161 | 4.1744 0.0177 | 4.1744 0.0186 | 4.1744 0.0154 | Time: 36.1302 | TEST: 2.9155 0.5028 | 4.1744 0.0184 | 4.1744 0.0180 | 4.1744 0.0162 | Time: 38.0375
Epoch: 0096 | TRAIN: 0.0143 0.9928 | 4.1744 0.0179 | 4.1744 0.0183 | 4.1744 0.0149 | Time: 122.8142 | VAL: 2.6678 0.5204 | 4.1744 0.0177 | 4.1744 0.0186 | 4.1744 0.0154 | Time: 36.7661 | TEST: 2.9745 0.4972 | 4.1744 0.0184 | 4.1744 0.0180 | 4.1744 0.0162 | Time: 38.7589
Epoch: 0097 | TRAIN: 0.0145 0.9928 | 4.1744 0.0198 | 4.1744 0.0179 | 4.1744 0.0164 | Time: 122.3242 | VAL: 2.7031 0.5011 | 4.1744 0.0177 | 4.1744 0.0186 | 4.1744 0.0154 | Time: 35.6674 | TEST: 2.9999 0.4953 | 4.1744 0.0184 | 4.1744 0.0180 | 4.1744 0.0162 | Time: 38.2184
Epoch: 0098 | TRAIN: 0.0134 0.9928 | 4.1744 0.0179 | 4.1744 0.0183 | 4.1744 0.0152 | Time: 122.2740 | VAL: 2.7501 0.5183 | 4.1744 0.0177 | 4.1744 0.0186 | 4.1744 0.0154 | Time: 35.8819 | TEST: 3.0565 0.4896 | 4.1744 0.0184 | 4.1744 0.0180 | 4.1744 0.0162 | Time: 38.3644
Epoch: 0099 | TRAIN: 0.0123 0.9939 | 4.1744 0.0171 | 4.1744 0.0183 | 4.1744 0.0164 | Time: 124.3920 | VAL: 2.7935 0.4925 | 4.1744 0.0177 | 4.1744 0.0186 | 4.1744 0.0154 | Time: 35.7839 | TEST: 3.0340 0.4706 | 4.1744 0.0184 | 4.1744 0.0180 | 4.1744 0.0162 | Time: 37.1686
========================================
Best Result: Epoch 84, result {'Art': [0.5047438330170778], 'Clipart': [0.018418201516793065], 'Product': [0.018008474576271187], 'Real_World': [0.016216216216216217]}
========================================
