Namespace(batch_size=64, beta_moco=0.1, gamma_moco=0.1, gamma_modo=1.0, lr=0.001, moo_method='MoDo', num_epochs=1000, rho_moco=0.1, rho_modo=0.0, seed=9)

==================================================
Model parameter count per layer
==================================================
fc1.weight 	: 401408
fc1.bias 	: 512
fc2.weight 	: 5120
fc2.bias 	: 10
Total number of parametrs : 407050
--------------------------------------------------

======================================================================
LOG FORMAT: Epoch: EPOCH | Train: LOSS1 LOSS2 LOSS3
======================================================================
Epoch:      0 | Train: 2.3852 0.1812 0.9629
Epoch:    100 | Train: 2.3817 0.1812 0.9558
Epoch:    200 | Train: 2.3963 0.1814 0.973
Epoch:    300 | Train: 2.3482 0.1805 0.9232
Epoch:    400 | Train: 2.361 0.1807 0.9356
Epoch:    500 | Train: 2.3612 0.1806 0.9363
Epoch:    600 | Train: 2.3468 0.1804 0.9234
Epoch:    700 | Train: 2.2748 0.179 0.8507
Epoch:    800 | Train: 2.2905 0.1791 0.8666
Epoch:    900 | Train: 2.316 0.1797 0.8891
Epoch:    999 | Train: 2.318 0.1799 0.8963

======================================================================
PERF FORMAT: DATASET | Acuracy: ACC | Loss: LOSS1 LOSS2 LOSS3 | PS: PS
======================================================================
Train | Acuracy:  9.90% | Loss: 2.33154 0.18004 0.90696 | PS: 0.03269 
Val   | Acuracy:  10.11% | Loss: 2.33062 0.18002 0.90602 | PS: 0.03302 
Test  | Acuracy:  9.57% | Loss: 2.33553 0.18013 0.91049 | PS: 0.03326 
----------------------------------------------------------------------
Optimization error  : 0.03269
Population error    : 0.03326
Generalization error: 0.00057
