Namespace(batch_size=64, beta_moco=0.1, gamma_moco=0.1, gamma_modo=1.0, lr=0.1, moo_method='MoDo', num_epochs=1000, rho_moco=0.1, rho_modo=0.0, seed=2)

==================================================
Model parameter count per layer
==================================================
fc1.weight 	: 401408
fc1.bias 	: 512
fc2.weight 	: 5120
fc2.bias 	: 10
Total number of parametrs : 407050
--------------------------------------------------

======================================================================
LOG FORMAT: Epoch: EPOCH | Train: LOSS1 LOSS2 LOSS3
======================================================================
Epoch:      0 | Train: 2.2467 0.1783 0.8182
Epoch:    100 | Train: 1.8166 0.1615 0.43
Epoch:    200 | Train: 1.1849 0.1191 0.2153
Epoch:    300 | Train: 0.9761 0.0908 0.2058
Epoch:    400 | Train: 0.9051 0.0839 0.1834
Epoch:    500 | Train: 0.6156 0.0635 0.0958
Epoch:    600 | Train: 0.5453 0.0515 0.1088
Epoch:    700 | Train: 0.3767 0.0453 0.0455
Epoch:    800 | Train: 0.4537 0.0414 0.0984
Epoch:    900 | Train: 0.3879 0.0299 0.1155
Epoch:    999 | Train: 0.382 0.0367 0.0874

======================================================================
PERF FORMAT: DATASET | Acuracy: ACC | Loss: LOSS1 LOSS2 LOSS3 | PS: PS
======================================================================
Train | Acuracy:  88.63% | Loss: 0.38955 0.03787 0.06888 | PS: 0.02014 
Val   | Acuracy:  88.53% | Loss: 0.39797 0.03791 0.07214 | PS: 0.02185 
Test  | Acuracy:  89.45% | Loss: 0.37121 0.03617 0.06585 | PS: 0.02449 
----------------------------------------------------------------------
Optimization error  : 0.02014
Population error    : 0.02449
Generalization error: 0.00435
