Namespace(batch_size=64, beta_moco=0.1, gamma_moco=0.1, gamma_modo=1.0, lr=0.05, moo_method='MoDo', num_epochs=1000, rho_moco=0.1, rho_modo=0.0, seed=0)

==================================================
Model parameter count per layer
==================================================
fc1.weight 	: 401408
fc1.bias 	: 512
fc2.weight 	: 5120
fc2.bias 	: 10
Total number of parametrs : 407050
--------------------------------------------------

======================================================================
LOG FORMAT: Epoch: EPOCH | Train: LOSS1 LOSS2 LOSS3
======================================================================
Epoch:      0 | Train: 2.3186 0.1801 0.9017
Epoch:    100 | Train: 2.1047 0.1747 0.6757
Epoch:    200 | Train: 1.8574 0.1602 0.4817
Epoch:    300 | Train: 1.6109 0.1435 0.4051
Epoch:    400 | Train: 1.1748 0.1178 0.2213
Epoch:    500 | Train: 1.3306 0.1155 0.3401
Epoch:    600 | Train: 1.1714 0.1097 0.265
Epoch:    700 | Train: 1.0636 0.0902 0.2567
Epoch:    800 | Train: 0.598 0.0648 0.0884
Epoch:    900 | Train: 0.5579 0.0567 0.1014
Epoch:    999 | Train: 0.6874 0.0623 0.1445

======================================================================
PERF FORMAT: DATASET | Acuracy: ACC | Loss: LOSS1 LOSS2 LOSS3 | PS: PS
======================================================================
Train | Acuracy:  79.96% | Loss: 0.63826 0.06548 0.11259 | PS: 0.03184 
Val   | Acuracy:  79.34% | Loss: 0.64951 0.0663 0.11549 | PS: 0.03293 
Test  | Acuracy:  81.03% | Loss: 0.61418 0.06366 0.1074 | PS: 0.0331 
----------------------------------------------------------------------
Optimization error  : 0.03184
Population error    : 0.0331
Generalization error: 0.00126
