Namespace(batch_size=64, beta_moco=0.1, gamma_moco=0.1, gamma_modo=1.0, lr=0.005, moo_method='MoDo', num_epochs=1000, rho_moco=0.1, rho_modo=0.0, seed=5)

==================================================
Model parameter count per layer
==================================================
fc1.weight 	: 401408
fc1.bias 	: 512
fc2.weight 	: 5120
fc2.bias 	: 10
Total number of parametrs : 407050
--------------------------------------------------

======================================================================
LOG FORMAT: Epoch: EPOCH | Train: LOSS1 LOSS2 LOSS3
======================================================================
Epoch:      0 | Train: 2.2981 0.1796 0.8762
Epoch:    100 | Train: 2.3439 0.1805 0.9197
Epoch:    200 | Train: 2.2805 0.1791 0.8561
Epoch:    300 | Train: 2.231 0.1782 0.8071
Epoch:    400 | Train: 2.2024 0.1775 0.7794
Epoch:    500 | Train: 2.2023 0.1772 0.7794
Epoch:    600 | Train: 2.1602 0.1762 0.7358
Epoch:    700 | Train: 2.1114 0.1749 0.6836
Epoch:    800 | Train: 2.1245 0.1752 0.6975
Epoch:    900 | Train: 2.0802 0.1734 0.6576
Epoch:    999 | Train: 2.0104 0.1715 0.5923

======================================================================
PERF FORMAT: DATASET | Acuracy: ACC | Loss: LOSS1 LOSS2 LOSS3 | PS: PS
======================================================================
Train | Acuracy:  37.25% | Loss: 2.04486 0.17252 0.62256 | PS: 0.047 
Val   | Acuracy:  37.06% | Loss: 2.04768 0.1726 0.62579 | PS: 0.04647 
Test  | Acuracy:  37.09% | Loss: 2.04438 0.17253 0.62116 | PS: 0.04737 
----------------------------------------------------------------------
Optimization error  : 0.047
Population error    : 0.04737
Generalization error: 0.00037
