Namespace(batch_size=64, beta_moco=0.1, gamma_moco=0.1, gamma_modo=1.0, lr=0.005, moo_method='MoDo', num_epochs=1000, rho_moco=0.1, rho_modo=0.0, seed=0)

==================================================
Model parameter count per layer
==================================================
fc1.weight 	: 401408
fc1.bias 	: 512
fc2.weight 	: 5120
fc2.bias 	: 10
Total number of parametrs : 407050
--------------------------------------------------

======================================================================
LOG FORMAT: Epoch: EPOCH | Train: LOSS1 LOSS2 LOSS3
======================================================================
Epoch:      0 | Train: 2.3186 0.1801 0.9017
Epoch:    100 | Train: 2.285 0.1794 0.8694
Epoch:    200 | Train: 2.2622 0.1789 0.8438
Epoch:    300 | Train: 2.2285 0.1782 0.8117
Epoch:    400 | Train: 2.1912 0.1773 0.7739
Epoch:    500 | Train: 2.235 0.1782 0.8166
Epoch:    600 | Train: 2.207 0.1777 0.789
Epoch:    700 | Train: 2.1647 0.1762 0.7461
Epoch:    800 | Train: 2.0791 0.1744 0.6528
Epoch:    900 | Train: 2.0346 0.1721 0.6273
Epoch:    999 | Train: 2.028 0.1717 0.6181

======================================================================
PERF FORMAT: DATASET | Acuracy: ACC | Loss: LOSS1 LOSS2 LOSS3 | PS: PS
======================================================================
Train | Acuracy:  40.00% | Loss: 2.06675 0.17299 0.6559 | PS: 0.04809 
Val   | Acuracy:  40.09% | Loss: 2.06287 0.17279 0.65384 | PS: 0.05107 
Test  | Acuracy:  40.59% | Loss: 2.06381 0.17291 0.65222 | PS: 0.04873 
----------------------------------------------------------------------
Optimization error  : 0.04809
Population error    : 0.04873
Generalization error: 0.00064
