Namespace(batch_size=64, beta_moco=0.1, gamma_moco=0.1, gamma_modo=1.0, lr=0.05, moo_method='MoDo', num_epochs=1000, rho_moco=0.1, rho_modo=0.0, seed=5)

==================================================
Model parameter count per layer
==================================================
fc1.weight 	: 401408
fc1.bias 	: 512
fc2.weight 	: 5120
fc2.bias 	: 10
Total number of parametrs : 407050
--------------------------------------------------

======================================================================
LOG FORMAT: Epoch: EPOCH | Train: LOSS1 LOSS2 LOSS3
======================================================================
Epoch:      0 | Train: 2.2981 0.1796 0.8762
Epoch:    100 | Train: 2.0851 0.1735 0.6585
Epoch:    200 | Train: 1.9 0.159 0.5722
Epoch:    300 | Train: 1.5527 0.1429 0.3798
Epoch:    400 | Train: 1.2776 0.1208 0.2884
Epoch:    500 | Train: 1.0503 0.0968 0.2317
Epoch:    600 | Train: 0.8829 0.0917 0.1598
Epoch:    700 | Train: 0.7569 0.074 0.1419
Epoch:    800 | Train: 0.7687 0.0756 0.1393
Epoch:    900 | Train: 0.749 0.0702 0.1826
Epoch:    999 | Train: 0.6642 0.0701 0.1009

======================================================================
PERF FORMAT: DATASET | Acuracy: ACC | Loss: LOSS1 LOSS2 LOSS3 | PS: PS
======================================================================
Train | Acuracy:  80.57% | Loss: 0.61638 0.06404 0.10628 | PS: 0.03138 
Val   | Acuracy:  79.98% | Loss: 0.63086 0.06462 0.11004 | PS: 0.03144 
Test  | Acuracy:  81.64% | Loss: 0.59158 0.06217 0.10108 | PS: 0.03336 
----------------------------------------------------------------------
Optimization error  : 0.03138
Population error    : 0.03336
Generalization error: 0.00198
