Namespace(batch_size=64, beta_moco=0.1, gamma_moco=0.1, gamma_modo=1.0, lr=0.05, moo_method='MoDo', num_epochs=1000, rho_moco=0.1, rho_modo=0.0, seed=4)

==================================================
Model parameter count per layer
==================================================
fc1.weight 	: 401408
fc1.bias 	: 512
fc2.weight 	: 5120
fc2.bias 	: 10
Total number of parametrs : 407050
--------------------------------------------------

======================================================================
LOG FORMAT: Epoch: EPOCH | Train: LOSS1 LOSS2 LOSS3
======================================================================
Epoch:      0 | Train: 2.389 0.1812 0.9669
Epoch:    100 | Train: 2.0152 0.1704 0.6231
Epoch:    200 | Train: 1.7683 0.1536 0.468
Epoch:    300 | Train: 1.6737 0.1512 0.399
Epoch:    400 | Train: 1.323 0.1212 0.3058
Epoch:    500 | Train: 1.4004 0.1224 0.3475
Epoch:    600 | Train: 1.1444 0.1033 0.2553
Epoch:    700 | Train: 1.0407 0.0985 0.2038
Epoch:    800 | Train: 0.7359 0.074 0.1294
Epoch:    900 | Train: 0.605 0.0639 0.1064
Epoch:    999 | Train: 0.5828 0.0693 0.0704

======================================================================
PERF FORMAT: DATASET | Acuracy: ACC | Loss: LOSS1 LOSS2 LOSS3 | PS: PS
======================================================================
Train | Acuracy:  82.36% | Loss: 0.59868 0.06548 0.09483 | PS: 0.03448 
Val   | Acuracy:  82.25% | Loss: 0.60678 0.06593 0.09639 | PS: 0.03508 
Test  | Acuracy:  83.11% | Loss: 0.57742 0.0639 0.08973 | PS: 0.0372 
----------------------------------------------------------------------
Optimization error  : 0.03448
Population error    : 0.0372
Generalization error: 0.00272
