Namespace(batch_size=64, beta_moco=0.1, gamma_moco=0.1, gamma_modo=1.0, lr=0.005, moo_method='MoDo', num_epochs=1000, rho_moco=0.1, rho_modo=0.0, seed=7)

==================================================
Model parameter count per layer
==================================================
fc1.weight 	: 401408
fc1.bias 	: 512
fc2.weight 	: 5120
fc2.bias 	: 10
Total number of parametrs : 407050
--------------------------------------------------

======================================================================
LOG FORMAT: Epoch: EPOCH | Train: LOSS1 LOSS2 LOSS3
======================================================================
Epoch:      0 | Train: 2.3284 0.18 0.9007
Epoch:    100 | Train: 2.2973 0.1795 0.872
Epoch:    200 | Train: 2.2642 0.1786 0.8348
Epoch:    300 | Train: 2.2612 0.1783 0.8331
Epoch:    400 | Train: 2.2531 0.1783 0.8247
Epoch:    500 | Train: 2.1625 0.1763 0.7331
Epoch:    600 | Train: 2.1669 0.1762 0.7331
Epoch:    700 | Train: 2.1587 0.1757 0.7245
Epoch:    800 | Train: 2.1618 0.1756 0.7301
Epoch:    900 | Train: 2.1204 0.174 0.6887
Epoch:    999 | Train: 2.1837 0.1753 0.7515

======================================================================
PERF FORMAT: DATASET | Acuracy: ACC | Loss: LOSS1 LOSS2 LOSS3 | PS: PS
======================================================================
Train | Acuracy:  40.37% | Loss: 2.07894 0.1729 0.65108 | PS: 0.04629 
Val   | Acuracy:  40.14% | Loss: 2.07993 0.17291 0.65187 | PS: 0.04643 
Test  | Acuracy:  41.67% | Loss: 2.06663 0.17258 0.63935 | PS: 0.04732 
----------------------------------------------------------------------
Optimization error  : 0.04629
Population error    : 0.04732
Generalization error: 0.00103
