Namespace(batch_size=64, beta_moco=0.1, gamma_moco=0.1, gamma_modo=1.0, lr=0.05, moo_method='MoDo', num_epochs=1000, rho_moco=0.1, rho_modo=0.0, seed=7)

==================================================
Model parameter count per layer
==================================================
fc1.weight 	: 401408
fc1.bias 	: 512
fc2.weight 	: 5120
fc2.bias 	: 10
Total number of parametrs : 407050
--------------------------------------------------

======================================================================
LOG FORMAT: Epoch: EPOCH | Train: LOSS1 LOSS2 LOSS3
======================================================================
Epoch:      0 | Train: 2.3284 0.18 0.9007
Epoch:    100 | Train: 2.0492 0.1728 0.6248
Epoch:    200 | Train: 1.7377 0.154 0.4351
Epoch:    300 | Train: 1.6235 0.1382 0.4533
Epoch:    400 | Train: 1.4576 0.126 0.3487
Epoch:    500 | Train: 0.7865 0.0826 0.1446
Epoch:    600 | Train: 1.0387 0.0941 0.2312
Epoch:    700 | Train: 0.8217 0.0785 0.1632
Epoch:    800 | Train: 0.6572 0.074 0.0988
Epoch:    900 | Train: 0.5082 0.0585 0.0819
Epoch:    999 | Train: 0.7065 0.0767 0.1084

======================================================================
PERF FORMAT: DATASET | Acuracy: ACC | Loss: LOSS1 LOSS2 LOSS3 | PS: PS
======================================================================
Train | Acuracy:  83.31% | Loss: 0.58445 0.06432 0.09389 | PS: 0.03302 
Val   | Acuracy:  83.71% | Loss: 0.57471 0.06343 0.09122 | PS: 0.03381 
Test  | Acuracy:  84.53% | Loss: 0.55317 0.06194 0.0867 | PS: 0.03395 
----------------------------------------------------------------------
Optimization error  : 0.03302
Population error    : 0.03395
Generalization error: 0.00093
