Namespace(batch_size=64, beta_moco=0.1, gamma_moco=0.1, gamma_modo=1.0, lr=0.05, moo_method='MoDo', num_epochs=1000, rho_moco=0.1, rho_modo=0.0, seed=3)

==================================================
Model parameter count per layer
==================================================
fc1.weight 	: 401408
fc1.bias 	: 512
fc2.weight 	: 5120
fc2.bias 	: 10
Total number of parametrs : 407050
--------------------------------------------------

======================================================================
LOG FORMAT: Epoch: EPOCH | Train: LOSS1 LOSS2 LOSS3
======================================================================
Epoch:      0 | Train: 2.363 0.1804 0.9304
Epoch:    100 | Train: 2.088 0.1712 0.6815
Epoch:    200 | Train: 1.8746 0.1598 0.5266
Epoch:    300 | Train: 1.6348 0.1457 0.4188
Epoch:    400 | Train: 1.3828 0.1255 0.3145
Epoch:    500 | Train: 1.1224 0.1079 0.2294
Epoch:    600 | Train: 0.971 0.1014 0.1745
Epoch:    700 | Train: 0.799 0.0811 0.1554
Epoch:    800 | Train: 0.7609 0.0781 0.1545
Epoch:    900 | Train: 0.6453 0.0651 0.1017
Epoch:    999 | Train: 0.5351 0.06 0.0759

======================================================================
PERF FORMAT: DATASET | Acuracy: ACC | Loss: LOSS1 LOSS2 LOSS3 | PS: PS
======================================================================
Train | Acuracy:  83.95% | Loss: 0.5612 0.06171 0.08934 | PS: 0.03091 
Val   | Acuracy:  83.53% | Loss: 0.5669 0.06215 0.09051 | PS: 0.03135 
Test  | Acuracy:  84.63% | Loss: 0.53599 0.05985 0.08331 | PS: 0.03289 
----------------------------------------------------------------------
Optimization error  : 0.03091
Population error    : 0.03289
Generalization error: 0.00198
