Namespace(batch_size=64, beta_moco=0.1, gamma_moco=0.1, gamma_modo=1.0, lr=0.5, moo_method='MoDo', num_epochs=1000, rho_moco=0.1, rho_modo=0.0, seed=7)

==================================================
Model parameter count per layer
==================================================
fc1.weight 	: 401408
fc1.bias 	: 512
fc2.weight 	: 5120
fc2.bias 	: 10
Total number of parametrs : 407050
--------------------------------------------------

======================================================================
LOG FORMAT: Epoch: EPOCH | Train: LOSS1 LOSS2 LOSS3
======================================================================
Epoch:      0 | Train: 2.3284 0.18 0.9007
Epoch:    100 | Train: 0.5492 0.0625 0.0953
Epoch:    200 | Train: 0.5272 0.0397 0.105
Epoch:    300 | Train: 0.6024 0.0362 0.1212
Epoch:    400 | Train: 0.8445 0.0413 0.2246
Epoch:    500 | Train: 0.0599 0.0099 0.003
Epoch:    600 | Train: 0.157 0.0194 0.0215
Epoch:    700 | Train: 0.3561 0.0243 0.0606
Epoch:    800 | Train: 0.4123 0.0303 0.0725
Epoch:    900 | Train: 0.1551 0.015 0.0242
Epoch:    999 | Train: 0.3086 0.0292 0.0483

======================================================================
PERF FORMAT: DATASET | Acuracy: ACC | Loss: LOSS1 LOSS2 LOSS3 | PS: PS
======================================================================
Train | Acuracy:  90.83% | Loss: 0.35114 0.02384 0.07226 | PS: 0.02007 
Val   | Acuracy:  91.09% | Loss: 0.35551 0.02408 0.07325 | PS: 0.02396 
Test  | Acuracy:  91.09% | Loss: 0.34136 0.02318 0.07112 | PS: 0.02367 
----------------------------------------------------------------------
Optimization error  : 0.02007
Population error    : 0.02367
Generalization error: 0.00361
