Namespace(batch_size=64, beta_moco=0.1, gamma_moco=0.1, gamma_modo=1.0, lr=0.5, moo_method='MoDo', num_epochs=1000, rho_moco=0.1, rho_modo=0.0, seed=5)

==================================================
Model parameter count per layer
==================================================
fc1.weight 	: 401408
fc1.bias 	: 512
fc2.weight 	: 5120
fc2.bias 	: 10
Total number of parametrs : 407050
--------------------------------------------------

======================================================================
LOG FORMAT: Epoch: EPOCH | Train: LOSS1 LOSS2 LOSS3
======================================================================
Epoch:      0 | Train: 2.2981 0.1796 0.8762
Epoch:    100 | Train: 0.7127 0.0698 0.1352
Epoch:    200 | Train: 0.482 0.0504 0.0844
Epoch:    300 | Train: 0.4801 0.0412 0.1113
Epoch:    400 | Train: 0.2419 0.0256 0.0341
Epoch:    500 | Train: 0.1754 0.0219 0.0212
Epoch:    600 | Train: 0.2847 0.0269 0.0529
Epoch:    700 | Train: 0.372 0.0212 0.0683
Epoch:    800 | Train: 0.1742 0.018 0.0258
Epoch:    900 | Train: 0.3688 0.0284 0.0924
Epoch:    999 | Train: 0.4041 0.0345 0.0728

======================================================================
PERF FORMAT: DATASET | Acuracy: ACC | Loss: LOSS1 LOSS2 LOSS3 | PS: PS
======================================================================
Train | Acuracy:  91.35% | Loss: 0.33728 0.02355 0.0692 | PS: 0.01316 
Val   | Acuracy:  90.36% | Loss: 0.37954 0.02527 0.08061 | PS: 0.01557 
Test  | Acuracy:  91.58% | Loss: 0.32924 0.02279 0.06813 | PS: 0.01393 
----------------------------------------------------------------------
Optimization error  : 0.01316
Population error    : 0.01393
Generalization error: 0.00076
