Namespace(batch_size=64, beta_moco=0.1, gamma_moco=0.1, gamma_modo=1.0, lr=0.5, moo_method='MoDo', num_epochs=1000, rho_moco=0.1, rho_modo=0.0, seed=1)

==================================================
Model parameter count per layer
==================================================
fc1.weight 	: 401408
fc1.bias 	: 512
fc2.weight 	: 5120
fc2.bias 	: 10
Total number of parametrs : 407050
--------------------------------------------------

======================================================================
LOG FORMAT: Epoch: EPOCH | Train: LOSS1 LOSS2 LOSS3
======================================================================
Epoch:      0 | Train: 2.3314 0.1802 0.9087
Epoch:    100 | Train: 0.8721 0.0705 0.2182
Epoch:    200 | Train: 0.4684 0.0364 0.1212
Epoch:    300 | Train: 0.3871 0.0392 0.0605
Epoch:    400 | Train: 0.237 0.028 0.0336
Epoch:    500 | Train: 0.4284 0.0302 0.0515
Epoch:    600 | Train: 0.6791 0.0479 0.1179
Epoch:    700 | Train: 0.378 0.0232 0.0644
Epoch:    800 | Train: 0.3685 0.0216 0.0772
Epoch:    900 | Train: 0.1722 0.0187 0.0247
Epoch:    999 | Train: 0.114 0.0143 0.015

======================================================================
PERF FORMAT: DATASET | Acuracy: ACC | Loss: LOSS1 LOSS2 LOSS3 | PS: PS
======================================================================
Train | Acuracy:  91.00% | Loss: 0.3584 0.02354 0.07526 | PS: 0.02055 
Val   | Acuracy:  90.95% | Loss: 0.3606 0.02397 0.07405 | PS: 0.01824 
Test  | Acuracy:  91.49% | Loss: 0.34327 0.02258 0.07223 | PS: 0.02084 
----------------------------------------------------------------------
Optimization error  : 0.02055
Population error    : 0.02084
Generalization error: 0.00029
