Namespace(batch_size=64, beta_moco=0.1, gamma_moco=0.1, gamma_modo=1.0, lr=0.5, moo_method='MoDo', num_epochs=1000, rho_moco=0.1, rho_modo=0.0, seed=6)

==================================================
Model parameter count per layer
==================================================
fc1.weight 	: 401408
fc1.bias 	: 512
fc2.weight 	: 5120
fc2.bias 	: 10
Total number of parametrs : 407050
--------------------------------------------------

======================================================================
LOG FORMAT: Epoch: EPOCH | Train: LOSS1 LOSS2 LOSS3
======================================================================
Epoch:      0 | Train: 2.3515 0.1806 0.9289
Epoch:    100 | Train: 0.7227 0.056 0.1729
Epoch:    200 | Train: 0.2877 0.0341 0.0444
Epoch:    300 | Train: 0.4598 0.0436 0.0704
Epoch:    400 | Train: 0.8268 0.0331 0.2031
Epoch:    500 | Train: 0.3492 0.0245 0.0695
Epoch:    600 | Train: 0.4167 0.0285 0.0891
Epoch:    700 | Train: 0.3993 0.0268 0.0782
Epoch:    800 | Train: 0.1112 0.0147 0.0112
Epoch:    900 | Train: 0.7184 0.0307 0.1266
Epoch:    999 | Train: 0.7875 0.0444 0.2036

======================================================================
PERF FORMAT: DATASET | Acuracy: ACC | Loss: LOSS1 LOSS2 LOSS3 | PS: PS
======================================================================
Train | Acuracy:  91.15% | Loss: 0.36366 0.02297 0.07766 | PS: 0.0155 
Val   | Acuracy:  90.46% | Loss: 0.36787 0.02392 0.0786 | PS: 0.0171 
Test  | Acuracy:  91.46% | Loss: 0.34615 0.02222 0.07376 | PS: 0.0176 
----------------------------------------------------------------------
Optimization error  : 0.0155
Population error    : 0.0176
Generalization error: 0.0021
