Namespace(batch_size=64, beta_moco=0.1, gamma_moco=0.1, gamma_modo=1.0, lr=0.01, moo_method='MoDo', num_epochs=1000, rho_moco=0.1, rho_modo=0.0, seed=7)

==================================================
Model parameter count per layer
==================================================
fc1.weight 	: 401408
fc1.bias 	: 512
fc2.weight 	: 5120
fc2.bias 	: 10
Total number of parametrs : 407050
--------------------------------------------------

======================================================================
LOG FORMAT: Epoch: EPOCH | Train: LOSS1 LOSS2 LOSS3
======================================================================
Epoch:      0 | Train: 2.3284 0.18 0.9007
Epoch:    100 | Train: 2.2715 0.1789 0.8468
Epoch:    200 | Train: 2.2111 0.1774 0.7807
Epoch:    300 | Train: 2.192 0.1764 0.7634
Epoch:    400 | Train: 2.1567 0.1756 0.7242
Epoch:    500 | Train: 2.0177 0.172 0.5854
Epoch:    600 | Train: 2.0064 0.1707 0.5805
Epoch:    700 | Train: 1.9128 0.1643 0.5526
Epoch:    800 | Train: 1.9526 0.1658 0.5769
Epoch:    900 | Train: 1.8331 0.1559 0.5444
Epoch:    999 | Train: 2.0684 0.1671 0.6574

======================================================================
PERF FORMAT: DATASET | Acuracy: ACC | Loss: LOSS1 LOSS2 LOSS3 | PS: PS
======================================================================
Train | Acuracy:  43.75% | Loss: 1.82215 0.15735 0.50931 | PS: 0.05746 
Val   | Acuracy:  43.63% | Loss: 1.82241 0.15732 0.50963 | PS: 0.05776 
Test  | Acuracy:  44.62% | Loss: 1.80729 0.15684 0.49685 | PS: 0.05902 
----------------------------------------------------------------------
Optimization error  : 0.05746
Population error    : 0.05902
Generalization error: 0.00156
