Namespace(batch_size=64, beta_moco=0.1, gamma_moco=0.1, gamma_modo=1.0, lr=1.0, moo_method='MoDo', num_epochs=1000, rho_moco=0.1, rho_modo=0.0, seed=7)

==================================================
Model parameter count per layer
==================================================
fc1.weight 	: 401408
fc1.bias 	: 512
fc2.weight 	: 5120
fc2.bias 	: 10
Total number of parametrs : 407050
--------------------------------------------------

======================================================================
LOG FORMAT: Epoch: EPOCH | Train: LOSS1 LOSS2 LOSS3
======================================================================
Epoch:      0 | Train: 2.3284 0.18 0.9007
Epoch:    100 | Train: 0.3402 0.036 0.0668
Epoch:    200 | Train: 0.5534 0.0319 0.1061
Epoch:    300 | Train: 0.5807 0.0305 0.1156
Epoch:    400 | Train: 1.0052 0.0357 0.2778
Epoch:    500 | Train: 0.0539 0.0075 0.0039
Epoch:    600 | Train: 0.1159 0.0138 0.0177
Epoch:    700 | Train: 0.4356 0.0212 0.0699
Epoch:    800 | Train: 0.4947 0.0286 0.0843
Epoch:    900 | Train: 0.1391 0.0117 0.0254
Epoch:    999 | Train: 0.3064 0.024 0.0552

======================================================================
PERF FORMAT: DATASET | Acuracy: ACC | Loss: LOSS1 LOSS2 LOSS3 | PS: PS
======================================================================
Train | Acuracy:  90.92% | Loss: 0.4 0.0217 0.08522 | PS: 0.02605 
Val   | Acuracy:  90.86% | Loss: 0.41234 0.02223 0.08783 | PS: 0.02957 
Test  | Acuracy:  90.95% | Loss: 0.39463 0.02145 0.08371 | PS: 0.02755 
----------------------------------------------------------------------
Optimization error  : 0.02605
Population error    : 0.02755
Generalization error: 0.0015
