Namespace(batch_size=64, beta_moco=0.1, gamma_moco=0.1, gamma_modo=1.0, lr=0.1, moo_method='MoDo', num_epochs=1000, rho_moco=0.1, rho_modo=0.0, seed=7)

==================================================
Model parameter count per layer
==================================================
fc1.weight 	: 401408
fc1.bias 	: 512
fc2.weight 	: 5120
fc2.bias 	: 10
Total number of parametrs : 407050
--------------------------------------------------

======================================================================
LOG FORMAT: Epoch: EPOCH | Train: LOSS1 LOSS2 LOSS3
======================================================================
Epoch:      0 | Train: 2.3284 0.18 0.9007
Epoch:    100 | Train: 1.785 0.1581 0.4509
Epoch:    200 | Train: 1.3123 0.1213 0.3024
Epoch:    300 | Train: 1.1751 0.098 0.2616
Epoch:    400 | Train: 0.9586 0.0893 0.1984
Epoch:    500 | Train: 0.2999 0.0434 0.0199
Epoch:    600 | Train: 0.4496 0.0517 0.0772
Epoch:    700 | Train: 0.4374 0.0437 0.0811
Epoch:    800 | Train: 0.4702 0.044 0.0854
Epoch:    900 | Train: 0.2539 0.0309 0.0385
Epoch:    999 | Train: 0.4509 0.0473 0.074

======================================================================
PERF FORMAT: DATASET | Acuracy: ACC | Loss: LOSS1 LOSS2 LOSS3 | PS: PS
======================================================================
Train | Acuracy:  88.61% | Loss: 0.39478 0.03873 0.07058 | PS: 0.01856 
Val   | Acuracy:  88.93% | Loss: 0.38834 0.03844 0.06862 | PS: 0.02015 
Test  | Acuracy:  89.38% | Loss: 0.37221 0.03691 0.06601 | PS: 0.02297 
----------------------------------------------------------------------
Optimization error  : 0.01856
Population error    : 0.02297
Generalization error: 0.00441
