Namespace(batch_size=64, beta_moco=0.1, gamma_moco=0.1, gamma_modo=1.0, lr=0.1, moo_method='MoDo', num_epochs=1000, rho_moco=0.1, rho_modo=0.0, seed=6)

==================================================
Model parameter count per layer
==================================================
fc1.weight 	: 401408
fc1.bias 	: 512
fc2.weight 	: 5120
fc2.bias 	: 10
Total number of parametrs : 407050
--------------------------------------------------

======================================================================
LOG FORMAT: Epoch: EPOCH | Train: LOSS1 LOSS2 LOSS3
======================================================================
Epoch:      0 | Train: 2.3515 0.1806 0.9289
Epoch:    100 | Train: 1.8079 0.1588 0.4538
Epoch:    200 | Train: 1.109 0.1099 0.212
Epoch:    300 | Train: 1.0871 0.0981 0.2378
Epoch:    400 | Train: 0.9598 0.0754 0.271
Epoch:    500 | Train: 0.5489 0.0585 0.1036
Epoch:    600 | Train: 0.6552 0.0626 0.1169
Epoch:    700 | Train: 0.4984 0.0492 0.0878
Epoch:    800 | Train: 0.2962 0.0334 0.0435
Epoch:    900 | Train: 0.6651 0.0501 0.1223
Epoch:    999 | Train: 0.8116 0.0608 0.1966

======================================================================
PERF FORMAT: DATASET | Acuracy: ACC | Loss: LOSS1 LOSS2 LOSS3 | PS: PS
======================================================================
Train | Acuracy:  87.84% | Loss: 0.41996 0.03971 0.07919 | PS: 0.01739 
Val   | Acuracy:  87.63% | Loss: 0.42095 0.04007 0.07839 | PS: 0.01759 
Test  | Acuracy:  88.60% | Loss: 0.39732 0.03812 0.07297 | PS: 0.01987 
----------------------------------------------------------------------
Optimization error  : 0.01739
Population error    : 0.01987
Generalization error: 0.00248
