Namespace(batch_size=64, beta_moco=0.1, gamma_moco=0.1, gamma_modo=1.0, lr=0.001, moo_method='MoDo', num_epochs=1000, rho_moco=0.1, rho_modo=0.0, seed=1)

==================================================
Model parameter count per layer
==================================================
fc1.weight 	: 401408
fc1.bias 	: 512
fc2.weight 	: 5120
fc2.bias 	: 10
Total number of parametrs : 407050
--------------------------------------------------

======================================================================
LOG FORMAT: Epoch: EPOCH | Train: LOSS1 LOSS2 LOSS3
======================================================================
Epoch:      0 | Train: 2.3314 0.1802 0.9087
Epoch:    100 | Train: 2.3033 0.1797 0.8814
Epoch:    200 | Train: 2.3556 0.1806 0.9337
Epoch:    300 | Train: 2.3134 0.1798 0.8887
Epoch:    400 | Train: 2.3346 0.1803 0.9117
Epoch:    500 | Train: 2.3168 0.1799 0.893
Epoch:    600 | Train: 2.3 0.1796 0.8749
Epoch:    700 | Train: 2.2964 0.1794 0.8716
Epoch:    800 | Train: 2.3236 0.1799 0.9012
Epoch:    900 | Train: 2.2881 0.1793 0.8627
Epoch:    999 | Train: 2.3166 0.1799 0.892

======================================================================
PERF FORMAT: DATASET | Acuracy: ACC | Loss: LOSS1 LOSS2 LOSS3 | PS: PS
======================================================================
Train | Acuracy:  10.10% | Loss: 2.3111 0.17976 0.88697 | PS: 0.03147 
Val   | Acuracy:  9.77% | Loss: 2.31371 0.17982 0.88974 | PS: 0.03134 
Test  | Acuracy:  9.63% | Loss: 2.31251 0.17979 0.88797 | PS: 0.03239 
----------------------------------------------------------------------
Optimization error  : 0.03147
Population error    : 0.03239
Generalization error: 0.00092
