Namespace(batch_size=64, beta_moco=0.1, gamma_moco=0.1, gamma_modo=1.0, lr=0.05, moo_method='MoDo', num_epochs=1000, rho_moco=0.1, rho_modo=0.0, seed=1)

==================================================
Model parameter count per layer
==================================================
fc1.weight 	: 401408
fc1.bias 	: 512
fc2.weight 	: 5120
fc2.bias 	: 10
Total number of parametrs : 407050
--------------------------------------------------

======================================================================
LOG FORMAT: Epoch: EPOCH | Train: LOSS1 LOSS2 LOSS3
======================================================================
Epoch:      0 | Train: 2.3314 0.1802 0.9087
Epoch:    100 | Train: 2.085 0.1742 0.6554
Epoch:    200 | Train: 1.6759 0.1545 0.3914
Epoch:    300 | Train: 1.6716 0.1416 0.4292
Epoch:    400 | Train: 1.3858 0.1261 0.341
Epoch:    500 | Train: 1.1804 0.1102 0.2831
Epoch:    600 | Train: 1.1172 0.1035 0.2466
Epoch:    700 | Train: 0.9636 0.0866 0.2471
Epoch:    800 | Train: 0.7295 0.0709 0.1666
Epoch:    900 | Train: 0.5786 0.0595 0.1045
Epoch:    999 | Train: 0.7668 0.0663 0.184

======================================================================
PERF FORMAT: DATASET | Acuracy: ACC | Loss: LOSS1 LOSS2 LOSS3 | PS: PS
======================================================================
Train | Acuracy:  78.90% | Loss: 0.71056 0.06556 0.14892 | PS: 0.02836 
Val   | Acuracy:  78.68% | Loss: 0.71039 0.06584 0.14739 | PS: 0.02911 
Test  | Acuracy:  79.88% | Loss: 0.68766 0.06384 0.14367 | PS: 0.03018 
----------------------------------------------------------------------
Optimization error  : 0.02836
Population error    : 0.03018
Generalization error: 0.00182
