Namespace(batch_size=64, beta_moco=0.1, gamma_moco=0.1, gamma_modo=1.0, lr=0.001, moo_method='MoDo', num_epochs=1000, rho_moco=0.1, rho_modo=0.0, seed=0)

==================================================
Model parameter count per layer
==================================================
fc1.weight 	: 401408
fc1.bias 	: 512
fc2.weight 	: 5120
fc2.bias 	: 10
Total number of parametrs : 407050
--------------------------------------------------

======================================================================
LOG FORMAT: Epoch: EPOCH | Train: LOSS1 LOSS2 LOSS3
======================================================================
Epoch:      0 | Train: 2.3186 0.1801 0.9017
Epoch:    100 | Train: 2.3028 0.1798 0.8869
Epoch:    200 | Train: 2.3021 0.1798 0.8836
Epoch:    300 | Train: 2.2828 0.1794 0.866
Epoch:    400 | Train: 2.2767 0.1792 0.8608
Epoch:    500 | Train: 2.3198 0.1801 0.903
Epoch:    600 | Train: 2.2969 0.1797 0.8807
Epoch:    700 | Train: 2.3015 0.1798 0.8843
Epoch:    800 | Train: 2.2392 0.1785 0.8218
Epoch:    900 | Train: 2.2736 0.1792 0.8546
Epoch:    999 | Train: 2.2822 0.1793 0.8643

======================================================================
PERF FORMAT: DATASET | Acuracy: ACC | Loss: LOSS1 LOSS2 LOSS3 | PS: PS
======================================================================
Train | Acuracy:  12.33% | Loss: 2.27499 0.17921 0.85777 | PS: 0.0323 
Val   | Acuracy:  12.05% | Loss: 2.27653 0.17924 0.85934 | PS: 0.03292 
Test  | Acuracy:  12.30% | Loss: 2.27529 0.17921 0.85785 | PS: 0.0331 
----------------------------------------------------------------------
Optimization error  : 0.0323
Population error    : 0.0331
Generalization error: 0.0008
