Namespace(batch_size=64, beta_moco=0.1, gamma_moco=0.1, gamma_modo=1.0, lr=0.001, moo_method='MoDo', num_epochs=1000, rho_moco=0.1, rho_modo=0.0, seed=8)

==================================================
Model parameter count per layer
==================================================
fc1.weight 	: 401408
fc1.bias 	: 512
fc2.weight 	: 5120
fc2.bias 	: 10
Total number of parametrs : 407050
--------------------------------------------------

======================================================================
LOG FORMAT: Epoch: EPOCH | Train: LOSS1 LOSS2 LOSS3
======================================================================
Epoch:      0 | Train: 2.3867 0.1813 0.961
Epoch:    100 | Train: 2.3235 0.1801 0.8992
Epoch:    200 | Train: 2.3229 0.18 0.8972
Epoch:    300 | Train: 2.2786 0.1792 0.8521
Epoch:    400 | Train: 2.3435 0.1804 0.918
Epoch:    500 | Train: 2.3518 0.1806 0.9261
Epoch:    600 | Train: 2.3508 0.1805 0.9275
Epoch:    700 | Train: 2.2921 0.1794 0.864
Epoch:    800 | Train: 2.2857 0.1792 0.8611
Epoch:    900 | Train: 2.3232 0.1798 0.8968
Epoch:    999 | Train: 2.2757 0.1792 0.8499

======================================================================
PERF FORMAT: DATASET | Acuracy: ACC | Loss: LOSS1 LOSS2 LOSS3 | PS: PS
======================================================================
Train | Acuracy:  8.42% | Loss: 2.30931 0.17968 0.88287 | PS: 0.03178 
Val   | Acuracy:  8.14% | Loss: 2.31356 0.17977 0.88714 | PS: 0.0317 
Test  | Acuracy:  8.38% | Loss: 2.3098 0.17968 0.88307 | PS: 0.03254 
----------------------------------------------------------------------
Optimization error  : 0.03178
Population error    : 0.03254
Generalization error: 0.00076
