Namespace(batch_size=64, beta_moco=0.1, gamma_moco=0.1, gamma_modo=1.0, lr=1.0, moo_method='MoDo', num_epochs=1000, rho_moco=0.1, rho_modo=0.0, seed=8)

==================================================
Model parameter count per layer
==================================================
fc1.weight 	: 401408
fc1.bias 	: 512
fc2.weight 	: 5120
fc2.bias 	: 10
Total number of parametrs : 407050
--------------------------------------------------

======================================================================
LOG FORMAT: Epoch: EPOCH | Train: LOSS1 LOSS2 LOSS3
======================================================================
Epoch:      0 | Train: 2.3867 0.1813 0.961
Epoch:    100 | Train: 0.302 0.0329 0.0507
Epoch:    200 | Train: 0.6872 0.0352 0.1597
Epoch:    300 | Train: 0.2132 0.0206 0.0345
Epoch:    400 | Train: 0.901 0.0385 0.2423
Epoch:    500 | Train: 0.5585 0.0288 0.1225
Epoch:    600 | Train: 0.3486 0.0217 0.0779
Epoch:    700 | Train: 0.1759 0.016 0.0215
Epoch:    800 | Train: 0.2294 0.0127 0.0435
Epoch:    900 | Train: 0.4212 0.0238 0.0767
Epoch:    999 | Train: 0.6536 0.0258 0.195

======================================================================
PERF FORMAT: DATASET | Acuracy: ACC | Loss: LOSS1 LOSS2 LOSS3 | PS: PS
======================================================================
Train | Acuracy:  91.84% | Loss: 0.36435 0.02046 0.07658 | PS: 0.01251 
Val   | Acuracy:  91.08% | Loss: 0.40508 0.02182 0.08891 | PS: 0.01404 
Test  | Acuracy:  91.94% | Loss: 0.35606 0.0199 0.07619 | PS: 0.01173 
----------------------------------------------------------------------
Optimization error  : 0.01251
Population error    : 0.01173
Generalization error: -0.00078
