Namespace(batch_size=64, beta_moco=0.1, gamma_moco=0.1, gamma_modo=1.0, lr=0.005, moo_method='MoDo', num_epochs=1000, rho_moco=0.1, rho_modo=0.0, seed=1)

==================================================
Model parameter count per layer
==================================================
fc1.weight 	: 401408
fc1.bias 	: 512
fc2.weight 	: 5120
fc2.bias 	: 10
Total number of parametrs : 407050
--------------------------------------------------

======================================================================
LOG FORMAT: Epoch: EPOCH | Train: LOSS1 LOSS2 LOSS3
======================================================================
Epoch:      0 | Train: 2.3314 0.1802 0.9087
Epoch:    100 | Train: 2.2865 0.1793 0.8643
Epoch:    200 | Train: 2.3119 0.1797 0.8894
Epoch:    300 | Train: 2.2581 0.1786 0.8323
Epoch:    400 | Train: 2.2717 0.1789 0.8471
Epoch:    500 | Train: 2.2205 0.1776 0.7934
Epoch:    600 | Train: 2.1908 0.1769 0.7623
Epoch:    700 | Train: 2.173 0.1764 0.7448
Epoch:    800 | Train: 2.161 0.176 0.7325
Epoch:    900 | Train: 2.0525 0.1733 0.6199
Epoch:    999 | Train: 2.1299 0.1749 0.7026

======================================================================
PERF FORMAT: DATASET | Acuracy: ACC | Loss: LOSS1 LOSS2 LOSS3 | PS: PS
======================================================================
Train | Acuracy:  26.94% | Loss: 2.11102 0.17454 0.67887 | PS: 0.04177 
Val   | Acuracy:  27.09% | Loss: 2.11402 0.17462 0.68171 | PS: 0.04197 
Test  | Acuracy:  26.67% | Loss: 2.10962 0.17448 0.67707 | PS: 0.04272 
----------------------------------------------------------------------
Optimization error  : 0.04177
Population error    : 0.04272
Generalization error: 0.00095
