Namespace(batch_size=64, beta_moco=0.1, gamma_moco=0.1, gamma_modo=1.0, lr=0.05, moo_method='MoDo', num_epochs=1000, rho_moco=0.1, rho_modo=0.0, seed=2)

==================================================
Model parameter count per layer
==================================================
fc1.weight 	: 401408
fc1.bias 	: 512
fc2.weight 	: 5120
fc2.bias 	: 10
Total number of parametrs : 407050
--------------------------------------------------

======================================================================
LOG FORMAT: Epoch: EPOCH | Train: LOSS1 LOSS2 LOSS3
======================================================================
Epoch:      0 | Train: 2.2467 0.1783 0.8182
Epoch:    100 | Train: 2.0934 0.1737 0.6639
Epoch:    200 | Train: 1.7505 0.1588 0.3791
Epoch:    300 | Train: 1.4568 0.1349 0.3339
Epoch:    400 | Train: 1.4372 0.1213 0.4093
Epoch:    500 | Train: 1.0953 0.1043 0.2425
Epoch:    600 | Train: 0.8302 0.081 0.1763
Epoch:    700 | Train: 0.7838 0.0787 0.1578
Epoch:    800 | Train: 0.7322 0.0714 0.1503
Epoch:    900 | Train: 0.5443 0.0563 0.1099
Epoch:    999 | Train: 0.5913 0.0589 0.1164

======================================================================
PERF FORMAT: DATASET | Acuracy: ACC | Loss: LOSS1 LOSS2 LOSS3 | PS: PS
======================================================================
Train | Acuracy:  80.40% | Loss: 0.62422 0.06238 0.11188 | PS: 0.02828 
Val   | Acuracy:  80.20% | Loss: 0.633 0.06277 0.11402 | PS: 0.02927 
Test  | Acuracy:  81.43% | Loss: 0.59954 0.06053 0.10641 | PS: 0.03118 
----------------------------------------------------------------------
Optimization error  : 0.02828
Population error    : 0.03118
Generalization error: 0.0029
