Namespace(batch_size=64, beta_moco=0.1, gamma_moco=0.1, gamma_modo=0.1, lr=0.1, moo_method='EW', num_epochs=1000, rho_moco=0.0, rho_modo=0.0, seed=5)

==================================================
Model parameter count per layer
==================================================
fc1.weight 	: 401408
fc1.bias 	: 512
fc2.weight 	: 5120
fc2.bias 	: 10
Total number of parametrs : 407050
--------------------------------------------------

==================================================
LOG FORMAT: Epoch: EPOCH | Descent Error: DESC ERROR
==================================================
Epoch:      0 | Descent Error: 0.5340864062
Epoch:     50 | Descent Error: 0.2182065099
Epoch:    100 | Descent Error: 0.1150032356
Epoch:    150 | Descent Error: 0.1534175128
Epoch:    200 | Descent Error: 0.0698218495
Epoch:    250 | Descent Error: 0.0979485363
Epoch:    300 | Descent Error: 0.0853382573
Epoch:    350 | Descent Error: 0.071347326
Epoch:    400 | Descent Error: 0.0898351222
Epoch:    450 | Descent Error: 0.0830634609
Epoch:    500 | Descent Error: 0.093582727
Epoch:    550 | Descent Error: 0.0932962224
Epoch:    600 | Descent Error: 0.0776627436
Epoch:    650 | Descent Error: 0.0958343819
Epoch:    700 | Descent Error: 0.0954583809
Epoch:    750 | Descent Error: 0.0391377993
Epoch:    800 | Descent Error: 0.1312234551
Epoch:    850 | Descent Error: 0.1269984543
Epoch:    900 | Descent Error: 0.0860033631
Epoch:    950 | Descent Error: 0.0720500052
Epoch:  1,000 | Descent Error: 0.08462

====================================================================================================
PERF FORMAT: DATASET | Acuracy: ACC | Loss: LOSS1 LOSS2 LOSS3 | PS: PS
====================================================================================================
Train | Acuracy:  91.08% | Loss: 0.31432 0.01369 0.00228 | PS: 0.00207 
Val   | Acuracy:  90.17% | Loss: 0.3424 0.01492 0.00241 | PS: 0.00194 
Test  | Acuracy:  91.17% | Loss: 0.30732 0.0133 0.00221 | PS: 0.00207 
----------------------------------------------------------------------------------------------------
Optimization error  : 0.00207
Population error    : 0.00207
Generalization error: -0.0
