Namespace(batch_size=64, beta_moco=0.1, gamma_moco=0.1, gamma_modo=0.1, lr=0.1, moo_method='EW', num_epochs=1000, rho_moco=0.0, rho_modo=0.0, seed=8)

==================================================
Model parameter count per layer
==================================================
fc1.weight 	: 401408
fc1.bias 	: 512
fc2.weight 	: 5120
fc2.bias 	: 10
Total number of parametrs : 407050
--------------------------------------------------

==================================================
LOG FORMAT: Epoch: EPOCH | Descent Error: DESC ERROR
==================================================
Epoch:      0 | Descent Error: 0.5330529809
Epoch:     50 | Descent Error: 0.2029594481
Epoch:    100 | Descent Error: 0.1230554208
Epoch:    150 | Descent Error: 0.1067690328
Epoch:    200 | Descent Error: 0.126909107
Epoch:    250 | Descent Error: 0.1440873295
Epoch:    300 | Descent Error: 0.0894188285
Epoch:    350 | Descent Error: 0.1043544263
Epoch:    400 | Descent Error: 0.0939108804
Epoch:    450 | Descent Error: 0.0774295181
Epoch:    500 | Descent Error: 0.1659279168
Epoch:    550 | Descent Error: 0.0401422419
Epoch:    600 | Descent Error: 0.1328371316
Epoch:    650 | Descent Error: 0.0923154131
Epoch:    700 | Descent Error: 0.0352985226
Epoch:    750 | Descent Error: 0.0608906895
Epoch:    800 | Descent Error: 0.0892089605
Epoch:    850 | Descent Error: 0.0640616938
Epoch:    900 | Descent Error: 0.0756614655
Epoch:    950 | Descent Error: 0.0902050808
Epoch:  1,000 | Descent Error: 0.11293

====================================================================================================
PERF FORMAT: DATASET | Acuracy: ACC | Loss: LOSS1 LOSS2 LOSS3 | PS: PS
====================================================================================================
Train | Acuracy:  90.94% | Loss: 0.3185 0.01391 0.00232 | PS: 0.00259 
Val   | Acuracy:  90.38% | Loss: 0.34676 0.01474 0.0024 | PS: 0.00251 
Test  | Acuracy:  90.89% | Loss: 0.31446 0.01371 0.00228 | PS: 0.00309 
----------------------------------------------------------------------------------------------------
Optimization error  : 0.00259
Population error    : 0.00309
Generalization error: 0.0005
