Namespace(batch_size=64, beta_moco=0.1, gamma_moco=0.1, gamma_modo=0.1, lr=0.1, moo_method='EW', num_epochs=1000, rho_moco=0.0, rho_modo=0.0, seed=6)

==================================================
Model parameter count per layer
==================================================
fc1.weight 	: 401408
fc1.bias 	: 512
fc2.weight 	: 5120
fc2.bias 	: 10
Total number of parametrs : 407050
--------------------------------------------------

==================================================
LOG FORMAT: Epoch: EPOCH | Descent Error: DESC ERROR
==================================================
Epoch:      0 | Descent Error: 0.5322478414
Epoch:     50 | Descent Error: 0.1905278414
Epoch:    100 | Descent Error: 0.1259202063
Epoch:    150 | Descent Error: 0.149813056
Epoch:    200 | Descent Error: 0.0860605836
Epoch:    250 | Descent Error: 0.1314993203
Epoch:    300 | Descent Error: 0.0738579333
Epoch:    350 | Descent Error: 0.0895134509
Epoch:    400 | Descent Error: 0.0860825554
Epoch:    450 | Descent Error: 0.0891250372
Epoch:    500 | Descent Error: 0.1131601781
Epoch:    550 | Descent Error: 0.082830742
Epoch:    600 | Descent Error: 0.0802262053
Epoch:    650 | Descent Error: 0.0682984963
Epoch:    700 | Descent Error: 0.0981834084
Epoch:    750 | Descent Error: 0.1037317067
Epoch:    800 | Descent Error: 0.139658004
Epoch:    850 | Descent Error: 0.1336578131
Epoch:    900 | Descent Error: 0.0815239847
Epoch:    950 | Descent Error: 0.0702245235
Epoch:  1,000 | Descent Error: 0.10721

====================================================================================================
PERF FORMAT: DATASET | Acuracy: ACC | Loss: LOSS1 LOSS2 LOSS3 | PS: PS
====================================================================================================
Train | Acuracy:  90.99% | Loss: 0.31892 0.01378 0.00229 | PS: 0.00247 
Val   | Acuracy:  90.34% | Loss: 0.32645 0.01433 0.00237 | PS: 0.00256 
Test  | Acuracy:  90.92% | Loss: 0.31279 0.01351 0.00224 | PS: 0.00281 
----------------------------------------------------------------------------------------------------
Optimization error  : 0.00247
Population error    : 0.00281
Generalization error: 0.00033
