Namespace(batch_size=64, beta_moco=0.1, gamma_moco=0.1, gamma_modo=0.1, lr=0.1, moo_method='EW', num_epochs=1000, rho_moco=0.0, rho_modo=0.0, seed=1)

==================================================
Model parameter count per layer
==================================================
fc1.weight 	: 401408
fc1.bias 	: 512
fc2.weight 	: 5120
fc2.bias 	: 10
Total number of parametrs : 407050
--------------------------------------------------

==================================================
LOG FORMAT: Epoch: EPOCH | Descent Error: DESC ERROR
==================================================
Epoch:      0 | Descent Error: 0.5439894199
Epoch:     50 | Descent Error: 0.1866926551
Epoch:    100 | Descent Error: 0.1499639004
Epoch:    150 | Descent Error: 0.0920023769
Epoch:    200 | Descent Error: 0.1089452356
Epoch:    250 | Descent Error: 0.0706734061
Epoch:    300 | Descent Error: 0.0853895694
Epoch:    350 | Descent Error: 0.1048341766
Epoch:    400 | Descent Error: 0.0752379
Epoch:    450 | Descent Error: 0.0737274587
Epoch:    500 | Descent Error: 0.0983482078
Epoch:    550 | Descent Error: 0.1321915537
Epoch:    600 | Descent Error: 0.089397639
Epoch:    650 | Descent Error: 0.0862405375
Epoch:    700 | Descent Error: 0.0844593942
Epoch:    750 | Descent Error: 0.0643279701
Epoch:    800 | Descent Error: 0.0581164621
Epoch:    850 | Descent Error: 0.0802772567
Epoch:    900 | Descent Error: 0.0403643772
Epoch:    950 | Descent Error: 0.0800368935
Epoch:  1,000 | Descent Error: 0.05036

====================================================================================================
PERF FORMAT: DATASET | Acuracy: ACC | Loss: LOSS1 LOSS2 LOSS3 | PS: PS
====================================================================================================
Train | Acuracy:  91.33% | Loss: 0.31484 0.01352 0.00227 | PS: 0.00135 
Val   | Acuracy:  91.02% | Loss: 0.32324 0.014 0.00233 | PS: 0.00143 
Test  | Acuracy:  91.51% | Loss: 0.3059 0.01306 0.00219 | PS: 0.00171 
----------------------------------------------------------------------------------------------------
Optimization error  : 0.00135
Population error    : 0.00171
Generalization error: 0.00036
