Namespace(batch_size=64, beta_moco=0.1, gamma_moco=0.1, gamma_modo=0.1, lr=0.1, moo_method='EW', num_epochs=1000, rho_moco=0.0, rho_modo=0.0, seed=7)

==================================================
Model parameter count per layer
==================================================
fc1.weight 	: 401408
fc1.bias 	: 512
fc2.weight 	: 5120
fc2.bias 	: 10
Total number of parametrs : 407050
--------------------------------------------------

==================================================
LOG FORMAT: Epoch: EPOCH | Descent Error: DESC ERROR
==================================================
Epoch:      0 | Descent Error: 0.5646598935
Epoch:     50 | Descent Error: 0.2234817296
Epoch:    100 | Descent Error: 0.1138424128
Epoch:    150 | Descent Error: 0.1104304865
Epoch:    200 | Descent Error: 0.1113281325
Epoch:    250 | Descent Error: 0.0919800326
Epoch:    300 | Descent Error: 0.0621799491
Epoch:    350 | Descent Error: 0.0578004569
Epoch:    400 | Descent Error: 0.0950636491
Epoch:    450 | Descent Error: 0.1213704646
Epoch:    500 | Descent Error: 0.1279982328
Epoch:    550 | Descent Error: 0.1163248718
Epoch:    600 | Descent Error: 0.0757126957
Epoch:    650 | Descent Error: 0.1146126688
Epoch:    700 | Descent Error: 0.107971251
Epoch:    750 | Descent Error: 0.0925711319
Epoch:    800 | Descent Error: 0.1147627085
Epoch:    850 | Descent Error: 0.0679766089
Epoch:    900 | Descent Error: 0.0995106623
Epoch:    950 | Descent Error: 0.0868562981
Epoch:  1,000 | Descent Error: 0.08624

====================================================================================================
PERF FORMAT: DATASET | Acuracy: ACC | Loss: LOSS1 LOSS2 LOSS3 | PS: PS
====================================================================================================
Train | Acuracy:  90.92% | Loss: 0.31909 0.01391 0.00231 | PS: 0.00203 
Val   | Acuracy:  90.84% | Loss: 0.32686 0.01408 0.00232 | PS: 0.00183 
Test  | Acuracy:  91.11% | Loss: 0.30964 0.0134 0.00223 | PS: 0.00227 
----------------------------------------------------------------------------------------------------
Optimization error  : 0.00203
Population error    : 0.00227
Generalization error: 0.00024
