Namespace(batch_size=64, beta_moco=0.1, gamma_moco=0.1, gamma_modo=0.1, lr=5.0, moo_method='MGDA', num_epochs=1000, rho_moco=0.0, rho_modo=0.0, seed=1)

==================================================
Model parameter count per layer
==================================================
fc1.weight 	: 401408
fc1.bias 	: 512
fc2.weight 	: 5120
fc2.bias 	: 10
Total number of parametrs : 407050
--------------------------------------------------

==================================================
LOG FORMAT: Epoch: EPOCH | Descent Error: DESC ERROR
==================================================
Epoch:      0 | Descent Error: 1.39e-08
Epoch:     50 | Descent Error: 7.14e-08
Epoch:    100 | Descent Error: 3.699e-07
Epoch:    150 | Descent Error: 1.704e-07
Epoch:    200 | Descent Error: 1.261e-07
Epoch:    250 | Descent Error: 2.39e-08
Epoch:    300 | Descent Error: 1.619e-07
Epoch:    350 | Descent Error: 5.13e-08
Epoch:    400 | Descent Error: 3.38e-08
Epoch:    450 | Descent Error: 1.353e-07
Epoch:    500 | Descent Error: 2.62e-07
Epoch:    550 | Descent Error: 1.086e-07
Epoch:    600 | Descent Error: 7.17e-08
Epoch:    650 | Descent Error: 4.26e-08
Epoch:    700 | Descent Error: 9.66e-08
Epoch:    750 | Descent Error: 9.34e-08
Epoch:    800 | Descent Error: 5.25e-08
Epoch:    850 | Descent Error: 1.192e-07
Epoch:    900 | Descent Error: 1.962e-07
Epoch:    950 | Descent Error: 1.39e-08
Epoch:  1,000 | Descent Error: 0.0

====================================================================================================
PERF FORMAT: DATASET | Acuracy: ACC | Loss: LOSS1 LOSS2 LOSS3 | PS: PS
====================================================================================================
Train | Acuracy:  90.74% | Loss: 0.3886 0.01416 0.00199 | PS: 0.0012 
Val   | Acuracy:  90.45% | Loss: 0.38939 0.01469 0.00205 | PS: 0.00125 
Test  | Acuracy:  91.21% | Loss: 0.36623 0.0135 0.0019 | PS: 0.00155 
----------------------------------------------------------------------------------------------------
Optimization error  : 0.0012
Population error    : 0.00155
Generalization error: 0.00035
